        INFO: main.c(229): Compiled on May 22 2022 at 21:52:28
Current configuration:
[NAME]		[DEFLT]		[VALUE]
-2passvar	no		yes
-abeam		1e-100		1.000000e-90
-accumdir			/home/rakha/Kuliah/Semester8/nlp/speech-sphinx/train-new-model/an4-master/bwaccumdir/an4_buff_3
-agc		none		none
-agcthresh	2.0		2.000000e+00
-bbeam		1e-100		1.000000e-10
-cb2mllrfn	.1cls.		.1cls.
-cepdir				/home/rakha/Kuliah/Semester8/nlp/speech-sphinx/train-new-model/an4-master/feat
-cepext		mfc		sph
-ceplen		13		13
-ckptintv			0
-cmn		live		batch
-cmninit	40,3,-1		40,3,-1
-ctlfn				/home/rakha/Kuliah/Semester8/nlp/speech-sphinx/train-new-model/an4-master/etc/an4_train.fileids
-diagfull	no		no
-dictfn				/home/rakha/Kuliah/Semester8/nlp/speech-sphinx/train-new-model/an4-master/etc/an4.dic
-example	no		no
-fdictfn			/home/rakha/Kuliah/Semester8/nlp/speech-sphinx/train-new-model/an4-master/etc/an4.filler
-feat		1s_c_d_dd	s2_4x
-fullvar	no		no
-help		no		no
-hmmdir				
-latdir				
-latext				
-lda				
-ldadim		0		0
-lsnfn				/home/rakha/Kuliah/Semester8/nlp/speech-sphinx/train-new-model/an4-master/etc/an4_train.transcription
-lw		11.5		1.150000e+01
-maxuttlen	0		0
-meanfn				/home/rakha/Kuliah/Semester8/nlp/speech-sphinx/train-new-model/an4-master/model_parameters/an4.cd_ptm_200/means
-meanreest	yes		yes
-mixwfn				/home/rakha/Kuliah/Semester8/nlp/speech-sphinx/train-new-model/an4-master/model_parameters/an4.cd_ptm_200/mixture_weights
-mixwreest	yes		yes
-mllrmat			
-mmie		no		no
-mmie_type	rand		rand
-moddeffn			/home/rakha/Kuliah/Semester8/nlp/speech-sphinx/train-new-model/an4-master/model_architecture/an4.200.mdef
-mwfloor	0.00001		1.000000e-05
-npart				4
-nskip				0
-outphsegdir			
-outputfullpath	no		no
-part				3
-pdumpdir			
-phsegdir			
-phsegext	phseg		phseg
-runlen		-1		-1
-sentdir			
-sentext	sent		sent
-spthresh	0.0		0.000000e+00
-svspec				
-timing		yes		no
-tmatfn				/home/rakha/Kuliah/Semester8/nlp/speech-sphinx/train-new-model/an4-master/model_parameters/an4.cd_ptm_200/transition_matrices
-tmatreest	yes		yes
-topn		4		64
-tpfloor	0.0001		1.000000e-05
-ts2cbfn			.ptm.
-varfloor	0.00001		1.000000e-04
-varfn				/home/rakha/Kuliah/Semester8/nlp/speech-sphinx/train-new-model/an4-master/model_parameters/an4.cd_ptm_200/variances
-varnorm	no		no
-varreest	yes		yes
-viterbi	no		no

INFO: feat.c(715): Initializing feature stream to type: 's2_4x', ceplen=13, CMN='batch', VARNORM='no', AGC='none'
INFO: main.c(318): Reading /home/rakha/Kuliah/Semester8/nlp/speech-sphinx/train-new-model/an4-master/model_architecture/an4.200.mdef
INFO: model_def_io.c(573): Model definition info:
INFO: model_def_io.c(574): 6406 total models defined (34 base, 6372 tri)
INFO: model_def_io.c(575): 25624 total states
INFO: model_def_io.c(576): 302 total tied states
INFO: model_def_io.c(577): 102 total tied CI states
INFO: model_def_io.c(578): 34 total tied transition matrices
INFO: model_def_io.c(579): 4 max state/model
INFO: model_def_io.c(580): 4 min state/model
INFO: s3mixw_io.c(117): Read /home/rakha/Kuliah/Semester8/nlp/speech-sphinx/train-new-model/an4-master/model_parameters/an4.cd_ptm_200/mixture_weights [302x4x64 array]
INFO: s3tmat_io.c(118): Read /home/rakha/Kuliah/Semester8/nlp/speech-sphinx/train-new-model/an4-master/model_parameters/an4.cd_ptm_200/transition_matrices [34x3x4 array]
INFO: mod_inv.c(301): inserting tprob floor 1.000000e-05 and renormalizing
INFO: s3gau_io.c(169): Read /home/rakha/Kuliah/Semester8/nlp/speech-sphinx/train-new-model/an4-master/model_parameters/an4.cd_ptm_200/means [34x4x64 array]
INFO: s3gau_io.c(169): Read /home/rakha/Kuliah/Semester8/nlp/speech-sphinx/train-new-model/an4-master/model_parameters/an4.cd_ptm_200/variances [34x4x64 array]
INFO: gauden.c(176): 34 total mgau
INFO: gauden.c(150): 4 feature streams (|0|=12 |1|=24 |2|=3 |3|=12 )
INFO: gauden.c(187): 64 total densities
INFO: gauden.c(90): min_var=1.000000e-04
INFO: gauden.c(165): compute 64 densities/frame
INFO: main.c(431): Will reestimate mixing weights.
INFO: main.c(433): Will reestimate means.
INFO: main.c(435): Will reestimate variances.
INFO: main.c(443): Will reestimate transition matrices
INFO: main.c(456): Reading main dictionary: /home/rakha/Kuliah/Semester8/nlp/speech-sphinx/train-new-model/an4-master/etc/an4.dic
INFO: lexicon.c(221): 130 entries added from /home/rakha/Kuliah/Semester8/nlp/speech-sphinx/train-new-model/an4-master/etc/an4.dic
INFO: main.c(466): Reading filler dictionary: /home/rakha/Kuliah/Semester8/nlp/speech-sphinx/train-new-model/an4-master/etc/an4.filler
INFO: lexicon.c(221): 3 entries added from /home/rakha/Kuliah/Semester8/nlp/speech-sphinx/train-new-model/an4-master/etc/an4.filler
INFO: corpus.c(403): skipping 472 utts.
INFO: corpus.c(407): Last utt skipped: cen5-mema-b
INFO: corpus.c(1065): Will process 236 utts starting at 472
INFO: main.c(665): Reestimation: Baum-Welch
INFO: cmn.c(133): CMN: 47.73 10.04 -1.86  7.02  0.90 -0.11 -0.22 -2.90 -4.72  2.53 -4.56 -1.79 -4.35 
column defns
	<seq>
	<id>
	<n_frame_in>
	<n_frame_del>
	<n_state_shmm>
	<avg_states_alpha>
	<avg_states_beta>
	<avg_states_reest>
	<avg_posterior_prune>
	<frame_log_lik>
	<utt_log_lik>
	... timing info ... 
utt>   472               cen6-mema-b  162    0    68 13  2 4 4.700682e-12 -1.938243e+02 -3.139954e+04
INFO: cmn.c(133): CMN: 47.87  1.92 -4.61 19.47  8.96 -5.04 -0.55 -2.87  0.13 -5.04 -8.80 -0.06 -4.85 
utt>   473               cen7-mema-b  216    0    76 13  2 4 1.755430e-12 -1.954488e+02 -4.221695e+04
INFO: cmn.c(133): CMN: 44.18  2.42 -1.66 11.85  4.31 -1.77 -1.11 -0.69 -2.41  1.94 -4.39  0.46 -1.21 
utt>   474               cen8-mema-b  349    0   108 16  1 3 2.656047e-12 -1.899521e+02 -6.629329e+04
INFO: cmn.c(133): CMN: 43.39 15.29 -4.20 13.91 -14.24  4.52  2.73 -5.89 -8.56 -4.43 -3.45 -7.87 -1.81 
utt>   475              an256-mewl-b   63    0    16 9  2 4 2.514730e-12 -1.882126e+02 -1.185739e+04
INFO: cmn.c(133): CMN: 47.65  6.28 -1.33 15.39 -10.85  4.20 -5.83 -2.46 -5.57 -4.26 -2.68 -4.66 -2.64 
utt>   476              an257-mewl-b  595    0   192 17  1 3 2.954939e-12 -1.963836e+02 -1.168482e+05
INFO: cmn.c(133): CMN: 44.10  6.86 -2.38 12.79 -2.35  5.47 -8.04 -4.87 -3.70 -8.36 -2.29 -4.42 -3.16 
utt>   477              an258-mewl-b  196    0    44 15  2 3 2.520683e-12 -1.911878e+02 -3.747281e+04
INFO: cmn.c(133): CMN: 37.76 -2.44  0.60 12.33  1.23  5.43 -5.65 -4.31 -1.45 -7.39 -4.00  0.89 -2.81 
utt>   478              an259-mewl-b  139    0    28 17  1 3 1.695943e-12 -1.904871e+02 -2.647771e+04
INFO: cmn.c(133): CMN: 43.79  5.22 -5.38 24.84 -6.45  0.61 -7.50 -5.59 -2.84 -7.74  0.03 -2.17 -7.20 
utt>   479              an260-mewl-b  338    0    72 17  1 2 1.294667e-12 -1.905678e+02 -6.441192e+04
INFO: cmn.c(133): CMN: 40.97  3.22  1.29 24.34 -7.52  2.62  1.80 -4.11 -3.74 -7.99 -2.41 -4.24 -3.80 
utt>   480               cen1-mewl-b  426    0    64 17  1 2 1.531776e-12 -1.920000e+02 -8.179198e+04
INFO: cmn.c(133): CMN: 49.59  2.84 -3.93 23.44 -10.83  4.83 -10.51 -1.79 -2.14 -8.24  1.48 -2.30 -4.51 
utt>   481               cen2-mewl-b  137    0    32 11  1 3 2.104159e-12 -1.932549e+02 -2.647592e+04
INFO: cmn.c(133): CMN: 40.48  0.23  0.51 12.44 -5.58  4.18 -4.33 -8.44 -5.76 -7.32  1.11 -5.32 -4.79 
utt>   482               cen3-mewl-b  319    0    64 16  1 3 2.661928e-12 -1.905940e+02 -6.079947e+04
INFO: cmn.c(133): CMN: 46.38  9.46 -2.41 19.92 -7.04  0.48 -5.26 -6.20  0.49 -5.91  1.58 -1.14 -7.55 
utt>   483               cen4-mewl-b  473    0   116 14  1 3 3.138811e-12 -1.908429e+02 -9.026869e+04
INFO: cmn.c(133): CMN: 45.21  0.81  0.05 28.69 -7.25 -1.24 -2.68 -2.24 -2.97 -6.67 -2.08 -2.78 -6.52 
utt>   484               cen5-mewl-b  349    0    84 12  1 3 1.908491e-12 -1.900207e+02 -6.631722e+04
INFO: cmn.c(133): CMN: 44.95 11.53  0.10 14.58 -4.08  2.91 -1.19 -7.37  0.36 -9.05  0.51 -3.05 -9.49 
utt>   485               cen6-mewl-b  199    0    72 13  2 4 2.355450e-12 -1.956658e+02 -3.893750e+04
INFO: cmn.c(133): CMN: 47.93 -0.57 -1.93 16.49 -5.01  6.35 -15.76 -4.67  4.04 -8.08  3.35 -6.84 -5.42 
utt>   486               cen7-mewl-b  259    0    88 13  2 3 4.147574e-12 -1.959108e+02 -5.074089e+04
INFO: cmn.c(133): CMN: 45.63  7.04 -1.13  9.20 -7.55  2.00 -4.66 -0.78 -2.22 -4.00 -1.30 -4.19 -4.19 
utt>   487               cen8-mewl-b  263    0    84 17  2 3 2.199001e-12 -1.929587e+02 -5.074814e+04
INFO: cmn.c(133): CMN: 42.47 -1.46  1.70 25.69  3.09 -7.28 -2.74 -2.58  2.23 -12.39  1.02 -0.69 -6.09 
utt>   488              an161-mfaa-b  259    0    84 14  2 3 2.591432e-12 -1.959710e+02 -5.075650e+04
INFO: cmn.c(133): CMN: 45.35  4.46 -2.51 19.37  3.09 -9.08 -3.04 -11.15  6.85 -12.00  0.23  2.42 -2.09 
utt>   489              an162-mfaa-b  309    0    84 13  2 3 3.215000e-12 -1.953585e+02 -6.036578e+04
INFO: cmn.c(133): CMN: 42.97  6.23 -3.60 15.69  5.40 -8.76 -5.18 -5.31  3.59 -3.03  0.03  2.46 -1.02 
utt>   490              an163-mfaa-b  239    0    76 16  2 3 2.389948e-12 -1.956072e+02 -4.675011e+04
INFO: cmn.c(133): CMN: 43.49 -0.58  5.90 21.86  6.19 -6.77 -2.75 -1.82 -0.15 -4.79  4.97 -0.71 -6.69 
utt>   491              an164-mfaa-b  218    0    60 17  2 3 2.235247e-12 -1.949627e+02 -4.250186e+04
INFO: cmn.c(133): CMN: 43.20  4.71 -3.17 15.21  2.22 -11.51 -4.13 -9.58  3.96 -8.63  1.31  1.39 -4.59 
utt>   492              an165-mfaa-b  273    0    56 14  1 3 1.548057e-12 -1.909987e+02 -5.214264e+04
INFO: cmn.c(133): CMN: 44.27  8.42  1.59 16.86 -3.17 -9.79 -4.79 -4.77 -3.68 -10.23  4.73 -1.37 -0.95 
utt>   493               cen1-mfaa-b  199    0    44 14  2 3 3.363235e-12 -1.928693e+02 -3.838100e+04
INFO: cmn.c(133): CMN: 46.69 13.05 -4.17 -1.77 -10.86 -6.72 -2.53 -8.35  3.24  0.28  9.51  0.05 -1.74 
utt>   494               cen2-mfaa-b  107    0    28 11  2 3 4.377070e-12 -1.928279e+02 -2.063259e+04
INFO: cmn.c(133): CMN: 46.46  6.52 -2.55  7.31 -5.18 -1.73 -2.46 -8.35  0.88 -1.19  1.97 -2.60 -2.74 
utt>   495               cen3-mfaa-b  141    0    64 12  2 4 3.124031e-12 -1.944824e+02 -2.742202e+04
INFO: cmn.c(133): CMN: 50.52 11.15 -6.44  6.52 -2.64 -11.29 -1.55 -12.94  0.86 -3.34  4.55  1.83 -3.91 
utt>   496               cen4-mfaa-b  243    0    76 13  2 3 3.600256e-12 -1.954057e+02 -4.748359e+04
INFO: cmn.c(133): CMN: 43.80  1.42  2.10 20.37 -0.12 -6.06 -2.88 -3.12 -1.91 -8.96  0.85 -0.22 -5.20 
utt>   497               cen5-mfaa-b  329    0    84 12  2 3 3.048768e-12 -1.912081e+02 -6.290747e+04
INFO: cmn.c(133): CMN: 44.99  5.45  0.81  5.11 -6.79 -3.43  1.64 -6.86 -6.33 -0.09  5.83  0.41 -1.82 
utt>   498               cen6-mfaa-b  174    0    80 12  2 4 2.646901e-12 -1.970845e+02 -3.429271e+04
INFO: cmn.c(133): CMN: 46.25  5.47 -0.49 11.44 -1.86 -3.37 -5.65 -8.98  2.87 -5.93  1.30 -1.20 -4.65 
utt>   499               cen7-mfaa-b  225    0    80 12  2 4 3.781770e-12 -1.955256e+02 -4.399327e+04
INFO: cmn.c(133): CMN: 41.69  5.63  1.11 15.07  2.03 -7.10 -2.76 -6.52  1.10 -3.48 -0.66 -0.90 -1.57 
utt>   500               cen8-mfaa-b  199    0    80 14  2 4 4.700792e-12 -1.964102e+02 -3.908563e+04
INFO: cmn.c(133): CMN: 47.04  4.23 -3.37 19.65 -10.02  7.10 -2.60 -13.03 12.68 -2.55 -2.63 -3.32  0.73 
utt>   501              an196-mgah-b  196    0    60 12  2 4 3.532033e-12 -1.907940e+02 -3.739562e+04
INFO: cmn.c(133): CMN: 46.35 11.88 -6.41 15.46 -12.91  2.84 -0.76 -13.93 11.98 -3.15 -3.27 -2.50  1.20 
utt>   502              an197-mgah-b  188    0    68 11  2 4 3.136408e-12 -1.941938e+02 -3.650844e+04
INFO: cmn.c(133): CMN: 44.79  3.76 -2.28 16.46 -10.21  4.61 -2.84 -8.96 10.25 -1.67 -1.48 -2.19  0.91 
utt>   503              an198-mgah-b  239    0    72 12  2 4 2.613482e-12 -1.899202e+02 -4.539092e+04
INFO: cmn.c(133): CMN: 42.16 14.66 -6.34 17.84 -12.52  6.94  0.92 -8.98  8.15 -5.47  5.43 -3.01  2.70 
utt>   504              an199-mgah-b   87    0    16 9  2 4 3.008154e-12 -1.825466e+02 -1.588155e+04
INFO: cmn.c(133): CMN: 42.47 -1.27 -5.45  8.86 -6.39  8.39 -6.72 -11.74  6.75 -4.24 -0.30  2.71  3.75 
utt>   505              an200-mgah-b   99    0    28 14  2 4 4.009724e-12 -2.006663e+02 -1.986597e+04
INFO: cmn.c(133): CMN: 42.69  2.97 -7.06 21.09 -13.89 -2.27  0.77 -4.10  7.05 -3.73  3.01 -1.60 -2.25 
utt>   506               cen1-mgah-b  234    0    28 12  1 2 2.535583e-12 -1.897954e+02 -4.441212e+04
INFO: cmn.c(133): CMN: 46.52  3.75 -5.85 41.95 -14.67  2.09  2.92 -11.75 14.67 -10.04  6.85 -7.67  5.88 
utt>   507               cen2-mgah-b  242    0    44 15  1 3 1.603884e-12 -1.835978e+02 -4.443066e+04
INFO: cmn.c(133): CMN: 44.98  8.57 -4.70 24.41 -7.43  7.65 -0.08 -17.15 14.36 -5.06  0.50 -6.39 -0.34 
utt>   508               cen3-mgah-b  199    0    48 13  1 3 2.616667e-12 -1.865151e+02 -3.711650e+04
INFO: cmn.c(133): CMN: 43.37  6.64 -8.30 20.50 -13.56  1.92 -4.17 -7.13 12.04 -5.82  3.51 -1.77 -0.73 
utt>   509               cen4-mgah-b  317    0    52 14  1 3 1.418162e-12 -1.825553e+02 -5.787003e+04
INFO: cmn.c(133): CMN: 46.71  3.60 -7.02 30.60 -12.09 -1.46 -0.64 -5.11  8.73 -6.94  1.82 -1.59 -2.40 
utt>   510               cen5-mgah-b  479    0    84 12  1 3 1.794379e-12 -1.826935e+02 -8.751016e+04
INFO: cmn.c(133): CMN: 49.92 12.65 -10.97 20.84 -15.25  1.44  4.63 -12.44 11.45 -4.61  3.07 -4.00 -2.53 
utt>   511               cen6-mgah-b  215    0    72 11  2 4 3.936152e-12 -1.865707e+02 -4.011271e+04
INFO: cmn.c(133): CMN: 46.70  7.26 -5.97 18.72 -11.07  3.97 -2.47 -10.78  8.26 -4.77 -1.26 -1.57 -0.03 
utt>   512               cen7-mgah-b  364    0   100 13  2 3 3.185950e-12 -1.865355e+02 -6.789894e+04
INFO: cmn.c(133): CMN: 45.53  2.90 -2.18 17.80 -11.29  5.40 -1.19 -8.78 11.87 -6.20  2.68 -3.77 -2.21 
utt>   513               cen8-mgah-b  349    0   132 16  2 4 3.081885e-12 -1.938848e+02 -6.766581e+04
INFO: cmn.c(133): CMN: 42.13  7.83 -2.75  1.55 -8.40  1.61 -6.17 -0.26 -3.53 -1.33  0.74  2.42 -3.62 
utt>   514              an246-mjbh-b   70    0    24 11  2 4 4.937450e-12 -1.908646e+02 -1.336052e+04
INFO: cmn.c(133): CMN: 39.33  7.83 -2.80  5.60 -4.74  5.84 -5.37 -1.68 -4.36 -3.90  0.95  6.30 -1.53 
utt>   515              an247-mjbh-b   79    0    16 9  1 3 4.381318e-13 -1.810774e+02 -1.430511e+04
INFO: cmn.c(133): CMN: 52.70  7.51  1.46 12.93 -12.11 -2.13 -12.00  0.44  0.53 -4.27  0.42  3.88 -6.54 
utt>   516              an248-mjbh-b  184    0    64 13  2 4 2.447784e-12 -1.951334e+02 -3.590454e+04
INFO: cmn.c(133): CMN: 42.95 -2.54  0.32  0.69 -7.68  3.98 -4.65 -1.39 -1.88  4.01  1.30  2.39 -4.09 
utt>   517              an249-mjbh-b   89    0    24 13  2 4 2.401494e-12 -1.880258e+02 -1.673429e+04
INFO: cmn.c(133): CMN: 47.09 -5.10  1.96  4.41 -5.41 -1.39 -10.00  1.89 -2.09  2.91  0.55  1.21 -1.29 
utt>   518              an250-mjbh-b   72    0    20 9  2 4 5.235583e-13 -1.916629e+02 -1.379973e+04
INFO: cmn.c(133): CMN: 53.90 -0.43 -6.29 28.72 -8.41 -2.64 -15.88 -0.75 -1.08 -2.56 -2.53  5.08 -3.71 
utt>   519               cen1-mjbh-b  253    0    68 12  1 3 3.031643e-12 -1.916525e+02 -4.848808e+04
INFO: cmn.c(133): CMN: 54.14  1.43 -5.39 23.98 -11.27 -3.20 -17.09  0.09 -0.79 -6.54  0.31  2.51  3.34 
utt>   520               cen2-mjbh-b  125    0    36 10  2 3 2.849976e-12 -1.922099e+02 -2.402623e+04
INFO: cmn.c(133): CMN: 52.63  0.54 -2.39  5.74 -10.38  7.36 -14.51 -3.33  2.49  0.51 -2.48  1.35 -0.23 
utt>   521               cen3-mjbh-b  146    0    64 12  2 4 3.291457e-12 -1.939128e+02 -2.831127e+04
INFO: cmn.c(133): CMN: 47.71  1.13 -3.35 22.16 -7.27  1.99 -10.97 -2.38  5.23 -1.94  0.41 -0.82  1.71 
utt>   522               cen4-mjbh-b  159    0    40 12  2 4 1.352871e-12 -1.941043e+02 -3.086258e+04
INFO: cmn.c(133): CMN: 48.44 -5.52  3.96 24.93 -8.73  0.77 -8.41  0.45 -0.58 -2.81 -1.72  3.01 -4.10 
utt>   523               cen5-mjbh-b  386    0    84 12  1 3 1.490660e-12 -1.880947e+02 -7.260456e+04
INFO: cmn.c(133): CMN: 49.30 -2.16 -1.10  9.60 -3.65  5.84 -15.22  0.35 -1.51  1.85 -3.04  2.08 -0.52 
utt>   524               cen6-mjbh-b  199    0    76 12  2 4 2.915376e-12 -1.899902e+02 -3.780805e+04
INFO: cmn.c(133): CMN: 49.69 -9.93  1.81 12.07 -1.25  1.26 -19.13  2.17 -0.42  0.32 -8.61  2.17 -0.86 
utt>   525               cen7-mjbh-b  239    0   100 12  2 4 5.153563e-12 -1.945482e+02 -4.649703e+04
INFO: cmn.c(133): CMN: 52.00  0.42 -5.03 21.80 -7.39  1.80 -17.96  4.79 -0.18  0.43 -3.64 -4.51  2.69 
utt>   526               cen8-mjbh-b  201    0    88 14  2 4 2.635844e-12 -1.925062e+02 -3.869374e+04
INFO: cmn.c(133): CMN: 48.24  7.44  2.72 10.74  3.63 -3.92 -2.27 -2.77 -4.89  1.59 -1.89  2.09 -4.87 
utt>   527              an171-mjda-b  354    0    84 14  1 3 2.523247e-12 -1.980267e+02 -7.010145e+04
INFO: cmn.c(133): CMN: 51.80  8.19  9.59  4.17  4.27 -0.27 -9.68 -1.57 -7.17 -3.05 -4.07 -1.75 -4.05 
utt>   528              an172-mjda-b  157    0    68 12  2 4 3.765029e-12 -1.988920e+02 -3.122604e+04
INFO: cmn.c(133): CMN: 53.61  3.54  7.89  5.81 -5.61 -0.75 -4.21 -6.70 -9.73 -3.06 -0.50 -3.00 -5.51 
utt>   529              an173-mjda-b  309    0   116 13  1 3 3.218054e-12 -1.987958e+02 -6.142792e+04
INFO: cmn.c(133): CMN: 48.84  7.19 -3.13  1.82  2.35 -2.59 -5.99 -6.12 -4.96  1.05  1.12  3.45 -4.96 
utt>   530              an174-mjda-b  119    0    32 11  1 3 2.589693e-12 -1.947862e+02 -2.317955e+04
INFO: cmn.c(133): CMN: 40.21  9.28  3.42 -3.04 -10.17  2.20  2.48 -5.02 -1.67  5.32  4.08  3.73 -3.49 
utt>   531              an175-mjda-b   63    0    24 11  2 4 1.920703e-12 -1.990968e+02 -1.254310e+04
INFO: cmn.c(133): CMN: 43.90 -2.54  7.67 17.43 10.35 -5.68 -10.27  1.49 -11.37  3.13 -3.69  2.29 -3.70 
utt>   532               cen1-mjda-b  219    0    48 14  1 3 1.881909e-12 -1.918747e+02 -4.202056e+04
INFO: cmn.c(133): CMN: 47.58 -1.89  9.18 20.65  8.72 -8.38 -15.72 10.91 -15.15 -2.81 -1.31 -0.44 -1.85 
utt>   533               cen2-mjda-b  219    0    40 17  1 3 2.618430e-12 -1.922133e+02 -4.209472e+04
INFO: cmn.c(133): CMN: 43.98 -1.06  3.10  9.23  6.41  4.80 -8.51 -1.17 -3.08  3.50 -1.32 -0.70 -1.86 
utt>   534               cen3-mjda-b  139    0    44 13  2 4 2.399506e-12 -1.926447e+02 -2.677762e+04
INFO: cmn.c(133): CMN: 45.05 -0.83 14.55 26.86 11.71 -8.21 -0.54  9.37 -14.35  4.19  0.21 -3.33 -2.71 
utt>   535               cen4-mjda-b  579    0    88 18  1 3 1.349392e-12 -1.907683e+02 -1.104549e+05
INFO: cmn.c(133): CMN: 48.33  2.02  6.85 21.26  5.32 -1.78 -7.51  5.73 -9.51 -2.84  0.67 -1.13 -5.33 
utt>   536               cen5-mjda-b  409    0    84 13  1 3 1.864834e-12 -1.938288e+02 -7.927598e+04
INFO: cmn.c(133): CMN: 46.33  9.58  4.88  6.81  2.03  0.57 -4.25 -0.86 -3.33 -3.10  0.24  1.25 -7.85 
utt>   537               cen6-mjda-b  199    0    68 12  2 4 2.263857e-12 -1.905712e+02 -3.792368e+04
INFO: cmn.c(133): CMN: 47.54  1.89 -0.27  7.88  3.46  1.89 -13.98 -2.61 -1.63 -6.83 -0.27  1.16 -5.16 
utt>   538               cen7-mjda-b  309    0    80 14  1 3 1.807494e-12 -1.945728e+02 -6.012300e+04
INFO: cmn.c(133): CMN: 50.63  0.29  5.62  8.45 -1.64 -1.16 -10.00 -3.40 -3.14 -5.95 -2.36 -2.33 -4.90 
utt>   539               cen8-mjda-b  270    0   128 15  2 4 2.686736e-12 -1.960003e+02 -5.292008e+04
INFO: cmn.c(133): CMN: 49.58 -7.02  7.84 21.19 -2.85  6.24 -17.94  9.49 -3.34 -8.69 -2.68 -3.21 -1.46 
utt>   540               an16-mjdr-b  245    0    76 12  2 3 2.576872e-12 -1.937380e+02 -4.746581e+04
INFO: cmn.c(133): CMN: 44.44  8.66 -5.01  8.79 -5.34  4.79 -11.04  0.24 -1.98 -10.27  1.90 -6.67 -0.46 
utt>   541               an18-mjdr-b  140    0    68 11  2 4 2.365282e-12 -1.969683e+02 -2.757557e+04
INFO: cmn.c(133): CMN: 44.50  4.25  0.67 12.27 -4.35  4.16 -10.26 -0.90 -1.10 -8.99  5.99 -3.80 -1.34 
utt>   542               an19-mjdr-b  409    0   120 15  2 3 2.497389e-12 -1.934886e+02 -7.913683e+04
INFO: cmn.c(133): CMN: 45.32  1.04  3.15 26.78 -9.29  5.27 -12.46  3.55  0.05 -8.33 -3.20  1.57 -2.92 
utt>   543               an20-mjdr-b  265    0    68 15  1 3 2.671001e-12 -1.902548e+02 -5.041752e+04
INFO: cmn.c(133): CMN: 47.16  4.26 -1.03 18.22 -14.14  8.49 -17.66  6.70 -3.17 -7.39  4.88 -2.35  3.39 
utt>   544               cen1-mjdr-b  279    0    68 14  2 3 3.160571e-12 -1.943584e+02 -5.422600e+04
INFO: cmn.c(133): CMN: 44.03 -4.22 -5.08 19.98 -8.72  2.87 -15.19  2.00 -3.09 -4.59  1.96 -3.58 -2.77 
utt>   545               cen2-mjdr-b  180    0    36 15  2 3 1.651353e-12 -1.889794e+02 -3.401629e+04
INFO: cmn.c(133): CMN: 46.00  2.18  1.84  5.50 -4.51  7.38 -11.58 -7.07  3.87 -10.26  2.15 -5.31 -4.06 
utt>   546               cen3-mjdr-b  169    0    64 12  2 4 1.262638e-12 -1.917595e+02 -3.240735e+04
INFO: cmn.c(133): CMN: 44.45  0.44  0.69 31.99 -11.29  8.92 -13.70  8.49 -3.07 -9.76 -2.10  0.35 -6.37 
utt>   547               cen4-mjdr-b  439    0    84 17  1 3 2.478087e-12 -1.908006e+02 -8.376147e+04
INFO: cmn.c(133): CMN: 50.50  1.29 -2.88 28.55 -11.99  6.60 -16.26  4.71 -0.63 -7.32 -0.67 -1.51 -1.40 
utt>   548               cen5-mjdr-b  309    0    84 12  1 3 2.343792e-12 -1.902351e+02 -5.878264e+04
INFO: cmn.c(133): CMN: 42.36  9.05 -2.56  9.27 -5.22  1.47 -6.70 -0.20 -0.60 -10.61  6.60 -6.66 -5.69 
utt>   549               cen6-mjdr-b  169    0    72 11  2 4 3.662002e-12 -1.952558e+02 -3.299824e+04
INFO: cmn.c(133): CMN: 46.78  6.23 -1.43 14.11 -6.82  3.73 -11.48  1.23  3.32 -19.12  4.92 -7.58 -1.70 
utt>   550               cen7-mjdr-b  289    0   128 12  2 4 4.524894e-12 -1.950558e+02 -5.637112e+04
INFO: cmn.c(133): CMN: 47.27 -4.28  3.98  7.72 -6.95 10.20 -16.89 -2.66 -4.79 -8.17  6.54 -8.89 -1.50 
utt>   551               cen8-mjdr-b  229    0    84 11  2 4 1.897047e-12 -1.938676e+02 -4.439567e+04
INFO: cmn.c(133): CMN: 50.08  7.29 -9.93 25.25 -7.35 -5.96 -0.23 -5.33  1.97 -7.77  2.29 -0.14 -1.07 
utt>   552              an156-mjes-b  303    0   120 13  2 4 2.275160e-12 -1.959128e+02 -5.936158e+04
INFO: cmn.c(133): CMN: 45.73  6.31 -9.30 22.75  3.65 -1.66 -0.27 -7.60  3.08 -1.53  0.28 -3.80  2.64 
utt>   553              an157-mjes-b  110    0    56 12  2 4 4.071900e-12 -1.967429e+02 -2.164172e+04
INFO: cmn.c(133): CMN: 47.12  6.58 -6.32 27.73 -6.12 -2.76  4.58 -5.69  4.09 -8.34  3.62 -4.70 -1.44 
utt>   554              an158-mjes-b  339    0   128 15  2 4 3.397680e-12 -1.946191e+02 -6.597587e+04
INFO: cmn.c(133): CMN: 36.72  0.64 -7.69  3.19 -8.11  1.27  1.66 -2.41  2.33 -2.30  0.12  2.10 -3.70 
utt>   555              an159-mjes-b   79    0    24 14  2 3 3.995101e-12 -1.996270e+02 -1.577053e+04
INFO: cmn.c(133): CMN: 48.38  5.47 -10.33 29.05 -7.47 -3.50  2.29 -6.85  2.61 -9.89  3.34 -5.85 -3.59 
utt>   556              an160-mjes-b  379    0   136 13  2 4 3.631024e-12 -1.936935e+02 -7.340982e+04
INFO: cmn.c(133): CMN: 43.66  8.71 -6.97 18.92 -0.59 -4.96 -0.06 -3.14  3.95 -2.43  6.34 -2.76  1.77 
utt>   557               cen1-mjes-b  219    0    72 14  2 4 3.167081e-12 -1.935426e+02 -4.238583e+04
INFO: cmn.c(133): CMN: 48.45 10.08 -14.35 29.10 -10.96 -11.37 -0.22 -3.42 -0.71 -8.01  8.11 -2.59  4.77 
utt>   558               cen2-mjes-b  229    0    60 14  2 4 3.093267e-12 -1.890258e+02 -4.328692e+04
INFO: cmn.c(133): CMN: 38.90 10.04 -8.91 21.11 -0.83 -2.55  0.82 -5.03 -1.17 -1.87 -3.91 -3.64  2.22 
utt>   559               cen3-mjes-b   68    0    24 12  2 4 7.117168e-12 -1.895912e+02 -1.289220e+04
INFO: cmn.c(133): CMN: 42.98  3.00 -6.37 27.73 -8.09 -7.68 -1.78 -2.49 -2.54 -7.53  5.33 -6.39  4.40 
utt>   560               cen4-mjes-b  388    0   100 16  2 4 3.020525e-12 -1.892714e+02 -7.343729e+04
INFO: cmn.c(133): CMN: 47.35 17.00 -18.57 25.50 -16.75 -4.60 -0.01  2.02  2.41 -4.79  8.53 -2.66  1.85 
utt>   561               cen5-mjes-b  213    0    76 13  2 4 3.565323e-12 -1.941424e+02 -4.135233e+04
INFO: cmn.c(133): CMN: 46.09 16.27 -12.54 19.56 -14.75 -2.17 -0.46 -5.44 -10.69 -8.94 13.13 -8.57 11.19 
utt>   562               cen6-mjes-b  130    0    48 13  2 4 4.159159e-12 -1.951489e+02 -2.536935e+04
INFO: cmn.c(133): CMN: 46.36  7.87 -10.55 15.31 -7.36  0.89 -1.12 -4.35  1.83 -7.08  6.12 -5.34  0.51 
utt>   563               cen7-mjes-b  339    0   124 13  2 4 3.418469e-12 -1.948423e+02 -6.605154e+04
INFO: cmn.c(133): CMN: 47.09  3.76 -9.56 16.28 -2.17 -2.99  0.47  1.51  3.29 -6.27  8.56 -8.21  1.17 
utt>   564               cen8-mjes-b  231    0   128 14  2 5 2.461825e-12 -2.037412e+02 -4.706422e+04
INFO: cmn.c(133): CMN: 42.25  9.22 -6.84 33.06 -3.44 -5.27 -6.23 -3.08 -2.41 -5.61  1.84 -1.86 -1.68 
utt>   565              an216-mjgk-b  243    0    84 15  2 4 4.310410e-12 -1.886288e+02 -4.583679e+04
INFO: cmn.c(133): CMN: 41.29  3.91 -3.33 17.48 -3.29  1.38 -13.32 -0.06  0.92 -5.74  1.34 -2.89  1.71 
utt>   566              an217-mjgk-b  149    0    48 13  2 4 2.897762e-12 -1.895757e+02 -2.824678e+04
INFO: cmn.c(133): CMN: 36.18 -1.66 -0.76 -3.41 -3.71 -0.50  0.34  0.48 -4.49  1.90  3.48  2.29  1.42 
utt>   567              an218-mjgk-b   89    0    24 14  2 3 3.940698e-12 -1.933195e+02 -1.720544e+04
INFO: cmn.c(133): CMN: 37.20 12.83 -12.57  8.30 -9.64  4.16 -6.83 -3.53  2.50 -8.14  5.82  1.85  7.05 
utt>   568              an219-mjgk-b   59    0    16 7  2 3 1.610494e-12 -1.758096e+02 -1.037277e+04
INFO: cmn.c(133): CMN: 40.33  1.24 -3.02 19.41  0.37 -1.57 -10.78 -0.81  1.77 -5.76 -1.47 -4.17  0.24 
utt>   569              an220-mjgk-b  169    0    60 13  2 4 4.036746e-12 -1.907690e+02 -3.223996e+04
INFO: cmn.c(133): CMN: 44.24  3.83 -5.30 48.41 -19.51 -12.35 -2.12  0.14 -2.06 -13.36  7.25 -2.46 -3.09 
utt>   570               cen1-mjgk-b  171    0    36 17  1 3 2.755039e-12 -1.846184e+02 -3.156974e+04
INFO: cmn.c(133): CMN: 43.00  1.51 -4.86 27.77 -9.44 -4.18 -7.81 -1.97 -1.38 -5.50  3.10 -0.94  0.78 
utt>   571               cen2-mjgk-b  199    0    48 14  2 3 1.888980e-12 -1.875439e+02 -3.732123e+04
INFO: cmn.c(133): CMN: 44.56  6.36 -3.49 26.94 -9.27 -4.61 -10.35 -1.36 -1.96 -4.52  1.44  0.46  0.14 
utt>   572               cen4-mjgk-b  418    0   108 16  2 3 2.706340e-12 -1.894510e+02 -7.919050e+04
INFO: cmn.c(133): CMN: 44.18  6.89 -7.75 23.68 -9.54 -3.58 -12.33 -0.22 -2.35 -5.07  3.20 -0.23  3.79 
utt>   573               cen5-mjgk-b  209    0    72 16  1 3 3.825802e-12 -1.939324e+02 -4.053187e+04
INFO: cmn.c(133): CMN: 38.74  9.69 -4.92 19.21 -6.88 -2.08 -7.87  0.72  0.47 -6.75  1.51 -0.37 -0.32 
utt>   574               cen6-mjgk-b  165    0    64 13  2 4 3.616707e-12 -1.910788e+02 -3.152800e+04
INFO: cmn.c(133): CMN: 41.11  8.37 -5.74 21.11 -7.55  2.66 -11.65 -6.59  3.91 -11.14  3.65 -1.58  2.08 
utt>   575               cen7-mjgk-b  209    0    68 14  2 4 3.323242e-12 -1.945346e+02 -4.065772e+04
INFO: cmn.c(133): CMN: 39.99  5.57 -3.87 22.15 -1.91 -1.87 -12.71 -3.31  3.32 -6.59 -0.66 -1.35  0.99 
utt>   576               cen8-mjgk-b  209    0   112 15  2 4 6.161359e-12 -2.011754e+02 -4.204566e+04
INFO: cmn.c(133): CMN: 49.82  4.35 -0.23 15.47 -0.91  1.80  1.59 -6.89  5.74 -3.26 -1.66  1.74 -3.06 
utt>   577               an56-mjhp-b  364    0   112 12  2 3 2.658943e-12 -1.957895e+02 -7.126737e+04
INFO: cmn.c(133): CMN: 50.16  8.16 -1.16 16.88 -0.64  2.45 -5.67 -4.22  1.57 -10.33 -5.96  3.66 -6.65 
utt>   578               an57-mjhp-b  222    0    56 13  2 3 3.251230e-12 -1.888411e+02 -4.192273e+04
INFO: cmn.c(133): CMN: 47.71  1.79  2.55  5.94  1.29  0.13 -8.44 -0.36  1.88 -3.94 -1.36  1.15 -2.52 
utt>   579               an58-mjhp-b  319    0    76 13  1 3 1.489271e-12 -1.913657e+02 -6.104564e+04
INFO: cmn.c(133): CMN: 50.07 -1.42  0.26 20.39 -4.58  1.21 -3.15 -6.65  5.73 -7.67 -2.02 -1.01  0.35 
utt>   580               an59-mjhp-b  283    0    80 14  1 3 2.931497e-12 -1.957312e+02 -5.539193e+04
INFO: cmn.c(133): CMN: 42.45 12.22 -2.66  5.82 -9.86  4.04  4.61  1.43  0.53 -4.06  5.93 -0.60  1.73 
utt>   581               an60-mjhp-b   66    0    16 8  2 4 1.704003e-12 -1.926486e+02 -1.271481e+04
INFO: cmn.c(133): CMN: 47.63  8.90 -4.75  5.42 -12.31  7.16 -2.21 -6.81  1.98 -6.10  4.34 -0.58 -0.26 
utt>   582               cen1-mjhp-b  378    0    64 14  1 3 1.246812e-12 -1.941586e+02 -7.339194e+04
INFO: cmn.c(133): CMN: 46.75 -3.06 -1.06 19.32 -8.03  2.64 -9.15 -3.53  2.04 -10.04  0.15 -5.08  0.28 
utt>   583               cen2-mjhp-b  209    0    48 12  1 3 2.149912e-12 -1.932910e+02 -4.039783e+04
INFO: cmn.c(133): CMN: 48.53  4.22  0.39  6.01 -2.69  7.56 -2.11 -5.46  5.90 -9.28  1.93 -1.96 -3.30 
utt>   584               cen3-mjhp-b  143    0    56 10  2 4 1.525717e-12 -1.944732e+02 -2.780966e+04
INFO: cmn.c(133): CMN: 49.33  2.86  2.67 17.79 -9.61 -1.17 -3.86 -2.24  5.58 -13.07  4.26 -0.32 -4.17 
utt>   585               cen4-mjhp-b  329    0    84 12  1 3 1.305321e-12 -1.919812e+02 -6.316181e+04
INFO: cmn.c(133): CMN: 48.97 -1.02  2.23 22.10 -4.15 -2.48 -6.61 -0.58  5.70 -11.27  0.84 -0.43 -5.48 
utt>   586               cen5-mjhp-b  261    0    84 12  2 3 2.389977e-12 -1.915098e+02 -4.998405e+04
INFO: cmn.c(133): CMN: 49.28  3.85  2.23  6.02 -3.00  0.07  1.18 -8.88  3.43 -2.46  4.42 -0.20 -3.24 
utt>   587               cen6-mjhp-b  169    0    80 12  2 4 3.799581e-12 -1.909634e+02 -3.227282e+04
INFO: cmn.c(133): CMN: 50.41  2.75  1.01  7.53 -5.08  2.89 -3.66 -1.71  5.46 -8.84  0.86  1.36 -3.74 
utt>   588               cen7-mjhp-b  329    0   116 12  2 4 2.621681e-12 -1.942308e+02 -6.390195e+04
INFO: cmn.c(133): CMN: 47.50 -3.72  2.90  9.47  3.46  0.48  0.97 -3.85  0.19  0.25  5.70 -1.25 -1.30 
utt>   589               cen8-mjhp-b  229    0   100 15  2 4 3.175814e-12 -1.951066e+02 -4.467941e+04
INFO: cmn.c(133): CMN: 51.58 -9.55  7.74 20.43 -1.31  0.15 -1.46 -2.08 -1.22 -4.78  1.33 -3.76 -2.87 
utt>   590             an176-mjjs2-b  326    0    76 13  1 3 3.166127e-12 -1.936474e+02 -6.312904e+04
INFO: cmn.c(133): CMN: 40.06 -4.93 -4.21  6.18 -0.66  9.38 -9.87 -7.81  2.67 -3.53 -0.13 -0.06  3.29 
utt>   591             an177-mjjs2-b  129    0    28 17  2 3 1.325112e-12 -1.943270e+02 -2.506818e+04
INFO: cmn.c(133): CMN: 38.49 10.63 -6.28  9.58 -0.89  0.46  2.94 -10.31 -2.48 -4.67  7.61 -6.64  1.90 
utt>   592             an178-mjjs2-b   79    0    16 11  2 3 7.169216e-13 -1.947106e+02 -1.538214e+04
INFO: cmn.c(133): CMN: 49.78 -5.75  3.65 30.43  2.98 -4.69  2.33 -5.83  3.70 -12.29  1.10 -2.98 -5.77 
utt>   593             an179-mjjs2-b  492    0   112 13  1 3 2.378016e-12 -1.927954e+02 -9.485533e+04
INFO: cmn.c(133): CMN: 39.11 -8.11  3.91  7.82 -1.67  4.42 -4.64 -5.27 -1.48  0.84  5.11 -0.30 -1.76 
utt>   594             an180-mjjs2-b   99    0    20 11  1 3 3.680161e-12 -1.904948e+02 -1.885898e+04
INFO: cmn.c(133): CMN: 40.42 -7.90  2.56 19.18  2.85 -4.36 -1.15 -0.44  1.44 -8.20  4.83 -1.63 -4.12 
utt>   595              cen1-mjjs2-b  423    0    40 16  1 2 1.800749e-12 -1.890087e+02 -7.995067e+04
INFO: cmn.c(133): CMN: 42.34 -3.48 -2.43 21.20  4.90 -8.07 -2.61 -3.64  7.53 -13.30  7.03 -5.09 -1.69 
utt>   596              cen2-mjjs2-b  405    0    40 17  1 2 1.111404e-12 -1.888540e+02 -7.648585e+04
INFO: cmn.c(133): CMN: 43.68 -2.81 -0.34 23.35  5.78 -9.67  7.45 -4.60  1.84 -7.51  3.57 -0.08 -6.81 
utt>   597              cen4-mjjs2-b  468    0    44 16  1 2 9.252276e-13 -1.898037e+02 -8.882814e+04
INFO: cmn.c(133): CMN: 45.18 -1.37 -0.09 23.59  4.51 -7.45  4.13 -4.77  2.92 -8.22  3.07 -0.17 -6.55 
utt>   598              cen5-mjjs2-b  613    0    84 13  1 2 1.922905e-12 -1.890401e+02 -1.158816e+05
INFO: cmn.c(133): CMN: 46.61  1.83 -5.02 11.93 -2.69  4.43 -4.82 -9.82  2.96 -4.55  5.40 -5.04 -2.38 
utt>   599              cen6-mjjs2-b  323    0    80 13  2 3 2.678373e-12 -1.877016e+02 -6.062763e+04
INFO: cmn.c(133): CMN: 46.71  7.20 -3.87 12.41  1.55 -0.93 -1.08 -4.32 -0.50 -8.19  7.52 -8.70 -1.41 
utt>   600              cen7-mjjs2-b  409    0   100 14  1 3 2.118860e-12 -1.901436e+02 -7.776872e+04
INFO: cmn.c(133): CMN: 45.09  0.95 -5.03 19.23  4.88 -2.50 -3.95 -7.42  5.08 -10.57  1.77 -5.82 -1.57 
utt>   601              cen8-mjjs2-b  419    0   104 17  1 3 3.778745e-12 -1.922885e+02 -8.056886e+04
INFO: cmn.c(133): CMN: 45.94  3.34 -4.11 12.48 -12.49  3.24 -2.93 -0.13 -2.76 -6.70  5.78 -3.24 -3.17 
utt>   602              an316-mkdb-b  309    0    80 14  1 3 2.890029e-12 -1.937031e+02 -5.985424e+04
INFO: cmn.c(133): CMN: 46.19  2.88  0.06 10.66 -1.53  2.79 -16.45  6.24  3.16  2.09  3.41 -4.80  0.95 
utt>   603              an317-mkdb-b  120    0    40 12  2 3 3.990438e-12 -1.955004e+02 -2.346005e+04
INFO: cmn.c(133): CMN: 45.40  9.92 -3.26  0.97 -8.93  6.34 -11.74  1.54  2.29  7.05 -4.31  2.46 -3.92 
utt>   604              an318-mkdb-b  109    0    32 10  2 4 2.680027e-12 -1.930307e+02 -2.104034e+04
INFO: cmn.c(133): CMN: 45.18  6.20 -0.60 17.44 -3.85  1.51 -0.80  4.50 -5.63 -1.87  3.48 -2.49 -3.91 
utt>   605              an319-mkdb-b  330    0    96 15  2 3 3.261682e-12 -1.924346e+02 -6.350342e+04
INFO: cmn.c(133): CMN: 43.98  1.06  0.83 28.17 -10.77 -6.05 -0.53 -3.88 -6.30 -9.15  7.00 -5.23 -2.80 
utt>   606              an320-mkdb-b  223    0    44 14  1 3 2.685796e-12 -1.932895e+02 -4.310356e+04
INFO: cmn.c(133): CMN: 43.67 -1.18  5.51 27.30 -9.18  0.86  1.67  3.41 -6.24 -3.52  3.47 -3.81 -3.59 
utt>   607               cen1-mkdb-b  269    0    56 16  1 3 2.977459e-12 -1.911890e+02 -5.142984e+04
INFO: cmn.c(133): CMN: 53.70 13.29 -10.86 15.89 -23.90  2.47 -17.39 11.14 -4.77 -0.17  9.24 -2.42  1.72 
utt>   608               cen2-mkdb-b  142    0    36 13  1 3 1.947196e-12 -1.929806e+02 -2.740325e+04
INFO: cmn.c(133): CMN: 48.70  1.85 -1.62 20.11 -8.98 -1.66 -5.55  6.62 -3.22 -0.77  5.37 -3.42  0.92 
utt>   609               cen3-mkdb-b  202    0    76 13  2 4 5.750812e-12 -1.927358e+02 -3.893263e+04
INFO: cmn.c(133): CMN: 48.71  2.41  2.96 31.35 -10.09  0.48 -5.24  6.59 -4.09 -1.69  5.18 -5.86 -1.40 
utt>   610               cen4-mkdb-b  207    0    44 15  2 3 1.704300e-12 -1.921607e+02 -3.977726e+04
INFO: cmn.c(133): CMN: 46.39  1.93  0.55 21.72 -8.69  0.83 -1.55 -0.74 -1.70 -7.90  3.11 -4.61 -1.66 
utt>   611               cen5-mkdb-b  359    0    84 12  1 3 2.264872e-12 -1.924720e+02 -6.909745e+04
INFO: cmn.c(133): CMN: 45.74  7.41  1.28  5.31 -6.16  7.00 -8.18  6.43 -1.26  0.01  7.35 -6.25 -2.79 
utt>   612               cen6-mkdb-b  169    0    80 13  2 4 4.231139e-12 -1.954251e+02 -3.302684e+04
INFO: cmn.c(133): CMN: 47.23 11.89 -10.31  3.99 -7.19  6.50 -8.97  5.50  2.12  1.48  5.39 -4.88 -1.18 
utt>   613               cen7-mkdb-b  249    0    92 13  2 4 3.574735e-12 -1.914961e+02 -4.768254e+04
INFO: cmn.c(133): CMN: 45.92  0.25 -4.92 10.85 -1.10  3.13 -7.69  3.66  0.74 -3.62  4.59 -4.09 -0.68 
utt>   614               cen8-mkdb-b  249    0   128 16  2 4 4.551302e-12 -2.000901e+02 -4.982244e+04
INFO: cmn.c(133): CMN: 48.77  2.26 -7.82 12.99 -11.00  0.45 -4.24 -0.29  1.08 -4.71  0.63  3.16 -3.47 
utt>   615              an186-mkem-b  301    0    64 13  1 3 3.338774e-12 -1.911257e+02 -5.752883e+04
INFO: cmn.c(133): CMN: 46.94  9.30 -2.67 12.38 -7.47  8.08 -8.48  2.44  4.00 -2.81 -1.57 -2.33  4.22 
utt>   616              an187-mkem-b  153    0    68 12  2 4 6.079812e-12 -1.962717e+02 -3.002957e+04
INFO: cmn.c(133): CMN: 50.69  3.22 -3.08 12.36 -4.19  4.91 -8.34  3.80 -1.33 -3.65  3.27 -4.29  0.49 
utt>   617              an188-mkem-b  238    0    88 12  2 4 3.018987e-12 -1.943636e+02 -4.625854e+04
INFO: cmn.c(133): CMN: 39.87 -8.78  0.86  0.31 -7.89  7.58 -3.04  2.34  1.53  1.42 -2.04 -0.86 -2.81 
utt>   618              an189-mkem-b   99    0    24 14  2 4 2.706132e-12 -1.885403e+02 -1.866549e+04
INFO: cmn.c(133): CMN: 50.10  3.21 -9.96 23.27 -10.73  4.04 -7.41  6.67 -2.24 -1.69  5.07  0.61 -1.44 
utt>   619              an190-mkem-b  269    0    72 13  1 3 3.340088e-12 -1.925391e+02 -5.179301e+04
INFO: cmn.c(133): CMN: 43.82 -4.48 -1.85 20.88 -7.62  1.56 -9.18  5.96  0.96 -4.94  3.19 -1.98  2.08 
utt>   620               cen1-mkem-b  264    0    64 16  2 4 4.423855e-12 -1.930199e+02 -5.095724e+04
INFO: cmn.c(133): CMN: 43.35 -7.02 -2.09 30.21 -7.65 -1.12 -7.36  4.58 -2.91 -4.42  1.62 -0.18 -2.24 
utt>   621               cen2-mkem-b  136    0    28 16  2 3 2.158017e-12 -1.883047e+02 -2.560944e+04
INFO: cmn.c(133): CMN: 41.48 -9.64  3.45 18.80 -4.41  2.95 -5.27  6.71 -1.89 -3.10  1.18 -2.69  1.95 
utt>   622               cen4-mkem-b  129    0    32 13  2 4 3.996343e-12 -1.873730e+02 -2.417111e+04
INFO: cmn.c(133): CMN: 43.52 -9.33  1.68 23.08 -8.64  0.88 -4.59  1.94 -1.87 -6.01 -0.30 -6.66 -1.40 
utt>   623               cen5-mkem-b  377    0    84 13  1 3 2.401382e-12 -1.870208e+02 -7.050683e+04
INFO: cmn.c(133): CMN: 47.19  2.99 -5.03  7.28 -5.75  4.71 -1.51 -4.33  0.54 -3.89  3.33 -4.30 -1.14 
utt>   624               cen6-mkem-b  185    0    72 12  2 4 3.352622e-12 -1.917689e+02 -3.547725e+04
INFO: cmn.c(133): CMN: 46.53  2.89 -6.25  9.16 -8.03  2.25 -6.44 -4.64 -2.36 -9.37  5.05 -3.40 -3.55 
utt>   625               cen7-mkem-b  151    0    44 13  2 3 3.160528e-12 -1.920359e+02 -2.899743e+04
INFO: cmn.c(133): CMN: 43.00 -12.09  1.76 13.17 -2.39  3.14 -9.82  7.54  0.59 -1.22 -0.42 -3.42  2.35 
utt>   626               cen8-mkem-b  242    0    64 17  1 3 2.490786e-12 -1.920611e+02 -4.647878e+04
INFO: cmn.c(133): CMN: 47.48  2.80 -0.08  8.05 -0.70 -2.53 -3.18 -3.31 -1.43 -3.27 -0.68 -2.80 -2.17 
utt>   627               an51-mmaf-b  349    0    68 14  1 3 2.531453e-12 -1.884665e+02 -6.577479e+04
INFO: cmn.c(133): CMN: 44.04  1.82  1.47  4.09  2.51  3.35 -6.80 -5.85 -2.60 -0.94  1.48 -3.38 -1.40 
utt>   628               an52-mmaf-b  149    0    40 13  2 4 3.453060e-12 -1.863579e+02 -2.776733e+04
INFO: cmn.c(133): CMN: 47.66  0.53  1.90 18.09  6.33  1.72 -3.97 -0.69 -0.33 -5.25 -1.89 -0.72 -4.96 
utt>   629               an53-mmaf-b  335    0    80 14  2 3 2.853976e-12 -1.892620e+02 -6.340277e+04
INFO: cmn.c(133): CMN: 37.95  2.27  0.84 -0.12  0.05  0.31 -4.78 -8.94 -4.21  2.44 -3.43  3.86  1.16 
utt>   630               an54-mmaf-b  109    0    28 15  2 5 4.024497e-12 -1.904806e+02 -2.076239e+04
INFO: cmn.c(133): CMN: 45.84  7.92 -3.90  6.07  2.24  0.58 -6.73 -2.38 -3.38  1.44 -1.88  0.54 -4.01 
utt>   631               an55-mmaf-b  189    0    52 12  2 4 3.677165e-12 -1.884168e+02 -3.561077e+04
INFO: cmn.c(133): CMN: 50.47  5.36 -3.68  8.72  2.57 -1.66 -11.87  0.49 -2.54  4.34 -2.11  1.44 -0.85 
utt>   632               cen1-mmaf-b  313    0    60 13  1 3 2.209526e-12 -1.909329e+02 -5.976200e+04
INFO: cmn.c(133): CMN: 47.67  0.50  1.63 17.14 -0.57 -1.29 -6.36  5.02 -2.49 -3.28  0.94 -1.91 -2.47 
utt>   633               cen2-mmaf-b  259    0    52 14  1 3 2.593139e-12 -1.887215e+02 -4.887888e+04
INFO: cmn.c(133): CMN: 44.50  0.34  2.52 -1.05  2.51  3.24 -9.50 -1.82 -2.50  2.98 -2.50  1.28 -5.79 
utt>   634               cen3-mmaf-b  169    0    48 15  2 4 3.319910e-12 -1.872337e+02 -3.164249e+04
INFO: cmn.c(133): CMN: 51.85  5.33 -0.87 12.54  5.86 -5.23 -6.63 -2.16  0.29 -3.75 -1.73  2.46 -2.58 
utt>   635               cen4-mmaf-b  277    0    68 12  1 3 3.401039e-12 -1.915461e+02 -5.305828e+04
INFO: cmn.c(133): CMN: 46.89 -1.89  1.88 20.50  0.98 -0.77 -2.12 -1.57  0.45 -4.44 -3.73  0.46 -4.56 
utt>   636               cen5-mmaf-b  349    0    84 13  2 3 2.884398e-12 -1.880788e+02 -6.563951e+04
INFO: cmn.c(133): CMN: 47.03  0.64  0.47  7.61  1.01  4.49 -5.90 -2.96 -0.47 -3.25 -4.18 -0.40 -4.02 
utt>   637               cen6-mmaf-b  189    0    64 12  2 4 3.779719e-12 -1.901269e+02 -3.593398e+04
INFO: cmn.c(133): CMN: 46.18  8.37  1.84  0.67 -3.97 -1.03 -0.87 -3.19 -0.31 -0.54 -9.81  1.61 -1.95 
utt>   638               cen7-mmaf-b  289    0   104 15  2 4 2.898666e-12 -1.911557e+02 -5.524401e+04
INFO: cmn.c(133): CMN: 48.52 -3.26  2.91  4.66  5.17 -0.01 -7.75 -0.14 -0.85 -2.17 -2.69 -1.21 -4.79 
utt>   639               cen8-mmaf-b  301    0   128 16  2 4 6.057041e-12 -1.963967e+02 -5.911541e+04
INFO: cmn.c(133): CMN: 44.25 -2.08  1.12 29.86 -9.84  3.19 -2.66 -1.75 -0.95 -3.80  7.07 -3.73  0.99 
utt>   640              an321-mmal-b  299    0    96 15  2 4 3.675049e-12 -1.930096e+02 -5.770988e+04
INFO: cmn.c(133): CMN: 41.29 -4.15  4.61 19.90 -7.67  3.95  0.65 -4.58  0.67 -3.47  4.10 -1.93 -1.47 
utt>   641              an322-mmal-b  329    0    76 13  1 3 1.540648e-12 -1.920825e+02 -6.319515e+04
INFO: cmn.c(133): CMN: 45.38  3.34 -7.47  7.94 -8.85  4.58 -11.46 -2.02  0.34 -4.19  1.96 -3.06 -1.46 
utt>   642              an323-mmal-b  199    0    44 11  1 3 2.310092e-12 -1.912022e+02 -3.804924e+04
INFO: cmn.c(133): CMN: 38.57 -6.00  1.75  6.37 -1.39 -1.38 -10.29 -2.47 -0.53  0.06 -0.85 -2.67  4.18 
utt>   643              an324-mmal-b   99    0    20 10  2 4 1.725600e-12 -1.869737e+02 -1.851039e+04
INFO: cmn.c(133): CMN: 36.65  9.91 -6.18  5.91 -12.70  1.95 -2.34 -2.06 -3.18 -3.26  3.06  1.60  0.28 
utt>   644              an325-mmal-b   89    0    16 10  1 3 8.566000e-13 -1.802876e+02 -1.604559e+04
INFO: cmn.c(133): CMN: 45.19 -0.62  0.76 17.38 -10.52 -2.33 -1.13 -1.46 -2.48 -1.58  4.76 -5.89 -0.28 
utt>   645               cen1-mmal-b  352    0    64 14  1 3 1.969303e-12 -1.927175e+02 -6.783657e+04
INFO: cmn.c(133): CMN: 47.64  3.66 -7.63 20.27 -13.83 -7.83 -5.10 -1.37 -8.93  0.13  9.37 -1.22  1.90 
utt>   646               cen2-mmal-b  176    0    36 11  1 3 2.301388e-12 -1.886554e+02 -3.320335e+04
INFO: cmn.c(133): CMN: 42.47  0.96 -1.14 18.12  0.95  0.99 -5.91  2.03 -6.31 -8.43  4.18 -3.30 -1.09 
utt>   647               cen3-mmal-b  157    0    68 11  2 4 5.902063e-12 -1.959206e+02 -3.075954e+04
INFO: cmn.c(133): CMN: 42.45  1.05  3.59 27.75 -16.07  9.57  0.33 -8.45 -0.39 -0.93  5.23 -4.01 -0.50 
utt>   648               cen4-mmal-b  207    0    44 14  1 3 3.323910e-12 -1.930011e+02 -3.995122e+04
INFO: cmn.c(133): CMN: 44.14 -5.94  2.17 24.85 -10.23  2.48 -2.23 -1.40 -2.83 -4.76  4.85 -5.72 -0.11 
utt>   649               cen5-mmal-b  313    0    84 11  2 3 2.576239e-12 -1.930997e+02 -6.044020e+04
INFO: cmn.c(133): CMN: 44.06  6.94 -4.89  8.67 -7.59  1.13 -9.47  1.23 -4.97 -1.03  8.05 -4.83 -1.27 
utt>   650               cen6-mmal-b  155    0    80 12  2 4 5.629391e-12 -1.934158e+02 -2.997946e+04
INFO: cmn.c(133): CMN: 46.11 -1.07 -0.17  9.46 -5.50 -0.05 -12.04  2.30 -3.86  0.08 -0.76 -3.62  1.93 
utt>   651               cen7-mmal-b  260    0   108 13  2 4 2.782036e-12 -1.959943e+02 -5.095852e+04
INFO: cmn.c(133): CMN: 43.23 -0.10  0.48  8.54 -9.13 -1.58 -7.88  3.71 -3.21 -1.72 -0.17  0.76  3.53 
utt>   652               cen8-mmal-b  179    0    84 14  2 4 3.600654e-12 -1.941851e+02 -3.475914e+04
INFO: cmn.c(133): CMN: 45.34 -4.72  2.22  2.99 -20.85 10.33 -2.04 -5.44  0.21  1.15 -0.15  7.73  1.03 
utt>   653               an46-mmap-b   77    0    24 12  2 4 5.076777e-12 -1.885943e+02 -1.452176e+04
INFO: cmn.c(133): CMN: 46.75 -0.08  1.62 16.23 -7.80 12.80 -12.75 -10.45  4.97 -6.61  1.00 -1.80 -5.14 
utt>   654               an47-mmap-b  225    0    80 12  2 4 3.055320e-12 -1.938623e+02 -4.361901e+04
INFO: cmn.c(133): CMN: 42.91  8.92 -9.73  9.73 -3.15  9.19 -11.36 -5.42  2.10  1.93 -1.59  2.33 -4.67 
utt>   655               an48-mmap-b  218    0    48 14  1 3 2.979969e-12 -1.920301e+02 -4.186256e+04
INFO: cmn.c(133): CMN: 45.41  0.18 -3.46 28.98 -2.50  7.40 -6.92 -4.25  9.78 -12.24  0.26 -1.53 -2.17 
utt>   656               an49-mmap-b  319    0    76 14  2 3 2.842534e-12 -1.924132e+02 -6.137983e+04
INFO: cmn.c(133): CMN: 47.84 -0.70 -1.49 26.23 -6.06  7.90 -8.83 -4.72  7.13 -12.19  2.25 -1.83 -3.42 
utt>   657               an50-mmap-b  200    0    60 13  2 3 3.403688e-12 -1.945267e+02 -3.890535e+04
INFO: cmn.c(133): CMN: 50.55  6.59 -7.17 20.45 -10.08 11.03 -15.46 -6.64  6.82 -8.02  4.28 -0.38 -1.03 
utt>   658               cen1-mmap-b  203    0    52 12  2 3 4.542188e-12 -1.913456e+02 -3.884315e+04
INFO: cmn.c(133): CMN: 46.80  8.75 -9.73 22.19 -4.17  2.41 -15.66 -6.69  6.45 -4.62 -3.90 -2.10 -0.14 
utt>   659               cen2-mmap-b  149    0    36 13  2 3 2.940235e-12 -1.891105e+02 -2.817747e+04
INFO: cmn.c(133): CMN: 48.55 -2.42 -4.21 11.70 -1.01 13.22 -14.55 -10.11 12.11 -1.17 -3.37 -2.51 -7.63 
utt>   660               cen3-mmap-b  107    0    40 12  2 4 3.785051e-12 -1.927857e+02 -2.062806e+04
INFO: cmn.c(133): CMN: 44.50  4.92 -5.88 33.92 -1.14 -1.46 -1.52 -2.98  3.71 -11.99  0.93  3.32 -2.82 
utt>   661               cen4-mmap-b  448    0    88 16  1 3 3.479750e-12 -1.900938e+02 -8.516203e+04
INFO: cmn.c(133): CMN: 48.93  5.28 -7.20 18.81 -3.47  5.88 -15.04 -9.58  3.45 -5.40 -0.18 -1.36  0.19 
utt>   662               cen5-mmap-b  249    0    56 12  2 3 2.771703e-12 -1.889216e+02 -4.704147e+04
INFO: cmn.c(133): CMN: 44.73 10.44 -2.81  9.05 -11.95  5.99 -2.40 -4.07 -1.76  0.48 -2.48  3.13 -2.29 
utt>   663               cen6-mmap-b  189    0    60 12  2 4 3.365639e-12 -1.903284e+02 -3.597206e+04
INFO: cmn.c(133): CMN: 47.57  2.70 -1.89 19.57 -2.43 10.59 -9.14 -9.06  8.71 -6.11 -0.90 -2.81 -3.35 
utt>   664               cen7-mmap-b  273    0    88 13  2 3 2.139307e-12 -1.943473e+02 -5.305681e+04
INFO: cmn.c(133): CMN: 47.08 10.10 -4.00 18.04 -9.92  3.92 -10.37 -0.87  1.99 -7.23  0.04  1.78 -4.72 
utt>   665               cen8-mmap-b  197    0    92 15  2 4 2.835888e-12 -1.973007e+02 -3.886825e+04
INFO: cmn.c(133): CMN: 45.16 -6.67  0.94 27.72 -0.91 -4.10  2.66 -6.56 -0.09 -9.69 -3.16  2.31 -7.80 
utt>   666              an336-mmdg-b  296    0    44 14  1 2 1.924827e-12 -1.890723e+02 -5.596541e+04
INFO: cmn.c(133): CMN: 37.75 -0.51 -4.36  5.67 -5.46 -3.24 -1.03 -2.44  0.50 -7.39  1.61  6.30 -4.85 
utt>   667              an337-mmdg-b  119    0    24 16  1 3 2.358901e-12 -1.906525e+02 -2.268765e+04
INFO: cmn.c(133): CMN: 48.71 -1.58 -4.37  7.97 -2.93  1.38 -6.90 -7.98  3.98 -6.94 -0.16  0.36 -5.65 
utt>   668              an338-mmdg-b  319    0    72 13  1 2 2.444143e-12 -1.972235e+02 -6.291430e+04
INFO: cmn.c(133): CMN: 47.40 -0.91 -1.21  6.27 -3.46  1.75 -4.75 -9.28  4.36 -7.32 -3.23  3.04 -3.63 
utt>   669              an339-mmdg-b  334    0    68 14  1 3 2.520050e-12 -1.963628e+02 -6.558518e+04
INFO: cmn.c(133): CMN: 45.05 -10.18  4.89  9.31 -3.07  1.35 -1.35 -5.51 -0.07 -5.42  0.29  3.25 -3.07 
utt>   670              an340-mmdg-b  113    0    20 10  1 2 2.723450e-12 -1.904954e+02 -2.152599e+04
INFO: cmn.c(133): CMN: 47.68  0.39 -2.59 16.99 -4.52 -2.50 -4.29 -7.17  9.91 -9.75  5.24  1.84 -1.40 
utt>   671               cen1-mmdg-b  407    0    64 14  1 2 1.876649e-12 -1.939255e+02 -7.892767e+04
INFO: cmn.c(133): CMN: 50.02  0.93  2.66 27.56 -3.81 -5.97  0.49 -6.43  9.49 -12.27 -1.95  8.32 -9.45 
utt>   672               cen2-mmdg-b  274    0    52 12  1 3 1.459792e-12 -1.957652e+02 -5.363967e+04
INFO: cmn.c(133): CMN: 46.10 -2.82  6.46 13.12  2.41  2.14 -4.64 -9.96  0.78 -4.01 -9.00 -0.58 -3.05 
utt>   673               cen3-mmdg-b  239    0    56 14  2 3 2.236581e-12 -1.933425e+02 -4.620885e+04
INFO: cmn.c(133): CMN: 45.54 -1.00  6.62 22.09 -3.43 -3.56 -0.08 -0.64 -0.52 -9.96  5.35  2.59 -8.06 
utt>   674               cen4-mmdg-b  397    0    56 12  1 2 2.441992e-12 -1.919808e+02 -7.621639e+04
INFO: cmn.c(133): CMN: 46.23 -3.93  3.00 24.49 -1.85 -2.60  2.20 -3.01  1.23 -4.22 -2.55  5.97 -9.87 
utt>   675               cen5-mmdg-b  535    0    84 13  1 2 2.254257e-12 -1.911311e+02 -1.022552e+05
INFO: cmn.c(133): CMN: 47.57  3.22  2.14  7.13  1.68 -4.25 -2.78 -1.29 -0.91 -1.64 -2.55  2.97 -7.18 
utt>   676               cen6-mmdg-b  309    0    80 12  2 3 2.919109e-12 -1.928384e+02 -5.958708e+04
INFO: cmn.c(133): CMN: 47.59  6.41  0.80 10.66  1.71 -4.27 -2.32 -4.03  2.02 -5.52 -7.16  5.99 -8.56 
utt>   677               cen7-mmdg-b  539    0   128 13  1 3 2.697686e-12 -1.958912e+02 -1.055854e+05
INFO: cmn.c(133): CMN: 48.16  3.58 -0.75 10.43  1.76 -2.20 -0.30 -7.13  1.76 -3.29 -9.10  7.58 -7.95 
utt>   678               cen8-mmdg-b  297    0    80 13  1 3 2.892931e-12 -1.971700e+02 -5.855949e+04
INFO: cmn.c(133): CMN: 39.98  4.18 -3.68  7.49 -1.23 -4.66 -6.93 -2.71 -4.06 -1.32  3.96 -5.01  2.68 
utt>   679              an361-mmkw-b  407    0    76 18  1 3 1.620926e-12 -1.872402e+02 -7.620676e+04
INFO: cmn.c(133): CMN: 39.30 -7.63  6.61 20.63  3.80 -7.96 -6.79  3.48 -4.99 -5.60  0.15 -5.65  2.55 
utt>   680              an362-mmkw-b  418    0    68 15  1 2 2.171640e-12 -1.874883e+02 -7.837012e+04
INFO: cmn.c(133): CMN: 38.73 -5.44  1.43 13.77  1.85 -3.09 -8.98  2.44 -6.35 -3.03  3.61 -8.11  1.50 
utt>   681              an363-mmkw-b  619    0   164 16  1 3 1.967789e-12 -1.936010e+02 -1.198390e+05
INFO: cmn.c(133): CMN: 34.87 -0.73 -1.04  4.25 -12.14  2.66 -6.24  2.47 -4.81 -4.11  3.61 -6.92 10.55 
utt>   682              an364-mmkw-b   79    0    24 14  2 3 3.405614e-12 -1.943274e+02 -1.535186e+04
INFO: cmn.c(133): CMN: 41.08 -5.16 -2.69 20.25  1.60 -9.70 -12.80  4.53 -0.29 -6.06  1.11 -6.39  4.59 
utt>   683              an365-mmkw-b  407    0    76 14  1 3 1.884284e-12 -1.869638e+02 -7.609428e+04
INFO: cmn.c(133): CMN: 39.59 -3.38  1.46 17.46  3.69 -13.19 -6.19  1.11 -1.14 -3.57 -0.20 -5.76  4.26 
utt>   684               an59-mmkw-b  521    0   112 15  1 3 2.108708e-12 -1.911577e+02 -9.959315e+04
INFO: cmn.c(133): CMN: 43.85  4.79 -2.41  1.84 -0.28 -6.59 -1.69 -1.60  1.06 -1.58  3.40 -3.59  2.46 
utt>   685               cen1-mmkw-b  476    0    80 18  1 2 2.194575e-12 -1.913152e+02 -9.106603e+04
INFO: cmn.c(133): CMN: 45.23 -1.91  2.24 21.15  1.72 -6.93 -6.48  3.40 -4.16 -6.01  2.67 -6.56  3.98 
utt>   686               cen2-mmkw-b  439    0    76 19  1 3 2.326585e-12 -1.904102e+02 -8.359009e+04
INFO: cmn.c(133): CMN: 48.20 -3.29 -3.03 14.75  9.99 -5.58 -10.43 -1.28 -3.23 -7.55  0.55 -8.10  0.30 
utt>   687               cen3-mmkw-b  193    0    48 14  2 3 3.286481e-12 -1.923034e+02 -3.711455e+04
INFO: cmn.c(133): CMN: 44.44  0.73  0.21 17.71 -2.94 -5.60 -3.32  0.68 -1.83 -3.83  0.54 -4.56  5.10 
utt>   688               cen4-mmkw-b  502    0    72 15  1 2 1.854949e-12 -1.901986e+02 -9.547969e+04
INFO: cmn.c(133): CMN: 45.83  5.57 -2.27 13.21  6.23 -8.20 -10.17  1.88 -3.03 -3.22  4.24 -8.59  7.06 
utt>   689               cen5-mmkw-b  409    0    56 14  1 2 1.181285e-12 -1.896358e+02 -7.756106e+04
INFO: cmn.c(133): CMN: 46.51 -5.08 -0.27  7.24  7.50 -1.28 -10.73  0.85  2.53 -6.49 -1.82 -6.04  3.25 
utt>   690               cen6-mmkw-b  336    0    68 15  1 3 2.608351e-12 -1.902962e+02 -6.393952e+04
INFO: cmn.c(133): CMN: 40.95  1.53 -6.44 11.33  3.79 -4.15 -7.80 -1.42  0.43 -4.92 -1.12 -4.58  3.18 
utt>   691               cen7-mmkw-b  620    0   116 16  1 3 1.606519e-12 -1.912919e+02 -1.186010e+05
INFO: cmn.c(133): CMN: 43.55 -1.74 -2.48 15.82  5.28 -7.01 -8.20  4.25 -5.18 -9.18 -3.05 -6.97  4.14 
utt>   692               cen8-mmkw-b  356    0   104 16  2 4 3.491721e-12 -1.935859e+02 -6.891659e+04
INFO: cmn.c(133): CMN: 40.71  7.21  4.56  5.77  2.31  4.20 -9.19 -3.10 -3.62 -4.72  1.92 -1.20 -4.70 
utt>   693              an381-mmsh-b  239    0   104 15  2 4 4.181517e-12 -1.979390e+02 -4.730741e+04
INFO: cmn.c(133): CMN: 41.57  2.40  7.06 16.26  5.28 -1.33 -7.41  3.43 -6.83 -3.95  4.86 -4.44 -6.17 
utt>   694              an382-mmsh-b  269    0    80 15  2 3 3.438089e-12 -1.947599e+02 -5.239041e+04
INFO: cmn.c(133): CMN: 38.61 -4.26  9.86 11.04  1.83  3.52 -4.81 -3.79  2.66 -0.41  1.08 -6.43 -4.55 
utt>   695              an383-mmsh-b  125    0    60 13  2 4 6.968653e-12 -1.951692e+02 -2.439615e+04
INFO: cmn.c(133): CMN: 39.75  6.95  7.37  7.96  4.70  2.38 -10.77 -1.33 -3.23 -3.34  1.95 -3.17 -5.08 
utt>   696              an384-mmsh-b  249    0    96 14  2 4 1.917217e-12 -1.960548e+02 -4.881764e+04
INFO: cmn.c(133): CMN: 32.33 10.67  4.55  3.43 -9.64  4.22 -2.48  0.68 -3.00 -5.66  2.11  1.33 -7.59 
utt>   697              an385-mmsh-b   64    0    16 7  1 3 1.716150e-12 -1.824230e+02 -1.167507e+04
INFO: cmn.c(133): CMN: 46.71  0.20  5.07 14.99 -0.84 -1.90 -11.39 -0.79 -1.00 -4.81  6.05 -0.58 -6.11 
utt>   698               cen1-mmsh-b  246    0    84 15  2 4 2.763606e-12 -1.932939e+02 -4.755029e+04
INFO: cmn.c(133): CMN: 40.02  8.23  2.83 11.20  5.50 -1.70 -12.27 -0.47  5.66 -1.42  2.98 -0.04 -1.05 
utt>   699               cen2-mmsh-b  129    0    36 13  2 4 2.757156e-12 -1.899007e+02 -2.449720e+04
INFO: cmn.c(133): CMN: 38.02  7.60  1.38  2.36 -2.39  5.84 -4.65 -3.36  6.03 -8.50 -2.49  1.46  0.34 
utt>   700               cen3-mmsh-b  129    0    44 13  2 4 2.109543e-12 -1.905465e+02 -2.458050e+04
INFO: cmn.c(133): CMN: 39.70  0.07  5.04 24.56  6.28 -3.98 -11.91  1.86 -1.76 -5.14  4.34 -7.19 -8.52 
utt>   701               cen4-mmsh-b  301    0    80 17  2 3 3.314478e-12 -1.916394e+02 -5.768345e+04
INFO: cmn.c(133): CMN: 43.56 18.03  3.44  2.69 -7.58  0.51 -9.44 -0.75 -5.72 -9.99  8.95  5.44 -7.26 
utt>   702               cen5-mmsh-b  201    0    60 16  2 4 4.164903e-12 -1.934363e+02 -3.888069e+04
INFO: cmn.c(133): CMN: 39.99 14.44  6.70  6.39  0.13 -0.04 -11.15  2.92 -5.39 -5.48  4.54 -1.76 -6.38 
utt>   703               cen6-mmsh-b  136    0    52 14  2 4 4.002981e-12 -1.962037e+02 -2.668371e+04
INFO: cmn.c(133): CMN: 39.94  3.84  3.06 11.11  6.74 -2.10 -14.74 -1.35  0.79 -2.66 -1.85 -0.50 -8.63 
utt>   704               cen7-mmsh-b  197    0    92 14  2 4 3.651472e-12 -1.962001e+02 -3.865142e+04
INFO: cmn.c(133): CMN: 38.42  0.90  5.48 16.10  5.68  0.19 -11.62 -5.00  6.21 -4.63 -1.15 -5.88 -3.37 
utt>   705               cen8-mmsh-b  200    0   112 17  2 4 2.331921e-12 -1.977774e+02 -3.955548e+04
INFO: cmn.c(133): CMN: 50.93  6.29  0.28  5.95 -6.82  8.91 -11.15 -7.18  2.33 -10.65  7.66 -2.29 -1.09 
utt>   706              an386-mmtm-b  239    0    76 12  2 4 3.565247e-12 -1.953729e+02 -4.669412e+04
INFO: cmn.c(133): CMN: 53.33  8.16 -5.61 23.51 -4.78  6.03 -14.36 -6.92  6.91 -19.19 15.38 -7.53  2.50 
utt>   707              an387-mmtm-b  252    0    68 17  1 3 2.591809e-12 -1.891536e+02 -4.766672e+04
overall> stats 59439 (-0) -1.921296e+02 -1.141999e+07

INFO: s3mixw_io.c(233): Wrote /home/rakha/Kuliah/Semester8/nlp/speech-sphinx/train-new-model/an4-master/bwaccumdir/an4_buff_3/mixw_counts [302x4x64 array]
INFO: s3tmat_io.c(176): Wrote /home/rakha/Kuliah/Semester8/nlp/speech-sphinx/train-new-model/an4-master/bwaccumdir/an4_buff_3/tmat_counts [34x3x4 array]
INFO: s3gau_io.c(485): Wrote /home/rakha/Kuliah/Semester8/nlp/speech-sphinx/train-new-model/an4-master/bwaccumdir/an4_buff_3/gauden_counts with means with vars (2pass) [34x4x64 vector arrays]
INFO: main.c(999): Counts saved to /home/rakha/Kuliah/Semester8/nlp/speech-sphinx/train-new-model/an4-master/bwaccumdir/an4_buff_3
Mon May 23 22:40:18 2022
