        INFO: main.c(229): Compiled on May 22 2022 at 21:52:28
Current configuration:
[NAME]		[DEFLT]		[VALUE]
-2passvar	no		yes
-abeam		1e-100		1.000000e-90
-accumdir			/home/rakha/Kuliah/Semester8/nlp/speech-sphinx/train-new-model/an4-master/bwaccumdir/an4_buff_3
-agc		none		none
-agcthresh	2.0		2.000000e+00
-bbeam		1e-100		1.000000e-10
-cb2mllrfn	.1cls.		.1cls.
-cepdir				/home/rakha/Kuliah/Semester8/nlp/speech-sphinx/train-new-model/an4-master/feat
-cepext		mfc		sph
-ceplen		13		13
-ckptintv			0
-cmn		live		batch
-cmninit	40,3,-1		40,3,-1
-ctlfn				/home/rakha/Kuliah/Semester8/nlp/speech-sphinx/train-new-model/an4-master/etc/an4_train.fileids
-diagfull	no		no
-dictfn				/home/rakha/Kuliah/Semester8/nlp/speech-sphinx/train-new-model/an4-master/etc/an4.dic
-example	no		no
-fdictfn			/home/rakha/Kuliah/Semester8/nlp/speech-sphinx/train-new-model/an4-master/etc/an4.filler
-feat		1s_c_d_dd	s2_4x
-fullvar	no		no
-help		no		no
-hmmdir				
-latdir				
-latext				
-lda				
-ldadim		0		0
-lsnfn				/home/rakha/Kuliah/Semester8/nlp/speech-sphinx/train-new-model/an4-master/etc/an4_train.transcription
-lw		11.5		1.150000e+01
-maxuttlen	0		0
-meanfn				/home/rakha/Kuliah/Semester8/nlp/speech-sphinx/train-new-model/an4-master/model_parameters/an4.cd_ptm_200/means
-meanreest	yes		yes
-mixwfn				/home/rakha/Kuliah/Semester8/nlp/speech-sphinx/train-new-model/an4-master/model_parameters/an4.cd_ptm_200/mixture_weights
-mixwreest	yes		yes
-mllrmat			
-mmie		no		no
-mmie_type	rand		rand
-moddeffn			/home/rakha/Kuliah/Semester8/nlp/speech-sphinx/train-new-model/an4-master/model_architecture/an4.200.mdef
-mwfloor	0.00001		1.000000e-05
-npart				4
-nskip				0
-outphsegdir			
-outputfullpath	no		no
-part				3
-pdumpdir			
-phsegdir			
-phsegext	phseg		phseg
-runlen		-1		-1
-sentdir			
-sentext	sent		sent
-spthresh	0.0		0.000000e+00
-svspec				
-timing		yes		no
-tmatfn				/home/rakha/Kuliah/Semester8/nlp/speech-sphinx/train-new-model/an4-master/model_parameters/an4.cd_ptm_200/transition_matrices
-tmatreest	yes		yes
-topn		4		64
-tpfloor	0.0001		1.000000e-05
-ts2cbfn			.ptm.
-varfloor	0.00001		1.000000e-04
-varfn				/home/rakha/Kuliah/Semester8/nlp/speech-sphinx/train-new-model/an4-master/model_parameters/an4.cd_ptm_200/variances
-varnorm	no		no
-varreest	yes		yes
-viterbi	no		no

INFO: feat.c(715): Initializing feature stream to type: 's2_4x', ceplen=13, CMN='batch', VARNORM='no', AGC='none'
INFO: main.c(318): Reading /home/rakha/Kuliah/Semester8/nlp/speech-sphinx/train-new-model/an4-master/model_architecture/an4.200.mdef
INFO: model_def_io.c(573): Model definition info:
INFO: model_def_io.c(574): 6406 total models defined (34 base, 6372 tri)
INFO: model_def_io.c(575): 25624 total states
INFO: model_def_io.c(576): 302 total tied states
INFO: model_def_io.c(577): 102 total tied CI states
INFO: model_def_io.c(578): 34 total tied transition matrices
INFO: model_def_io.c(579): 4 max state/model
INFO: model_def_io.c(580): 4 min state/model
INFO: s3mixw_io.c(117): Read /home/rakha/Kuliah/Semester8/nlp/speech-sphinx/train-new-model/an4-master/model_parameters/an4.cd_ptm_200/mixture_weights [302x4x64 array]
INFO: s3tmat_io.c(118): Read /home/rakha/Kuliah/Semester8/nlp/speech-sphinx/train-new-model/an4-master/model_parameters/an4.cd_ptm_200/transition_matrices [34x3x4 array]
INFO: mod_inv.c(301): inserting tprob floor 1.000000e-05 and renormalizing
INFO: s3gau_io.c(169): Read /home/rakha/Kuliah/Semester8/nlp/speech-sphinx/train-new-model/an4-master/model_parameters/an4.cd_ptm_200/means [34x4x64 array]
INFO: s3gau_io.c(169): Read /home/rakha/Kuliah/Semester8/nlp/speech-sphinx/train-new-model/an4-master/model_parameters/an4.cd_ptm_200/variances [34x4x64 array]
INFO: gauden.c(176): 34 total mgau
INFO: gauden.c(150): 4 feature streams (|0|=12 |1|=24 |2|=3 |3|=12 )
INFO: gauden.c(187): 64 total densities
INFO: gauden.c(90): min_var=1.000000e-04
INFO: gauden.c(165): compute 64 densities/frame
INFO: main.c(431): Will reestimate mixing weights.
INFO: main.c(433): Will reestimate means.
INFO: main.c(435): Will reestimate variances.
INFO: main.c(443): Will reestimate transition matrices
INFO: main.c(456): Reading main dictionary: /home/rakha/Kuliah/Semester8/nlp/speech-sphinx/train-new-model/an4-master/etc/an4.dic
INFO: lexicon.c(221): 130 entries added from /home/rakha/Kuliah/Semester8/nlp/speech-sphinx/train-new-model/an4-master/etc/an4.dic
INFO: main.c(466): Reading filler dictionary: /home/rakha/Kuliah/Semester8/nlp/speech-sphinx/train-new-model/an4-master/etc/an4.filler
INFO: lexicon.c(221): 3 entries added from /home/rakha/Kuliah/Semester8/nlp/speech-sphinx/train-new-model/an4-master/etc/an4.filler
INFO: corpus.c(403): skipping 472 utts.
INFO: corpus.c(407): Last utt skipped: cen5-mema-b
INFO: corpus.c(1065): Will process 236 utts starting at 472
INFO: main.c(665): Reestimation: Baum-Welch
INFO: cmn.c(133): CMN: 47.73 10.04 -1.86  7.02  0.90 -0.11 -0.22 -2.90 -4.72  2.53 -4.56 -1.79 -4.35 
column defns
	<seq>
	<id>
	<n_frame_in>
	<n_frame_del>
	<n_state_shmm>
	<avg_states_alpha>
	<avg_states_beta>
	<avg_states_reest>
	<avg_posterior_prune>
	<frame_log_lik>
	<utt_log_lik>
	... timing info ... 
utt>   472               cen6-mema-b  162    0    68 14  2 4 5.781693e-12 -1.939209e+02 -3.141518e+04
INFO: cmn.c(133): CMN: 47.87  1.92 -4.61 19.47  8.96 -5.04 -0.55 -2.87  0.13 -5.04 -8.80 -0.06 -4.85 
utt>   473               cen7-mema-b  216    0    76 13  2 4 2.638923e-12 -1.955136e+02 -4.223094e+04
INFO: cmn.c(133): CMN: 44.18  2.42 -1.66 11.85  4.31 -1.77 -1.11 -0.69 -2.41  1.94 -4.39  0.46 -1.21 
utt>   474               cen8-mema-b  349    0   108 17  1 3 3.354558e-12 -1.900377e+02 -6.632315e+04
INFO: cmn.c(133): CMN: 43.39 15.29 -4.20 13.91 -14.24  4.52  2.73 -5.89 -8.56 -4.43 -3.45 -7.87 -1.81 
utt>   475              an256-mewl-b   63    0    16 9  2 4 2.012919e-12 -1.882763e+02 -1.186141e+04
INFO: cmn.c(133): CMN: 47.65  6.28 -1.33 15.39 -10.85  4.20 -5.83 -2.46 -5.57 -4.26 -2.68 -4.66 -2.64 
utt>   476              an257-mewl-b  595    0   192 17  2 3 3.009117e-12 -1.964595e+02 -1.168934e+05
INFO: cmn.c(133): CMN: 44.10  6.86 -2.38 12.79 -2.35  5.47 -8.04 -4.87 -3.70 -8.36 -2.29 -4.42 -3.16 
utt>   477              an258-mewl-b  196    0    44 15  2 3 2.633992e-12 -1.913037e+02 -3.749552e+04
INFO: cmn.c(133): CMN: 37.76 -2.44  0.60 12.33  1.23  5.43 -5.65 -4.31 -1.45 -7.39 -4.00  0.89 -2.81 
utt>   478              an259-mewl-b  139    0    28 17  1 3 2.011392e-12 -1.905119e+02 -2.648116e+04
INFO: cmn.c(133): CMN: 43.79  5.22 -5.38 24.84 -6.45  0.61 -7.50 -5.59 -2.84 -7.74  0.03 -2.17 -7.20 
utt>   479              an260-mewl-b  338    0    72 17  1 2 2.028108e-12 -1.906397e+02 -6.443623e+04
INFO: cmn.c(133): CMN: 40.97  3.22  1.29 24.34 -7.52  2.62  1.80 -4.11 -3.74 -7.99 -2.41 -4.24 -3.80 
utt>   480               cen1-mewl-b  426    0    64 17  1 2 1.703987e-12 -1.920759e+02 -8.182433e+04
INFO: cmn.c(133): CMN: 49.59  2.84 -3.93 23.44 -10.83  4.83 -10.51 -1.79 -2.14 -8.24  1.48 -2.30 -4.51 
utt>   481               cen2-mewl-b  137    0    32 11  1 3 1.319349e-12 -1.933034e+02 -2.648257e+04
INFO: cmn.c(133): CMN: 40.48  0.23  0.51 12.44 -5.58  4.18 -4.33 -8.44 -5.76 -7.32  1.11 -5.32 -4.79 
utt>   482               cen3-mewl-b  319    0    64 16  1 3 2.708982e-12 -1.906862e+02 -6.082891e+04
INFO: cmn.c(133): CMN: 46.38  9.46 -2.41 19.92 -7.04  0.48 -5.26 -6.20  0.49 -5.91  1.58 -1.14 -7.55 
utt>   483               cen4-mewl-b  473    0   116 14  2 3 2.718876e-12 -1.909015e+02 -9.029641e+04
INFO: cmn.c(133): CMN: 45.21  0.81  0.05 28.69 -7.25 -1.24 -2.68 -2.24 -2.97 -6.67 -2.08 -2.78 -6.52 
utt>   484               cen5-mewl-b  349    0    84 12  1 3 3.029597e-12 -1.901037e+02 -6.634619e+04
INFO: cmn.c(133): CMN: 44.95 11.53  0.10 14.58 -4.08  2.91 -1.19 -7.37  0.36 -9.05  0.51 -3.05 -9.49 
utt>   485               cen6-mewl-b  199    0    72 14  2 4 3.768186e-12 -1.957453e+02 -3.895331e+04
INFO: cmn.c(133): CMN: 47.93 -0.57 -1.93 16.49 -5.01  6.35 -15.76 -4.67  4.04 -8.08  3.35 -6.84 -5.42 
utt>   486               cen7-mewl-b  259    0    88 13  2 4 3.898927e-12 -1.960268e+02 -5.077095e+04
INFO: cmn.c(133): CMN: 45.63  7.04 -1.13  9.20 -7.55  2.00 -4.66 -0.78 -2.22 -4.00 -1.30 -4.19 -4.19 
utt>   487               cen8-mewl-b  263    0    84 17  2 3 1.525397e-12 -1.930627e+02 -5.077549e+04
INFO: cmn.c(133): CMN: 42.47 -1.46  1.70 25.69  3.09 -7.28 -2.74 -2.58  2.23 -12.39  1.02 -0.69 -6.09 
utt>   488              an161-mfaa-b  259    0    84 14  2 4 1.864475e-12 -1.960251e+02 -5.077049e+04
INFO: cmn.c(133): CMN: 45.35  4.46 -2.51 19.37  3.09 -9.08 -3.04 -11.15  6.85 -12.00  0.23  2.42 -2.09 
utt>   489              an162-mfaa-b  309    0    84 13  2 3 2.496035e-12 -1.954557e+02 -6.039580e+04
INFO: cmn.c(133): CMN: 42.97  6.23 -3.60 15.69  5.40 -8.76 -5.18 -5.31  3.59 -3.03  0.03  2.46 -1.02 
utt>   490              an163-mfaa-b  239    0    76 16  2 3 2.792553e-12 -1.956861e+02 -4.676898e+04
INFO: cmn.c(133): CMN: 43.49 -0.58  5.90 21.86  6.19 -6.77 -2.75 -1.82 -0.15 -4.79  4.97 -0.71 -6.69 
utt>   491              an164-mfaa-b  218    0    60 18  2 3 2.897518e-12 -1.950004e+02 -4.251008e+04
INFO: cmn.c(133): CMN: 43.20  4.71 -3.17 15.21  2.22 -11.51 -4.13 -9.58  3.96 -8.63  1.31  1.39 -4.59 
utt>   492              an165-mfaa-b  273    0    56 14  1 3 2.349798e-12 -1.910605e+02 -5.215951e+04
INFO: cmn.c(133): CMN: 44.27  8.42  1.59 16.86 -3.17 -9.79 -4.79 -4.77 -3.68 -10.23  4.73 -1.37 -0.95 
utt>   493               cen1-mfaa-b  199    0    44 14  2 3 2.309451e-12 -1.929235e+02 -3.839177e+04
INFO: cmn.c(133): CMN: 46.69 13.05 -4.17 -1.77 -10.86 -6.72 -2.53 -8.35  3.24  0.28  9.51  0.05 -1.74 
utt>   494               cen2-mfaa-b  107    0    28 11  2 3 5.546130e-12 -1.928804e+02 -2.063821e+04
INFO: cmn.c(133): CMN: 46.46  6.52 -2.55  7.31 -5.18 -1.73 -2.46 -8.35  0.88 -1.19  1.97 -2.60 -2.74 
utt>   495               cen3-mfaa-b  141    0    64 12  2 4 6.032629e-12 -1.946031e+02 -2.743904e+04
INFO: cmn.c(133): CMN: 50.52 11.15 -6.44  6.52 -2.64 -11.29 -1.55 -12.94  0.86 -3.34  4.55  1.83 -3.91 
utt>   496               cen4-mfaa-b  243    0    76 14  2 3 2.152692e-12 -1.955160e+02 -4.751039e+04
INFO: cmn.c(133): CMN: 43.80  1.42  2.10 20.37 -0.12 -6.06 -2.88 -3.12 -1.91 -8.96  0.85 -0.22 -5.20 
utt>   497               cen5-mfaa-b  329    0    84 12  2 3 2.708803e-12 -1.912726e+02 -6.292869e+04
INFO: cmn.c(133): CMN: 44.99  5.45  0.81  5.11 -6.79 -3.43  1.64 -6.86 -6.33 -0.09  5.83  0.41 -1.82 
utt>   498               cen6-mfaa-b  174    0    80 12  2 4 4.790697e-12 -1.972019e+02 -3.431313e+04
INFO: cmn.c(133): CMN: 46.25  5.47 -0.49 11.44 -1.86 -3.37 -5.65 -8.98  2.87 -5.93  1.30 -1.20 -4.65 
utt>   499               cen7-mfaa-b  225    0    80 12  2 4 4.419319e-12 -1.956244e+02 -4.401548e+04
INFO: cmn.c(133): CMN: 41.69  5.63  1.11 15.07  2.03 -7.10 -2.76 -6.52  1.10 -3.48 -0.66 -0.90 -1.57 
utt>   500               cen8-mfaa-b  199    0    80 14  2 4 4.660477e-12 -1.964984e+02 -3.910319e+04
INFO: cmn.c(133): CMN: 47.04  4.23 -3.37 19.65 -10.02  7.10 -2.60 -13.03 12.68 -2.55 -2.63 -3.32  0.73 
utt>   501              an196-mgah-b  196    0    60 13  2 4 3.029979e-12 -1.909928e+02 -3.743459e+04
INFO: cmn.c(133): CMN: 46.35 11.88 -6.41 15.46 -12.91  2.84 -0.76 -13.93 11.98 -3.15 -3.27 -2.50  1.20 
utt>   502              an197-mgah-b  188    0    68 12  2 4 4.540067e-12 -1.943095e+02 -3.653019e+04
INFO: cmn.c(133): CMN: 44.79  3.76 -2.28 16.46 -10.21  4.61 -2.84 -8.96 10.25 -1.67 -1.48 -2.19  0.91 
utt>   503              an198-mgah-b  239    0    72 13  2 4 3.520175e-12 -1.900553e+02 -4.542322e+04
INFO: cmn.c(133): CMN: 42.16 14.66 -6.34 17.84 -12.52  6.94  0.92 -8.98  8.15 -5.47  5.43 -3.01  2.70 
utt>   504              an199-mgah-b   87    0    16 9  2 4 2.652537e-12 -1.826915e+02 -1.589416e+04
INFO: cmn.c(133): CMN: 42.47 -1.27 -5.45  8.86 -6.39  8.39 -6.72 -11.74  6.75 -4.24 -0.30  2.71  3.75 
utt>   505              an200-mgah-b   99    0    28 14  2 4 1.921106e-12 -2.008168e+02 -1.988086e+04
INFO: cmn.c(133): CMN: 42.69  2.97 -7.06 21.09 -13.89 -2.27  0.77 -4.10  7.05 -3.73  3.01 -1.60 -2.25 
utt>   506               cen1-mgah-b  234    0    28 12  1 2 2.164782e-12 -1.898903e+02 -4.443433e+04
INFO: cmn.c(133): CMN: 46.52  3.75 -5.85 41.95 -14.67  2.09  2.92 -11.75 14.67 -10.04  6.85 -7.67  5.88 
utt>   507               cen2-mgah-b  242    0    44 15  1 3 1.536556e-12 -1.836729e+02 -4.444883e+04
INFO: cmn.c(133): CMN: 44.98  8.57 -4.70 24.41 -7.43  7.65 -0.08 -17.15 14.36 -5.06  0.50 -6.39 -0.34 
utt>   508               cen3-mgah-b  199    0    48 14  1 3 2.141386e-12 -1.866538e+02 -3.714411e+04
INFO: cmn.c(133): CMN: 43.37  6.64 -8.30 20.50 -13.56  1.92 -4.17 -7.13 12.04 -5.82  3.51 -1.77 -0.73 
utt>   509               cen4-mgah-b  317    0    52 14  1 3 2.104101e-12 -1.827715e+02 -5.793855e+04
INFO: cmn.c(133): CMN: 46.71  3.60 -7.02 30.60 -12.09 -1.46 -0.64 -5.11  8.73 -6.94  1.82 -1.59 -2.40 
utt>   510               cen5-mgah-b  479    0    84 13  1 3 2.778493e-12 -1.827885e+02 -8.755568e+04
INFO: cmn.c(133): CMN: 49.92 12.65 -10.97 20.84 -15.25  1.44  4.63 -12.44 11.45 -4.61  3.07 -4.00 -2.53 
utt>   511               cen6-mgah-b  215    0    72 12  2 4 3.112641e-12 -1.867420e+02 -4.014953e+04
INFO: cmn.c(133): CMN: 46.70  7.26 -5.97 18.72 -11.07  3.97 -2.47 -10.78  8.26 -4.77 -1.26 -1.57 -0.03 
utt>   512               cen7-mgah-b  364    0   100 14  2 3 4.185276e-12 -1.866257e+02 -6.793176e+04
INFO: cmn.c(133): CMN: 45.53  2.90 -2.18 17.80 -11.29  5.40 -1.19 -8.78 11.87 -6.20  2.68 -3.77 -2.21 
utt>   513               cen8-mgah-b  349    0   132 16  2 4 2.997408e-12 -1.939992e+02 -6.770573e+04
INFO: cmn.c(133): CMN: 42.13  7.83 -2.75  1.55 -8.40  1.61 -6.17 -0.26 -3.53 -1.33  0.74  2.42 -3.62 
utt>   514              an246-mjbh-b   70    0    24 11  2 4 5.228893e-12 -1.909507e+02 -1.336655e+04
INFO: cmn.c(133): CMN: 39.33  7.83 -2.80  5.60 -4.74  5.84 -5.37 -1.68 -4.36 -3.90  0.95  6.30 -1.53 
utt>   515              an247-mjbh-b   79    0    16 9  1 3 6.237827e-13 -1.811681e+02 -1.431228e+04
INFO: cmn.c(133): CMN: 52.70  7.51  1.46 12.93 -12.11 -2.13 -12.00  0.44  0.53 -4.27  0.42  3.88 -6.54 
utt>   516              an248-mjbh-b  184    0    64 13  2 4 2.450498e-12 -1.952191e+02 -3.592032e+04
INFO: cmn.c(133): CMN: 42.95 -2.54  0.32  0.69 -7.68  3.98 -4.65 -1.39 -1.88  4.01  1.30  2.39 -4.09 
utt>   517              an249-mjbh-b   89    0    24 13  2 4 3.913449e-12 -1.881467e+02 -1.674506e+04
INFO: cmn.c(133): CMN: 47.09 -5.10  1.96  4.41 -5.41 -1.39 -10.00  1.89 -2.09  2.91  0.55  1.21 -1.29 
utt>   518              an250-mjbh-b   72    0    20 10  2 4 9.512618e-13 -1.916972e+02 -1.380220e+04
INFO: cmn.c(133): CMN: 53.90 -0.43 -6.29 28.72 -8.41 -2.64 -15.88 -0.75 -1.08 -2.56 -2.53  5.08 -3.71 
utt>   519               cen1-mjbh-b  253    0    68 12  1 3 4.098774e-12 -1.917286e+02 -4.850733e+04
INFO: cmn.c(133): CMN: 54.14  1.43 -5.39 23.98 -11.27 -3.20 -17.09  0.09 -0.79 -6.54  0.31  2.51  3.34 
utt>   520               cen2-mjbh-b  125    0    36 11  2 4 3.033009e-12 -1.923146e+02 -2.403932e+04
INFO: cmn.c(133): CMN: 52.63  0.54 -2.39  5.74 -10.38  7.36 -14.51 -3.33  2.49  0.51 -2.48  1.35 -0.23 
utt>   521               cen3-mjbh-b  146    0    64 12  2 4 4.145250e-12 -1.940610e+02 -2.833291e+04
INFO: cmn.c(133): CMN: 47.71  1.13 -3.35 22.16 -7.27  1.99 -10.97 -2.38  5.23 -1.94  0.41 -0.82  1.71 
utt>   522               cen4-mjbh-b  159    0    40 12  2 4 2.534616e-12 -1.941668e+02 -3.087252e+04
INFO: cmn.c(133): CMN: 48.44 -5.52  3.96 24.93 -8.73  0.77 -8.41  0.45 -0.58 -2.81 -1.72  3.01 -4.10 
utt>   523               cen5-mjbh-b  386    0    84 12  1 3 1.966801e-12 -1.881956e+02 -7.264352e+04
INFO: cmn.c(133): CMN: 49.30 -2.16 -1.10  9.60 -3.65  5.84 -15.22  0.35 -1.51  1.85 -3.04  2.08 -0.52 
utt>   524               cen6-mjbh-b  199    0    76 12  2 4 3.411215e-12 -1.901716e+02 -3.784415e+04
INFO: cmn.c(133): CMN: 49.69 -9.93  1.81 12.07 -1.25  1.26 -19.13  2.17 -0.42  0.32 -8.61  2.17 -0.86 
utt>   525               cen7-mjbh-b  239    0   100 12  2 4 2.934003e-12 -1.946620e+02 -4.652423e+04
INFO: cmn.c(133): CMN: 52.00  0.42 -5.03 21.80 -7.39  1.80 -17.96  4.79 -0.18  0.43 -3.64 -4.51  2.69 
utt>   526               cen8-mjbh-b  201    0    88 14  2 4 2.997931e-12 -1.926336e+02 -3.871935e+04
INFO: cmn.c(133): CMN: 48.24  7.44  2.72 10.74  3.63 -3.92 -2.27 -2.77 -4.89  1.59 -1.89  2.09 -4.87 
utt>   527              an171-mjda-b  354    0    84 14  1 3 2.336869e-12 -1.981137e+02 -7.013225e+04
INFO: cmn.c(133): CMN: 51.80  8.19  9.59  4.17  4.27 -0.27 -9.68 -1.57 -7.17 -3.05 -4.07 -1.75 -4.05 
utt>   528              an172-mjda-b  157    0    68 12  2 4 4.293552e-12 -1.989622e+02 -3.123707e+04
INFO: cmn.c(133): CMN: 53.61  3.54  7.89  5.81 -5.61 -0.75 -4.21 -6.70 -9.73 -3.06 -0.50 -3.00 -5.51 
utt>   529              an173-mjda-b  309    0   116 14  2 3 3.364906e-12 -1.989481e+02 -6.147496e+04
INFO: cmn.c(133): CMN: 48.84  7.19 -3.13  1.82  2.35 -2.59 -5.99 -6.12 -4.96  1.05  1.12  3.45 -4.96 
utt>   530              an174-mjda-b  119    0    32 11  2 3 2.109442e-12 -1.948752e+02 -2.319015e+04
INFO: cmn.c(133): CMN: 40.21  9.28  3.42 -3.04 -10.17  2.20  2.48 -5.02 -1.67  5.32  4.08  3.73 -3.49 
utt>   531              an175-mjda-b   63    0    24 11  2 4 7.698312e-13 -1.991063e+02 -1.254369e+04
INFO: cmn.c(133): CMN: 43.90 -2.54  7.67 17.43 10.35 -5.68 -10.27  1.49 -11.37  3.13 -3.69  2.29 -3.70 
utt>   532               cen1-mjda-b  219    0    48 15  2 3 1.783313e-12 -1.919776e+02 -4.204310e+04
INFO: cmn.c(133): CMN: 47.58 -1.89  9.18 20.65  8.72 -8.38 -15.72 10.91 -15.15 -2.81 -1.31 -0.44 -1.85 
utt>   533               cen2-mjda-b  219    0    40 17  1 3 2.407182e-12 -1.923046e+02 -4.211471e+04
INFO: cmn.c(133): CMN: 43.98 -1.06  3.10  9.23  6.41  4.80 -8.51 -1.17 -3.08  3.50 -1.32 -0.70 -1.86 
utt>   534               cen3-mjda-b  139    0    44 13  2 4 2.701882e-12 -1.927747e+02 -2.679568e+04
INFO: cmn.c(133): CMN: 45.05 -0.83 14.55 26.86 11.71 -8.21 -0.54  9.37 -14.35  4.19  0.21 -3.33 -2.71 
utt>   535               cen4-mjda-b  579    0    88 19  1 3 1.069861e-12 -1.908392e+02 -1.104959e+05
INFO: cmn.c(133): CMN: 48.33  2.02  6.85 21.26  5.32 -1.78 -7.51  5.73 -9.51 -2.84  0.67 -1.13 -5.33 
utt>   536               cen5-mjda-b  409    0    84 14  1 3 2.932707e-12 -1.938918e+02 -7.930176e+04
INFO: cmn.c(133): CMN: 46.33  9.58  4.88  6.81  2.03  0.57 -4.25 -0.86 -3.33 -3.10  0.24  1.25 -7.85 
utt>   537               cen6-mjda-b  199    0    68 12  2 4 2.198361e-12 -1.906522e+02 -3.793979e+04
INFO: cmn.c(133): CMN: 47.54  1.89 -0.27  7.88  3.46  1.89 -13.98 -2.61 -1.63 -6.83 -0.27  1.16 -5.16 
utt>   538               cen7-mjda-b  309    0    80 14  2 3 2.158287e-12 -1.946292e+02 -6.014042e+04
INFO: cmn.c(133): CMN: 50.63  0.29  5.62  8.45 -1.64 -1.16 -10.00 -3.40 -3.14 -5.95 -2.36 -2.33 -4.90 
utt>   539               cen8-mjda-b  270    0   128 15  2 4 3.438745e-12 -1.960847e+02 -5.294286e+04
INFO: cmn.c(133): CMN: 49.58 -7.02  7.84 21.19 -2.85  6.24 -17.94  9.49 -3.34 -8.69 -2.68 -3.21 -1.46 
utt>   540               an16-mjdr-b  245    0    76 12  2 3 2.197343e-12 -1.937679e+02 -4.747314e+04
INFO: cmn.c(133): CMN: 44.44  8.66 -5.01  8.79 -5.34  4.79 -11.04  0.24 -1.98 -10.27  1.90 -6.67 -0.46 
utt>   541               an18-mjdr-b  140    0    68 11  2 4 2.952607e-12 -1.971048e+02 -2.759467e+04
INFO: cmn.c(133): CMN: 44.50  4.25  0.67 12.27 -4.35  4.16 -10.26 -0.90 -1.10 -8.99  5.99 -3.80 -1.34 
utt>   542               an19-mjdr-b  409    0   120 15  2 3 2.254759e-12 -1.935832e+02 -7.917555e+04
INFO: cmn.c(133): CMN: 45.32  1.04  3.15 26.78 -9.29  5.27 -12.46  3.55  0.05 -8.33 -3.20  1.57 -2.92 
utt>   543               an20-mjdr-b  265    0    68 16  1 3 2.530043e-12 -1.903498e+02 -5.044269e+04
INFO: cmn.c(133): CMN: 47.16  4.26 -1.03 18.22 -14.14  8.49 -17.66  6.70 -3.17 -7.39  4.88 -2.35  3.39 
utt>   544               cen1-mjdr-b  279    0    68 14  2 3 2.495302e-12 -1.944426e+02 -5.424948e+04
INFO: cmn.c(133): CMN: 44.03 -4.22 -5.08 19.98 -8.72  2.87 -15.19  2.00 -3.09 -4.59  1.96 -3.58 -2.77 
utt>   545               cen2-mjdr-b  180    0    36 15  2 3 2.966751e-12 -1.890438e+02 -3.402789e+04
INFO: cmn.c(133): CMN: 46.00  2.18  1.84  5.50 -4.51  7.38 -11.58 -7.07  3.87 -10.26  2.15 -5.31 -4.06 
utt>   546               cen3-mjdr-b  169    0    64 12  2 4 1.725477e-12 -1.918256e+02 -3.241853e+04
INFO: cmn.c(133): CMN: 44.45  0.44  0.69 31.99 -11.29  8.92 -13.70  8.49 -3.07 -9.76 -2.10  0.35 -6.37 
utt>   547               cen4-mjdr-b  439    0    84 17  1 3 2.406441e-12 -1.909498e+02 -8.382696e+04
INFO: cmn.c(133): CMN: 50.50  1.29 -2.88 28.55 -11.99  6.60 -16.26  4.71 -0.63 -7.32 -0.67 -1.51 -1.40 
utt>   548               cen5-mjdr-b  309    0    84 12  2 3 1.895311e-12 -1.903586e+02 -5.882080e+04
INFO: cmn.c(133): CMN: 42.36  9.05 -2.56  9.27 -5.22  1.47 -6.70 -0.20 -0.60 -10.61  6.60 -6.66 -5.69 
utt>   549               cen6-mjdr-b  169    0    72 12  2 4 3.541014e-12 -1.953813e+02 -3.301944e+04
INFO: cmn.c(133): CMN: 46.78  6.23 -1.43 14.11 -6.82  3.73 -11.48  1.23  3.32 -19.12  4.92 -7.58 -1.70 
utt>   550               cen7-mjdr-b  289    0   128 12  2 4 3.675195e-12 -1.951714e+02 -5.640454e+04
INFO: cmn.c(133): CMN: 47.27 -4.28  3.98  7.72 -6.95 10.20 -16.89 -2.66 -4.79 -8.17  6.54 -8.89 -1.50 
utt>   551               cen8-mjdr-b  229    0    84 11  2 4 2.082852e-12 -1.939842e+02 -4.442238e+04
INFO: cmn.c(133): CMN: 50.08  7.29 -9.93 25.25 -7.35 -5.96 -0.23 -5.33  1.97 -7.77  2.29 -0.14 -1.07 
utt>   552              an156-mjes-b  303    0   120 13  2 4 3.262097e-12 -1.960241e+02 -5.939530e+04
INFO: cmn.c(133): CMN: 45.73  6.31 -9.30 22.75  3.65 -1.66 -0.27 -7.60  3.08 -1.53  0.28 -3.80  2.64 
utt>   553              an157-mjes-b  110    0    56 13  2 4 3.949168e-12 -1.968852e+02 -2.165737e+04
INFO: cmn.c(133): CMN: 47.12  6.58 -6.32 27.73 -6.12 -2.76  4.58 -5.69  4.09 -8.34  3.62 -4.70 -1.44 
utt>   554              an158-mjes-b  339    0   128 15  2 4 3.309736e-12 -1.947237e+02 -6.601134e+04
INFO: cmn.c(133): CMN: 36.72  0.64 -7.69  3.19 -8.11  1.27  1.66 -2.41  2.33 -2.30  0.12  2.10 -3.70 
utt>   555              an159-mjes-b   79    0    24 14  2 3 1.921909e-12 -1.997387e+02 -1.577935e+04
INFO: cmn.c(133): CMN: 48.38  5.47 -10.33 29.05 -7.47 -3.50  2.29 -6.85  2.61 -9.89  3.34 -5.85 -3.59 
utt>   556              an160-mjes-b  379    0   136 14  2 4 3.112744e-12 -1.937729e+02 -7.343995e+04
INFO: cmn.c(133): CMN: 43.66  8.71 -6.97 18.92 -0.59 -4.96 -0.06 -3.14  3.95 -2.43  6.34 -2.76  1.77 
utt>   557               cen1-mjes-b  219    0    72 14  2 4 2.614708e-12 -1.936053e+02 -4.239955e+04
INFO: cmn.c(133): CMN: 48.45 10.08 -14.35 29.10 -10.96 -11.37 -0.22 -3.42 -0.71 -8.01  8.11 -2.59  4.77 
utt>   558               cen2-mjes-b  229    0    60 15  2 4 3.857072e-12 -1.890782e+02 -4.329891e+04
INFO: cmn.c(133): CMN: 38.90 10.04 -8.91 21.11 -0.83 -2.55  0.82 -5.03 -1.17 -1.87 -3.91 -3.64  2.22 
utt>   559               cen3-mjes-b   68    0    24 12  2 4 3.103779e-12 -1.897400e+02 -1.290232e+04
INFO: cmn.c(133): CMN: 42.98  3.00 -6.37 27.73 -8.09 -7.68 -1.78 -2.49 -2.54 -7.53  5.33 -6.39  4.40 
utt>   560               cen4-mjes-b  388    0   100 17  2 4 2.708927e-12 -1.893164e+02 -7.345476e+04
INFO: cmn.c(133): CMN: 47.35 17.00 -18.57 25.50 -16.75 -4.60 -0.01  2.02  2.41 -4.79  8.53 -2.66  1.85 
utt>   561               cen5-mjes-b  213    0    76 13  2 4 3.483382e-12 -1.942547e+02 -4.137625e+04
INFO: cmn.c(133): CMN: 46.09 16.27 -12.54 19.56 -14.75 -2.17 -0.46 -5.44 -10.69 -8.94 13.13 -8.57 11.19 
utt>   562               cen6-mjes-b  130    0    48 14  2 4 4.173289e-12 -1.951996e+02 -2.537595e+04
INFO: cmn.c(133): CMN: 46.36  7.87 -10.55 15.31 -7.36  0.89 -1.12 -4.35  1.83 -7.08  6.12 -5.34  0.51 
utt>   563               cen7-mjes-b  339    0   124 13  2 4 3.558719e-12 -1.949438e+02 -6.608594e+04
INFO: cmn.c(133): CMN: 47.09  3.76 -9.56 16.28 -2.17 -2.99  0.47  1.51  3.29 -6.27  8.56 -8.21  1.17 
utt>   564               cen8-mjes-b  231    0   128 15  2 5 4.217150e-12 -2.039413e+02 -4.711044e+04
INFO: cmn.c(133): CMN: 42.25  9.22 -6.84 33.06 -3.44 -5.27 -6.23 -3.08 -2.41 -5.61  1.84 -1.86 -1.68 
utt>   565              an216-mjgk-b  243    0    84 15  2 4 3.582042e-12 -1.887042e+02 -4.585512e+04
INFO: cmn.c(133): CMN: 41.29  3.91 -3.33 17.48 -3.29  1.38 -13.32 -0.06  0.92 -5.74  1.34 -2.89  1.71 
utt>   566              an217-mjgk-b  149    0    48 13  2 4 4.884565e-12 -1.896916e+02 -2.826405e+04
INFO: cmn.c(133): CMN: 36.18 -1.66 -0.76 -3.41 -3.71 -0.50  0.34  0.48 -4.49  1.90  3.48  2.29  1.42 
utt>   567              an218-mjgk-b   89    0    24 14  2 3 6.031523e-12 -1.934379e+02 -1.721597e+04
INFO: cmn.c(133): CMN: 37.20 12.83 -12.57  8.30 -9.64  4.16 -6.83 -3.53  2.50 -8.14  5.82  1.85  7.05 
utt>   568              an219-mjgk-b   59    0    16 7  2 3 1.511182e-12 -1.758924e+02 -1.037765e+04
INFO: cmn.c(133): CMN: 40.33  1.24 -3.02 19.41  0.37 -1.57 -10.78 -0.81  1.77 -5.76 -1.47 -4.17  0.24 
utt>   569              an220-mjgk-b  169    0    60 13  2 4 2.735080e-12 -1.909109e+02 -3.226395e+04
INFO: cmn.c(133): CMN: 44.24  3.83 -5.30 48.41 -19.51 -12.35 -2.12  0.14 -2.06 -13.36  7.25 -2.46 -3.09 
utt>   570               cen1-mjgk-b  171    0    36 17  1 3 1.707588e-12 -1.847107e+02 -3.158553e+04
INFO: cmn.c(133): CMN: 43.00  1.51 -4.86 27.77 -9.44 -4.18 -7.81 -1.97 -1.38 -5.50  3.10 -0.94  0.78 
utt>   571               cen2-mjgk-b  199    0    48 14  2 3 2.352649e-12 -1.876204e+02 -3.733646e+04
INFO: cmn.c(133): CMN: 44.56  6.36 -3.49 26.94 -9.27 -4.61 -10.35 -1.36 -1.96 -4.52  1.44  0.46  0.14 
utt>   572               cen4-mjgk-b  418    0   108 16  2 4 2.938820e-12 -1.895514e+02 -7.923249e+04
INFO: cmn.c(133): CMN: 44.18  6.89 -7.75 23.68 -9.54 -3.58 -12.33 -0.22 -2.35 -5.07  3.20 -0.23  3.79 
utt>   573               cen5-mjgk-b  209    0    72 16  1 3 3.217858e-12 -1.939625e+02 -4.053816e+04
INFO: cmn.c(133): CMN: 38.74  9.69 -4.92 19.21 -6.88 -2.08 -7.87  0.72  0.47 -6.75  1.51 -0.37 -0.32 
utt>   574               cen6-mjgk-b  165    0    64 13  2 4 3.251156e-12 -1.911649e+02 -3.154221e+04
INFO: cmn.c(133): CMN: 41.11  8.37 -5.74 21.11 -7.55  2.66 -11.65 -6.59  3.91 -11.14  3.65 -1.58  2.08 
utt>   575               cen7-mjgk-b  209    0    68 14  2 4 3.745571e-12 -1.945959e+02 -4.067053e+04
INFO: cmn.c(133): CMN: 39.99  5.57 -3.87 22.15 -1.91 -1.87 -12.71 -3.31  3.32 -6.59 -0.66 -1.35  0.99 
utt>   576               cen8-mjgk-b  209    0   112 16  2 4 5.630861e-12 -2.012669e+02 -4.206478e+04
INFO: cmn.c(133): CMN: 49.82  4.35 -0.23 15.47 -0.91  1.80  1.59 -6.89  5.74 -3.26 -1.66  1.74 -3.06 
utt>   577               an56-mjhp-b  364    0   112 13  2 3 2.721268e-12 -1.958486e+02 -7.128891e+04
INFO: cmn.c(133): CMN: 50.16  8.16 -1.16 16.88 -0.64  2.45 -5.67 -4.22  1.57 -10.33 -5.96  3.66 -6.65 
utt>   578               an57-mjhp-b  222    0    56 13  2 3 3.070581e-12 -1.889146e+02 -4.193905e+04
INFO: cmn.c(133): CMN: 47.71  1.79  2.55  5.94  1.29  0.13 -8.44 -0.36  1.88 -3.94 -1.36  1.15 -2.52 
utt>   579               an58-mjhp-b  319    0    76 13  1 3 1.736996e-12 -1.914621e+02 -6.107641e+04
INFO: cmn.c(133): CMN: 50.07 -1.42  0.26 20.39 -4.58  1.21 -3.15 -6.65  5.73 -7.67 -2.02 -1.01  0.35 
utt>   580               an59-mjhp-b  283    0    80 14  1 3 2.974592e-12 -1.957952e+02 -5.541003e+04
INFO: cmn.c(133): CMN: 42.45 12.22 -2.66  5.82 -9.86  4.04  4.61  1.43  0.53 -4.06  5.93 -0.60  1.73 
utt>   581               an60-mjhp-b   66    0    16 8  2 4 2.193597e-12 -1.926903e+02 -1.271756e+04
INFO: cmn.c(133): CMN: 47.63  8.90 -4.75  5.42 -12.31  7.16 -2.21 -6.81  1.98 -6.10  4.34 -0.58 -0.26 
utt>   582               cen1-mjhp-b  378    0    64 14  1 3 1.525817e-12 -1.941505e+02 -7.338888e+04
INFO: cmn.c(133): CMN: 46.75 -3.06 -1.06 19.32 -8.03  2.64 -9.15 -3.53  2.04 -10.04  0.15 -5.08  0.28 
utt>   583               cen2-mjhp-b  209    0    48 12  1 3 3.226291e-12 -1.933510e+02 -4.041036e+04
INFO: cmn.c(133): CMN: 48.53  4.22  0.39  6.01 -2.69  7.56 -2.11 -5.46  5.90 -9.28  1.93 -1.96 -3.30 
utt>   584               cen3-mjhp-b  143    0    56 10  2 4 2.281528e-12 -1.945291e+02 -2.781765e+04
INFO: cmn.c(133): CMN: 49.33  2.86  2.67 17.79 -9.61 -1.17 -3.86 -2.24  5.58 -13.07  4.26 -0.32 -4.17 
utt>   585               cen4-mjhp-b  329    0    84 13  1 3 1.686266e-12 -1.920870e+02 -6.319662e+04
INFO: cmn.c(133): CMN: 48.97 -1.02  2.23 22.10 -4.15 -2.48 -6.61 -0.58  5.70 -11.27  0.84 -0.43 -5.48 
utt>   586               cen5-mjhp-b  261    0    84 12  2 4 2.568335e-12 -1.916124e+02 -5.001084e+04
INFO: cmn.c(133): CMN: 49.28  3.85  2.23  6.02 -3.00  0.07  1.18 -8.88  3.43 -2.46  4.42 -0.20 -3.24 
utt>   587               cen6-mjhp-b  169    0    80 12  2 4 3.126650e-12 -1.911437e+02 -3.230329e+04
INFO: cmn.c(133): CMN: 50.41  2.75  1.01  7.53 -5.08  2.89 -3.66 -1.71  5.46 -8.84  0.86  1.36 -3.74 
utt>   588               cen7-mjhp-b  329    0   116 13  2 4 3.886490e-12 -1.943289e+02 -6.393422e+04
INFO: cmn.c(133): CMN: 47.50 -3.72  2.90  9.47  3.46  0.48  0.97 -3.85  0.19  0.25  5.70 -1.25 -1.30 
utt>   589               cen8-mjhp-b  229    0   100 15  2 4 4.213138e-12 -1.952361e+02 -4.470907e+04
INFO: cmn.c(133): CMN: 51.58 -9.55  7.74 20.43 -1.31  0.15 -1.46 -2.08 -1.22 -4.78  1.33 -3.76 -2.87 
utt>   590             an176-mjjs2-b  326    0    76 14  1 3 3.005110e-12 -1.937031e+02 -6.314721e+04
INFO: cmn.c(133): CMN: 40.06 -4.93 -4.21  6.18 -0.66  9.38 -9.87 -7.81  2.67 -3.53 -0.13 -0.06  3.29 
utt>   591             an177-mjjs2-b  129    0    28 17  2 3 1.989846e-12 -1.943755e+02 -2.507444e+04
INFO: cmn.c(133): CMN: 38.49 10.63 -6.28  9.58 -0.89  0.46  2.94 -10.31 -2.48 -4.67  7.61 -6.64  1.90 
utt>   592             an178-mjjs2-b   79    0    16 11  2 3 1.330315e-12 -1.948449e+02 -1.539275e+04
INFO: cmn.c(133): CMN: 49.78 -5.75  3.65 30.43  2.98 -4.69  2.33 -5.83  3.70 -12.29  1.10 -2.98 -5.77 
utt>   593             an179-mjjs2-b  492    0   112 14  1 3 2.173811e-12 -1.929181e+02 -9.491572e+04
INFO: cmn.c(133): CMN: 39.11 -8.11  3.91  7.82 -1.67  4.42 -4.64 -5.27 -1.48  0.84  5.11 -0.30 -1.76 
utt>   594             an180-mjjs2-b   99    0    20 11  1 3 1.715560e-12 -1.905702e+02 -1.886645e+04
INFO: cmn.c(133): CMN: 40.42 -7.90  2.56 19.18  2.85 -4.36 -1.15 -0.44  1.44 -8.20  4.83 -1.63 -4.12 
utt>   595              cen1-mjjs2-b  423    0    40 16  1 2 1.765994e-12 -1.891442e+02 -8.000801e+04
INFO: cmn.c(133): CMN: 42.34 -3.48 -2.43 21.20  4.90 -8.07 -2.61 -3.64  7.53 -13.30  7.03 -5.09 -1.69 
utt>   596              cen2-mjjs2-b  405    0    40 17  1 2 9.276669e-13 -1.889009e+02 -7.650488e+04
INFO: cmn.c(133): CMN: 43.68 -2.81 -0.34 23.35  5.78 -9.67  7.45 -4.60  1.84 -7.51  3.57 -0.08 -6.81 
utt>   597              cen4-mjjs2-b  468    0    44 16  1 2 1.435567e-12 -1.898424e+02 -8.884626e+04
INFO: cmn.c(133): CMN: 45.18 -1.37 -0.09 23.59  4.51 -7.45  4.13 -4.77  2.92 -8.22  3.07 -0.17 -6.55 
utt>   598              cen5-mjjs2-b  613    0    84 13  1 2 2.205709e-12 -1.890953e+02 -1.159154e+05
INFO: cmn.c(133): CMN: 46.61  1.83 -5.02 11.93 -2.69  4.43 -4.82 -9.82  2.96 -4.55  5.40 -5.04 -2.38 
utt>   599              cen6-mjjs2-b  323    0    80 14  2 3 2.298915e-12 -1.878443e+02 -6.067370e+04
INFO: cmn.c(133): CMN: 46.71  7.20 -3.87 12.41  1.55 -0.93 -1.08 -4.32 -0.50 -8.19  7.52 -8.70 -1.41 
utt>   600              cen7-mjjs2-b  409    0   100 15  2 3 2.711590e-12 -1.902450e+02 -7.781021e+04
INFO: cmn.c(133): CMN: 45.09  0.95 -5.03 19.23  4.88 -2.50 -3.95 -7.42  5.08 -10.57  1.77 -5.82 -1.57 
utt>   601              cen8-mjjs2-b  419    0   104 17  1 3 2.793493e-12 -1.923866e+02 -8.061001e+04
INFO: cmn.c(133): CMN: 45.94  3.34 -4.11 12.48 -12.49  3.24 -2.93 -0.13 -2.76 -6.70  5.78 -3.24 -3.17 
utt>   602              an316-mkdb-b  309    0    80 15  1 3 2.440147e-12 -1.937504e+02 -5.986888e+04
INFO: cmn.c(133): CMN: 46.19  2.88  0.06 10.66 -1.53  2.79 -16.45  6.24  3.16  2.09  3.41 -4.80  0.95 
utt>   603              an317-mkdb-b  120    0    40 12  2 4 3.189826e-12 -1.956656e+02 -2.347988e+04
INFO: cmn.c(133): CMN: 45.40  9.92 -3.26  0.97 -8.93  6.34 -11.74  1.54  2.29  7.05 -4.31  2.46 -3.92 
utt>   604              an318-mkdb-b  109    0    32 10  2 4 1.062512e-12 -1.931267e+02 -2.105081e+04
INFO: cmn.c(133): CMN: 45.18  6.20 -0.60 17.44 -3.85  1.51 -0.80  4.50 -5.63 -1.87  3.48 -2.49 -3.91 
utt>   605              an319-mkdb-b  330    0    96 15  2 3 3.659507e-12 -1.925153e+02 -6.353004e+04
INFO: cmn.c(133): CMN: 43.98  1.06  0.83 28.17 -10.77 -6.05 -0.53 -3.88 -6.30 -9.15  7.00 -5.23 -2.80 
utt>   606              an320-mkdb-b  223    0    44 14  1 3 3.421353e-12 -1.933714e+02 -4.312182e+04
INFO: cmn.c(133): CMN: 43.67 -1.18  5.51 27.30 -9.18  0.86  1.67  3.41 -6.24 -3.52  3.47 -3.81 -3.59 
utt>   607               cen1-mkdb-b  269    0    56 16  1 3 2.856802e-12 -1.912643e+02 -5.145009e+04
INFO: cmn.c(133): CMN: 53.70 13.29 -10.86 15.89 -23.90  2.47 -17.39 11.14 -4.77 -0.17  9.24 -2.42  1.72 
utt>   608               cen2-mkdb-b  142    0    36 13  1 3 1.842319e-12 -1.930871e+02 -2.741836e+04
INFO: cmn.c(133): CMN: 48.70  1.85 -1.62 20.11 -8.98 -1.66 -5.55  6.62 -3.22 -0.77  5.37 -3.42  0.92 
utt>   609               cen3-mkdb-b  202    0    76 13  2 4 4.463144e-12 -1.928305e+02 -3.895176e+04
INFO: cmn.c(133): CMN: 48.71  2.41  2.96 31.35 -10.09  0.48 -5.24  6.59 -4.09 -1.69  5.18 -5.86 -1.40 
utt>   610               cen4-mkdb-b  207    0    44 16  2 3 2.487920e-12 -1.922596e+02 -3.979774e+04
INFO: cmn.c(133): CMN: 46.39  1.93  0.55 21.72 -8.69  0.83 -1.55 -0.74 -1.70 -7.90  3.11 -4.61 -1.66 
utt>   611               cen5-mkdb-b  359    0    84 12  1 3 2.708143e-12 -1.925637e+02 -6.913035e+04
INFO: cmn.c(133): CMN: 45.74  7.41  1.28  5.31 -6.16  7.00 -8.18  6.43 -1.26  0.01  7.35 -6.25 -2.79 
utt>   612               cen6-mkdb-b  169    0    80 13  2 4 4.705183e-12 -1.955692e+02 -3.305120e+04
INFO: cmn.c(133): CMN: 47.23 11.89 -10.31  3.99 -7.19  6.50 -8.97  5.50  2.12  1.48  5.39 -4.88 -1.18 
utt>   613               cen7-mkdb-b  249    0    92 13  2 4 3.460572e-12 -1.915897e+02 -4.770584e+04
INFO: cmn.c(133): CMN: 45.92  0.25 -4.92 10.85 -1.10  3.13 -7.69  3.66  0.74 -3.62  4.59 -4.09 -0.68 
utt>   614               cen8-mkdb-b  249    0   128 17  2 5 5.249312e-12 -2.001608e+02 -4.984005e+04
INFO: cmn.c(133): CMN: 48.77  2.26 -7.82 12.99 -11.00  0.45 -4.24 -0.29  1.08 -4.71  0.63  3.16 -3.47 
utt>   615              an186-mkem-b  301    0    64 13  1 3 2.437642e-12 -1.911903e+02 -5.754828e+04
INFO: cmn.c(133): CMN: 46.94  9.30 -2.67 12.38 -7.47  8.08 -8.48  2.44  4.00 -2.81 -1.57 -2.33  4.22 
utt>   616              an187-mkem-b  153    0    68 13  2 5 3.685414e-12 -1.963538e+02 -3.004213e+04
INFO: cmn.c(133): CMN: 50.69  3.22 -3.08 12.36 -4.19  4.91 -8.34  3.80 -1.33 -3.65  3.27 -4.29  0.49 
utt>   617              an188-mkem-b  238    0    88 12  2 4 2.872755e-12 -1.944517e+02 -4.627952e+04
INFO: cmn.c(133): CMN: 39.87 -8.78  0.86  0.31 -7.89  7.58 -3.04  2.34  1.53  1.42 -2.04 -0.86 -2.81 
utt>   618              an189-mkem-b   99    0    24 14  2 4 4.640111e-12 -1.886447e+02 -1.867583e+04
INFO: cmn.c(133): CMN: 50.10  3.21 -9.96 23.27 -10.73  4.04 -7.41  6.67 -2.24 -1.69  5.07  0.61 -1.44 
utt>   619              an190-mkem-b  269    0    72 13  2 3 3.772008e-12 -1.926398e+02 -5.182011e+04
INFO: cmn.c(133): CMN: 43.82 -4.48 -1.85 20.88 -7.62  1.56 -9.18  5.96  0.96 -4.94  3.19 -1.98  2.08 
utt>   620               cen1-mkem-b  264    0    64 17  2 4 4.797541e-12 -1.930569e+02 -5.096703e+04
INFO: cmn.c(133): CMN: 43.35 -7.02 -2.09 30.21 -7.65 -1.12 -7.36  4.58 -2.91 -4.42  1.62 -0.18 -2.24 
utt>   621               cen2-mkem-b  136    0    28 16  2 4 1.833499e-12 -1.883861e+02 -2.562051e+04
INFO: cmn.c(133): CMN: 41.48 -9.64  3.45 18.80 -4.41  2.95 -5.27  6.71 -1.89 -3.10  1.18 -2.69  1.95 
utt>   622               cen4-mkem-b  129    0    32 13  2 4 2.748394e-12 -1.874513e+02 -2.418122e+04
INFO: cmn.c(133): CMN: 43.52 -9.33  1.68 23.08 -8.64  0.88 -4.59  1.94 -1.87 -6.01 -0.30 -6.66 -1.40 
utt>   623               cen5-mkem-b  377    0    84 13  1 3 2.245183e-12 -1.870874e+02 -7.053196e+04
INFO: cmn.c(133): CMN: 47.19  2.99 -5.03  7.28 -5.75  4.71 -1.51 -4.33  0.54 -3.89  3.33 -4.30 -1.14 
utt>   624               cen6-mkem-b  185    0    72 12  2 4 2.299144e-12 -1.918983e+02 -3.550119e+04
INFO: cmn.c(133): CMN: 46.53  2.89 -6.25  9.16 -8.03  2.25 -6.44 -4.64 -2.36 -9.37  5.05 -3.40 -3.55 
utt>   625               cen7-mkem-b  151    0    44 13  2 4 3.539820e-12 -1.921564e+02 -2.901562e+04
INFO: cmn.c(133): CMN: 43.00 -12.09  1.76 13.17 -2.39  3.14 -9.82  7.54  0.59 -1.22 -0.42 -3.42  2.35 
utt>   626               cen8-mkem-b  242    0    64 17  1 3 1.801393e-12 -1.921316e+02 -4.649584e+04
INFO: cmn.c(133): CMN: 47.48  2.80 -0.08  8.05 -0.70 -2.53 -3.18 -3.31 -1.43 -3.27 -0.68 -2.80 -2.17 
utt>   627               an51-mmaf-b  349    0    68 15  1 3 2.350467e-12 -1.885689e+02 -6.581054e+04
INFO: cmn.c(133): CMN: 44.04  1.82  1.47  4.09  2.51  3.35 -6.80 -5.85 -2.60 -0.94  1.48 -3.38 -1.40 
utt>   628               an52-mmaf-b  149    0    40 13  2 4 3.621987e-12 -1.864526e+02 -2.778143e+04
INFO: cmn.c(133): CMN: 47.66  0.53  1.90 18.09  6.33  1.72 -3.97 -0.69 -0.33 -5.25 -1.89 -0.72 -4.96 
utt>   629               an53-mmaf-b  335    0    80 15  2 3 3.852586e-12 -1.893510e+02 -6.343257e+04
INFO: cmn.c(133): CMN: 37.95  2.27  0.84 -0.12  0.05  0.31 -4.78 -8.94 -4.21  2.44 -3.43  3.86  1.16 
utt>   630               an54-mmaf-b  109    0    28 15  2 5 3.993941e-12 -1.904737e+02 -2.076163e+04
INFO: cmn.c(133): CMN: 45.84  7.92 -3.90  6.07  2.24  0.58 -6.73 -2.38 -3.38  1.44 -1.88  0.54 -4.01 
utt>   631               an55-mmaf-b  189    0    52 12  2 4 3.571892e-12 -1.884936e+02 -3.562529e+04
INFO: cmn.c(133): CMN: 50.47  5.36 -3.68  8.72  2.57 -1.66 -11.87  0.49 -2.54  4.34 -2.11  1.44 -0.85 
utt>   632               cen1-mmaf-b  313    0    60 14  1 3 2.178666e-12 -1.909832e+02 -5.977773e+04
INFO: cmn.c(133): CMN: 47.67  0.50  1.63 17.14 -0.57 -1.29 -6.36  5.02 -2.49 -3.28  0.94 -1.91 -2.47 
utt>   633               cen2-mmaf-b  259    0    52 14  1 3 2.224002e-12 -1.888035e+02 -4.890010e+04
INFO: cmn.c(133): CMN: 44.50  0.34  2.52 -1.05  2.51  3.24 -9.50 -1.82 -2.50  2.98 -2.50  1.28 -5.79 
utt>   634               cen3-mmaf-b  169    0    48 15  2 4 3.303926e-12 -1.873588e+02 -3.166364e+04
INFO: cmn.c(133): CMN: 51.85  5.33 -0.87 12.54  5.86 -5.23 -6.63 -2.16  0.29 -3.75 -1.73  2.46 -2.58 
utt>   635               cen4-mmaf-b  277    0    68 13  1 3 3.503221e-12 -1.916117e+02 -5.307644e+04
INFO: cmn.c(133): CMN: 46.89 -1.89  1.88 20.50  0.98 -0.77 -2.12 -1.57  0.45 -4.44 -3.73  0.46 -4.56 
utt>   636               cen5-mmaf-b  349    0    84 13  2 3 2.377076e-12 -1.881758e+02 -6.567336e+04
INFO: cmn.c(133): CMN: 47.03  0.64  0.47  7.61  1.01  4.49 -5.90 -2.96 -0.47 -3.25 -4.18 -0.40 -4.02 
utt>   637               cen6-mmaf-b  189    0    64 12  2 4 3.497404e-12 -1.902110e+02 -3.594989e+04
INFO: cmn.c(133): CMN: 46.18  8.37  1.84  0.67 -3.97 -1.03 -0.87 -3.19 -0.31 -0.54 -9.81  1.61 -1.95 
utt>   638               cen7-mmaf-b  289    0   104 15  2 4 1.990818e-12 -1.912135e+02 -5.526070e+04
INFO: cmn.c(133): CMN: 48.52 -3.26  2.91  4.66  5.17 -0.01 -7.75 -0.14 -0.85 -2.17 -2.69 -1.21 -4.79 
utt>   639               cen8-mmaf-b  301    0   128 17  2 4 3.998101e-12 -1.965036e+02 -5.914757e+04
INFO: cmn.c(133): CMN: 44.25 -2.08  1.12 29.86 -9.84  3.19 -2.66 -1.75 -0.95 -3.80  7.07 -3.73  0.99 
utt>   640              an321-mmal-b  299    0    96 15  2 4 2.869815e-12 -1.930397e+02 -5.771886e+04
INFO: cmn.c(133): CMN: 41.29 -4.15  4.61 19.90 -7.67  3.95  0.65 -4.58  0.67 -3.47  4.10 -1.93 -1.47 
utt>   641              an322-mmal-b  329    0    76 14  1 3 2.238538e-12 -1.921790e+02 -6.322689e+04
INFO: cmn.c(133): CMN: 45.38  3.34 -7.47  7.94 -8.85  4.58 -11.46 -2.02  0.34 -4.19  1.96 -3.06 -1.46 
utt>   642              an323-mmal-b  199    0    44 12  1 3 1.665633e-12 -1.913346e+02 -3.807558e+04
INFO: cmn.c(133): CMN: 38.57 -6.00  1.75  6.37 -1.39 -1.38 -10.29 -2.47 -0.53  0.06 -0.85 -2.67  4.18 
utt>   643              an324-mmal-b   99    0    20 10  2 4 2.128806e-12 -1.871301e+02 -1.852588e+04
INFO: cmn.c(133): CMN: 36.65  9.91 -6.18  5.91 -12.70  1.95 -2.34 -2.06 -3.18 -3.26  3.06  1.60  0.28 
utt>   644              an325-mmal-b   89    0    16 10  1 3 5.182533e-13 -1.803297e+02 -1.604934e+04
INFO: cmn.c(133): CMN: 45.19 -0.62  0.76 17.38 -10.52 -2.33 -1.13 -1.46 -2.48 -1.58  4.76 -5.89 -0.28 
utt>   645               cen1-mmal-b  352    0    64 14  1 3 2.285908e-12 -1.927809e+02 -6.785887e+04
INFO: cmn.c(133): CMN: 47.64  3.66 -7.63 20.27 -13.83 -7.83 -5.10 -1.37 -8.93  0.13  9.37 -1.22  1.90 
utt>   646               cen2-mmal-b  176    0    36 11  1 3 9.044472e-13 -1.887283e+02 -3.321618e+04
INFO: cmn.c(133): CMN: 42.47  0.96 -1.14 18.12  0.95  0.99 -5.91  2.03 -6.31 -8.43  4.18 -3.30 -1.09 
utt>   647               cen3-mmal-b  157    0    68 12  2 4 4.140374e-12 -1.959861e+02 -3.076982e+04
INFO: cmn.c(133): CMN: 42.45  1.05  3.59 27.75 -16.07  9.57  0.33 -8.45 -0.39 -0.93  5.23 -4.01 -0.50 
utt>   648               cen4-mmal-b  207    0    44 14  2 3 3.069734e-12 -1.931377e+02 -3.997950e+04
INFO: cmn.c(133): CMN: 44.14 -5.94  2.17 24.85 -10.23  2.48 -2.23 -1.40 -2.83 -4.76  4.85 -5.72 -0.11 
utt>   649               cen5-mmal-b  313    0    84 11  2 3 2.305612e-12 -1.931939e+02 -6.046969e+04
INFO: cmn.c(133): CMN: 44.06  6.94 -4.89  8.67 -7.59  1.13 -9.47  1.23 -4.97 -1.03  8.05 -4.83 -1.27 
utt>   650               cen6-mmal-b  155    0    80 13  2 4 2.609983e-12 -1.935741e+02 -3.000399e+04
INFO: cmn.c(133): CMN: 46.11 -1.07 -0.17  9.46 -5.50 -0.05 -12.04  2.30 -3.86  0.08 -0.76 -3.62  1.93 
utt>   651               cen7-mmal-b  260    0   108 14  2 4 3.502484e-12 -1.960885e+02 -5.098301e+04
INFO: cmn.c(133): CMN: 43.23 -0.10  0.48  8.54 -9.13 -1.58 -7.88  3.71 -3.21 -1.72 -0.17  0.76  3.53 
utt>   652               cen8-mmal-b  179    0    84 14  2 4 3.870489e-12 -1.942697e+02 -3.477427e+04
INFO: cmn.c(133): CMN: 45.34 -4.72  2.22  2.99 -20.85 10.33 -2.04 -5.44  0.21  1.15 -0.15  7.73  1.03 
utt>   653               an46-mmap-b   77    0    24 12  2 4 5.447022e-12 -1.886450e+02 -1.452566e+04
INFO: cmn.c(133): CMN: 46.75 -0.08  1.62 16.23 -7.80 12.80 -12.75 -10.45  4.97 -6.61  1.00 -1.80 -5.14 
utt>   654               an47-mmap-b  225    0    80 12  2 4 3.342618e-12 -1.939659e+02 -4.364233e+04
INFO: cmn.c(133): CMN: 42.91  8.92 -9.73  9.73 -3.15  9.19 -11.36 -5.42  2.10  1.93 -1.59  2.33 -4.67 
utt>   655               an48-mmap-b  218    0    48 14  1 3 2.298078e-12 -1.921351e+02 -4.188546e+04
INFO: cmn.c(133): CMN: 45.41  0.18 -3.46 28.98 -2.50  7.40 -6.92 -4.25  9.78 -12.24  0.26 -1.53 -2.17 
utt>   656               an49-mmap-b  319    0    76 14  2 3 2.239301e-12 -1.924830e+02 -6.140208e+04
INFO: cmn.c(133): CMN: 47.84 -0.70 -1.49 26.23 -6.06  7.90 -8.83 -4.72  7.13 -12.19  2.25 -1.83 -3.42 
utt>   657               an50-mmap-b  200    0    60 13  2 3 2.972278e-12 -1.946578e+02 -3.893156e+04
INFO: cmn.c(133): CMN: 50.55  6.59 -7.17 20.45 -10.08 11.03 -15.46 -6.64  6.82 -8.02  4.28 -0.38 -1.03 
utt>   658               cen1-mmap-b  203    0    52 13  2 3 3.507914e-12 -1.914312e+02 -3.886053e+04
INFO: cmn.c(133): CMN: 46.80  8.75 -9.73 22.19 -4.17  2.41 -15.66 -6.69  6.45 -4.62 -3.90 -2.10 -0.14 
utt>   659               cen2-mmap-b  149    0    36 13  2 4 2.543197e-12 -1.891911e+02 -2.818947e+04
INFO: cmn.c(133): CMN: 48.55 -2.42 -4.21 11.70 -1.01 13.22 -14.55 -10.11 12.11 -1.17 -3.37 -2.51 -7.63 
utt>   660               cen3-mmap-b  107    0    40 12  2 4 4.283066e-12 -1.928647e+02 -2.063652e+04
INFO: cmn.c(133): CMN: 44.50  4.92 -5.88 33.92 -1.14 -1.46 -1.52 -2.98  3.71 -11.99  0.93  3.32 -2.82 
utt>   661               cen4-mmap-b  448    0    88 17  1 3 3.143991e-12 -1.901389e+02 -8.518221e+04
INFO: cmn.c(133): CMN: 48.93  5.28 -7.20 18.81 -3.47  5.88 -15.04 -9.58  3.45 -5.40 -0.18 -1.36  0.19 
utt>   662               cen5-mmap-b  249    0    56 12  2 3 3.927142e-12 -1.890143e+02 -4.706455e+04
INFO: cmn.c(133): CMN: 44.73 10.44 -2.81  9.05 -11.95  5.99 -2.40 -4.07 -1.76  0.48 -2.48  3.13 -2.29 
utt>   663               cen6-mmap-b  189    0    60 12  2 4 3.526386e-12 -1.903837e+02 -3.598252e+04
INFO: cmn.c(133): CMN: 47.57  2.70 -1.89 19.57 -2.43 10.59 -9.14 -9.06  8.71 -6.11 -0.90 -2.81 -3.35 
utt>   664               cen7-mmap-b  273    0    88 13  2 3 3.187099e-12 -1.945013e+02 -5.309886e+04
INFO: cmn.c(133): CMN: 47.08 10.10 -4.00 18.04 -9.92  3.92 -10.37 -0.87  1.99 -7.23  0.04  1.78 -4.72 
utt>   665               cen8-mmap-b  197    0    92 15  2 4 2.582204e-12 -1.974581e+02 -3.889924e+04
INFO: cmn.c(133): CMN: 45.16 -6.67  0.94 27.72 -0.91 -4.10  2.66 -6.56 -0.09 -9.69 -3.16  2.31 -7.80 
utt>   666              an336-mmdg-b  296    0    44 14  1 2 2.217572e-12 -1.891472e+02 -5.598756e+04
INFO: cmn.c(133): CMN: 37.75 -0.51 -4.36  5.67 -5.46 -3.24 -1.03 -2.44  0.50 -7.39  1.61  6.30 -4.85 
utt>   667              an337-mmdg-b  119    0    24 16  1 3 1.795233e-12 -1.906579e+02 -2.268828e+04
INFO: cmn.c(133): CMN: 48.71 -1.58 -4.37  7.97 -2.93  1.38 -6.90 -7.98  3.98 -6.94 -0.16  0.36 -5.65 
utt>   668              an338-mmdg-b  319    0    72 14  1 2 3.313558e-12 -1.973329e+02 -6.294921e+04
INFO: cmn.c(133): CMN: 47.40 -0.91 -1.21  6.27 -3.46  1.75 -4.75 -9.28  4.36 -7.32 -3.23  3.04 -3.63 
utt>   669              an339-mmdg-b  334    0    68 14  1 3 2.191507e-12 -1.964381e+02 -6.561031e+04
INFO: cmn.c(133): CMN: 45.05 -10.18  4.89  9.31 -3.07  1.35 -1.35 -5.51 -0.07 -5.42  0.29  3.25 -3.07 
utt>   670              an340-mmdg-b  113    0    20 11  1 2 1.618798e-12 -1.906319e+02 -2.154140e+04
INFO: cmn.c(133): CMN: 47.68  0.39 -2.59 16.99 -4.52 -2.50 -4.29 -7.17  9.91 -9.75  5.24  1.84 -1.40 
utt>   671               cen1-mmdg-b  407    0    64 14  1 2 2.421662e-12 -1.940038e+02 -7.895954e+04
INFO: cmn.c(133): CMN: 50.02  0.93  2.66 27.56 -3.81 -5.97  0.49 -6.43  9.49 -12.27 -1.95  8.32 -9.45 
utt>   672               cen2-mmdg-b  274    0    52 12  1 3 1.520675e-12 -1.958753e+02 -5.366984e+04
INFO: cmn.c(133): CMN: 46.10 -2.82  6.46 13.12  2.41  2.14 -4.64 -9.96  0.78 -4.01 -9.00 -0.58 -3.05 
utt>   673               cen3-mmdg-b  239    0    56 14  2 3 1.440947e-12 -1.934013e+02 -4.622290e+04
INFO: cmn.c(133): CMN: 45.54 -1.00  6.62 22.09 -3.43 -3.56 -0.08 -0.64 -0.52 -9.96  5.35  2.59 -8.06 
utt>   674               cen4-mmdg-b  397    0    56 13  1 2 2.020663e-12 -1.920869e+02 -7.625849e+04
INFO: cmn.c(133): CMN: 46.23 -3.93  3.00 24.49 -1.85 -2.60  2.20 -3.01  1.23 -4.22 -2.55  5.97 -9.87 
utt>   675               cen5-mmdg-b  535    0    84 13  1 2 2.367134e-12 -1.912149e+02 -1.023000e+05
INFO: cmn.c(133): CMN: 47.57  3.22  2.14  7.13  1.68 -4.25 -2.78 -1.29 -0.91 -1.64 -2.55  2.97 -7.18 
utt>   676               cen6-mmdg-b  309    0    80 13  2 3 2.595242e-12 -1.929490e+02 -5.962124e+04
INFO: cmn.c(133): CMN: 47.59  6.41  0.80 10.66  1.71 -4.27 -2.32 -4.03  2.02 -5.52 -7.16  5.99 -8.56 
utt>   677               cen7-mmdg-b  539    0   128 14  1 3 2.627029e-12 -1.959526e+02 -1.056185e+05
INFO: cmn.c(133): CMN: 48.16  3.58 -0.75 10.43  1.76 -2.20 -0.30 -7.13  1.76 -3.29 -9.10  7.58 -7.95 
utt>   678               cen8-mmdg-b  297    0    80 13  2 3 3.441522e-12 -1.972257e+02 -5.857604e+04
INFO: cmn.c(133): CMN: 39.98  4.18 -3.68  7.49 -1.23 -4.66 -6.93 -2.71 -4.06 -1.32  3.96 -5.01  2.68 
utt>   679              an361-mmkw-b  407    0    76 18  1 3 2.139902e-12 -1.874452e+02 -7.629018e+04
INFO: cmn.c(133): CMN: 39.30 -7.63  6.61 20.63  3.80 -7.96 -6.79  3.48 -4.99 -5.60  0.15 -5.65  2.55 
utt>   680              an362-mmkw-b  418    0    68 15  1 2 1.585792e-12 -1.876001e+02 -7.841684e+04
INFO: cmn.c(133): CMN: 38.73 -5.44  1.43 13.77  1.85 -3.09 -8.98  2.44 -6.35 -3.03  3.61 -8.11  1.50 
utt>   681              an363-mmkw-b  619    0   164 16  1 3 2.175300e-12 -1.937412e+02 -1.199258e+05
INFO: cmn.c(133): CMN: 34.87 -0.73 -1.04  4.25 -12.14  2.66 -6.24  2.47 -4.81 -4.11  3.61 -6.92 10.55 
utt>   682              an364-mmkw-b   79    0    24 15  2 3 2.992434e-12 -1.943612e+02 -1.535453e+04
INFO: cmn.c(133): CMN: 41.08 -5.16 -2.69 20.25  1.60 -9.70 -12.80  4.53 -0.29 -6.06  1.11 -6.39  4.59 
utt>   683              an365-mmkw-b  407    0    76 15  1 3 1.935261e-12 -1.871319e+02 -7.616269e+04
INFO: cmn.c(133): CMN: 39.59 -3.38  1.46 17.46  3.69 -13.19 -6.19  1.11 -1.14 -3.57 -0.20 -5.76  4.26 
utt>   684               an59-mmkw-b  521    0   112 16  1 3 2.269501e-12 -1.912766e+02 -9.965512e+04
INFO: cmn.c(133): CMN: 43.85  4.79 -2.41  1.84 -0.28 -6.59 -1.69 -1.60  1.06 -1.58  3.40 -3.59  2.46 
utt>   685               cen1-mmkw-b  476    0    80 18  1 2 1.735716e-12 -1.913771e+02 -9.109552e+04
INFO: cmn.c(133): CMN: 45.23 -1.91  2.24 21.15  1.72 -6.93 -6.48  3.40 -4.16 -6.01  2.67 -6.56  3.98 
utt>   686               cen2-mmkw-b  439    0    76 19  1 3 2.314827e-12 -1.905064e+02 -8.363231e+04
INFO: cmn.c(133): CMN: 48.20 -3.29 -3.03 14.75  9.99 -5.58 -10.43 -1.28 -3.23 -7.55  0.55 -8.10  0.30 
utt>   687               cen3-mmkw-b  193    0    48 14  2 4 3.892762e-12 -1.924316e+02 -3.713930e+04
INFO: cmn.c(133): CMN: 44.44  0.73  0.21 17.71 -2.94 -5.60 -3.32  0.68 -1.83 -3.83  0.54 -4.56  5.10 
utt>   688               cen4-mmkw-b  502    0    72 15  1 2 1.698107e-12 -1.902956e+02 -9.552837e+04
INFO: cmn.c(133): CMN: 45.83  5.57 -2.27 13.21  6.23 -8.20 -10.17  1.88 -3.03 -3.22  4.24 -8.59  7.06 
utt>   689               cen5-mmkw-b  409    0    56 14  1 2 1.122797e-12 -1.897295e+02 -7.759935e+04
INFO: cmn.c(133): CMN: 46.51 -5.08 -0.27  7.24  7.50 -1.28 -10.73  0.85  2.53 -6.49 -1.82 -6.04  3.25 
utt>   690               cen6-mmkw-b  336    0    68 15  1 3 1.929733e-12 -1.904478e+02 -6.399045e+04
INFO: cmn.c(133): CMN: 40.95  1.53 -6.44 11.33  3.79 -4.15 -7.80 -1.42  0.43 -4.92 -1.12 -4.58  3.18 
utt>   691               cen7-mmkw-b  620    0   116 17  1 3 1.700454e-12 -1.914207e+02 -1.186808e+05
INFO: cmn.c(133): CMN: 43.55 -1.74 -2.48 15.82  5.28 -7.01 -8.20  4.25 -5.18 -9.18 -3.05 -6.97  4.14 
utt>   692               cen8-mmkw-b  356    0   104 17  2 4 3.195793e-12 -1.936491e+02 -6.893909e+04
INFO: cmn.c(133): CMN: 40.71  7.21  4.56  5.77  2.31  4.20 -9.19 -3.10 -3.62 -4.72  1.92 -1.20 -4.70 
utt>   693              an381-mmsh-b  239    0   104 15  2 4 3.810617e-12 -1.980699e+02 -4.733870e+04
INFO: cmn.c(133): CMN: 41.57  2.40  7.06 16.26  5.28 -1.33 -7.41  3.43 -6.83 -3.95  4.86 -4.44 -6.17 
utt>   694              an382-mmsh-b  269    0    80 16  2 3 4.180166e-12 -1.948666e+02 -5.241910e+04
INFO: cmn.c(133): CMN: 38.61 -4.26  9.86 11.04  1.83  3.52 -4.81 -3.79  2.66 -0.41  1.08 -6.43 -4.55 
utt>   695              an383-mmsh-b  125    0    60 14  2 5 4.852932e-12 -1.953440e+02 -2.441800e+04
INFO: cmn.c(133): CMN: 39.75  6.95  7.37  7.96  4.70  2.38 -10.77 -1.33 -3.23 -3.34  1.95 -3.17 -5.08 
utt>   696              an384-mmsh-b  249    0    96 14  2 4 2.972108e-12 -1.961348e+02 -4.883756e+04
INFO: cmn.c(133): CMN: 32.33 10.67  4.55  3.43 -9.64  4.22 -2.48  0.68 -3.00 -5.66  2.11  1.33 -7.59 
utt>   697              an385-mmsh-b   64    0    16 7  1 3 2.533577e-12 -1.824554e+02 -1.167715e+04
INFO: cmn.c(133): CMN: 46.71  0.20  5.07 14.99 -0.84 -1.90 -11.39 -0.79 -1.00 -4.81  6.05 -0.58 -6.11 
utt>   698               cen1-mmsh-b  246    0    84 15  2 4 3.344140e-12 -1.933312e+02 -4.755948e+04
INFO: cmn.c(133): CMN: 40.02  8.23  2.83 11.20  5.50 -1.70 -12.27 -0.47  5.66 -1.42  2.98 -0.04 -1.05 
utt>   699               cen2-mmsh-b  129    0    36 13  2 4 2.963581e-12 -1.900875e+02 -2.452128e+04
INFO: cmn.c(133): CMN: 38.02  7.60  1.38  2.36 -2.39  5.84 -4.65 -3.36  6.03 -8.50 -2.49  1.46  0.34 
utt>   700               cen3-mmsh-b  129    0    44 13  2 4 2.223751e-12 -1.906024e+02 -2.458771e+04
INFO: cmn.c(133): CMN: 39.70  0.07  5.04 24.56  6.28 -3.98 -11.91  1.86 -1.76 -5.14  4.34 -7.19 -8.52 
utt>   701               cen4-mmsh-b  301    0    80 18  2 4 2.863861e-12 -1.917398e+02 -5.771369e+04
INFO: cmn.c(133): CMN: 43.56 18.03  3.44  2.69 -7.58  0.51 -9.44 -0.75 -5.72 -9.99  8.95  5.44 -7.26 
utt>   702               cen5-mmsh-b  201    0    60 16  2 4 2.340758e-12 -1.935989e+02 -3.891337e+04
INFO: cmn.c(133): CMN: 39.99 14.44  6.70  6.39  0.13 -0.04 -11.15  2.92 -5.39 -5.48  4.54 -1.76 -6.38 
utt>   703               cen6-mmsh-b  136    0    52 14  2 4 4.531284e-12 -1.962734e+02 -2.669318e+04
INFO: cmn.c(133): CMN: 39.94  3.84  3.06 11.11  6.74 -2.10 -14.74 -1.35  0.79 -2.66 -1.85 -0.50 -8.63 
utt>   704               cen7-mmsh-b  197    0    92 14  2 4 2.900538e-12 -1.963006e+02 -3.867121e+04
INFO: cmn.c(133): CMN: 38.42  0.90  5.48 16.10  5.68  0.19 -11.62 -5.00  6.21 -4.63 -1.15 -5.88 -3.37 
utt>   705               cen8-mmsh-b  200    0   112 17  2 4 2.861745e-12 -1.978204e+02 -3.956408e+04
INFO: cmn.c(133): CMN: 50.93  6.29  0.28  5.95 -6.82  8.91 -11.15 -7.18  2.33 -10.65  7.66 -2.29 -1.09 
utt>   706              an386-mmtm-b  239    0    76 12  2 4 3.518984e-12 -1.954708e+02 -4.671752e+04
INFO: cmn.c(133): CMN: 53.33  8.16 -5.61 23.51 -4.78  6.03 -14.36 -6.92  6.91 -19.19 15.38 -7.53  2.50 
utt>   707              an387-mmtm-b  252    0    68 17  1 3 2.320727e-12 -1.892520e+02 -4.769151e+04
overall> stats 59439 (-0) -1.922226e+02 -1.142552e+07

INFO: s3mixw_io.c(233): Wrote /home/rakha/Kuliah/Semester8/nlp/speech-sphinx/train-new-model/an4-master/bwaccumdir/an4_buff_3/mixw_counts [302x4x64 array]
INFO: s3tmat_io.c(176): Wrote /home/rakha/Kuliah/Semester8/nlp/speech-sphinx/train-new-model/an4-master/bwaccumdir/an4_buff_3/tmat_counts [34x3x4 array]
INFO: s3gau_io.c(485): Wrote /home/rakha/Kuliah/Semester8/nlp/speech-sphinx/train-new-model/an4-master/bwaccumdir/an4_buff_3/gauden_counts with means with vars (2pass) [34x4x64 vector arrays]
INFO: main.c(999): Counts saved to /home/rakha/Kuliah/Semester8/nlp/speech-sphinx/train-new-model/an4-master/bwaccumdir/an4_buff_3
Mon May 23 22:40:12 2022
