        INFO: main.c(229): Compiled on May 22 2022 at 21:52:28
Current configuration:
[NAME]		[DEFLT]		[VALUE]
-2passvar	no		yes
-abeam		1e-100		1.000000e-90
-accumdir			/home/rakha/Kuliah/Semester8/nlp/speech-sphinx/train-new-model/an4-master/bwaccumdir/an4_buff_4
-agc		none		none
-agcthresh	2.0		2.000000e+00
-bbeam		1e-100		1.000000e-10
-cb2mllrfn	.1cls.		.1cls.
-cepdir				/home/rakha/Kuliah/Semester8/nlp/speech-sphinx/train-new-model/an4-master/feat
-cepext		mfc		sph
-ceplen		13		13
-ckptintv			0
-cmn		live		batch
-cmninit	40,3,-1		40,3,-1
-ctlfn				/home/rakha/Kuliah/Semester8/nlp/speech-sphinx/train-new-model/an4-master/etc/an4_train.fileids
-diagfull	no		no
-dictfn				/home/rakha/Kuliah/Semester8/nlp/speech-sphinx/train-new-model/an4-master/etc/an4.dic
-example	no		no
-fdictfn			/home/rakha/Kuliah/Semester8/nlp/speech-sphinx/train-new-model/an4-master/etc/an4.filler
-feat		1s_c_d_dd	s2_4x
-fullvar	no		no
-help		no		no
-hmmdir				
-latdir				
-latext				
-lda				
-ldadim		0		0
-lsnfn				/home/rakha/Kuliah/Semester8/nlp/speech-sphinx/train-new-model/an4-master/etc/an4_train.transcription
-lw		11.5		1.150000e+01
-maxuttlen	0		0
-meanfn				/home/rakha/Kuliah/Semester8/nlp/speech-sphinx/train-new-model/an4-master/model_parameters/an4.cd_ptm_200/means
-meanreest	yes		yes
-mixwfn				/home/rakha/Kuliah/Semester8/nlp/speech-sphinx/train-new-model/an4-master/model_parameters/an4.cd_ptm_200/mixture_weights
-mixwreest	yes		yes
-mllrmat			
-mmie		no		no
-mmie_type	rand		rand
-moddeffn			/home/rakha/Kuliah/Semester8/nlp/speech-sphinx/train-new-model/an4-master/model_architecture/an4.200.mdef
-mwfloor	0.00001		1.000000e-05
-npart				4
-nskip				0
-outphsegdir			
-outputfullpath	no		no
-part				4
-pdumpdir			
-phsegdir			
-phsegext	phseg		phseg
-runlen		-1		-1
-sentdir			
-sentext	sent		sent
-spthresh	0.0		0.000000e+00
-svspec				
-timing		yes		no
-tmatfn				/home/rakha/Kuliah/Semester8/nlp/speech-sphinx/train-new-model/an4-master/model_parameters/an4.cd_ptm_200/transition_matrices
-tmatreest	yes		yes
-topn		4		64
-tpfloor	0.0001		1.000000e-05
-ts2cbfn			.ptm.
-varfloor	0.00001		1.000000e-04
-varfn				/home/rakha/Kuliah/Semester8/nlp/speech-sphinx/train-new-model/an4-master/model_parameters/an4.cd_ptm_200/variances
-varnorm	no		no
-varreest	yes		yes
-viterbi	no		no

INFO: feat.c(715): Initializing feature stream to type: 's2_4x', ceplen=13, CMN='batch', VARNORM='no', AGC='none'
INFO: main.c(318): Reading /home/rakha/Kuliah/Semester8/nlp/speech-sphinx/train-new-model/an4-master/model_architecture/an4.200.mdef
INFO: model_def_io.c(573): Model definition info:
INFO: model_def_io.c(574): 6406 total models defined (34 base, 6372 tri)
INFO: model_def_io.c(575): 25624 total states
INFO: model_def_io.c(576): 302 total tied states
INFO: model_def_io.c(577): 102 total tied CI states
INFO: model_def_io.c(578): 34 total tied transition matrices
INFO: model_def_io.c(579): 4 max state/model
INFO: model_def_io.c(580): 4 min state/model
INFO: s3mixw_io.c(117): Read /home/rakha/Kuliah/Semester8/nlp/speech-sphinx/train-new-model/an4-master/model_parameters/an4.cd_ptm_200/mixture_weights [302x4x64 array]
INFO: s3tmat_io.c(118): Read /home/rakha/Kuliah/Semester8/nlp/speech-sphinx/train-new-model/an4-master/model_parameters/an4.cd_ptm_200/transition_matrices [34x3x4 array]
INFO: mod_inv.c(301): inserting tprob floor 1.000000e-05 and renormalizing
INFO: s3gau_io.c(169): Read /home/rakha/Kuliah/Semester8/nlp/speech-sphinx/train-new-model/an4-master/model_parameters/an4.cd_ptm_200/means [34x4x64 array]
INFO: s3gau_io.c(169): Read /home/rakha/Kuliah/Semester8/nlp/speech-sphinx/train-new-model/an4-master/model_parameters/an4.cd_ptm_200/variances [34x4x64 array]
INFO: gauden.c(176): 34 total mgau
INFO: gauden.c(150): 4 feature streams (|0|=12 |1|=24 |2|=3 |3|=12 )
INFO: gauden.c(187): 64 total densities
INFO: gauden.c(90): min_var=1.000000e-04
INFO: gauden.c(165): compute 64 densities/frame
INFO: main.c(431): Will reestimate mixing weights.
INFO: main.c(433): Will reestimate means.
INFO: main.c(435): Will reestimate variances.
INFO: main.c(443): Will reestimate transition matrices
INFO: main.c(456): Reading main dictionary: /home/rakha/Kuliah/Semester8/nlp/speech-sphinx/train-new-model/an4-master/etc/an4.dic
INFO: lexicon.c(221): 130 entries added from /home/rakha/Kuliah/Semester8/nlp/speech-sphinx/train-new-model/an4-master/etc/an4.dic
INFO: main.c(466): Reading filler dictionary: /home/rakha/Kuliah/Semester8/nlp/speech-sphinx/train-new-model/an4-master/etc/an4.filler
INFO: lexicon.c(221): 3 entries added from /home/rakha/Kuliah/Semester8/nlp/speech-sphinx/train-new-model/an4-master/etc/an4.filler
INFO: corpus.c(403): skipping 708 utts.
INFO: corpus.c(407): Last utt skipped: an387-mmtm-b
INFO: corpus.c(1062): Will process all remaining utts starting at 708
INFO: main.c(665): Reestimation: Baum-Welch
INFO: cmn.c(133): CMN: 43.44  1.61 -2.13  0.46 -0.78  8.86 -14.41 -9.06 -4.25 -6.25  6.61 -0.66  0.99 
column defns
	<seq>
	<id>
	<n_frame_in>
	<n_frame_del>
	<n_state_shmm>
	<avg_states_alpha>
	<avg_states_beta>
	<avg_states_reest>
	<avg_posterior_prune>
	<frame_log_lik>
	<utt_log_lik>
	... timing info ... 
utt>   708              an388-mmtm-b   90    0    28 14  2 4 4.166160e-12 -1.945065e+02 -1.750558e+04
INFO: cmn.c(133): CMN: 50.71  3.65 -0.82 17.13 -3.25  7.14 -10.59 -0.34  4.59 -13.28 10.07 -6.89 -0.04 
utt>   709              an389-mmtm-b  305    0    84 14  2 4 3.314259e-12 -1.894053e+02 -5.776862e+04
INFO: cmn.c(133): CMN: 41.68  2.38 -1.13 26.49  3.88  5.36 -5.98 -2.98  0.70 -11.05  4.22 -3.67  1.87 
utt>   710              an390-mmtm-b   79    0    28 13  2 5 5.070293e-12 -1.894042e+02 -1.496293e+04
INFO: cmn.c(133): CMN: 54.42  5.87 -1.50 14.76 -7.37  5.86 -17.80  0.53 -0.94 -11.21 16.96 -7.09  1.41 
utt>   711               cen1-mmtm-b  201    0    40 15  1 3 2.724418e-12 -1.909971e+02 -3.839041e+04
INFO: cmn.c(133): CMN: 50.45  1.50 -1.77 29.52 -3.83  2.60 -11.06  4.73 -0.99 -14.04  8.77 -7.47  1.02 
utt>   712               cen2-mmtm-b  290    0    76 16  1 3 2.712287e-12 -1.878438e+02 -5.447470e+04
INFO: cmn.c(133): CMN: 46.70 10.91 -2.20 12.10 -7.68  7.09 -4.96 -3.41 -7.27 -9.60 18.55 -5.05 -3.83 
utt>   713               cen3-mmtm-b  149    0    48 13  2 4 1.255013e-12 -1.904890e+02 -2.838286e+04
INFO: cmn.c(133): CMN: 50.59  7.34 -2.63 25.07 -11.04  8.04 -12.50  2.49 -0.20 -12.38 11.00 -5.08 -0.25 
utt>   714               cen4-mmtm-b  519    0    88 14  1 3 1.773556e-12 -1.862532e+02 -9.666541e+04
INFO: cmn.c(133): CMN: 49.98  6.71 -2.91 21.91 -9.62 10.11 -8.42  0.45  0.75 -9.63 10.69 -2.39 -1.22 
utt>   715               cen5-mmtm-b  239    0    44 14  1 3 2.345505e-12 -1.868396e+02 -4.465467e+04
INFO: cmn.c(133): CMN: 51.60 11.36 -1.94  2.60 -13.63 10.22 -11.46 -0.01 -3.31 -8.37 12.34 -2.25 -3.45 
utt>   716               cen6-mmtm-b  208    0    84 12  2 4 2.865463e-12 -1.922535e+02 -3.998872e+04
INFO: cmn.c(133): CMN: 49.58  9.63 -4.69  9.93 -7.02  8.41 -8.25 -1.56  1.05 -9.49 12.60 -6.04 -3.94 
utt>   717               cen7-mmtm-b  314    0    96 14  2 4 3.777579e-12 -1.892833e+02 -5.943496e+04
INFO: cmn.c(133): CMN: 48.01  2.89 -2.94 10.77 -3.21  9.50 -11.32  0.43  0.98 -8.38  5.06 -4.55 -0.09 
utt>   718               cen8-mmtm-b  279    0   116 13  2 4 2.605208e-12 -1.957154e+02 -5.460461e+04
INFO: cmn.c(133): CMN: 41.62 -2.74  9.59 21.32 -5.44 -5.89  6.33 -5.58 -1.66 -5.08 -3.32 -0.71 -8.76 
utt>   719              an346-mnfe-b  397    0    84 16  1 3 2.554579e-12 -1.910068e+02 -7.582970e+04
INFO: cmn.c(133): CMN: 31.84  2.07  3.23 -2.23 -9.37 -2.82 -2.79 -2.43 -2.50 -1.49 -3.82  0.81 -0.08 
utt>   720              an347-mnfe-b   89    0    24 12  2 4 3.537747e-12 -1.965111e+02 -1.748949e+04
INFO: cmn.c(133): CMN: 40.75  1.01  4.76 12.70 -1.37 -8.27  1.28 -8.79 -0.20 -2.80 -1.23 -4.50 -1.24 
utt>   721              an348-mnfe-b  212    0    68 17  2 4 3.707349e-12 -1.926595e+02 -4.084382e+04
INFO: cmn.c(133): CMN: 42.28  9.17 -1.46  7.25 -7.67 -10.89 -2.56 -6.55  0.15 -4.07  1.78  1.14 -0.58 
utt>   722              an349-mnfe-b  455    0    92 18  1 3 2.672662e-12 -1.900508e+02 -8.647310e+04
INFO: cmn.c(133): CMN: 36.73  5.49  0.53 14.34 -5.39  0.61 -4.98 -8.80  0.40 -1.87 -4.54 -4.64  0.46 
utt>   723              an350-mnfe-b  139    0    32 13  1 3 2.426721e-12 -1.943895e+02 -2.702014e+04
INFO: cmn.c(133): CMN: 40.87  6.94  2.14  5.06 -4.61 -6.49  3.98 -5.66 -3.15 -2.36  1.84 -1.53 -4.11 
utt>   724               cen1-mnfe-b  259    0    40 15  1 3 2.238982e-12 -1.868998e+02 -4.840705e+04
INFO: cmn.c(133): CMN: 43.59  4.52  0.47 11.89 -2.15 -15.27 11.56 -7.56  4.53 -0.86  4.04 -4.04 -7.32 
utt>   725               cen2-mnfe-b  192    0    32 13  1 3 2.038840e-12 -1.888268e+02 -3.625474e+04
INFO: cmn.c(133): CMN: 41.65  5.59  3.36 13.66 -0.18 -14.46  6.45 -7.89  2.42 -4.66 -2.21 -10.30 -0.66 
utt>   726               cen3-mnfe-b  169    0    60 13  2 4 2.250551e-12 -1.902022e+02 -3.214418e+04
INFO: cmn.c(133): CMN: 41.71  6.59  4.43 10.33 -9.84 -5.84  9.66 -5.89 -9.47 -5.42 -0.60  2.16 -4.82 
utt>   727               cen4-mnfe-b  409    0    76 14  1 3 2.109543e-12 -1.874754e+02 -7.667745e+04
INFO: cmn.c(133): CMN: 41.88 -3.15  7.36 21.24 -3.96 -9.02  5.80 -4.34 -3.26 -1.09 -4.27  4.64 -9.28 
utt>   728               cen5-mnfe-b  514    0    84 13  1 2 1.948870e-12 -1.854766e+02 -9.533496e+04
INFO: cmn.c(133): CMN: 42.78 10.44  0.91  9.17 -5.13 -6.62  5.37 -6.45 -1.12 -1.56 -1.99 -4.15 -3.89 
utt>   729               cen6-mnfe-b  289    0    72 14  2 3 3.725282e-12 -1.923337e+02 -5.558445e+04
INFO: cmn.c(133): CMN: 41.09  1.84  0.63 10.59 -2.67 -5.91 -0.73 -5.33 -1.17 -0.87  0.03  0.13 -6.27 
utt>   730               cen7-mnfe-b  398    0    84 15  1 3 2.720253e-12 -1.880007e+02 -7.482426e+04
INFO: cmn.c(133): CMN: 42.02  6.52  7.95 15.54 -8.30 -8.24  2.56 -8.03  3.34 -9.40  2.13 -6.00 -4.20 
utt>   731               cen8-mnfe-b  214    0    88 13  2 4 4.683484e-12 -1.953669e+02 -4.180852e+04
INFO: cmn.c(133): CMN: 47.62  5.74 -2.83 17.20 -3.83 -5.42 -0.29 -1.54 -0.23 -1.78 -2.62 -3.14  6.20 
utt>   732               an81-mnjl-b  218    0    76 14  2 3 3.766929e-12 -1.959884e+02 -4.272547e+04
INFO: cmn.c(133): CMN: 47.22  2.94  1.72 13.85 -8.64 -2.78  0.45 -4.18 -0.18 -5.24 -1.73 -1.72  0.03 
utt>   733               an82-mnjl-b  339    0    76 14  1 3 3.304148e-12 -1.900564e+02 -6.442913e+04
INFO: cmn.c(133): CMN: 47.39 -10.40  5.56 10.23 -4.64  2.26 -13.61  4.86 -1.06  0.03 -2.71 -3.06  6.85 
utt>   734               an83-mnjl-b  126    0    36 11  2 3 3.152510e-12 -1.919974e+02 -2.419167e+04
INFO: cmn.c(133): CMN: 45.70 -0.09 -0.67 15.24 -2.27 -2.67 -6.52 -3.19 -0.78 -1.03 -1.14 -4.76  5.46 
utt>   735               an84-mnjl-b  189    0    64 13  2 4 3.071592e-12 -1.928524e+02 -3.644911e+04
INFO: cmn.c(133): CMN: 47.25  3.74  5.50 17.12 -10.98 -1.98  8.18 -6.43  1.87 -4.27 -2.06 -4.39 -0.70 
utt>   736               an85-mnjl-b  380    0   108 14  1 3 1.996342e-12 -1.949076e+02 -7.406488e+04
INFO: cmn.c(133): CMN: 46.96 11.29 -1.59  6.44 -13.96  0.37  5.30 -4.97 -3.40  1.67 -2.97  4.73 -0.78 
utt>   737               cen1-mnjl-b  409    0   100 16  2 3 3.743151e-12 -1.939486e+02 -7.932496e+04
INFO: cmn.c(133): CMN: 45.64  1.51  0.16 22.50 -5.73 -13.30 -4.13  3.83 -1.22 -2.55  2.17 -1.94  8.40 
utt>   738               cen2-mnjl-b  194    0    48 16  2 3 2.280949e-12 -1.935606e+02 -3.755076e+04
INFO: cmn.c(133): CMN: 43.51  2.42  6.07  0.77 -11.20  4.90  0.28 -7.99 -3.51  4.32  3.58 -6.50  4.60 
utt>   739               cen3-mnjl-b  119    0    44 14  2 4 3.068616e-12 -1.980526e+02 -2.356826e+04
INFO: cmn.c(133): CMN: 44.24 -0.46  4.34 20.22 -3.36 -5.47  3.74 -1.28 -3.69 -3.35 -2.17 -0.52 -2.45 
utt>   740               cen5-mnjl-b  319    0    84 13  2 4 2.618589e-12 -1.932385e+02 -6.164308e+04
INFO: cmn.c(133): CMN: 44.71  7.26  0.48  6.04 -7.78 -1.19  0.88 -4.14 -2.26 -0.60  3.70 -3.18  3.48 
utt>   741               cen6-mnjl-b  195    0    72 13  2 4 3.193360e-12 -1.954033e+02 -3.810364e+04
INFO: cmn.c(133): CMN: 47.19  0.10  4.10  9.50 -9.35 -1.51 -4.00 -0.14 -3.87 -3.15 -2.72 -4.29  4.01 
utt>   742               cen7-mnjl-b  356    0   132 14  2 4 3.673215e-12 -1.949856e+02 -6.941486e+04
INFO: cmn.c(133): CMN: 48.77  0.97  6.84  7.36 -11.10  0.28  1.50 -2.27  0.74 -3.47  5.16 -3.20  6.58 
utt>   743               cen8-mnjl-b  214    0    88 14  2 4 3.228368e-12 -1.977822e+02 -4.232539e+04
INFO: cmn.c(133): CMN: 46.96 -1.64  1.01 28.03 -3.90 -0.93 -3.72 -6.18  2.88 -16.11  7.36 -9.32 -7.50 
utt>   744               an71-mrab-b  286    0   100 15  2 4 2.355904e-12 -1.914218e+02 -5.474665e+04
INFO: cmn.c(133): CMN: 38.80 -2.90 -2.11 -1.07 -15.24  8.63 -7.99  5.21 -2.75 -2.72  6.34  3.48 -5.77 
utt>   745               an72-mrab-b   71    0    24 10  2 3 1.716397e-12 -1.960430e+02 -1.391905e+04
INFO: cmn.c(133): CMN: 43.76  2.58 -5.62 13.55 -5.96  6.46 -12.71 -9.77  6.96 -10.66  4.87 -4.27 -3.83 
utt>   746               an73-mrab-b  149    0    52 12  2 4 3.811056e-12 -1.923533e+02 -2.866065e+04
INFO: cmn.c(133): CMN: 42.67  7.69 -8.72 17.07 -4.71  3.87 -7.78 -7.41  9.92 -14.70  3.08  0.98 -9.70 
utt>   747               an74-mrab-b  289    0   104 13  2 3 2.183250e-12 -1.977661e+02 -5.715440e+04
INFO: cmn.c(133): CMN: 48.42 -1.55 -3.18 25.18 -1.12 -1.68 -15.41  1.00  2.28 -13.24 -0.32 -2.29 -3.65 
utt>   748               an75-mrab-b  301    0    92 13  2 3 1.542644e-12 -1.928405e+02 -5.804498e+04
INFO: cmn.c(133): CMN: 57.17 12.89 -16.47 35.71 -7.69 -2.30 -17.89 -15.85 17.49 -23.54  9.95 -10.77  5.13 
utt>   749               cen1-mrab-b  153    0    56 16  2 4 4.649722e-12 -1.902848e+02 -2.911358e+04
INFO: cmn.c(133): CMN: 46.54  8.42 -8.51 22.87 -8.01  8.90 -11.66 -10.18  6.73 -19.17  4.51  2.32 -3.34 
utt>   750               cen2-mrab-b  179    0    48 12  2 3 3.341709e-12 -1.914589e+02 -3.427114e+04
INFO: cmn.c(133): CMN: 43.15  7.05 -4.80 17.35 -8.28  3.80 -7.87 -4.34  1.68 -14.04 10.16 -5.65 -1.13 
utt>   751               cen3-mrab-b  110    0    52 10  2 4 3.591336e-12 -1.990654e+02 -2.189719e+04
INFO: cmn.c(133): CMN: 49.06 12.03 -10.02 32.38 -10.76  0.05 -11.67 -8.51  3.02 -22.46 10.65 -3.47 -3.17 
utt>   752               cen4-mrab-b  306    0    80 13  2 4 2.396242e-12 -1.869197e+02 -5.719744e+04
INFO: cmn.c(133): CMN: 49.46  6.49 -6.51 25.24 -10.17 -3.17 -4.72 -6.29  1.36 -17.54 11.19 -7.46 -2.58 
utt>   753               cen5-mrab-b  253    0    68 13  2 4 3.671062e-12 -1.925069e+02 -4.870425e+04
INFO: cmn.c(133): CMN: 45.63  1.11 -2.27 10.16 -2.29  7.02 -22.02 -4.99 -0.72 -9.85  2.89 -4.73 -1.20 
utt>   754               cen6-mrab-b  162    0    72 10  2 4 4.019330e-12 -1.959585e+02 -3.174527e+04
INFO: cmn.c(133): CMN: 47.46  9.04 -11.73 17.98 -11.14  2.45 -11.12 -13.31  5.50 -15.72  6.98 -1.51 -8.10 
utt>   755               cen7-mrab-b  200    0    84 11  2 4 4.142076e-12 -1.949019e+02 -3.898037e+04
INFO: cmn.c(133): CMN: 44.74  3.60 -3.60 21.82 -5.76  1.92 -13.16 -2.45  5.37 -14.44  1.19 -3.73 -2.72 
utt>   756               cen8-mrab-b  177    0    88 12  2 4 2.993415e-12 -1.963420e+02 -3.475254e+04
INFO: cmn.c(133): CMN: 47.45  2.78 -7.15 13.56 -9.77  5.15 -9.09 -9.05  3.56 -5.92 -0.70  2.90 -3.46 
utt>   757              an101-mrcb-b  339    0    92 14  1 3 2.499989e-12 -1.905773e+02 -6.460570e+04
INFO: cmn.c(133): CMN: 40.44 13.00 -4.40  8.50 -7.01 -0.71  5.82 -10.11 -4.03 -8.53  4.16  4.86 -4.76 
utt>   758              an102-mrcb-b   71    0    16 9  2 4 7.409351e-13 -1.922169e+02 -1.364740e+04
INFO: cmn.c(133): CMN: 50.52  0.39 -5.87 21.38 -1.29  3.57 -11.46 -10.32  0.36 -9.74 -0.06 -1.75  0.96 
utt>   759              an103-mrcb-b  392    0   136 13  2 3 3.505401e-12 -1.917869e+02 -7.518046e+04
INFO: cmn.c(133): CMN: 42.12  0.28 -3.13  0.23 -6.12  6.73 -9.58 -9.23 -3.90  2.89 -0.11  7.08  1.12 
utt>   760              an104-mrcb-b   99    0    28 13  2 4 4.398919e-12 -1.902289e+02 -1.883266e+04
INFO: cmn.c(133): CMN: 44.88  6.99 -7.19 13.41 -3.18  1.03 -9.26 -17.16  6.07 -4.65 -2.13 -2.10  3.74 
utt>   761              an105-mrcb-b  149    0    40 12  1 3 3.268159e-12 -1.932488e+02 -2.879407e+04
INFO: cmn.c(133): CMN: 47.49  1.08 -7.89 17.59 -7.23 -0.03 -4.25 -13.56  0.62 -12.17  3.59  5.95  1.46 
utt>   762               cen1-mrcb-b  193    0    44 13  2 3 1.880415e-12 -1.945529e+02 -3.754871e+04
INFO: cmn.c(133): CMN: 45.25  9.41 -8.62 12.42 -9.73 -3.83 -2.71 -9.91  8.41 -10.23  4.37  4.18  1.69 
utt>   763               cen2-mrcb-b  187    0    44 14  1 3 3.762478e-12 -1.931464e+02 -3.611838e+04
INFO: cmn.c(133): CMN: 43.14  3.19 -5.67 11.48 -2.71  2.79 -3.56 -9.12  0.91 -8.28  1.29  1.69 -3.50 
utt>   764               cen3-mrcb-b  168    0    52 12  2 3 1.956048e-12 -1.929546e+02 -3.241638e+04
INFO: cmn.c(133): CMN: 41.69  3.22 -2.49 21.34 -5.60 -3.98  4.89 -11.01  3.90 -9.80  3.53  0.32  0.70 
utt>   765               cen4-mrcb-b  279    0    48 14  1 2 2.933295e-12 -1.912388e+02 -5.335562e+04
INFO: cmn.c(133): CMN: 47.67  1.21 -8.34 27.49 -3.32 -2.94 -1.92 -12.91  4.68 -13.19  6.01 -3.99  1.25 
utt>   766               cen5-mrcb-b  333    0    84 11  2 3 2.234936e-12 -1.887660e+02 -6.285906e+04
INFO: cmn.c(133): CMN: 49.27  6.61 -4.02  6.88 -10.15  2.22  0.56 -14.59  2.20 -8.65  6.42  1.35 -6.66 
utt>   767               cen6-mrcb-b  158    0    80 12  2 4 3.467767e-12 -1.941912e+02 -3.068220e+04
INFO: cmn.c(133): CMN: 47.17  4.57 -6.52 16.63 -2.80  4.36 -6.09 -11.81  4.59 -12.77  2.57 -1.87  0.05 
utt>   768               cen7-mrcb-b  433    0   144 14  2 3 3.336938e-12 -1.938946e+02 -8.395637e+04
INFO: cmn.c(133): CMN: 47.87  1.78 -6.18 14.76 -2.33  2.35 -8.23 -10.29  2.80 -8.96 -0.38 -1.28 -2.51 
utt>   769               cen8-mrcb-b  268    0   120 16  2 4 4.092635e-12 -2.008646e+02 -5.383170e+04
INFO: cmn.c(133): CMN: 48.50 -9.59 -0.34 12.98 -10.13  9.00 -13.60  2.25 -5.18 -1.84  0.18 -5.56 -0.66 
utt>   770             an236-mrjc2-b   65    0    20 8  2 4 1.574979e-12 -1.853669e+02 -1.204885e+04
INFO: cmn.c(133): CMN: 50.24 -5.09 -3.35 14.56 -8.28 15.65 -15.34 -0.89 -0.84 -6.38  5.71 -4.11 -1.71 
utt>   771             an237-mrjc2-b  113    0    40 11  2 4 3.746043e-12 -1.904130e+02 -2.151667e+04
INFO: cmn.c(133): CMN: 47.34 -9.99 -4.69  4.51 -19.49  9.46 -7.07  5.73 -6.34 -0.08  5.74 -1.08 -6.71 
utt>   772             an238-mrjc2-b   66    0    24 12  2 4 3.777810e-12 -1.953398e+02 -1.289243e+04
INFO: cmn.c(133): CMN: 49.08  2.21 -5.83 14.48 -13.25 10.93 -18.09  8.56  4.44 -7.30  1.81  1.86 -0.99 
utt>   773             an239-mrjc2-b  279    0    88 12  2 3 4.273133e-12 -1.922533e+02 -5.363867e+04
INFO: cmn.c(133): CMN: 49.95  0.58 -6.63 15.04 -7.47 14.34 -14.42  3.10  1.33 -6.75  2.22 -3.39 -1.29 
utt>   774             an240-mrjc2-b  186    0    64 13  2 4 3.621921e-12 -1.960760e+02 -3.647014e+04
INFO: cmn.c(133): CMN: 47.19  1.00 -1.98 15.52 -18.02 14.04 -13.36  5.89  1.67 -4.33 -5.17  1.13 -1.42 
utt>   775              cen1-mrjc2-b  409    0    60 15  1 2 1.668919e-12 -1.885085e+02 -7.709997e+04
INFO: cmn.c(133): CMN: 49.99 -0.94 -6.72 17.17 -18.62 10.72 -20.23  8.35  5.22 -8.67  1.36  1.10 -0.42 
utt>   776              cen2-mrjc2-b  312    0    56 13  1 3 2.166259e-12 -1.857276e+02 -5.794701e+04
INFO: cmn.c(133): CMN: 47.21 -11.33  1.04 10.18 -5.48 10.03 -13.38  7.83 -4.93 -0.14 -1.38 -3.08 -0.37 
utt>   777              cen3-mrjc2-b  209    0    64 15  2 3 2.933235e-12 -1.905766e+02 -3.983051e+04
INFO: cmn.c(133): CMN: 47.04  3.60 -9.20 22.46 -16.90  6.36 -9.68 10.31  2.18 -5.06 -0.84  1.98 -5.23 
utt>   778              cen4-mrjc2-b  349    0    64 17  1 3 1.246040e-12 -1.890123e+02 -6.596530e+04
INFO: cmn.c(133): CMN: 47.66 -6.44 -2.97 29.45 -14.21  6.21 -14.73  6.66 -1.80 -9.58 -1.16 -0.75 -3.37 
utt>   779              cen5-mrjc2-b  354    0    84 12  1 3 2.270637e-12 -1.874162e+02 -6.634532e+04
INFO: cmn.c(133): CMN: 47.01 -5.23 -0.85 10.99 -14.68 10.81 -10.03  6.41 -7.88 -4.71  0.87 -1.80 -1.46 
utt>   780              cen6-mrjc2-b  229    0    64 11  2 3 2.152038e-12 -1.896226e+02 -4.342357e+04
INFO: cmn.c(133): CMN: 48.16 -5.70 -3.30  5.40 -10.58  7.58 -11.20  5.57 -4.23 -1.53  1.63 -2.47 -3.84 
utt>   781              cen7-mrjc2-b  329    0   108 13  2 3 3.203979e-12 -1.884307e+02 -6.199369e+04
INFO: cmn.c(133): CMN: 45.92  2.34 -13.31  6.02 -16.35  5.72 -8.73  4.05 -2.07 -0.46  1.62  1.56 -6.58 
utt>   782              cen8-mrjc2-b  329    0    64 17  1 3 2.025641e-12 -1.855855e+02 -6.105763e+04
INFO: cmn.c(133): CMN: 41.36  0.21 -3.56 11.85 -0.15  7.00 -11.97 -5.59 -0.32 -6.01 -3.72 -5.55  0.68 
utt>   783              an281-mrmg-b  138    0    28 12  1 3 3.804835e-12 -1.933376e+02 -2.668059e+04
INFO: cmn.c(133): CMN: 46.85  9.16 -11.14  9.20 -11.35 -1.36 -4.63 -6.19 -2.98 -9.71  7.79 -0.29 -5.36 
utt>   784              an282-mrmg-b   71    0    16 7  1 2 2.567910e-13 -1.817145e+02 -1.290173e+04
INFO: cmn.c(133): CMN: 49.10 -1.52 -6.66 17.80 -9.78  2.14 -3.90 -4.61  0.21  0.35  2.56 -1.37 -0.58 
utt>   785              an283-mrmg-b  499    0   120 13  1 3 2.325275e-12 -1.943003e+02 -9.695585e+04
INFO: cmn.c(133): CMN: 43.31 -9.70  1.44  4.91 -1.60  6.59 -11.69 -6.48 -0.57  0.81 -1.57 -4.44  2.56 
utt>   786              an284-mrmg-b  146    0    36 12  2 3 3.595310e-12 -1.949524e+02 -2.846305e+04
INFO: cmn.c(133): CMN: 48.58  3.42 -8.25 19.66 -2.79 -8.32 -6.28 -1.60 -2.92 -2.04  1.77 -4.03 -1.57 
utt>   787              an285-mrmg-b  333    0    80 14  1 3 3.425160e-12 -1.940715e+02 -6.462582e+04
INFO: cmn.c(133): CMN: 46.36 -6.43 -5.31 26.15 -8.58 -0.91  0.56 -3.55  2.24  0.95 -2.68  2.02 -3.77 
utt>   788               cen1-mrmg-b  323    0    40 13  1 2 2.122451e-12 -1.911277e+02 -6.173426e+04
INFO: cmn.c(133): CMN: 51.79  1.71 -8.75 16.64 -9.79 -0.75 -3.49 -7.75  7.38 -4.28  3.05 -3.06  0.12 
utt>   789               cen2-mrmg-b  359    0    56 12  1 2 2.136462e-12 -1.925831e+02 -6.913733e+04
INFO: cmn.c(133): CMN: 49.99  6.41 -1.78 12.20 -9.04  1.92  4.14 -11.04  4.76 -8.34  1.21 -3.89 -7.25 
utt>   790               cen3-mrmg-b  161    0    36 11  1 3 1.130646e-12 -1.932434e+02 -3.111219e+04
INFO: cmn.c(133): CMN: 47.47 -7.38  1.22 37.10 -6.34 -6.31  6.33 -7.66  2.50 -2.99  2.77 -3.98 -1.57 
utt>   791               cen4-mrmg-b  344    0    52 14  1 3 2.357881e-12 -1.863070e+02 -6.408962e+04
INFO: cmn.c(133): CMN: 50.02 -5.08 -1.90 31.08 -9.97 -2.66  6.20 -9.35  1.64 -4.31  4.42 -4.06 -3.24 
utt>   792               cen5-mrmg-b  473    0    84 11  1 3 1.341845e-12 -1.883263e+02 -8.907832e+04
INFO: cmn.c(133): CMN: 49.80  2.51 -6.57 11.61 -10.43  3.88  0.14 -12.33  7.22 -5.09 -0.27  1.15 -2.39 
utt>   793               cen6-mrmg-b  239    0    68 13  1 3 1.501725e-12 -1.957287e+02 -4.677915e+04
INFO: cmn.c(133): CMN: 52.62  1.97 -8.82 18.66 -6.40  2.43  0.49 -14.91  7.97 -10.24 -1.12 -0.59 -6.46 
utt>   794               cen7-mrmg-b  316    0    80 12  2 3 2.135755e-12 -1.915850e+02 -6.054087e+04
INFO: cmn.c(133): CMN: 49.18  2.20 -5.05  6.24 -7.65  7.08 -7.09 -11.12  2.84 -2.41  3.15 -5.96  0.99 
utt>   795               cen8-mrmg-b  219    0    84 12  2 4 2.004453e-12 -1.950906e+02 -4.272483e+04
INFO: cmn.c(133): CMN: 46.38  1.41 -2.34 12.57 -4.59  1.59 -7.17  0.12  6.08 -1.48 -4.73 -4.43 -1.87 
utt>   796             an356-mscg2-b  198    0    52 13  2 3 2.298849e-12 -1.909112e+02 -3.780041e+04
INFO: cmn.c(133): CMN: 44.52 -8.16 14.78 12.02 -0.07 -0.69 -8.42  8.20  0.21 -6.64 -2.05 -3.71  4.88 
utt>   797             an357-mscg2-b   81    0    20 9  2 3 3.059872e-12 -1.915510e+02 -1.551563e+04
INFO: cmn.c(133): CMN: 45.67  3.54  7.12 12.88 -1.49  3.14 -1.87  1.09  1.73 -4.96  0.69 -5.86 -0.65 
utt>   798             an358-mscg2-b  402    0    80 14  1 3 2.128230e-12 -1.940505e+02 -7.800828e+04
INFO: cmn.c(133): CMN: 47.22  7.22  5.57 20.78  2.54 -1.72  2.00 -0.06 -1.62 -7.37  0.77 -3.71 -7.40 
utt>   799             an359-mscg2-b  320    0    56 13  1 3 1.925950e-12 -1.901912e+02 -6.086117e+04
INFO: cmn.c(133): CMN: 37.97  0.43  3.37 22.19  4.74  6.95  1.76  2.71  4.74 -11.36 -1.50  3.69 -3.01 
utt>   800             an360-mscg2-b  102    0    28 12  2 4 2.351031e-12 -1.925541e+02 -1.964052e+04
INFO: cmn.c(133): CMN: 43.66  0.01  6.65 23.50  2.66  3.63  0.21  3.58  0.44 -9.18  2.52 -4.15 -1.54 
utt>   801              cen1-mscg2-b  235    0    44 13  1 3 2.901810e-12 -1.887548e+02 -4.435737e+04
INFO: cmn.c(133): CMN: 39.76 -1.83 11.91 28.66  3.35 -1.54  7.28  2.55 -4.20  1.12 -3.72  0.76 -2.85 
utt>   802              cen2-mscg2-b  279    0    48 19  1 3 2.805111e-12 -1.914021e+02 -5.340118e+04
INFO: cmn.c(133): CMN: 44.41  9.15 -4.70  2.75 -6.65  5.03  0.62 -2.35  1.10  0.85  7.70 -9.25  1.03 
utt>   803              cen3-mscg2-b  229    0    64 12  2 4 3.787334e-12 -1.922099e+02 -4.401607e+04
INFO: cmn.c(133): CMN: 45.62  8.19  2.32 19.05  2.58 -6.98 -2.22  3.84  0.89 -8.89  8.16 -1.83 -3.71 
utt>   804              cen4-mscg2-b  346    0    60 15  1 3 2.397767e-12 -1.915606e+02 -6.627996e+04
INFO: cmn.c(133): CMN: 45.40 -1.98  9.65 26.39 -0.31  1.01 -1.72  2.48  0.34 -11.05 -0.03 -1.85 -4.51 
utt>   805              cen5-mscg2-b  432    0    84 13  1 3 2.296150e-12 -1.904014e+02 -8.225341e+04
INFO: cmn.c(133): CMN: 42.72 -2.39  3.18  9.75  2.45  3.36 -10.76  4.30  1.63 -6.73  3.92 -5.63 -1.51 
utt>   806              cen6-mscg2-b  274    0    68 14  2 4 2.139789e-12 -1.920187e+02 -5.261312e+04
INFO: cmn.c(133): CMN: 41.32 -6.36  6.84  7.52  4.59 -1.68 -9.10  3.89 -0.55 -6.06 -1.33 -6.42  1.12 
utt>   807              cen7-mscg2-b  389    0    96 14  2 3 3.243069e-12 -1.910923e+02 -7.433490e+04
INFO: cmn.c(133): CMN: 41.66  0.50  3.44 16.18  4.03  0.19 -4.41  4.35 -4.41 -2.54  2.63 -9.84 -0.17 
utt>   808              cen8-mscg2-b  293    0    88 17  2 4 3.152521e-12 -1.915690e+02 -5.612973e+04
INFO: cmn.c(133): CMN: 37.08 -4.68  9.68  0.51  0.83 -2.44 -3.61 -2.03 -6.57 -0.32 -1.59 -0.50 -2.78 
utt>   809              an341-msct-b   99    0    20 11  1 3 9.793787e-13 -1.908739e+02 -1.889651e+04
INFO: cmn.c(133): CMN: 44.08 10.53  4.23  1.10 -1.99 -5.76 -10.98  0.89 -5.59 -1.51 -1.97 -3.69  1.21 
utt>   810              an342-msct-b  405    0   112 16  2 3 2.298423e-12 -1.971252e+02 -7.983569e+04
INFO: cmn.c(133): CMN: 41.93  7.52  2.21  7.24  2.55  0.30 -9.73  1.56 -4.87 -0.28 -3.82 -3.58  1.02 
utt>   811              an343-msct-b  189    0    52 14  2 3 2.658040e-12 -1.986422e+02 -3.754338e+04
INFO: cmn.c(133): CMN: 48.15  3.66  8.97 11.32  4.51 -10.36 -7.08  3.81 -11.31 -2.12 -7.28 -3.07 -4.36 
utt>   812              an344-msct-b  399    0    88 16  1 3 2.306596e-12 -1.921669e+02 -7.667461e+04
INFO: cmn.c(133): CMN: 45.46 12.96  2.98  2.46  1.70 -3.03 -11.66  3.41 -8.79 -4.08 -3.85 -1.75 -4.00 
utt>   813              an345-msct-b  569    0   152 15  1 3 2.957633e-12 -1.934408e+02 -1.100678e+05
INFO: cmn.c(133): CMN: 53.98 10.75  7.66  0.80  4.63 -1.81 -8.42  5.89 -15.41 -0.72 -5.00 -0.39 -0.34 
utt>   814               cen1-msct-b  172    0    36 14  1 3 1.986713e-12 -1.959293e+02 -3.369984e+04
INFO: cmn.c(133): CMN: 44.16  0.17 13.10 15.91 10.81 -9.22  3.76  4.42 -14.31  1.62 -4.86 -6.47 -5.91 
utt>   815               cen2-msct-b  249    0    48 19  2 3 2.711237e-12 -1.943497e+02 -4.839309e+04
INFO: cmn.c(133): CMN: 46.57 11.39  1.75  1.79  2.76 -3.11 -15.12  7.02 -8.99  1.81 -4.59 -5.54  1.32 
utt>   816               cen3-msct-b  149    0    48 13  2 4 7.260587e-12 -1.937579e+02 -2.886993e+04
INFO: cmn.c(133): CMN: 44.53  4.32 17.50 12.87  3.71 -11.46  0.23  7.56 -16.76  2.92 -6.28 -5.10 -4.59 
utt>   817               cen4-msct-b  214    0    48 13  1 3 2.976710e-12 -1.940927e+02 -4.153583e+04
INFO: cmn.c(133): CMN: 44.30  3.30 13.40 15.11  4.29 -3.07 -3.59  5.37 -12.32 -3.15 -3.71 -5.12 -5.70 
utt>   818               cen5-msct-b  379    0    84 14  1 3 2.525671e-12 -1.922633e+02 -7.286779e+04
INFO: cmn.c(133): CMN: 41.52  7.43  3.63  3.23  2.61  0.27 -11.00  2.86 -6.27 -2.79 -2.35 -4.41 -3.33 
utt>   819               cen6-msct-b  239    0    72 12  2 3 2.636707e-12 -1.967853e+02 -4.703168e+04
INFO: cmn.c(133): CMN: 46.38  4.88  7.20  9.25 10.14 -3.26 -9.35  7.06 -9.62 -2.74 -3.62 -1.97  0.43 
utt>   820               cen7-msct-b  302    0   100 17  2 4 3.587294e-12 -1.949769e+02 -5.888303e+04
INFO: cmn.c(133): CMN: 45.05  6.80  3.41  5.55  7.40 -3.81 -10.77  7.33 -7.81  2.38 -3.19 -4.51 -0.68 
utt>   821               cen8-msct-b  220    0    72 15  2 4 3.606627e-12 -1.938266e+02 -4.264185e+04
INFO: cmn.c(133): CMN: 40.44  6.21  0.73 14.91  3.67  2.39 -2.28 -0.14 -13.73 -0.54 -8.31  3.71 -3.28 
utt>   822              an226-msjm-b   89    0    28 14  2 3 3.691672e-12 -1.974130e+02 -1.756976e+04
INFO: cmn.c(133): CMN: 49.87 -2.04  0.09  8.80 -7.00  1.38 -14.22  1.08 -6.03 -3.41 -3.64  1.53 -6.12 
utt>   823              an227-msjm-b  251    0    76 13  2 4 2.506876e-12 -1.944132e+02 -4.879772e+04
INFO: cmn.c(133): CMN: 50.90  2.61  2.55 19.28 -1.48 -7.24 -12.43  5.63 -16.52 -0.84 -8.35  3.33 -4.96 
utt>   824              an228-msjm-b  354    0   120 15  2 4 3.646814e-12 -1.951291e+02 -6.907568e+04
INFO: cmn.c(133): CMN: 43.64  4.91  0.03 21.78  3.03 -3.15 -6.64  4.21 -16.29  2.60 -11.82  3.43 -2.72 
utt>   825              an229-msjm-b   74    0    28 13  2 5 2.754718e-12 -1.947577e+02 -1.441207e+04
INFO: cmn.c(133): CMN: 42.40  0.47  3.54 -5.86 -10.93 11.93 -3.18  0.76 -4.33  1.58  1.93  3.17 -4.21 
utt>   826              an230-msjm-b   99    0    24 14  2 3 2.864366e-12 -1.934177e+02 -1.914836e+04
INFO: cmn.c(133): CMN: 48.13 11.27 -2.01  8.50 -0.80 -8.72 -10.17  7.57 -14.11 -2.51 -2.65  2.35 -4.30 
utt>   827               cen1-msjm-b  229    0    52 13  2 3 3.179840e-12 -1.906251e+02 -4.365316e+04
INFO: cmn.c(133): CMN: 47.43  0.91  5.74 20.73 -0.34 -7.05 -5.91  8.37 -17.81  7.01 -14.06  3.34 -1.85 
utt>   828               cen2-msjm-b  239    0    56 16  2 4 2.554439e-12 -1.916153e+02 -4.579606e+04
INFO: cmn.c(133): CMN: 47.42  5.79  2.34 11.93  1.56  1.48 -9.39  3.67 -12.18  0.03 -4.86 -2.22 -2.86 
utt>   829               cen3-msjm-b  158    0    48 13  2 4 2.332210e-12 -1.986620e+02 -3.138859e+04
INFO: cmn.c(133): CMN: 45.16  8.52  0.75 15.53 -3.45 -3.91 -3.80  7.68 -14.74 -2.31 -4.39 -1.55 -2.01 
utt>   830               cen4-msjm-b  189    0    40 12  1 3 3.401952e-12 -1.929210e+02 -3.646206e+04
INFO: cmn.c(133): CMN: 49.77  8.39  0.64 17.74 -1.19 -7.66 -10.91  6.57 -15.19 -1.97 -8.60  0.85 -3.09 
utt>   831               cen5-msjm-b  269    0    84 15  2 4 3.462188e-12 -1.938514e+02 -5.214602e+04
INFO: cmn.c(133): CMN: 46.04  3.30  2.86 -0.01 -4.35 -0.81 -6.55  1.38 -9.37 -1.65  4.05 -1.98  1.90 
utt>   832               cen6-msjm-b  249    0    84 11  2 3 1.892083e-12 -1.928215e+02 -4.801257e+04
INFO: cmn.c(133): CMN: 50.69  9.23  2.13  1.46 -3.45  1.15 -14.35  0.81 -8.77 -3.89 -1.15 -1.01 -4.62 
utt>   833               cen7-msjm-b  241    0    84 13  2 4 2.973045e-12 -1.942012e+02 -4.680250e+04
INFO: cmn.c(133): CMN: 47.85  7.66  1.95  8.82 -8.47 -2.10 -8.87  4.21 -12.04 -8.61 -2.98  0.59 -1.93 
utt>   834               cen8-msjm-b  200    0    92 13  2 4 3.939340e-12 -1.963211e+02 -3.926422e+04
INFO: cmn.c(133): CMN: 35.34  2.99 -5.03 28.34 -5.90  4.76 -10.62 -2.74  1.32 -10.93 -2.76 -1.42 -0.17 
utt>   835              an351-msjr-b  270    0    72 12  1 3 2.850194e-12 -1.948023e+02 -5.259662e+04
INFO: cmn.c(133): CMN: 31.08  6.98 -4.65 14.06 -4.38  5.51 -4.05 -8.40  1.95 -6.37 -5.34  0.17 -1.27 
utt>   836              an352-msjr-b  129    0    28 11  1 3 9.396967e-13 -1.904683e+02 -2.457041e+04
INFO: cmn.c(133): CMN: 29.36 13.13  1.61  9.41 -13.67 -0.40  7.79  1.00 -4.09  2.84 -6.90  7.82 -4.89 
utt>   837              an353-msjr-b   70    0    16 9  2 4 2.106220e-12 -1.881556e+02 -1.317089e+04
INFO: cmn.c(133): CMN: 32.22  3.40 -0.75 24.43 -10.30  4.27 -3.82 -4.49  1.68 -8.74 -0.18  0.63 -5.29 
utt>   838              an354-msjr-b  377    0   112 14  1 3 2.538229e-12 -1.934915e+02 -7.294629e+04
INFO: cmn.c(133): CMN: 35.04  2.59 -2.39  9.02 -5.31  6.21 -13.48 -7.67  3.98 -1.88  0.66 -1.55 -3.61 
utt>   839              an355-msjr-b  182    0    56 14  2 3 2.635740e-12 -1.951745e+02 -3.552176e+04
INFO: cmn.c(133): CMN: 29.61  6.91  1.52 28.62 -15.02  5.48  0.07 -1.55 -1.23 -6.09  4.62 -1.35 -3.92 
utt>   840               cen1-msjr-b  369    0    60 16  1 3 2.146095e-12 -1.921712e+02 -7.091117e+04
INFO: cmn.c(133): CMN: 32.75 -2.20  7.83 45.93 -15.95  5.19  1.62  3.57 -2.97 -5.45  3.44  0.56 -10.18 
utt>   841               cen2-msjr-b  211    0    48 18  1 3 1.470654e-12 -1.947166e+02 -4.108521e+04
INFO: cmn.c(133): CMN: 34.56 10.17  2.53 20.24 -7.54 -5.48 -0.07 -3.79 -2.07 -9.04 -2.94  0.11 -3.43 
utt>   842               cen3-msjr-b  116    0    52 12  2 4 3.593852e-12 -1.968221e+02 -2.283136e+04
INFO: cmn.c(133): CMN: 32.95  3.55 -6.06 16.70 -7.74 -0.67 -8.37 -2.67  1.34 -4.08  2.61  3.09 -7.41 
utt>   843               cen4-msjr-b  218    0    44 14  1 3 3.023459e-12 -1.906943e+02 -4.157136e+04
INFO: cmn.c(133): CMN: 35.39  9.32 -9.80 23.13 -9.86  1.81 -6.33 -4.81  4.67 -1.05 -4.00  7.73 -5.51 
utt>   844               cen5-msjr-b  218    0    44 15  2 3 2.373744e-12 -1.902685e+02 -4.147852e+04
INFO: cmn.c(133): CMN: 36.08 11.25 -3.86  8.96 -14.12  1.13 -4.77 -5.00 -1.05 -5.12  3.96  2.47 -3.83 
utt>   845               cen6-msjr-b  209    0    84 12  2 4 3.640501e-12 -1.968218e+02 -4.113577e+04
INFO: cmn.c(133): CMN: 35.23 -2.08  3.12 21.38 -9.16  9.59 -17.72 -2.31  2.04 -9.61  2.06 -4.84 -1.60 
utt>   846               cen7-msjr-b  257    0    92 14  2 4 2.799847e-12 -1.949282e+02 -5.009654e+04
INFO: cmn.c(133): CMN: 33.30  9.69 -7.57 15.34 -6.57  2.77 -6.94 -2.69  0.09 -6.56 -3.35  0.71 -2.43 
utt>   847               cen8-msjr-b  230    0    92 14  2 3 3.722261e-12 -1.950805e+02 -4.486852e+04
INFO: cmn.c(133): CMN: 36.76 -4.46  3.83 12.66 -8.46  7.03 -3.49 -8.16  6.75 -4.24  0.77 -2.90 -0.27 
utt>   848              an100-mskh-b   64    0    20 10  2 4 2.628038e-12 -1.884892e+02 -1.206331e+04
INFO: cmn.c(133): CMN: 39.11 -3.61 -0.49 12.55 -8.91  8.08 -0.70 -11.40  1.01 -1.15 -1.92  2.28 -3.27 
utt>   849               an96-mskh-b   62    0    20 9  2 4 5.596242e-12 -1.916711e+02 -1.188361e+04
INFO: cmn.c(133): CMN: 42.20  2.11  4.46 14.68 -6.28  6.09  1.72 -14.19  0.09 -8.96 -2.99 -0.57 -3.94 
utt>   850               an97-mskh-b  122    0    60 14  2 4 2.965191e-12 -2.009836e+02 -2.452000e+04
INFO: cmn.c(133): CMN: 38.80 -3.86 -0.80  6.35 -10.18  7.62 -0.13 -12.50  0.35 -0.99  0.77  1.46 -0.21 
utt>   851               an98-mskh-b   71    0    28 12  2 4 2.888107e-12 -1.941246e+02 -1.378285e+04
INFO: cmn.c(133): CMN: 38.31 -2.39  6.78 27.66 -4.26  1.74  6.62 -3.07 -2.52 -12.26  4.64 -3.32 -2.36 
utt>   852               an99-mskh-b  259    0    84 17  2 4 2.171828e-12 -1.936425e+02 -5.015342e+04
INFO: cmn.c(133): CMN: 40.51  1.22  0.84 27.31 -4.77  0.13 -0.54 -12.67  2.83 -11.60  0.41  0.27 -0.50 
utt>   853               cen1-mskh-b  229    0    68 16  2 4 2.868149e-12 -1.972186e+02 -4.516307e+04
INFO: cmn.c(133): CMN: 40.76 -4.12  5.89 25.44 -4.27  5.01  2.91  0.50  4.69 -4.31  1.05 -2.89 -2.74 
utt>   854               cen2-mskh-b  170    0    48 20  2 4 2.521671e-12 -1.908534e+02 -3.244508e+04
INFO: cmn.c(133): CMN: 44.30 -0.52  5.57  9.57 -10.30  6.78 -4.16 -10.48  3.91 -7.17 -2.42 -2.12 -3.73 
utt>   855               cen3-mskh-b  161    0    68 14  2 4 3.344047e-12 -1.958811e+02 -3.153686e+04
INFO: cmn.c(133): CMN: 40.22  1.16  2.06 31.52  2.54  0.30  3.95 -4.17  0.69 -7.63 -2.02 -0.33 -3.76 
utt>   856               cen4-mskh-b  375    0    72 17  1 3 2.618233e-12 -1.902155e+02 -7.133082e+04
INFO: cmn.c(133): CMN: 43.62  1.57  1.36 31.12 -3.43  0.28  3.52 -9.89  2.09 -7.58 -4.55  0.25 -3.30 
utt>   857               cen5-mskh-b  311    0    84 13  2 3 2.549782e-12 -1.943372e+02 -6.043888e+04
INFO: cmn.c(133): CMN: 42.67 -0.25 -1.20 17.43 -1.28 -0.29  1.57 -4.72  2.39 -6.38 -1.70 -0.32 -2.41 
utt>   858               cen6-mskh-b  165    0    64 12  2 4 4.407737e-12 -1.943593e+02 -3.206928e+04
INFO: cmn.c(133): CMN: 40.58 -1.05  2.93 13.30 -4.84  3.17 -0.38 -8.24  2.41 -5.93 -1.72  0.45 -3.37 
utt>   859               cen7-mskh-b  299    0    96 18  2 4 3.170868e-12 -1.952573e+02 -5.838193e+04
INFO: cmn.c(133): CMN: 42.07 -12.08  1.29 14.08 -6.10  8.96 -4.78 -7.54  3.40 -2.50 -0.50 -5.11 -2.90 
utt>   860               cen8-mskh-b  239    0    96 16  2 4 3.028156e-12 -1.970153e+02 -4.708666e+04
INFO: cmn.c(133): CMN: 51.73  4.63  3.01  1.95 -5.42 -2.81 -15.06  3.54 -4.25 -4.20  5.97 -2.33 -0.90 
utt>   861              an276-msmn-b  283    0    92 18  2 3 2.240448e-12 -1.970314e+02 -5.575990e+04
INFO: cmn.c(133): CMN: 42.89  3.07 -1.14 -0.64  0.74  0.64 -10.59 -0.10 -1.89  0.48  7.41  3.30 -6.48 
utt>   862              an277-msmn-b   89    0    16 11  2 4 1.623673e-12 -1.890732e+02 -1.682751e+04
INFO: cmn.c(133): CMN: 50.75  7.45 -0.78  1.29 -0.14  1.40 -18.69  1.42 -4.07 -3.54  4.20  3.24 -3.32 
utt>   863              an278-msmn-b  395    0   108 14  2 3 3.791689e-12 -1.953402e+02 -7.715939e+04
INFO: cmn.c(133): CMN: 48.75 -2.95  1.82 14.21  1.90 -2.14 -12.42  4.62 -6.64 -3.98 -1.09  3.69 -4.55 
utt>   864              an279-msmn-b  288    0    72 17  2 3 2.407257e-12 -1.927744e+02 -5.551903e+04
INFO: cmn.c(133): CMN: 56.59 -2.71 10.60 14.55  2.36  4.99 -19.67 10.55 -0.63 -10.68  0.05  6.11 -7.25 
utt>   865               cen4-msmn-b  412    0    96 15  1 3 2.977841e-12 -1.926031e+02 -7.935248e+04
INFO: cmn.c(133): CMN: 51.57 -5.90  7.74 15.02  3.35  3.88 -19.50  8.48 -7.28 -5.18 -1.50  6.46 -4.02 
utt>   866               cen5-msmn-b  329    0    84 14  2 3 1.997020e-12 -1.929099e+02 -6.346736e+04
INFO: cmn.c(133): CMN: 54.86  0.97  7.50 -1.28 -3.44  9.37 -19.63  4.78 -1.28 -9.02  3.66  7.80 -11.53 
utt>   867               cen6-msmn-b  161    0    80 12  2 4 3.963204e-12 -1.988995e+02 -3.202283e+04
INFO: cmn.c(133): CMN: 52.21 -0.87  2.06  8.98  5.03  2.41 -20.82  2.42 -1.69 -5.65 -6.33  3.80 -8.29 
utt>   868               cen7-msmn-b  389    0   108 15  2 3 2.802596e-12 -1.951843e+02 -7.592671e+04
INFO: cmn.c(133): CMN: 50.44  2.44  5.90  7.89 -0.09  7.67 -20.65  6.64 -2.57 -5.78  3.43  8.41 -8.71 
utt>   869               cen8-msmn-b  587    0   144 15  2 3 3.664951e-12 -1.935504e+02 -1.136141e+05
INFO: cmn.c(133): CMN: 47.00  5.23 -2.11  8.37 -0.20 -5.39  4.72 -2.24  3.60 -1.02 -5.17 -2.19  1.96 
utt>   870              an331-msrb-b  179    0    32 13  1 3 2.099845e-12 -1.922376e+02 -3.441052e+04
INFO: cmn.c(133): CMN: 47.17  3.21  5.18 17.56 -3.89 -3.34  3.64 -7.63 -1.95 -9.12  1.07 -0.27 -5.30 
utt>   871              an332-msrb-b  369    0    88 15  1 3 2.692079e-12 -1.910525e+02 -7.049838e+04
INFO: cmn.c(133): CMN: 37.66 -1.47  6.54  7.13 -4.70 -1.33 -2.07 -2.98  1.22 -8.63  2.84 -1.70  2.96 
utt>   872              an333-msrb-b   99    0    20 10  2 3 2.804772e-12 -1.869592e+02 -1.850896e+04
INFO: cmn.c(133): CMN: 51.01  7.21  2.00 20.18 -2.40 -9.10  3.83 -3.92 -0.17 -2.85 -1.49 -0.68 -3.22 
utt>   873              an334-msrb-b  202    0    52 13  2 3 4.649440e-12 -1.934289e+02 -3.907264e+04
INFO: cmn.c(133): CMN: 49.94  0.81  4.12  8.42  3.31 -3.71 -0.63 -5.38  0.46 -1.85 -2.40 -3.09  2.10 
utt>   874              an335-msrb-b  112    0    40 11  2 4 4.627811e-12 -1.968257e+02 -2.204448e+04
INFO: cmn.c(133): CMN: 51.66 11.56 -0.91 15.12 -2.20 -0.95  0.94 -10.26  0.33 -11.64  1.58 -3.56 -3.43 
utt>   875               cen1-msrb-b  254    0    64 13  1 3 1.682395e-12 -1.937632e+02 -4.921586e+04
INFO: cmn.c(133): CMN: 47.88 -8.29  9.33 26.09 -2.77  1.61  8.71  0.14 -6.51 -2.52 -1.36 -5.00 -2.74 
utt>   876               cen2-msrb-b  239    0    40 17  1 3 2.656506e-12 -1.911910e+02 -4.569464e+04
INFO: cmn.c(133): CMN: 46.95  1.52 -1.60  6.56  1.17  0.96 -3.97 -0.88 -0.50 -3.99 -0.47 -2.06  0.71 
utt>   877               cen3-msrb-b  192    0    52 13  1 3 3.835597e-12 -1.950615e+02 -3.745180e+04
INFO: cmn.c(133): CMN: 53.26  2.69  3.66 18.12 -4.98 -4.24  2.26 -9.22 -1.70 -4.60 -1.55 -0.12 -1.63 
utt>   878               cen4-msrb-b  379    0    68 15  1 3 2.055569e-12 -1.879040e+02 -7.121563e+04
INFO: cmn.c(133): CMN: 53.92  2.67  3.06 20.83 -3.88 -6.21  2.39 -4.72 -3.20 -8.43  1.81 -2.24 -4.41 
utt>   879               cen5-msrb-b  359    0    56 14  1 3 3.431214e-12 -1.887980e+02 -6.777849e+04
INFO: cmn.c(133): CMN: 52.77  3.55 -0.16  5.14 -6.72 -1.80 -1.18 -6.73  4.41  0.80  0.73 -3.24 -0.47 
utt>   880               cen6-msrb-b  211    0    72 12  2 3 4.642376e-12 -1.940015e+02 -4.093432e+04
INFO: cmn.c(133): CMN: 50.65  4.69 -1.07 11.52 -0.41  0.16 -3.14 -2.95  1.96 -4.88 -2.30 -1.84 -0.89 
utt>   881               cen7-msrb-b  346    0    88 14  1 3 2.983908e-12 -1.915457e+02 -6.627481e+04
INFO: cmn.c(133): CMN: 48.43 -5.59  2.24 15.18  1.42 -2.79 -2.93  2.20 -4.02 -7.75 -1.79 -0.12 -1.02 
utt>   882               cen8-msrb-b  219    0    68 15  2 4 2.715687e-12 -1.908116e+02 -4.178773e+04
INFO: cmn.c(133): CMN: 44.28  7.42 -2.23 22.29 -9.79  9.13 -2.29 -0.77 -1.48 -8.44  0.53 -4.54 -2.84 
utt>   883              an301-mtcv-b  362    0    64 13  1 2 1.106364e-12 -1.879577e+02 -6.804069e+04
INFO: cmn.c(133): CMN: 46.14 11.08 -4.02 12.70 -13.81  4.44 -3.43 -0.90 -0.71 -5.65  5.08 -6.02 -1.95 
utt>   884              an302-mtcv-b  387    0    88 14  1 3 1.591079e-12 -1.903568e+02 -7.366808e+04
INFO: cmn.c(133): CMN: 47.51  4.64 -1.52 23.30 -5.47  5.39 -11.57  0.13 -1.54 -2.80  0.04 -8.73 -1.77 
utt>   885              an303-mtcv-b  404    0    96 14  1 3 2.170800e-12 -1.883004e+02 -7.607336e+04
INFO: cmn.c(133): CMN: 41.54 -0.50  0.54 -0.89 -12.11 12.67 -1.57 -3.27 -0.68 -0.44  4.59 -1.30 -2.20 
utt>   886              an304-mtcv-b   75    0    24 11  2 4 2.868367e-12 -1.893901e+02 -1.420426e+04
INFO: cmn.c(133): CMN: 45.33  0.05  0.07 15.04 -5.97 11.45 -10.10  0.64 -1.45 -2.27 -0.06 -5.50  1.36 
utt>   887              an305-mtcv-b  229    0    60 13  2 3 2.716786e-12 -1.915637e+02 -4.386810e+04
INFO: cmn.c(133): CMN: 41.57  5.62 -4.25 22.64 -9.48  6.21 -5.46  2.72 -0.50 -2.40  1.19 -1.69 -0.93 
utt>   888               cen1-mtcv-b  598    0    72 17  1 2 1.832048e-12 -1.875360e+02 -1.121465e+05
INFO: cmn.c(133): CMN: 46.22  4.41 -3.35 20.78 -13.78  6.46  0.33 -5.32  1.57 -10.78  9.27 -4.23 -3.34 
utt>   889               cen2-mtcv-b  139    0    28 13  2 3 1.639957e-12 -1.921888e+02 -2.671424e+04
INFO: cmn.c(133): CMN: 47.16  3.00  2.30  8.00 -3.59  5.16 -11.29 -0.81 -0.93  1.97  1.91 -5.88 -0.94 
utt>   890               cen3-mtcv-b  175    0    64 13  2 4 4.315933e-12 -1.917381e+02 -3.355417e+04
INFO: cmn.c(133): CMN: 44.37 10.44 -1.15 18.72 -16.14  3.89 -1.35  1.14 -3.80 -4.06  6.54 -6.29 -1.81 
utt>   891               cen4-mtcv-b  589    0   108 15  1 2 1.801091e-12 -1.893170e+02 -1.115077e+05
INFO: cmn.c(133): CMN: 46.48 14.98 -10.97 18.98 -7.91  3.61 -3.66 -3.83  2.52 -5.57  3.39 -3.07 -0.16 
utt>   892               cen5-mtcv-b  270    0    68 14  1 3 1.809215e-12 -1.911768e+02 -5.161773e+04
INFO: cmn.c(133): CMN: 44.71 14.07 -1.08  6.57 -10.84 -4.57  1.98 -12.44  0.61 -3.33  0.22 -2.57 -1.21 
utt>   893               cen6-mtcv-b  239    0    64 13  2 3 8.246957e-13 -1.881909e+02 -4.497762e+04
INFO: cmn.c(133): CMN: 45.13  5.55  0.01 10.80 -12.45  5.51 -7.79 -0.79 -2.59 -0.94  4.04 -7.53 -1.26 
utt>   894               cen7-mtcv-b  348    0   100 13  2 3 3.259791e-12 -1.912552e+02 -6.655682e+04
INFO: cmn.c(133): CMN: 47.44  2.79 -1.14 13.79 -8.15  7.99 -11.36  1.01 -2.29 -3.36  4.04 -10.25 -2.11 
utt>   895               cen8-mtcv-b  267    0    80 14  2 4 2.239206e-12 -1.919093e+02 -5.123978e+04
INFO: cmn.c(133): CMN: 52.54  1.01  1.28 13.42 -4.39  3.18 -4.46 -3.26  4.31  0.35  2.21 -0.74 -0.45 
utt>   896               an31-mtje-b  346    0    88 16  1 3 2.962892e-12 -1.891950e+02 -6.546146e+04
INFO: cmn.c(133): CMN: 44.40 -1.08  1.08  7.96 -7.66 -0.40 -6.26 -3.85  2.68 -2.51 -0.99  0.50 -1.90 
utt>   897               an32-mtje-b   99    0    20 10  2 4 2.373407e-12 -1.833578e+02 -1.815242e+04
INFO: cmn.c(133): CMN: 51.85 -1.27  3.36 21.48 -4.80  1.06 -6.09 -3.96  5.16 -4.75  0.94 -0.74  0.75 
utt>   898               an33-mtje-b  399    0   100 13  1 3 2.451592e-12 -1.921488e+02 -7.666737e+04
INFO: cmn.c(133): CMN: 44.69 -2.43  0.28  7.92 -3.97  1.16 -5.95 -4.12  1.35  0.59 -2.65  0.46  1.33 
utt>   899               an34-mtje-b  109    0    20 11  1 3 2.440651e-12 -1.848580e+02 -2.014953e+04
INFO: cmn.c(133): CMN: 51.53  1.54  2.58 25.60 -9.98  5.55 -3.51 -3.73  4.68 -6.17  5.22  0.13 -3.43 
utt>   900               an35-mtje-b  361    0    92 14  2 3 3.075208e-12 -1.903301e+02 -6.870918e+04
INFO: cmn.c(133): CMN: 49.90  2.97  1.85 32.97 -10.65  8.14 -2.56 -1.03  2.02 -0.94  2.52  3.26 -5.32 
utt>   901               cen1-mtje-b  234    0    60 14  1 3 3.398757e-12 -1.902808e+02 -4.452571e+04
INFO: cmn.c(133): CMN: 46.54  3.36 -3.69 19.55 -13.05  2.92 -3.49 -1.10  1.40 -2.17  0.72  2.73 -3.71 
utt>   902               cen2-mtje-b  429    0    56 14  1 2 1.203913e-12 -1.895083e+02 -8.129907e+04
INFO: cmn.c(133): CMN: 44.11 13.19 -4.29  9.22 -11.46 -0.56 -8.73 -2.74  1.45 -2.31 -0.07  4.02  0.51 
utt>   903               cen3-mtje-b  208    0    40 14  1 3 2.350257e-12 -1.870525e+02 -3.890692e+04
INFO: cmn.c(133): CMN: 48.21  0.25  7.56 32.78 -11.25  6.71 -3.75 -0.47  5.49 -8.02  2.91  4.03 -7.01 
utt>   904               cen4-mtje-b  428    0    64 16  1 2 2.195628e-12 -1.900350e+02 -8.133496e+04
INFO: cmn.c(133): CMN: 51.78  1.22  3.13 28.25 -12.22  4.80 -2.14 -4.15  7.83 -6.45  1.33  0.65 -4.33 
utt>   905               cen5-mtje-b  408    0    84 12  1 3 2.751158e-12 -1.908739e+02 -7.787656e+04
INFO: cmn.c(133): CMN: 53.77  6.45  0.37 24.51 -7.77  1.77 -3.48 -3.28  2.66 -6.01  1.57 -3.54 -2.76 
utt>   906               cen6-mtje-b  204    0    64 12  2 4 2.940454e-12 -1.929010e+02 -3.935180e+04
INFO: cmn.c(133): CMN: 51.11  3.45  0.07  9.56 -5.16  3.58 -8.56 -2.12  0.78 -2.90  1.19 -3.13  0.33 
utt>   907               cen7-mtje-b  478    0   136 14  2 3 2.315792e-12 -1.888957e+02 -9.029216e+04
INFO: cmn.c(133): CMN: 51.47  3.29 -0.96 17.62 -10.09  1.12 -5.19  0.16  1.55 -2.99  2.52 -2.08  0.74 
utt>   908               cen8-mtje-b  199    0    84 14  2 4 3.091083e-12 -1.942505e+02 -3.865584e+04
INFO: cmn.c(133): CMN: 47.64 -5.03  4.42 21.61  2.15 -7.40 -5.00 -0.63 -3.46  1.08 -0.94 -2.61 -2.71 
utt>   909              an366-mtos-b  262    0    76 13  1 3 3.279607e-12 -1.953593e+02 -5.118415e+04
INFO: cmn.c(133): CMN: 47.28  2.23  1.64 16.60  3.50 -5.17 -6.76 -1.85 -4.69  4.75 -4.72 -5.83 -2.56 
utt>   910              an367-mtos-b  384    0   164 17  1 3 2.748258e-12 -1.934462e+02 -7.428333e+04
INFO: cmn.c(133): CMN: 43.00 -0.96  5.23 13.61 -1.31 -1.01 -5.41 -2.14 -6.07  0.03 -0.93 -5.25 -1.30 
utt>   911              an368-mtos-b  419    0   156 15  2 3 1.723232e-12 -1.950553e+02 -8.172818e+04
INFO: cmn.c(133): CMN: 41.63 -7.41  6.27  8.57 -6.34  3.91 -2.42 -1.78  0.79 -1.22  0.72 -1.76  2.43 
utt>   912              an369-mtos-b   99    0    20 10  2 3 2.068777e-12 -1.919335e+02 -1.900142e+04
INFO: cmn.c(133): CMN: 36.16 -0.85  4.18 17.86  1.60 -4.02 -3.08 -3.48 -3.16 -0.66 -2.78  0.47 -2.47 
utt>   913              an370-mtos-b  439    0   108 16  1 3 2.134899e-12 -1.923644e+02 -8.444796e+04
INFO: cmn.c(133): CMN: 43.62 -0.22  1.46 16.32  0.70 -5.64 -4.18 -3.03 -7.55  5.49 -0.60 -1.69 -1.03 
utt>   914               cen1-mtos-b  196    0    44 13  2 3 2.401891e-12 -1.934046e+02 -3.790729e+04
INFO: cmn.c(133): CMN: 45.21 -3.07  5.12 21.14 -1.98 -9.56 -2.09 -2.84 -7.68  0.70 -4.96  0.82 -3.20 
utt>   915               cen2-mtos-b  241    0    48 13  1 3 2.803690e-12 -1.920929e+02 -4.629438e+04
INFO: cmn.c(133): CMN: 41.10  3.57  5.84 20.07  5.82 -5.60  7.92 -2.86 -5.05 -4.63 -0.51 -3.91 -3.42 
utt>   916               cen3-mtos-b  228    0    52 13  2 3 3.228689e-12 -1.954470e+02 -4.456192e+04
INFO: cmn.c(133): CMN: 44.84  9.50  6.26 16.53 -3.20 -8.11 10.70  2.46 -10.10 -1.33 -1.59 -7.03  0.30 
utt>   917               cen4-mtos-b  295    0    76 14  1 3 2.951303e-12 -1.955755e+02 -5.769477e+04
INFO: cmn.c(133): CMN: 43.45 -0.95  5.80 25.32  3.60 -6.01  0.48  2.69 -7.69 -1.69  0.43 -2.01 -4.47 
utt>   918               cen5-mtos-b  382    0    84 13  1 3 3.204308e-12 -1.896561e+02 -7.244863e+04
INFO: cmn.c(133): CMN: 44.40  6.43  2.33 10.37  1.38 -4.93  3.31 -2.28 -7.08  5.40 -3.82 -1.51 -2.53 
utt>   919               cen6-mtos-b  189    0    72 13  2 4 2.533983e-12 -1.974345e+02 -3.731512e+04
INFO: cmn.c(133): CMN: 42.90  9.05  0.13 12.13  1.06 -3.34 -0.71 -8.77  0.12 -11.96 -3.28  0.05 -0.65 
utt>   920               cen7-mtos-b  156    0    48 10  2 3 4.223380e-12 -1.994310e+02 -3.111123e+04
INFO: cmn.c(133): CMN: 44.39  1.12  6.83 10.92 -4.13 -3.16 -1.97 -2.73 -6.07  4.20 -6.33 -0.62  3.05 
utt>   921               cen8-mtos-b  190    0    76 14  2 4 3.232591e-12 -1.951599e+02 -3.708038e+04
INFO: cmn.c(133): CMN: 48.16  4.80  4.25 -1.86 -7.61  6.92 -8.65  2.84 -10.23  7.03 -2.01 -0.84 -3.24 
utt>   922              an376-mtxj-b  154    0    52 11  2 4 3.066654e-12 -1.958318e+02 -3.015809e+04
INFO: cmn.c(133): CMN: 47.75  0.42  8.25  9.49 -9.89  7.94 -5.04  0.66 -13.85  5.78 -2.22  1.46 -1.53 
utt>   923              an377-mtxj-b  344    0   104 14  2 3 2.730219e-12 -1.976325e+02 -6.798557e+04
INFO: cmn.c(133): CMN: 43.68 -0.25  4.92  7.15 -9.88  6.93 -6.73  1.85 -11.38  4.06 -2.12 -2.49  0.71 
utt>   924              an378-mtxj-b  128    0    56 12  2 4 2.197445e-12 -1.972436e+02 -2.524718e+04
INFO: cmn.c(133): CMN: 38.81  1.69  6.86 -3.50 -10.96  8.08 -1.64  3.15 -9.28  6.59  3.00 -0.43 -5.47 
utt>   925              an379-mtxj-b   61    0    24 11  2 4 4.569076e-12 -1.909718e+02 -1.164928e+04
INFO: cmn.c(133): CMN: 46.56 -0.86  4.94  9.54 -8.27  8.81 -8.50 -2.11 -16.60  9.53 -2.39 -2.99  1.04 
utt>   926              an380-mtxj-b  168    0    52 12  2 4 2.475767e-12 -1.934261e+02 -3.249559e+04
INFO: cmn.c(133): CMN: 50.82  1.01  8.76 14.00 -7.03 -3.24 -3.38 -4.26 -21.36  5.29 -3.95 -0.64  2.64 
utt>   927               cen1-mtxj-b  233    0    56 13  2 3 3.547269e-12 -1.919621e+02 -4.472717e+04
INFO: cmn.c(133): CMN: 46.05 -7.35 10.98 29.31 -2.40 -8.45  2.52 -0.11 -13.27 -2.00 -1.13 -3.69 -4.67 
utt>   928               cen2-mtxj-b  137    0    36 13  2 4 2.302897e-12 -1.914865e+02 -2.623365e+04
INFO: cmn.c(133): CMN: 44.21  7.83  4.06  3.73 -7.37 15.21 -6.68 -4.40 -13.84 17.38 -3.10 -7.38  3.59 
utt>   929               cen3-mtxj-b   79    0    48 14  2 4 4.115314e-12 -1.998619e+02 -1.578909e+04
INFO: cmn.c(133): CMN: 47.41  7.44  4.81  5.27 -5.86 -2.12  0.42  0.92 -16.52  4.65 -3.80  7.05 -3.47 
utt>   930               cen4-mtxj-b  445    0   100 14  1 3 3.865765e-12 -1.902114e+02 -8.464406e+04
INFO: cmn.c(133): CMN: 46.36  4.76  8.78 15.11 -7.16  1.27 -3.57  4.67 -19.34  2.96 -2.22  2.26 -1.66 
utt>   931               cen5-mtxj-b  404    0   116 15  2 3 2.655913e-12 -1.897603e+02 -7.666317e+04
INFO: cmn.c(133): CMN: 52.49  7.92  3.94 -4.17 -16.65  8.23 -4.23  1.66 -19.07 16.41  0.25  4.23 -5.79 
utt>   932               cen6-mtxj-b  162    0    68 12  2 4 3.163023e-12 -1.930466e+02 -3.127355e+04
INFO: cmn.c(133): CMN: 48.27  1.56  1.06  3.53 -6.44 10.24 -6.04 -0.08 -13.64  9.17 -3.08 -1.71  0.96 
utt>   933               cen7-mtxj-b  236    0    84 13  2 4 3.423656e-12 -1.967412e+02 -4.643092e+04
INFO: cmn.c(133): CMN: 46.65  2.21  2.04  6.71 -5.22 11.01 -6.94 -3.59 -11.12  8.47 -4.95 -4.48  3.19 
utt>   934               cen8-mtxj-b  245    0   132 15  2 4 5.251112e-12 -2.001733e+02 -4.904246e+04
INFO: cmn.c(133): CMN: 43.39  4.71 -2.90 19.85 -12.32  2.72 -15.17  1.45 -3.40 -5.37  2.80 -4.17  4.40 
utt>   935              an151-mwhw-b  309    0    88 14  1 3 2.332268e-12 -1.939224e+02 -5.992202e+04
INFO: cmn.c(133): CMN: 39.33 -3.44 -1.93 -0.52 -11.25 13.53 -14.65 -8.29  5.68 -7.49  5.67 -2.79  2.01 
utt>   936              an152-mwhw-b   74    0    28 12  2 4 2.782978e-12 -1.916542e+02 -1.418241e+04
INFO: cmn.c(133): CMN: 43.32  1.53  4.08 23.90 -4.79  1.86 -4.14  4.73 -2.71 -5.22  5.12 -4.85 -0.64 
utt>   937              an153-mwhw-b  271    0    84 14  2 4 3.007996e-12 -1.892764e+02 -5.129390e+04
INFO: cmn.c(133): CMN: 39.94  8.77 -2.66 17.72 -9.88  2.83 -6.21  1.25 -1.31 -10.68  1.84  0.62 -0.62 
utt>   938              an154-mwhw-b  289    0    60 14  1 3 2.430521e-12 -1.892699e+02 -5.469901e+04
INFO: cmn.c(133): CMN: 41.74 -7.18  1.86 16.44 -1.88 -0.04 -11.53 -0.08  0.21 -5.85  1.99 -0.92 -1.25 
utt>   939              an155-mwhw-b  117    0    44 11  2 4 2.649552e-12 -1.966148e+02 -2.300393e+04
INFO: cmn.c(133): CMN: 44.83  9.50 -8.49 22.31 -6.56  5.42 -10.65 -7.74  4.55 -13.02  3.57 -0.76  3.57 
utt>   940               cen1-mwhw-b  179    0    56 13  2 3 2.006764e-12 -1.905634e+02 -3.411085e+04
INFO: cmn.c(133): CMN: 47.08  7.25 -5.60 29.45 -8.59  2.16 -11.00  0.70  1.48 -12.85  7.28 -2.76 -0.42 
utt>   941               cen2-mwhw-b  207    0    60 13  2 3 1.533629e-12 -1.907877e+02 -3.949306e+04
INFO: cmn.c(133): CMN: 34.51  1.72 -3.17 14.38 -5.31  2.37 -4.10  0.08 -5.11 -2.49  2.50 -2.43  0.89 
utt>   942               cen3-mwhw-b  109    0    44 13  2 4 2.022932e-12 -1.977891e+02 -2.155902e+04
INFO: cmn.c(133): CMN: 42.37 -1.74  1.10 34.10 -1.55  2.15 -3.45 -0.28  3.51 -8.71  1.24  0.39 -1.68 
utt>   943               cen4-mwhw-b  359    0    92 14  1 3 2.757841e-12 -1.863012e+02 -6.688212e+04
INFO: cmn.c(133): CMN: 46.57  2.48 -3.23 20.67 -9.20 -0.97 -9.73  3.60 -3.10 -5.49  4.96 -2.34 -0.91 
utt>   944               cen5-mwhw-b  309    0    56 11  1 3 1.874804e-12 -1.899401e+02 -5.869148e+04
INFO: cmn.c(133): CMN: 40.45 17.32 -2.03  0.91 -14.96  2.86 -10.53  0.26  3.34 -7.03  7.52 -4.96  1.43 
utt>   945               cen6-mwhw-b  199    0    64 12  2 4 2.798225e-12 -1.916895e+02 -3.814621e+04
INFO: cmn.c(133): CMN: 44.32  3.07 -4.43  1.44 -9.27  5.43 -13.52 -0.86  4.11 -5.50  6.12 -4.71  0.16 
utt>   946               cen7-mwhw-b  272    0   100 12  2 4 2.579542e-12 -1.902236e+02 -5.174082e+04
INFO: cmn.c(133): CMN: 41.37  4.92 -0.45 13.60 -7.93  5.74 -4.84 -0.35 -0.66 -9.77 14.09 -6.43 -0.11 
utt>   947               cen8-mwhw-b  206    0   100 14  2 4 2.751464e-12 -1.965538e+02 -4.049008e+04
overall> stats 60464 (-0) -1.921046e+02 -1.161541e+07

INFO: s3mixw_io.c(233): Wrote /home/rakha/Kuliah/Semester8/nlp/speech-sphinx/train-new-model/an4-master/bwaccumdir/an4_buff_4/mixw_counts [302x4x64 array]
INFO: s3tmat_io.c(176): Wrote /home/rakha/Kuliah/Semester8/nlp/speech-sphinx/train-new-model/an4-master/bwaccumdir/an4_buff_4/tmat_counts [34x3x4 array]
INFO: s3gau_io.c(485): Wrote /home/rakha/Kuliah/Semester8/nlp/speech-sphinx/train-new-model/an4-master/bwaccumdir/an4_buff_4/gauden_counts with means with vars (2pass) [34x4x64 vector arrays]
INFO: main.c(999): Counts saved to /home/rakha/Kuliah/Semester8/nlp/speech-sphinx/train-new-model/an4-master/bwaccumdir/an4_buff_4
Mon May 23 22:40:12 2022
