Current configuration:
[NAME]			[DEFLT]		[VALUE]
-alpha			0.97		9.700000e-01
-argfile				
-blocksize		2048		2048
-build_outdirs		yes		yes
-c					/home/rakha/Kuliah/Semester8/nlp/speech-sphinx/train-new-model/an4-master/etc/an4_train.fileids
-cep2spec		no		no
-di					/home/rakha/Kuliah/Semester8/nlp/speech-sphinx/train-new-model/an4-master/wav
-dither			no		no
-do					/home/rakha/Kuliah/Semester8/nlp/speech-sphinx/train-new-model/an4-master/feat
-doublebw		no		no
-ei					sph
-eo					sph
-example		no		no
-frate			100		100
-help			no		no
-i					
-input_endian		little		little
-lifter			0		22
-logspec		no		no
-lowerf			133.33334	1.300000e+02
-mach_endian		little		little
-mswav			no		no
-ncep			13		13
-nchans			1		1
-nfft			512		512
-nfilt			40		25
-nist			no		yes
-npart			0		6
-nskip			0		0
-o					
-ofmt			sphinx		sphinx
-part			0		4
-raw			no		no
-remove_dc		no		no
-remove_noise		yes		yes
-remove_silence		yes		yes
-round_filters		yes		yes
-runlen			-1		-1
-samprate		16000		1.600000e+04
-seed			-1		-1
-smoothspec		no		no
-spec2cep		no		no
-sph2pipe		no		no
-transform		legacy		dct
-unit_area		yes		yes
-upperf			6855.4976	6.800000e+03
-vad_postspeech		50		50
-vad_prespeech		20		20
-vad_startspeech	10		10
-vad_threshold		3.0		3.000000e+00
-verbose		no		no
-warp_params				
-warp_type		inverse_linear	inverse_linear
-whichchan		0		0
-wlen			0.025625	2.562500e-02

INFO: sphinx_fe.c(967): Processing 158 utterances at position 474
INFO: sphinx_fe.c(791): Converting /home/rakha/Kuliah/Semester8/nlp/speech-sphinx/train-new-model/an4-master/wav/an4_clstk/mema/cen8-mema-b.sph to /home/rakha/Kuliah/Semester8/nlp/speech-sphinx/train-new-model/an4-master/feat/an4_clstk/mema/cen8-mema-b.sph
INFO: sphinx_fe.c(791): Converting /home/rakha/Kuliah/Semester8/nlp/speech-sphinx/train-new-model/an4-master/wav/an4_clstk/mewl/an256-mewl-b.sph to /home/rakha/Kuliah/Semester8/nlp/speech-sphinx/train-new-model/an4-master/feat/an4_clstk/mewl/an256-mewl-b.sph
INFO: sphinx_fe.c(791): Converting /home/rakha/Kuliah/Semester8/nlp/speech-sphinx/train-new-model/an4-master/wav/an4_clstk/mewl/an257-mewl-b.sph to /home/rakha/Kuliah/Semester8/nlp/speech-sphinx/train-new-model/an4-master/feat/an4_clstk/mewl/an257-mewl-b.sph
INFO: sphinx_fe.c(791): Converting /home/rakha/Kuliah/Semester8/nlp/speech-sphinx/train-new-model/an4-master/wav/an4_clstk/mewl/an258-mewl-b.sph to /home/rakha/Kuliah/Semester8/nlp/speech-sphinx/train-new-model/an4-master/feat/an4_clstk/mewl/an258-mewl-b.sph
INFO: sphinx_fe.c(791): Converting /home/rakha/Kuliah/Semester8/nlp/speech-sphinx/train-new-model/an4-master/wav/an4_clstk/mewl/an259-mewl-b.sph to /home/rakha/Kuliah/Semester8/nlp/speech-sphinx/train-new-model/an4-master/feat/an4_clstk/mewl/an259-mewl-b.sph
INFO: sphinx_fe.c(791): Converting /home/rakha/Kuliah/Semester8/nlp/speech-sphinx/train-new-model/an4-master/wav/an4_clstk/mewl/an260-mewl-b.sph to /home/rakha/Kuliah/Semester8/nlp/speech-sphinx/train-new-model/an4-master/feat/an4_clstk/mewl/an260-mewl-b.sph
INFO: sphinx_fe.c(791): Converting /home/rakha/Kuliah/Semester8/nlp/speech-sphinx/train-new-model/an4-master/wav/an4_clstk/mewl/cen1-mewl-b.sph to /home/rakha/Kuliah/Semester8/nlp/speech-sphinx/train-new-model/an4-master/feat/an4_clstk/mewl/cen1-mewl-b.sph
INFO: sphinx_fe.c(791): Converting /home/rakha/Kuliah/Semester8/nlp/speech-sphinx/train-new-model/an4-master/wav/an4_clstk/mewl/cen2-mewl-b.sph to /home/rakha/Kuliah/Semester8/nlp/speech-sphinx/train-new-model/an4-master/feat/an4_clstk/mewl/cen2-mewl-b.sph
INFO: sphinx_fe.c(791): Converting /home/rakha/Kuliah/Semester8/nlp/speech-sphinx/train-new-model/an4-master/wav/an4_clstk/mewl/cen3-mewl-b.sph to /home/rakha/Kuliah/Semester8/nlp/speech-sphinx/train-new-model/an4-master/feat/an4_clstk/mewl/cen3-mewl-b.sph
INFO: sphinx_fe.c(791): Converting /home/rakha/Kuliah/Semester8/nlp/speech-sphinx/train-new-model/an4-master/wav/an4_clstk/mewl/cen4-mewl-b.sph to /home/rakha/Kuliah/Semester8/nlp/speech-sphinx/train-new-model/an4-master/feat/an4_clstk/mewl/cen4-mewl-b.sph
INFO: sphinx_fe.c(791): Converting /home/rakha/Kuliah/Semester8/nlp/speech-sphinx/train-new-model/an4-master/wav/an4_clstk/mewl/cen5-mewl-b.sph to /home/rakha/Kuliah/Semester8/nlp/speech-sphinx/train-new-model/an4-master/feat/an4_clstk/mewl/cen5-mewl-b.sph
INFO: sphinx_fe.c(791): Converting /home/rakha/Kuliah/Semester8/nlp/speech-sphinx/train-new-model/an4-master/wav/an4_clstk/mewl/cen6-mewl-b.sph to /home/rakha/Kuliah/Semester8/nlp/speech-sphinx/train-new-model/an4-master/feat/an4_clstk/mewl/cen6-mewl-b.sph
INFO: sphinx_fe.c(791): Converting /home/rakha/Kuliah/Semester8/nlp/speech-sphinx/train-new-model/an4-master/wav/an4_clstk/mewl/cen7-mewl-b.sph to /home/rakha/Kuliah/Semester8/nlp/speech-sphinx/train-new-model/an4-master/feat/an4_clstk/mewl/cen7-mewl-b.sph
INFO: sphinx_fe.c(791): Converting /home/rakha/Kuliah/Semester8/nlp/speech-sphinx/train-new-model/an4-master/wav/an4_clstk/mewl/cen8-mewl-b.sph to /home/rakha/Kuliah/Semester8/nlp/speech-sphinx/train-new-model/an4-master/feat/an4_clstk/mewl/cen8-mewl-b.sph
INFO: sphinx_fe.c(791): Converting /home/rakha/Kuliah/Semester8/nlp/speech-sphinx/train-new-model/an4-master/wav/an4_clstk/mfaa/an161-mfaa-b.sph to /home/rakha/Kuliah/Semester8/nlp/speech-sphinx/train-new-model/an4-master/feat/an4_clstk/mfaa/an161-mfaa-b.sph
INFO: sphinx_fe.c(791): Converting /home/rakha/Kuliah/Semester8/nlp/speech-sphinx/train-new-model/an4-master/wav/an4_clstk/mfaa/an162-mfaa-b.sph to /home/rakha/Kuliah/Semester8/nlp/speech-sphinx/train-new-model/an4-master/feat/an4_clstk/mfaa/an162-mfaa-b.sph
INFO: sphinx_fe.c(791): Converting /home/rakha/Kuliah/Semester8/nlp/speech-sphinx/train-new-model/an4-master/wav/an4_clstk/mfaa/an163-mfaa-b.sph to /home/rakha/Kuliah/Semester8/nlp/speech-sphinx/train-new-model/an4-master/feat/an4_clstk/mfaa/an163-mfaa-b.sph
INFO: sphinx_fe.c(791): Converting /home/rakha/Kuliah/Semester8/nlp/speech-sphinx/train-new-model/an4-master/wav/an4_clstk/mfaa/an164-mfaa-b.sph to /home/rakha/Kuliah/Semester8/nlp/speech-sphinx/train-new-model/an4-master/feat/an4_clstk/mfaa/an164-mfaa-b.sph
INFO: sphinx_fe.c(791): Converting /home/rakha/Kuliah/Semester8/nlp/speech-sphinx/train-new-model/an4-master/wav/an4_clstk/mfaa/an165-mfaa-b.sph to /home/rakha/Kuliah/Semester8/nlp/speech-sphinx/train-new-model/an4-master/feat/an4_clstk/mfaa/an165-mfaa-b.sph
INFO: sphinx_fe.c(791): Converting /home/rakha/Kuliah/Semester8/nlp/speech-sphinx/train-new-model/an4-master/wav/an4_clstk/mfaa/cen1-mfaa-b.sph to /home/rakha/Kuliah/Semester8/nlp/speech-sphinx/train-new-model/an4-master/feat/an4_clstk/mfaa/cen1-mfaa-b.sph
INFO: sphinx_fe.c(791): Converting /home/rakha/Kuliah/Semester8/nlp/speech-sphinx/train-new-model/an4-master/wav/an4_clstk/mfaa/cen2-mfaa-b.sph to /home/rakha/Kuliah/Semester8/nlp/speech-sphinx/train-new-model/an4-master/feat/an4_clstk/mfaa/cen2-mfaa-b.sph
INFO: sphinx_fe.c(791): Converting /home/rakha/Kuliah/Semester8/nlp/speech-sphinx/train-new-model/an4-master/wav/an4_clstk/mfaa/cen3-mfaa-b.sph to /home/rakha/Kuliah/Semester8/nlp/speech-sphinx/train-new-model/an4-master/feat/an4_clstk/mfaa/cen3-mfaa-b.sph
INFO: sphinx_fe.c(791): Converting /home/rakha/Kuliah/Semester8/nlp/speech-sphinx/train-new-model/an4-master/wav/an4_clstk/mfaa/cen4-mfaa-b.sph to /home/rakha/Kuliah/Semester8/nlp/speech-sphinx/train-new-model/an4-master/feat/an4_clstk/mfaa/cen4-mfaa-b.sph
INFO: sphinx_fe.c(791): Converting /home/rakha/Kuliah/Semester8/nlp/speech-sphinx/train-new-model/an4-master/wav/an4_clstk/mfaa/cen5-mfaa-b.sph to /home/rakha/Kuliah/Semester8/nlp/speech-sphinx/train-new-model/an4-master/feat/an4_clstk/mfaa/cen5-mfaa-b.sph
INFO: sphinx_fe.c(791): Converting /home/rakha/Kuliah/Semester8/nlp/speech-sphinx/train-new-model/an4-master/wav/an4_clstk/mfaa/cen6-mfaa-b.sph to /home/rakha/Kuliah/Semester8/nlp/speech-sphinx/train-new-model/an4-master/feat/an4_clstk/mfaa/cen6-mfaa-b.sph
INFO: sphinx_fe.c(791): Converting /home/rakha/Kuliah/Semester8/nlp/speech-sphinx/train-new-model/an4-master/wav/an4_clstk/mfaa/cen7-mfaa-b.sph to /home/rakha/Kuliah/Semester8/nlp/speech-sphinx/train-new-model/an4-master/feat/an4_clstk/mfaa/cen7-mfaa-b.sph
INFO: sphinx_fe.c(791): Converting /home/rakha/Kuliah/Semester8/nlp/speech-sphinx/train-new-model/an4-master/wav/an4_clstk/mfaa/cen8-mfaa-b.sph to /home/rakha/Kuliah/Semester8/nlp/speech-sphinx/train-new-model/an4-master/feat/an4_clstk/mfaa/cen8-mfaa-b.sph
INFO: sphinx_fe.c(791): Converting /home/rakha/Kuliah/Semester8/nlp/speech-sphinx/train-new-model/an4-master/wav/an4_clstk/mgah/an196-mgah-b.sph to /home/rakha/Kuliah/Semester8/nlp/speech-sphinx/train-new-model/an4-master/feat/an4_clstk/mgah/an196-mgah-b.sph
INFO: sphinx_fe.c(791): Converting /home/rakha/Kuliah/Semester8/nlp/speech-sphinx/train-new-model/an4-master/wav/an4_clstk/mgah/an197-mgah-b.sph to /home/rakha/Kuliah/Semester8/nlp/speech-sphinx/train-new-model/an4-master/feat/an4_clstk/mgah/an197-mgah-b.sph
INFO: sphinx_fe.c(791): Converting /home/rakha/Kuliah/Semester8/nlp/speech-sphinx/train-new-model/an4-master/wav/an4_clstk/mgah/an198-mgah-b.sph to /home/rakha/Kuliah/Semester8/nlp/speech-sphinx/train-new-model/an4-master/feat/an4_clstk/mgah/an198-mgah-b.sph
INFO: sphinx_fe.c(791): Converting /home/rakha/Kuliah/Semester8/nlp/speech-sphinx/train-new-model/an4-master/wav/an4_clstk/mgah/an199-mgah-b.sph to /home/rakha/Kuliah/Semester8/nlp/speech-sphinx/train-new-model/an4-master/feat/an4_clstk/mgah/an199-mgah-b.sph
INFO: sphinx_fe.c(791): Converting /home/rakha/Kuliah/Semester8/nlp/speech-sphinx/train-new-model/an4-master/wav/an4_clstk/mgah/an200-mgah-b.sph to /home/rakha/Kuliah/Semester8/nlp/speech-sphinx/train-new-model/an4-master/feat/an4_clstk/mgah/an200-mgah-b.sph
INFO: sphinx_fe.c(791): Converting /home/rakha/Kuliah/Semester8/nlp/speech-sphinx/train-new-model/an4-master/wav/an4_clstk/mgah/cen1-mgah-b.sph to /home/rakha/Kuliah/Semester8/nlp/speech-sphinx/train-new-model/an4-master/feat/an4_clstk/mgah/cen1-mgah-b.sph
INFO: sphinx_fe.c(791): Converting /home/rakha/Kuliah/Semester8/nlp/speech-sphinx/train-new-model/an4-master/wav/an4_clstk/mgah/cen2-mgah-b.sph to /home/rakha/Kuliah/Semester8/nlp/speech-sphinx/train-new-model/an4-master/feat/an4_clstk/mgah/cen2-mgah-b.sph
INFO: sphinx_fe.c(791): Converting /home/rakha/Kuliah/Semester8/nlp/speech-sphinx/train-new-model/an4-master/wav/an4_clstk/mgah/cen3-mgah-b.sph to /home/rakha/Kuliah/Semester8/nlp/speech-sphinx/train-new-model/an4-master/feat/an4_clstk/mgah/cen3-mgah-b.sph
INFO: sphinx_fe.c(791): Converting /home/rakha/Kuliah/Semester8/nlp/speech-sphinx/train-new-model/an4-master/wav/an4_clstk/mgah/cen4-mgah-b.sph to /home/rakha/Kuliah/Semester8/nlp/speech-sphinx/train-new-model/an4-master/feat/an4_clstk/mgah/cen4-mgah-b.sph
INFO: sphinx_fe.c(791): Converting /home/rakha/Kuliah/Semester8/nlp/speech-sphinx/train-new-model/an4-master/wav/an4_clstk/mgah/cen5-mgah-b.sph to /home/rakha/Kuliah/Semester8/nlp/speech-sphinx/train-new-model/an4-master/feat/an4_clstk/mgah/cen5-mgah-b.sph
INFO: sphinx_fe.c(791): Converting /home/rakha/Kuliah/Semester8/nlp/speech-sphinx/train-new-model/an4-master/wav/an4_clstk/mgah/cen6-mgah-b.sph to /home/rakha/Kuliah/Semester8/nlp/speech-sphinx/train-new-model/an4-master/feat/an4_clstk/mgah/cen6-mgah-b.sph
INFO: sphinx_fe.c(791): Converting /home/rakha/Kuliah/Semester8/nlp/speech-sphinx/train-new-model/an4-master/wav/an4_clstk/mgah/cen7-mgah-b.sph to /home/rakha/Kuliah/Semester8/nlp/speech-sphinx/train-new-model/an4-master/feat/an4_clstk/mgah/cen7-mgah-b.sph
INFO: sphinx_fe.c(791): Converting /home/rakha/Kuliah/Semester8/nlp/speech-sphinx/train-new-model/an4-master/wav/an4_clstk/mgah/cen8-mgah-b.sph to /home/rakha/Kuliah/Semester8/nlp/speech-sphinx/train-new-model/an4-master/feat/an4_clstk/mgah/cen8-mgah-b.sph
INFO: sphinx_fe.c(791): Converting /home/rakha/Kuliah/Semester8/nlp/speech-sphinx/train-new-model/an4-master/wav/an4_clstk/mjbh/an246-mjbh-b.sph to /home/rakha/Kuliah/Semester8/nlp/speech-sphinx/train-new-model/an4-master/feat/an4_clstk/mjbh/an246-mjbh-b.sph
INFO: sphinx_fe.c(791): Converting /home/rakha/Kuliah/Semester8/nlp/speech-sphinx/train-new-model/an4-master/wav/an4_clstk/mjbh/an247-mjbh-b.sph to /home/rakha/Kuliah/Semester8/nlp/speech-sphinx/train-new-model/an4-master/feat/an4_clstk/mjbh/an247-mjbh-b.sph
INFO: sphinx_fe.c(791): Converting /home/rakha/Kuliah/Semester8/nlp/speech-sphinx/train-new-model/an4-master/wav/an4_clstk/mjbh/an248-mjbh-b.sph to /home/rakha/Kuliah/Semester8/nlp/speech-sphinx/train-new-model/an4-master/feat/an4_clstk/mjbh/an248-mjbh-b.sph
INFO: sphinx_fe.c(791): Converting /home/rakha/Kuliah/Semester8/nlp/speech-sphinx/train-new-model/an4-master/wav/an4_clstk/mjbh/an249-mjbh-b.sph to /home/rakha/Kuliah/Semester8/nlp/speech-sphinx/train-new-model/an4-master/feat/an4_clstk/mjbh/an249-mjbh-b.sph
INFO: sphinx_fe.c(791): Converting /home/rakha/Kuliah/Semester8/nlp/speech-sphinx/train-new-model/an4-master/wav/an4_clstk/mjbh/an250-mjbh-b.sph to /home/rakha/Kuliah/Semester8/nlp/speech-sphinx/train-new-model/an4-master/feat/an4_clstk/mjbh/an250-mjbh-b.sph
INFO: sphinx_fe.c(791): Converting /home/rakha/Kuliah/Semester8/nlp/speech-sphinx/train-new-model/an4-master/wav/an4_clstk/mjbh/cen1-mjbh-b.sph to /home/rakha/Kuliah/Semester8/nlp/speech-sphinx/train-new-model/an4-master/feat/an4_clstk/mjbh/cen1-mjbh-b.sph
INFO: sphinx_fe.c(791): Converting /home/rakha/Kuliah/Semester8/nlp/speech-sphinx/train-new-model/an4-master/wav/an4_clstk/mjbh/cen2-mjbh-b.sph to /home/rakha/Kuliah/Semester8/nlp/speech-sphinx/train-new-model/an4-master/feat/an4_clstk/mjbh/cen2-mjbh-b.sph
INFO: sphinx_fe.c(791): Converting /home/rakha/Kuliah/Semester8/nlp/speech-sphinx/train-new-model/an4-master/wav/an4_clstk/mjbh/cen3-mjbh-b.sph to /home/rakha/Kuliah/Semester8/nlp/speech-sphinx/train-new-model/an4-master/feat/an4_clstk/mjbh/cen3-mjbh-b.sph
INFO: sphinx_fe.c(791): Converting /home/rakha/Kuliah/Semester8/nlp/speech-sphinx/train-new-model/an4-master/wav/an4_clstk/mjbh/cen4-mjbh-b.sph to /home/rakha/Kuliah/Semester8/nlp/speech-sphinx/train-new-model/an4-master/feat/an4_clstk/mjbh/cen4-mjbh-b.sph
INFO: sphinx_fe.c(791): Converting /home/rakha/Kuliah/Semester8/nlp/speech-sphinx/train-new-model/an4-master/wav/an4_clstk/mjbh/cen5-mjbh-b.sph to /home/rakha/Kuliah/Semester8/nlp/speech-sphinx/train-new-model/an4-master/feat/an4_clstk/mjbh/cen5-mjbh-b.sph
INFO: sphinx_fe.c(791): Converting /home/rakha/Kuliah/Semester8/nlp/speech-sphinx/train-new-model/an4-master/wav/an4_clstk/mjbh/cen6-mjbh-b.sph to /home/rakha/Kuliah/Semester8/nlp/speech-sphinx/train-new-model/an4-master/feat/an4_clstk/mjbh/cen6-mjbh-b.sph
INFO: sphinx_fe.c(791): Converting /home/rakha/Kuliah/Semester8/nlp/speech-sphinx/train-new-model/an4-master/wav/an4_clstk/mjbh/cen7-mjbh-b.sph to /home/rakha/Kuliah/Semester8/nlp/speech-sphinx/train-new-model/an4-master/feat/an4_clstk/mjbh/cen7-mjbh-b.sph
INFO: sphinx_fe.c(791): Converting /home/rakha/Kuliah/Semester8/nlp/speech-sphinx/train-new-model/an4-master/wav/an4_clstk/mjbh/cen8-mjbh-b.sph to /home/rakha/Kuliah/Semester8/nlp/speech-sphinx/train-new-model/an4-master/feat/an4_clstk/mjbh/cen8-mjbh-b.sph
INFO: sphinx_fe.c(791): Converting /home/rakha/Kuliah/Semester8/nlp/speech-sphinx/train-new-model/an4-master/wav/an4_clstk/mjda/an171-mjda-b.sph to /home/rakha/Kuliah/Semester8/nlp/speech-sphinx/train-new-model/an4-master/feat/an4_clstk/mjda/an171-mjda-b.sph
INFO: sphinx_fe.c(791): Converting /home/rakha/Kuliah/Semester8/nlp/speech-sphinx/train-new-model/an4-master/wav/an4_clstk/mjda/an172-mjda-b.sph to /home/rakha/Kuliah/Semester8/nlp/speech-sphinx/train-new-model/an4-master/feat/an4_clstk/mjda/an172-mjda-b.sph
INFO: sphinx_fe.c(791): Converting /home/rakha/Kuliah/Semester8/nlp/speech-sphinx/train-new-model/an4-master/wav/an4_clstk/mjda/an173-mjda-b.sph to /home/rakha/Kuliah/Semester8/nlp/speech-sphinx/train-new-model/an4-master/feat/an4_clstk/mjda/an173-mjda-b.sph
INFO: sphinx_fe.c(791): Converting /home/rakha/Kuliah/Semester8/nlp/speech-sphinx/train-new-model/an4-master/wav/an4_clstk/mjda/an174-mjda-b.sph to /home/rakha/Kuliah/Semester8/nlp/speech-sphinx/train-new-model/an4-master/feat/an4_clstk/mjda/an174-mjda-b.sph
INFO: sphinx_fe.c(791): Converting /home/rakha/Kuliah/Semester8/nlp/speech-sphinx/train-new-model/an4-master/wav/an4_clstk/mjda/an175-mjda-b.sph to /home/rakha/Kuliah/Semester8/nlp/speech-sphinx/train-new-model/an4-master/feat/an4_clstk/mjda/an175-mjda-b.sph
INFO: sphinx_fe.c(791): Converting /home/rakha/Kuliah/Semester8/nlp/speech-sphinx/train-new-model/an4-master/wav/an4_clstk/mjda/cen1-mjda-b.sph to /home/rakha/Kuliah/Semester8/nlp/speech-sphinx/train-new-model/an4-master/feat/an4_clstk/mjda/cen1-mjda-b.sph
INFO: sphinx_fe.c(791): Converting /home/rakha/Kuliah/Semester8/nlp/speech-sphinx/train-new-model/an4-master/wav/an4_clstk/mjda/cen2-mjda-b.sph to /home/rakha/Kuliah/Semester8/nlp/speech-sphinx/train-new-model/an4-master/feat/an4_clstk/mjda/cen2-mjda-b.sph
INFO: sphinx_fe.c(791): Converting /home/rakha/Kuliah/Semester8/nlp/speech-sphinx/train-new-model/an4-master/wav/an4_clstk/mjda/cen3-mjda-b.sph to /home/rakha/Kuliah/Semester8/nlp/speech-sphinx/train-new-model/an4-master/feat/an4_clstk/mjda/cen3-mjda-b.sph
INFO: sphinx_fe.c(791): Converting /home/rakha/Kuliah/Semester8/nlp/speech-sphinx/train-new-model/an4-master/wav/an4_clstk/mjda/cen4-mjda-b.sph to /home/rakha/Kuliah/Semester8/nlp/speech-sphinx/train-new-model/an4-master/feat/an4_clstk/mjda/cen4-mjda-b.sph
INFO: sphinx_fe.c(791): Converting /home/rakha/Kuliah/Semester8/nlp/speech-sphinx/train-new-model/an4-master/wav/an4_clstk/mjda/cen5-mjda-b.sph to /home/rakha/Kuliah/Semester8/nlp/speech-sphinx/train-new-model/an4-master/feat/an4_clstk/mjda/cen5-mjda-b.sph
INFO: sphinx_fe.c(791): Converting /home/rakha/Kuliah/Semester8/nlp/speech-sphinx/train-new-model/an4-master/wav/an4_clstk/mjda/cen6-mjda-b.sph to /home/rakha/Kuliah/Semester8/nlp/speech-sphinx/train-new-model/an4-master/feat/an4_clstk/mjda/cen6-mjda-b.sph
INFO: sphinx_fe.c(791): Converting /home/rakha/Kuliah/Semester8/nlp/speech-sphinx/train-new-model/an4-master/wav/an4_clstk/mjda/cen7-mjda-b.sph to /home/rakha/Kuliah/Semester8/nlp/speech-sphinx/train-new-model/an4-master/feat/an4_clstk/mjda/cen7-mjda-b.sph
INFO: sphinx_fe.c(791): Converting /home/rakha/Kuliah/Semester8/nlp/speech-sphinx/train-new-model/an4-master/wav/an4_clstk/mjda/cen8-mjda-b.sph to /home/rakha/Kuliah/Semester8/nlp/speech-sphinx/train-new-model/an4-master/feat/an4_clstk/mjda/cen8-mjda-b.sph
INFO: sphinx_fe.c(791): Converting /home/rakha/Kuliah/Semester8/nlp/speech-sphinx/train-new-model/an4-master/wav/an4_clstk/mjdr/an16-mjdr-b.sph to /home/rakha/Kuliah/Semester8/nlp/speech-sphinx/train-new-model/an4-master/feat/an4_clstk/mjdr/an16-mjdr-b.sph
INFO: sphinx_fe.c(791): Converting /home/rakha/Kuliah/Semester8/nlp/speech-sphinx/train-new-model/an4-master/wav/an4_clstk/mjdr/an18-mjdr-b.sph to /home/rakha/Kuliah/Semester8/nlp/speech-sphinx/train-new-model/an4-master/feat/an4_clstk/mjdr/an18-mjdr-b.sph
INFO: sphinx_fe.c(791): Converting /home/rakha/Kuliah/Semester8/nlp/speech-sphinx/train-new-model/an4-master/wav/an4_clstk/mjdr/an19-mjdr-b.sph to /home/rakha/Kuliah/Semester8/nlp/speech-sphinx/train-new-model/an4-master/feat/an4_clstk/mjdr/an19-mjdr-b.sph
INFO: sphinx_fe.c(791): Converting /home/rakha/Kuliah/Semester8/nlp/speech-sphinx/train-new-model/an4-master/wav/an4_clstk/mjdr/an20-mjdr-b.sph to /home/rakha/Kuliah/Semester8/nlp/speech-sphinx/train-new-model/an4-master/feat/an4_clstk/mjdr/an20-mjdr-b.sph
INFO: sphinx_fe.c(791): Converting /home/rakha/Kuliah/Semester8/nlp/speech-sphinx/train-new-model/an4-master/wav/an4_clstk/mjdr/cen1-mjdr-b.sph to /home/rakha/Kuliah/Semester8/nlp/speech-sphinx/train-new-model/an4-master/feat/an4_clstk/mjdr/cen1-mjdr-b.sph
INFO: sphinx_fe.c(791): Converting /home/rakha/Kuliah/Semester8/nlp/speech-sphinx/train-new-model/an4-master/wav/an4_clstk/mjdr/cen2-mjdr-b.sph to /home/rakha/Kuliah/Semester8/nlp/speech-sphinx/train-new-model/an4-master/feat/an4_clstk/mjdr/cen2-mjdr-b.sph
INFO: sphinx_fe.c(791): Converting /home/rakha/Kuliah/Semester8/nlp/speech-sphinx/train-new-model/an4-master/wav/an4_clstk/mjdr/cen3-mjdr-b.sph to /home/rakha/Kuliah/Semester8/nlp/speech-sphinx/train-new-model/an4-master/feat/an4_clstk/mjdr/cen3-mjdr-b.sph
INFO: sphinx_fe.c(791): Converting /home/rakha/Kuliah/Semester8/nlp/speech-sphinx/train-new-model/an4-master/wav/an4_clstk/mjdr/cen4-mjdr-b.sph to /home/rakha/Kuliah/Semester8/nlp/speech-sphinx/train-new-model/an4-master/feat/an4_clstk/mjdr/cen4-mjdr-b.sph
INFO: sphinx_fe.c(791): Converting /home/rakha/Kuliah/Semester8/nlp/speech-sphinx/train-new-model/an4-master/wav/an4_clstk/mjdr/cen5-mjdr-b.sph to /home/rakha/Kuliah/Semester8/nlp/speech-sphinx/train-new-model/an4-master/feat/an4_clstk/mjdr/cen5-mjdr-b.sph
INFO: sphinx_fe.c(791): Converting /home/rakha/Kuliah/Semester8/nlp/speech-sphinx/train-new-model/an4-master/wav/an4_clstk/mjdr/cen6-mjdr-b.sph to /home/rakha/Kuliah/Semester8/nlp/speech-sphinx/train-new-model/an4-master/feat/an4_clstk/mjdr/cen6-mjdr-b.sph
INFO: sphinx_fe.c(791): Converting /home/rakha/Kuliah/Semester8/nlp/speech-sphinx/train-new-model/an4-master/wav/an4_clstk/mjdr/cen7-mjdr-b.sph to /home/rakha/Kuliah/Semester8/nlp/speech-sphinx/train-new-model/an4-master/feat/an4_clstk/mjdr/cen7-mjdr-b.sph
INFO: sphinx_fe.c(791): Converting /home/rakha/Kuliah/Semester8/nlp/speech-sphinx/train-new-model/an4-master/wav/an4_clstk/mjdr/cen8-mjdr-b.sph to /home/rakha/Kuliah/Semester8/nlp/speech-sphinx/train-new-model/an4-master/feat/an4_clstk/mjdr/cen8-mjdr-b.sph
INFO: sphinx_fe.c(791): Converting /home/rakha/Kuliah/Semester8/nlp/speech-sphinx/train-new-model/an4-master/wav/an4_clstk/mjes/an156-mjes-b.sph to /home/rakha/Kuliah/Semester8/nlp/speech-sphinx/train-new-model/an4-master/feat/an4_clstk/mjes/an156-mjes-b.sph
INFO: sphinx_fe.c(791): Converting /home/rakha/Kuliah/Semester8/nlp/speech-sphinx/train-new-model/an4-master/wav/an4_clstk/mjes/an157-mjes-b.sph to /home/rakha/Kuliah/Semester8/nlp/speech-sphinx/train-new-model/an4-master/feat/an4_clstk/mjes/an157-mjes-b.sph
INFO: sphinx_fe.c(791): Converting /home/rakha/Kuliah/Semester8/nlp/speech-sphinx/train-new-model/an4-master/wav/an4_clstk/mjes/an158-mjes-b.sph to /home/rakha/Kuliah/Semester8/nlp/speech-sphinx/train-new-model/an4-master/feat/an4_clstk/mjes/an158-mjes-b.sph
INFO: sphinx_fe.c(791): Converting /home/rakha/Kuliah/Semester8/nlp/speech-sphinx/train-new-model/an4-master/wav/an4_clstk/mjes/an159-mjes-b.sph to /home/rakha/Kuliah/Semester8/nlp/speech-sphinx/train-new-model/an4-master/feat/an4_clstk/mjes/an159-mjes-b.sph
INFO: sphinx_fe.c(791): Converting /home/rakha/Kuliah/Semester8/nlp/speech-sphinx/train-new-model/an4-master/wav/an4_clstk/mjes/an160-mjes-b.sph to /home/rakha/Kuliah/Semester8/nlp/speech-sphinx/train-new-model/an4-master/feat/an4_clstk/mjes/an160-mjes-b.sph
INFO: sphinx_fe.c(791): Converting /home/rakha/Kuliah/Semester8/nlp/speech-sphinx/train-new-model/an4-master/wav/an4_clstk/mjes/cen1-mjes-b.sph to /home/rakha/Kuliah/Semester8/nlp/speech-sphinx/train-new-model/an4-master/feat/an4_clstk/mjes/cen1-mjes-b.sph
INFO: sphinx_fe.c(791): Converting /home/rakha/Kuliah/Semester8/nlp/speech-sphinx/train-new-model/an4-master/wav/an4_clstk/mjes/cen2-mjes-b.sph to /home/rakha/Kuliah/Semester8/nlp/speech-sphinx/train-new-model/an4-master/feat/an4_clstk/mjes/cen2-mjes-b.sph
INFO: sphinx_fe.c(791): Converting /home/rakha/Kuliah/Semester8/nlp/speech-sphinx/train-new-model/an4-master/wav/an4_clstk/mjes/cen3-mjes-b.sph to /home/rakha/Kuliah/Semester8/nlp/speech-sphinx/train-new-model/an4-master/feat/an4_clstk/mjes/cen3-mjes-b.sph
INFO: sphinx_fe.c(791): Converting /home/rakha/Kuliah/Semester8/nlp/speech-sphinx/train-new-model/an4-master/wav/an4_clstk/mjes/cen4-mjes-b.sph to /home/rakha/Kuliah/Semester8/nlp/speech-sphinx/train-new-model/an4-master/feat/an4_clstk/mjes/cen4-mjes-b.sph
INFO: sphinx_fe.c(791): Converting /home/rakha/Kuliah/Semester8/nlp/speech-sphinx/train-new-model/an4-master/wav/an4_clstk/mjes/cen5-mjes-b.sph to /home/rakha/Kuliah/Semester8/nlp/speech-sphinx/train-new-model/an4-master/feat/an4_clstk/mjes/cen5-mjes-b.sph
INFO: sphinx_fe.c(791): Converting /home/rakha/Kuliah/Semester8/nlp/speech-sphinx/train-new-model/an4-master/wav/an4_clstk/mjes/cen6-mjes-b.sph to /home/rakha/Kuliah/Semester8/nlp/speech-sphinx/train-new-model/an4-master/feat/an4_clstk/mjes/cen6-mjes-b.sph
INFO: sphinx_fe.c(791): Converting /home/rakha/Kuliah/Semester8/nlp/speech-sphinx/train-new-model/an4-master/wav/an4_clstk/mjes/cen7-mjes-b.sph to /home/rakha/Kuliah/Semester8/nlp/speech-sphinx/train-new-model/an4-master/feat/an4_clstk/mjes/cen7-mjes-b.sph
INFO: sphinx_fe.c(791): Converting /home/rakha/Kuliah/Semester8/nlp/speech-sphinx/train-new-model/an4-master/wav/an4_clstk/mjes/cen8-mjes-b.sph to /home/rakha/Kuliah/Semester8/nlp/speech-sphinx/train-new-model/an4-master/feat/an4_clstk/mjes/cen8-mjes-b.sph
INFO: sphinx_fe.c(791): Converting /home/rakha/Kuliah/Semester8/nlp/speech-sphinx/train-new-model/an4-master/wav/an4_clstk/mjgk/an216-mjgk-b.sph to /home/rakha/Kuliah/Semester8/nlp/speech-sphinx/train-new-model/an4-master/feat/an4_clstk/mjgk/an216-mjgk-b.sph
INFO: sphinx_fe.c(791): Converting /home/rakha/Kuliah/Semester8/nlp/speech-sphinx/train-new-model/an4-master/wav/an4_clstk/mjgk/an217-mjgk-b.sph to /home/rakha/Kuliah/Semester8/nlp/speech-sphinx/train-new-model/an4-master/feat/an4_clstk/mjgk/an217-mjgk-b.sph
INFO: sphinx_fe.c(791): Converting /home/rakha/Kuliah/Semester8/nlp/speech-sphinx/train-new-model/an4-master/wav/an4_clstk/mjgk/an218-mjgk-b.sph to /home/rakha/Kuliah/Semester8/nlp/speech-sphinx/train-new-model/an4-master/feat/an4_clstk/mjgk/an218-mjgk-b.sph
INFO: sphinx_fe.c(791): Converting /home/rakha/Kuliah/Semester8/nlp/speech-sphinx/train-new-model/an4-master/wav/an4_clstk/mjgk/an219-mjgk-b.sph to /home/rakha/Kuliah/Semester8/nlp/speech-sphinx/train-new-model/an4-master/feat/an4_clstk/mjgk/an219-mjgk-b.sph
INFO: sphinx_fe.c(791): Converting /home/rakha/Kuliah/Semester8/nlp/speech-sphinx/train-new-model/an4-master/wav/an4_clstk/mjgk/an220-mjgk-b.sph to /home/rakha/Kuliah/Semester8/nlp/speech-sphinx/train-new-model/an4-master/feat/an4_clstk/mjgk/an220-mjgk-b.sph
INFO: sphinx_fe.c(791): Converting /home/rakha/Kuliah/Semester8/nlp/speech-sphinx/train-new-model/an4-master/wav/an4_clstk/mjgk/cen1-mjgk-b.sph to /home/rakha/Kuliah/Semester8/nlp/speech-sphinx/train-new-model/an4-master/feat/an4_clstk/mjgk/cen1-mjgk-b.sph
INFO: sphinx_fe.c(791): Converting /home/rakha/Kuliah/Semester8/nlp/speech-sphinx/train-new-model/an4-master/wav/an4_clstk/mjgk/cen2-mjgk-b.sph to /home/rakha/Kuliah/Semester8/nlp/speech-sphinx/train-new-model/an4-master/feat/an4_clstk/mjgk/cen2-mjgk-b.sph
INFO: sphinx_fe.c(791): Converting /home/rakha/Kuliah/Semester8/nlp/speech-sphinx/train-new-model/an4-master/wav/an4_clstk/mjgk/cen4-mjgk-b.sph to /home/rakha/Kuliah/Semester8/nlp/speech-sphinx/train-new-model/an4-master/feat/an4_clstk/mjgk/cen4-mjgk-b.sph
INFO: sphinx_fe.c(791): Converting /home/rakha/Kuliah/Semester8/nlp/speech-sphinx/train-new-model/an4-master/wav/an4_clstk/mjgk/cen5-mjgk-b.sph to /home/rakha/Kuliah/Semester8/nlp/speech-sphinx/train-new-model/an4-master/feat/an4_clstk/mjgk/cen5-mjgk-b.sph
INFO: sphinx_fe.c(791): Converting /home/rakha/Kuliah/Semester8/nlp/speech-sphinx/train-new-model/an4-master/wav/an4_clstk/mjgk/cen6-mjgk-b.sph to /home/rakha/Kuliah/Semester8/nlp/speech-sphinx/train-new-model/an4-master/feat/an4_clstk/mjgk/cen6-mjgk-b.sph
INFO: sphinx_fe.c(791): Converting /home/rakha/Kuliah/Semester8/nlp/speech-sphinx/train-new-model/an4-master/wav/an4_clstk/mjgk/cen7-mjgk-b.sph to /home/rakha/Kuliah/Semester8/nlp/speech-sphinx/train-new-model/an4-master/feat/an4_clstk/mjgk/cen7-mjgk-b.sph
INFO: sphinx_fe.c(791): Converting /home/rakha/Kuliah/Semester8/nlp/speech-sphinx/train-new-model/an4-master/wav/an4_clstk/mjgk/cen8-mjgk-b.sph to /home/rakha/Kuliah/Semester8/nlp/speech-sphinx/train-new-model/an4-master/feat/an4_clstk/mjgk/cen8-mjgk-b.sph
INFO: sphinx_fe.c(791): Converting /home/rakha/Kuliah/Semester8/nlp/speech-sphinx/train-new-model/an4-master/wav/an4_clstk/mjhp/an56-mjhp-b.sph to /home/rakha/Kuliah/Semester8/nlp/speech-sphinx/train-new-model/an4-master/feat/an4_clstk/mjhp/an56-mjhp-b.sph
INFO: sphinx_fe.c(791): Converting /home/rakha/Kuliah/Semester8/nlp/speech-sphinx/train-new-model/an4-master/wav/an4_clstk/mjhp/an57-mjhp-b.sph to /home/rakha/Kuliah/Semester8/nlp/speech-sphinx/train-new-model/an4-master/feat/an4_clstk/mjhp/an57-mjhp-b.sph
INFO: sphinx_fe.c(791): Converting /home/rakha/Kuliah/Semester8/nlp/speech-sphinx/train-new-model/an4-master/wav/an4_clstk/mjhp/an58-mjhp-b.sph to /home/rakha/Kuliah/Semester8/nlp/speech-sphinx/train-new-model/an4-master/feat/an4_clstk/mjhp/an58-mjhp-b.sph
INFO: sphinx_fe.c(791): Converting /home/rakha/Kuliah/Semester8/nlp/speech-sphinx/train-new-model/an4-master/wav/an4_clstk/mjhp/an59-mjhp-b.sph to /home/rakha/Kuliah/Semester8/nlp/speech-sphinx/train-new-model/an4-master/feat/an4_clstk/mjhp/an59-mjhp-b.sph
INFO: sphinx_fe.c(791): Converting /home/rakha/Kuliah/Semester8/nlp/speech-sphinx/train-new-model/an4-master/wav/an4_clstk/mjhp/an60-mjhp-b.sph to /home/rakha/Kuliah/Semester8/nlp/speech-sphinx/train-new-model/an4-master/feat/an4_clstk/mjhp/an60-mjhp-b.sph
INFO: sphinx_fe.c(791): Converting /home/rakha/Kuliah/Semester8/nlp/speech-sphinx/train-new-model/an4-master/wav/an4_clstk/mjhp/cen1-mjhp-b.sph to /home/rakha/Kuliah/Semester8/nlp/speech-sphinx/train-new-model/an4-master/feat/an4_clstk/mjhp/cen1-mjhp-b.sph
INFO: sphinx_fe.c(791): Converting /home/rakha/Kuliah/Semester8/nlp/speech-sphinx/train-new-model/an4-master/wav/an4_clstk/mjhp/cen2-mjhp-b.sph to /home/rakha/Kuliah/Semester8/nlp/speech-sphinx/train-new-model/an4-master/feat/an4_clstk/mjhp/cen2-mjhp-b.sph
INFO: sphinx_fe.c(791): Converting /home/rakha/Kuliah/Semester8/nlp/speech-sphinx/train-new-model/an4-master/wav/an4_clstk/mjhp/cen3-mjhp-b.sph to /home/rakha/Kuliah/Semester8/nlp/speech-sphinx/train-new-model/an4-master/feat/an4_clstk/mjhp/cen3-mjhp-b.sph
INFO: sphinx_fe.c(791): Converting /home/rakha/Kuliah/Semester8/nlp/speech-sphinx/train-new-model/an4-master/wav/an4_clstk/mjhp/cen4-mjhp-b.sph to /home/rakha/Kuliah/Semester8/nlp/speech-sphinx/train-new-model/an4-master/feat/an4_clstk/mjhp/cen4-mjhp-b.sph
INFO: sphinx_fe.c(791): Converting /home/rakha/Kuliah/Semester8/nlp/speech-sphinx/train-new-model/an4-master/wav/an4_clstk/mjhp/cen5-mjhp-b.sph to /home/rakha/Kuliah/Semester8/nlp/speech-sphinx/train-new-model/an4-master/feat/an4_clstk/mjhp/cen5-mjhp-b.sph
INFO: sphinx_fe.c(791): Converting /home/rakha/Kuliah/Semester8/nlp/speech-sphinx/train-new-model/an4-master/wav/an4_clstk/mjhp/cen6-mjhp-b.sph to /home/rakha/Kuliah/Semester8/nlp/speech-sphinx/train-new-model/an4-master/feat/an4_clstk/mjhp/cen6-mjhp-b.sph
INFO: sphinx_fe.c(791): Converting /home/rakha/Kuliah/Semester8/nlp/speech-sphinx/train-new-model/an4-master/wav/an4_clstk/mjhp/cen7-mjhp-b.sph to /home/rakha/Kuliah/Semester8/nlp/speech-sphinx/train-new-model/an4-master/feat/an4_clstk/mjhp/cen7-mjhp-b.sph
INFO: sphinx_fe.c(791): Converting /home/rakha/Kuliah/Semester8/nlp/speech-sphinx/train-new-model/an4-master/wav/an4_clstk/mjhp/cen8-mjhp-b.sph to /home/rakha/Kuliah/Semester8/nlp/speech-sphinx/train-new-model/an4-master/feat/an4_clstk/mjhp/cen8-mjhp-b.sph
INFO: sphinx_fe.c(791): Converting /home/rakha/Kuliah/Semester8/nlp/speech-sphinx/train-new-model/an4-master/wav/an4_clstk/mjjs2/an176-mjjs2-b.sph to /home/rakha/Kuliah/Semester8/nlp/speech-sphinx/train-new-model/an4-master/feat/an4_clstk/mjjs2/an176-mjjs2-b.sph
INFO: sphinx_fe.c(791): Converting /home/rakha/Kuliah/Semester8/nlp/speech-sphinx/train-new-model/an4-master/wav/an4_clstk/mjjs2/an177-mjjs2-b.sph to /home/rakha/Kuliah/Semester8/nlp/speech-sphinx/train-new-model/an4-master/feat/an4_clstk/mjjs2/an177-mjjs2-b.sph
INFO: sphinx_fe.c(791): Converting /home/rakha/Kuliah/Semester8/nlp/speech-sphinx/train-new-model/an4-master/wav/an4_clstk/mjjs2/an178-mjjs2-b.sph to /home/rakha/Kuliah/Semester8/nlp/speech-sphinx/train-new-model/an4-master/feat/an4_clstk/mjjs2/an178-mjjs2-b.sph
INFO: sphinx_fe.c(791): Converting /home/rakha/Kuliah/Semester8/nlp/speech-sphinx/train-new-model/an4-master/wav/an4_clstk/mjjs2/an179-mjjs2-b.sph to /home/rakha/Kuliah/Semester8/nlp/speech-sphinx/train-new-model/an4-master/feat/an4_clstk/mjjs2/an179-mjjs2-b.sph
INFO: sphinx_fe.c(791): Converting /home/rakha/Kuliah/Semester8/nlp/speech-sphinx/train-new-model/an4-master/wav/an4_clstk/mjjs2/an180-mjjs2-b.sph to /home/rakha/Kuliah/Semester8/nlp/speech-sphinx/train-new-model/an4-master/feat/an4_clstk/mjjs2/an180-mjjs2-b.sph
INFO: sphinx_fe.c(791): Converting /home/rakha/Kuliah/Semester8/nlp/speech-sphinx/train-new-model/an4-master/wav/an4_clstk/mjjs2/cen1-mjjs2-b.sph to /home/rakha/Kuliah/Semester8/nlp/speech-sphinx/train-new-model/an4-master/feat/an4_clstk/mjjs2/cen1-mjjs2-b.sph
INFO: sphinx_fe.c(791): Converting /home/rakha/Kuliah/Semester8/nlp/speech-sphinx/train-new-model/an4-master/wav/an4_clstk/mjjs2/cen2-mjjs2-b.sph to /home/rakha/Kuliah/Semester8/nlp/speech-sphinx/train-new-model/an4-master/feat/an4_clstk/mjjs2/cen2-mjjs2-b.sph
INFO: sphinx_fe.c(791): Converting /home/rakha/Kuliah/Semester8/nlp/speech-sphinx/train-new-model/an4-master/wav/an4_clstk/mjjs2/cen4-mjjs2-b.sph to /home/rakha/Kuliah/Semester8/nlp/speech-sphinx/train-new-model/an4-master/feat/an4_clstk/mjjs2/cen4-mjjs2-b.sph
INFO: sphinx_fe.c(791): Converting /home/rakha/Kuliah/Semester8/nlp/speech-sphinx/train-new-model/an4-master/wav/an4_clstk/mjjs2/cen5-mjjs2-b.sph to /home/rakha/Kuliah/Semester8/nlp/speech-sphinx/train-new-model/an4-master/feat/an4_clstk/mjjs2/cen5-mjjs2-b.sph
INFO: sphinx_fe.c(791): Converting /home/rakha/Kuliah/Semester8/nlp/speech-sphinx/train-new-model/an4-master/wav/an4_clstk/mjjs2/cen6-mjjs2-b.sph to /home/rakha/Kuliah/Semester8/nlp/speech-sphinx/train-new-model/an4-master/feat/an4_clstk/mjjs2/cen6-mjjs2-b.sph
INFO: sphinx_fe.c(791): Converting /home/rakha/Kuliah/Semester8/nlp/speech-sphinx/train-new-model/an4-master/wav/an4_clstk/mjjs2/cen7-mjjs2-b.sph to /home/rakha/Kuliah/Semester8/nlp/speech-sphinx/train-new-model/an4-master/feat/an4_clstk/mjjs2/cen7-mjjs2-b.sph
INFO: sphinx_fe.c(791): Converting /home/rakha/Kuliah/Semester8/nlp/speech-sphinx/train-new-model/an4-master/wav/an4_clstk/mjjs2/cen8-mjjs2-b.sph to /home/rakha/Kuliah/Semester8/nlp/speech-sphinx/train-new-model/an4-master/feat/an4_clstk/mjjs2/cen8-mjjs2-b.sph
INFO: sphinx_fe.c(791): Converting /home/rakha/Kuliah/Semester8/nlp/speech-sphinx/train-new-model/an4-master/wav/an4_clstk/mkdb/an316-mkdb-b.sph to /home/rakha/Kuliah/Semester8/nlp/speech-sphinx/train-new-model/an4-master/feat/an4_clstk/mkdb/an316-mkdb-b.sph
INFO: sphinx_fe.c(791): Converting /home/rakha/Kuliah/Semester8/nlp/speech-sphinx/train-new-model/an4-master/wav/an4_clstk/mkdb/an317-mkdb-b.sph to /home/rakha/Kuliah/Semester8/nlp/speech-sphinx/train-new-model/an4-master/feat/an4_clstk/mkdb/an317-mkdb-b.sph
INFO: sphinx_fe.c(791): Converting /home/rakha/Kuliah/Semester8/nlp/speech-sphinx/train-new-model/an4-master/wav/an4_clstk/mkdb/an318-mkdb-b.sph to /home/rakha/Kuliah/Semester8/nlp/speech-sphinx/train-new-model/an4-master/feat/an4_clstk/mkdb/an318-mkdb-b.sph
INFO: sphinx_fe.c(791): Converting /home/rakha/Kuliah/Semester8/nlp/speech-sphinx/train-new-model/an4-master/wav/an4_clstk/mkdb/an319-mkdb-b.sph to /home/rakha/Kuliah/Semester8/nlp/speech-sphinx/train-new-model/an4-master/feat/an4_clstk/mkdb/an319-mkdb-b.sph
INFO: sphinx_fe.c(791): Converting /home/rakha/Kuliah/Semester8/nlp/speech-sphinx/train-new-model/an4-master/wav/an4_clstk/mkdb/an320-mkdb-b.sph to /home/rakha/Kuliah/Semester8/nlp/speech-sphinx/train-new-model/an4-master/feat/an4_clstk/mkdb/an320-mkdb-b.sph
INFO: sphinx_fe.c(791): Converting /home/rakha/Kuliah/Semester8/nlp/speech-sphinx/train-new-model/an4-master/wav/an4_clstk/mkdb/cen1-mkdb-b.sph to /home/rakha/Kuliah/Semester8/nlp/speech-sphinx/train-new-model/an4-master/feat/an4_clstk/mkdb/cen1-mkdb-b.sph
INFO: sphinx_fe.c(791): Converting /home/rakha/Kuliah/Semester8/nlp/speech-sphinx/train-new-model/an4-master/wav/an4_clstk/mkdb/cen2-mkdb-b.sph to /home/rakha/Kuliah/Semester8/nlp/speech-sphinx/train-new-model/an4-master/feat/an4_clstk/mkdb/cen2-mkdb-b.sph
INFO: sphinx_fe.c(791): Converting /home/rakha/Kuliah/Semester8/nlp/speech-sphinx/train-new-model/an4-master/wav/an4_clstk/mkdb/cen3-mkdb-b.sph to /home/rakha/Kuliah/Semester8/nlp/speech-sphinx/train-new-model/an4-master/feat/an4_clstk/mkdb/cen3-mkdb-b.sph
INFO: sphinx_fe.c(791): Converting /home/rakha/Kuliah/Semester8/nlp/speech-sphinx/train-new-model/an4-master/wav/an4_clstk/mkdb/cen4-mkdb-b.sph to /home/rakha/Kuliah/Semester8/nlp/speech-sphinx/train-new-model/an4-master/feat/an4_clstk/mkdb/cen4-mkdb-b.sph
INFO: sphinx_fe.c(791): Converting /home/rakha/Kuliah/Semester8/nlp/speech-sphinx/train-new-model/an4-master/wav/an4_clstk/mkdb/cen5-mkdb-b.sph to /home/rakha/Kuliah/Semester8/nlp/speech-sphinx/train-new-model/an4-master/feat/an4_clstk/mkdb/cen5-mkdb-b.sph
INFO: sphinx_fe.c(791): Converting /home/rakha/Kuliah/Semester8/nlp/speech-sphinx/train-new-model/an4-master/wav/an4_clstk/mkdb/cen6-mkdb-b.sph to /home/rakha/Kuliah/Semester8/nlp/speech-sphinx/train-new-model/an4-master/feat/an4_clstk/mkdb/cen6-mkdb-b.sph
INFO: sphinx_fe.c(791): Converting /home/rakha/Kuliah/Semester8/nlp/speech-sphinx/train-new-model/an4-master/wav/an4_clstk/mkdb/cen7-mkdb-b.sph to /home/rakha/Kuliah/Semester8/nlp/speech-sphinx/train-new-model/an4-master/feat/an4_clstk/mkdb/cen7-mkdb-b.sph
INFO: sphinx_fe.c(791): Converting /home/rakha/Kuliah/Semester8/nlp/speech-sphinx/train-new-model/an4-master/wav/an4_clstk/mkdb/cen8-mkdb-b.sph to /home/rakha/Kuliah/Semester8/nlp/speech-sphinx/train-new-model/an4-master/feat/an4_clstk/mkdb/cen8-mkdb-b.sph
INFO: sphinx_fe.c(791): Converting /home/rakha/Kuliah/Semester8/nlp/speech-sphinx/train-new-model/an4-master/wav/an4_clstk/mkem/an186-mkem-b.sph to /home/rakha/Kuliah/Semester8/nlp/speech-sphinx/train-new-model/an4-master/feat/an4_clstk/mkem/an186-mkem-b.sph
INFO: sphinx_fe.c(791): Converting /home/rakha/Kuliah/Semester8/nlp/speech-sphinx/train-new-model/an4-master/wav/an4_clstk/mkem/an187-mkem-b.sph to /home/rakha/Kuliah/Semester8/nlp/speech-sphinx/train-new-model/an4-master/feat/an4_clstk/mkem/an187-mkem-b.sph
INFO: sphinx_fe.c(791): Converting /home/rakha/Kuliah/Semester8/nlp/speech-sphinx/train-new-model/an4-master/wav/an4_clstk/mkem/an188-mkem-b.sph to /home/rakha/Kuliah/Semester8/nlp/speech-sphinx/train-new-model/an4-master/feat/an4_clstk/mkem/an188-mkem-b.sph
INFO: sphinx_fe.c(791): Converting /home/rakha/Kuliah/Semester8/nlp/speech-sphinx/train-new-model/an4-master/wav/an4_clstk/mkem/an189-mkem-b.sph to /home/rakha/Kuliah/Semester8/nlp/speech-sphinx/train-new-model/an4-master/feat/an4_clstk/mkem/an189-mkem-b.sph
INFO: sphinx_fe.c(791): Converting /home/rakha/Kuliah/Semester8/nlp/speech-sphinx/train-new-model/an4-master/wav/an4_clstk/mkem/an190-mkem-b.sph to /home/rakha/Kuliah/Semester8/nlp/speech-sphinx/train-new-model/an4-master/feat/an4_clstk/mkem/an190-mkem-b.sph
INFO: sphinx_fe.c(791): Converting /home/rakha/Kuliah/Semester8/nlp/speech-sphinx/train-new-model/an4-master/wav/an4_clstk/mkem/cen1-mkem-b.sph to /home/rakha/Kuliah/Semester8/nlp/speech-sphinx/train-new-model/an4-master/feat/an4_clstk/mkem/cen1-mkem-b.sph
INFO: sphinx_fe.c(791): Converting /home/rakha/Kuliah/Semester8/nlp/speech-sphinx/train-new-model/an4-master/wav/an4_clstk/mkem/cen2-mkem-b.sph to /home/rakha/Kuliah/Semester8/nlp/speech-sphinx/train-new-model/an4-master/feat/an4_clstk/mkem/cen2-mkem-b.sph
INFO: sphinx_fe.c(791): Converting /home/rakha/Kuliah/Semester8/nlp/speech-sphinx/train-new-model/an4-master/wav/an4_clstk/mkem/cen4-mkem-b.sph to /home/rakha/Kuliah/Semester8/nlp/speech-sphinx/train-new-model/an4-master/feat/an4_clstk/mkem/cen4-mkem-b.sph
INFO: sphinx_fe.c(791): Converting /home/rakha/Kuliah/Semester8/nlp/speech-sphinx/train-new-model/an4-master/wav/an4_clstk/mkem/cen5-mkem-b.sph to /home/rakha/Kuliah/Semester8/nlp/speech-sphinx/train-new-model/an4-master/feat/an4_clstk/mkem/cen5-mkem-b.sph
INFO: sphinx_fe.c(791): Converting /home/rakha/Kuliah/Semester8/nlp/speech-sphinx/train-new-model/an4-master/wav/an4_clstk/mkem/cen6-mkem-b.sph to /home/rakha/Kuliah/Semester8/nlp/speech-sphinx/train-new-model/an4-master/feat/an4_clstk/mkem/cen6-mkem-b.sph
INFO: sphinx_fe.c(791): Converting /home/rakha/Kuliah/Semester8/nlp/speech-sphinx/train-new-model/an4-master/wav/an4_clstk/mkem/cen7-mkem-b.sph to /home/rakha/Kuliah/Semester8/nlp/speech-sphinx/train-new-model/an4-master/feat/an4_clstk/mkem/cen7-mkem-b.sph
INFO: sphinx_fe.c(791): Converting /home/rakha/Kuliah/Semester8/nlp/speech-sphinx/train-new-model/an4-master/wav/an4_clstk/mkem/cen8-mkem-b.sph to /home/rakha/Kuliah/Semester8/nlp/speech-sphinx/train-new-model/an4-master/feat/an4_clstk/mkem/cen8-mkem-b.sph
INFO: sphinx_fe.c(791): Converting /home/rakha/Kuliah/Semester8/nlp/speech-sphinx/train-new-model/an4-master/wav/an4_clstk/mmaf/an51-mmaf-b.sph to /home/rakha/Kuliah/Semester8/nlp/speech-sphinx/train-new-model/an4-master/feat/an4_clstk/mmaf/an51-mmaf-b.sph
INFO: sphinx_fe.c(791): Converting /home/rakha/Kuliah/Semester8/nlp/speech-sphinx/train-new-model/an4-master/wav/an4_clstk/mmaf/an52-mmaf-b.sph to /home/rakha/Kuliah/Semester8/nlp/speech-sphinx/train-new-model/an4-master/feat/an4_clstk/mmaf/an52-mmaf-b.sph
INFO: sphinx_fe.c(791): Converting /home/rakha/Kuliah/Semester8/nlp/speech-sphinx/train-new-model/an4-master/wav/an4_clstk/mmaf/an53-mmaf-b.sph to /home/rakha/Kuliah/Semester8/nlp/speech-sphinx/train-new-model/an4-master/feat/an4_clstk/mmaf/an53-mmaf-b.sph
INFO: sphinx_fe.c(791): Converting /home/rakha/Kuliah/Semester8/nlp/speech-sphinx/train-new-model/an4-master/wav/an4_clstk/mmaf/an54-mmaf-b.sph to /home/rakha/Kuliah/Semester8/nlp/speech-sphinx/train-new-model/an4-master/feat/an4_clstk/mmaf/an54-mmaf-b.sph
INFO: sphinx_fe.c(791): Converting /home/rakha/Kuliah/Semester8/nlp/speech-sphinx/train-new-model/an4-master/wav/an4_clstk/mmaf/an55-mmaf-b.sph to /home/rakha/Kuliah/Semester8/nlp/speech-sphinx/train-new-model/an4-master/feat/an4_clstk/mmaf/an55-mmaf-b.sph
Mon May 23 22:14:31 2022
