Current configuration:
[NAME]		[DEFLT]		[VALUE]
-agc		none		none
-agcthresh	2.0		2.000000e+00
-cbcntfn			
-cepdir				
-cepext		mfc		mfc
-ceplen		13		13
-cmn		live		batch
-cmninit	40,3,-1		40,3,-1
-ctlfn				
-dictfn				
-dmoddeffn			
-example	no		no
-fdictfn			
-feat		1s_c_d_dd	s2_4x
-featsel			0
-fpcachesz	3000		3000
-fullvar	no		no
-gthobj		state		single
-help		no		no
-lda				
-ldadim		0		0
-lsnfn				
-maxcbobs			0
-maxiter	100		100
-maxtotobs			0
-meanfn				/home/rakha/Kuliah/Semester8/nlp/speech-sphinx/train-new-model/an4-master/model_parameters/an4.ci_ptm_flatinitial/means
-method		rkm		rkm
-minratio	0.01		1.000000e-03
-mixwfn				
-ndensity			64
-niter		20		20
-ntrial		5		1
-obscachesz	92		92
-omoddeffn			
-reest		yes		no
-runlen				0
-segdir				
-segdmpdirs			/home/rakha/Kuliah/Semester8/nlp/speech-sphinx/train-new-model/an4-master/bwaccumdir/an4_buff_1,
-segdmpfn			/home/rakha/Kuliah/Semester8/nlp/speech-sphinx/train-new-model/an4-master/bwaccumdir/an4_buff_1/an4.dmp
-segext		v8_seg		v8_seg
-segidxfn			
-stride		32		1
-svspec				
-ts2cbfn			
-tscnt				0
-tsoff		0		0
-tsrngfn			
-varfn				/home/rakha/Kuliah/Semester8/nlp/speech-sphinx/train-new-model/an4-master/model_parameters/an4.ci_ptm_flatinitial/variances
-varnorm	no		no
-vartiethr	0		0

INFO: feat.c(715): Initializing feature stream to type: 's2_4x', ceplen=13, CMN='batch', VARNORM='no', AGC='none'
INFO: main.c(520): No mdef files.  Assuming 1-class init
INFO: main.c(1345): 1-class dump file
INFO: main.c(1385): Corpus 0: sz==233366 frames
INFO: main.c(1392): Convergence ratios are abs(cur - prior) / abs(prior)
INFO: main.c(237): alloc'ing 10Mb obs buf
INFO: main.c(577): Initializing means using random k-means
INFO: main.c(580): Trial 0: 64 means
INFO: kmeans.c(155): km iter [0] 1.000000e+00 ...
INFO: kmeans.c(155): km iter [1] 1.838054e-01 ...
INFO: kmeans.c(155): km iter [2] 4.942689e-02 ...
INFO: kmeans.c(155): km iter [3] 2.225390e-02 ...
INFO: kmeans.c(155): km iter [4] 1.173249e-02 ...
INFO: kmeans.c(155): km iter [5] 7.069004e-03 ...
INFO: kmeans.c(155): km iter [6] 4.912511e-03 ...
INFO: kmeans.c(155): km iter [7] 3.573812e-03 ...
INFO: kmeans.c(155): km iter [8] 2.725997e-03 ...
INFO: kmeans.c(155): km iter [9] 2.149799e-03 ...
INFO: kmeans.c(155): km iter [10] 1.750223e-03 ...
INFO: kmeans.c(155): km iter [11] 1.575771e-03 ...
INFO: kmeans.c(155): km iter [12] 1.401737e-03 ...
INFO: kmeans.c(155): km iter [13] 1.218373e-03 ...
INFO: kmeans.c(155): km iter [14] 1.055295e-03 ...
INFO: kmeans.c(168): kmtrineq n_iter 15 sqerr 2.365813e+08 conv_ratio 8.686287e-04
INFO: main.c(622): 	best-so-far sqerr = 2.365813e+08
INFO: main.c(237): alloc'ing 21Mb obs buf
INFO: main.c(577): Initializing means using random k-means
INFO: main.c(580): Trial 0: 64 means
INFO: kmeans.c(155): km iter [0] 1.000000e+00 ...
INFO: kmeans.c(155): km iter [1] 1.987602e-01 ...
INFO: kmeans.c(155): km iter [2] 3.645273e-02 ...
INFO: kmeans.c(155): km iter [3] 1.296077e-02 ...
INFO: kmeans.c(155): km iter [4] 7.032602e-03 ...
INFO: kmeans.c(155): km iter [5] 4.722052e-03 ...
INFO: kmeans.c(155): km iter [6] 3.705351e-03 ...
INFO: kmeans.c(155): km iter [7] 3.134306e-03 ...
INFO: kmeans.c(155): km iter [8] 2.522977e-03 ...
INFO: kmeans.c(155): km iter [9] 1.930354e-03 ...
INFO: kmeans.c(155): km iter [10] 1.446359e-03 ...
INFO: kmeans.c(155): km iter [11] 1.143767e-03 ...
INFO: kmeans.c(168): kmtrineq n_iter 12 sqerr 7.504355e+08 conv_ratio 9.184300e-04
INFO: main.c(622): 	best-so-far sqerr = 7.504355e+08
INFO: main.c(237): alloc'ing 2Mb obs buf
INFO: main.c(577): Initializing means using random k-means
INFO: main.c(580): Trial 0: 64 means
INFO: kmeans.c(155): km iter [0] 1.000000e+00 ...
INFO: kmeans.c(155): km iter [1] 2.623491e-01 ...
INFO: kmeans.c(155): km iter [2] 1.033807e-01 ...
INFO: kmeans.c(155): km iter [3] 5.131410e-02 ...
INFO: kmeans.c(155): km iter [4] 3.182216e-02 ...
INFO: kmeans.c(155): km iter [5] 2.344476e-02 ...
INFO: kmeans.c(155): km iter [6] 1.950773e-02 ...
INFO: kmeans.c(155): km iter [7] 1.665892e-02 ...
INFO: kmeans.c(155): km iter [8] 1.401100e-02 ...
INFO: kmeans.c(155): km iter [9] 1.163123e-02 ...
INFO: kmeans.c(155): km iter [10] 9.979320e-03 ...
INFO: kmeans.c(155): km iter [11] 8.487355e-03 ...
INFO: kmeans.c(155): km iter [12] 6.866895e-03 ...
INFO: kmeans.c(155): km iter [13] 5.718275e-03 ...
INFO: kmeans.c(155): km iter [14] 5.018801e-03 ...
INFO: kmeans.c(155): km iter [15] 4.330799e-03 ...
INFO: kmeans.c(155): km iter [16] 3.664689e-03 ...
INFO: kmeans.c(155): km iter [17] 3.158857e-03 ...
INFO: kmeans.c(155): km iter [18] 2.829643e-03 ...
INFO: kmeans.c(155): km iter [19] 2.446593e-03 ...
INFO: kmeans.c(155): km iter [20] 2.085166e-03 ...
INFO: kmeans.c(155): km iter [21] 1.796034e-03 ...
INFO: kmeans.c(155): km iter [22] 1.561155e-03 ...
INFO: kmeans.c(155): km iter [23] 1.438906e-03 ...
INFO: kmeans.c(155): km iter [24] 1.340468e-03 ...
INFO: kmeans.c(155): km iter [25] 1.295718e-03 ...
INFO: kmeans.c(155): km iter [26] 1.225519e-03 ...
INFO: kmeans.c(155): km iter [27] 1.154813e-03 ...
INFO: kmeans.c(155): km iter [28] 1.043557e-03 ...
INFO: kmeans.c(155): km iter [29] 1.062057e-03 ...
INFO: kmeans.c(168): kmtrineq n_iter 30 sqerr 8.225774e+06 conv_ratio 9.673613e-04
INFO: main.c(622): 	best-so-far sqerr = 8.225774e+06
INFO: main.c(237): alloc'ing 10Mb obs buf
INFO: main.c(577): Initializing means using random k-means
INFO: main.c(580): Trial 0: 64 means
INFO: kmeans.c(155): km iter [0] 1.000000e+00 ...
INFO: kmeans.c(155): km iter [1] 8.812075e-02 ...
INFO: kmeans.c(155): km iter [2] 2.763310e-02 ...
INFO: kmeans.c(155): km iter [3] 1.317142e-02 ...
INFO: kmeans.c(155): km iter [4] 7.974843e-03 ...
INFO: kmeans.c(155): km iter [5] 5.420595e-03 ...
INFO: kmeans.c(155): km iter [6] 3.939207e-03 ...
INFO: kmeans.c(155): km iter [7] 3.011582e-03 ...
INFO: kmeans.c(155): km iter [8] 2.413429e-03 ...
INFO: kmeans.c(155): km iter [9] 1.928574e-03 ...
INFO: kmeans.c(155): km iter [10] 1.625229e-03 ...
INFO: kmeans.c(155): km iter [11] 1.408871e-03 ...
INFO: kmeans.c(155): km iter [12] 1.238605e-03 ...
INFO: kmeans.c(155): km iter [13] 1.102186e-03 ...
INFO: kmeans.c(168): kmtrineq n_iter 14 sqerr 3.293933e+08 conv_ratio 9.750001e-04
INFO: main.c(622): 	best-so-far sqerr = 3.293933e+08
INFO: main.c(908): Initializing variances
INFO: main.c(237): alloc'ing 10Mb obs buf
INFO: main.c(237): alloc'ing 21Mb obs buf
INFO: main.c(237): alloc'ing 2Mb obs buf
INFO: main.c(237): alloc'ing 10Mb obs buf
INFO: main.c(1438): sqerr [0] == 1.324636e+09
INFO: main.c(1442): sqerr = 1.324636e+09 tot 3.639555e+04 rms
INFO: s3gau_io.c(228): Wrote /home/rakha/Kuliah/Semester8/nlp/speech-sphinx/train-new-model/an4-master/model_parameters/an4.ci_ptm_flatinitial/means [1x4x64 array]
INFO: s3gau_io.c(228): Wrote /home/rakha/Kuliah/Semester8/nlp/speech-sphinx/train-new-model/an4-master/model_parameters/an4.ci_ptm_flatinitial/variances [1x4x64 array]
INFO: main.c(1496): No mixing weight file given; none written
INFO: main.c(1628): TOTALS: km 0.001x 9.999e-01 var 0.000x 9.997e-01 em 0.000x 0.000e+00 all 0.001x 9.999e-01
Mon May 23 22:37:50 2022
