        INFO: main.c(229): Compiled on May 22 2022 at 21:52:28
Current configuration:
[NAME]		[DEFLT]		[VALUE]
-2passvar	no		yes
-abeam		1e-100		1.000000e-90
-accumdir			/home/rakha/Kuliah/Semester8/nlp/speech-sphinx/train-new-model/an4-master/bwaccumdir/an4_buff_1
-agc		none		none
-agcthresh	2.0		2.000000e+00
-bbeam		1e-100		1.000000e-10
-cb2mllrfn	.1cls.		.1cls.
-cepdir				/home/rakha/Kuliah/Semester8/nlp/speech-sphinx/train-new-model/an4-master/feat
-cepext		mfc		sph
-ceplen		13		13
-ckptintv			0
-cmn		live		batch
-cmninit	40,3,-1		40,3,-1
-ctlfn				/home/rakha/Kuliah/Semester8/nlp/speech-sphinx/train-new-model/an4-master/etc/an4_train.fileids
-diagfull	no		no
-dictfn				/home/rakha/Kuliah/Semester8/nlp/speech-sphinx/train-new-model/an4-master/etc/an4.dic
-example	no		no
-fdictfn			/home/rakha/Kuliah/Semester8/nlp/speech-sphinx/train-new-model/an4-master/etc/an4.filler
-feat		1s_c_d_dd	s2_4x
-fullvar	no		no
-help		no		no
-hmmdir				
-latdir				
-latext				
-lda				
-ldadim		0		0
-lsnfn				/home/rakha/Kuliah/Semester8/nlp/speech-sphinx/train-new-model/an4-master/etc/an4_train.transcription
-lw		11.5		1.150000e+01
-maxuttlen	0		0
-meanfn				/home/rakha/Kuliah/Semester8/nlp/speech-sphinx/train-new-model/an4-master/model_parameters/an4.ci_ptm/means
-meanreest	yes		yes
-mixwfn				/home/rakha/Kuliah/Semester8/nlp/speech-sphinx/train-new-model/an4-master/model_parameters/an4.ci_ptm/mixture_weights
-mixwreest	yes		yes
-mllrmat			
-mmie		no		no
-mmie_type	rand		rand
-moddeffn			/home/rakha/Kuliah/Semester8/nlp/speech-sphinx/train-new-model/an4-master/model_architecture/an4.ci.mdef
-mwfloor	0.00001		1.000000e-08
-npart				4
-nskip				0
-outphsegdir			
-outputfullpath	no		no
-part				1
-pdumpdir			
-phsegdir			
-phsegext	phseg		phseg
-runlen		-1		-1
-sentdir			
-sentext	sent		sent
-spthresh	0.0		0.000000e+00
-svspec				
-timing		yes		no
-tmatfn				/home/rakha/Kuliah/Semester8/nlp/speech-sphinx/train-new-model/an4-master/model_parameters/an4.ci_ptm/transition_matrices
-tmatreest	yes		yes
-topn		4		64
-tpfloor	0.0001		1.000000e-04
-ts2cbfn			.ptm.
-varfloor	0.00001		1.000000e-04
-varfn				/home/rakha/Kuliah/Semester8/nlp/speech-sphinx/train-new-model/an4-master/model_parameters/an4.ci_ptm/variances
-varnorm	no		no
-varreest	yes		yes
-viterbi	no		no

INFO: feat.c(715): Initializing feature stream to type: 's2_4x', ceplen=13, CMN='batch', VARNORM='no', AGC='none'
INFO: main.c(318): Reading /home/rakha/Kuliah/Semester8/nlp/speech-sphinx/train-new-model/an4-master/model_architecture/an4.ci.mdef
INFO: model_def_io.c(573): Model definition info:
INFO: model_def_io.c(574): 34 total models defined (34 base, 0 tri)
INFO: model_def_io.c(575): 136 total states
INFO: model_def_io.c(576): 102 total tied states
INFO: model_def_io.c(577): 102 total tied CI states
INFO: model_def_io.c(578): 34 total tied transition matrices
INFO: model_def_io.c(579): 4 max state/model
INFO: model_def_io.c(580): 4 min state/model
INFO: s3mixw_io.c(117): Read /home/rakha/Kuliah/Semester8/nlp/speech-sphinx/train-new-model/an4-master/model_parameters/an4.ci_ptm/mixture_weights [102x4x64 array]
INFO: s3tmat_io.c(118): Read /home/rakha/Kuliah/Semester8/nlp/speech-sphinx/train-new-model/an4-master/model_parameters/an4.ci_ptm/transition_matrices [34x3x4 array]
INFO: mod_inv.c(301): inserting tprob floor 1.000000e-04 and renormalizing
INFO: s3gau_io.c(169): Read /home/rakha/Kuliah/Semester8/nlp/speech-sphinx/train-new-model/an4-master/model_parameters/an4.ci_ptm/means [34x4x64 array]
INFO: s3gau_io.c(169): Read /home/rakha/Kuliah/Semester8/nlp/speech-sphinx/train-new-model/an4-master/model_parameters/an4.ci_ptm/variances [34x4x64 array]
INFO: gauden.c(176): 34 total mgau
INFO: gauden.c(150): 4 feature streams (|0|=12 |1|=24 |2|=3 |3|=12 )
INFO: gauden.c(187): 64 total densities
INFO: gauden.c(90): min_var=1.000000e-04
INFO: gauden.c(165): compute 64 densities/frame
INFO: main.c(431): Will reestimate mixing weights.
INFO: main.c(433): Will reestimate means.
INFO: main.c(435): Will reestimate variances.
INFO: main.c(443): Will reestimate transition matrices
INFO: main.c(456): Reading main dictionary: /home/rakha/Kuliah/Semester8/nlp/speech-sphinx/train-new-model/an4-master/etc/an4.dic
INFO: lexicon.c(221): 130 entries added from /home/rakha/Kuliah/Semester8/nlp/speech-sphinx/train-new-model/an4-master/etc/an4.dic
INFO: main.c(466): Reading filler dictionary: /home/rakha/Kuliah/Semester8/nlp/speech-sphinx/train-new-model/an4-master/etc/an4.filler
INFO: lexicon.c(221): 3 entries added from /home/rakha/Kuliah/Semester8/nlp/speech-sphinx/train-new-model/an4-master/etc/an4.filler
INFO: corpus.c(1065): Will process 236 utts starting at 0
INFO: main.c(665): Reestimation: Baum-Welch
INFO: cmn.c(133): CMN: 27.49 -3.59  3.75 -0.30 -0.87 -5.74 -5.25 -0.84 -1.40  4.68 -9.71 -1.12  5.31 
column defns
	<seq>
	<id>
	<n_frame_in>
	<n_frame_del>
	<n_state_shmm>
	<avg_states_alpha>
	<avg_states_beta>
	<avg_states_reest>
	<avg_posterior_prune>
	<frame_log_lik>
	<utt_log_lik>
	... timing info ... 
utt>     0              an251-fash-b   99    0INFO: cvt2triphone.c(199): no multiphones defined, no conversion done
    20 12  2 4 4.302871e-12 -1.877255e+02 -1.858482e+04
INFO: cmn.c(133): CMN: 37.00  4.60 -2.97 -8.36 -6.66  1.90 -15.96  5.53 -12.22 11.98 -4.25 -0.99  9.77 
utt>     1              an253-fash-b   50    0    16 8  1 3 5.051748e-13 -1.798980e+02 -8.994901e+03
INFO: cmn.c(133): CMN: 32.19 -5.22  2.20 -1.04 -3.13 -7.18 -5.31  0.36 -2.61  4.39 -9.64  0.95  7.13 
utt>     2              an254-fash-b   72    0    20 10  2 5 4.584910e-12 -1.862985e+02 -1.341350e+04
INFO: cmn.c(133): CMN: 42.82 -1.74  3.52  8.68 -4.38 -5.95 -11.08  5.40 -12.30  5.62 -8.54 -0.25  3.41 
utt>     3              an255-fash-b  244    0    64 16  2 4 3.490694e-12 -1.881803e+02 -4.591599e+04
INFO: cmn.c(133): CMN: 34.13 -3.07  2.66  9.77 -7.56 -7.60  0.51  2.25 -7.92  3.53 -4.60  0.23 -0.09 
utt>     4               cen1-fash-b  349    0    48 17  1 3 1.271667e-12 -1.888693e+02 -6.591537e+04
INFO: cmn.c(133): CMN: 37.71  7.28  1.43  9.93 -11.31 -6.93  0.50  2.96  1.82  0.72 -2.83  4.22 -2.29 
utt>     5               cen2-fash-b  129    0    28 14  2 3 2.895204e-12 -1.865716e+02 -2.406773e+04
INFO: cmn.c(133): CMN: 38.21 10.01  5.67  8.70 -8.57  0.27 -1.17  1.27 -17.49  4.14 -1.03 -2.16  2.77 
utt>     6               cen4-fash-b  359    0    76 17  1 3 1.933690e-12 -1.892705e+02 -6.794811e+04
INFO: cmn.c(133): CMN: 37.94 -2.79  7.86 13.73 -8.79 -6.47  0.72  0.60 -10.50  4.41 -1.15 -1.54  1.99 
utt>     7               cen5-fash-b  449    0    84 15  1 3 1.915526e-12 -1.878733e+02 -8.435512e+04
INFO: cmn.c(133): CMN: 40.54  1.57  4.01  8.16 -7.06 -10.77 -0.28  4.22 -6.89 -5.28 -2.08  1.87 -0.18 
utt>     8               cen7-fash-b  225    0    88 18  2 4 4.173755e-12 -1.922194e+02 -4.324937e+04
INFO: cmn.c(133): CMN: 50.28 -4.84 11.88 21.24  1.63 -6.34 -1.09 -2.65 -12.53  0.98 -11.20 -7.70  4.71 
utt>     9               an86-fbbh-b  312    0    76 20  2 4 2.776655e-12 -1.889040e+02 -5.893806e+04
INFO: cmn.c(133): CMN: 46.85  0.84  1.90  3.92 -0.98  2.14 -12.39  0.28 -4.45 -2.95  0.08 -3.45  6.31 
utt>    10               an87-fbbh-b  169    0    56 13  2 4 1.511303e-12 -1.947053e+02 -3.290519e+04
INFO: cmn.c(133): CMN: 54.62  1.31 -3.38  9.21 -5.88 -1.52 -8.82  1.43 -7.98  4.06 -2.95 -2.31  1.57 
utt>    11               an88-fbbh-b  449    0    84 16  1 3 2.377101e-12 -1.895961e+02 -8.512865e+04
INFO: cmn.c(133): CMN: 49.33 -1.72  2.26 17.60 -3.82 -2.09 -5.71  0.48 -6.68  0.97 -5.68 -3.82  5.14 
utt>    12               an89-fbbh-b  601    0   156 20  2 3 3.435916e-12 -1.895181e+02 -1.139004e+05
INFO: cmn.c(133): CMN: 46.75  7.69 -0.54  9.77 -11.19  1.12 -4.70 -1.63 -7.78  3.16 -7.19  5.80  2.10 
utt>    13               an90-fbbh-b   78    0    16 9  1 3 1.558572e-12 -1.915349e+02 -1.493973e+04
INFO: cmn.c(133): CMN: 47.40  6.67 -3.25 11.87 -9.46  0.99 -5.54  2.43 -8.57  2.96 -5.33 -1.50  1.77 
utt>    14               cen1-fbbh-b  239    0    68 18  2 4 2.436443e-12 -1.922520e+02 -4.594824e+04
INFO: cmn.c(133): CMN: 47.96  4.56  1.04 15.70 -7.74  2.09 -6.59  1.04 -8.90  2.02 -8.67  0.30 -1.42 
utt>    15               cen2-fbbh-b  299    0    56 17  2 4 2.519664e-12 -1.854621e+02 -5.545315e+04
INFO: cmn.c(133): CMN: 43.49 -7.54  2.67  7.59  2.45 -2.68 -7.99  2.04 -3.48 -1.38 -6.27  1.90  5.79 
utt>    16               cen3-fbbh-b  229    0    80 17  2 5 3.921351e-12 -1.909997e+02 -4.373894e+04
INFO: cmn.c(133): CMN: 44.75 -0.40 -0.03 12.86 -4.45 -1.59 -7.95  1.74 -7.54  1.59 -5.08  2.68  1.06 
utt>    17               cen4-fbbh-b  339    0    48 16  1 3 2.424671e-12 -1.847788e+02 -6.264000e+04
INFO: cmn.c(133): CMN: 52.70 -0.69 -1.51 17.29 -6.20 -8.15 -8.78  2.98 -4.65  3.95 -7.95  1.08 -0.86 
utt>    18               cen5-fbbh-b  265    0    56 14  1 3 2.280027e-12 -1.881639e+02 -4.986344e+04
INFO: cmn.c(133): CMN: 49.09 12.38 -1.64 -5.39 -9.84  4.56 -11.38  2.08 -3.75  4.76 -1.55 -1.00  3.44 
utt>    19               cen6-fbbh-b  220    0    64 13  2 4 2.052680e-12 -1.920344e+02 -4.224758e+04
INFO: cmn.c(133): CMN: 49.78 -0.43 -0.09 11.45  0.74  1.24 -14.92  3.90 -6.71 -5.23 -5.53 -5.26  4.56 
utt>    20               cen7-fbbh-b  286    0    96 15  2 4 3.219486e-12 -1.930396e+02 -5.520932e+04
INFO: cmn.c(133): CMN: 45.26  0.79 -2.55  9.92  0.73 -1.58 -9.69 -0.02 -4.73  3.23 -6.59  3.65  2.55 
utt>    21               cen8-fbbh-b  279    0    88 17  2 5 4.677724e-12 -1.916019e+02 -5.345694e+04
INFO: cmn.c(133): CMN: 50.85  5.24 -1.83  9.39 -15.53  3.47 -12.83  1.17  6.64 -5.34 -3.42 10.35  1.68 
utt>    22              an146-fclc-b  339    0    92 17  2 3 2.550545e-12 -1.966469e+02 -6.666331e+04
INFO: cmn.c(133): CMN: 47.02 -8.57  7.86 15.72 -11.13 -0.79 -8.42  0.92 -4.53 -5.59 -5.11  4.32  1.12 
utt>    23              an147-fclc-b  289    0    48 15  1 3 2.856758e-12 -1.941781e+02 -5.611748e+04
INFO: cmn.c(133): CMN: 55.41  2.10  0.72 14.91 -16.31 -1.64 -12.18 -2.62 -0.30 -3.50 -2.29  6.43  1.54 
utt>    24              an148-fclc-b  386    0    88 14  2 3 3.290014e-12 -1.938886e+02 -7.484099e+04
INFO: cmn.c(133): CMN: 53.22  6.35 -4.12 23.17 -15.67 -1.91 -9.43  4.75  1.57 -11.55 -1.84  7.43  0.22 
utt>    25              an149-fclc-b  210    0    56 18  2 4 1.977273e-12 -1.963542e+02 -4.123438e+04
INFO: cmn.c(133): CMN: 53.78 -0.25  3.81 14.94 -14.08 -0.85 -9.29  2.00 -6.88 -5.73 -1.64  5.91 -1.66 
utt>    26              an150-fclc-b  415    0   124 17  2 3 3.867217e-12 -1.937888e+02 -8.042233e+04
INFO: cmn.c(133): CMN: 47.96 13.19 -0.29 13.48 -22.05  5.69 -8.37 -1.55  0.80 -9.49 -1.42  5.32  2.07 
utt>    27               cen1-fclc-b  352    0    64 18  1 3 2.610901e-12 -1.953077e+02 -6.874831e+04
INFO: cmn.c(133): CMN: 46.72  5.63 -0.12 11.50 -10.18 -1.55 -5.09 -2.10 -0.44 -7.24 -1.37  1.00  2.53 
utt>    28               cen2-fclc-b  228    0    44 14  1 3 2.332534e-12 -1.920401e+02 -4.378514e+04
INFO: cmn.c(133): CMN: 48.48  5.19 -9.00  7.05 -11.80  2.83 -6.29 -7.78 10.11 -1.00 -4.53  0.52  1.89 
utt>    29               cen3-fclc-b  183    0    56 14  2 4 4.278174e-12 -1.936375e+02 -3.543565e+04
INFO: cmn.c(133): CMN: 48.35 13.36 -4.09  8.63 -25.89  5.21 -5.11 -9.67  3.19 -8.28  1.36  1.79 -1.14 
utt>    30               cen4-fclc-b  369    0    64 14  1 3 2.724108e-12 -1.930423e+02 -7.123261e+04
INFO: cmn.c(133): CMN: 49.23  1.27  3.54 21.24 -16.50  2.08 -4.18 -5.28 -5.26 -5.18 -0.95 -2.02 -0.07 
utt>    31               cen5-fclc-b  414    0    84 15  1 3 2.391596e-12 -1.929571e+02 -7.988426e+04
INFO: cmn.c(133): CMN: 52.25  9.85  2.74 11.01 -17.19  3.42 -4.03 -13.89  5.54  0.09 -2.55  7.69 -2.63 
utt>    32               cen6-fclc-b  172    0    80 14  2 5 3.768002e-12 -2.005172e+02 -3.448896e+04
INFO: cmn.c(133): CMN: 49.69 -1.08 -0.21  9.57 -9.95 -3.15 -10.32 -0.54  2.17 -4.68 -3.99  8.86 -0.04 
utt>    33               cen7-fclc-b  284    0    84 18  2 4 3.293948e-12 -1.968545e+02 -5.590668e+04
INFO: cmn.c(133): CMN: 49.82 -2.05  4.14  8.48 -9.41  1.71 -9.45  2.18 -0.82 -5.59 -1.27  8.51 -0.65 
utt>    34               cen8-fclc-b  269    0   116 25  2 5 4.397001e-12 -1.994001e+02 -5.363863e+04
INFO: cmn.c(133): CMN: 42.99  3.64 -4.41 10.46 -11.01  2.85 -0.33 -1.63  0.12  4.27  0.75 -3.83  9.85 
utt>    35               an36-fejs-b  361    0    88 15  2 3 3.678352e-12 -1.932911e+02 -6.977808e+04
INFO: cmn.c(133): CMN: 45.30 -5.77  2.21 17.68 -14.13  1.01 -2.32 -2.16 -4.99  1.47 -0.38 -1.47  8.11 
utt>    36               an37-fejs-b  449    0   100 15  1 3 1.927336e-12 -1.916516e+02 -8.605158e+04
INFO: cmn.c(133): CMN: 40.99  6.62 -5.78  6.58 -10.39  4.18 -9.28 -0.57 -4.34  7.89  0.15 -0.94  7.81 
utt>    37               an38-fejs-b   79    0    16 9  1 3 2.696223e-12 -1.835259e+02 -1.449854e+04
INFO: cmn.c(133): CMN: 43.98  1.43  3.52 19.55 -16.89  4.62 -2.70 -4.15 -5.92  2.66  0.99 -4.41 10.09 
utt>    38               an39-fejs-b  248    0    48 16  1 3 2.293145e-12 -1.895500e+02 -4.700839e+04
INFO: cmn.c(133): CMN: 46.68  2.63 -3.70  8.52 -13.04 -0.40 -7.43  1.96 -3.20  1.19  0.45 -4.37  8.10 
utt>    39               an40-fejs-b  309    0    76 14  2 3 1.962060e-12 -1.890347e+02 -5.841173e+04
INFO: cmn.c(133): CMN: 48.04 -1.59 -3.30 20.82 -16.76 -6.68  1.62 -2.76 -3.27  1.78 -0.79 -1.23  5.40 
utt>    40               cen1-fejs-b  421    0    72 16  1 3 2.151272e-12 -1.889234e+02 -7.953673e+04
INFO: cmn.c(133): CMN: 46.42 -3.60 -2.17 27.72 -18.87 -4.33 -2.41 -6.91 -2.30 -1.29 -0.00 -0.08  5.76 
utt>    41               cen2-fejs-b  210    0    32 17  1 3 2.421366e-12 -1.885671e+02 -3.959909e+04
INFO: cmn.c(133): CMN: 43.96  1.54 -4.86  4.36 -4.36 -0.26 -7.14 -0.17 -0.65  3.56 -1.58 -2.75  8.82 
utt>    42               cen3-fejs-b  257    0    68 16  2 3 1.850693e-12 -1.884385e+02 -4.842870e+04
INFO: cmn.c(133): CMN: 45.95  3.76 -8.05 19.53 -18.68  1.43  0.50 -3.91 -2.97  4.97 -2.08 -4.32  7.35 
utt>    43               cen4-fejs-b  505    0    88 15  1 3 2.522798e-12 -1.909866e+02 -9.644825e+04
INFO: cmn.c(133): CMN: 44.15 -5.49  3.04 24.87 -14.71  2.34  0.93 -6.70 -3.73  1.28  0.61 -4.19  8.31 
utt>    44               cen5-fejs-b  409    0    84 14  1 3 2.751738e-12 -1.908397e+02 -7.805345e+04
INFO: cmn.c(133): CMN: 45.02  4.80 -4.43 15.08 -10.43  0.86 -3.45 -6.00 -0.73 -1.74 -2.86 -2.83  6.22 
utt>    45               cen6-fejs-b  187    0    68 16  2 5 3.148005e-12 -1.915907e+02 -3.582746e+04
INFO: cmn.c(133): CMN: 46.36 -4.61  0.54 24.13 -8.35 -3.87 -4.74 -0.21 -6.34 -0.00  1.72 -1.32  7.80 
utt>    46               cen7-fejs-b  277    0    84 14  2 4 3.555084e-12 -1.928472e+02 -5.341866e+04
INFO: cmn.c(133): CMN: 47.16 -9.81  2.72 24.46 -10.75 -1.66 -4.76 -3.63 -5.60 -2.82  3.07 -1.82  7.20 
utt>    47               cen8-fejs-b  196    0    72 17  2 4 3.376814e-12 -1.952801e+02 -3.827489e+04
INFO: cmn.c(133): CMN: 49.49  9.67 -8.04 10.37 -7.89  4.97 -12.57  5.47  2.28 -1.20 -1.79 -5.61  8.68 
utt>    48              an291-ffmm-b  131    0    32 11  2 4 2.217328e-12 -1.901594e+02 -2.491088e+04
INFO: cmn.c(133): CMN: 49.95  0.54  5.41 25.33 -6.05 -1.46 -8.77  6.51 -13.29  1.33 -3.53 -5.93 11.31 
utt>    49              an292-ffmm-b  148    0    52 15  2 5 4.187961e-12 -1.946384e+02 -2.880648e+04
INFO: cmn.c(133): CMN: 50.60  6.05  0.00 15.05 -7.82 -1.12 -9.01  5.08 -5.17  0.48  1.38 -3.14  7.13 
utt>    50              an293-ffmm-b  319    0    92 15  2 4 2.095303e-12 -1.924736e+02 -6.139907e+04
INFO: cmn.c(133): CMN: 50.14 -1.24  7.31 16.29 -8.21 -0.50 -2.60  1.54 -5.04  5.92 -2.44 -1.88 10.44 
utt>    51              an294-ffmm-b  269    0    84 15  2 4 3.384437e-12 -1.923432e+02 -5.174032e+04
INFO: cmn.c(133): CMN: 48.86  4.17  4.97 19.11 -8.21  1.88 -7.43 -0.50 -4.41  2.14 -2.64 -1.72  9.50 
utt>    52              an295-ffmm-b  289    0    92 16  2 4 6.026510e-12 -1.916179e+02 -5.537757e+04
INFO: cmn.c(133): CMN: 41.69  6.60  4.73 27.60 -8.43  6.95  1.18 -2.04 -8.24 -1.34 -1.62 -5.02  6.38 
utt>    53               cen1-ffmm-b  329    0    56 16  1 3 2.616287e-12 -1.909846e+02 -6.283395e+04
INFO: cmn.c(133): CMN: 45.30  6.51  3.05 17.22 -14.09  1.86 -3.39  0.03 -5.09 -0.87  0.47 -0.36  7.75 
utt>    54               cen2-ffmm-b  476    0    84 17  1 3 2.775530e-12 -1.904152e+02 -9.063764e+04
INFO: cmn.c(133): CMN: 47.37 -4.26  3.91 16.71 -2.74 -0.19 -10.49  6.68 -8.69 -2.36 -1.33 -1.43  8.07 
utt>    55               cen3-ffmm-b  199    0    68 16  2 4 3.739340e-12 -1.963747e+02 -3.907857e+04
INFO: cmn.c(133): CMN: 46.29  1.95  0.17 13.77 -12.79 -1.86 -1.50 -3.53 -1.42  4.90 -1.92 -0.43  7.17 
utt>    56               cen4-ffmm-b  404    0    64 14  1 3 1.592642e-12 -1.915511e+02 -7.738666e+04
INFO: cmn.c(133): CMN: 45.17  0.84  5.02 23.89 -13.07 -1.67  3.44 -6.49 -4.21 -0.52 -0.33 -4.03 10.56 
utt>    57               cen5-ffmm-b  466    0    84 15  1 3 2.636984e-12 -1.912846e+02 -8.913861e+04
INFO: cmn.c(133): CMN: 50.92  6.09  1.48 15.64 -10.04  5.33 -10.92  2.94  0.19  2.54 -2.08 -4.71 10.44 
utt>    58               cen6-ffmm-b  204    0    80 15  2 5 3.296413e-12 -1.945965e+02 -3.969768e+04
INFO: cmn.c(133): CMN: 48.21  5.02  4.44 13.47 -5.44  2.80 -6.57  3.77 -4.57 -2.58 -0.24 -2.53  9.84 
utt>    59               cen7-ffmm-b  465    0   124 16  2 4 3.824002e-12 -1.932919e+02 -8.988073e+04
INFO: cmn.c(133): CMN: 46.18 -2.24  4.31 12.07 -4.22 -0.37 -6.03  7.08 -5.47  1.93  1.49 -2.57  7.93 
utt>    60               cen8-ffmm-b  325    0   128 18  2 4 4.952603e-12 -1.990830e+02 -6.470199e+04
INFO: cmn.c(133): CMN: 47.57 -4.62 -0.13  2.91 -3.67 -1.04 -1.04 -0.44 -3.03 -1.69 -4.94  0.50 -0.24 
utt>    61               an76-fjam-b   67    0    20 9  2 4 2.642873e-12 -1.898566e+02 -1.272039e+04
INFO: cmn.c(133): CMN: 49.71  1.23 -3.22 11.04 -9.85 -4.74 -1.67  3.59  2.90 -0.08 -3.45  2.76  4.52 
utt>    62               an77-fjam-b  309    0   108 18  2 4 2.759479e-12 -1.974867e+02 -6.102339e+04
INFO: cmn.c(133): CMN: 51.10  1.41  2.14 12.29 -19.84  4.34 -6.45  3.90 -8.10  2.30 -4.94  1.81  1.22 
utt>    63               an78-fjam-b  178    0    56 12  2 4 2.670270e-12 -1.972572e+02 -3.511178e+04
INFO: cmn.c(133): CMN: 47.02  3.62 -1.30 13.53 -15.44  3.11 -0.87 -0.95 -4.87  2.62 -3.33  0.10  3.33 
utt>    64               an79-fjam-b  309    0    84 17  1 3 1.919461e-12 -1.932204e+02 -5.970510e+04
INFO: cmn.c(133): CMN: 36.83 -1.19 -2.15 -4.43 -4.47  5.44 -0.96 -3.39  1.24 -2.59 -3.01  4.46 -1.74 
utt>    65               an80-fjam-b   89    0    24 14  3 5 4.940991e-12 -1.915646e+02 -1.704925e+04
INFO: cmn.c(133): CMN: 52.62  6.52 -3.85  5.84 -19.74 -5.55 -2.49  2.00 -2.87 10.40 -4.94  3.71 -4.18 
utt>    66               cen1-fjam-b  239    0    56 16  2 3 4.149459e-12 -1.951348e+02 -4.663722e+04
INFO: cmn.c(133): CMN: 54.60  3.16  0.24 13.45 -15.81 -2.28 -11.97 -2.95 -14.71  7.72 -7.79 -0.11 -0.91 
utt>    67               cen2-fjam-b  134    0    40 12  2 4 2.186217e-12 -1.922335e+02 -2.575929e+04
INFO: cmn.c(133): CMN: 45.68 -2.34 -5.32  1.67 -5.11 -0.91 -0.70  1.43 -0.89 -1.85 -4.08 -0.39 -0.58 
utt>    68               cen3-fjam-b  179    0    60 22  2 4 3.127495e-12 -1.930443e+02 -3.455492e+04
INFO: cmn.c(133): CMN: 51.93  4.36 -4.82  9.20 -18.99 -1.06 -5.31  4.25  2.08  2.56 -2.17  2.60 -2.21 
utt>    69               cen4-fjam-b  328    0    72 18  1 3 1.736901e-12 -1.945730e+02 -6.381995e+04
INFO: cmn.c(133): CMN: 50.56 -2.55  2.53 12.94 -11.83 -5.61 -2.95  0.34 -5.95  3.81 -7.49  6.02 -2.18 
utt>    70               cen5-fjam-b  369    0    76 19  2 3 2.479540e-12 -1.910462e+02 -7.049605e+04
INFO: cmn.c(133): CMN: 44.13 -0.33 -5.21  4.08 -5.76 -1.40 -6.65  1.28  1.26 -1.03 -8.03  1.85 -6.12 
utt>    71               cen6-fjam-b  192    0    76 16  2 4 1.554612e-12 -1.982780e+02 -3.806937e+04
INFO: cmn.c(133): CMN: 48.08 -1.69 -0.38  8.50 -8.31 -2.83 -8.17  4.98 -4.86 -2.25 -3.57  3.94 -0.39 
utt>    72               cen7-fjam-b  239    0   104 19  2 4 3.584152e-12 -1.993276e+02 -4.763929e+04
INFO: cmn.c(133): CMN: 46.96 -2.08 -0.54 12.43 -5.59 -2.72 -6.67  5.91  0.75 -2.23 -2.43  4.92 -3.03 
utt>    73               cen8-fjam-b  209    0   100 17  2 4 5.048213e-12 -2.011201e+02 -4.203409e+04
INFO: cmn.c(133): CMN: 32.85  6.10 -4.98 -4.07 -8.46  6.58  3.97  0.42  5.84  0.74 -5.03  5.31  3.73 
utt>    74              an121-fjdn-b   69    0    24 16  3 5 4.532326e-12 -1.940724e+02 -1.339100e+04
INFO: cmn.c(133): CMN: 45.44  4.18 -7.04 13.70 -7.23 -4.35 -5.94  3.81 -4.87  1.09 -9.03  5.64  4.39 
utt>    75              an122-fjdn-b  145    0    56 13  2 5 3.044747e-12 -1.985685e+02 -2.879243e+04
INFO: cmn.c(133): CMN: 44.12  2.54 -6.13  9.01 -7.05 -4.41 -0.66  0.71 -1.86  2.14 -9.08  3.28  1.04 
utt>    76              an123-fjdn-b  108    0    52 15  2 5 3.362642e-12 -1.956644e+02 -2.113176e+04
INFO: cmn.c(133): CMN: 50.23  9.39 -12.01 10.31 -14.03  0.86 -8.51 -0.58 -0.11  7.27 -6.39  2.91  2.63 
utt>    77              an124-fjdn-b  250    0    84 16  2 4 3.962732e-12 -1.951878e+02 -4.879694e+04
INFO: cmn.c(133): CMN: 43.53 -3.61  1.50 16.14 -8.08 -2.71 -5.10  5.46 -2.40  3.91 -5.38  2.11  5.92 
utt>    78              an125-fjdn-b   94    0    44 16  2 5 5.449984e-12 -1.940992e+02 -1.824533e+04
INFO: cmn.c(133): CMN: 46.83  8.45 -2.08  4.95 -11.36 -2.12 -1.81 -1.76  0.82  9.01 -7.18  3.74  4.80 
utt>    79               cen1-fjdn-b  126    0    48 17  2 5 3.293008e-12 -1.933863e+02 -2.436667e+04
INFO: cmn.c(133): CMN: 48.53  5.29 -4.23 16.27 -11.42 -7.44 -7.37  7.38 -4.92  6.28 -12.52  6.56  4.89 
utt>    80               cen2-fjdn-b  164    0    60 19  2 5 3.156776e-12 -1.931735e+02 -3.168046e+04
INFO: cmn.c(133): CMN: 40.10  4.91 -7.29 19.40 -6.94 -4.97 -6.01  4.54 -4.93  0.98 -7.64  6.31  2.06 
utt>    81               cen3-fjdn-b   81    0    36 15  2 5 6.641780e-12 -1.937873e+02 -1.569677e+04
INFO: cmn.c(133): CMN: 44.31  6.55  0.62 24.95 -11.42 -5.98 -4.42  4.24 -9.37 -2.55 -7.56  3.56  1.04 
utt>    82               cen4-fjdn-b  125    0    48 15  2 4 2.778610e-12 -1.926956e+02 -2.408695e+04
INFO: cmn.c(133): CMN: 49.04 12.00 -7.70 19.00 -20.73 -2.99 -7.60  3.98 -8.16  4.37 -6.54  2.39  0.05 
utt>    83               cen5-fjdn-b  210    0    60 14  2 4 4.851076e-12 -1.903344e+02 -3.997022e+04
INFO: cmn.c(133): CMN: 42.40  3.74 -4.48  6.95 -4.78 -2.64 -4.90 -0.07 -2.42  5.72 -6.43  2.90  4.75 
utt>    84               cen6-fjdn-b  149    0    60 18  2 4 3.485963e-12 -1.968786e+02 -2.933492e+04
INFO: cmn.c(133): CMN: 44.17  7.21 -5.63  7.64 -9.94 -4.13 -3.55 -2.02 -4.61  3.86 -7.28  7.58  1.60 
utt>    85               cen7-fjdn-b  259    0   116 16  2 5 3.648370e-12 -1.968719e+02 -5.098982e+04
INFO: cmn.c(133): CMN: 44.17  3.26  0.71 12.89 -6.45 -7.54 -2.40  0.93 -0.17  4.08 -3.64  5.35  2.63 
utt>    86               cen8-fjdn-b  146    0   100 23  3 6 5.018883e-12 -2.036301e+02 -2.972999e+04
INFO: cmn.c(133): CMN: 45.59  2.79  4.76 22.92 -7.01  6.53 -5.88  4.68 -12.97  6.19 -6.25 -2.49 -1.14 
utt>    87               an10-fjmd-b  159    0    48 14  2 4 3.901311e-12 -1.955143e+02 -3.108677e+04
INFO: cmn.c(133): CMN: 41.81  7.37 -0.90  7.89 -5.39  4.80 -1.25  4.69 -4.71  9.85 -5.71  2.72 -4.91 
utt>    88                an6-fjmd-b   59    0    16 10  2 4 1.912950e-12 -1.904818e+02 -1.123843e+04
INFO: cmn.c(133): CMN: 48.23  3.72  2.25 12.04 -4.18  3.63 -8.92  4.83 -6.86  7.55 -7.57  0.54 -0.94 
utt>    89                an7-fjmd-b  219    0    84 15  2 4 5.179385e-12 -1.997344e+02 -4.374184e+04
INFO: cmn.c(133): CMN: 47.28  0.81  1.81  7.67 -3.65  2.87 -3.28  2.44 -4.57  5.12 -5.31 -1.90  0.55 
utt>    90                an8-fjmd-b  179    0    68 14  2 4 3.748715e-12 -1.972481e+02 -3.530741e+04
INFO: cmn.c(133): CMN: 49.90  1.67  1.02 19.44 -6.61 -3.11 -8.30  6.62 -10.99  0.27  1.35 -2.54  0.19 
utt>    91                an9-fjmd-b  161    0    56 13  2 4 2.834569e-12 -1.947189e+02 -3.134975e+04
INFO: cmn.c(133): CMN: 55.20  1.79 -4.01 15.56 -12.94 -7.24 -9.25  7.61 -13.58  6.37 -1.12 -5.73 -0.38 
utt>    92               cen1-fjmd-b  137    0    44 13  2 4 3.756897e-12 -1.953687e+02 -2.676551e+04
INFO: cmn.c(133): CMN: 48.08 -5.35  8.03 25.58 -15.49  0.59 -2.96  0.48 -11.86  2.56 -4.72 -3.77  0.78 
utt>    93               cen2-fjmd-b  278    0    56 19  2 3 3.971914e-12 -1.920445e+02 -5.338836e+04
INFO: cmn.c(133): CMN: 43.47  1.52  2.35  5.80  2.38 -1.93 -0.61  6.27 -3.64  2.02 -6.99  3.29 -3.88 
utt>    94               cen3-fjmd-b   99    0    36 14  2 4 4.293381e-12 -1.936315e+02 -1.916952e+04
INFO: cmn.c(133): CMN: 49.77 -2.60  7.81 19.41 -11.83  1.99 -5.07  4.34 -8.26  5.79 -4.46 -5.34  2.47 
utt>    95               cen4-fjmd-b  334    0    84 14  2 3 3.398202e-12 -1.936625e+02 -6.468329e+04
INFO: cmn.c(133): CMN: 55.22  3.40  2.70 10.28 -16.20  1.59 -10.37  3.31 -5.59  7.39 -2.69 -3.36  3.63 
utt>    96               cen5-fjmd-b  288    0   112 16  2 4 3.311536e-12 -1.953466e+02 -5.625983e+04
INFO: cmn.c(133): CMN: 47.74 -4.15  3.62 11.00  2.14 -4.51 -7.54  1.33 -1.69  2.16 -8.63 -0.85  2.95 
utt>    97               cen6-fjmd-b  180    0    80 13  2 4 5.394169e-12 -1.999232e+02 -3.598617e+04
INFO: cmn.c(133): CMN: 47.36  2.30  2.39 14.93 -0.03  1.32 -12.27  4.07 -6.72  7.66 -7.53 -0.42  1.22 
utt>    98               cen7-fjmd-b  201    0    68 17  2 4 2.883775e-12 -1.970008e+02 -3.959716e+04
INFO: cmn.c(133): CMN: 45.60  1.93  7.70 11.68  1.59 -3.00 -4.01  3.36 -4.19  6.50 -9.26  3.07  0.37 
utt>    99               cen8-fjmd-b  219    0    76 19  2 4 3.789015e-12 -1.967303e+02 -4.308394e+04
INFO: cmn.c(133): CMN: 48.08  3.99 -3.26 10.96 -8.94  1.58 -13.04 -0.04 -1.79  3.97 -5.63 -0.07  4.25 
utt>   100              an311-fkai-b  297    0    76 17  2 4 3.248088e-12 -1.933059e+02 -5.741186e+04
INFO: cmn.c(133): CMN: 48.66  3.31 -2.15 24.55 -7.79 -4.39 -7.60  7.44 -5.24 -3.61 -5.11  0.17  6.36 
utt>   101              an312-fkai-b  388    0   140 17  2 3 3.697181e-12 -1.939346e+02 -7.524664e+04
INFO: cmn.c(133): CMN: 51.54  1.81  0.86 17.01 -7.70 -4.14 -9.31  7.27 -6.53 -0.88 -5.08  1.03  5.74 
utt>   102              an313-fkai-b  454    0   168 21  2 4 4.398101e-12 -1.934254e+02 -8.781513e+04
INFO: cmn.c(133): CMN: 50.94  2.54 -1.82 14.70 -9.42 -3.87 -11.12  7.72 -1.64  2.70 -6.97  3.04  6.29 
utt>   103              an314-fkai-b  369    0   156 20  2 4 4.117932e-12 -1.958885e+02 -7.228286e+04
INFO: cmn.c(133): CMN: 44.68  0.94 -3.52 17.94 -6.27  4.74 -10.56  4.99 -2.94 -1.72 -2.71  4.45  2.57 
utt>   104              an315-fkai-b  180    0    56 16  2 4 3.212613e-12 -1.933410e+02 -3.480139e+04
INFO: cmn.c(133): CMN: 53.15  8.41 -4.69 10.55 -14.75  1.79 -13.04  1.85 -0.96  7.42 -7.24  2.38  4.61 
utt>   105               cen1-fkai-b  161    0    52 17  2 5 5.716431e-12 -1.954338e+02 -3.146484e+04
INFO: cmn.c(133): CMN: 49.24  6.61 -8.68 12.15 -15.32 -0.64 -15.63  4.09 -2.66  6.96 -3.16  4.21  3.99 
utt>   106               cen2-fkai-b  159    0    40 16  2 4 5.798267e-12 -1.915397e+02 -3.045481e+04
INFO: cmn.c(133): CMN: 44.38  5.18 -3.42  2.97 -6.98  7.58 -6.91  0.40 -1.64  5.09 -7.54  1.54  5.54 
utt>   107               cen3-fkai-b  109    0    44 14  2 5 3.436797e-12 -1.954567e+02 -2.130479e+04
INFO: cmn.c(133): CMN: 47.37 15.38 -1.70 22.40 -20.12  6.27 -6.94  0.58 -11.12 -3.46 -0.07 -1.69  4.79 
utt>   108               cen4-fkai-b  231    0    76 15  2 4 3.525283e-12 -1.950318e+02 -4.505234e+04
INFO: cmn.c(133): CMN: 48.22 -1.06  0.84 22.04 -11.18 -2.46 -9.05  7.99 -11.58 -1.55 -3.86 -1.83  7.44 
utt>   109               cen5-fkai-b  301    0    84 16  2 4 2.791145e-12 -1.906485e+02 -5.738521e+04
INFO: cmn.c(133): CMN: 47.81  3.82 -1.91  7.74 -7.87  5.16 -3.62  0.15  3.56  0.06 -4.00 -3.51  8.29 
utt>   110               cen6-fkai-b  179    0    80 15  2 5 3.378223e-12 -1.939185e+02 -3.471141e+04
INFO: cmn.c(133): CMN: 48.23  3.95 -4.36  5.54 -9.79  4.77 -5.54 -0.07 -6.17 -2.30 -0.96  1.18  1.80 
utt>   111               cen7-fkai-b  159    0    64 16  2 5 4.265333e-12 -1.902088e+02 -3.024320e+04
INFO: cmn.c(133): CMN: 48.46  0.46 -3.70  9.42 -0.95 -1.18 -5.27  4.35 -0.94 -3.29 -2.09 -1.17  6.08 
utt>   112               cen8-fkai-b  219    0   108 20  2 5 4.193658e-12 -2.015325e+02 -4.413561e+04
INFO: cmn.c(133): CMN: 47.13  6.51 -3.28  2.55 -3.46 -3.15  2.89 -2.78  2.06  2.20  0.77 -4.88  8.01 
utt>   113              an131-fkdo-b  586    0   144 22  2 3 2.930515e-12 -1.930263e+02 -1.131134e+05
INFO: cmn.c(133): CMN: 38.51  0.56 -2.86 -2.10  0.49  1.93 -2.60  1.16 -1.13 -1.10 -0.65 -8.27  7.21 
utt>   114              an132-fkdo-b  140    0    16 9  1 2 2.066113e-12 -1.818910e+02 -2.546474e+04
INFO: cmn.c(133): CMN: 40.44 -0.62  2.43 13.50 -1.46 -3.52  2.25 -3.79 -3.95 -4.91 -2.00 -2.53  3.16 
utt>   115              an133-fkdo-b   91    0    28 11  2 4 1.515883e-12 -1.969229e+02 -1.791999e+04
INFO: cmn.c(133): CMN: 37.88 -7.00  0.81 -0.31 -5.13  6.42  1.23 -2.26 -2.62  1.92 -2.85 -1.74  1.55 
utt>   116              an134-fkdo-b  129    0    24 14  1 3 1.995232e-12 -1.958374e+02 -2.526303e+04
INFO: cmn.c(133): CMN: 44.60  2.53 -0.53 10.75 -5.61 -5.75  6.58 -5.62  1.54 -1.95  0.77 -6.38  4.16 
utt>   117              an135-fkdo-b  262    0    68 15  2 4 3.155476e-12 -1.960598e+02 -5.136767e+04
INFO: cmn.c(133): CMN: 47.50  7.19  1.91  4.87 -4.20 -14.19  6.99 -2.18 -2.49 -1.19  2.73 -7.17  6.64 
utt>   118               cen1-fkdo-b  197    0    40 16  2 3 1.896732e-12 -1.959059e+02 -3.859346e+04
INFO: cmn.c(133): CMN: 43.42  4.07 -2.32 11.76 -1.66 -10.81  6.06 -5.28 -5.27 -0.44  1.84 -2.18  6.04 
utt>   119               cen2-fkdo-b  289    0    40 18  1 3 1.276444e-12 -1.928806e+02 -5.574249e+04
INFO: cmn.c(133): CMN: 45.47  3.09 -2.87 15.10  3.17 -6.20  1.98 -2.25 -5.13 -2.44 -2.34 -2.98  5.48 
utt>   120               cen3-fkdo-b  258    0    48 19  2 3 2.533357e-12 -1.952452e+02 -5.037326e+04
INFO: cmn.c(133): CMN: 48.61  8.86  1.90  9.54 -3.63 -11.14 12.76 -8.01  2.60 -1.30  2.93 -5.28  8.88 
utt>   121               cen4-fkdo-b  245    0    48 18  1 3 2.690070e-12 -1.946515e+02 -4.768963e+04
INFO: cmn.c(133): CMN: 47.62  2.28  1.70 16.93 -2.77 -11.31  8.65 -6.25 -3.72  1.14 -1.31 -3.84  8.24 
utt>   122               cen5-fkdo-b  383    0    84 14  1 3 4.043506e-12 -1.932157e+02 -7.400162e+04
INFO: cmn.c(133): CMN: 43.45  9.85 -0.67  5.97  2.30 -0.60  3.40 -5.18  0.11  1.93  2.24 -3.64  7.52 
utt>   123               cen6-fkdo-b  239    0    64 16  2 3 2.998600e-12 -1.914398e+02 -4.575411e+04
INFO: cmn.c(133): CMN: 45.06  5.34  0.85 16.24 -0.50 -9.25  6.88 -8.05 -3.75 -1.29 -0.97 -1.91  5.35 
utt>   124               cen7-fkdo-b  342    0    68 20  2 4 2.454912e-12 -1.920882e+02 -6.569418e+04
INFO: cmn.c(133): CMN: 47.73  4.30 -0.42  1.71  0.72 -6.42  3.47  0.26  2.65  0.78 -1.71 -3.01  2.99 
utt>   125               cen8-fkdo-b  238    0    88 16  2 4 4.391711e-12 -1.959759e+02 -4.664227e+04
INFO: cmn.c(133): CMN: 45.96 -4.68  2.01 14.37 -4.96  5.71 -13.50  9.40 -5.41  5.61 -4.26  5.91  5.40 
utt>   126              an61-flmm2-b  259    0    64 15  2 4 2.826194e-12 -1.963876e+02 -5.086439e+04
INFO: cmn.c(133): CMN: 46.31  0.38 -1.93 12.05 -3.72  8.19 -14.90 15.22  0.21  2.46  1.95  3.32  5.44 
utt>   127              an62-flmm2-b  148    0    48 13  2 4 3.663968e-12 -1.974934e+02 -2.922902e+04
INFO: cmn.c(133): CMN: 46.83  0.77 -4.35 12.89 -6.16  7.18 -13.32 14.39 -5.97  2.78  0.54 -0.05  6.66 
utt>   128              an63-flmm2-b  223    0    68 13  2 4 4.283611e-12 -1.971175e+02 -4.395719e+04
INFO: cmn.c(133): CMN: 41.73  8.33 -3.66  4.82 -6.69  9.09 -8.16  9.80 -1.57  3.42 -1.01  3.19  0.91 
utt>   129              an64-flmm2-b  114    0    32 10  2 4 2.237400e-12 -1.922294e+02 -2.191415e+04
INFO: cmn.c(133): CMN: 45.35 -9.36  6.52 15.77 -10.50  6.42 -5.35  9.59 -7.83  0.20 -1.02 -0.13  7.96 
utt>   130              an65-flmm2-b  216    0    48 12  1 3 2.303291e-12 -1.940600e+02 -4.191696e+04
INFO: cmn.c(133): CMN: 41.90 -4.84  6.99 13.14 -5.04  0.29 -5.22  8.63 -7.66  8.39 -5.16  9.17  2.22 
utt>   131              cen1-flmm2-b  372    0    60 19  1 2 2.353125e-12 -1.925052e+02 -7.161192e+04
INFO: cmn.c(133): CMN: 43.33  3.50  4.25 11.75 -12.41  4.51 -0.53 12.74 -8.22 10.55 -4.52  7.65  3.77 
utt>   132              cen2-flmm2-b  181    0    40 14  2 4 1.539358e-12 -1.866739e+02 -3.378798e+04
INFO: cmn.c(133): CMN: 43.18  1.51  0.15  5.19 -2.08 -0.40 -8.30  8.42 -6.21  1.52 -1.02  1.54  2.11 
utt>   133              cen3-flmm2-b  179    0    56 14  2 4 3.005461e-12 -1.906894e+02 -3.413341e+04
INFO: cmn.c(133): CMN: 41.97 -2.30  9.16 23.86 -16.40  7.67 -0.53  1.09 -7.92  6.53 -2.55 -0.54 11.57 
utt>   134              cen4-flmm2-b  596    0   120 18  1 3 2.349572e-12 -1.893562e+02 -1.128563e+05
INFO: cmn.c(133): CMN: 42.13 -6.90  6.09  2.43 -2.21  3.12 -5.67 10.92 -3.91  6.00 -4.04  3.77  6.85 
utt>   135              cen6-flmm2-b  229    0    76 16  2 4 3.878890e-12 -1.935822e+02 -4.433032e+04
INFO: cmn.c(133): CMN: 43.34 -5.07  5.27  6.64 -2.46  7.64 -5.53  9.83  3.42  5.53 -0.15  2.55  7.18 
utt>   136              cen7-flmm2-b  273    0   104 15  2 4 2.907283e-12 -1.950966e+02 -5.326139e+04
INFO: cmn.c(133): CMN: 43.01  5.58 -3.79 11.34 -8.26  2.88 -3.55  8.14 -1.77  3.25  4.13  5.12  5.31 
utt>   137              cen8-flmm2-b  570    0   152 18  2 4 3.751379e-12 -1.882026e+02 -1.072755e+05
INFO: cmn.c(133): CMN: 47.63  0.58  6.47 18.01 -12.83  3.02 -10.86  5.02 -9.44  9.47 -3.76  0.62  6.74 
utt>   138               an21-flrp-b  391    0   132 22  2 4 2.973899e-12 -1.939486e+02 -7.583390e+04
INFO: cmn.c(133): CMN: 47.90 -7.57 12.59 26.37 -17.66  6.47 -4.58  2.67 -8.96  7.02 -2.64  1.88  5.73 
utt>   139             an2121-flrp-b  302    0    80 20  2 3 2.917566e-12 -1.884179e+02 -5.690220e+04
INFO: cmn.c(133): CMN: 41.61 -3.86 -2.74  9.18 -13.40  0.75 -7.81  3.06 -0.02  2.13  1.03 -2.90  0.47 
utt>   140               an22-flrp-b   82    0    20 9  2 4 2.406955e-12 -1.893338e+02 -1.552538e+04
INFO: cmn.c(133): CMN: 48.92  1.74 -0.91  7.05 -15.26 10.62 -10.92  3.64 -0.58  7.74 -4.03  3.73  3.42 
utt>   141               an23-flrp-b  387    0    96 15  2 3 2.691935e-12 -1.914962e+02 -7.410904e+04
INFO: cmn.c(133): CMN: 42.42 -4.32  9.50 30.13 -18.39  2.43 -13.45  2.63 -9.20  6.79  1.10  0.17  4.05 
utt>   142               an24-flrp-b   71    0    28 13  2 5 2.498743e-12 -2.003587e+02 -1.422547e+04
INFO: cmn.c(133): CMN: 46.54 -4.18  5.55 15.87 -17.58 11.71 -10.87  2.52 -3.48 10.40 -3.05  1.44  5.82 
utt>   143               an25-flrp-b  394    0   116 18  2 4 3.645359e-12 -1.888319e+02 -7.439975e+04
INFO: cmn.c(133): CMN: 51.54 -2.23  2.77 24.40 -23.12  3.03 -7.97  9.14 -7.56 10.14 -2.66  0.29  2.41 
utt>   144               cen1-flrp-b  289    0    68 18  2 4 3.623167e-12 -1.885528e+02 -5.449177e+04
INFO: cmn.c(133): CMN: 47.55  0.06  0.54 17.97 -22.93  2.69 -3.36  7.98 -4.85  5.97 -2.07  0.26  2.95 
utt>   145               cen2-flrp-b  159    0    40 15  2 4 2.285134e-12 -1.866668e+02 -2.968003e+04
INFO: cmn.c(133): CMN: 47.86 -3.03  6.81 19.57 -16.02  1.73 -8.86  7.97 -7.23  2.54 -3.07  4.32  8.26 
utt>   146               cen3-flrp-b  155    0    68 17  2 5 3.788478e-12 -1.958848e+02 -3.036215e+04
INFO: cmn.c(133): CMN: 52.42  0.60 -1.35 21.33 -24.87  6.55 -11.06  8.85 -8.99 11.31 -5.61 -0.95  1.99 
utt>   147               cen4-flrp-b  274    0    60 15  2 3 3.873891e-12 -1.895156e+02 -5.192726e+04
INFO: cmn.c(133): CMN: 45.11 -3.01  2.76 16.73 -16.08  4.69 -9.83  3.53 -9.96  5.09 -4.93 -0.88  0.15 
utt>   148               cen5-flrp-b  441    0    84 17  2 3 3.548205e-12 -1.860214e+02 -8.203542e+04
INFO: cmn.c(133): CMN: 49.01  2.37 -1.74 19.09 -16.48  3.55 -12.19  9.35 -6.33  7.28 -3.20  2.74  5.05 
utt>   149               cen6-flrp-b  194    0    72 14  2 4 4.283529e-12 -1.941009e+02 -3.765558e+04
INFO: cmn.c(133): CMN: 51.02 -1.21 -5.02 16.84 -13.92  0.10 -11.71  6.16 -4.30  5.16 -2.76  2.23  3.96 
utt>   150               cen7-flrp-b  233    0    84 16  2 4 4.856185e-12 -1.931923e+02 -4.501380e+04
INFO: cmn.c(133): CMN: 49.14 -1.82  1.89 19.60 -15.17 -1.46 -11.13  4.64 -8.43  4.17 -0.90  1.97  4.72 
utt>   151               cen8-flrp-b  199    0    92 19  2 5 4.121554e-12 -1.953798e+02 -3.888057e+04
INFO: cmn.c(133): CMN: 47.56  2.88  0.69 10.53 -4.18 -3.83 -6.81 -4.51 -3.43  0.04 -3.03  3.93  4.19 
utt>   152              an116-fmjc-b  209    0    72 16  2 4 3.096029e-12 -1.954413e+02 -4.084724e+04
INFO: cmn.c(133): CMN: 47.35  1.61 -0.33  3.37 -5.77  2.81 -7.35 -7.24  1.85 -2.34 -4.20  5.82  1.03 
utt>   153              an117-fmjc-b  300    0   112 17  2 4 2.993340e-12 -1.992863e+02 -5.978589e+04
INFO: cmn.c(133): CMN: 48.09 -0.50 -2.06  6.99 -10.30 -0.80 -2.38 -9.04 -4.12  0.21 -5.81  6.60  1.67 
utt>   154              an118-fmjc-b  224    0    68 13  2 3 2.439999e-12 -1.979952e+02 -4.435092e+04
INFO: cmn.c(133): CMN: 34.62  0.99 -4.72  0.10  0.21  3.31 -8.19 -0.15 -1.03 -5.61 -3.50 -1.89 -1.10 
utt>   155              an119-fmjc-b  238    0    48 17  2 3 2.418365e-12 -1.913275e+02 -4.553595e+04
INFO: cmn.c(133): CMN: 43.63  7.75 -3.03 -4.65 -8.67  0.47 -9.19 -4.97 -4.39  5.06 -4.12  2.23  2.92 
utt>   156              an120-fmjc-b  229    0    80 17  2 4 3.454895e-12 -1.989433e+02 -4.555801e+04
INFO: cmn.c(133): CMN: 41.51  1.94  3.00  4.39 -13.93  2.21 -0.59 -8.61 -1.23  2.57 -3.96  1.21  0.78 
utt>   157               cen1-fmjc-b  289    0    44 15  1 3 3.475826e-12 -1.931130e+02 -5.580965e+04
INFO: cmn.c(133): CMN: 44.90  1.32 -1.88  6.45 -10.98 -0.31 -3.45 -9.03  0.67  1.04 -8.64  2.12 -4.10 
utt>   158               cen2-fmjc-b  249    0    44 15  1 3 2.460045e-12 -1.921809e+02 -4.785304e+04
INFO: cmn.c(133): CMN: 45.39 -1.31 -2.78 -3.73 -8.81  0.52 -4.77 -5.00 -2.95  5.48 -4.68 -0.03 -2.10 
utt>   159               cen3-fmjc-b  182    0    64 14  2 5 2.665621e-12 -1.924459e+02 -3.502516e+04
INFO: cmn.c(133): CMN: 45.08 -1.35  0.44 16.85 -10.31 -6.24 -8.75 -6.93 -10.53 -3.47 -2.90 -1.36 -2.18 
utt>   160               cen4-fmjc-b  194    0    48 13  2 3 1.819175e-12 -1.939468e+02 -3.762568e+04
INFO: cmn.c(133): CMN: 44.46 -3.59  1.86 18.61 -10.74 -3.90 -3.52 -4.01 -9.83 -1.80 -4.86 -2.70 -0.14 
utt>   161               cen5-fmjc-b  289    0    84 15  2 4 3.557851e-12 -1.926865e+02 -5.568641e+04
INFO: cmn.c(133): CMN: 45.27  2.26 -0.64  0.80 -5.75  3.20 -4.17 -8.01 -6.81  5.99 -3.24 -1.30 -2.62 
utt>   162               cen6-fmjc-b  164    0    80 15  2 5 3.900056e-12 -1.992773e+02 -3.268147e+04
INFO: cmn.c(133): CMN: 42.48  7.01 -2.87 -4.89 -8.47  5.92 -9.48 -0.03 -7.23  3.43 -3.73 -2.14 -0.27 
utt>   163               cen7-fmjc-b  249    0    88 14  2 4 1.210914e-12 -1.992381e+02 -4.961030e+04
INFO: cmn.c(133): CMN: 42.71 -2.78 -4.83 11.31  2.86 -0.53 -8.73  2.21 -5.50 -6.66 -7.67  0.10 -2.59 
utt>   164               cen8-fmjc-b  205    0    88 14  2 4 3.224843e-12 -2.013346e+02 -4.127360e+04
INFO: cmn.c(133): CMN: 46.92 10.82 -7.59 10.20 -7.61  1.96  1.62  6.83 -0.57 -1.31 -2.82 -5.28 11.29 
utt>   165              an191-fmjd-b   65    0    16 10  2 4 1.583928e-12 -1.902486e+02 -1.236616e+04
INFO: cmn.c(133): CMN: 46.23  2.20  8.19 18.82 -5.84 -5.72  0.47 -0.69 -9.85  1.13 -8.82 -2.03  6.73 
utt>   166              an192-fmjd-b  414    0    64 20  1 3 2.541355e-12 -1.914263e+02 -7.925048e+04
INFO: cmn.c(133): CMN: 47.03  2.06  8.55 15.52 -6.49 -1.68  0.94 -1.37 -3.28  2.13 -6.63 -1.49  5.83 
utt>   167              an193-fmjd-b  429    0   100 15  2 3 2.724838e-12 -1.928344e+02 -8.272594e+04
INFO: cmn.c(133): CMN: 46.67 -1.40 11.66 21.62 -7.46  1.00  0.87  2.32 -6.42  0.46 -7.84 -0.62  3.81 
utt>   168              an194-fmjd-b  250    0    72 14  2 4 3.654695e-12 -1.949678e+02 -4.874196e+04
INFO: cmn.c(133): CMN: 47.93  2.43  1.69 12.42 -10.62 -4.17 -0.66 -1.02  1.08  2.42 -6.21 -3.02  3.28 
utt>   169              an195-fmjd-b  319    0    76 16  2 3 3.369746e-12 -1.918690e+02 -6.120620e+04
INFO: cmn.c(133): CMN: 43.60  7.92  6.95 20.93 -8.84  0.60  3.03 -0.13 -3.89  2.52 -5.43  2.19  4.66 
utt>   170               cen1-fmjd-b  319    0    76 18  1 3 2.776796e-12 -1.929576e+02 -6.155347e+04
INFO: cmn.c(133): CMN: 44.70 11.08  1.62  9.98 -11.90 -5.73  0.36  2.71 -0.55  3.84 -1.51 -0.51  4.45 
utt>   171               cen2-fmjd-b  339    0    48 14  1 3 1.577549e-12 -1.903061e+02 -6.451376e+04
INFO: cmn.c(133): CMN: 47.94 -1.25  1.96  1.48 -5.03 -2.68 -5.70  4.18 -1.34  0.52 -1.89 -0.80  2.70 
utt>   172               cen3-fmjd-b  185    0    60 15  2 4 2.998421e-12 -1.932352e+02 -3.574852e+04
INFO: cmn.c(133): CMN: 45.01  6.80 11.56 12.58 -8.97 -1.29  6.29 -11.07  6.39 -1.49 -6.08  4.62  3.99 
utt>   173               cen4-fmjd-b  319    0    56 18  1 3 2.071784e-12 -1.889423e+02 -6.027260e+04
INFO: cmn.c(133): CMN: 46.89 -3.02 10.74 19.47 -8.20 -2.18  2.67 -1.97 -4.32  6.32 -7.37  1.04  7.35 
utt>   174               cen5-fmjd-b  398    0    84 15  2 3 1.781467e-12 -1.927494e+02 -7.671425e+04
INFO: cmn.c(133): CMN: 49.14  5.97  4.22  7.99 -4.75 -1.01 -3.33  4.45  5.56 -0.23 -2.29 -4.34  6.25 
utt>   175               cen6-fmjd-b  188    0    80 15  2 5 3.901622e-12 -1.919130e+02 -3.607964e+04
INFO: cmn.c(133): CMN: 47.78  7.27  0.69  6.20 -5.63 -4.12 -6.64  5.94  0.89 -2.63 -3.41 -0.61  5.31 
utt>   176               cen7-fmjd-b  299    0    92 16  2 4 3.019457e-12 -1.943150e+02 -5.810017e+04
INFO: cmn.c(133): CMN: 48.18  0.01  8.90  8.28 -4.96 -2.92 -4.02  6.66 -2.01 -0.33 -6.69 -0.25  4.67 
utt>   177               cen8-fmjd-b  249    0    92 17  2 4 5.039997e-12 -1.957765e+02 -4.874835e+04
INFO: cmn.c(133): CMN: 50.42 -0.13 15.07 16.75 -14.69  5.90 -0.53 -3.72 -5.08 -0.77 -1.70 -4.40  6.29 
utt>   178              an181-fnsv-b  304    0    76 18  2 4 3.116714e-12 -1.925397e+02 -5.853206e+04
INFO: cmn.c(133): CMN: 40.11 -8.20  6.40 16.50 -6.77  7.30 -5.75 -3.92 -5.67 -2.74 -0.74 -0.98  2.75 
utt>   179              an182-fnsv-b  129    0    28 14  2 4 1.939813e-12 -1.892052e+02 -2.440747e+04
INFO: cmn.c(133): CMN: 50.15  0.16  3.10  2.34 -11.56  0.40 -0.86 -2.54  1.06  8.96 -6.50 -0.91  2.31 
utt>   180              an183-fnsv-b  339    0    80 19  2 4 2.603302e-12 -1.943370e+02 -6.588025e+04
INFO: cmn.c(133): CMN: 46.10  7.92  3.78  7.84 -14.40 10.76 -5.23 -3.63 -2.02  6.66 -6.00 -2.72  1.01 
utt>   181              an184-fnsv-b   71    0    16 11  2 4 3.663172e-12 -1.909076e+02 -1.355444e+04
INFO: cmn.c(133): CMN: 45.36  0.61 -0.03 -0.47 -12.06  7.20 -3.08  2.77 -0.55  1.14 -3.15  0.05  1.57 
utt>   182              an185-fnsv-b   78    0    24 12  2 5 2.978003e-12 -1.931890e+02 -1.506874e+04
INFO: cmn.c(133): CMN: 46.51 -10.23 10.73 18.84 -11.41  4.06 -2.88 -0.19 -4.31  2.27 -3.43  3.76  4.57 
utt>   183               cen1-fnsv-b  356    0    48 20  1 3 2.177781e-12 -1.916210e+02 -6.821706e+04
INFO: cmn.c(133): CMN: 50.12  0.89 10.06 12.76 -17.34  8.77 -10.55 -5.90 -0.91  0.43 -1.68 -1.32  5.52 
utt>   184               cen2-fnsv-b  261    0    44 14  1 3 1.855839e-12 -1.930408e+02 -5.038365e+04
INFO: cmn.c(133): CMN: 48.73 -2.97  5.25  4.66 -5.97  2.16 -3.52 -0.26 -1.07  1.87 -3.51  1.48  3.45 
utt>   185               cen3-fnsv-b  230    0    60 16  2 4 3.585698e-12 -1.926499e+02 -4.430948e+04
INFO: cmn.c(133): CMN: 49.14 -1.73  7.24 12.66 -18.56  6.87 -10.02 -3.73 -2.12 -0.09  1.21  1.04  6.58 
utt>   186               cen4-fnsv-b  469    0    92 17  1 3 3.084000e-12 -1.934635e+02 -9.073439e+04
INFO: cmn.c(133): CMN: 49.67 -7.03  9.06 15.12 -15.99  4.68 -4.09  0.19 -3.61  1.88 -2.07 -1.21  5.30 
utt>   187               cen5-fnsv-b  503    0    84 16  1 3 2.975459e-12 -1.918667e+02 -9.650896e+04
INFO: cmn.c(133): CMN: 47.26 -1.98  4.62 12.11 -7.37  8.15 -11.92  0.20 -2.96  0.43 -3.24  0.89  4.84 
utt>   188               cen6-fnsv-b  259    0    64 16  1 3 3.572978e-12 -1.943602e+02 -5.033928e+04
INFO: cmn.c(133): CMN: 49.96 -1.95  8.24  2.35 -4.90  2.17 -11.31  3.14 -1.46 -1.21 -4.72  2.02  4.12 
utt>   189               cen7-fnsv-b  388    0   112 18  2 4 3.512952e-12 -1.948441e+02 -7.559952e+04
INFO: cmn.c(133): CMN: 48.47 -5.51 10.05 19.34 -7.32 -0.35 -7.04  0.35 -5.85 -0.08  0.63  2.23  6.65 
utt>   190               cen8-fnsv-b  339    0   128 21  2 5 4.037443e-12 -1.988941e+02 -6.742509e+04
INFO: cmn.c(133): CMN: 53.77 -4.54  2.50  8.54 -4.75 -7.41  4.31  1.67 -0.43 -7.96  0.28  0.21  4.40 
utt>   191               an91-fplp-b  434    0    72 20  1 3 2.300930e-12 -1.882577e+02 -8.170385e+04
INFO: cmn.c(133): CMN: 50.01 -2.24 -0.58  7.09 -1.86 -3.64 -0.34  4.77  2.34 -4.10 -1.73  0.75  4.84 
utt>   192               an92-fplp-b  576    0    96 21  1 3 3.089241e-12 -1.902820e+02 -1.096024e+05
INFO: cmn.c(133): CMN: 47.79 -1.85 -9.03 -7.38 -6.12  1.46  1.96  3.87 -1.37 -1.25 -0.44 -1.15  2.32 
utt>   193               an93-fplp-b   92    0    24 13  2 4 6.654576e-12 -1.894467e+02 -1.742910e+04
INFO: cmn.c(133): CMN: 49.39 -4.29 10.59 16.65 -5.74 -6.51  4.39  4.34 -6.61 -3.37 -3.23 -1.33  6.56 
utt>   194               an94-fplp-b  548    0    84 19  1 2 2.319214e-12 -1.861364e+02 -1.020027e+05
INFO: cmn.c(133): CMN: 52.04 -3.30 -1.14 12.08 -4.34 -7.91  1.34  3.84 -4.38 -2.91 -4.50  0.26  5.80 
utt>   195               an95-fplp-b  609    0   108 19  1 3 2.141144e-12 -1.895525e+02 -1.154375e+05
INFO: cmn.c(133): CMN: 52.95 -2.87  4.88 15.75 -8.11 -6.10  2.57  0.57 -6.70 -3.88 -2.04 -3.17  5.57 
utt>   196               cen1-fplp-b  559    0    68 16  1 3 1.465800e-12 -1.840259e+02 -1.028705e+05
INFO: cmn.c(133): CMN: 54.28 -1.44  0.98  3.69 -11.18 -4.55  2.44  2.96 -3.50 -0.05  1.47 -0.31  8.50 
utt>   197               cen2-fplp-b  429    0    60 15  1 3 2.855879e-12 -1.844167e+02 -7.911478e+04
INFO: cmn.c(133): CMN: 50.40  2.85  2.59  1.18 -1.84 -2.26 -2.47  5.70 -3.81 -7.67 -2.78 -0.16  5.07 
utt>   198               cen3-fplp-b  295    0    60 15  2 3 3.098165e-12 -1.909202e+02 -5.632146e+04
INFO: cmn.c(133): CMN: 53.35  2.89  2.88  7.48 -14.75 -3.80 -0.46  3.72 -6.14 -1.17  0.04 -2.03  3.94 
utt>   199               cen4-fplp-b  492    0    60 16  1 3 2.788108e-12 -1.831586e+02 -9.011405e+04
INFO: cmn.c(133): CMN: 51.40 -4.92  6.61 19.46 -8.48 -1.97  2.29 -0.01 -9.88 -1.31 -4.36 -2.80  7.08 
utt>   200               cen5-fplp-b  609    0    84 15  1 2 1.453121e-12 -1.824156e+02 -1.110911e+05
INFO: cmn.c(133): CMN: 51.72 -1.96 -3.17  5.52  1.59 -1.69 -1.25  2.10  0.04 -6.11 -3.41  0.77  6.89 
utt>   201               cen6-fplp-b  389    0    72 18  1 3 2.640877e-12 -1.853810e+02 -7.211322e+04
INFO: cmn.c(133): CMN: 51.91  1.61 -0.76  3.49 -4.38 -2.64 -2.75  5.06 -0.98 -5.28 -0.12 -0.12  5.35 
utt>   202               cen7-fplp-b  540    0   100 19  1 3 2.520711e-12 -1.891814e+02 -1.021579e+05
INFO: cmn.c(133): CMN: 48.77 -10.70  0.76  3.38  3.90 -6.86 -2.51  6.00 -0.58 -3.52 -0.50 -1.14  8.34 
utt>   203               cen8-fplp-b  386    0    88 19  2 3 2.600442e-12 -1.940728e+02 -7.491210e+04
INFO: cmn.c(133): CMN: 48.02 -2.38 12.75 25.47 -11.33  9.33 -7.98  5.76 -6.94  1.75 -4.67  5.06  5.43 
utt>   204             an296-fsaf2-b  266    0   100 19  2 4 2.956147e-12 -1.975720e+02 -5.255415e+04
INFO: cmn.c(133): CMN: 50.48  0.19 11.67 15.00 -11.41  4.76 -8.01  2.75 -3.97  1.99 -3.27  4.30  3.04 
utt>   205             an297-fsaf2-b  412    0   144 18  2 4 3.954776e-12 -1.977396e+02 -8.146872e+04
INFO: cmn.c(133): CMN: 37.16 -1.26  6.95 15.99 -2.31  8.32 -1.33 -2.53 -8.76  2.70 -4.94  8.59  0.78 
utt>   206             an298-fsaf2-b   99    0    28 15  2 3 3.138817e-12 -1.942676e+02 -1.923249e+04
INFO: cmn.c(133): CMN: 49.34  1.28 11.49 10.87 -10.69  4.24 -3.09  3.41 -1.02  3.79 -4.76  2.04  1.13 
utt>   207             an299-fsaf2-b  379    0   100 17  2 4 4.096016e-12 -1.965764e+02 -7.450245e+04
INFO: cmn.c(133): CMN: 49.49 -1.02  6.52  8.43 -11.46  1.11 -5.02  3.78  3.66  1.42 -1.50  3.63  1.64 
utt>   208             an300-fsaf2-b  386    0   108 17  2 4 1.902383e-12 -1.950235e+02 -7.527908e+04
INFO: cmn.c(133): CMN: 47.14  9.31  1.63  6.72 -16.03  5.99 -3.22  2.96  5.86  0.39  0.93  0.01  1.46 
utt>   209              cen1-fsaf2-b  356    0    64 16  1 3 2.659510e-12 -1.920927e+02 -6.838502e+04
INFO: cmn.c(133): CMN: 43.81 -1.93  7.62 13.17 -14.07  7.09 -2.08  3.96  3.82 -3.56 -0.84  0.68  3.03 
utt>   210              cen2-fsaf2-b  309    0    44 15  1 2 1.869057e-12 -1.948097e+02 -6.019620e+04
INFO: cmn.c(133): CMN: 43.36  4.75  7.56  8.10 -13.34 11.64  0.25  0.06  0.78  0.53 -2.08  1.64  2.20 
utt>   211              cen3-fsaf2-b  109    0    44 15  2 4 5.197753e-12 -1.975392e+02 -2.153178e+04
INFO: cmn.c(133): CMN: 47.47  1.29 14.33 15.34 -20.49 11.29 -3.45  0.08 -0.75 -0.70 -3.61  0.44  3.47 
utt>   212              cen4-fsaf2-b  439    0   104 17  1 3 3.886222e-12 -1.957701e+02 -8.594306e+04
INFO: cmn.c(133): CMN: 49.03  8.21  4.00  6.12 -15.79  7.44 -4.08 -0.69  2.04  2.62 -3.20  1.66  2.34 
utt>   213              cen5-fsaf2-b  370    0    80 15  2 3 2.562488e-12 -1.950909e+02 -7.218363e+04
INFO: cmn.c(133): CMN: 46.22  3.98  9.01  7.88 -12.09  3.48 -7.98  2.96  3.71  2.70 -4.51  6.18  3.73 
utt>   214              cen6-fsaf2-b  189    0    60 17  2 4 3.888082e-12 -1.950559e+02 -3.686556e+04
INFO: cmn.c(133): CMN: 50.40  3.60  4.57 10.95 -5.73  3.55 -7.35  3.53  0.21  0.11 -4.28  4.74  1.95 
utt>   215              cen7-fsaf2-b  358    0   144 19  2 4 3.203468e-12 -1.996091e+02 -7.146005e+04
INFO: cmn.c(133): CMN: 47.85 -7.58 12.22  6.32 -1.74  2.80 -1.89  3.31 -0.26 -0.64 -3.07  3.17  2.68 
utt>   216              cen8-fsaf2-b  182    0    84 16  2 5 5.902421e-12 -1.987358e+02 -3.616991e+04
INFO: cmn.c(133): CMN: 47.05  9.39 -3.29 14.97 -13.89  0.66 -2.37 -4.90  1.62  2.51  4.72  0.09  3.97 
utt>   217              an166-fsrb-b  226    0    44 15  1 3 3.409367e-12 -1.986473e+02 -4.489429e+04
INFO: cmn.c(133): CMN: 43.17  4.18 -0.90 10.79 -4.20 -1.14 -6.19 -2.75  3.11 -7.45  1.06 -4.11  1.77 
utt>   218              an167-fsrb-b  247    0   100 17  2 4 3.676577e-12 -2.020933e+02 -4.991705e+04
INFO: cmn.c(133): CMN: 42.42  9.59  2.71 12.94 -6.67  1.38 -2.17 -2.31  4.01  2.81  3.43  1.27  9.34 
utt>   219              an168-fsrb-b  334    0   116 15  2 4 3.138847e-12 -2.019526e+02 -6.745219e+04
INFO: cmn.c(133): CMN: 39.58  1.70  6.13 14.38 -0.89  2.49 -3.07 -6.05  4.43 -4.43  3.19  2.19  5.20 
utt>   220              an169-fsrb-b  159    0    60 15  2 3 2.850201e-12 -2.021370e+02 -3.213978e+04
INFO: cmn.c(133): CMN: 40.46 -3.58 -1.80 10.94 -1.66 -0.57 -4.67 -3.50  2.91 -6.50  2.72  2.70  2.71 
utt>   221              an170-fsrb-b  234    0    68 14  2 4 4.075438e-12 -1.951481e+02 -4.566466e+04
INFO: cmn.c(133): CMN: 41.83  3.98  4.58 19.13 -8.40  2.32  0.40 -1.37  0.49  1.30  8.68 -1.05  4.34 
utt>   222               cen1-fsrb-b  262    0    48 13  1 3 3.007498e-12 -1.942532e+02 -5.089433e+04
INFO: cmn.c(133): CMN: 44.33  8.88 -0.56 16.15 -13.32  1.02 -0.34 -4.46  3.81  0.99  3.63 -1.40  6.12 
utt>   223               cen2-fsrb-b  293    0    48 16  1 3 2.425554e-12 -1.979975e+02 -5.801327e+04
INFO: cmn.c(133): CMN: 42.61  8.42 -3.16 18.08 -1.82  4.41 -11.20 -2.82  1.62 -3.20  3.88 -5.10  6.50 
utt>   224               cen3-fsrb-b  199    0    64 17  2 4 4.418338e-12 -1.981093e+02 -3.942375e+04
INFO: cmn.c(133): CMN: 40.32  4.22  1.50 19.50 -14.20  2.72  0.85 -8.17 -2.49  0.14  1.02 -1.09  3.05 
utt>   225               cen4-fsrb-b  439    0    52 18  1 2 1.590278e-12 -1.953072e+02 -8.573987e+04
INFO: cmn.c(133): CMN: 42.02  1.84  4.93 22.32 -10.17  1.66  1.54 -5.11 -1.67  4.04  4.37  0.11  6.51 
utt>   226               cen5-fsrb-b  490    0    84 15  1 3 2.496408e-12 -1.926267e+02 -9.438709e+04
INFO: cmn.c(133): CMN: 42.97 10.86  1.33 12.19 -9.29  3.98 -0.26 -1.07  6.88  3.10 -0.42 -1.93  9.64 
utt>   227               cen6-fsrb-b  219    0    72 15  2 4 3.504321e-12 -1.995773e+02 -4.370743e+04
INFO: cmn.c(133): CMN: 41.07 10.65 -0.37 13.60 -4.12  4.05 -3.64 -3.00  3.79 -1.38  3.32 -2.43  7.76 
utt>   228               cen7-fsrb-b  466    0   132 20  2 3 2.856208e-12 -1.979893e+02 -9.226301e+04
INFO: cmn.c(133): CMN: 43.00  7.57  4.93 17.71 -6.94 -0.96  0.29 -4.97 -0.90  1.59  4.58  0.43  6.00 
utt>   229               cen8-fsrb-b  288    0   112 16  2 4 5.222828e-12 -2.037463e+02 -5.867893e+04
INFO: cmn.c(133): CMN: 43.20  7.09 -2.89 -7.59 -1.44  6.35  3.29 -4.21 -8.37 -4.29  8.07 -2.85  0.56 
utt>   230              an326-ftal-b   67    0    24 11  2 4 4.093888e-12 -1.929582e+02 -1.292820e+04
INFO: cmn.c(133): CMN: 44.96  1.86  2.63 13.17  3.75 -1.08 -4.94  4.19 -9.09  3.60 -3.32  0.92  6.77 
utt>   231              an327-ftal-b  159    0    60 17  2 4 5.666124e-12 -2.001779e+02 -3.182828e+04
INFO: cmn.c(133): CMN: 46.74  1.24  4.27 17.04 -3.54 -3.49 -3.49  4.37 -14.94  3.63 -5.58  2.42  7.21 
utt>   232              an328-ftal-b  304    0    88 17  2 4 4.606333e-12 -1.965600e+02 -5.975425e+04
INFO: cmn.c(133): CMN: 44.64  8.51  1.86 13.32 -7.07  3.64 -4.78  4.87 -11.94  1.76 -2.26  1.96  6.82 
utt>   233              an329-ftal-b  228    0    60 13  2 4 3.071046e-12 -1.946193e+02 -4.437320e+04
INFO: cmn.c(133): CMN: 42.65 -4.61  5.67  8.87  1.06 -1.28 -6.44  6.49 -7.66  0.26 -0.74  3.93  6.31 
utt>   234              an330-ftal-b  169    0    44 15  2 4 2.907673e-12 -1.968702e+02 -3.327106e+04
INFO: cmn.c(133): CMN: 44.95  5.56  0.12  6.35  0.98  2.67 -3.43  2.90 -12.15  0.28 -0.61  1.33  8.00 
utt>   235               cen1-ftal-b  199    0    60 15  2 3 3.517993e-12 -1.940673e+02 -3.861940e+04
overall> stats 63713 (-0) -1.929270e+02 -1.229196e+07

INFO: s3mixw_io.c(233): Wrote /home/rakha/Kuliah/Semester8/nlp/speech-sphinx/train-new-model/an4-master/bwaccumdir/an4_buff_1/mixw_counts [102x4x64 array]
INFO: s3tmat_io.c(176): Wrote /home/rakha/Kuliah/Semester8/nlp/speech-sphinx/train-new-model/an4-master/bwaccumdir/an4_buff_1/tmat_counts [34x3x4 array]
INFO: s3gau_io.c(485): Wrote /home/rakha/Kuliah/Semester8/nlp/speech-sphinx/train-new-model/an4-master/bwaccumdir/an4_buff_1/gauden_counts with means with vars (2pass) [34x4x64 vector arrays]
INFO: main.c(999): Counts saved to /home/rakha/Kuliah/Semester8/nlp/speech-sphinx/train-new-model/an4-master/bwaccumdir/an4_buff_1
Mon May 23 22:38:58 2022
