Current configuration:
[NAME]		[DEFLT]	[VALUE]
-allphones	no	no
-cntthresh	0.00001	1.000000e-05
-csplitmax	100	2000
-csplitmin	1	1
-csplitthr	8e-4	0.000000e+00
-example	no	no
-fullvar	no	no
-help		no	no
-meanfn			
-mixwfn			/home/rakha/Kuliah/Semester8/nlp/speech-sphinx/train-new-model/an4-master/model_parameters/an4.cd_ptm_untied/mixture_weights
-moddeffn		/home/rakha/Kuliah/Semester8/nlp/speech-sphinx/train-new-model/an4-master/model_architecture/an4.untied.mdef
-mwfloor	1e-4	1.000000e-08
-phone			N
-psetfn			/home/rakha/Kuliah/Semester8/nlp/speech-sphinx/train-new-model/an4-master/model_architecture/an4.tree_questions
-ssplitmax	5	7
-ssplitmin	1	1
-ssplitthr	8e-4	0.000000e+00
-state			1
-stwt			1.0,0.05,0.0,
-treefn			/home/rakha/Kuliah/Semester8/nlp/speech-sphinx/train-new-model/an4-master/trees/an4.unpruned/N-1.dtree
-ts2cbfn	.semi.	.semi.
-varfloor	0.00001	1.000000e-05
-varfn			

INFO: main.c(223): Reading: /home/rakha/Kuliah/Semester8/nlp/speech-sphinx/train-new-model/an4-master/model_architecture/an4.untied.mdef
INFO: model_def_io.c(573): Model definition info:
INFO: model_def_io.c(574): 1618 total models defined (34 base, 1584 tri)
INFO: model_def_io.c(575): 6472 total states
INFO: model_def_io.c(576): 4854 total tied states
INFO: model_def_io.c(577): 102 total tied CI states
INFO: model_def_io.c(578): 34 total tied transition matrices
INFO: model_def_io.c(579): 4 max state/model
INFO: model_def_io.c(580): 4 min state/model
INFO: main.c(242): Building trees for [N AE D i] through [N V AY b]
INFO: main.c(269): Covering states |[2973 3224]| == 252
INFO: main.c(275): Reading: /home/rakha/Kuliah/Semester8/nlp/speech-sphinx/train-new-model/an4-master/model_parameters/an4.cd_ptm_untied/mixture_weights
INFO: s3mixw_io.c(173): Read /home/rakha/Kuliah/Semester8/nlp/speech-sphinx/train-new-model/an4-master/model_parameters/an4.cd_ptm_untied/mixture_weights [252x4x64 array]
INFO: main.c(311): 84 of 84 models have observation count greater than 0.000010
INFO: main.c(95): nrm stwt: 0.045 0.909 0.045 
INFO: main.c(411): 84-class entropy: 7.445058e+04
INFO: main.c(549): Reading: /home/rakha/Kuliah/Semester8/nlp/speech-sphinx/train-new-model/an4-master/model_architecture/an4.tree_questions
INFO: main.c(588): 180 total simple questions (172 phone; 8 word bndry)
INFO: main.c(590): 42 Left Only questions, and 42 Right Only questions
INFO: dtree.c(1478): Final simple tree
|( WDBNDRY_E 0 9.611e+04 2.427e+03 4.408e+03
|    ( SILENCE 1 7.114e+04 1.756e+03 3.376e+03
|        ( QUESTION2_12_L -1 2.119e+04 6.828e+02 1.019e+03
|            ( - 4.544e+03 1 0)
|            ( - 1.596e+04 3 0 QUESTION0 -1 4.474e+02 7.864e+02))
|        ( QUESTION0 -1 4.819e+04 7.279e+02 2.358e+03
|            ( QUESTION2_13_L -1 3.089e+04 7.406e+02 1.520e+03
|                ( - 2.252e+04 12 0 QUESTION0_0_R 1 4.982e+02 1.130e+03)
|                ( - 7.630e+03 20 0 QUESTION1 -1 3.168e+02 3.901e+02))
|            ( - 1.657e+04 20 0 QUESTION0_9_R 1 4.491e+02 8.381e+02)))
|    ( WDBNDRY_B 0 2.254e+04 1.520e+03 1.032e+03
|        ( - 1.128e+04 17 0 QUESTION0 -1 4.223e+02 5.476e+02)
|        ( QUESTION0_0_R 1 9.741e+03 6.433e+02 4.841e+02
|            ( - 2.166e+03 2 0 QUESTION0 -1 2.730e+02 1.202e+02)
|            ( - 6.933e+03 9 0 QUESTION16 -1 4.272e+02 3.639e+02))))
s>    ( WDBNDRY_E 0 9.611e+04 2.427e+03 4.408e+03
s>        ( SILENCE 1 7.114e+04 1.756e+03 3.376e+03
s>            ( QUESTION2_12_L -1 2.119e+04 6.828e+02 1.019e+03
s>                ( - 4.544e+03 1 0)
s>                ( - 1.596e+04 3 0 QUESTION0 -1 4.474e+02 7.864e+02))
s>            ( QUESTION0 -1 4.819e+04 7.279e+02 2.358e+03
s>                ( QUESTION2_13_L -1 3.089e+04 7.406e+02 1.520e+03
s>                    ( - 2.252e+04 12 0 QUESTION0_0_R 1 4.982e+02 1.130e+03)
s>                    ( - 7.630e+03 20 0 QUESTION1 -1 3.168e+02 3.901e+02))
s>                ( - 1.657e+04 20 0 QUESTION0_9_R 1 4.491e+02 8.381e+02)))
s>        ( WDBNDRY_B 0 2.254e+04 1.520e+03 1.032e+03
s>            ( - 1.128e+04 17 0 QUESTION0 -1 4.223e+02 5.476e+02)
s>            ( QUESTION0_0_R 1 9.741e+03 6.433e+02 4.841e+02
s>                ( - 2.166e+03 2 0 QUESTION0 -1 2.730e+02 1.202e+02)
s>                ( - 6.933e+03 9 0 QUESTION16 -1 4.272e+02 3.639e+02))))INFO: dtree.c(1315): Comp split 0
INFO: dtree.c(1478): Final simple tree
|( SILENCE 1 7.114e+04 1.756e+03 3.376e+03
|    ( QUESTION2_12_L -1 2.119e+04 6.828e+02 1.019e+03
|        ( - 4.544e+03 1 0)
|        ( QUESTION0 -1 1.596e+04 4.474e+02 7.864e+02
|            ( - 1.077e+04 2 0 QUESTION1 -1 1.985e+02 5.405e+02)
|            ( - 4.745e+03 1 0)))
|    ( QUESTION0 -1 4.819e+04 7.279e+02 2.358e+03
|        ( QUESTION2_13_L -1 3.089e+04 7.406e+02 1.520e+03
|            ( QUESTION0_0_R 1 2.252e+04 4.982e+02 1.130e+03
|                ( - 3.142e+03 3 0 QUESTION0_1_R 1 2.830e+02 1.855e+02)
|                ( - 1.888e+04 9 0 QUESTION4 1 4.359e+02 9.440e+02))
|            ( - 7.630e+03 20 0 QUESTION1 -1 3.168e+02 3.901e+02))
|        ( QUESTION0_9_R 1 1.657e+04 4.491e+02 8.381e+02
|            ( - 8.731e+03 11 0 QUESTION17 1 3.432e+02 4.609e+02)
|            ( - 7.393e+03 9 0 QUESTION0_1_R 1 3.583e+02 3.773e+02))))
s>    ( SILENCE 1 7.114e+04 1.756e+03 3.376e+03
s>        ( QUESTION2_12_L -1 2.119e+04 6.828e+02 1.019e+03
s>            ( - 4.544e+03 1 0)
s>            ( QUESTION0 -1 1.596e+04 4.474e+02 7.864e+02
s>                ( - 1.077e+04 2 0 QUESTION1 -1 1.985e+02 5.405e+02)
s>                ( - 4.745e+03 1 0)))
s>        ( QUESTION0 -1 4.819e+04 7.279e+02 2.358e+03
s>            ( QUESTION2_13_L -1 3.089e+04 7.406e+02 1.520e+03
s>                ( QUESTION0_0_R 1 2.252e+04 4.982e+02 1.130e+03
s>                    ( - 3.142e+03 3 0 QUESTION0_1_R 1 2.830e+02 1.855e+02)
s>                    ( - 1.888e+04 9 0 QUESTION4 1 4.359e+02 9.440e+02))
s>                ( - 7.630e+03 20 0 QUESTION1 -1 3.168e+02 3.901e+02))
s>            ( QUESTION0_9_R 1 1.657e+04 4.491e+02 8.381e+02
s>                ( - 8.731e+03 11 0 QUESTION17 1 3.432e+02 4.609e+02)
s>                ( - 7.393e+03 9 0 QUESTION0_1_R 1 3.583e+02 3.773e+02))))INFO: dtree.c(1478): Final simple tree
|( WDBNDRY_B 0 2.254e+04 1.520e+03 1.032e+03
|    ( QUESTION0 -1 1.128e+04 4.223e+02 5.476e+02
|        ( - 3.974e+03 6 0 QUESTION1 -1 2.316e+02 2.090e+02)
|        ( SILENCE -1 6.884e+03 3.609e+02 3.386e+02
|            ( - 2.327e+03 2 0)
|            ( - 4.197e+03 9 0 QUESTION4 -1 2.234e+02 2.023e+02)))
|    ( QUESTION0_0_R 1 9.741e+03 6.433e+02 4.841e+02
|        ( QUESTION0 -1 2.166e+03 2.730e+02 1.202e+02
|            ( - 9.993e+02 1 0)
|            ( - 8.933e+02 1 0))
|        ( QUESTION16 -1 6.933e+03 4.272e+02 3.639e+02
|            ( - 3.665e+03 1 0)
|            ( QUESTION2_12_L -1 2.840e+03 2.678e+02 1.521e+02
|                ( - 1.496e+03 2 0 QUESTION0_10_R 1 7.929e+01 9.264e+01)
|                ( - 1.077e+03 6 0 QUESTION0_16_R 1 1.492e+02 5.950e+01)))))
s>    ( WDBNDRY_B 0 2.254e+04 1.520e+03 1.032e+03
s>        ( QUESTION0 -1 1.128e+04 4.223e+02 5.476e+02
s>            ( - 3.974e+03 6 0 QUESTION1 -1 2.316e+02 2.090e+02)
s>            ( SILENCE -1 6.884e+03 3.609e+02 3.386e+02
s>                ( - 2.327e+03 2 0)
s>                ( - 4.197e+03 9 0 QUESTION4 -1 2.234e+02 2.023e+02)))
s>        ( QUESTION0_0_R 1 9.741e+03 6.433e+02 4.841e+02
s>            ( QUESTION0 -1 2.166e+03 2.730e+02 1.202e+02
s>                ( - 9.993e+02 1 0)
s>                ( - 8.933e+02 1 0))
s>            ( QUESTION16 -1 6.933e+03 4.272e+02 3.639e+02
s>                ( - 3.665e+03 1 0)
s>                ( QUESTION2_12_L -1 2.840e+03 2.678e+02 1.521e+02
s>                    ( - 1.496e+03 2 0 QUESTION0_10_R 1 7.929e+01 9.264e+01)
s>                    ( - 1.077e+03 6 0 QUESTION0_16_R 1 1.492e+02 5.950e+01)))))INFO: dtree.c(1315): Comp split 1
INFO: dtree.c(1478): Final simple tree
|( QUESTION0 -1 4.819e+04 7.279e+02 2.358e+03
|    ( QUESTION2_13_L -1 3.089e+04 7.406e+02 1.520e+03
|        ( QUESTION0_0_R 1 2.252e+04 4.982e+02 1.130e+03
|            ( - 3.142e+03 3 0 QUESTION0_1_R 1 2.830e+02 1.855e+02)
|            ( QUESTION4 1 1.888e+04 4.359e+02 9.440e+02
|                ( QUESTION0_8_R 1 1.008e+04 3.588e+02 5.246e+02
|                    ( - 2.995e+03 1 0)
|                    ( - 6.730e+03 1 0))
|                ( QUESTION7 1 8.361e+03 4.111e+02 4.194e+02
|                    ( - 3.109e+03 1 0)
|                    ( - 4.841e+03 6 0 QUESTION13 1 3.518e+02 2.437e+02))))
|        ( - 7.630e+03 20 0 QUESTION1 -1 3.168e+02 3.901e+02))
|    ( QUESTION0_9_R 1 1.657e+04 4.491e+02 8.381e+02
|        ( - 8.731e+03 11 0 QUESTION17 1 3.432e+02 4.609e+02)
|        ( - 7.393e+03 9 0 QUESTION0_1_R 1 3.583e+02 3.773e+02)))
s>    ( QUESTION0 -1 4.819e+04 7.279e+02 2.358e+03
s>        ( QUESTION2_13_L -1 3.089e+04 7.406e+02 1.520e+03
s>            ( QUESTION0_0_R 1 2.252e+04 4.982e+02 1.130e+03
s>                ( - 3.142e+03 3 0 QUESTION0_1_R 1 2.830e+02 1.855e+02)
s>                ( QUESTION4 1 1.888e+04 4.359e+02 9.440e+02
s>                    ( QUESTION0_8_R 1 1.008e+04 3.588e+02 5.246e+02
s>                        ( - 2.995e+03 1 0)
s>                        ( - 6.730e+03 1 0))
s>                    ( QUESTION7 1 8.361e+03 4.111e+02 4.194e+02
s>                        ( - 3.109e+03 1 0)
s>                        ( - 4.841e+03 6 0 QUESTION13 1 3.518e+02 2.437e+02))))
s>            ( - 7.630e+03 20 0 QUESTION1 -1 3.168e+02 3.901e+02))
s>        ( QUESTION0_9_R 1 1.657e+04 4.491e+02 8.381e+02
s>            ( - 8.731e+03 11 0 QUESTION17 1 3.432e+02 4.609e+02)
s>            ( - 7.393e+03 9 0 QUESTION0_1_R 1 3.583e+02 3.773e+02)))INFO: dtree.c(1439): stop. leaf nodes are specific
INFO: dtree.c(1478): Final simple tree
|( QUESTION2_12_L -1 2.119e+04 6.828e+02 1.019e+03
|    ( - 4.544e+03 1 0)
|    ( QUESTION0 -1 1.596e+04 4.474e+02 7.864e+02
|        ( QUESTION1 -1 1.077e+04 1.985e+02 5.405e+02
|            ( - 5.027e+02 1 0)
|            ( - 1.007e+04 1 0))
|        ( - 4.745e+03 1 0)))
s>    ( QUESTION2_12_L -1 2.119e+04 6.828e+02 1.019e+03
s>        ( - 4.544e+03 1 0)
s>        ( QUESTION0 -1 1.596e+04 4.474e+02 7.864e+02
s>            ( QUESTION1 -1 1.077e+04 1.985e+02 5.405e+02
s>                ( - 5.027e+02 1 0)
s>                ( - 1.007e+04 1 0))
s>            ( - 4.745e+03 1 0)))INFO: dtree.c(1315): Comp split 2
INFO: dtree.c(1478): Final simple tree
|( QUESTION0_0_R 1 9.741e+03 6.433e+02 4.841e+02
|    ( QUESTION0 -1 2.166e+03 2.730e+02 1.202e+02
|        ( - 9.993e+02 1 0)
|        ( - 8.933e+02 1 0))
|    ( QUESTION16 -1 6.933e+03 4.272e+02 3.639e+02
|        ( - 3.665e+03 1 0)
|        ( QUESTION2_12_L -1 2.840e+03 2.678e+02 1.521e+02
|            ( QUESTION0_10_R 1 1.496e+03 7.929e+01 9.264e+01
|                ( - 1.369e+03 1 0)
|                ( - 4.762e+01 1 0))
|            ( QUESTION0_16_R 1 1.077e+03 1.492e+02 5.950e+01
|                ( - 4.520e+02 2 0 QUESTION0 -1 7.035e+01 2.800e+01)
|                ( QUESTION2 -1 4.754e+02 8.865e+01 3.150e+01
|                    ( - 1.869e+02 2 0 QUESTION0_10_R 1 2.594e+01 1.450e+01)
|                    ( - 1.998e+02 2 0 QUESTION0_8_R 1 2.876e+01 1.700e+01))))))
s>    ( QUESTION0_0_R 1 9.741e+03 6.433e+02 4.841e+02
s>        ( QUESTION0 -1 2.166e+03 2.730e+02 1.202e+02
s>            ( - 9.993e+02 1 0)
s>            ( - 8.933e+02 1 0))
s>        ( QUESTION16 -1 6.933e+03 4.272e+02 3.639e+02
s>            ( - 3.665e+03 1 0)
s>            ( QUESTION2_12_L -1 2.840e+03 2.678e+02 1.521e+02
s>                ( QUESTION0_10_R 1 1.496e+03 7.929e+01 9.264e+01
s>                    ( - 1.369e+03 1 0)
s>                    ( - 4.762e+01 1 0))
s>                ( QUESTION0_16_R 1 1.077e+03 1.492e+02 5.950e+01
s>                    ( - 4.520e+02 2 0 QUESTION0 -1 7.035e+01 2.800e+01)
s>                    ( QUESTION2 -1 4.754e+02 8.865e+01 3.150e+01
s>                        ( - 1.869e+02 2 0 QUESTION0_10_R 1 2.594e+01 1.450e+01)
s>                        ( - 1.998e+02 2 0 QUESTION0_8_R 1 2.876e+01 1.700e+01))))))INFO: dtree.c(1478): Final simple tree
|( QUESTION0 -1 1.128e+04 4.223e+02 5.476e+02
|    ( QUESTION1 -1 3.974e+03 2.316e+02 2.090e+02
|        ( - 2.919e+03 2 0)
|        ( - 8.233e+02 4 0 QUESTION2_0_L -1 4.507e+01 4.515e+01))
|    ( SILENCE -1 6.884e+03 3.609e+02 3.386e+02
|        ( - 2.327e+03 2 0)
|        ( QUESTION4 -1 4.197e+03 2.234e+02 2.023e+02
|            ( QUESTION2_1_L -1 1.324e+03 1.345e+02 7.452e+01
|                ( - 1.733e+02 1 0)
|                ( - 1.016e+03 1 0))
|            ( QUESTION10 -1 2.650e+03 2.206e+02 1.277e+02
|                ( - 6.981e+02 2 0 QUESTION11 -1 6.451e+01 4.023e+01)
|                ( QUESTION17 -1 1.731e+03 1.577e+02 8.751e+01
|                    ( - 3.002e+02 1 0)
|                    ( - 1.273e+03 4 0 QUESTION6 -1 1.173e+02 7.151e+01))))))
s>    ( QUESTION0 -1 1.128e+04 4.223e+02 5.476e+02
s>        ( QUESTION1 -1 3.974e+03 2.316e+02 2.090e+02
s>            ( - 2.919e+03 2 0)
s>            ( - 8.233e+02 4 0 QUESTION2_0_L -1 4.507e+01 4.515e+01))
s>        ( SILENCE -1 6.884e+03 3.609e+02 3.386e+02
s>            ( - 2.327e+03 2 0)
s>            ( QUESTION4 -1 4.197e+03 2.234e+02 2.023e+02
s>                ( QUESTION2_1_L -1 1.324e+03 1.345e+02 7.452e+01
s>                    ( - 1.733e+02 1 0)
s>                    ( - 1.016e+03 1 0))
s>                ( QUESTION10 -1 2.650e+03 2.206e+02 1.277e+02
s>                    ( - 6.981e+02 2 0 QUESTION11 -1 6.451e+01 4.023e+01)
s>                    ( QUESTION17 -1 1.731e+03 1.577e+02 8.751e+01
s>                        ( - 3.002e+02 1 0)
s>                        ( - 1.273e+03 4 0 QUESTION6 -1 1.173e+02 7.151e+01))))))INFO: dtree.c(1315): Comp split 3
INFO: dtree.c(1478): Final simple tree
|( QUESTION2_13_L -1 2.182e+04 6.240e+02 1.090e+03
|    ( QUESTION0_13_R 1 1.356e+04 3.828e+02 7.003e+02
|        ( - 6.730e+03 1 0)
|        ( QUESTION0_8_R 1 6.450e+03 3.457e+02 3.389e+02
|            ( - 2.995e+03 1 0)
|            ( - 3.109e+03 1 0)))
|    ( QUESTION1 -1 7.630e+03 3.168e+02 3.901e+02
|        ( QUESTION0_8_R 1 2.786e+03 2.079e+02 1.556e+02
|            ( - 1.806e+03 3 0 QUESTION0 1 5.962e+01 1.042e+02)
|            ( - 7.722e+02 4 0 QUESTION0_16_R 1 1.190e+02 5.139e+01))
|        ( QUESTION0_8_R 1 4.527e+03 2.726e+02 2.345e+02
|            ( - 1.394e+03 4 0 QUESTION4 1 1.343e+02 7.992e+01)
|            ( QUESTION6 1 2.861e+03 2.183e+02 1.546e+02
|                ( - 1.094e+03 5 0 QUESTION0_13_R 1 1.357e+02 6.400e+01)
|                ( - 1.549e+03 4 0 QUESTION0_16_R 1 1.553e+02 9.061e+01)))))
s>    ( QUESTION2_13_L -1 2.182e+04 6.240e+02 1.090e+03
s>        ( QUESTION0_13_R 1 1.356e+04 3.828e+02 7.003e+02
s>            ( - 6.730e+03 1 0)
s>            ( QUESTION0_8_R 1 6.450e+03 3.457e+02 3.389e+02
s>                ( - 2.995e+03 1 0)
s>                ( - 3.109e+03 1 0)))
s>        ( QUESTION1 -1 7.630e+03 3.168e+02 3.901e+02
s>            ( QUESTION0_8_R 1 2.786e+03 2.079e+02 1.556e+02
s>                ( - 1.806e+03 3 0 QUESTION0 1 5.962e+01 1.042e+02)
s>                ( - 7.722e+02 4 0 QUESTION0_16_R 1 1.190e+02 5.139e+01))
s>            ( QUESTION0_8_R 1 4.527e+03 2.726e+02 2.345e+02
s>                ( - 1.394e+03 4 0 QUESTION4 1 1.343e+02 7.992e+01)
s>                ( QUESTION6 1 2.861e+03 2.183e+02 1.546e+02
s>                    ( - 1.094e+03 5 0 QUESTION0_13_R 1 1.357e+02 6.400e+01)
s>                    ( - 1.549e+03 4 0 QUESTION0_16_R 1 1.553e+02 9.061e+01)))))INFO: dtree.c(1478): Final simple tree
|( QUESTION0 -1 2.551e+04 5.303e+02 1.267e+03
|    ( QUESTION0_0_R 1 8.405e+03 4.224e+02 4.293e+02
|        ( QUESTION0_1_R 1 3.142e+03 2.830e+02 1.855e+02
|            ( - 1.667e+03 1 0)
|            ( - 1.192e+03 2 0 QUESTION0_3_R 1 7.919e+01 7.382e+01))
|        ( QUESTION13 1 4.841e+03 3.518e+02 2.437e+02
|            ( - 1.713e+03 1 0)
|            ( - 2.776e+03 5 0 QUESTION0 1 2.324e+02 1.472e+02)))
|    ( QUESTION0_9_R 1 1.657e+04 4.491e+02 8.381e+02
|        ( QUESTION17 1 8.731e+03 3.432e+02 4.609e+02
|            ( - 2.086e+03 1 0)
|            ( - 6.302e+03 10 0 QUESTION7 1 2.604e+02 3.442e+02))
|        ( QUESTION0_1_R 1 7.393e+03 3.583e+02 3.773e+02
|            ( - 1.722e+03 1 0)
|            ( - 5.312e+03 8 0 QUESTION2 1 2.639e+02 2.813e+02))))
s>    ( QUESTION0 -1 2.551e+04 5.303e+02 1.267e+03
s>        ( QUESTION0_0_R 1 8.405e+03 4.224e+02 4.293e+02
s>            ( QUESTION0_1_R 1 3.142e+03 2.830e+02 1.855e+02
s>                ( - 1.667e+03 1 0)
s>                ( - 1.192e+03 2 0 QUESTION0_3_R 1 7.919e+01 7.382e+01))
s>            ( QUESTION13 1 4.841e+03 3.518e+02 2.437e+02
s>                ( - 1.713e+03 1 0)
s>                ( - 2.776e+03 5 0 QUESTION0 1 2.324e+02 1.472e+02)))
s>        ( QUESTION0_9_R 1 1.657e+04 4.491e+02 8.381e+02
s>            ( QUESTION17 1 8.731e+03 3.432e+02 4.609e+02
s>                ( - 2.086e+03 1 0)
s>                ( - 6.302e+03 10 0 QUESTION7 1 2.604e+02 3.442e+02))
s>            ( QUESTION0_1_R 1 7.393e+03 3.583e+02 3.773e+02
s>                ( - 1.722e+03 1 0)
s>                ( - 5.312e+03 8 0 QUESTION2 1 2.639e+02 2.813e+02))))INFO: dtree.c(1315): Comp split 4
INFO: dtree.c(1439): stop. leaf nodes are specific
INFO: dtree.c(1478): Final simple tree
|( QUESTION0 -1 1.526e+04 4.396e+02 7.527e+02
|    ( - 1.007e+04 1 0)
|    ( - 4.745e+03 1 0))
s>    ( QUESTION0 -1 1.526e+04 4.396e+02 7.527e+02
s>        ( - 1.007e+04 1 0)
s>        ( - 4.745e+03 1 0))INFO: dtree.c(1439): stop. leaf nodes are specific
INFO: dtree.c(1478): Final simple tree
|( QUESTION1 -1 5.244e+03 1.973e+02 2.658e+02
|    ( - 5.027e+02 1 0)
|    ( - 4.544e+03 1 0))
s>    ( QUESTION1 -1 5.244e+03 1.973e+02 2.658e+02
s>        ( - 5.027e+02 1 0)
s>        ( - 4.544e+03 1 0))INFO: dtree.c(1315): Comp split 5
INFO: dtree.c(1478): Final simple tree
|( QUESTION16 -1 3.554e+03 3.379e+02 1.797e+02
|    ( - 8.933e+02 1 0)
|    ( QUESTION0_0_R 1 2.323e+03 2.469e+02 1.229e+02
|        ( - 9.993e+02 1 0)
|        ( QUESTION0_16_R 1 1.077e+03 1.492e+02 5.950e+01
|            ( QUESTION0 -1 4.520e+02 7.035e+01 2.800e+01
|                ( - 2.476e+02 1 0)
|                ( - 1.340e+02 1 0))
|            ( QUESTION2 -1 4.754e+02 8.865e+01 3.150e+01
|                ( QUESTION0_10_R 1 1.869e+02 2.594e+01 1.450e+01
|                    ( - 1.504e+02 1 0)
|                    ( - 1.054e+01 1 0))
|                ( QUESTION0_8_R 1 1.998e+02 2.876e+01 1.700e+01
|                    ( - 9.535e+00 1 0)
|                    ( - 1.615e+02 1 0))))))
s>    ( QUESTION16 -1 3.554e+03 3.379e+02 1.797e+02
s>        ( - 8.933e+02 1 0)
s>        ( QUESTION0_0_R 1 2.323e+03 2.469e+02 1.229e+02
s>            ( - 9.993e+02 1 0)
s>            ( QUESTION0_16_R 1 1.077e+03 1.492e+02 5.950e+01
s>                ( QUESTION0 -1 4.520e+02 7.035e+01 2.800e+01
s>                    ( - 2.476e+02 1 0)
s>                    ( - 1.340e+02 1 0))
s>                ( QUESTION2 -1 4.754e+02 8.865e+01 3.150e+01
s>                    ( QUESTION0_10_R 1 1.869e+02 2.594e+01 1.450e+01
s>                        ( - 1.504e+02 1 0)
s>                        ( - 1.054e+01 1 0))
s>                    ( QUESTION0_8_R 1 1.998e+02 2.876e+01 1.700e+01
s>                        ( - 9.535e+00 1 0)
s>                        ( - 1.615e+02 1 0))))))INFO: dtree.c(1439): stop. leaf nodes are specific
INFO: dtree.c(1478): Final simple tree
|( QUESTION0_8_R 1 5.511e+03 3.503e+02 3.044e+02
|    ( - 3.665e+03 1 0)
|    ( QUESTION0_10_R 1 1.496e+03 7.929e+01 9.264e+01
|        ( - 1.369e+03 1 0)
|        ( - 4.762e+01 1 0)))
s>    ( QUESTION0_8_R 1 5.511e+03 3.503e+02 3.044e+02
s>        ( - 3.665e+03 1 0)
s>        ( QUESTION0_10_R 1 1.496e+03 7.929e+01 9.264e+01
s>            ( - 1.369e+03 1 0)
s>            ( - 4.762e+01 1 0)))INFO: dtree.c(1315): Comp split 6
INFO: dtree.c(1478): Final simple tree
|( QUESTION2_13_L -1 9.970e+03 3.541e+02 5.019e+02
|    ( - 2.995e+03 1 0)
|    ( QUESTION0_8_R 1 6.621e+03 3.144e+02 3.387e+02
|        ( QUESTION2_0_L -1 3.445e+03 2.462e+02 1.841e+02
|            ( - 1.836e+03 4 0 QUESTION4 1 7.508e+01 1.052e+02)
|            ( QUESTION0 1 1.363e+03 1.261e+02 7.892e+01
|                ( - 2.025e+02 2 0 QUESTION1 1 5.778e+01 1.800e+01)
|                ( - 1.035e+03 1 0)))
|        ( QUESTION6 1 2.861e+03 2.183e+02 1.546e+02
|            ( QUESTION0_13_R 1 1.094e+03 1.357e+02 6.400e+01
|                ( - 4.974e+02 2 0 QUESTION0_16_R 1 4.727e+01 3.300e+01)
|                ( - 4.608e+02 3 0 QUESTION2_0_L -1 5.687e+01 3.100e+01))
|            ( QUESTION0_16_R 1 1.549e+03 1.553e+02 9.061e+01
|                ( - 9.554e+02 1 0)
|                ( - 4.382e+02 3 0 QUESTION0_1_R 1 7.836e+01 2.799e+01)))))
s>    ( QUESTION2_13_L -1 9.970e+03 3.541e+02 5.019e+02
s>        ( - 2.995e+03 1 0)
s>        ( QUESTION0_8_R 1 6.621e+03 3.144e+02 3.387e+02
s>            ( QUESTION2_0_L -1 3.445e+03 2.462e+02 1.841e+02
s>                ( - 1.836e+03 4 0 QUESTION4 1 7.508e+01 1.052e+02)
s>                ( QUESTION0 1 1.363e+03 1.261e+02 7.892e+01
s>                    ( - 2.025e+02 2 0 QUESTION1 1 5.778e+01 1.800e+01)
s>                    ( - 1.035e+03 1 0)))
s>            ( QUESTION6 1 2.861e+03 2.183e+02 1.546e+02
s>                ( QUESTION0_13_R 1 1.094e+03 1.357e+02 6.400e+01
s>                    ( - 4.974e+02 2 0 QUESTION0_16_R 1 4.727e+01 3.300e+01)
s>                    ( - 4.608e+02 3 0 QUESTION2_0_L -1 5.687e+01 3.100e+01))
s>                ( QUESTION0_16_R 1 1.549e+03 1.553e+02 9.061e+01
s>                    ( - 9.554e+02 1 0)
s>                    ( - 4.382e+02 3 0 QUESTION0_1_R 1 7.836e+01 2.799e+01)))))INFO: dtree.c(1439): stop. leaf nodes are specific
INFO: dtree.c(1478): Final simple tree
|( QUESTION0_10_R 1 1.120e+04 3.725e+02 5.885e+02
|    ( QUESTION1 -1 3.199e+03 6.149e+01 1.807e+02
|        ( - 2.798e+01 1 0)
|        ( - 3.109e+03 1 0))
|    ( QUESTION1 -1 7.632e+03 2.346e+02 4.078e+02
|        ( QUESTION0_16_R 1 6.676e+02 1.016e+02 4.639e+01
|            ( - 4.298e+02 1 0)
|            ( QUESTION0_0_R 1 1.362e+02 4.007e+01 1.600e+01
|                ( - 5.395e+01 1 0)
|                ( - 4.215e+01 1 0)))
|        ( - 6.730e+03 1 0)))
s>    ( QUESTION0_10_R 1 1.120e+04 3.725e+02 5.885e+02
s>        ( QUESTION1 -1 3.199e+03 6.149e+01 1.807e+02
s>            ( - 2.798e+01 1 0)
s>            ( - 3.109e+03 1 0))
s>        ( QUESTION1 -1 7.632e+03 2.346e+02 4.078e+02
s>            ( QUESTION0_16_R 1 6.676e+02 1.016e+02 4.639e+01
s>                ( - 4.298e+02 1 0)
s>                ( QUESTION0_0_R 1 1.362e+02 4.007e+01 1.600e+01
s>                    ( - 5.395e+01 1 0)
s>                    ( - 4.215e+01 1 0)))
s>            ( - 6.730e+03 1 0)))INFO: dtree.c(1315): Comp split 7
INFO: dtree.c(1478): Final simple tree
|( QUESTION0_19_R 1 1.297e+04 4.285e+02 6.534e+02
|    ( QUESTION0 -1 2.111e+03 1.511e+02 1.175e+02
|        ( - 1.713e+03 1 0)
|        ( - 2.471e+02 2 0 QUESTION0_20_R 1 4.092e+01 2.100e+01))
|    ( QUESTION6 1 1.043e+04 4.216e+02 5.358e+02
|        ( QUESTION7 1 5.836e+03 2.581e+02 3.202e+02
|            ( QUESTION0_10_R 1 3.994e+03 2.595e+02 2.229e+02
|                ( - 1.612e+03 2 0 QUESTION0_11_R 1 5.042e+01 9.501e+01)
|                ( QUESTION0_18_R 1 2.123e+03 1.907e+02 1.279e+02
|                    ( - 1.421e+03 1 0)
|                    ( - 5.111e+02 1 0)))
|            ( - 1.584e+03 3 0 QUESTION0_10_R 1 1.433e+02 9.730e+01))
|        ( QUESTION0_14_R 1 4.172e+03 2.947e+02 2.156e+02
|            ( - 2.086e+03 1 0)
|            ( - 1.791e+03 2 0 QUESTION0_0_R 1 5.310e+01 9.894e+01))))
s>    ( QUESTION0_19_R 1 1.297e+04 4.285e+02 6.534e+02
s>        ( QUESTION0 -1 2.111e+03 1.511e+02 1.175e+02
s>            ( - 1.713e+03 1 0)
s>            ( - 2.471e+02 2 0 QUESTION0_20_R 1 4.092e+01 2.100e+01))
s>        ( QUESTION6 1 1.043e+04 4.216e+02 5.358e+02
s>            ( QUESTION7 1 5.836e+03 2.581e+02 3.202e+02
s>                ( QUESTION0_10_R 1 3.994e+03 2.595e+02 2.229e+02
s>                    ( - 1.612e+03 2 0 QUESTION0_11_R 1 5.042e+01 9.501e+01)
s>                    ( QUESTION0_18_R 1 2.123e+03 1.907e+02 1.279e+02
s>                        ( - 1.421e+03 1 0)
s>                        ( - 5.111e+02 1 0)))
s>                ( - 1.584e+03 3 0 QUESTION0_10_R 1 1.433e+02 9.730e+01))
s>            ( QUESTION0_14_R 1 4.172e+03 2.947e+02 2.156e+02
s>                ( - 2.086e+03 1 0)
s>                ( - 1.791e+03 2 0 QUESTION0_0_R 1 5.310e+01 9.894e+01))))INFO: dtree.c(1478): Final simple tree
|( QUESTION0_1_R 1 1.197e+04 3.901e+02 6.140e+02
|    ( - 1.667e+03 1 0)
|    ( QUESTION0 -1 9.911e+03 3.370e+02 5.023e+02
|        ( QUESTION0_0_R 1 4.262e+03 2.942e+02 2.210e+02
|            ( - 1.192e+03 2 0 QUESTION0_3_R 1 7.919e+01 7.382e+01)
|            ( QUESTION0 1 2.776e+03 2.324e+02 1.472e+02
|                ( - 1.168e+03 1 0)
|                ( - 1.376e+03 4 0 QUESTION0_16_R 1 1.602e+02 8.074e+01)))
|        ( QUESTION2 1 5.312e+03 2.639e+02 2.813e+02
|            ( QUESTION0_0_R 1 2.872e+03 2.306e+02 1.493e+02
|                ( - 1.315e+03 2 0)
|                ( - 1.326e+03 3 0))
|            ( QUESTION0 1 2.177e+03 2.181e+02 1.320e+02
|                ( - 8.796e+02 2 0)
|                ( - 1.079e+03 1 0)))))
s>    ( QUESTION0_1_R 1 1.197e+04 3.901e+02 6.140e+02
s>        ( - 1.667e+03 1 0)
s>        ( QUESTION0 -1 9.911e+03 3.370e+02 5.023e+02
s>            ( QUESTION0_0_R 1 4.262e+03 2.942e+02 2.210e+02
s>                ( - 1.192e+03 2 0 QUESTION0_3_R 1 7.919e+01 7.382e+01)
s>                ( QUESTION0 1 2.776e+03 2.324e+02 1.472e+02
s>                    ( - 1.168e+03 1 0)
s>                    ( - 1.376e+03 4 0 QUESTION0_16_R 1 1.602e+02 8.074e+01)))
s>            ( QUESTION2 1 5.312e+03 2.639e+02 2.813e+02
s>                ( QUESTION0_0_R 1 2.872e+03 2.306e+02 1.493e+02
s>                    ( - 1.315e+03 2 0)
s>                    ( - 1.326e+03 3 0))
s>                ( QUESTION0 1 2.177e+03 2.181e+02 1.320e+02
s>                    ( - 8.796e+02 2 0)
s>                    ( - 1.079e+03 1 0)))))INFO: dtree.c(1315): Comp split 8
INFO: dtree.c(1439): stop. leaf nodes are specific
INFO: dtree.c(1478): Final simple tree
|( QUESTION0_0_R 1 3.798e+03 3.018e+02 1.955e+02
|    ( - 1.722e+03 1 0)
|    ( QUESTION0_16_R 1 1.774e+03 4.450e+01 9.955e+01
|        ( - 1.589e+01 1 0)
|        ( - 1.713e+03 1 0)))
s>    ( QUESTION0_0_R 1 3.798e+03 3.018e+02 1.955e+02
s>        ( - 1.722e+03 1 0)
s>        ( QUESTION0_16_R 1 1.774e+03 4.450e+01 9.955e+01
s>            ( - 1.589e+01 1 0)
s>            ( - 1.713e+03 1 0)))INFO: dtree.c(1478): Final simple tree
|( QUESTION17 1 8.664e+03 3.434e+02 4.579e+02
|    ( - 2.086e+03 1 0)
|    ( QUESTION0_18_R 1 6.235e+03 2.574e+02 3.412e+02
|        ( QUESTION7 1 1.623e+03 1.065e+02 9.814e+01
|            ( - 1.421e+03 1 0)
|            ( - 9.590e+01 1 0))
|        ( QUESTION0_11_R 1 4.354e+03 2.401e+02 2.431e+02
|            ( - 1.038e+03 2 0 QUESTION0_12_R 1 5.298e+01 6.630e+01)
|            ( QUESTION0_10_R 1 3.076e+03 2.276e+02 1.768e+02
|                ( - 1.549e+03 1 0)
|                ( QUESTION0_14_R 1 1.299e+03 1.356e+02 8.375e+01
|                    ( - 2.996e+02 1 0)
|                    ( QUESTION0_16_R 1 8.638e+02 1.056e+02 5.975e+01
|                        ( - 5.111e+02 1 0)
|                        ( - 2.471e+02 2 0 QUESTION0_20_R 1 4.092e+01 2.100e+01)))))))
s>    ( QUESTION17 1 8.664e+03 3.434e+02 4.579e+02
s>        ( - 2.086e+03 1 0)
s>        ( QUESTION0_18_R 1 6.235e+03 2.574e+02 3.412e+02
s>            ( QUESTION7 1 1.623e+03 1.065e+02 9.814e+01
s>                ( - 1.421e+03 1 0)
s>                ( - 9.590e+01 1 0))
s>            ( QUESTION0_11_R 1 4.354e+03 2.401e+02 2.431e+02
s>                ( - 1.038e+03 2 0 QUESTION0_12_R 1 5.298e+01 6.630e+01)
s>                ( QUESTION0_10_R 1 3.076e+03 2.276e+02 1.768e+02
s>                    ( - 1.549e+03 1 0)
s>                    ( QUESTION0_14_R 1 1.299e+03 1.356e+02 8.375e+01
s>                        ( - 2.996e+02 1 0)
s>                        ( QUESTION0_16_R 1 8.638e+02 1.056e+02 5.975e+01
s>                            ( - 5.111e+02 1 0)
s>                            ( - 2.471e+02 2 0 QUESTION0_20_R 1 4.092e+01 2.100e+01)))))))INFO: dtree.c(1315): Comp split 9
INFO: dtree.c(1439): stop. leaf nodes are specific
INFO: dtree.c(1478): Final simple tree
|( QUESTION0 1 5.631e+03 2.727e+02 2.865e+02
|    ( QUESTION0_0_R 1 4.279e+03 2.441e+02 2.158e+02
|        ( - 1.315e+03 2 0)
|        ( QUESTION0 -1 2.719e+03 2.261e+02 1.414e+02
|            ( - 1.168e+03 1 0)
|            ( - 1.326e+03 3 0)))
|    ( - 1.079e+03 1 0))
s>    ( QUESTION0 1 5.631e+03 2.727e+02 2.865e+02
s>        ( QUESTION0_0_R 1 4.279e+03 2.441e+02 2.158e+02
s>            ( - 1.315e+03 2 0)
s>            ( QUESTION0 -1 2.719e+03 2.261e+02 1.414e+02
s>                ( - 1.168e+03 1 0)
s>                ( - 1.326e+03 3 0)))
s>        ( - 1.079e+03 1 0))INFO: dtree.c(1478): Final simple tree
|( QUESTION0_1_R 1 5.855e+03 3.026e+02 3.275e+02
|    ( - 1.667e+03 1 0)
|    ( QUESTION0_0_R 1 3.886e+03 2.595e+02 2.158e+02
|        ( QUESTION0_3_R 1 1.192e+03 7.919e+01 7.382e+01
|            ( - 1.049e+03 1 0)
|            ( - 6.386e+01 1 0))
|        ( QUESTION0_13_R 1 2.434e+03 2.009e+02 1.420e+02
|            ( QUESTION0_16_R 1 1.142e+03 1.354e+02 6.603e+01
|                ( - 3.777e+02 1 0)
|                ( - 6.291e+02 1 0))
|            ( QUESTION0 -1 1.091e+03 8.298e+01 7.593e+01
|                ( QUESTION0_8_R 1 1.287e+02 2.428e+01 1.471e+01
|                    ( - 1.967e+00 1 0)
|                    ( - 1.024e+02 1 0))
|                ( - 8.796e+02 2 0)))))
s>    ( QUESTION0_1_R 1 5.855e+03 3.026e+02 3.275e+02
s>        ( - 1.667e+03 1 0)
s>        ( QUESTION0_0_R 1 3.886e+03 2.595e+02 2.158e+02
s>            ( QUESTION0_3_R 1 1.192e+03 7.919e+01 7.382e+01
s>                ( - 1.049e+03 1 0)
s>                ( - 6.386e+01 1 0))
s>            ( QUESTION0_13_R 1 2.434e+03 2.009e+02 1.420e+02
s>                ( QUESTION0_16_R 1 1.142e+03 1.354e+02 6.603e+01
s>                    ( - 3.777e+02 1 0)
s>                    ( - 6.291e+02 1 0))
s>                ( QUESTION0 -1 1.091e+03 8.298e+01 7.593e+01
s>                    ( QUESTION0_8_R 1 1.287e+02 2.428e+01 1.471e+01
s>                        ( - 1.967e+00 1 0)
s>                        ( - 1.024e+02 1 0))
s>                    ( - 8.796e+02 2 0)))))INFO: dtree.c(1315): Comp split 10
INFO: dtree.c(1315): Comp split 11
INFO: dtree.c(1439): stop. leaf nodes are specific
INFO: dtree.c(1478): Final simple tree
|( QUESTION2_3_L -1 5.733e+03 3.000e+02 2.844e+02
|    ( QUESTION1 -1 3.891e+03 2.214e+02 2.070e+02
|        ( - 2.919e+03 2 0)
|        ( - 7.500e+02 3 0))
|    ( QUESTION4 -1 1.542e+03 1.565e+02 7.737e+01
|        ( - 1.016e+03 1 0)
|        ( QUESTION0 -1 3.702e+02 4.172e+01 1.800e+01
|            ( - 2.823e+01 1 0)
|            ( - 3.002e+02 1 0))))
s>    ( QUESTION2_3_L -1 5.733e+03 3.000e+02 2.844e+02
s>        ( QUESTION1 -1 3.891e+03 2.214e+02 2.070e+02
s>            ( - 2.919e+03 2 0)
s>            ( - 7.500e+02 3 0))
s>        ( QUESTION4 -1 1.542e+03 1.565e+02 7.737e+01
s>            ( - 1.016e+03 1 0)
s>            ( QUESTION0 -1 3.702e+02 4.172e+01 1.800e+01
s>                ( - 2.823e+01 1 0)
s>                ( - 3.002e+02 1 0))))INFO: dtree.c(1478): Final simple tree
|( SILENCE -1 5.124e+03 3.207e+02 2.632e+02
|    ( - 2.327e+03 2 0)
|    ( QUESTION10 -1 2.477e+03 1.994e+02 1.269e+02
|        ( QUESTION11 -1 6.981e+02 6.451e+01 4.023e+01
|            ( - 3.598e+01 1 0)
|            ( - 5.977e+02 1 0))
|        ( QUESTION6 -1 1.579e+03 1.359e+02 8.665e+01
|            ( QUESTION8 -1 4.427e+02 6.067e+01 2.840e+01
|                ( - 8.400e+01 1 0)
|                ( - 2.981e+02 1 0))
|            ( QUESTION2_5_L -1 1.001e+03 1.233e+02 5.826e+01
|                ( - 5.322e+02 1 0)
|                ( QUESTION4 -1 3.451e+02 6.485e+01 2.514e+01
|                    ( - 1.733e+02 1 0)
|                    ( - 1.070e+02 1 0))))))
s>    ( SILENCE -1 5.124e+03 3.207e+02 2.632e+02
s>        ( - 2.327e+03 2 0)
s>        ( QUESTION10 -1 2.477e+03 1.994e+02 1.269e+02
s>            ( QUESTION11 -1 6.981e+02 6.451e+01 4.023e+01
s>                ( - 3.598e+01 1 0)
s>                ( - 5.977e+02 1 0))
s>            ( QUESTION6 -1 1.579e+03 1.359e+02 8.665e+01
s>                ( QUESTION8 -1 4.427e+02 6.067e+01 2.840e+01
s>                    ( - 8.400e+01 1 0)
s>                    ( - 2.981e+02 1 0))
s>                ( QUESTION2_5_L -1 1.001e+03 1.233e+02 5.826e+01
s>                    ( - 5.322e+02 1 0)
s>                    ( QUESTION4 -1 3.451e+02 6.485e+01 2.514e+01
s>                        ( - 1.733e+02 1 0)
s>                        ( - 1.070e+02 1 0))))))INFO: dtree.c(1315): Comp split 12
INFO: dtree.c(1439): stop. leaf nodes are specific
INFO: dtree.c(1478): Final simple tree
|( QUESTION0_18_R 1 3.784e+03 2.309e+02 2.182e+02
|    ( - 1.421e+03 1 0)
|    ( QUESTION0_12_R 1 2.132e+03 1.799e+02 1.291e+02
|        ( - 9.727e+02 1 0)
|        ( QUESTION0_15_R 1 9.791e+02 1.165e+02 6.475e+01
|            ( - 5.111e+02 1 0)
|            ( QUESTION0_10_R 1 3.514e+02 3.956e+01 2.600e+01
|                ( - 1.228e+01 1 0)
|                ( - 2.996e+02 1 0)))))
s>    ( QUESTION0_18_R 1 3.784e+03 2.309e+02 2.182e+02
s>        ( - 1.421e+03 1 0)
s>        ( QUESTION0_12_R 1 2.132e+03 1.799e+02 1.291e+02
s>            ( - 9.727e+02 1 0)
s>            ( QUESTION0_15_R 1 9.791e+02 1.165e+02 6.475e+01
s>                ( - 5.111e+02 1 0)
s>                ( QUESTION0_10_R 1 3.514e+02 3.956e+01 2.600e+01
s>                    ( - 1.228e+01 1 0)
s>                    ( - 2.996e+02 1 0)))))INFO: dtree.c(1439): stop. leaf nodes are specific
INFO: dtree.c(1478): Final simple tree
|( QUESTION0_14_R 1 4.487e+03 2.671e+02 2.397e+02
|    ( - 2.086e+03 1 0)
|    ( QUESTION0_10_R 1 2.134e+03 1.631e+02 1.230e+02
|        ( - 1.549e+03 1 0)
|        ( QUESTION13 1 4.215e+02 8.026e+01 3.000e+01
|            ( - 1.872e+02 1 0)
|            ( QUESTION0_16_R 1 1.540e+02 3.913e+01 1.200e+01
|                ( - 9.590e+01 1 0)
|                ( - 1.895e+01 1 0)))))
s>    ( QUESTION0_14_R 1 4.487e+03 2.671e+02 2.397e+02
s>        ( - 2.086e+03 1 0)
s>        ( QUESTION0_10_R 1 2.134e+03 1.631e+02 1.230e+02
s>            ( - 1.549e+03 1 0)
s>            ( QUESTION13 1 4.215e+02 8.026e+01 3.000e+01
s>                ( - 1.872e+02 1 0)
s>                ( QUESTION0_16_R 1 1.540e+02 3.913e+01 1.200e+01
s>                    ( - 9.590e+01 1 0)
s>                    ( - 1.895e+01 1 0)))))INFO: dtree.c(1315): Comp split 13
INFO: dtree.c(1439): stop. leaf nodes are specific
INFO: dtree.c(1478): Final simple tree
|( QUESTION1 -1 7.632e+03 2.346e+02 4.078e+02
|    ( QUESTION0_16_R 1 6.676e+02 1.016e+02 4.639e+01
|        ( - 4.298e+02 1 0)
|        ( QUESTION0_0_R 1 1.362e+02 4.007e+01 1.600e+01
|            ( - 5.395e+01 1 0)
|            ( - 4.215e+01 1 0)))
|    ( - 6.730e+03 1 0))
s>    ( QUESTION1 -1 7.632e+03 2.346e+02 4.078e+02
s>        ( QUESTION0_16_R 1 6.676e+02 1.016e+02 4.639e+01
s>            ( - 4.298e+02 1 0)
s>            ( QUESTION0_0_R 1 1.362e+02 4.007e+01 1.600e+01
s>                ( - 5.395e+01 1 0)
s>                ( - 4.215e+01 1 0)))
s>        ( - 6.730e+03 1 0))INFO: dtree.c(1439): stop. leaf nodes are specific
INFO: dtree.c(1478): Final simple tree
|( QUESTION1 -1 3.199e+03 6.149e+01 1.807e+02
|    ( - 2.798e+01 1 0)
|    ( - 3.109e+03 1 0))
s>    ( QUESTION1 -1 3.199e+03 6.149e+01 1.807e+02
s>        ( - 2.798e+01 1 0)
s>        ( - 3.109e+03 1 0))INFO: dtree.c(1315): Comp split 14
INFO: dtree.c(1478): Final simple tree
|( QUESTION0_16_R 1 2.536e+03 2.148e+02 1.396e+02
|    ( - 9.554e+02 1 0)
|    ( QUESTION0_9_R 1 1.366e+03 1.445e+02 7.699e+01
|        ( QUESTION0_10_R 1 6.899e+02 9.192e+01 4.299e+01
|            ( QUESTION2_0_L -1 4.392e+02 5.790e+01 3.000e+01
|                ( - 2.577e+01 1 0)
|                ( - 3.555e+02 1 0))
|            ( - 1.588e+02 1 0))
|        ( QUESTION0_0_R 1 5.319e+02 1.047e+02 3.400e+01
|            ( QUESTION0_1_R 1 2.246e+02 3.810e+01 1.600e+01
|                ( - 1.678e+02 1 0)
|                ( - 1.867e+01 2 0 QUESTION0_3_R 1 1.126e+01 3.000e+00))
|            ( QUESTION1 1 2.025e+02 5.778e+01 1.800e+01
|                ( - 1.004e+02 1 0)
|                ( - 4.429e+01 1 0)))))
s>    ( QUESTION0_16_R 1 2.536e+03 2.148e+02 1.396e+02
s>        ( - 9.554e+02 1 0)
s>        ( QUESTION0_9_R 1 1.366e+03 1.445e+02 7.699e+01
s>            ( QUESTION0_10_R 1 6.899e+02 9.192e+01 4.299e+01
s>                ( QUESTION2_0_L -1 4.392e+02 5.790e+01 3.000e+01
s>                    ( - 2.577e+01 1 0)
s>                    ( - 3.555e+02 1 0))
s>                ( - 1.588e+02 1 0))
s>            ( QUESTION0_0_R 1 5.319e+02 1.047e+02 3.400e+01
s>                ( QUESTION0_1_R 1 2.246e+02 3.810e+01 1.600e+01
s>                    ( - 1.678e+02 1 0)
s>                    ( - 1.867e+01 2 0 QUESTION0_3_R 1 1.126e+01 3.000e+00))
s>                ( QUESTION1 1 2.025e+02 5.778e+01 1.800e+01
s>                    ( - 1.004e+02 1 0)
s>                    ( - 4.429e+01 1 0)))))INFO: dtree.c(1478): Final simple tree
|( QUESTION2_13_L -1 7.077e+03 3.062e+02 3.623e+02
|    ( - 2.995e+03 1 0)
|    ( QUESTION2_0_L -1 3.776e+03 2.484e+02 1.991e+02
|        ( QUESTION4 1 1.836e+03 7.508e+01 1.052e+02
|            ( - 1.715e+03 1 0)
|            ( QUESTION2 1 4.572e+01 1.965e+01 5.000e+00
|                ( - 1.734e+01 1 0)
|                ( QUESTION0 1 8.729e+00 8.275e+00 2.000e+00
|                    ( - 4.545e-01 1 0)
|                    ( - 0.000e+00 1 0))))
|        ( QUESTION0_8_R 1 1.692e+03 1.599e+02 9.392e+01
|            ( - 1.035e+03 1 0)
|            ( QUESTION0_16_R 1 4.974e+02 4.727e+01 3.300e+01
|                ( - 1.967e+01 1 0)
|                ( - 4.305e+02 1 0)))))
s>    ( QUESTION2_13_L -1 7.077e+03 3.062e+02 3.623e+02
s>        ( - 2.995e+03 1 0)
s>        ( QUESTION2_0_L -1 3.776e+03 2.484e+02 1.991e+02
s>            ( QUESTION4 1 1.836e+03 7.508e+01 1.052e+02
s>                ( - 1.715e+03 1 0)
s>                ( QUESTION2 1 4.572e+01 1.965e+01 5.000e+00
s>                    ( - 1.734e+01 1 0)
s>                    ( QUESTION0 1 8.729e+00 8.275e+00 2.000e+00
s>                        ( - 4.545e-01 1 0)
s>                        ( - 0.000e+00 1 0))))
s>            ( QUESTION0_8_R 1 1.692e+03 1.599e+02 9.392e+01
s>                ( - 1.035e+03 1 0)
s>                ( QUESTION0_16_R 1 4.974e+02 4.727e+01 3.300e+01
s>                    ( - 1.967e+01 1 0)
s>                    ( - 4.305e+02 1 0)))))INFO: dtree.c(1315): Comp split 15
INFO: dtree.c(1439): stop. leaf nodes are specific
INFO: dtree.c(1478): Final simple tree
|( QUESTION0_10_R 1 1.496e+03 7.929e+01 9.264e+01
|    ( - 1.369e+03 1 0)
|    ( - 4.762e+01 1 0))
s>    ( QUESTION0_10_R 1 1.496e+03 7.929e+01 9.264e+01
s>        ( - 1.369e+03 1 0)
s>        ( - 4.762e+01 1 0))INFO: dtree.c(1315): Comp split 16
INFO: dtree.c(1439): stop. leaf nodes are specific
INFO: dtree.c(1478): Final simple tree
|( QUESTION0_0_R 1 2.323e+03 2.469e+02 1.229e+02
|    ( - 9.993e+02 1 0)
|    ( QUESTION0_16_R 1 1.077e+03 1.492e+02 5.950e+01
|        ( QUESTION0 -1 4.520e+02 7.035e+01 2.800e+01
|            ( - 2.476e+02 1 0)
|            ( - 1.340e+02 1 0))
|        ( QUESTION2 -1 4.754e+02 8.865e+01 3.150e+01
|            ( QUESTION0_10_R 1 1.869e+02 2.594e+01 1.450e+01
|                ( - 1.504e+02 1 0)
|                ( - 1.054e+01 1 0))
|            ( QUESTION0_8_R 1 1.998e+02 2.876e+01 1.700e+01
|                ( - 9.535e+00 1 0)
|                ( - 1.615e+02 1 0)))))
s>    ( QUESTION0_0_R 1 2.323e+03 2.469e+02 1.229e+02
s>        ( - 9.993e+02 1 0)
s>        ( QUESTION0_16_R 1 1.077e+03 1.492e+02 5.950e+01
s>            ( QUESTION0 -1 4.520e+02 7.035e+01 2.800e+01
s>                ( - 2.476e+02 1 0)
s>                ( - 1.340e+02 1 0))
s>            ( QUESTION2 -1 4.754e+02 8.865e+01 3.150e+01
s>                ( QUESTION0_10_R 1 1.869e+02 2.594e+01 1.450e+01
s>                    ( - 1.504e+02 1 0)
s>                    ( - 1.054e+01 1 0))
s>                ( QUESTION0_8_R 1 1.998e+02 2.876e+01 1.700e+01
s>                    ( - 9.535e+00 1 0)
s>                    ( - 1.615e+02 1 0)))))INFO: dtree.c(1315): Comp split 17
INFO: dtree.c(1439): stop. leaf nodes are specific
INFO: dtree.c(1478): Final simple tree
|( QUESTION0_9_R 1 2.449e+03 2.296e+02 1.309e+02
|    ( QUESTION0_16_R 1 1.142e+03 1.354e+02 6.603e+01
|        ( - 3.777e+02 1 0)
|        ( - 6.291e+02 1 0))
|    ( QUESTION0_0_R 1 1.078e+03 2.688e+01 6.482e+01
|        ( - 1.049e+03 1 0)
|        ( - 1.967e+00 1 0)))
s>    ( QUESTION0_9_R 1 2.449e+03 2.296e+02 1.309e+02
s>        ( QUESTION0_16_R 1 1.142e+03 1.354e+02 6.603e+01
s>            ( - 3.777e+02 1 0)
s>            ( - 6.291e+02 1 0))
s>        ( QUESTION0_0_R 1 1.078e+03 2.688e+01 6.482e+01
s>            ( - 1.049e+03 1 0)
s>            ( - 1.967e+00 1 0)))INFO: dtree.c(1439): stop. leaf nodes are specific
INFO: dtree.c(1478): Final simple tree
|( QUESTION0_1_R 1 3.073e+03 2.084e+02 1.967e+02
|    ( - 1.667e+03 1 0)
|    ( QUESTION0_8_R 1 1.197e+03 8.950e+01 8.493e+01
|        ( - 8.796e+02 2 0)
|        ( QUESTION0_0_R 1 2.283e+02 6.205e+01 2.371e+01
|            ( - 6.386e+01 1 0)
|            ( - 1.024e+02 1 0))))
s>    ( QUESTION0_1_R 1 3.073e+03 2.084e+02 1.967e+02
s>        ( - 1.667e+03 1 0)
s>        ( QUESTION0_8_R 1 1.197e+03 8.950e+01 8.493e+01
s>            ( - 8.796e+02 2 0)
s>            ( QUESTION0_0_R 1 2.283e+02 6.205e+01 2.371e+01
s>                ( - 6.386e+01 1 0)
s>                ( - 1.024e+02 1 0))))INFO: dtree.c(1315): Comp split 18
INFO: dtree.c(1439): stop. leaf nodes are specific
INFO: dtree.c(1478): Final simple tree
|( SILENCE -1 2.532e+03 9.879e+01 1.463e+02
|    ( - 2.327e+03 2 0)
|    ( - 1.070e+02 1 0))
s>    ( SILENCE -1 2.532e+03 9.879e+01 1.463e+02
s>        ( - 2.327e+03 2 0)
s>        ( - 1.070e+02 1 0))INFO: dtree.c(1439): stop. leaf nodes are specific
INFO: dtree.c(1478): Final simple tree
|( QUESTION10 -1 2.271e+03 1.840e+02 1.169e+02
|    ( QUESTION11 -1 6.981e+02 6.451e+01 4.023e+01
|        ( - 3.598e+01 1 0)
|        ( - 5.977e+02 1 0))
|    ( QUESTION4 -1 1.389e+03 1.351e+02 7.665e+01
|        ( - 1.733e+02 1 0)
|        ( QUESTION6 -1 1.080e+03 1.053e+02 6.151e+01
|            ( QUESTION8 -1 4.427e+02 6.067e+01 2.840e+01
|                ( - 8.400e+01 1 0)
|                ( - 2.981e+02 1 0))
|            ( - 5.322e+02 1 0))))
s>    ( QUESTION10 -1 2.271e+03 1.840e+02 1.169e+02
s>        ( QUESTION11 -1 6.981e+02 6.451e+01 4.023e+01
s>            ( - 3.598e+01 1 0)
s>            ( - 5.977e+02 1 0))
s>        ( QUESTION4 -1 1.389e+03 1.351e+02 7.665e+01
s>            ( - 1.733e+02 1 0)
s>            ( QUESTION6 -1 1.080e+03 1.053e+02 6.151e+01
s>                ( QUESTION8 -1 4.427e+02 6.067e+01 2.840e+01
s>                    ( - 8.400e+01 1 0)
s>                    ( - 2.981e+02 1 0))
s>                ( - 5.322e+02 1 0))))INFO: dtree.c(1315): Comp split 19
INFO: dtree.c(1439): stop. leaf nodes are specific
INFO: dtree.c(1478): Final simple tree
|( QUESTION4 1 3.024e+03 2.903e+01 1.642e+02
|    ( - 2.995e+03 1 0)
|    ( - 0.000e+00 1 0))
s>    ( QUESTION4 1 3.024e+03 2.903e+01 1.642e+02
s>        ( - 2.995e+03 1 0)
s>        ( - 0.000e+00 1 0))INFO: dtree.c(1439): stop. leaf nodes are specific
INFO: dtree.c(1478): Final simple tree
|( QUESTION1 -1 3.743e+03 2.451e+02 1.981e+02
|    ( QUESTION0 1 1.806e+03 5.962e+01 1.042e+02
|        ( QUESTION1 1 3.122e+01 1.343e+01 4.000e+00
|            ( - 4.545e-01 1 0)
|            ( - 1.734e+01 1 0))
|        ( - 1.715e+03 1 0))
|    ( QUESTION0_8_R 1 1.692e+03 1.599e+02 9.392e+01
|        ( - 1.035e+03 1 0)
|        ( QUESTION0_16_R 1 4.974e+02 4.727e+01 3.300e+01
|            ( - 1.967e+01 1 0)
|            ( - 4.305e+02 1 0))))
s>    ( QUESTION1 -1 3.743e+03 2.451e+02 1.981e+02
s>        ( QUESTION0 1 1.806e+03 5.962e+01 1.042e+02
s>            ( QUESTION1 1 3.122e+01 1.343e+01 4.000e+00
s>                ( - 4.545e-01 1 0)
s>                ( - 1.734e+01 1 0))
s>            ( - 1.715e+03 1 0))
s>        ( QUESTION0_8_R 1 1.692e+03 1.599e+02 9.392e+01
s>            ( - 1.035e+03 1 0)
s>            ( QUESTION0_16_R 1 4.974e+02 4.727e+01 3.300e+01
s>                ( - 1.967e+01 1 0)
s>                ( - 4.305e+02 1 0))))INFO: dtree.c(1315): Comp split 20
INFO: dtree.c(1439): stop. leaf nodes are specific
INFO: dtree.c(1478): Final simple tree
|( QUESTION0_16_R 1 1.774e+03 4.450e+01 9.955e+01
|    ( - 1.589e+01 1 0)
|    ( - 1.713e+03 1 0))
s>    ( QUESTION0_16_R 1 1.774e+03 4.450e+01 9.955e+01
s>        ( - 1.589e+01 1 0)
s>        ( - 1.713e+03 1 0))INFO: dtree.c(1315): Comp split 21
INFO: dtree.c(1439): stop. leaf nodes are specific
INFO: dtree.c(1478): Final simple tree
|( QUESTION4 -1 1.542e+03 1.565e+02 7.737e+01
|    ( - 1.016e+03 1 0)
|    ( QUESTION0 -1 3.702e+02 4.172e+01 1.800e+01
|        ( - 2.823e+01 1 0)
|        ( - 3.002e+02 1 0)))
s>    ( QUESTION4 -1 1.542e+03 1.565e+02 7.737e+01
s>        ( - 1.016e+03 1 0)
s>        ( QUESTION0 -1 3.702e+02 4.172e+01 1.800e+01
s>            ( - 2.823e+01 1 0)
s>            ( - 3.002e+02 1 0)))INFO: dtree.c(1439): stop. leaf nodes are specific
INFO: dtree.c(1478): Final simple tree
|( QUESTION1 -1 3.891e+03 2.214e+02 2.070e+02
|    ( - 2.919e+03 2 0)
|    ( - 7.500e+02 3 0))
s>    ( QUESTION1 -1 3.891e+03 2.214e+02 2.070e+02
s>        ( - 2.919e+03 2 0)
s>        ( - 7.500e+02 3 0))INFO: dtree.c(1315): Comp split 22
INFO: dtree.c(1439): stop. leaf nodes are specific
INFO: dtree.c(1478): Final simple tree
|( QUESTION0 -1 2.719e+03 2.261e+02 1.414e+02
|    ( - 1.168e+03 1 0)
|    ( - 1.326e+03 3 0))
s>    ( QUESTION0 -1 2.719e+03 2.261e+02 1.414e+02
s>        ( - 1.168e+03 1 0)
s>        ( - 1.326e+03 3 0))INFO: dtree.c(1439): stop. leaf nodes are specific
INFO: dtree.c(1478): Final simple tree
|( QUESTION0_0_R 1 2.612e+03 2.173e+02 1.452e+02
|    ( - 1.315e+03 2 0)
|    ( - 1.079e+03 1 0))
s>    ( QUESTION0_0_R 1 2.612e+03 2.173e+02 1.452e+02
s>        ( - 1.315e+03 2 0)
s>        ( - 1.079e+03 1 0))INFO: dtree.c(1315): Comp split 23
INFO: dtree.c(1439): stop. leaf nodes are specific
INFO: dtree.c(1478): Final simple tree
|( QUESTION0_14_R 1 2.276e+03 9.368e+01 1.257e+02
|    ( - 2.086e+03 1 0)
|    ( - 9.590e+01 1 0))
s>    ( QUESTION0_14_R 1 2.276e+03 9.368e+01 1.257e+02
s>        ( - 2.086e+03 1 0)
s>        ( - 9.590e+01 1 0))INFO: dtree.c(1439): stop. leaf nodes are specific
INFO: dtree.c(1478): Final simple tree
|( QUESTION0_10_R 1 1.928e+03 1.317e+02 1.140e+02
|    ( - 1.549e+03 1 0)
|    ( QUESTION0_20_R 1 2.471e+02 4.092e+01 2.100e+01
|        ( - 1.895e+01 1 0)
|        ( - 1.872e+02 1 0)))
s>    ( QUESTION0_10_R 1 1.928e+03 1.317e+02 1.140e+02
s>        ( - 1.549e+03 1 0)
s>        ( QUESTION0_20_R 1 2.471e+02 4.092e+01 2.100e+01
s>            ( - 1.895e+01 1 0)
s>            ( - 1.872e+02 1 0)))INFO: dtree.c(1315): Comp split 24
INFO: dtree.c(1439): stop. leaf nodes are specific
INFO: dtree.c(1478): Final simple tree
|( QUESTION0_8_R 1 1.757e+03 1.632e+02 9.692e+01
|    ( QUESTION0 1 1.096e+03 4.401e+01 6.392e+01
|        ( - 1.734e+01 1 0)
|        ( - 1.035e+03 1 0))
|    ( QUESTION0_16_R 1 4.974e+02 4.727e+01 3.300e+01
|        ( - 1.967e+01 1 0)
|        ( - 4.305e+02 1 0)))
s>    ( QUESTION0_8_R 1 1.757e+03 1.632e+02 9.692e+01
s>        ( QUESTION0 1 1.096e+03 4.401e+01 6.392e+01
s>            ( - 1.734e+01 1 0)
s>            ( - 1.035e+03 1 0))
s>        ( QUESTION0_16_R 1 4.974e+02 4.727e+01 3.300e+01
s>            ( - 1.967e+01 1 0)
s>            ( - 4.305e+02 1 0)))INFO: dtree.c(1439): stop. leaf nodes are specific
INFO: dtree.c(1478): Final simple tree
|( QUESTION0 1 1.733e+03 1.717e+01 1.012e+02
|    ( - 4.545e-01 1 0)
|    ( - 1.715e+03 1 0))
s>    ( QUESTION0 1 1.733e+03 1.717e+01 1.012e+02
s>        ( - 4.545e-01 1 0)
s>        ( - 1.715e+03 1 0))INFO: dtree.c(1315): Comp split 25
INFO: dtree.c(1439): stop. leaf nodes are specific
INFO: dtree.c(1478): Final simple tree
|( QUESTION0_16_R 1 1.077e+03 1.492e+02 5.950e+01
|    ( QUESTION0 -1 4.520e+02 7.035e+01 2.800e+01
|        ( - 2.476e+02 1 0)
|        ( - 1.340e+02 1 0))
|    ( QUESTION2 -1 4.754e+02 8.865e+01 3.150e+01
|        ( QUESTION0_10_R 1 1.869e+02 2.594e+01 1.450e+01
|            ( - 1.504e+02 1 0)
|            ( - 1.054e+01 1 0))
|        ( QUESTION0_8_R 1 1.998e+02 2.876e+01 1.700e+01
|            ( - 9.535e+00 1 0)
|            ( - 1.615e+02 1 0))))
s>    ( QUESTION0_16_R 1 1.077e+03 1.492e+02 5.950e+01
s>        ( QUESTION0 -1 4.520e+02 7.035e+01 2.800e+01
s>            ( - 2.476e+02 1 0)
s>            ( - 1.340e+02 1 0))
s>        ( QUESTION2 -1 4.754e+02 8.865e+01 3.150e+01
s>            ( QUESTION0_10_R 1 1.869e+02 2.594e+01 1.450e+01
s>                ( - 1.504e+02 1 0)
s>                ( - 1.054e+01 1 0))
s>            ( QUESTION0_8_R 1 1.998e+02 2.876e+01 1.700e+01
s>                ( - 9.535e+00 1 0)
s>                ( - 1.615e+02 1 0))))INFO: dtree.c(1315): Comp split 26
INFO: dtree.c(1439): stop. leaf nodes are specific
INFO: dtree.c(1478): Final simple tree
|( QUESTION0_10_R 1 1.151e+03 1.179e+02 6.599e+01
|    ( QUESTION2_0_L -1 4.392e+02 5.790e+01 3.000e+01
|        ( - 2.577e+01 1 0)
|        ( - 3.555e+02 1 0))
|    ( QUESTION0_0_R 1 5.941e+02 1.009e+02 3.599e+01
|        ( - 1.678e+02 1 0)
|        ( QUESTION0_8_R 1 3.254e+02 6.610e+01 2.299e+01
|            ( - 1.004e+02 1 0)
|            ( - 1.588e+02 1 0))))
s>    ( QUESTION0_10_R 1 1.151e+03 1.179e+02 6.599e+01
s>        ( QUESTION2_0_L -1 4.392e+02 5.790e+01 3.000e+01
s>            ( - 2.577e+01 1 0)
s>            ( - 3.555e+02 1 0))
s>        ( QUESTION0_0_R 1 5.941e+02 1.009e+02 3.599e+01
s>            ( - 1.678e+02 1 0)
s>            ( QUESTION0_8_R 1 3.254e+02 6.610e+01 2.299e+01
s>                ( - 1.004e+02 1 0)
s>                ( - 1.588e+02 1 0))))INFO: dtree.c(1439): stop. leaf nodes are specific
INFO: dtree.c(1478): Final simple tree
|( QUESTION0_9_R 1 1.143e+03 9.200e+01 7.362e+01
|    ( - 9.554e+02 1 0)
|    ( QUESTION0_0_R 1 9.522e+01 3.226e+01 1.100e+01
|        ( QUESTION0_3_R 1 1.867e+01 1.126e+01 3.000e+00
|            ( - 7.410e+00 1 0)
|            ( - 0.000e+00 1 0))
|        ( - 4.429e+01 1 0)))
s>    ( QUESTION0_9_R 1 1.143e+03 9.200e+01 7.362e+01
s>        ( - 9.554e+02 1 0)
s>        ( QUESTION0_0_R 1 9.522e+01 3.226e+01 1.100e+01
s>            ( QUESTION0_3_R 1 1.867e+01 1.126e+01 3.000e+00
s>                ( - 7.410e+00 1 0)
s>                ( - 0.000e+00 1 0))
s>            ( - 4.429e+01 1 0)))INFO: dtree.c(1315): Comp split 27
INFO: dtree.c(1439): stop. leaf nodes are specific
INFO: dtree.c(1478): Final simple tree
|( QUESTION0_10_R 1 1.482e+03 4.890e+01 9.113e+01
|    ( - 1.228e+01 1 0)
|    ( - 1.421e+03 1 0))
s>    ( QUESTION0_10_R 1 1.482e+03 4.890e+01 9.113e+01
s>        ( - 1.228e+01 1 0)
s>        ( - 1.421e+03 1 0))INFO: dtree.c(1439): stop. leaf nodes are specific
INFO: dtree.c(1478): Final simple tree
|( QUESTION0_10_R 1 2.064e+03 1.722e+02 1.271e+02
|    ( - 9.727e+02 1 0)
|    ( QUESTION0_14_R 1 9.195e+02 1.088e+02 6.275e+01
|        ( - 2.996e+02 1 0)
|        ( - 5.111e+02 1 0)))
s>    ( QUESTION0_10_R 1 2.064e+03 1.722e+02 1.271e+02
s>        ( - 9.727e+02 1 0)
s>        ( QUESTION0_14_R 1 9.195e+02 1.088e+02 6.275e+01
s>            ( - 2.996e+02 1 0)
s>            ( - 5.111e+02 1 0)))INFO: dtree.c(1315): Comp split 28
INFO: dtree.c(1439): stop. leaf nodes are specific
INFO: dtree.c(1478): Final simple tree
|( QUESTION0_16_R 1 6.676e+02 1.016e+02 4.639e+01
|    ( - 4.298e+02 1 0)
|    ( QUESTION0_0_R 1 1.362e+02 4.007e+01 1.600e+01
|        ( - 5.395e+01 1 0)
|        ( - 4.215e+01 1 0)))
s>    ( QUESTION0_16_R 1 6.676e+02 1.016e+02 4.639e+01
s>        ( - 4.298e+02 1 0)
s>        ( QUESTION0_0_R 1 1.362e+02 4.007e+01 1.600e+01
s>            ( - 5.395e+01 1 0)
s>            ( - 4.215e+01 1 0)))INFO: dtree.c(1315): Comp split 29
INFO: dtree.c(1439): stop. leaf nodes are specific
INFO: dtree.c(1478): Final simple tree
|( QUESTION0_0_R 1 1.078e+03 2.688e+01 6.482e+01
|    ( - 1.049e+03 1 0)
|    ( - 1.967e+00 1 0))
s>    ( QUESTION0_0_R 1 1.078e+03 2.688e+01 6.482e+01
s>        ( - 1.049e+03 1 0)
s>        ( - 1.967e+00 1 0))INFO: dtree.c(1439): stop. leaf nodes are specific
INFO: dtree.c(1478): Final simple tree
|( QUESTION0_16_R 1 1.142e+03 1.354e+02 6.603e+01
|    ( - 3.777e+02 1 0)
|    ( - 6.291e+02 1 0))
s>    ( QUESTION0_16_R 1 1.142e+03 1.354e+02 6.603e+01
s>        ( - 3.777e+02 1 0)
s>        ( - 6.291e+02 1 0))INFO: dtree.c(1315): Comp split 30
INFO: dtree.c(1315): Comp split 31
INFO: dtree.c(1315): Comp split 32
INFO: dtree.c(1315): Comp split 33
INFO: dtree.c(1439): stop. leaf nodes are specific
INFO: dtree.c(1478): Final simple tree
|( QUESTION6 -1 1.080e+03 1.053e+02 6.151e+01
|    ( QUESTION8 -1 4.427e+02 6.067e+01 2.840e+01
|        ( - 8.400e+01 1 0)
|        ( - 2.981e+02 1 0))
|    ( - 5.322e+02 1 0))
s>    ( QUESTION6 -1 1.080e+03 1.053e+02 6.151e+01
s>        ( QUESTION8 -1 4.427e+02 6.067e+01 2.840e+01
s>            ( - 8.400e+01 1 0)
s>            ( - 2.981e+02 1 0))
s>        ( - 5.322e+02 1 0))INFO: dtree.c(1439): stop. leaf nodes are specific
INFO: dtree.c(1478): Final simple tree
|( QUESTION13 -1 9.807e+02 1.128e+02 5.537e+01
|    ( - 5.977e+02 1 0)
|    ( QUESTION4 -1 2.702e+02 6.097e+01 2.114e+01
|        ( - 1.733e+02 1 0)
|        ( - 3.598e+01 1 0)))
s>    ( QUESTION13 -1 9.807e+02 1.128e+02 5.537e+01
s>        ( - 5.977e+02 1 0)
s>        ( QUESTION4 -1 2.702e+02 6.097e+01 2.114e+01
s>            ( - 1.733e+02 1 0)
s>            ( - 3.598e+01 1 0)))INFO: dtree.c(1315): Comp split 34
INFO: dtree.c(1439): stop. leaf nodes are specific
INFO: dtree.c(1478): Final simple tree
|( QUESTION0_8_R 1 1.197e+03 8.950e+01 8.493e+01
|    ( - 8.796e+02 2 0)
|    ( QUESTION0_0_R 1 2.283e+02 6.205e+01 2.371e+01
|        ( - 6.386e+01 1 0)
|        ( - 1.024e+02 1 0)))
s>    ( QUESTION0_8_R 1 1.197e+03 8.950e+01 8.493e+01
s>        ( - 8.796e+02 2 0)
s>        ( QUESTION0_0_R 1 2.283e+02 6.205e+01 2.371e+01
s>            ( - 6.386e+01 1 0)
s>            ( - 1.024e+02 1 0)))INFO: dtree.c(1315): Comp split 35
INFO: dtree.c(1315): Comp split 36
INFO: dtree.c(1439): stop. leaf nodes are specific
INFO: dtree.c(1478): Final simple tree
|( QUESTION0_14_R 1 9.195e+02 1.088e+02 6.275e+01
|    ( - 2.996e+02 1 0)
|    ( - 5.111e+02 1 0))
s>    ( QUESTION0_14_R 1 9.195e+02 1.088e+02 6.275e+01
s>        ( - 2.996e+02 1 0)
s>        ( - 5.111e+02 1 0))INFO: dtree.c(1315): Comp split 37
INFO: dtree.c(1439): stop. leaf nodes are specific
INFO: dtree.c(1478): Final simple tree
|( QUESTION0_16_R 1 4.974e+02 4.727e+01 3.300e+01
|    ( - 1.967e+01 1 0)
|    ( - 4.305e+02 1 0))
s>    ( QUESTION0_16_R 1 4.974e+02 4.727e+01 3.300e+01
s>        ( - 1.967e+01 1 0)
s>        ( - 4.305e+02 1 0))INFO: dtree.c(1439): stop. leaf nodes are specific
INFO: dtree.c(1478): Final simple tree
|( QUESTION0 1 1.096e+03 4.401e+01 6.392e+01
|    ( - 1.734e+01 1 0)
|    ( - 1.035e+03 1 0))
s>    ( QUESTION0 1 1.096e+03 4.401e+01 6.392e+01
s>        ( - 1.734e+01 1 0)
s>        ( - 1.035e+03 1 0))INFO: dtree.c(1315): Comp split 38
INFO: dtree.c(1439): stop. leaf nodes are specific
INFO: dtree.c(1478): Final simple tree
|( QUESTION0 -1 3.702e+02 4.172e+01 1.800e+01
|    ( - 2.823e+01 1 0)
|    ( - 3.002e+02 1 0))
s>    ( QUESTION0 -1 3.702e+02 4.172e+01 1.800e+01
s>        ( - 2.823e+01 1 0)
s>        ( - 3.002e+02 1 0))INFO: dtree.c(1315): Comp split 39
INFO: dtree.c(1439): stop. leaf nodes are specific
INFO: dtree.c(1478): Final simple tree
|( QUESTION0_13_R 1 3.895e+02 7.792e+01 2.700e+01
|    ( - 1.588e+02 1 0)
|    ( QUESTION0_8_R 1 1.528e+02 2.656e+01 1.401e+01
|        ( - 1.004e+02 1 0)
|        ( - 2.577e+01 1 0)))
s>    ( QUESTION0_13_R 1 3.895e+02 7.792e+01 2.700e+01
s>        ( - 1.588e+02 1 0)
s>        ( QUESTION0_8_R 1 1.528e+02 2.656e+01 1.401e+01
s>            ( - 1.004e+02 1 0)
s>            ( - 2.577e+01 1 0)))INFO: dtree.c(1439): stop. leaf nodes are specific
INFO: dtree.c(1478): Final simple tree
|( QUESTION0_0_R 1 6.110e+02 8.770e+01 3.899e+01
|    ( - 1.678e+02 1 0)
|    ( - 3.555e+02 1 0))
s>    ( QUESTION0_0_R 1 6.110e+02 8.770e+01 3.899e+01
s>        ( - 1.678e+02 1 0)
s>        ( - 3.555e+02 1 0))INFO: dtree.c(1315): Comp split 40
INFO: dtree.c(1439): stop. leaf nodes are specific
INFO: dtree.c(1478): Final simple tree
|( QUESTION1 -1 4.339e+02 8.541e+01 2.950e+01
|    ( - 1.615e+02 1 0)
|    ( QUESTION0_10_R 1 1.869e+02 2.594e+01 1.450e+01
|        ( - 1.504e+02 1 0)
|        ( - 1.054e+01 1 0)))
s>    ( QUESTION1 -1 4.339e+02 8.541e+01 2.950e+01
s>        ( - 1.615e+02 1 0)
s>        ( QUESTION0_10_R 1 1.869e+02 2.594e+01 1.450e+01
s>            ( - 1.504e+02 1 0)
s>            ( - 1.054e+01 1 0)))INFO: dtree.c(1439): stop. leaf nodes are specific
INFO: dtree.c(1478): Final simple tree
|( QUESTION0 -1 4.923e+02 6.846e+01 3.000e+01
|    ( - 2.476e+02 1 0)
|    ( QUESTION0_8_R 1 1.763e+02 3.273e+01 1.300e+01
|        ( - 9.535e+00 1 0)
|        ( - 1.340e+02 1 0)))
s>    ( QUESTION0 -1 4.923e+02 6.846e+01 3.000e+01
s>        ( - 2.476e+02 1 0)
s>        ( QUESTION0_8_R 1 1.763e+02 3.273e+01 1.300e+01
s>            ( - 9.535e+00 1 0)
s>            ( - 1.340e+02 1 0)))INFO: dtree.c(1315): Comp split 41
INFO: dtree.c(1315): Comp split 42
INFO: dtree.c(1439): stop. leaf nodes are specific
INFO: dtree.c(1478): Final simple tree
|( QUESTION0_20_R 1 2.471e+02 4.092e+01 2.100e+01
|    ( - 1.895e+01 1 0)
|    ( - 1.872e+02 1 0))
s>    ( QUESTION0_20_R 1 2.471e+02 4.092e+01 2.100e+01
s>        ( - 1.895e+01 1 0)
s>        ( - 1.872e+02 1 0))INFO: dtree.c(1315): Comp split 43
INFO: dtree.c(1439): stop. leaf nodes are specific
INFO: dtree.c(1478): Final simple tree
|( QUESTION4 -1 2.702e+02 6.097e+01 2.114e+01
|    ( - 1.733e+02 1 0)
|    ( - 3.598e+01 1 0))
s>    ( QUESTION4 -1 2.702e+02 6.097e+01 2.114e+01
s>        ( - 1.733e+02 1 0)
s>        ( - 3.598e+01 1 0))INFO: dtree.c(1315): Comp split 44
INFO: dtree.c(1315): Comp split 45
INFO: dtree.c(1439): stop. leaf nodes are specific
INFO: dtree.c(1478): Final simple tree
|( QUESTION8 -1 4.427e+02 6.067e+01 2.840e+01
|    ( - 8.400e+01 1 0)
|    ( - 2.981e+02 1 0))
s>    ( QUESTION8 -1 4.427e+02 6.067e+01 2.840e+01
s>        ( - 8.400e+01 1 0)
s>        ( - 2.981e+02 1 0))INFO: dtree.c(1315): Comp split 46
INFO: dtree.c(1439): stop. leaf nodes are specific
INFO: dtree.c(1478): Final simple tree
|( QUESTION0_0_R 1 1.362e+02 4.007e+01 1.600e+01
|    ( - 5.395e+01 1 0)
|    ( - 4.215e+01 1 0))
s>    ( QUESTION0_0_R 1 1.362e+02 4.007e+01 1.600e+01
s>        ( - 5.395e+01 1 0)
s>        ( - 4.215e+01 1 0))INFO: dtree.c(1315): Comp split 47
INFO: dtree.c(1315): Comp split 48
INFO: dtree.c(1439): stop. leaf nodes are specific
INFO: dtree.c(1478): Final simple tree
|( QUESTION0_0_R 1 5.775e+01 1.346e+01 9.000e+00
|    ( - 0.000e+00 1 0)
|    ( - 4.429e+01 1 0))
s>    ( QUESTION0_0_R 1 5.775e+01 1.346e+01 9.000e+00
s>        ( - 0.000e+00 1 0)
s>        ( - 4.429e+01 1 0))INFO: dtree.c(1439): stop. leaf nodes are specific
INFO: dtree.c(1478): Final simple tree
|( QUESTION0_0_R 1 9.902e+02 2.745e+01 6.462e+01
|    ( - 7.410e+00 1 0)
|    ( - 9.554e+02 1 0))
s>    ( QUESTION0_0_R 1 9.902e+02 2.745e+01 6.462e+01
s>        ( - 7.410e+00 1 0)
s>        ( - 9.554e+02 1 0))INFO: dtree.c(1315): Comp split 49
INFO: dtree.c(1315): Comp split 50
INFO: dtree.c(1439): stop. leaf nodes are specific
INFO: dtree.c(1478): Final simple tree
|( QUESTION0_0_R 1 2.283e+02 6.205e+01 2.371e+01
|    ( - 6.386e+01 1 0)
|    ( - 1.024e+02 1 0))
s>    ( QUESTION0_0_R 1 2.283e+02 6.205e+01 2.371e+01
s>        ( - 6.386e+01 1 0)
s>        ( - 1.024e+02 1 0))INFO: dtree.c(1315): Comp split 51
INFO: dtree.c(1315): Comp split 52
INFO: dtree.c(1439): stop. leaf nodes are specific
INFO: dtree.c(1478): Final simple tree
|( QUESTION0_10_R 1 1.869e+02 2.594e+01 1.450e+01
|    ( - 1.504e+02 1 0)
|    ( - 1.054e+01 1 0))
s>    ( QUESTION0_10_R 1 1.869e+02 2.594e+01 1.450e+01
s>        ( - 1.504e+02 1 0)
s>        ( - 1.054e+01 1 0))INFO: dtree.c(1315): Comp split 53
INFO: dtree.c(1315): Comp split 54
INFO: dtree.c(1439): stop. leaf nodes are specific
INFO: dtree.c(1478): Final simple tree
|( QUESTION0_8_R 1 1.528e+02 2.656e+01 1.401e+01
|    ( - 1.004e+02 1 0)
|    ( - 2.577e+01 1 0))
s>    ( QUESTION0_8_R 1 1.528e+02 2.656e+01 1.401e+01
s>        ( - 1.004e+02 1 0)
s>        ( - 2.577e+01 1 0))INFO: dtree.c(1315): Comp split 55
INFO: dtree.c(1439): stop. leaf nodes are specific
INFO: dtree.c(1478): Final simple tree
|( QUESTION0_8_R 1 2.826e+02 2.544e+01 1.900e+01
|    ( - 9.535e+00 1 0)
|    ( - 2.476e+02 1 0))
s>    ( QUESTION0_8_R 1 2.826e+02 2.544e+01 1.900e+01
s>        ( - 9.535e+00 1 0)
s>        ( - 2.476e+02 1 0))INFO: dtree.c(1315): Comp split 56
INFO: dtree.c(1315): Comp split 57
INFO: dtree.c(1315): Comp split 58
INFO: dtree.c(1315): Comp split 59
INFO: dtree.c(1315): Comp split 60
INFO: dtree.c(1315): Comp split 61
INFO: dtree.c(1315): Comp split 62
INFO: dtree.c(1315): Comp split 63
INFO: dtree.c(1315): Comp split 64
INFO: dtree.c(1315): Comp split 65
INFO: dtree.c(1315): Comp split 66
INFO: dtree.c(1315): Comp split 67
INFO: dtree.c(1315): Comp split 68
INFO: dtree.c(1315): Comp split 69
INFO: dtree.c(1315): Comp split 70
INFO: dtree.c(1315): Comp split 71
INFO: dtree.c(1315): Comp split 72
INFO: dtree.c(1315): Comp split 73
INFO: dtree.c(1315): Comp split 74
INFO: dtree.c(1315): Comp split 75
INFO: dtree.c(1318): stop. leaf nodes are specific
Mon May 23 22:39:53 2022
