Current configuration:
[NAME]		[DEFLT]	[VALUE]
-allphones	no	no
-cntthresh	0.00001	1.000000e-05
-csplitmax	100	2000
-csplitmin	1	1
-csplitthr	8e-4	0.000000e+00
-example	no	no
-fullvar	no	no
-help		no	no
-meanfn			
-mixwfn			/home/rakha/Kuliah/Semester8/nlp/speech-sphinx/train-new-model/an4-master/model_parameters/an4.cd_ptm_untied/mixture_weights
-moddeffn		/home/rakha/Kuliah/Semester8/nlp/speech-sphinx/train-new-model/an4-master/model_architecture/an4.untied.mdef
-mwfloor	1e-4	1.000000e-08
-phone			N
-psetfn			/home/rakha/Kuliah/Semester8/nlp/speech-sphinx/train-new-model/an4-master/model_architecture/an4.tree_questions
-ssplitmax	5	7
-ssplitmin	1	1
-ssplitthr	8e-4	0.000000e+00
-state			0
-stwt			1.0,0.05,0.0,
-treefn			/home/rakha/Kuliah/Semester8/nlp/speech-sphinx/train-new-model/an4-master/trees/an4.unpruned/N-0.dtree
-ts2cbfn	.semi.	.semi.
-varfloor	0.00001	1.000000e-05
-varfn			

INFO: main.c(223): Reading: /home/rakha/Kuliah/Semester8/nlp/speech-sphinx/train-new-model/an4-master/model_architecture/an4.untied.mdef
INFO: model_def_io.c(573): Model definition info:
INFO: model_def_io.c(574): 1618 total models defined (34 base, 1584 tri)
INFO: model_def_io.c(575): 6472 total states
INFO: model_def_io.c(576): 4854 total tied states
INFO: model_def_io.c(577): 102 total tied CI states
INFO: model_def_io.c(578): 34 total tied transition matrices
INFO: model_def_io.c(579): 4 max state/model
INFO: model_def_io.c(580): 4 min state/model
INFO: main.c(242): Building trees for [N AE D i] through [N V AY b]
INFO: main.c(269): Covering states |[2973 3224]| == 252
INFO: main.c(275): Reading: /home/rakha/Kuliah/Semester8/nlp/speech-sphinx/train-new-model/an4-master/model_parameters/an4.cd_ptm_untied/mixture_weights
INFO: s3mixw_io.c(173): Read /home/rakha/Kuliah/Semester8/nlp/speech-sphinx/train-new-model/an4-master/model_parameters/an4.cd_ptm_untied/mixture_weights [252x4x64 array]
INFO: main.c(311): 84 of 84 models have observation count greater than 0.000010
INFO: main.c(95): nrm stwt: 0.952 0.048 0.000 
INFO: main.c(411): 84-class entropy: 5.410689e+04
INFO: main.c(549): Reading: /home/rakha/Kuliah/Semester8/nlp/speech-sphinx/train-new-model/an4-master/model_architecture/an4.tree_questions
INFO: main.c(588): 180 total simple questions (172 phone; 8 word bndry)
INFO: main.c(590): 42 Left Only questions, and 42 Right Only questions
INFO: dtree.c(1478): Final simple tree
|( QUESTION2_17_L -1 7.439e+04 2.638e+03 3.371e+03
|    ( SILENCE 1 2.143e+04 6.882e+02 1.014e+03
|        ( - 6.306e+03 1 0)
|        ( - 1.444e+04 18 0 QUESTION4 1 3.121e+02 6.992e+02))
|    ( QUESTION2_10_L -1 5.032e+04 2.284e+03 2.356e+03
|        ( QUESTION0 -1 3.553e+04 1.242e+03 1.765e+03
|            ( - 1.128e+04 14 0 SILENCE 1 5.519e+02 6.167e+02)
|            ( WDBNDRY_E 0 2.301e+04 9.841e+02 1.149e+03
|                ( - 1.654e+04 21 0 SILENCE 1 5.716e+02 8.415e+02)
|                ( QUESTION0_0_R 1 5.490e+03 6.021e+02 3.072e+02
|                    ( - 1.399e+03 2 0 WDBNDRY_B 0 2.198e+02 7.663e+01)
|                    ( - 3.489e+03 1 0))))
|        ( QUESTION1 -1 1.250e+04 9.676e+02 5.911e+02
|            ( - 5.326e+03 11 0 QUESTION2 1 3.095e+02 2.948e+02)
|            ( - 6.207e+03 16 0 SILENCE -1 4.855e+02 2.963e+02))))
s>    ( QUESTION2_17_L -1 7.439e+04 2.638e+03 3.371e+03
s>        ( SILENCE 1 2.143e+04 6.882e+02 1.014e+03
s>            ( - 6.306e+03 1 0)
s>            ( - 1.444e+04 18 0 QUESTION4 1 3.121e+02 6.992e+02))
s>        ( QUESTION2_10_L -1 5.032e+04 2.284e+03 2.356e+03
s>            ( QUESTION0 -1 3.553e+04 1.242e+03 1.765e+03
s>                ( - 1.128e+04 14 0 SILENCE 1 5.519e+02 6.167e+02)
s>                ( WDBNDRY_E 0 2.301e+04 9.841e+02 1.149e+03
s>                    ( - 1.654e+04 21 0 SILENCE 1 5.716e+02 8.415e+02)
s>                    ( QUESTION0_0_R 1 5.490e+03 6.021e+02 3.072e+02
s>                        ( - 1.399e+03 2 0 WDBNDRY_B 0 2.198e+02 7.663e+01)
s>                        ( - 3.489e+03 1 0))))
s>            ( QUESTION1 -1 1.250e+04 9.676e+02 5.911e+02
s>                ( - 5.326e+03 11 0 QUESTION2 1 3.095e+02 2.948e+02)
s>                ( - 6.207e+03 16 0 SILENCE -1 4.855e+02 2.963e+02))))INFO: dtree.c(1315): Comp split 0
INFO: dtree.c(1478): Final simple tree
|( QUESTION2_17_L -1 3.751e+04 1.685e+03 1.682e+03
|    ( SILENCE 1 2.143e+04 6.882e+02 1.014e+03
|        ( - 6.306e+03 1 0)
|        ( QUESTION4 1 1.444e+04 3.121e+02 6.992e+02
|            ( QUESTION0_9_R 1 6.984e+03 3.175e+02 3.504e+02
|                ( - 3.610e+03 1 0)
|                ( - 3.056e+03 2 0 QUESTION0_0_R 1 2.145e+02 1.602e+02))
|            ( - 7.141e+03 15 0 QUESTION0_10_R 1 2.695e+02 3.488e+02)))
|    ( QUESTION1 -1 1.439e+04 1.050e+03 6.678e+02
|        ( - 5.326e+03 11 0 QUESTION2 1 3.095e+02 2.948e+02)
|        ( SILENCE -1 8.018e+03 5.744e+02 3.730e+02
|            ( - 1.820e+03 2 0)
|            ( WDBNDRY_B 0 5.623e+03 4.356e+02 2.592e+02
|                ( - 3.994e+03 11 0 QUESTION0 -1 3.110e+02 1.894e+02)
|                ( - 1.193e+03 5 0 QUESTION0_0_R 1 1.351e+02 6.979e+01)))))
s>    ( QUESTION2_17_L -1 3.751e+04 1.685e+03 1.682e+03
s>        ( SILENCE 1 2.143e+04 6.882e+02 1.014e+03
s>            ( - 6.306e+03 1 0)
s>            ( QUESTION4 1 1.444e+04 3.121e+02 6.992e+02
s>                ( QUESTION0_9_R 1 6.984e+03 3.175e+02 3.504e+02
s>                    ( - 3.610e+03 1 0)
s>                    ( - 3.056e+03 2 0 QUESTION0_0_R 1 2.145e+02 1.602e+02))
s>                ( - 7.141e+03 15 0 QUESTION0_10_R 1 2.695e+02 3.488e+02)))
s>        ( QUESTION1 -1 1.439e+04 1.050e+03 6.678e+02
s>            ( - 5.326e+03 11 0 QUESTION2 1 3.095e+02 2.948e+02)
s>            ( SILENCE -1 8.018e+03 5.744e+02 3.730e+02
s>                ( - 1.820e+03 2 0)
s>                ( WDBNDRY_B 0 5.623e+03 4.356e+02 2.592e+02
s>                    ( - 3.994e+03 11 0 QUESTION0 -1 3.110e+02 1.894e+02)
s>                    ( - 1.193e+03 5 0 QUESTION0_0_R 1 1.351e+02 6.979e+01)))))INFO: dtree.c(1478): Final simple tree
|( QUESTION0 -1 3.346e+04 1.274e+03 1.689e+03
|    ( SILENCE 1 1.128e+04 5.519e+02 6.167e+02
|        ( - 3.925e+03 1 0)
|        ( QUESTION0_10_R 1 6.801e+03 3.408e+02 4.044e+02
|            ( - 2.551e+03 2 0 WDBNDRY_E 0 1.452e+02 1.793e+02)
|            ( - 3.909e+03 11 0 QUESTION0_8_R 1 1.788e+02 2.251e+02)))
|    ( WDBNDRY_E 0 2.091e+04 8.864e+02 1.072e+03
|        ( SILENCE 1 1.654e+04 5.716e+02 8.415e+02
|            ( - 4.542e+03 1 0)
|            ( QUESTION0_1_R 1 1.142e+04 2.494e+02 5.945e+02
|                ( - 1.494e+03 1 0)
|                ( QUESTION6 1 9.679e+03 2.304e+02 5.048e+02
|                    ( - 3.940e+03 8 0 QUESTION7 1 1.948e+02 2.079e+02)
|                    ( - 5.509e+03 11 0 QUESTION2 1 2.097e+02 2.970e+02))))
|        ( - 3.489e+03 1 0)))
s>    ( QUESTION0 -1 3.346e+04 1.274e+03 1.689e+03
s>        ( SILENCE 1 1.128e+04 5.519e+02 6.167e+02
s>            ( - 3.925e+03 1 0)
s>            ( QUESTION0_10_R 1 6.801e+03 3.408e+02 4.044e+02
s>                ( - 2.551e+03 2 0 WDBNDRY_E 0 1.452e+02 1.793e+02)
s>                ( - 3.909e+03 11 0 QUESTION0_8_R 1 1.788e+02 2.251e+02)))
s>        ( WDBNDRY_E 0 2.091e+04 8.864e+02 1.072e+03
s>            ( SILENCE 1 1.654e+04 5.716e+02 8.415e+02
s>                ( - 4.542e+03 1 0)
s>                ( QUESTION0_1_R 1 1.142e+04 2.494e+02 5.945e+02
s>                    ( - 1.494e+03 1 0)
s>                    ( QUESTION6 1 9.679e+03 2.304e+02 5.048e+02
s>                        ( - 3.940e+03 8 0 QUESTION7 1 1.948e+02 2.079e+02)
s>                        ( - 5.509e+03 11 0 QUESTION2 1 2.097e+02 2.970e+02))))
s>            ( - 3.489e+03 1 0)))INFO: dtree.c(1315): Comp split 1
INFO: dtree.c(1478): Final simple tree
|( SILENCE 1 2.312e+04 7.194e+02 1.084e+03
|    ( - 6.306e+03 1 0)
|    ( QUESTION0 -1 1.609e+04 4.718e+02 7.690e+02
|        ( QUESTION0_16_R 1 1.428e+04 3.151e+02 6.942e+02
|            ( - 4.296e+03 3 0 QUESTION0_17_R 1 1.940e+02 2.202e+02)
|            ( QUESTION4 1 9.668e+03 2.959e+02 4.740e+02
|                ( QUESTION0_0_R 1 3.056e+03 2.145e+02 1.602e+02
|                    ( - 8.907e+02 1 0)
|                    ( - 1.951e+03 1 0))
|                ( QUESTION7 1 6.316e+03 2.692e+02 3.138e+02
|                    ( - 1.939e+03 3 0 WDBNDRY_E 0 8.714e+01 1.094e+02)
|                    ( QUESTION0_9_R 1 4.108e+03 2.280e+02 2.044e+02
|                        ( - 1.594e+03 4 0 QUESTION13 1 1.590e+02 8.607e+01)
|                        ( - 2.286e+03 7 0 WDBNDRY_E 0 2.141e+02 1.184e+02)))))
|        ( - 1.342e+03 4 0 QUESTION0_1_R 1 1.738e+02 7.481e+01)))
s>    ( SILENCE 1 2.312e+04 7.194e+02 1.084e+03
s>        ( - 6.306e+03 1 0)
s>        ( QUESTION0 -1 1.609e+04 4.718e+02 7.690e+02
s>            ( QUESTION0_16_R 1 1.428e+04 3.151e+02 6.942e+02
s>                ( - 4.296e+03 3 0 QUESTION0_17_R 1 1.940e+02 2.202e+02)
s>                ( QUESTION4 1 9.668e+03 2.959e+02 4.740e+02
s>                    ( QUESTION0_0_R 1 3.056e+03 2.145e+02 1.602e+02
s>                        ( - 8.907e+02 1 0)
s>                        ( - 1.951e+03 1 0))
s>                    ( QUESTION7 1 6.316e+03 2.692e+02 3.138e+02
s>                        ( - 1.939e+03 3 0 WDBNDRY_E 0 8.714e+01 1.094e+02)
s>                        ( QUESTION0_9_R 1 4.108e+03 2.280e+02 2.044e+02
s>                            ( - 1.594e+03 4 0 QUESTION13 1 1.590e+02 8.607e+01)
s>                            ( - 2.286e+03 7 0 WDBNDRY_E 0 2.141e+02 1.184e+02)))))
s>            ( - 1.342e+03 4 0 QUESTION0_1_R 1 1.738e+02 7.481e+01)))INFO: dtree.c(1478): Final simple tree
|( QUESTION1 -1 1.262e+04 1.026e+03 5.980e+02
|    ( QUESTION2 1 5.326e+03 3.095e+02 2.948e+02
|        ( - 2.491e+03 3 0 WDBNDRY_B 0 4.189e+01 1.360e+02)
|        ( SILENCE 1 2.526e+03 1.513e+02 1.588e+02
|            ( - 4.538e+02 1 0)
|            ( - 1.921e+03 7 0 QUESTION0_8_R 1 1.376e+02 1.263e+02)))
|    ( SILENCE -1 6.265e+03 4.502e+02 3.032e+02
|        ( - 1.820e+03 2 0)
|        ( QUESTION0 -1 3.994e+03 3.110e+02 1.894e+02
|            ( - 9.524e+02 3 0)
|            ( QUESTION4 -1 2.731e+03 2.493e+02 1.366e+02
|                ( - 9.979e+02 2 0 QUESTION2_1_L -1 1.329e+02 5.727e+01)
|                ( QUESTION2_2_L -1 1.484e+03 1.618e+02 7.932e+01
|                    ( - 6.262e+02 3 0 QUESTION2_5_L -1 9.699e+01 3.788e+01)
|                    ( - 6.957e+02 3 0 QUESTION7 -1 9.762e+01 4.143e+01))))))
s>    ( QUESTION1 -1 1.262e+04 1.026e+03 5.980e+02
s>        ( QUESTION2 1 5.326e+03 3.095e+02 2.948e+02
s>            ( - 2.491e+03 3 0 WDBNDRY_B 0 4.189e+01 1.360e+02)
s>            ( SILENCE 1 2.526e+03 1.513e+02 1.588e+02
s>                ( - 4.538e+02 1 0)
s>                ( - 1.921e+03 7 0 QUESTION0_8_R 1 1.376e+02 1.263e+02)))
s>        ( SILENCE -1 6.265e+03 4.502e+02 3.032e+02
s>            ( - 1.820e+03 2 0)
s>            ( QUESTION0 -1 3.994e+03 3.110e+02 1.894e+02
s>                ( - 9.524e+02 3 0)
s>                ( QUESTION4 -1 2.731e+03 2.493e+02 1.366e+02
s>                    ( - 9.979e+02 2 0 QUESTION2_1_L -1 1.329e+02 5.727e+01)
s>                    ( QUESTION2_2_L -1 1.484e+03 1.618e+02 7.932e+01
s>                        ( - 6.262e+02 3 0 QUESTION2_5_L -1 9.699e+01 3.788e+01)
s>                        ( - 6.957e+02 3 0 QUESTION7 -1 9.762e+01 4.143e+01))))))INFO: dtree.c(1315): Comp split 2
INFO: dtree.c(1478): Final simple tree
|( SILENCE 1 1.654e+04 5.716e+02 8.415e+02
|    ( - 4.542e+03 1 0)
|    ( QUESTION0_1_R 1 1.142e+04 2.494e+02 5.945e+02
|        ( - 1.494e+03 1 0)
|        ( QUESTION6 1 9.679e+03 2.304e+02 5.048e+02
|            ( QUESTION7 1 3.940e+03 1.948e+02 2.079e+02
|                ( - 2.230e+03 4 0 QUESTION0_18_R 1 1.405e+02 1.211e+02)
|                ( - 1.514e+03 4 0 QUESTION0_10_R 1 1.529e+02 8.674e+01))
|            ( QUESTION2 1 5.509e+03 2.097e+02 2.970e+02
|                ( - 2.333e+03 5 0 QUESTION0_0_R 1 1.484e+02 1.335e+02)
|                ( QUESTION0_15_R 1 2.966e+03 1.772e+02 1.634e+02
|                    ( - 2.508e+02 2 0 QUESTION0_16_R 1 5.531e+01 1.900e+01)
|                    ( QUESTION4 1 2.538e+03 1.530e+02 1.444e+02
|                        ( - 5.352e+02 1 0)
|                        ( - 1.850e+03 3 0 QUESTION0_8_R 1 1.187e+02 1.075e+02)))))))
s>    ( SILENCE 1 1.654e+04 5.716e+02 8.415e+02
s>        ( - 4.542e+03 1 0)
s>        ( QUESTION0_1_R 1 1.142e+04 2.494e+02 5.945e+02
s>            ( - 1.494e+03 1 0)
s>            ( QUESTION6 1 9.679e+03 2.304e+02 5.048e+02
s>                ( QUESTION7 1 3.940e+03 1.948e+02 2.079e+02
s>                    ( - 2.230e+03 4 0 QUESTION0_18_R 1 1.405e+02 1.211e+02)
s>                    ( - 1.514e+03 4 0 QUESTION0_10_R 1 1.529e+02 8.674e+01))
s>                ( QUESTION2 1 5.509e+03 2.097e+02 2.970e+02
s>                    ( - 2.333e+03 5 0 QUESTION0_0_R 1 1.484e+02 1.335e+02)
s>                    ( QUESTION0_15_R 1 2.966e+03 1.772e+02 1.634e+02
s>                        ( - 2.508e+02 2 0 QUESTION0_16_R 1 5.531e+01 1.900e+01)
s>                        ( QUESTION4 1 2.538e+03 1.530e+02 1.444e+02
s>                            ( - 5.352e+02 1 0)
s>                            ( - 1.850e+03 3 0 QUESTION0_8_R 1 1.187e+02 1.075e+02)))))))INFO: dtree.c(1478): Final simple tree
|( QUESTION0 -1 1.564e+04 8.690e+02 8.472e+02
|    ( SILENCE 1 1.128e+04 5.519e+02 6.167e+02
|        ( - 3.925e+03 1 0)
|        ( QUESTION0_10_R 1 6.801e+03 3.408e+02 4.044e+02
|            ( WDBNDRY_E 0 2.551e+03 1.452e+02 1.793e+02
|                ( - 4.304e+02 1 0)
|                ( - 1.976e+03 1 0))
|            ( QUESTION0_8_R 1 3.909e+03 1.788e+02 2.251e+02
|                ( - 1.218e+03 3 0 QUESTION0 1 8.132e+01 7.946e+01)
|                ( QUESTION6 1 2.512e+03 1.714e+02 1.457e+02
|                    ( - 6.251e+02 4 0 WDBNDRY_E 0 8.673e+01 3.898e+01)
|                    ( QUESTION0_16_R 1 1.716e+03 1.410e+02 1.067e+02
|                        ( - 8.748e+02 1 0)
|                        ( - 6.999e+02 3 0 QUESTION0_0_R 1 7.037e+01 4.788e+01))))))
|    ( - 3.489e+03 1 0))
s>    ( QUESTION0 -1 1.564e+04 8.690e+02 8.472e+02
s>        ( SILENCE 1 1.128e+04 5.519e+02 6.167e+02
s>            ( - 3.925e+03 1 0)
s>            ( QUESTION0_10_R 1 6.801e+03 3.408e+02 4.044e+02
s>                ( WDBNDRY_E 0 2.551e+03 1.452e+02 1.793e+02
s>                    ( - 4.304e+02 1 0)
s>                    ( - 1.976e+03 1 0))
s>                ( QUESTION0_8_R 1 3.909e+03 1.788e+02 2.251e+02
s>                    ( - 1.218e+03 3 0 QUESTION0 1 8.132e+01 7.946e+01)
s>                    ( QUESTION6 1 2.512e+03 1.714e+02 1.457e+02
s>                        ( - 6.251e+02 4 0 WDBNDRY_E 0 8.673e+01 3.898e+01)
s>                        ( QUESTION0_16_R 1 1.716e+03 1.410e+02 1.067e+02
s>                            ( - 8.748e+02 1 0)
s>                            ( - 6.999e+02 3 0 QUESTION0_0_R 1 7.037e+01 4.788e+01))))))
s>        ( - 3.489e+03 1 0))INFO: dtree.c(1315): Comp split 3
INFO: dtree.c(1478): Final simple tree
|( SILENCE -1 6.265e+03 4.502e+02 3.032e+02
|    ( - 1.820e+03 2 0)
|    ( QUESTION0 -1 3.994e+03 3.110e+02 1.894e+02
|        ( - 9.524e+02 3 0)
|        ( QUESTION4 -1 2.731e+03 2.493e+02 1.366e+02
|            ( QUESTION2_1_L -1 9.979e+02 1.329e+02 5.727e+01
|                ( - 1.110e+02 1 0)
|                ( - 7.540e+02 1 0))
|            ( QUESTION2_2_L -1 1.484e+03 1.618e+02 7.932e+01
|                ( QUESTION2_5_L -1 6.262e+02 9.699e+01 3.788e+01
|                    ( - 3.760e+02 1 0)
|                    ( - 1.531e+02 2 0 QUESTION6 -1 4.201e+01 1.300e+01))
|                ( QUESTION7 -1 6.957e+02 9.762e+01 4.143e+01
|                    ( - 2.116e+02 2 0 QUESTION8 -1 3.435e+01 1.560e+01)
|                    ( - 3.865e+02 1 0))))))
s>    ( SILENCE -1 6.265e+03 4.502e+02 3.032e+02
s>        ( - 1.820e+03 2 0)
s>        ( QUESTION0 -1 3.994e+03 3.110e+02 1.894e+02
s>            ( - 9.524e+02 3 0)
s>            ( QUESTION4 -1 2.731e+03 2.493e+02 1.366e+02
s>                ( QUESTION2_1_L -1 9.979e+02 1.329e+02 5.727e+01
s>                    ( - 1.110e+02 1 0)
s>                    ( - 7.540e+02 1 0))
s>                ( QUESTION2_2_L -1 1.484e+03 1.618e+02 7.932e+01
s>                    ( QUESTION2_5_L -1 6.262e+02 9.699e+01 3.788e+01
s>                        ( - 3.760e+02 1 0)
s>                        ( - 1.531e+02 2 0 QUESTION6 -1 4.201e+01 1.300e+01))
s>                    ( QUESTION7 -1 6.957e+02 9.762e+01 4.143e+01
s>                        ( - 2.116e+02 2 0 QUESTION8 -1 3.435e+01 1.560e+01)
s>                        ( - 3.865e+02 1 0))))))INFO: dtree.c(1478): Final simple tree
|( QUESTION2 1 5.326e+03 3.095e+02 2.948e+02
|    ( WDBNDRY_B 0 2.491e+03 4.189e+01 1.360e+02
|        ( - 2.427e+03 2 0)
|        ( - 2.176e+01 1 0))
|    ( SILENCE 1 2.526e+03 1.513e+02 1.588e+02
|        ( - 4.538e+02 1 0)
|        ( QUESTION0_8_R 1 1.921e+03 1.376e+02 1.263e+02
|            ( - 1.082e+03 2 0 QUESTION0 1 2.357e+01 7.364e+01)
|            ( QUESTION0_16_R 1 7.011e+02 8.797e+01 5.264e+01
|                ( - 3.827e+02 1 0)
|                ( WDBNDRY_E 0 2.304e+02 5.464e+01 2.012e+01
|                    ( QUESTION0_0_R 1 9.359e+01 2.552e+01 1.112e+01
|                        ( - 3.425e+01 1 0)
|                        ( - 3.383e+01 2 0 QUESTION0_10_R 1 1.152e+01 6.002e+00))
|                    ( - 8.220e+01 1 0))))))
s>    ( QUESTION2 1 5.326e+03 3.095e+02 2.948e+02
s>        ( WDBNDRY_B 0 2.491e+03 4.189e+01 1.360e+02
s>            ( - 2.427e+03 2 0)
s>            ( - 2.176e+01 1 0))
s>        ( SILENCE 1 2.526e+03 1.513e+02 1.588e+02
s>            ( - 4.538e+02 1 0)
s>            ( QUESTION0_8_R 1 1.921e+03 1.376e+02 1.263e+02
s>                ( - 1.082e+03 2 0 QUESTION0 1 2.357e+01 7.364e+01)
s>                ( QUESTION0_16_R 1 7.011e+02 8.797e+01 5.264e+01
s>                    ( - 3.827e+02 1 0)
s>                    ( WDBNDRY_E 0 2.304e+02 5.464e+01 2.012e+01
s>                        ( QUESTION0_0_R 1 9.359e+01 2.552e+01 1.112e+01
s>                            ( - 3.425e+01 1 0)
s>                            ( - 3.383e+01 2 0 QUESTION0_10_R 1 1.152e+01 6.002e+00))
s>                        ( - 8.220e+01 1 0))))))INFO: dtree.c(1315): Comp split 4
INFO: dtree.c(1478): Final simple tree
|( SILENCE 1 1.128e+04 5.519e+02 6.167e+02
|    ( - 3.925e+03 1 0)
|    ( QUESTION0_10_R 1 6.801e+03 3.408e+02 4.044e+02
|        ( WDBNDRY_E 0 2.551e+03 1.452e+02 1.793e+02
|            ( - 4.304e+02 1 0)
|            ( - 1.976e+03 1 0))
|        ( QUESTION0_8_R 1 3.909e+03 1.788e+02 2.251e+02
|            ( - 1.218e+03 3 0 QUESTION0 1 8.132e+01 7.946e+01)
|            ( QUESTION6 1 2.512e+03 1.714e+02 1.457e+02
|                ( WDBNDRY_E 0 6.251e+02 8.673e+01 3.898e+01
|                    ( - 4.659e+02 3 0 QUESTION0_19_R 1 5.268e+01 2.998e+01)
|                    ( - 7.253e+01 1 0))
|                ( QUESTION0_16_R 1 1.716e+03 1.410e+02 1.067e+02
|                    ( - 8.748e+02 1 0)
|                    ( - 6.999e+02 3 0 QUESTION0_0_R 1 7.037e+01 4.788e+01))))))
s>    ( SILENCE 1 1.128e+04 5.519e+02 6.167e+02
s>        ( - 3.925e+03 1 0)
s>        ( QUESTION0_10_R 1 6.801e+03 3.408e+02 4.044e+02
s>            ( WDBNDRY_E 0 2.551e+03 1.452e+02 1.793e+02
s>                ( - 4.304e+02 1 0)
s>                ( - 1.976e+03 1 0))
s>            ( QUESTION0_8_R 1 3.909e+03 1.788e+02 2.251e+02
s>                ( - 1.218e+03 3 0 QUESTION0 1 8.132e+01 7.946e+01)
s>                ( QUESTION6 1 2.512e+03 1.714e+02 1.457e+02
s>                    ( WDBNDRY_E 0 6.251e+02 8.673e+01 3.898e+01
s>                        ( - 4.659e+02 3 0 QUESTION0_19_R 1 5.268e+01 2.998e+01)
s>                        ( - 7.253e+01 1 0))
s>                    ( QUESTION0_16_R 1 1.716e+03 1.410e+02 1.067e+02
s>                        ( - 8.748e+02 1 0)
s>                        ( - 6.999e+02 3 0 QUESTION0_0_R 1 7.037e+01 4.788e+01))))))INFO: dtree.c(1315): Comp split 5
INFO: dtree.c(1478): Final simple tree
|( QUESTION0 -1 1.609e+04 4.718e+02 7.690e+02
|    ( QUESTION0_16_R 1 1.428e+04 3.151e+02 6.942e+02
|        ( - 4.296e+03 3 0 QUESTION0_17_R 1 1.940e+02 2.202e+02)
|        ( QUESTION4 1 9.668e+03 2.959e+02 4.740e+02
|            ( QUESTION0_0_R 1 3.056e+03 2.145e+02 1.602e+02
|                ( - 8.907e+02 1 0)
|                ( - 1.951e+03 1 0))
|            ( QUESTION7 1 6.316e+03 2.692e+02 3.138e+02
|                ( - 1.939e+03 3 0 WDBNDRY_E 0 8.714e+01 1.094e+02)
|                ( QUESTION0_9_R 1 4.108e+03 2.280e+02 2.044e+02
|                    ( - 1.594e+03 4 0 QUESTION13 1 1.590e+02 8.607e+01)
|                    ( WDBNDRY_E 0 2.286e+03 2.141e+02 1.184e+02
|                        ( - 1.357e+03 5 0 QUESTION1 1 1.560e+02 7.336e+01)
|                        ( - 7.149e+02 2 0 WDBNDRY_B 0 2.563e+01 4.500e+01))))))
|    ( - 1.342e+03 4 0 QUESTION0_1_R 1 1.738e+02 7.481e+01))
s>    ( QUESTION0 -1 1.609e+04 4.718e+02 7.690e+02
s>        ( QUESTION0_16_R 1 1.428e+04 3.151e+02 6.942e+02
s>            ( - 4.296e+03 3 0 QUESTION0_17_R 1 1.940e+02 2.202e+02)
s>            ( QUESTION4 1 9.668e+03 2.959e+02 4.740e+02
s>                ( QUESTION0_0_R 1 3.056e+03 2.145e+02 1.602e+02
s>                    ( - 8.907e+02 1 0)
s>                    ( - 1.951e+03 1 0))
s>                ( QUESTION7 1 6.316e+03 2.692e+02 3.138e+02
s>                    ( - 1.939e+03 3 0 WDBNDRY_E 0 8.714e+01 1.094e+02)
s>                    ( QUESTION0_9_R 1 4.108e+03 2.280e+02 2.044e+02
s>                        ( - 1.594e+03 4 0 QUESTION13 1 1.590e+02 8.607e+01)
s>                        ( WDBNDRY_E 0 2.286e+03 2.141e+02 1.184e+02
s>                            ( - 1.357e+03 5 0 QUESTION1 1 1.560e+02 7.336e+01)
s>                            ( - 7.149e+02 2 0 WDBNDRY_B 0 2.563e+01 4.500e+01))))))
s>        ( - 1.342e+03 4 0 QUESTION0_1_R 1 1.738e+02 7.481e+01))INFO: dtree.c(1315): Comp split 6
INFO: dtree.c(1439): stop. leaf nodes are specific
INFO: dtree.c(1478): Final simple tree
|( SILENCE 1 4.962e+03 1.692e+02 2.660e+02
|    ( - 4.542e+03 1 0)
|    ( QUESTION0_16_R 1 2.508e+02 5.531e+01 1.900e+01
|        ( - 4.765e+01 1 0)
|        ( - 1.479e+02 1 0)))
s>    ( SILENCE 1 4.962e+03 1.692e+02 2.660e+02
s>        ( - 4.542e+03 1 0)
s>        ( QUESTION0_16_R 1 2.508e+02 5.531e+01 1.900e+01
s>            ( - 4.765e+01 1 0)
s>            ( - 1.479e+02 1 0)))INFO: dtree.c(1478): Final simple tree
|( QUESTION6 1 1.099e+04 2.466e+02 5.755e+02
|    ( QUESTION7 1 3.940e+03 1.948e+02 2.079e+02
|        ( - 2.230e+03 4 0 QUESTION0_18_R 1 1.405e+02 1.211e+02)
|        ( QUESTION0_10_R 1 1.514e+03 1.529e+02 8.674e+01
|            ( - 7.472e+02 1 0)
|            ( - 6.144e+02 3 0 QUESTION0_14_R 1 9.712e+01 4.001e+01)))
|    ( QUESTION0_1_R 1 6.802e+03 2.342e+02 3.676e+02
|        ( - 1.494e+03 1 0)
|        ( QUESTION2 1 5.074e+03 2.028e+02 2.780e+02
|            ( QUESTION0_0_R 1 2.333e+03 1.484e+02 1.335e+02
|                ( - 1.144e+03 2 0)
|                ( - 1.040e+03 3 0))
|            ( QUESTION4 1 2.538e+03 1.530e+02 1.444e+02
|                ( - 5.352e+02 1 0)
|                ( - 1.850e+03 3 0 QUESTION0_8_R 1 1.187e+02 1.075e+02)))))
s>    ( QUESTION6 1 1.099e+04 2.466e+02 5.755e+02
s>        ( QUESTION7 1 3.940e+03 1.948e+02 2.079e+02
s>            ( - 2.230e+03 4 0 QUESTION0_18_R 1 1.405e+02 1.211e+02)
s>            ( QUESTION0_10_R 1 1.514e+03 1.529e+02 8.674e+01
s>                ( - 7.472e+02 1 0)
s>                ( - 6.144e+02 3 0 QUESTION0_14_R 1 9.712e+01 4.001e+01)))
s>        ( QUESTION0_1_R 1 6.802e+03 2.342e+02 3.676e+02
s>            ( - 1.494e+03 1 0)
s>            ( QUESTION2 1 5.074e+03 2.028e+02 2.780e+02
s>                ( QUESTION0_0_R 1 2.333e+03 1.484e+02 1.335e+02
s>                    ( - 1.144e+03 2 0)
s>                    ( - 1.040e+03 3 0))
s>                ( QUESTION4 1 2.538e+03 1.530e+02 1.444e+02
s>                    ( - 5.352e+02 1 0)
s>                    ( - 1.850e+03 3 0 QUESTION0_8_R 1 1.187e+02 1.075e+02)))))INFO: dtree.c(1315): Comp split 7
INFO: dtree.c(1478): Final simple tree
|( QUESTION0_10_R 1 6.801e+03 3.408e+02 4.044e+02
|    ( WDBNDRY_E 0 2.551e+03 1.452e+02 1.793e+02
|        ( - 4.304e+02 1 0)
|        ( - 1.976e+03 1 0))
|    ( QUESTION0_8_R 1 3.909e+03 1.788e+02 2.251e+02
|        ( QUESTION0 1 1.218e+03 8.132e+01 7.946e+01
|            ( - 2.163e+02 2 0 QUESTION1 1 3.774e+01 1.802e+01)
|            ( - 9.203e+02 1 0))
|        ( QUESTION6 1 2.512e+03 1.714e+02 1.457e+02
|            ( WDBNDRY_E 0 6.251e+02 8.673e+01 3.898e+01
|                ( - 4.659e+02 3 0 QUESTION0_19_R 1 5.268e+01 2.998e+01)
|                ( - 7.253e+01 1 0))
|            ( QUESTION0_16_R 1 1.716e+03 1.410e+02 1.067e+02
|                ( - 8.748e+02 1 0)
|                ( - 6.999e+02 3 0 QUESTION0_0_R 1 7.037e+01 4.788e+01)))))
s>    ( QUESTION0_10_R 1 6.801e+03 3.408e+02 4.044e+02
s>        ( WDBNDRY_E 0 2.551e+03 1.452e+02 1.793e+02
s>            ( - 4.304e+02 1 0)
s>            ( - 1.976e+03 1 0))
s>        ( QUESTION0_8_R 1 3.909e+03 1.788e+02 2.251e+02
s>            ( QUESTION0 1 1.218e+03 8.132e+01 7.946e+01
s>                ( - 2.163e+02 2 0 QUESTION1 1 3.774e+01 1.802e+01)
s>                ( - 9.203e+02 1 0))
s>            ( QUESTION6 1 2.512e+03 1.714e+02 1.457e+02
s>                ( WDBNDRY_E 0 6.251e+02 8.673e+01 3.898e+01
s>                    ( - 4.659e+02 3 0 QUESTION0_19_R 1 5.268e+01 2.998e+01)
s>                    ( - 7.253e+01 1 0))
s>                ( QUESTION0_16_R 1 1.716e+03 1.410e+02 1.067e+02
s>                    ( - 8.748e+02 1 0)
s>                    ( - 6.999e+02 3 0 QUESTION0_0_R 1 7.037e+01 4.788e+01)))))INFO: dtree.c(1315): Comp split 8
INFO: dtree.c(1439): stop. leaf nodes are specific
INFO: dtree.c(1478): Final simple tree
|( QUESTION0 -1 2.603e+03 2.563e+02 1.267e+02
|    ( - 9.524e+02 3 0)
|    ( QUESTION4 -1 1.394e+03 1.840e+02 7.382e+01
|        ( - 7.540e+02 1 0)
|        ( QUESTION7 -1 4.563e+02 9.166e+01 2.860e+01
|            ( QUESTION8 -1 2.116e+02 3.435e+01 1.560e+01
|                ( - 2.138e+01 1 0)
|                ( - 1.558e+02 1 0))
|            ( QUESTION6 -1 1.531e+02 4.201e+01 1.300e+01
|                ( - 2.854e+01 1 0)
|                ( - 8.258e+01 1 0)))))
s>    ( QUESTION0 -1 2.603e+03 2.563e+02 1.267e+02
s>        ( - 9.524e+02 3 0)
s>        ( QUESTION4 -1 1.394e+03 1.840e+02 7.382e+01
s>            ( - 7.540e+02 1 0)
s>            ( QUESTION7 -1 4.563e+02 9.166e+01 2.860e+01
s>                ( QUESTION8 -1 2.116e+02 3.435e+01 1.560e+01
s>                    ( - 2.138e+01 1 0)
s>                    ( - 1.558e+02 1 0))
s>                ( QUESTION6 -1 1.531e+02 4.201e+01 1.300e+01
s>                    ( - 2.854e+01 1 0)
s>                    ( - 8.258e+01 1 0)))))INFO: dtree.c(1439): stop. leaf nodes are specific
INFO: dtree.c(1478): Final simple tree
|( SILENCE -1 3.181e+03 2.751e+02 1.765e+02
|    ( - 1.820e+03 2 0)
|    ( QUESTION16 -1 1.086e+03 1.357e+02 6.277e+01
|        ( - 3.760e+02 1 0)
|        ( QUESTION4 -1 5.739e+02 7.636e+01 3.788e+01
|            ( - 1.110e+02 1 0)
|            ( - 3.865e+02 1 0))))
s>    ( SILENCE -1 3.181e+03 2.751e+02 1.765e+02
s>        ( - 1.820e+03 2 0)
s>        ( QUESTION16 -1 1.086e+03 1.357e+02 6.277e+01
s>            ( - 3.760e+02 1 0)
s>            ( QUESTION4 -1 5.739e+02 7.636e+01 3.788e+01
s>                ( - 1.110e+02 1 0)
s>                ( - 3.865e+02 1 0))))INFO: dtree.c(1315): Comp split 9
INFO: dtree.c(1478): Final simple tree
|( QUESTION0_16_R 1 1.428e+04 3.151e+02 6.942e+02
|    ( QUESTION0_17_R 1 4.296e+03 1.940e+02 2.202e+02
|        ( - 4.911e+02 2 0 WDBNDRY_E 0 9.234e+01 2.998e+01)
|        ( - 3.610e+03 1 0))
|    ( QUESTION4 1 9.668e+03 2.959e+02 4.740e+02
|        ( QUESTION0_0_R 1 3.056e+03 2.145e+02 1.602e+02
|            ( - 8.907e+02 1 0)
|            ( - 1.951e+03 1 0))
|        ( QUESTION7 1 6.316e+03 2.692e+02 3.138e+02
|            ( - 1.939e+03 3 0 WDBNDRY_E 0 8.714e+01 1.094e+02)
|            ( QUESTION0_9_R 1 4.108e+03 2.280e+02 2.044e+02
|                ( - 1.594e+03 4 0 QUESTION13 1 1.590e+02 8.607e+01)
|                ( WDBNDRY_E 0 2.286e+03 2.141e+02 1.184e+02
|                    ( - 1.357e+03 5 0 QUESTION1 1 1.560e+02 7.336e+01)
|                    ( - 7.149e+02 2 0 WDBNDRY_B 0 2.563e+01 4.500e+01))))))
s>    ( QUESTION0_16_R 1 1.428e+04 3.151e+02 6.942e+02
s>        ( QUESTION0_17_R 1 4.296e+03 1.940e+02 2.202e+02
s>            ( - 4.911e+02 2 0 WDBNDRY_E 0 9.234e+01 2.998e+01)
s>            ( - 3.610e+03 1 0))
s>        ( QUESTION4 1 9.668e+03 2.959e+02 4.740e+02
s>            ( QUESTION0_0_R 1 3.056e+03 2.145e+02 1.602e+02
s>                ( - 8.907e+02 1 0)
s>                ( - 1.951e+03 1 0))
s>            ( QUESTION7 1 6.316e+03 2.692e+02 3.138e+02
s>                ( - 1.939e+03 3 0 WDBNDRY_E 0 8.714e+01 1.094e+02)
s>                ( QUESTION0_9_R 1 4.108e+03 2.280e+02 2.044e+02
s>                    ( - 1.594e+03 4 0 QUESTION13 1 1.590e+02 8.607e+01)
s>                    ( WDBNDRY_E 0 2.286e+03 2.141e+02 1.184e+02
s>                        ( - 1.357e+03 5 0 QUESTION1 1 1.560e+02 7.336e+01)
s>                        ( - 7.149e+02 2 0 WDBNDRY_B 0 2.563e+01 4.500e+01))))))INFO: dtree.c(1439): stop. leaf nodes are specific
INFO: dtree.c(1478): Final simple tree
|( QUESTION0_1_R 1 1.342e+03 1.738e+02 7.481e+01
|    ( - 7.924e+02 1 0)
|    ( WDBNDRY_B 0 3.760e+02 7.804e+01 2.400e+01
|        ( - 1.159e+02 1 0)
|        ( QUESTION0_8_R 1 1.821e+02 4.409e+01 1.400e+01
|            ( - 4.017e+01 1 0)
|            ( - 9.784e+01 1 0))))
s>    ( QUESTION0_1_R 1 1.342e+03 1.738e+02 7.481e+01
s>        ( - 7.924e+02 1 0)
s>        ( WDBNDRY_B 0 3.760e+02 7.804e+01 2.400e+01
s>            ( - 1.159e+02 1 0)
s>            ( QUESTION0_8_R 1 1.821e+02 4.409e+01 1.400e+01
s>                ( - 4.017e+01 1 0)
s>                ( - 9.784e+01 1 0))))INFO: dtree.c(1315): Comp split 10
INFO: dtree.c(1439): stop. leaf nodes are specific
INFO: dtree.c(1478): Final simple tree
|( QUESTION0_10_R 1 6.724e+03 2.590e+02 3.446e+02
|    ( WDBNDRY_E 0 1.939e+03 8.714e+01 1.094e+02
|        ( QUESTION2_0_L -1 1.779e+03 6.328e+01 1.019e+02
|            ( - 2.074e+01 1 0)
|            ( - 1.695e+03 1 0))
|        ( - 7.271e+01 1 0))
|    ( WDBNDRY_E 0 4.527e+03 2.011e+02 2.352e+02
|        ( - 3.610e+03 1 0)
|        ( WDBNDRY_B 0 7.149e+02 2.563e+01 4.500e+01
|            ( - 2.857e-01 1 0)
|            ( - 6.890e+02 1 0))))
s>    ( QUESTION0_10_R 1 6.724e+03 2.590e+02 3.446e+02
s>        ( WDBNDRY_E 0 1.939e+03 8.714e+01 1.094e+02
s>            ( QUESTION2_0_L -1 1.779e+03 6.328e+01 1.019e+02
s>                ( - 2.074e+01 1 0)
s>                ( - 1.695e+03 1 0))
s>            ( - 7.271e+01 1 0))
s>        ( WDBNDRY_E 0 4.527e+03 2.011e+02 2.352e+02
s>            ( - 3.610e+03 1 0)
s>            ( WDBNDRY_B 0 7.149e+02 2.563e+01 4.500e+01
s>                ( - 2.857e-01 1 0)
s>                ( - 6.890e+02 1 0))))INFO: dtree.c(1478): Final simple tree
|( QUESTION4 1 7.194e+03 2.933e+02 3.496e+02
|    ( QUESTION0_0_R 1 3.056e+03 2.145e+02 1.602e+02
|        ( - 8.907e+02 1 0)
|        ( - 1.951e+03 1 0))
|    ( QUESTION13 1 3.845e+03 2.535e+02 1.894e+02
|        ( - 9.279e+02 2 0 WDBNDRY_E 0 7.482e+01 5.393e+01)
|        ( QUESTION0_9_R 1 2.663e+03 1.896e+02 1.355e+02
|            ( QUESTION10 1 1.116e+03 1.237e+02 6.212e+01
|                ( - 2.345e+02 2 0 QUESTION0_10_R 1 4.560e+01 1.727e+01)
|                ( WDBNDRY_E 0 7.582e+02 9.241e+01 4.485e+01
|                    ( - 4.309e+02 1 0)
|                    ( - 2.349e+02 1 0)))
|            ( QUESTION1 1 1.357e+03 1.560e+02 7.336e+01
|                ( - 6.131e+02 1 0)
|                ( - 5.881e+02 4 0 QUESTION0_3_R 1 3.954e+01 3.579e+01)))))
s>    ( QUESTION4 1 7.194e+03 2.933e+02 3.496e+02
s>        ( QUESTION0_0_R 1 3.056e+03 2.145e+02 1.602e+02
s>            ( - 8.907e+02 1 0)
s>            ( - 1.951e+03 1 0))
s>        ( QUESTION13 1 3.845e+03 2.535e+02 1.894e+02
s>            ( - 9.279e+02 2 0 WDBNDRY_E 0 7.482e+01 5.393e+01)
s>            ( QUESTION0_9_R 1 2.663e+03 1.896e+02 1.355e+02
s>                ( QUESTION10 1 1.116e+03 1.237e+02 6.212e+01
s>                    ( - 2.345e+02 2 0 QUESTION0_10_R 1 4.560e+01 1.727e+01)
s>                    ( WDBNDRY_E 0 7.582e+02 9.241e+01 4.485e+01
s>                        ( - 4.309e+02 1 0)
s>                        ( - 2.349e+02 1 0)))
s>                ( QUESTION1 1 1.357e+03 1.560e+02 7.336e+01
s>                    ( - 6.131e+02 1 0)
s>                    ( - 5.881e+02 4 0 QUESTION0_3_R 1 3.954e+01 3.579e+01)))))INFO: dtree.c(1315): Comp split 11
INFO: dtree.c(1478): Final simple tree
|( QUESTION0_8_R 1 3.909e+03 1.788e+02 2.251e+02
|    ( QUESTION0 1 1.218e+03 8.132e+01 7.946e+01
|        ( - 2.163e+02 2 0 QUESTION1 1 3.774e+01 1.802e+01)
|        ( - 9.203e+02 1 0))
|    ( QUESTION6 1 2.512e+03 1.714e+02 1.457e+02
|        ( WDBNDRY_E 0 6.251e+02 8.673e+01 3.898e+01
|            ( QUESTION0_19_R 1 4.659e+02 5.268e+01 2.998e+01
|                ( - 3.830e+02 1 0)
|                ( - 3.023e+01 2 0 QUESTION0_0_R 1 1.305e+01 4.000e+00))
|            ( - 7.253e+01 1 0))
|        ( QUESTION0_16_R 1 1.716e+03 1.410e+02 1.067e+02
|            ( - 8.748e+02 1 0)
|            ( QUESTION0_0_R 1 6.999e+02 7.037e+01 4.788e+01
|                ( - 3.228e+02 2 0 QUESTION0_1_R 1 4.063e+01 2.396e+01)
|                ( - 3.068e+02 1 0)))))
s>    ( QUESTION0_8_R 1 3.909e+03 1.788e+02 2.251e+02
s>        ( QUESTION0 1 1.218e+03 8.132e+01 7.946e+01
s>            ( - 2.163e+02 2 0 QUESTION1 1 3.774e+01 1.802e+01)
s>            ( - 9.203e+02 1 0))
s>        ( QUESTION6 1 2.512e+03 1.714e+02 1.457e+02
s>            ( WDBNDRY_E 0 6.251e+02 8.673e+01 3.898e+01
s>                ( QUESTION0_19_R 1 4.659e+02 5.268e+01 2.998e+01
s>                    ( - 3.830e+02 1 0)
s>                    ( - 3.023e+01 2 0 QUESTION0_0_R 1 1.305e+01 4.000e+00))
s>                ( - 7.253e+01 1 0))
s>            ( QUESTION0_16_R 1 1.716e+03 1.410e+02 1.067e+02
s>                ( - 8.748e+02 1 0)
s>                ( QUESTION0_0_R 1 6.999e+02 7.037e+01 4.788e+01
s>                    ( - 3.228e+02 2 0 QUESTION0_1_R 1 4.063e+01 2.396e+01)
s>                    ( - 3.068e+02 1 0)))))INFO: dtree.c(1439): stop. leaf nodes are specific
INFO: dtree.c(1478): Final simple tree
|( WDBNDRY_E 0 2.551e+03 1.452e+02 1.793e+02
|    ( - 4.304e+02 1 0)
|    ( - 1.976e+03 1 0))
s>    ( WDBNDRY_E 0 2.551e+03 1.452e+02 1.793e+02
s>        ( - 4.304e+02 1 0)
s>        ( - 1.976e+03 1 0))INFO: dtree.c(1315): Comp split 12
INFO: dtree.c(1478): Final simple tree
|( SILENCE 1 2.526e+03 1.513e+02 1.588e+02
|    ( - 4.538e+02 1 0)
|    ( QUESTION0_8_R 1 1.921e+03 1.376e+02 1.263e+02
|        ( QUESTION0 1 1.082e+03 2.357e+01 7.364e+01
|            ( - 3.810e+00 1 0)
|            ( - 1.055e+03 1 0))
|        ( QUESTION0_16_R 1 7.011e+02 8.797e+01 5.264e+01
|            ( - 3.827e+02 1 0)
|            ( WDBNDRY_E 0 2.304e+02 5.464e+01 2.012e+01
|                ( QUESTION0_0_R 1 9.359e+01 2.552e+01 1.112e+01
|                    ( - 3.425e+01 1 0)
|                    ( QUESTION0_10_R 1 3.383e+01 1.152e+01 6.002e+00
|                        ( - 1.856e+01 1 0)
|                        ( - 3.755e+00 1 0)))
|                ( - 8.220e+01 1 0)))))
s>    ( SILENCE 1 2.526e+03 1.513e+02 1.588e+02
s>        ( - 4.538e+02 1 0)
s>        ( QUESTION0_8_R 1 1.921e+03 1.376e+02 1.263e+02
s>            ( QUESTION0 1 1.082e+03 2.357e+01 7.364e+01
s>                ( - 3.810e+00 1 0)
s>                ( - 1.055e+03 1 0))
s>            ( QUESTION0_16_R 1 7.011e+02 8.797e+01 5.264e+01
s>                ( - 3.827e+02 1 0)
s>                ( WDBNDRY_E 0 2.304e+02 5.464e+01 2.012e+01
s>                    ( QUESTION0_0_R 1 9.359e+01 2.552e+01 1.112e+01
s>                        ( - 3.425e+01 1 0)
s>                        ( QUESTION0_10_R 1 3.383e+01 1.152e+01 6.002e+00
s>                            ( - 1.856e+01 1 0)
s>                            ( - 3.755e+00 1 0)))
s>                    ( - 8.220e+01 1 0)))))INFO: dtree.c(1439): stop. leaf nodes are specific
INFO: dtree.c(1478): Final simple tree
|( WDBNDRY_B 0 2.491e+03 4.189e+01 1.360e+02
|    ( - 2.427e+03 2 0)
|    ( - 2.176e+01 1 0))
s>    ( WDBNDRY_B 0 2.491e+03 4.189e+01 1.360e+02
s>        ( - 2.427e+03 2 0)
s>        ( - 2.176e+01 1 0))INFO: dtree.c(1315): Comp split 13
INFO: dtree.c(1478): Final simple tree
|( QUESTION0_9_R 1 2.663e+03 1.896e+02 1.355e+02
|    ( QUESTION10 1 1.116e+03 1.237e+02 6.212e+01
|        ( QUESTION0_10_R 1 2.345e+02 4.560e+01 1.727e+01
|            ( - 2.502e+01 1 0)
|            ( - 1.638e+02 1 0))
|        ( WDBNDRY_E 0 7.582e+02 9.241e+01 4.485e+01
|            ( - 4.309e+02 1 0)
|            ( - 2.349e+02 1 0)))
|    ( QUESTION1 1 1.357e+03 1.560e+02 7.336e+01
|        ( - 6.131e+02 1 0)
|        ( QUESTION0_3_R 1 5.881e+02 3.954e+01 3.579e+01
|            ( - 5.253e+02 1 0)
|            ( QUESTION0_0_R 1 2.324e+01 1.198e+01 3.000e+00
|                ( - 3.262e+00 1 0)
|                ( - 8.000e+00 2 0 QUESTION2_0_L -1 8.000e+00 2.000e+00)))))
s>    ( QUESTION0_9_R 1 2.663e+03 1.896e+02 1.355e+02
s>        ( QUESTION10 1 1.116e+03 1.237e+02 6.212e+01
s>            ( QUESTION0_10_R 1 2.345e+02 4.560e+01 1.727e+01
s>                ( - 2.502e+01 1 0)
s>                ( - 1.638e+02 1 0))
s>            ( WDBNDRY_E 0 7.582e+02 9.241e+01 4.485e+01
s>                ( - 4.309e+02 1 0)
s>                ( - 2.349e+02 1 0)))
s>        ( QUESTION1 1 1.357e+03 1.560e+02 7.336e+01
s>            ( - 6.131e+02 1 0)
s>            ( QUESTION0_3_R 1 5.881e+02 3.954e+01 3.579e+01
s>                ( - 5.253e+02 1 0)
s>                ( QUESTION0_0_R 1 2.324e+01 1.198e+01 3.000e+00
s>                    ( - 3.262e+00 1 0)
s>                    ( - 8.000e+00 2 0 QUESTION2_0_L -1 8.000e+00 2.000e+00)))))INFO: dtree.c(1439): stop. leaf nodes are specific
INFO: dtree.c(1478): Final simple tree
|( QUESTION0_0_R 1 4.223e+03 2.402e+02 2.141e+02
|    ( - 8.907e+02 1 0)
|    ( QUESTION0_8_R 1 3.092e+03 2.126e+02 1.601e+02
|        ( - 1.951e+03 1 0)
|        ( WDBNDRY_E 0 9.279e+02 7.482e+01 5.393e+01
|            ( - 8.110e+02 1 0)
|            ( - 4.207e+01 1 0))))
s>    ( QUESTION0_0_R 1 4.223e+03 2.402e+02 2.141e+02
s>        ( - 8.907e+02 1 0)
s>        ( QUESTION0_8_R 1 3.092e+03 2.126e+02 1.601e+02
s>            ( - 1.951e+03 1 0)
s>            ( WDBNDRY_E 0 9.279e+02 7.482e+01 5.393e+01
s>                ( - 8.110e+02 1 0)
s>                ( - 4.207e+01 1 0))))INFO: dtree.c(1315): Comp split 14
INFO: dtree.c(1478): Final simple tree
|( QUESTION2 1 7.497e+03 2.199e+02 3.991e+02
|    ( QUESTION0_0_R 1 2.333e+03 1.484e+02 1.335e+02
|        ( - 1.144e+03 2 0)
|        ( - 1.040e+03 3 0))
|    ( QUESTION0_14_R 1 4.944e+03 1.780e+02 2.656e+02
|        ( - 1.251e+03 1 0)
|        ( QUESTION8 1 3.515e+03 1.544e+02 1.900e+02
|            ( QUESTION0_18_R 1 1.458e+03 1.302e+02 8.107e+01
|                ( - 1.003e+03 1 0)
|                ( - 3.240e+02 2 0 QUESTION0_10_R 1 5.046e+01 2.225e+01))
|            ( QUESTION0 1 1.903e+03 1.408e+02 1.090e+02
|                ( - 4.800e+02 2 0)
|                ( QUESTION0_8_R 1 1.282e+03 9.772e+01 7.703e+01
|                    ( - 5.352e+02 1 0)
|                    ( - 6.491e+02 1 0))))))
s>    ( QUESTION2 1 7.497e+03 2.199e+02 3.991e+02
s>        ( QUESTION0_0_R 1 2.333e+03 1.484e+02 1.335e+02
s>            ( - 1.144e+03 2 0)
s>            ( - 1.040e+03 3 0))
s>        ( QUESTION0_14_R 1 4.944e+03 1.780e+02 2.656e+02
s>            ( - 1.251e+03 1 0)
s>            ( QUESTION8 1 3.515e+03 1.544e+02 1.900e+02
s>                ( QUESTION0_18_R 1 1.458e+03 1.302e+02 8.107e+01
s>                    ( - 1.003e+03 1 0)
s>                    ( - 3.240e+02 2 0 QUESTION0_10_R 1 5.046e+01 2.225e+01))
s>                ( QUESTION0 1 1.903e+03 1.408e+02 1.090e+02
s>                    ( - 4.800e+02 2 0)
s>                    ( QUESTION0_8_R 1 1.282e+03 9.772e+01 7.703e+01
s>                        ( - 5.352e+02 1 0)
s>                        ( - 6.491e+02 1 0))))))INFO: dtree.c(1439): stop. leaf nodes are specific
INFO: dtree.c(1478): Final simple tree
|( QUESTION0_0_R 1 3.215e+03 2.065e+02 1.764e+02
|    ( - 1.494e+03 1 0)
|    ( QUESTION0_10_R 1 1.514e+03 1.529e+02 8.674e+01
|        ( - 7.472e+02 1 0)
|        ( QUESTION0_14_R 1 6.144e+02 9.712e+01 4.001e+01
|            ( - 2.327e+02 1 0)
|            ( QUESTION0_16_R 1 2.845e+02 5.871e+01 2.201e+01
|                ( - 1.553e+02 1 0)
|                ( - 7.050e+01 1 0)))))
s>    ( QUESTION0_0_R 1 3.215e+03 2.065e+02 1.764e+02
s>        ( - 1.494e+03 1 0)
s>        ( QUESTION0_10_R 1 1.514e+03 1.529e+02 8.674e+01
s>            ( - 7.472e+02 1 0)
s>            ( QUESTION0_14_R 1 6.144e+02 9.712e+01 4.001e+01
s>                ( - 2.327e+02 1 0)
s>                ( QUESTION0_16_R 1 2.845e+02 5.871e+01 2.201e+01
s>                    ( - 1.553e+02 1 0)
s>                    ( - 7.050e+01 1 0)))))INFO: dtree.c(1315): Comp split 15
INFO: dtree.c(1439): stop. leaf nodes are specific
INFO: dtree.c(1478): Final simple tree
|( QUESTION16 -1 1.086e+03 1.357e+02 6.277e+01
|    ( - 3.760e+02 1 0)
|    ( QUESTION4 -1 5.739e+02 7.636e+01 3.788e+01
|        ( - 1.110e+02 1 0)
|        ( - 3.865e+02 1 0)))
s>    ( QUESTION16 -1 1.086e+03 1.357e+02 6.277e+01
s>        ( - 3.760e+02 1 0)
s>        ( QUESTION4 -1 5.739e+02 7.636e+01 3.788e+01
s>            ( - 1.110e+02 1 0)
s>            ( - 3.865e+02 1 0)))INFO: dtree.c(1315): Comp split 16
INFO: dtree.c(1439): stop. leaf nodes are specific
INFO: dtree.c(1478): Final simple tree
|( QUESTION4 -1 1.103e+03 1.375e+02 6.082e+01
|    ( - 7.540e+02 1 0)
|    ( QUESTION8 -1 2.116e+02 3.435e+01 1.560e+01
|        ( - 2.138e+01 1 0)
|        ( - 1.558e+02 1 0)))
s>    ( QUESTION4 -1 1.103e+03 1.375e+02 6.082e+01
s>        ( - 7.540e+02 1 0)
s>        ( QUESTION8 -1 2.116e+02 3.435e+01 1.560e+01
s>            ( - 2.138e+01 1 0)
s>            ( - 1.558e+02 1 0)))INFO: dtree.c(1439): stop. leaf nodes are specific
INFO: dtree.c(1478): Final simple tree
|( QUESTION0 -1 1.234e+03 1.283e+02 6.586e+01
|    ( - 9.524e+02 3 0)
|    ( QUESTION6 -1 1.531e+02 4.201e+01 1.300e+01
|        ( - 2.854e+01 1 0)
|        ( - 8.258e+01 1 0)))
s>    ( QUESTION0 -1 1.234e+03 1.283e+02 6.586e+01
s>        ( - 9.524e+02 3 0)
s>        ( QUESTION6 -1 1.531e+02 4.201e+01 1.300e+01
s>            ( - 2.854e+01 1 0)
s>            ( - 8.258e+01 1 0)))INFO: dtree.c(1315): Comp split 17
INFO: dtree.c(1439): stop. leaf nodes are specific
INFO: dtree.c(1478): Final simple tree
|( WDBNDRY_E 0 1.969e+03 1.016e+02 1.104e+02
|    ( QUESTION2_0_L -1 1.779e+03 6.328e+01 1.019e+02
|        ( - 2.074e+01 1 0)
|        ( - 1.695e+03 1 0))
|    ( WDBNDRY_B 0 8.880e+01 1.580e+01 8.499e+00
|        ( - 2.857e-01 1 0)
|        ( - 7.271e+01 1 0)))
s>    ( WDBNDRY_E 0 1.969e+03 1.016e+02 1.104e+02
s>        ( QUESTION2_0_L -1 1.779e+03 6.328e+01 1.019e+02
s>            ( - 2.074e+01 1 0)
s>            ( - 1.695e+03 1 0))
s>        ( WDBNDRY_B 0 8.880e+01 1.580e+01 8.499e+00
s>            ( - 2.857e-01 1 0)
s>            ( - 7.271e+01 1 0)))INFO: dtree.c(1439): stop. leaf nodes are specific
INFO: dtree.c(1478): Final simple tree
|( WDBNDRY_E 0 4.496e+03 1.961e+02 2.342e+02
|    ( - 3.610e+03 1 0)
|    ( - 6.890e+02 1 0))
s>    ( WDBNDRY_E 0 4.496e+03 1.961e+02 2.342e+02
s>        ( - 3.610e+03 1 0)
s>        ( - 6.890e+02 1 0))INFO: dtree.c(1315): Comp split 18
INFO: dtree.c(1439): stop. leaf nodes are specific
INFO: dtree.c(1478): Final simple tree
|( WDBNDRY_E 0 2.061e+03 6.742e+01 1.122e+02
|    ( - 1.951e+03 1 0)
|    ( - 4.207e+01 1 0))
s>    ( WDBNDRY_E 0 2.061e+03 6.742e+01 1.122e+02
s>        ( - 1.951e+03 1 0)
s>        ( - 4.207e+01 1 0))INFO: dtree.c(1439): stop. leaf nodes are specific
INFO: dtree.c(1478): Final simple tree
|( QUESTION0_0_R 1 1.911e+03 2.094e+02 1.019e+02
|    ( - 8.907e+02 1 0)
|    ( - 8.110e+02 1 0))
s>    ( QUESTION0_0_R 1 1.911e+03 2.094e+02 1.019e+02
s>        ( - 8.907e+02 1 0)
s>        ( - 8.110e+02 1 0))INFO: dtree.c(1315): Comp split 19
INFO: dtree.c(1439): stop. leaf nodes are specific
INFO: dtree.c(1478): Final simple tree
|( QUESTION0_14_R 1 3.152e+03 1.740e+02 1.748e+02
|    ( - 1.251e+03 1 0)
|    ( QUESTION0_10_R 1 1.727e+03 1.255e+02 9.928e+01
|        ( QUESTION0_11_R 1 7.266e+02 5.704e+01 4.406e+01
|            ( - 2.042e+01 1 0)
|            ( - 6.491e+02 1 0))
|        ( QUESTION0_8_R 1 8.753e+02 8.692e+01 5.522e+01
|            ( - 5.352e+02 1 0)
|            ( - 2.531e+02 1 0))))
s>    ( QUESTION0_14_R 1 3.152e+03 1.740e+02 1.748e+02
s>        ( - 1.251e+03 1 0)
s>        ( QUESTION0_10_R 1 1.727e+03 1.255e+02 9.928e+01
s>            ( QUESTION0_11_R 1 7.266e+02 5.704e+01 4.406e+01
s>                ( - 2.042e+01 1 0)
s>                ( - 6.491e+02 1 0))
s>            ( QUESTION0_8_R 1 8.753e+02 8.692e+01 5.522e+01
s>                ( - 5.352e+02 1 0)
s>                ( - 2.531e+02 1 0))))INFO: dtree.c(1439): stop. leaf nodes are specific
INFO: dtree.c(1478): Final simple tree
|( QUESTION2 1 4.112e+03 1.844e+02 2.243e+02
|    ( QUESTION0_0_R 1 2.333e+03 1.484e+02 1.335e+02
|        ( - 1.144e+03 2 0)
|        ( - 1.040e+03 3 0))
|    ( QUESTION0_8_R 1 1.595e+03 1.116e+02 9.076e+01
|        ( - 4.800e+02 2 0)
|        ( - 1.003e+03 1 0)))
s>    ( QUESTION2 1 4.112e+03 1.844e+02 2.243e+02
s>        ( QUESTION0_0_R 1 2.333e+03 1.484e+02 1.335e+02
s>            ( - 1.144e+03 2 0)
s>            ( - 1.040e+03 3 0))
s>        ( QUESTION0_8_R 1 1.595e+03 1.116e+02 9.076e+01
s>            ( - 4.800e+02 2 0)
s>            ( - 1.003e+03 1 0)))INFO: dtree.c(1315): Comp split 20
INFO: dtree.c(1439): stop. leaf nodes are specific
INFO: dtree.c(1478): Final simple tree
|( QUESTION0_0_R 1 1.453e+03 1.515e+02 7.864e+01
|    ( QUESTION0_3_R 1 5.436e+02 1.507e+01 3.379e+01
|        ( - 5.253e+02 1 0)
|        ( - 3.262e+00 1 0))
|    ( WDBNDRY_E 0 7.582e+02 9.241e+01 4.485e+01
|        ( - 4.309e+02 1 0)
|        ( - 2.349e+02 1 0)))
s>    ( QUESTION0_0_R 1 1.453e+03 1.515e+02 7.864e+01
s>        ( QUESTION0_3_R 1 5.436e+02 1.507e+01 3.379e+01
s>            ( - 5.253e+02 1 0)
s>            ( - 3.262e+00 1 0))
s>        ( WDBNDRY_E 0 7.582e+02 9.241e+01 4.485e+01
s>            ( - 4.309e+02 1 0)
s>            ( - 2.349e+02 1 0)))INFO: dtree.c(1439): stop. leaf nodes are specific
INFO: dtree.c(1478): Final simple tree
|( QUESTION0 1 9.970e+02 1.068e+02 5.685e+01
|    ( - 6.131e+02 1 0)
|    ( QUESTION0_13_R 1 2.772e+02 5.704e+01 1.927e+01
|        ( - 1.638e+02 1 0)
|        ( QUESTION0_8_R 1 5.629e+01 2.326e+01 6.290e+00
|            ( QUESTION2_0_L -1 8.000e+00 8.000e+00 2.000e+00
|                ( - 0.000e+00 1 0)
|                ( - 0.000e+00 1 0))
|            ( - 2.502e+01 1 0))))
s>    ( QUESTION0 1 9.970e+02 1.068e+02 5.685e+01
s>        ( - 6.131e+02 1 0)
s>        ( QUESTION0_13_R 1 2.772e+02 5.704e+01 1.927e+01
s>            ( - 1.638e+02 1 0)
s>            ( QUESTION0_8_R 1 5.629e+01 2.326e+01 6.290e+00
s>                ( QUESTION2_0_L -1 8.000e+00 8.000e+00 2.000e+00
s>                    ( - 0.000e+00 1 0)
s>                    ( - 0.000e+00 1 0))
s>                ( - 2.502e+01 1 0))))INFO: dtree.c(1315): Comp split 21
INFO: dtree.c(1439): stop. leaf nodes are specific
INFO: dtree.c(1478): Final simple tree
|( QUESTION0_0_R 1 1.757e+03 1.076e+02 1.036e+02
|    ( - 1.494e+03 1 0)
|    ( - 1.553e+02 1 0))
s>    ( QUESTION0_0_R 1 1.757e+03 1.076e+02 1.036e+02
s>        ( - 1.494e+03 1 0)
s>        ( - 1.553e+02 1 0))INFO: dtree.c(1439): stop. leaf nodes are specific
INFO: dtree.c(1478): Final simple tree
|( QUESTION0_10_R 1 1.247e+03 1.263e+02 7.273e+01
|    ( - 7.472e+02 1 0)
|    ( QUESTION0_14_R 1 3.733e+02 7.010e+01 2.600e+01
|        ( - 2.327e+02 1 0)
|        ( - 7.050e+01 1 0)))
s>    ( QUESTION0_10_R 1 1.247e+03 1.263e+02 7.273e+01
s>        ( - 7.472e+02 1 0)
s>        ( QUESTION0_14_R 1 3.733e+02 7.010e+01 2.600e+01
s>            ( - 2.327e+02 1 0)
s>            ( - 7.050e+01 1 0)))INFO: dtree.c(1315): Comp split 22
INFO: dtree.c(1315): Comp split 23
INFO: dtree.c(1439): stop. leaf nodes are specific
INFO: dtree.c(1478): Final simple tree
|( QUESTION0_16_R 1 1.872e+03 1.467e+02 1.157e+02
|    ( - 8.748e+02 1 0)
|    ( QUESTION0_0_R 1 8.504e+02 8.353e+01 5.688e+01
|        ( QUESTION0_1_R 1 3.228e+02 4.063e+01 2.396e+01
|            ( - 2.571e+02 1 0)
|            ( - 2.505e+01 1 0))
|        ( WDBNDRY_E 0 4.441e+02 6.474e+01 3.292e+01
|            ( - 3.068e+02 1 0)
|            ( - 7.253e+01 1 0))))
s>    ( QUESTION0_16_R 1 1.872e+03 1.467e+02 1.157e+02
s>        ( - 8.748e+02 1 0)
s>        ( QUESTION0_0_R 1 8.504e+02 8.353e+01 5.688e+01
s>            ( QUESTION0_1_R 1 3.228e+02 4.063e+01 2.396e+01
s>                ( - 2.571e+02 1 0)
s>                ( - 2.505e+01 1 0))
s>            ( WDBNDRY_E 0 4.441e+02 6.474e+01 3.292e+01
s>                ( - 3.068e+02 1 0)
s>                ( - 7.253e+01 1 0))))INFO: dtree.c(1439): stop. leaf nodes are specific
INFO: dtree.c(1478): Final simple tree
|( QUESTION0_8_R 1 1.840e+03 1.557e+02 1.094e+02
|    ( QUESTION0 1 1.218e+03 8.132e+01 7.946e+01
|        ( QUESTION1 1 2.163e+02 3.774e+01 1.802e+01
|            ( - 1.561e+02 1 0)
|            ( - 2.244e+01 1 0))
|        ( - 9.203e+02 1 0))
|    ( QUESTION0_19_R 1 4.659e+02 5.268e+01 2.998e+01
|        ( - 3.830e+02 1 0)
|        ( QUESTION0_0_R 1 3.023e+01 1.305e+01 4.000e+00
|            ( - 0.000e+00 1 0)
|            ( - 1.718e+01 1 0))))
s>    ( QUESTION0_8_R 1 1.840e+03 1.557e+02 1.094e+02
s>        ( QUESTION0 1 1.218e+03 8.132e+01 7.946e+01
s>            ( QUESTION1 1 2.163e+02 3.774e+01 1.802e+01
s>                ( - 1.561e+02 1 0)
s>                ( - 2.244e+01 1 0))
s>            ( - 9.203e+02 1 0))
s>        ( QUESTION0_19_R 1 4.659e+02 5.268e+01 2.998e+01
s>            ( - 3.830e+02 1 0)
s>            ( QUESTION0_0_R 1 3.023e+01 1.305e+01 4.000e+00
s>                ( - 0.000e+00 1 0)
s>                ( - 1.718e+01 1 0))))INFO: dtree.c(1315): Comp split 24
INFO: dtree.c(1315): Comp split 25
INFO: dtree.c(1439): stop. leaf nodes are specific
INFO: dtree.c(1478): Final simple tree
|( QUESTION0_8_R 1 1.595e+03 1.116e+02 9.076e+01
|    ( - 4.800e+02 2 0)
|    ( - 1.003e+03 1 0))
s>    ( QUESTION0_8_R 1 1.595e+03 1.116e+02 9.076e+01
s>        ( - 4.800e+02 2 0)
s>        ( - 1.003e+03 1 0))INFO: dtree.c(1439): stop. leaf nodes are specific
INFO: dtree.c(1478): Final simple tree
|( QUESTION0_0_R 1 2.333e+03 1.484e+02 1.335e+02
|    ( - 1.144e+03 2 0)
|    ( - 1.040e+03 3 0))
s>    ( QUESTION0_0_R 1 2.333e+03 1.484e+02 1.335e+02
s>        ( - 1.144e+03 2 0)
s>        ( - 1.040e+03 3 0))INFO: dtree.c(1315): Comp split 26
INFO: dtree.c(1439): stop. leaf nodes are specific
INFO: dtree.c(1478): Final simple tree
|( QUESTION0_10_R 1 1.727e+03 1.255e+02 9.928e+01
|    ( QUESTION0_11_R 1 7.266e+02 5.704e+01 4.406e+01
|        ( - 2.042e+01 1 0)
|        ( - 6.491e+02 1 0))
|    ( QUESTION0_8_R 1 8.753e+02 8.692e+01 5.522e+01
|        ( - 5.352e+02 1 0)
|        ( - 2.531e+02 1 0)))
s>    ( QUESTION0_10_R 1 1.727e+03 1.255e+02 9.928e+01
s>        ( QUESTION0_11_R 1 7.266e+02 5.704e+01 4.406e+01
s>            ( - 2.042e+01 1 0)
s>            ( - 6.491e+02 1 0))
s>        ( QUESTION0_8_R 1 8.753e+02 8.692e+01 5.522e+01
s>            ( - 5.352e+02 1 0)
s>            ( - 2.531e+02 1 0)))INFO: dtree.c(1315): Comp split 27
INFO: dtree.c(1439): stop. leaf nodes are specific
INFO: dtree.c(1478): Final simple tree
|( WDBNDRY_B 0 3.760e+02 7.804e+01 2.400e+01
|    ( - 1.159e+02 1 0)
|    ( QUESTION0_8_R 1 1.821e+02 4.409e+01 1.400e+01
|        ( - 4.017e+01 1 0)
|        ( - 9.784e+01 1 0)))
s>    ( WDBNDRY_B 0 3.760e+02 7.804e+01 2.400e+01
s>        ( - 1.159e+02 1 0)
s>        ( QUESTION0_8_R 1 1.821e+02 4.409e+01 1.400e+01
s>            ( - 4.017e+01 1 0)
s>            ( - 9.784e+01 1 0)))INFO: dtree.c(1315): Comp split 28
INFO: dtree.c(1439): stop. leaf nodes are specific
INFO: dtree.c(1478): Final simple tree
|( QUESTION0_16_R 1 2.508e+02 5.531e+01 1.900e+01
|    ( - 4.765e+01 1 0)
|    ( - 1.479e+02 1 0))
s>    ( QUESTION0_16_R 1 2.508e+02 5.531e+01 1.900e+01
s>        ( - 4.765e+01 1 0)
s>        ( - 1.479e+02 1 0))INFO: dtree.c(1315): Comp split 29
INFO: dtree.c(1439): stop. leaf nodes are specific
INFO: dtree.c(1478): Final simple tree
|( QUESTION0_8_R 1 1.228e+03 6.223e+01 8.263e+01
|    ( - 1.055e+03 1 0)
|    ( WDBNDRY_E 0 1.109e+02 2.498e+01 1.100e+01
|        ( - 3.755e+00 1 0)
|        ( - 8.220e+01 1 0)))
s>    ( QUESTION0_8_R 1 1.228e+03 6.223e+01 8.263e+01
s>        ( - 1.055e+03 1 0)
s>        ( WDBNDRY_E 0 1.109e+02 2.498e+01 1.100e+01
s>            ( - 3.755e+00 1 0)
s>            ( - 8.220e+01 1 0)))INFO: dtree.c(1439): stop. leaf nodes are specific
INFO: dtree.c(1478): Final simple tree
|( SILENCE 1 1.132e+03 1.378e+02 7.616e+01
|    ( - 4.538e+02 1 0)
|    ( QUESTION0_13_R 1 5.404e+02 6.628e+01 4.364e+01
|        ( - 3.827e+02 1 0)
|        ( QUESTION0_0_R 1 9.144e+01 2.559e+01 1.112e+01
|            ( - 3.425e+01 1 0)
|            ( QUESTION0_8_R 1 3.160e+01 9.238e+00 6.000e+00
|                ( - 3.810e+00 1 0)
|                ( - 1.856e+01 1 0)))))
s>    ( SILENCE 1 1.132e+03 1.378e+02 7.616e+01
s>        ( - 4.538e+02 1 0)
s>        ( QUESTION0_13_R 1 5.404e+02 6.628e+01 4.364e+01
s>            ( - 3.827e+02 1 0)
s>            ( QUESTION0_0_R 1 9.144e+01 2.559e+01 1.112e+01
s>                ( - 3.425e+01 1 0)
s>                ( QUESTION0_8_R 1 3.160e+01 9.238e+00 6.000e+00
s>                    ( - 3.810e+00 1 0)
s>                    ( - 1.856e+01 1 0)))))INFO: dtree.c(1315): Comp split 30
INFO: dtree.c(1439): stop. leaf nodes are specific
INFO: dtree.c(1478): Final simple tree
|( QUESTION0_19_R 1 5.370e+02 6.875e+01 3.398e+01
|    ( - 3.830e+02 1 0)
|    ( QUESTION0_8_R 1 8.531e+01 3.263e+01 8.000e+00
|        ( - 2.244e+01 1 0)
|        ( QUESTION0_0_R 1 3.023e+01 1.305e+01 4.000e+00
|            ( - 0.000e+00 1 0)
|            ( - 1.718e+01 1 0))))
s>    ( QUESTION0_19_R 1 5.370e+02 6.875e+01 3.398e+01
s>        ( - 3.830e+02 1 0)
s>        ( QUESTION0_8_R 1 8.531e+01 3.263e+01 8.000e+00
s>            ( - 2.244e+01 1 0)
s>            ( QUESTION0_0_R 1 3.023e+01 1.305e+01 4.000e+00
s>                ( - 0.000e+00 1 0)
s>                ( - 1.718e+01 1 0))))INFO: dtree.c(1439): stop. leaf nodes are specific
INFO: dtree.c(1478): Final simple tree
|( QUESTION0 1 1.142e+03 6.599e+01 7.546e+01
|    ( - 1.561e+02 1 0)
|    ( - 9.203e+02 1 0))
s>    ( QUESTION0 1 1.142e+03 6.599e+01 7.546e+01
s>        ( - 1.561e+02 1 0)
s>        ( - 9.203e+02 1 0))INFO: dtree.c(1315): Comp split 31
INFO: dtree.c(1439): stop. leaf nodes are specific
INFO: dtree.c(1478): Final simple tree
|( WDBNDRY_E 0 7.582e+02 9.241e+01 4.485e+01
|    ( - 4.309e+02 1 0)
|    ( - 2.349e+02 1 0))
s>    ( WDBNDRY_E 0 7.582e+02 9.241e+01 4.485e+01
s>        ( - 4.309e+02 1 0)
s>        ( - 2.349e+02 1 0))INFO: dtree.c(1439): stop. leaf nodes are specific
INFO: dtree.c(1478): Final simple tree
|( QUESTION0_3_R 1 5.436e+02 1.507e+01 3.379e+01
|    ( - 5.253e+02 1 0)
|    ( - 3.262e+00 1 0))
s>    ( QUESTION0_3_R 1 5.436e+02 1.507e+01 3.379e+01
s>        ( - 5.253e+02 1 0)
s>        ( - 3.262e+00 1 0))INFO: dtree.c(1315): Comp split 32
INFO: dtree.c(1439): stop. leaf nodes are specific
INFO: dtree.c(1478): Final simple tree
|( QUESTION0_0_R 1 6.999e+02 7.037e+01 4.788e+01
|    ( QUESTION0_1_R 1 3.228e+02 4.063e+01 2.396e+01
|        ( - 2.571e+02 1 0)
|        ( - 2.505e+01 1 0))
|    ( - 3.068e+02 1 0))
s>    ( QUESTION0_0_R 1 6.999e+02 7.037e+01 4.788e+01
s>        ( QUESTION0_1_R 1 3.228e+02 4.063e+01 2.396e+01
s>            ( - 2.571e+02 1 0)
s>            ( - 2.505e+01 1 0))
s>        ( - 3.068e+02 1 0))INFO: dtree.c(1439): stop. leaf nodes are specific
INFO: dtree.c(1478): Final simple tree
|( WDBNDRY_E 0 1.023e+03 7.600e+01 6.779e+01
|    ( - 8.748e+02 1 0)
|    ( - 7.253e+01 1 0))
s>    ( WDBNDRY_E 0 1.023e+03 7.600e+01 6.779e+01
s>        ( - 8.748e+02 1 0)
s>        ( - 7.253e+01 1 0))INFO: dtree.c(1315): Comp split 33
INFO: dtree.c(1315): Comp split 34
INFO: dtree.c(1315): Comp split 35
INFO: dtree.c(1439): stop. leaf nodes are specific
INFO: dtree.c(1478): Final simple tree
|( QUESTION0_13_R 1 5.404e+02 6.628e+01 4.364e+01
|    ( - 3.827e+02 1 0)
|    ( QUESTION0_0_R 1 9.144e+01 2.559e+01 1.112e+01
|        ( - 3.425e+01 1 0)
|        ( QUESTION0_8_R 1 3.160e+01 9.238e+00 6.000e+00
|            ( - 3.810e+00 1 0)
|            ( - 1.856e+01 1 0))))
s>    ( QUESTION0_13_R 1 5.404e+02 6.628e+01 4.364e+01
s>        ( - 3.827e+02 1 0)
s>        ( QUESTION0_0_R 1 9.144e+01 2.559e+01 1.112e+01
s>            ( - 3.425e+01 1 0)
s>            ( QUESTION0_8_R 1 3.160e+01 9.238e+00 6.000e+00
s>                ( - 3.810e+00 1 0)
s>                ( - 1.856e+01 1 0))))INFO: dtree.c(1315): Comp split 36
INFO: dtree.c(1439): stop. leaf nodes are specific
INFO: dtree.c(1478): Final simple tree
|( QUESTION8 -1 2.116e+02 3.435e+01 1.560e+01
|    ( - 2.138e+01 1 0)
|    ( - 1.558e+02 1 0))
s>    ( QUESTION8 -1 2.116e+02 3.435e+01 1.560e+01
s>        ( - 2.138e+01 1 0)
s>        ( - 1.558e+02 1 0))INFO: dtree.c(1315): Comp split 37
INFO: dtree.c(1439): stop. leaf nodes are specific
INFO: dtree.c(1478): Final simple tree
|( QUESTION4 -1 5.739e+02 7.636e+01 3.788e+01
|    ( - 1.110e+02 1 0)
|    ( - 3.865e+02 1 0))
s>    ( QUESTION4 -1 5.739e+02 7.636e+01 3.788e+01
s>        ( - 1.110e+02 1 0)
s>        ( - 3.865e+02 1 0))INFO: dtree.c(1315): Comp split 38
INFO: dtree.c(1439): stop. leaf nodes are specific
INFO: dtree.c(1478): Final simple tree
|( QUESTION6 -1 1.531e+02 4.201e+01 1.300e+01
|    ( - 2.854e+01 1 0)
|    ( - 8.258e+01 1 0))
s>    ( QUESTION6 -1 1.531e+02 4.201e+01 1.300e+01
s>        ( - 2.854e+01 1 0)
s>        ( - 8.258e+01 1 0))INFO: dtree.c(1315): Comp split 39
INFO: dtree.c(1439): stop. leaf nodes are specific
INFO: dtree.c(1478): Final simple tree
|( QUESTION0_14_R 1 3.733e+02 7.010e+01 2.600e+01
|    ( - 2.327e+02 1 0)
|    ( - 7.050e+01 1 0))
s>    ( QUESTION0_14_R 1 3.733e+02 7.010e+01 2.600e+01
s>        ( - 2.327e+02 1 0)
s>        ( - 7.050e+01 1 0))INFO: dtree.c(1315): Comp split 40
INFO: dtree.c(1439): stop. leaf nodes are specific
INFO: dtree.c(1478): Final simple tree
|( QUESTION0_8_R 1 8.753e+02 8.692e+01 5.522e+01
|    ( - 5.352e+02 1 0)
|    ( - 2.531e+02 1 0))
s>    ( QUESTION0_8_R 1 8.753e+02 8.692e+01 5.522e+01
s>        ( - 5.352e+02 1 0)
s>        ( - 2.531e+02 1 0))INFO: dtree.c(1439): stop. leaf nodes are specific
INFO: dtree.c(1478): Final simple tree
|( QUESTION0_11_R 1 7.266e+02 5.704e+01 4.406e+01
|    ( - 2.042e+01 1 0)
|    ( - 6.491e+02 1 0))
s>    ( QUESTION0_11_R 1 7.266e+02 5.704e+01 4.406e+01
s>        ( - 2.042e+01 1 0)
s>        ( - 6.491e+02 1 0))INFO: dtree.c(1315): Comp split 41
INFO: dtree.c(1439): stop. leaf nodes are specific
INFO: dtree.c(1478): Final simple tree
|( WDBNDRY_I 0 1.515e+02 4.320e+01 1.249e+01
|    ( - 7.271e+01 1 0)
|    ( WDBNDRY_B 0 3.562e+01 1.460e+01 4.988e+00
|        ( - 2.857e-01 1 0)
|        ( - 2.074e+01 1 0)))
s>    ( WDBNDRY_I 0 1.515e+02 4.320e+01 1.249e+01
s>        ( - 7.271e+01 1 0)
s>        ( WDBNDRY_B 0 3.562e+01 1.460e+01 4.988e+00
s>            ( - 2.857e-01 1 0)
s>            ( - 2.074e+01 1 0)))INFO: dtree.c(1315): Comp split 42
INFO: dtree.c(1315): Comp split 43
INFO: dtree.c(1315): Comp split 44
INFO: dtree.c(1439): stop. leaf nodes are specific
INFO: dtree.c(1478): Final simple tree
|( QUESTION0_13_R 1 2.772e+02 5.704e+01 1.927e+01
|    ( - 1.638e+02 1 0)
|    ( QUESTION0_8_R 1 5.629e+01 2.326e+01 6.290e+00
|        ( QUESTION2_0_L -1 8.000e+00 8.000e+00 2.000e+00
|            ( - 0.000e+00 1 0)
|            ( - 0.000e+00 1 0))
|        ( - 2.502e+01 1 0)))
s>    ( QUESTION0_13_R 1 2.772e+02 5.704e+01 1.927e+01
s>        ( - 1.638e+02 1 0)
s>        ( QUESTION0_8_R 1 5.629e+01 2.326e+01 6.290e+00
s>            ( QUESTION2_0_L -1 8.000e+00 8.000e+00 2.000e+00
s>                ( - 0.000e+00 1 0)
s>                ( - 0.000e+00 1 0))
s>            ( - 2.502e+01 1 0)))INFO: dtree.c(1315): Comp split 45
INFO: dtree.c(1315): Comp split 46
INFO: dtree.c(1315): Comp split 47
INFO: dtree.c(1439): stop. leaf nodes are specific
INFO: dtree.c(1478): Final simple tree
|( QUESTION0_8_R 1 1.821e+02 4.409e+01 1.400e+01
|    ( - 4.017e+01 1 0)
|    ( - 9.784e+01 1 0))
s>    ( QUESTION0_8_R 1 1.821e+02 4.409e+01 1.400e+01
s>        ( - 4.017e+01 1 0)
s>        ( - 9.784e+01 1 0))INFO: dtree.c(1315): Comp split 48
INFO: dtree.c(1315): Comp split 49
INFO: dtree.c(1315): Comp split 50
INFO: dtree.c(1439): stop. leaf nodes are specific
INFO: dtree.c(1478): Final simple tree
|( QUESTION0_1_R 1 3.228e+02 4.063e+01 2.396e+01
|    ( - 2.571e+02 1 0)
|    ( - 2.505e+01 1 0))
s>    ( QUESTION0_1_R 1 3.228e+02 4.063e+01 2.396e+01
s>        ( - 2.571e+02 1 0)
s>        ( - 2.505e+01 1 0))INFO: dtree.c(1315): Comp split 51
INFO: dtree.c(1315): Comp split 52
INFO: dtree.c(1439): stop. leaf nodes are specific
INFO: dtree.c(1478): Final simple tree
|( QUESTION0_8_R 1 8.531e+01 3.263e+01 8.000e+00
|    ( - 2.244e+01 1 0)
|    ( QUESTION0_0_R 1 3.023e+01 1.305e+01 4.000e+00
|        ( - 0.000e+00 1 0)
|        ( - 1.718e+01 1 0)))
s>    ( QUESTION0_8_R 1 8.531e+01 3.263e+01 8.000e+00
s>        ( - 2.244e+01 1 0)
s>        ( QUESTION0_0_R 1 3.023e+01 1.305e+01 4.000e+00
s>            ( - 0.000e+00 1 0)
s>            ( - 1.718e+01 1 0)))INFO: dtree.c(1315): Comp split 53
INFO: dtree.c(1315): Comp split 54
INFO: dtree.c(1439): stop. leaf nodes are specific
INFO: dtree.c(1478): Final simple tree
|( QUESTION0_0_R 1 9.144e+01 2.559e+01 1.112e+01
|    ( - 3.425e+01 1 0)
|    ( QUESTION0_8_R 1 3.160e+01 9.238e+00 6.000e+00
|        ( - 3.810e+00 1 0)
|        ( - 1.856e+01 1 0)))
s>    ( QUESTION0_0_R 1 9.144e+01 2.559e+01 1.112e+01
s>        ( - 3.425e+01 1 0)
s>        ( QUESTION0_8_R 1 3.160e+01 9.238e+00 6.000e+00
s>            ( - 3.810e+00 1 0)
s>            ( - 1.856e+01 1 0)))INFO: dtree.c(1315): Comp split 55
INFO: dtree.c(1315): Comp split 56
INFO: dtree.c(1439): stop. leaf nodes are specific
INFO: dtree.c(1478): Final simple tree
|( WDBNDRY_E 0 1.109e+02 2.498e+01 1.100e+01
|    ( - 3.755e+00 1 0)
|    ( - 8.220e+01 1 0))
s>    ( WDBNDRY_E 0 1.109e+02 2.498e+01 1.100e+01
s>        ( - 3.755e+00 1 0)
s>        ( - 8.220e+01 1 0))INFO: dtree.c(1315): Comp split 57
INFO: dtree.c(1315): Comp split 58
INFO: dtree.c(1439): stop. leaf nodes are specific
INFO: dtree.c(1478): Final simple tree
|( QUESTION0_8_R 1 5.629e+01 2.326e+01 6.290e+00
|    ( QUESTION2_0_L -1 8.000e+00 8.000e+00 2.000e+00
|        ( - 0.000e+00 1 0)
|        ( - 0.000e+00 1 0))
|    ( - 2.502e+01 1 0))
s>    ( QUESTION0_8_R 1 5.629e+01 2.326e+01 6.290e+00
s>        ( QUESTION2_0_L -1 8.000e+00 8.000e+00 2.000e+00
s>            ( - 0.000e+00 1 0)
s>            ( - 0.000e+00 1 0))
s>        ( - 2.502e+01 1 0))INFO: dtree.c(1315): Comp split 59
INFO: dtree.c(1315): Comp split 60
INFO: dtree.c(1315): Comp split 61
INFO: dtree.c(1439): stop. leaf nodes are specific
INFO: dtree.c(1478): Final simple tree
|( WDBNDRY_B 0 3.562e+01 1.460e+01 4.988e+00
|    ( - 2.857e-01 1 0)
|    ( - 2.074e+01 1 0))
s>    ( WDBNDRY_B 0 3.562e+01 1.460e+01 4.988e+00
s>        ( - 2.857e-01 1 0)
s>        ( - 2.074e+01 1 0))INFO: dtree.c(1315): Comp split 62
INFO: dtree.c(1315): Comp split 63
INFO: dtree.c(1315): Comp split 64
INFO: dtree.c(1315): Comp split 65
INFO: dtree.c(1315): Comp split 66
INFO: dtree.c(1439): stop. leaf nodes are specific
INFO: dtree.c(1478): Final simple tree
|( QUESTION0_0_R 1 3.023e+01 1.305e+01 4.000e+00
|    ( - 0.000e+00 1 0)
|    ( - 1.718e+01 1 0))
s>    ( QUESTION0_0_R 1 3.023e+01 1.305e+01 4.000e+00
s>        ( - 0.000e+00 1 0)
s>        ( - 1.718e+01 1 0))INFO: dtree.c(1315): Comp split 67
INFO: dtree.c(1439): stop. leaf nodes are specific
INFO: dtree.c(1478): Final simple tree
|( QUESTION0_8_R 1 3.160e+01 9.238e+00 6.000e+00
|    ( - 3.810e+00 1 0)
|    ( - 1.856e+01 1 0))
s>    ( QUESTION0_8_R 1 3.160e+01 9.238e+00 6.000e+00
s>        ( - 3.810e+00 1 0)
s>        ( - 1.856e+01 1 0))INFO: dtree.c(1315): Comp split 68
INFO: dtree.c(1315): Comp split 69
INFO: dtree.c(1439): stop. leaf nodes are specific
INFO: dtree.c(1478): Final simple tree
|( QUESTION2_0_L -1 8.000e+00 8.000e+00 2.000e+00
|    ( - 0.000e+00 1 0)
|    ( - 0.000e+00 1 0))
s>    ( QUESTION2_0_L -1 8.000e+00 8.000e+00 2.000e+00
s>        ( - 0.000e+00 1 0)
s>        ( - 0.000e+00 1 0))INFO: dtree.c(1315): Comp split 70
INFO: dtree.c(1315): Comp split 71
INFO: dtree.c(1315): Comp split 72
INFO: dtree.c(1315): Comp split 73
INFO: dtree.c(1315): Comp split 74
INFO: dtree.c(1315): Comp split 75
INFO: dtree.c(1318): stop. leaf nodes are specific
Mon May 23 22:39:53 2022
