Current configuration:
[NAME]		[DEFLT]	[VALUE]
-allphones	no	no
-cntthresh	0.00001	1.000000e-05
-csplitmax	100	2000
-csplitmin	1	1
-csplitthr	8e-4	0.000000e+00
-example	no	no
-fullvar	no	no
-help		no	no
-meanfn			
-mixwfn			/home/rakha/Kuliah/Semester8/nlp/speech-sphinx/train-new-model/an4-master/model_parameters/an4.cd_ptm_untied/mixture_weights
-moddeffn		/home/rakha/Kuliah/Semester8/nlp/speech-sphinx/train-new-model/an4-master/model_architecture/an4.untied.mdef
-mwfloor	1e-4	1.000000e-08
-phone			IH
-psetfn			/home/rakha/Kuliah/Semester8/nlp/speech-sphinx/train-new-model/an4-master/model_architecture/an4.tree_questions
-ssplitmax	5	7
-ssplitmin	1	1
-ssplitthr	8e-4	0.000000e+00
-state			1
-stwt			1.0,0.05,0.0,
-treefn			/home/rakha/Kuliah/Semester8/nlp/speech-sphinx/train-new-model/an4-master/trees/an4.unpruned/IH-1.dtree
-ts2cbfn	.semi.	.semi.
-varfloor	0.00001	1.000000e-05
-varfn			

INFO: main.c(223): Reading: /home/rakha/Kuliah/Semester8/nlp/speech-sphinx/train-new-model/an4-master/model_architecture/an4.untied.mdef
INFO: model_def_io.c(573): Model definition info:
INFO: model_def_io.c(574): 1618 total models defined (34 base, 1584 tri)
INFO: model_def_io.c(575): 6472 total states
INFO: model_def_io.c(576): 4854 total tied states
INFO: model_def_io.c(577): 102 total tied CI states
INFO: model_def_io.c(578): 34 total tied transition matrices
INFO: model_def_io.c(579): 4 max state/model
INFO: model_def_io.c(580): 4 min state/model
INFO: main.c(242): Building trees for [IH D S i] through [IH Z R i]
INFO: main.c(269): Covering states |[1809 1835]| == 27
INFO: main.c(275): Reading: /home/rakha/Kuliah/Semester8/nlp/speech-sphinx/train-new-model/an4-master/model_parameters/an4.cd_ptm_untied/mixture_weights
INFO: s3mixw_io.c(173): Read /home/rakha/Kuliah/Semester8/nlp/speech-sphinx/train-new-model/an4-master/model_parameters/an4.cd_ptm_untied/mixture_weights [27x4x64 array]
INFO: main.c(311): 9 of 9 models have observation count greater than 0.000010
INFO: main.c(95): nrm stwt: 0.045 0.909 0.045 
INFO: main.c(411): 9-class entropy: 2.310192e+04
INFO: main.c(549): Reading: /home/rakha/Kuliah/Semester8/nlp/speech-sphinx/train-new-model/an4-master/model_architecture/an4.tree_questions
INFO: main.c(588): 180 total simple questions (172 phone; 8 word bndry)
INFO: main.c(590): 42 Left Only questions, and 42 Right Only questions
INFO: dtree.c(1478): Final simple tree
|( QUESTION2_1_L -1 2.612e+04 1.503e+03 1.325e+03
|    ( QUESTION0_10_R 1 1.954e+04 6.446e+02 1.054e+03
|        ( - 1.610e+04 1 0)
|        ( QUESTION0_8_R 1 2.788e+03 5.525e+01 1.735e+02
|            ( - 1.202e+01 1 0)
|            ( - 2.721e+03 1 0)))
|    ( WDBNDRY_B 0 5.080e+03 4.358e+02 2.712e+02
|        ( QUESTION0_5_R 1 2.653e+03 1.228e+02 1.594e+02
|            ( QUESTION3 -1 1.110e+02 3.719e+01 9.000e+00
|                ( - 4.278e+01 1 0)
|                ( - 3.107e+01 2 0 SILENCE -1 1.115e+01 4.000e+00))
|            ( - 2.419e+03 1 0))
|        ( QUESTION0_0_R 1 1.992e+03 2.091e+02 1.118e+02
|            ( - 1.203e+03 1 0)
|            ( - 5.796e+02 1 0))))
s>    ( QUESTION2_1_L -1 2.612e+04 1.503e+03 1.325e+03
s>        ( QUESTION0_10_R 1 1.954e+04 6.446e+02 1.054e+03
s>            ( - 1.610e+04 1 0)
s>            ( QUESTION0_8_R 1 2.788e+03 5.525e+01 1.735e+02
s>                ( - 1.202e+01 1 0)
s>                ( - 2.721e+03 1 0)))
s>        ( WDBNDRY_B 0 5.080e+03 4.358e+02 2.712e+02
s>            ( QUESTION0_5_R 1 2.653e+03 1.228e+02 1.594e+02
s>                ( QUESTION3 -1 1.110e+02 3.719e+01 9.000e+00
s>                    ( - 4.278e+01 1 0)
s>                    ( - 3.107e+01 2 0 SILENCE -1 1.115e+01 4.000e+00))
s>                ( - 2.419e+03 1 0))
s>            ( QUESTION0_0_R 1 1.992e+03 2.091e+02 1.118e+02
s>                ( - 1.203e+03 1 0)
s>                ( - 5.796e+02 1 0))))INFO: dtree.c(1315): Comp split 0
INFO: dtree.c(1439): stop. leaf nodes are specific
INFO: dtree.c(1478): Final simple tree
|( WDBNDRY_B 0 5.136e+03 4.320e+02 2.742e+02
|    ( QUESTION0_5_R 1 2.653e+03 1.228e+02 1.594e+02
|        ( QUESTION3 -1 1.110e+02 3.719e+01 9.000e+00
|            ( - 4.278e+01 1 0)
|            ( SILENCE -1 3.107e+01 1.115e+01 4.000e+00
|                ( - 1.991e+01 1 0)
|                ( - 0.000e+00 1 0)))
|        ( - 2.419e+03 1 0))
|    ( QUESTION0_0_R 1 2.051e+03 2.181e+02 1.148e+02
|        ( - 1.203e+03 1 0)
|        ( QUESTION0_8_R 1 6.303e+02 3.865e+01 3.902e+01
|            ( - 1.202e+01 1 0)
|            ( - 5.796e+02 1 0))))
s>    ( WDBNDRY_B 0 5.136e+03 4.320e+02 2.742e+02
s>        ( QUESTION0_5_R 1 2.653e+03 1.228e+02 1.594e+02
s>            ( QUESTION3 -1 1.110e+02 3.719e+01 9.000e+00
s>                ( - 4.278e+01 1 0)
s>                ( SILENCE -1 3.107e+01 1.115e+01 4.000e+00
s>                    ( - 1.991e+01 1 0)
s>                    ( - 0.000e+00 1 0)))
s>            ( - 2.419e+03 1 0))
s>        ( QUESTION0_0_R 1 2.051e+03 2.181e+02 1.148e+02
s>            ( - 1.203e+03 1 0)
s>            ( QUESTION0_8_R 1 6.303e+02 3.865e+01 3.902e+01
s>                ( - 1.202e+01 1 0)
s>                ( - 5.796e+02 1 0))))INFO: dtree.c(1439): stop. leaf nodes are specific
INFO: dtree.c(1478): Final simple tree
|( QUESTION0_10_R 1 1.946e+04 6.364e+02 1.051e+03
|    ( - 1.610e+04 1 0)
|    ( - 2.721e+03 1 0))
s>    ( QUESTION0_10_R 1 1.946e+04 6.364e+02 1.051e+03
s>        ( - 1.610e+04 1 0)
s>        ( - 2.721e+03 1 0))INFO: dtree.c(1315): Comp split 1
INFO: dtree.c(1315): Comp split 2
INFO: dtree.c(1439): stop. leaf nodes are specific
INFO: dtree.c(1478): Final simple tree
|( QUESTION0_6_R 1 2.107e+03 2.228e+02 1.158e+02
|    ( - 1.203e+03 1 0)
|    ( WDBNDRY_B 0 6.814e+02 7.073e+01 4.002e+01
|        ( SILENCE -1 3.107e+01 1.115e+01 4.000e+00
|            ( - 1.991e+01 1 0)
|            ( - 0.000e+00 1 0))
|        ( - 5.796e+02 1 0)))
s>    ( QUESTION0_6_R 1 2.107e+03 2.228e+02 1.158e+02
s>        ( - 1.203e+03 1 0)
s>        ( WDBNDRY_B 0 6.814e+02 7.073e+01 4.002e+01
s>            ( SILENCE -1 3.107e+01 1.115e+01 4.000e+00
s>                ( - 1.991e+01 1 0)
s>                ( - 0.000e+00 1 0))
s>            ( - 5.796e+02 1 0)))INFO: dtree.c(1439): stop. leaf nodes are specific
INFO: dtree.c(1478): Final simple tree
|( SILENCE -1 2.592e+03 9.007e+01 1.584e+02
|    ( - 2.419e+03 1 0)
|    ( WDBNDRY_B 0 8.273e+01 2.794e+01 8.000e+00
|        ( - 4.278e+01 1 0)
|        ( - 1.202e+01 1 0)))
s>    ( SILENCE -1 2.592e+03 9.007e+01 1.584e+02
s>        ( - 2.419e+03 1 0)
s>        ( WDBNDRY_B 0 8.273e+01 2.794e+01 8.000e+00
s>            ( - 4.278e+01 1 0)
s>            ( - 1.202e+01 1 0)))INFO: dtree.c(1315): Comp split 3
INFO: dtree.c(1439): stop. leaf nodes are specific
INFO: dtree.c(1478): Final simple tree
|( WDBNDRY_B 0 6.814e+02 7.073e+01 4.002e+01
|    ( SILENCE -1 3.107e+01 1.115e+01 4.000e+00
|        ( - 1.991e+01 1 0)
|        ( - 0.000e+00 1 0))
|    ( - 5.796e+02 1 0))
s>    ( WDBNDRY_B 0 6.814e+02 7.073e+01 4.002e+01
s>        ( SILENCE -1 3.107e+01 1.115e+01 4.000e+00
s>            ( - 1.991e+01 1 0)
s>            ( - 0.000e+00 1 0))
s>        ( - 5.796e+02 1 0))INFO: dtree.c(1315): Comp split 4
INFO: dtree.c(1439): stop. leaf nodes are specific
INFO: dtree.c(1478): Final simple tree
|( WDBNDRY_B 0 8.273e+01 2.794e+01 8.000e+00
|    ( - 4.278e+01 1 0)
|    ( - 1.202e+01 1 0))
s>    ( WDBNDRY_B 0 8.273e+01 2.794e+01 8.000e+00
s>        ( - 4.278e+01 1 0)
s>        ( - 1.202e+01 1 0))INFO: dtree.c(1315): Comp split 5
INFO: dtree.c(1439): stop. leaf nodes are specific
INFO: dtree.c(1478): Final simple tree
|( SILENCE -1 3.107e+01 1.115e+01 4.000e+00
|    ( - 1.991e+01 1 0)
|    ( - 0.000e+00 1 0))
s>    ( SILENCE -1 3.107e+01 1.115e+01 4.000e+00
s>        ( - 1.991e+01 1 0)
s>        ( - 0.000e+00 1 0))INFO: dtree.c(1315): Comp split 6
INFO: dtree.c(1315): Comp split 7
INFO: dtree.c(1315): Comp split 8
INFO: dtree.c(1318): stop. leaf nodes are specific
Mon May 23 22:39:48 2022
