Current configuration:
[NAME]		[DEFLT]	[VALUE]
-allphones	no	no
-cntthresh	0.00001	1.000000e-05
-csplitmax	100	2000
-csplitmin	1	1
-csplitthr	8e-4	0.000000e+00
-example	no	no
-fullvar	no	no
-help		no	no
-meanfn			
-mixwfn			/home/rakha/Kuliah/Semester8/nlp/speech-sphinx/train-new-model/an4-master/model_parameters/an4.cd_ptm_untied/mixture_weights
-moddeffn		/home/rakha/Kuliah/Semester8/nlp/speech-sphinx/train-new-model/an4-master/model_architecture/an4.untied.mdef
-mwfloor	1e-4	1.000000e-08
-phone			HH
-psetfn			/home/rakha/Kuliah/Semester8/nlp/speech-sphinx/train-new-model/an4-master/model_architecture/an4.tree_questions
-ssplitmax	5	7
-ssplitmin	1	1
-ssplitthr	8e-4	0.000000e+00
-state			0
-stwt			1.0,0.05,0.0,
-treefn			/home/rakha/Kuliah/Semester8/nlp/speech-sphinx/train-new-model/an4-master/trees/an4.unpruned/HH-0.dtree
-ts2cbfn	.semi.	.semi.
-varfloor	0.00001	1.000000e-05
-varfn			

INFO: main.c(223): Reading: /home/rakha/Kuliah/Semester8/nlp/speech-sphinx/train-new-model/an4-master/model_architecture/an4.untied.mdef
INFO: model_def_io.c(573): Model definition info:
INFO: model_def_io.c(574): 1618 total models defined (34 base, 1584 tri)
INFO: model_def_io.c(575): 6472 total states
INFO: model_def_io.c(576): 4854 total tied states
INFO: model_def_io.c(577): 102 total tied CI states
INFO: model_def_io.c(578): 34 total tied transition matrices
INFO: model_def_io.c(579): 4 max state/model
INFO: model_def_io.c(580): 4 min state/model
INFO: main.c(242): Building trees for [HH AH AE b] through [HH V W b]
INFO: main.c(269): Covering states |[1746 1808]| == 63
INFO: main.c(275): Reading: /home/rakha/Kuliah/Semester8/nlp/speech-sphinx/train-new-model/an4-master/model_parameters/an4.cd_ptm_untied/mixture_weights
INFO: s3mixw_io.c(173): Read /home/rakha/Kuliah/Semester8/nlp/speech-sphinx/train-new-model/an4-master/model_parameters/an4.cd_ptm_untied/mixture_weights [63x4x64 array]
INFO: main.c(311): 21 of 21 models have observation count greater than 0.000010
INFO: main.c(95): nrm stwt: 0.952 0.048 0.000 
INFO: main.c(411): 21-class entropy: 2.454341e+04
INFO: main.c(549): Reading: /home/rakha/Kuliah/Semester8/nlp/speech-sphinx/train-new-model/an4-master/model_architecture/an4.tree_questions
INFO: main.c(588): 180 total simple questions (172 phone; 8 word bndry)
INFO: main.c(590): 42 Left Only questions, and 42 Right Only questions
INFO: dtree.c(1478): Final simple tree
|( QUESTION2_3_L -1 3.102e+04 1.732e+03 1.503e+03
|    ( QUESTION1 -1 8.403e+03 6.573e+02 4.290e+02
|        ( - 3.959e+03 3 0)
|        ( - 3.787e+03 3 0))
|    ( SILENCE -1 2.088e+04 8.795e+02 1.074e+03
|        ( - 9.154e+03 2 0 QUESTION0_8_R 1 2.347e+02 5.088e+02)
|        ( QUESTION20 -1 1.085e+04 5.403e+02 5.649e+02
|            ( QUESTION2_5_L -1 2.366e+03 3.339e+02 1.290e+02
|                ( - 9.469e+02 2 0)
|                ( - 1.086e+03 1 0))
|            ( QUESTION2_1_L -1 7.942e+03 3.735e+02 4.359e+02
|                ( - 2.766e+03 4 0 QUESTION4 -1 1.915e+02 1.620e+02)
|                ( QUESTION4 -1 4.803e+03 3.113e+02 2.739e+02
|                    ( - 1.891e+03 2 0)
|                    ( - 2.601e+03 4 0 QUESTION16 -1 2.781e+02 1.650e+02))))))
s>    ( QUESTION2_3_L -1 3.102e+04 1.732e+03 1.503e+03
s>        ( QUESTION1 -1 8.403e+03 6.573e+02 4.290e+02
s>            ( - 3.959e+03 3 0)
s>            ( - 3.787e+03 3 0))
s>        ( SILENCE -1 2.088e+04 8.795e+02 1.074e+03
s>            ( - 9.154e+03 2 0 QUESTION0_8_R 1 2.347e+02 5.088e+02)
s>            ( QUESTION20 -1 1.085e+04 5.403e+02 5.649e+02
s>                ( QUESTION2_5_L -1 2.366e+03 3.339e+02 1.290e+02
s>                    ( - 9.469e+02 2 0)
s>                    ( - 1.086e+03 1 0))
s>                ( QUESTION2_1_L -1 7.942e+03 3.735e+02 4.359e+02
s>                    ( - 2.766e+03 4 0 QUESTION4 -1 1.915e+02 1.620e+02)
s>                    ( QUESTION4 -1 4.803e+03 3.113e+02 2.739e+02
s>                        ( - 1.891e+03 2 0)
s>                        ( - 2.601e+03 4 0 QUESTION16 -1 2.781e+02 1.650e+02))))))INFO: dtree.c(1315): Comp split 0
INFO: dtree.c(1478): Final simple tree
|( SILENCE -1 2.088e+04 8.795e+02 1.074e+03
|    ( QUESTION0_8_R 1 9.154e+03 2.347e+02 5.088e+02
|        ( - 8.490e+03 1 0)
|        ( - 4.298e+02 1 0))
|    ( QUESTION20 -1 1.085e+04 5.403e+02 5.649e+02
|        ( QUESTION2_5_L -1 2.366e+03 3.339e+02 1.290e+02
|            ( - 9.469e+02 2 0)
|            ( - 1.086e+03 1 0))
|        ( QUESTION2_1_L -1 7.942e+03 3.735e+02 4.359e+02
|            ( - 2.766e+03 4 0 QUESTION4 -1 1.915e+02 1.620e+02)
|            ( QUESTION4 -1 4.803e+03 3.113e+02 2.739e+02
|                ( - 1.891e+03 2 0)
|                ( QUESTION16 -1 2.601e+03 2.781e+02 1.650e+02
|                    ( - 1.314e+03 1 0)
|                    ( - 1.008e+03 3 0 QUESTION2_12_L -1 1.063e+02 7.500e+01))))))
s>    ( SILENCE -1 2.088e+04 8.795e+02 1.074e+03
s>        ( QUESTION0_8_R 1 9.154e+03 2.347e+02 5.088e+02
s>            ( - 8.490e+03 1 0)
s>            ( - 4.298e+02 1 0))
s>        ( QUESTION20 -1 1.085e+04 5.403e+02 5.649e+02
s>            ( QUESTION2_5_L -1 2.366e+03 3.339e+02 1.290e+02
s>                ( - 9.469e+02 2 0)
s>                ( - 1.086e+03 1 0))
s>            ( QUESTION2_1_L -1 7.942e+03 3.735e+02 4.359e+02
s>                ( - 2.766e+03 4 0 QUESTION4 -1 1.915e+02 1.620e+02)
s>                ( QUESTION4 -1 4.803e+03 3.113e+02 2.739e+02
s>                    ( - 1.891e+03 2 0)
s>                    ( QUESTION16 -1 2.601e+03 2.781e+02 1.650e+02
s>                        ( - 1.314e+03 1 0)
s>                        ( - 1.008e+03 3 0 QUESTION2_12_L -1 1.063e+02 7.500e+01))))))INFO: dtree.c(1439): stop. leaf nodes are specific
INFO: dtree.c(1478): Final simple tree
|( QUESTION1 -1 8.403e+03 6.573e+02 4.290e+02
|    ( - 3.959e+03 3 0)
|    ( - 3.787e+03 3 0))
s>    ( QUESTION1 -1 8.403e+03 6.573e+02 4.290e+02
s>        ( - 3.959e+03 3 0)
s>        ( - 3.787e+03 3 0))INFO: dtree.c(1315): Comp split 1
INFO: dtree.c(1478): Final simple tree
|( QUESTION20 -1 1.148e+04 5.457e+02 5.963e+02
|    ( QUESTION2_5_L -1 2.366e+03 3.339e+02 1.290e+02
|        ( - 9.469e+02 2 0)
|        ( - 1.086e+03 1 0))
|    ( QUESTION2_5_L -1 8.572e+03 3.721e+02 4.673e+02
|        ( - 1.891e+03 2 0)
|        ( QUESTION5 -1 6.309e+03 3.430e+02 3.585e+02
|            ( QUESTION6 -1 2.560e+03 2.268e+02 1.579e+02
|                ( - 1.018e+03 3 0 QUESTION7 -1 1.084e+02 6.786e+01)
|                ( - 1.314e+03 1 0))
|            ( QUESTION3 -1 3.406e+03 2.495e+02 2.006e+02
|                ( - 1.782e+03 2 0)
|                ( SILENCE -1 1.375e+03 1.565e+02 9.141e+01
|                    ( - 4.298e+02 1 0)
|                    ( - 7.885e+02 2 0 QUESTION0_0_R 1 3.738e+01 6.000e+01))))))
s>    ( QUESTION20 -1 1.148e+04 5.457e+02 5.963e+02
s>        ( QUESTION2_5_L -1 2.366e+03 3.339e+02 1.290e+02
s>            ( - 9.469e+02 2 0)
s>            ( - 1.086e+03 1 0))
s>        ( QUESTION2_5_L -1 8.572e+03 3.721e+02 4.673e+02
s>            ( - 1.891e+03 2 0)
s>            ( QUESTION5 -1 6.309e+03 3.430e+02 3.585e+02
s>                ( QUESTION6 -1 2.560e+03 2.268e+02 1.579e+02
s>                    ( - 1.018e+03 3 0 QUESTION7 -1 1.084e+02 6.786e+01)
s>                    ( - 1.314e+03 1 0))
s>                ( QUESTION3 -1 3.406e+03 2.495e+02 2.006e+02
s>                    ( - 1.782e+03 2 0)
s>                    ( SILENCE -1 1.375e+03 1.565e+02 9.141e+01
s>                        ( - 4.298e+02 1 0)
s>                        ( - 7.885e+02 2 0 QUESTION0_0_R 1 3.738e+01 6.000e+01))))))INFO: dtree.c(1315): Comp split 2
INFO: dtree.c(1315): Comp split 3
INFO: dtree.c(1439): stop. leaf nodes are specific
INFO: dtree.c(1478): Final simple tree
|( QUESTION2_1_L -1 4.662e+03 2.982e+02 2.685e+02
|    ( QUESTION4 -1 2.766e+03 1.915e+02 1.620e+02
|        ( - 1.782e+03 2 0)
|        ( - 7.924e+02 2 0))
|    ( QUESTION0 -1 1.598e+03 1.690e+02 1.064e+02
|        ( QUESTION0_0_R 1 7.885e+02 3.738e+01 6.000e+01
|            ( - 8.000e+00 1 0)
|            ( - 7.431e+02 1 0))
|        ( SILENCE -1 6.403e+02 9.282e+01 4.641e+01
|            ( - 4.298e+02 1 0)
|            ( - 1.176e+02 1 0))))
s>    ( QUESTION2_1_L -1 4.662e+03 2.982e+02 2.685e+02
s>        ( QUESTION4 -1 2.766e+03 1.915e+02 1.620e+02
s>            ( - 1.782e+03 2 0)
s>            ( - 7.924e+02 2 0))
s>        ( QUESTION0 -1 1.598e+03 1.690e+02 1.064e+02
s>            ( QUESTION0_0_R 1 7.885e+02 3.738e+01 6.000e+01
s>                ( - 8.000e+00 1 0)
s>                ( - 7.431e+02 1 0))
s>            ( SILENCE -1 6.403e+02 9.282e+01 4.641e+01
s>                ( - 4.298e+02 1 0)
s>                ( - 1.176e+02 1 0))))INFO: dtree.c(1439): stop. leaf nodes are specific
INFO: dtree.c(1478): Final simple tree
|( QUESTION2_6_L -1 6.259e+03 4.662e+02 3.278e+02
|    ( - 1.086e+03 1 0)
|    ( QUESTION20 -1 4.708e+03 3.111e+02 2.575e+02
|        ( - 9.469e+02 2 0)
|        ( QUESTION4 -1 3.450e+03 2.443e+02 1.989e+02
|            ( - 1.891e+03 2 0)
|            ( - 1.314e+03 1 0))))
s>    ( QUESTION2_6_L -1 6.259e+03 4.662e+02 3.278e+02
s>        ( - 1.086e+03 1 0)
s>        ( QUESTION20 -1 4.708e+03 3.111e+02 2.575e+02
s>            ( - 9.469e+02 2 0)
s>            ( QUESTION4 -1 3.450e+03 2.443e+02 1.989e+02
s>                ( - 1.891e+03 2 0)
s>                ( - 1.314e+03 1 0))))INFO: dtree.c(1315): Comp split 4
INFO: dtree.c(1439): stop. leaf nodes are specific
INFO: dtree.c(1478): Final simple tree
|( QUESTION20 -1 4.708e+03 3.111e+02 2.575e+02
|    ( - 9.469e+02 2 0)
|    ( QUESTION4 -1 3.450e+03 2.443e+02 1.989e+02
|        ( - 1.891e+03 2 0)
|        ( - 1.314e+03 1 0)))
s>    ( QUESTION20 -1 4.708e+03 3.111e+02 2.575e+02
s>        ( - 9.469e+02 2 0)
s>        ( QUESTION4 -1 3.450e+03 2.443e+02 1.989e+02
s>            ( - 1.891e+03 2 0)
s>            ( - 1.314e+03 1 0)))INFO: dtree.c(1315): Comp split 5
INFO: dtree.c(1439): stop. leaf nodes are specific
INFO: dtree.c(1478): Final simple tree
|( QUESTION4 -1 3.450e+03 2.443e+02 1.989e+02
|    ( - 1.891e+03 2 0)
|    ( - 1.314e+03 1 0))
s>    ( QUESTION4 -1 3.450e+03 2.443e+02 1.989e+02
s>        ( - 1.891e+03 2 0)
s>        ( - 1.314e+03 1 0))INFO: dtree.c(1315): Comp split 6
INFO: dtree.c(1439): stop. leaf nodes are specific
INFO: dtree.c(1478): Final simple tree
|( QUESTION0 -1 1.547e+03 1.636e+02 1.044e+02
|    ( - 7.431e+02 1 0)
|    ( SILENCE -1 6.403e+02 9.282e+01 4.641e+01
|        ( - 4.298e+02 1 0)
|        ( - 1.176e+02 1 0)))
s>    ( QUESTION0 -1 1.547e+03 1.636e+02 1.044e+02
s>        ( - 7.431e+02 1 0)
s>        ( SILENCE -1 6.403e+02 9.282e+01 4.641e+01
s>            ( - 4.298e+02 1 0)
s>            ( - 1.176e+02 1 0)))INFO: dtree.c(1439): stop. leaf nodes are specific
INFO: dtree.c(1478): Final simple tree
|( QUESTION5 -1 2.808e+03 1.926e+02 1.640e+02
|    ( - 7.924e+02 2 0)
|    ( QUESTION0_0_R 1 1.823e+03 3.303e+01 1.112e+02
|        ( - 8.000e+00 1 0)
|        ( - 1.782e+03 2 0)))
s>    ( QUESTION5 -1 2.808e+03 1.926e+02 1.640e+02
s>        ( - 7.924e+02 2 0)
s>        ( QUESTION0_0_R 1 1.823e+03 3.303e+01 1.112e+02
s>            ( - 8.000e+00 1 0)
s>            ( - 1.782e+03 2 0)))INFO: dtree.c(1315): Comp split 7
INFO: dtree.c(1315): Comp split 8
INFO: dtree.c(1439): stop. leaf nodes are specific
INFO: dtree.c(1478): Final simple tree
|( QUESTION0_0_R 1 1.823e+03 3.303e+01 1.112e+02
|    ( - 8.000e+00 1 0)
|    ( - 1.782e+03 2 0))
s>    ( QUESTION0_0_R 1 1.823e+03 3.303e+01 1.112e+02
s>        ( - 8.000e+00 1 0)
s>        ( - 1.782e+03 2 0))INFO: dtree.c(1315): Comp split 9
INFO: dtree.c(1439): stop. leaf nodes are specific
INFO: dtree.c(1478): Final simple tree
|( SILENCE -1 6.403e+02 9.282e+01 4.641e+01
|    ( - 4.298e+02 1 0)
|    ( - 1.176e+02 1 0))
s>    ( SILENCE -1 6.403e+02 9.282e+01 4.641e+01
s>        ( - 4.298e+02 1 0)
s>        ( - 1.176e+02 1 0))INFO: dtree.c(1315): Comp split 10
INFO: dtree.c(1315): Comp split 11
INFO: dtree.c(1315): Comp split 12
INFO: dtree.c(1318): stop. leaf nodes are specific
Mon May 23 22:39:48 2022
