Current configuration:
[NAME]		[DEFLT]	[VALUE]
-allphones	no	no
-cntthresh	0.00001	1.000000e-05
-csplitmax	100	2000
-csplitmin	1	1
-csplitthr	8e-4	0.000000e+00
-example	no	no
-fullvar	no	no
-help		no	no
-meanfn			
-mixwfn			/home/rakha/Kuliah/Semester8/nlp/speech-sphinx/train-new-model/an4-master/model_parameters/an4.cd_ptm_untied/mixture_weights
-moddeffn		/home/rakha/Kuliah/Semester8/nlp/speech-sphinx/train-new-model/an4-master/model_architecture/an4.untied.mdef
-mwfloor	1e-4	1.000000e-08
-phone			V
-psetfn			/home/rakha/Kuliah/Semester8/nlp/speech-sphinx/train-new-model/an4-master/model_architecture/an4.tree_questions
-ssplitmax	5	7
-ssplitmin	1	1
-ssplitthr	8e-4	0.000000e+00
-state			0
-stwt			1.0,0.05,0.0,
-treefn			/home/rakha/Kuliah/Semester8/nlp/speech-sphinx/train-new-model/an4-master/trees/an4.unpruned/V-0.dtree
-ts2cbfn	.semi.	.semi.
-varfloor	0.00001	1.000000e-05
-varfn			

INFO: main.c(223): Reading: /home/rakha/Kuliah/Semester8/nlp/speech-sphinx/train-new-model/an4-master/model_architecture/an4.untied.mdef
INFO: model_def_io.c(573): Model definition info:
INFO: model_def_io.c(574): 1618 total models defined (34 base, 1584 tri)
INFO: model_def_io.c(575): 6472 total states
INFO: model_def_io.c(576): 4854 total tied states
INFO: model_def_io.c(577): 102 total tied CI states
INFO: model_def_io.c(578): 34 total tied transition matrices
INFO: model_def_io.c(579): 4 max state/model
INFO: model_def_io.c(580): 4 min state/model
INFO: main.c(242): Building trees for [V AH IY b] through [V T IY b]
INFO: main.c(269): Covering states |[4587 4670]| == 84
INFO: main.c(275): Reading: /home/rakha/Kuliah/Semester8/nlp/speech-sphinx/train-new-model/an4-master/model_parameters/an4.cd_ptm_untied/mixture_weights
INFO: s3mixw_io.c(173): Read /home/rakha/Kuliah/Semester8/nlp/speech-sphinx/train-new-model/an4-master/model_parameters/an4.cd_ptm_untied/mixture_weights [84x4x64 array]
INFO: main.c(311): 28 of 28 models have observation count greater than 0.000010
INFO: main.c(95): nrm stwt: 0.952 0.048 0.000 
INFO: main.c(411): 28-class entropy: 2.376282e+04
INFO: main.c(549): Reading: /home/rakha/Kuliah/Semester8/nlp/speech-sphinx/train-new-model/an4-master/model_architecture/an4.tree_questions
INFO: main.c(588): 180 total simple questions (172 phone; 8 word bndry)
INFO: main.c(590): 42 Left Only questions, and 42 Right Only questions
INFO: dtree.c(1478): Final simple tree
|( WDBNDRY_I 0 2.989e+04 2.544e+03 1.573e+03
|    ( - 1.190e+04 1 0)
|    ( QUESTION2_12_L -1 1.545e+04 9.089e+02 8.231e+02
|        ( SILENCE 1 1.251e+04 5.954e+02 7.142e+02
|            ( - 3.290e+03 1 0)
|            ( QUESTION6 1 8.627e+03 2.051e+02 5.288e+02
|                ( - 4.664e+03 3 0 QUESTION0_10_R 1 1.361e+02 2.997e+02)
|                ( QUESTION0_0_R 1 3.758e+03 1.620e+02 2.291e+02
|                    ( - 9.364e+02 3 0 WDBNDRY_B 0 9.212e+01 6.359e+01)
|                    ( - 2.659e+03 5 0 QUESTION0_15_R 1 1.495e+02 1.655e+02))))
|        ( QUESTION0 -1 2.030e+03 2.336e+02 1.089e+02
|            ( WDBNDRY_B 0 1.287e+03 1.955e+02 7.902e+01
|                ( - 8.352e+02 3 0 QUESTION1 -1 1.116e+02 5.902e+01)
|                ( - 2.567e+02 6 0 QUESTION2_0_L -1 6.917e+01 2.000e+01))
|            ( - 5.091e+02 6 0 QUESTION2_1_L -1 9.162e+01 2.991e+01))))
s>    ( WDBNDRY_I 0 2.989e+04 2.544e+03 1.573e+03
s>        ( - 1.190e+04 1 0)
s>        ( QUESTION2_12_L -1 1.545e+04 9.089e+02 8.231e+02
s>            ( SILENCE 1 1.251e+04 5.954e+02 7.142e+02
s>                ( - 3.290e+03 1 0)
s>                ( QUESTION6 1 8.627e+03 2.051e+02 5.288e+02
s>                    ( - 4.664e+03 3 0 QUESTION0_10_R 1 1.361e+02 2.997e+02)
s>                    ( QUESTION0_0_R 1 3.758e+03 1.620e+02 2.291e+02
s>                        ( - 9.364e+02 3 0 WDBNDRY_B 0 9.212e+01 6.359e+01)
s>                        ( - 2.659e+03 5 0 QUESTION0_15_R 1 1.495e+02 1.655e+02))))
s>            ( QUESTION0 -1 2.030e+03 2.336e+02 1.089e+02
s>                ( WDBNDRY_B 0 1.287e+03 1.955e+02 7.902e+01
s>                    ( - 8.352e+02 3 0 QUESTION1 -1 1.116e+02 5.902e+01)
s>                    ( - 2.567e+02 6 0 QUESTION2_0_L -1 6.917e+01 2.000e+01))
s>                ( - 5.091e+02 6 0 QUESTION2_1_L -1 9.162e+01 2.991e+01))))INFO: dtree.c(1315): Comp split 0
INFO: dtree.c(1478): Final simple tree
|( QUESTION2_12_L -1 1.545e+04 9.089e+02 8.231e+02
|    ( SILENCE 1 1.251e+04 5.954e+02 7.142e+02
|        ( - 3.290e+03 1 0)
|        ( QUESTION6 1 8.627e+03 2.051e+02 5.288e+02
|            ( - 4.664e+03 3 0 QUESTION0_10_R 1 1.361e+02 2.997e+02)
|            ( QUESTION0_0_R 1 3.758e+03 1.620e+02 2.291e+02
|                ( - 9.364e+02 3 0 WDBNDRY_B 0 9.212e+01 6.359e+01)
|                ( QUESTION0_15_R 1 2.659e+03 1.495e+02 1.655e+02
|                    ( - 1.647e+03 2 0 QUESTION0_16_R 1 1.242e+02 1.088e+02)
|                    ( - 8.628e+02 3 0 QUESTION4 1 1.132e+02 5.669e+01)))))
|    ( QUESTION0 -1 2.030e+03 2.336e+02 1.089e+02
|        ( WDBNDRY_B 0 1.287e+03 1.955e+02 7.902e+01
|            ( - 8.352e+02 3 0 QUESTION1 -1 1.116e+02 5.902e+01)
|            ( - 2.567e+02 6 0 QUESTION2_0_L -1 6.917e+01 2.000e+01))
|        ( - 5.091e+02 6 0 QUESTION2_1_L -1 9.162e+01 2.991e+01)))
s>    ( QUESTION2_12_L -1 1.545e+04 9.089e+02 8.231e+02
s>        ( SILENCE 1 1.251e+04 5.954e+02 7.142e+02
s>            ( - 3.290e+03 1 0)
s>            ( QUESTION6 1 8.627e+03 2.051e+02 5.288e+02
s>                ( - 4.664e+03 3 0 QUESTION0_10_R 1 1.361e+02 2.997e+02)
s>                ( QUESTION0_0_R 1 3.758e+03 1.620e+02 2.291e+02
s>                    ( - 9.364e+02 3 0 WDBNDRY_B 0 9.212e+01 6.359e+01)
s>                    ( QUESTION0_15_R 1 2.659e+03 1.495e+02 1.655e+02
s>                        ( - 1.647e+03 2 0 QUESTION0_16_R 1 1.242e+02 1.088e+02)
s>                        ( - 8.628e+02 3 0 QUESTION4 1 1.132e+02 5.669e+01)))))
s>        ( QUESTION0 -1 2.030e+03 2.336e+02 1.089e+02
s>            ( WDBNDRY_B 0 1.287e+03 1.955e+02 7.902e+01
s>                ( - 8.352e+02 3 0 QUESTION1 -1 1.116e+02 5.902e+01)
s>                ( - 2.567e+02 6 0 QUESTION2_0_L -1 6.917e+01 2.000e+01))
s>            ( - 5.091e+02 6 0 QUESTION2_1_L -1 9.162e+01 2.991e+01)))INFO: dtree.c(1315): Comp split 1
INFO: dtree.c(1478): Final simple tree
|( QUESTION6 1 8.627e+03 2.051e+02 5.288e+02
|    ( QUESTION0_10_R 1 4.664e+03 1.361e+02 2.997e+02
|        ( - 3.904e+03 1 0)
|        ( - 6.238e+02 2 0 QUESTION0_16_R 1 6.427e+01 4.692e+01))
|    ( QUESTION0_0_R 1 3.758e+03 1.620e+02 2.291e+02
|        ( WDBNDRY_B 0 9.364e+02 9.212e+01 6.359e+01
|            ( - 2.103e+02 1 0)
|            ( - 6.340e+02 2 0 QUESTION0_1_R 1 5.327e+01 4.759e+01))
|        ( QUESTION0_15_R 1 2.659e+03 1.495e+02 1.655e+02
|            ( QUESTION0_16_R 1 1.647e+03 1.242e+02 1.088e+02
|                ( - 6.333e+02 1 0)
|                ( - 8.893e+02 1 0))
|            ( QUESTION4 1 8.628e+02 1.132e+02 5.669e+01
|                ( - 4.404e+02 1 0)
|                ( - 3.092e+02 2 0 QUESTION0_8_R 1 7.112e+01 2.290e+01)))))
s>    ( QUESTION6 1 8.627e+03 2.051e+02 5.288e+02
s>        ( QUESTION0_10_R 1 4.664e+03 1.361e+02 2.997e+02
s>            ( - 3.904e+03 1 0)
s>            ( - 6.238e+02 2 0 QUESTION0_16_R 1 6.427e+01 4.692e+01))
s>        ( QUESTION0_0_R 1 3.758e+03 1.620e+02 2.291e+02
s>            ( WDBNDRY_B 0 9.364e+02 9.212e+01 6.359e+01
s>                ( - 2.103e+02 1 0)
s>                ( - 6.340e+02 2 0 QUESTION0_1_R 1 5.327e+01 4.759e+01))
s>            ( QUESTION0_15_R 1 2.659e+03 1.495e+02 1.655e+02
s>                ( QUESTION0_16_R 1 1.647e+03 1.242e+02 1.088e+02
s>                    ( - 6.333e+02 1 0)
s>                    ( - 8.893e+02 1 0))
s>                ( QUESTION4 1 8.628e+02 1.132e+02 5.669e+01
s>                    ( - 4.404e+02 1 0)
s>                    ( - 3.092e+02 2 0 QUESTION0_8_R 1 7.112e+01 2.290e+01)))))INFO: dtree.c(1478): Final simple tree
|( QUESTION2_12_L -1 5.834e+03 5.137e+02 2.943e+02
|    ( - 3.290e+03 1 0)
|    ( QUESTION0 -1 2.030e+03 2.336e+02 1.089e+02
|        ( WDBNDRY_B 0 1.287e+03 1.955e+02 7.902e+01
|            ( QUESTION1 -1 8.352e+02 1.116e+02 5.902e+01
|                ( - 3.436e+02 2 0)
|                ( - 3.799e+02 1 0))
|            ( QUESTION2_0_L -1 2.567e+02 6.917e+01 2.000e+01
|                ( - 9.016e+01 5 0 QUESTION4 1 2.893e+01 1.000e+01)
|                ( - 9.735e+01 1 0)))
|        ( QUESTION2_1_L -1 5.091e+02 9.162e+01 2.991e+01
|            ( - 1.483e+02 3 0 QUESTION4 -1 3.087e+01 1.100e+01)
|            ( SILENCE -1 2.692e+02 5.222e+01 1.891e+01
|                ( - 1.730e+02 1 0)
|                ( - 4.394e+01 2 0 QUESTION2_9_L -1 1.985e+01 5.000e+00)))))
s>    ( QUESTION2_12_L -1 5.834e+03 5.137e+02 2.943e+02
s>        ( - 3.290e+03 1 0)
s>        ( QUESTION0 -1 2.030e+03 2.336e+02 1.089e+02
s>            ( WDBNDRY_B 0 1.287e+03 1.955e+02 7.902e+01
s>                ( QUESTION1 -1 8.352e+02 1.116e+02 5.902e+01
s>                    ( - 3.436e+02 2 0)
s>                    ( - 3.799e+02 1 0))
s>                ( QUESTION2_0_L -1 2.567e+02 6.917e+01 2.000e+01
s>                    ( - 9.016e+01 5 0 QUESTION4 1 2.893e+01 1.000e+01)
s>                    ( - 9.735e+01 1 0)))
s>            ( QUESTION2_1_L -1 5.091e+02 9.162e+01 2.991e+01
s>                ( - 1.483e+02 3 0 QUESTION4 -1 3.087e+01 1.100e+01)
s>                ( SILENCE -1 2.692e+02 5.222e+01 1.891e+01
s>                    ( - 1.730e+02 1 0)
s>                    ( - 4.394e+01 2 0 QUESTION2_9_L -1 1.985e+01 5.000e+00)))))INFO: dtree.c(1315): Comp split 2
INFO: dtree.c(1439): stop. leaf nodes are specific
INFO: dtree.c(1478): Final simple tree
|( SILENCE 1 3.514e+03 1.265e+02 1.954e+02
|    ( - 3.290e+03 1 0)
|    ( - 9.735e+01 1 0))
s>    ( SILENCE 1 3.514e+03 1.265e+02 1.954e+02
s>        ( - 3.290e+03 1 0)
s>        ( - 9.735e+01 1 0))INFO: dtree.c(1478): Final simple tree
|( QUESTION0 -1 1.800e+03 2.411e+02 9.893e+01
|    ( QUESTION1 -1 1.050e+03 1.323e+02 6.902e+01
|        ( - 3.436e+02 2 0)
|        ( WDBNDRY_B 0 5.742e+02 1.041e+02 4.109e+01
|            ( - 3.799e+02 1 0)
|            ( QUESTION4 1 9.016e+01 2.893e+01 1.000e+01
|                ( - 3.017e+01 3 0 QUESTION0_9_R 1 1.019e+01 5.000e+00)
|                ( - 3.106e+01 2 0 SILENCE 1 1.091e+01 5.000e+00))))
|    ( QUESTION2_1_L -1 5.091e+02 9.162e+01 2.991e+01
|        ( QUESTION4 -1 1.483e+02 3.087e+01 1.100e+01
|            ( - 1.092e+02 2 0)
|            ( - 8.239e+00 1 0))
|        ( SILENCE -1 2.692e+02 5.222e+01 1.891e+01
|            ( - 1.730e+02 1 0)
|            ( - 4.394e+01 2 0 QUESTION2_9_L -1 1.985e+01 5.000e+00))))
s>    ( QUESTION0 -1 1.800e+03 2.411e+02 9.893e+01
s>        ( QUESTION1 -1 1.050e+03 1.323e+02 6.902e+01
s>            ( - 3.436e+02 2 0)
s>            ( WDBNDRY_B 0 5.742e+02 1.041e+02 4.109e+01
s>                ( - 3.799e+02 1 0)
s>                ( QUESTION4 1 9.016e+01 2.893e+01 1.000e+01
s>                    ( - 3.017e+01 3 0 QUESTION0_9_R 1 1.019e+01 5.000e+00)
s>                    ( - 3.106e+01 2 0 SILENCE 1 1.091e+01 5.000e+00))))
s>        ( QUESTION2_1_L -1 5.091e+02 9.162e+01 2.991e+01
s>            ( QUESTION4 -1 1.483e+02 3.087e+01 1.100e+01
s>                ( - 1.092e+02 2 0)
s>                ( - 8.239e+00 1 0))
s>            ( SILENCE -1 2.692e+02 5.222e+01 1.891e+01
s>                ( - 1.730e+02 1 0)
s>                ( - 4.394e+01 2 0 QUESTION2_9_L -1 1.985e+01 5.000e+00))))INFO: dtree.c(1315): Comp split 3
INFO: dtree.c(1478): Final simple tree
|( QUESTION2_2_L -1 7.055e+02 1.261e+02 3.991e+01
|    ( WDBNDRY_B 0 1.806e+02 4.651e+01 1.500e+01
|        ( QUESTION2_9_L -1 4.394e+01 1.985e+01 5.000e+00
|            ( - 8.430e+00 1 0)
|            ( - 1.566e+01 1 0))
|        ( QUESTION4 1 9.016e+01 2.893e+01 1.000e+01
|            ( - 3.017e+01 3 0 QUESTION0_9_R 1 1.019e+01 5.000e+00)
|            ( SILENCE 1 3.106e+01 1.091e+01 5.000e+00
|                ( - 0.000e+00 1 0)
|                ( - 2.015e+01 1 0))))
|    ( SILENCE -1 3.988e+02 7.748e+01 2.491e+01
|        ( - 1.730e+02 1 0)
|        ( QUESTION4 -1 1.483e+02 3.087e+01 1.100e+01
|            ( - 1.092e+02 2 0)
|            ( - 8.239e+00 1 0))))
s>    ( QUESTION2_2_L -1 7.055e+02 1.261e+02 3.991e+01
s>        ( WDBNDRY_B 0 1.806e+02 4.651e+01 1.500e+01
s>            ( QUESTION2_9_L -1 4.394e+01 1.985e+01 5.000e+00
s>                ( - 8.430e+00 1 0)
s>                ( - 1.566e+01 1 0))
s>            ( QUESTION4 1 9.016e+01 2.893e+01 1.000e+01
s>                ( - 3.017e+01 3 0 QUESTION0_9_R 1 1.019e+01 5.000e+00)
s>                ( SILENCE 1 3.106e+01 1.091e+01 5.000e+00
s>                    ( - 0.000e+00 1 0)
s>                    ( - 2.015e+01 1 0))))
s>        ( SILENCE -1 3.988e+02 7.748e+01 2.491e+01
s>            ( - 1.730e+02 1 0)
s>            ( QUESTION4 -1 1.483e+02 3.087e+01 1.100e+01
s>                ( - 1.092e+02 2 0)
s>                ( - 8.239e+00 1 0))))INFO: dtree.c(1439): stop. leaf nodes are specific
INFO: dtree.c(1478): Final simple tree
|( QUESTION1 -1 8.352e+02 1.116e+02 5.902e+01
|    ( - 3.436e+02 2 0)
|    ( - 3.799e+02 1 0))
s>    ( QUESTION1 -1 8.352e+02 1.116e+02 5.902e+01
s>        ( - 3.436e+02 2 0)
s>        ( - 3.799e+02 1 0))INFO: dtree.c(1315): Comp split 4
INFO: dtree.c(1439): stop. leaf nodes are specific
INFO: dtree.c(1478): Final simple tree
|( QUESTION0_0_R 1 2.395e+03 1.343e+02 1.472e+02
|    ( WDBNDRY_B 0 9.364e+02 9.212e+01 6.359e+01
|        ( - 2.103e+02 1 0)
|        ( QUESTION0_1_R 1 6.340e+02 5.327e+01 4.759e+01
|            ( - 2.727e+02 1 0)
|            ( - 3.080e+02 1 0)))
|    ( QUESTION0_15_R 1 1.325e+03 1.263e+02 8.357e+01
|        ( - 8.893e+02 1 0)
|        ( QUESTION0_8_R 1 3.092e+02 7.112e+01 2.290e+01
|            ( - 1.920e+02 1 0)
|            ( - 4.604e+01 1 0))))
s>    ( QUESTION0_0_R 1 2.395e+03 1.343e+02 1.472e+02
s>        ( WDBNDRY_B 0 9.364e+02 9.212e+01 6.359e+01
s>            ( - 2.103e+02 1 0)
s>            ( QUESTION0_1_R 1 6.340e+02 5.327e+01 4.759e+01
s>                ( - 2.727e+02 1 0)
s>                ( - 3.080e+02 1 0)))
s>        ( QUESTION0_15_R 1 1.325e+03 1.263e+02 8.357e+01
s>            ( - 8.893e+02 1 0)
s>            ( QUESTION0_8_R 1 3.092e+02 7.112e+01 2.290e+01
s>                ( - 1.920e+02 1 0)
s>                ( - 4.604e+01 1 0))))INFO: dtree.c(1439): stop. leaf nodes are specific
INFO: dtree.c(1478): Final simple tree
|( QUESTION0_16_R 1 6.000e+03 1.463e+02 3.816e+02
|    ( QUESTION0_17_R 1 8.547e+02 8.289e+01 6.196e+01
|        ( - 1.385e+02 1 0)
|        ( - 6.333e+02 1 0))
|    ( QUESTION0_10_R 1 4.999e+03 1.261e+02 3.197e+02
|        ( - 3.904e+03 1 0)
|        ( QUESTION0_8_R 1 9.680e+02 1.066e+02 6.687e+01
|            ( - 4.404e+02 1 0)
|            ( - 4.210e+02 1 0))))
s>    ( QUESTION0_16_R 1 6.000e+03 1.463e+02 3.816e+02
s>        ( QUESTION0_17_R 1 8.547e+02 8.289e+01 6.196e+01
s>            ( - 1.385e+02 1 0)
s>            ( - 6.333e+02 1 0))
s>        ( QUESTION0_10_R 1 4.999e+03 1.261e+02 3.197e+02
s>            ( - 3.904e+03 1 0)
s>            ( QUESTION0_8_R 1 9.680e+02 1.066e+02 6.687e+01
s>                ( - 4.404e+02 1 0)
s>                ( - 4.210e+02 1 0))))INFO: dtree.c(1315): Comp split 5
INFO: dtree.c(1439): stop. leaf nodes are specific
INFO: dtree.c(1478): Final simple tree
|( WDBNDRY_B 0 3.221e+02 6.583e+01 2.200e+01
|    ( - 2.103e+02 1 0)
|    ( - 4.604e+01 1 0))
s>    ( WDBNDRY_B 0 3.221e+02 6.583e+01 2.200e+01
s>        ( - 2.103e+02 1 0)
s>        ( - 4.604e+01 1 0))INFO: dtree.c(1439): stop. leaf nodes are specific
INFO: dtree.c(1478): Final simple tree
|( QUESTION0_0_R 1 1.904e+03 1.046e+02 1.252e+02
|    ( QUESTION0_1_R 1 6.340e+02 5.327e+01 4.759e+01
|        ( - 2.727e+02 1 0)
|        ( - 3.080e+02 1 0))
|    ( QUESTION0_8_R 1 1.165e+03 8.403e+01 7.757e+01
|        ( - 1.920e+02 1 0)
|        ( - 8.893e+02 1 0)))
s>    ( QUESTION0_0_R 1 1.904e+03 1.046e+02 1.252e+02
s>        ( QUESTION0_1_R 1 6.340e+02 5.327e+01 4.759e+01
s>            ( - 2.727e+02 1 0)
s>            ( - 3.080e+02 1 0))
s>        ( QUESTION0_8_R 1 1.165e+03 8.403e+01 7.757e+01
s>            ( - 1.920e+02 1 0)
s>            ( - 8.893e+02 1 0)))INFO: dtree.c(1315): Comp split 6
INFO: dtree.c(1439): stop. leaf nodes are specific
INFO: dtree.c(1478): Final simple tree
|( QUESTION0_10_R 1 4.999e+03 1.261e+02 3.197e+02
|    ( - 3.904e+03 1 0)
|    ( QUESTION0_8_R 1 9.680e+02 1.066e+02 6.687e+01
|        ( - 4.404e+02 1 0)
|        ( - 4.210e+02 1 0)))
s>    ( QUESTION0_10_R 1 4.999e+03 1.261e+02 3.197e+02
s>        ( - 3.904e+03 1 0)
s>        ( QUESTION0_8_R 1 9.680e+02 1.066e+02 6.687e+01
s>            ( - 4.404e+02 1 0)
s>            ( - 4.210e+02 1 0)))INFO: dtree.c(1439): stop. leaf nodes are specific
INFO: dtree.c(1478): Final simple tree
|( QUESTION0_17_R 1 8.547e+02 8.289e+01 6.196e+01
|    ( - 1.385e+02 1 0)
|    ( - 6.333e+02 1 0))
s>    ( QUESTION0_17_R 1 8.547e+02 8.289e+01 6.196e+01
s>        ( - 1.385e+02 1 0)
s>        ( - 6.333e+02 1 0))INFO: dtree.c(1315): Comp split 7
INFO: dtree.c(1439): stop. leaf nodes are specific
INFO: dtree.c(1478): Final simple tree
|( QUESTION4 -1 3.060e+02 7.210e+01 2.100e+01
|    ( - 1.092e+02 2 0)
|    ( QUESTION4 1 1.246e+02 3.431e+01 1.200e+01
|        ( QUESTION0_9_R 1 3.017e+01 1.019e+01 5.000e+00
|            ( - 8.239e+00 1 0)
|            ( QUESTION0_0_R 1 1.174e+01 6.459e+00 3.000e+00
|                ( - 5.282e+00 1 0)
|                ( - 0.000e+00 1 0)))
|        ( WDBNDRY_B 0 6.015e+01 2.066e+01 7.000e+00
|            ( - 8.430e+00 1 0)
|            ( SILENCE 1 3.106e+01 1.091e+01 5.000e+00
|                ( - 0.000e+00 1 0)
|                ( - 2.015e+01 1 0)))))
s>    ( QUESTION4 -1 3.060e+02 7.210e+01 2.100e+01
s>        ( - 1.092e+02 2 0)
s>        ( QUESTION4 1 1.246e+02 3.431e+01 1.200e+01
s>            ( QUESTION0_9_R 1 3.017e+01 1.019e+01 5.000e+00
s>                ( - 8.239e+00 1 0)
s>                ( QUESTION0_0_R 1 1.174e+01 6.459e+00 3.000e+00
s>                    ( - 5.282e+00 1 0)
s>                    ( - 0.000e+00 1 0)))
s>            ( WDBNDRY_B 0 6.015e+01 2.066e+01 7.000e+00
s>                ( - 8.430e+00 1 0)
s>                ( SILENCE 1 3.106e+01 1.091e+01 5.000e+00
s>                    ( - 0.000e+00 1 0)
s>                    ( - 2.015e+01 1 0)))))INFO: dtree.c(1439): stop. leaf nodes are specific
INFO: dtree.c(1478): Final simple tree
|( SILENCE -1 2.686e+02 5.193e+01 1.891e+01
|    ( - 1.730e+02 1 0)
|    ( QUESTION6 -1 4.366e+01 1.976e+01 5.000e+00
|        ( - 8.239e+00 1 0)
|        ( - 1.566e+01 1 0)))
s>    ( SILENCE -1 2.686e+02 5.193e+01 1.891e+01
s>        ( - 1.730e+02 1 0)
s>        ( QUESTION6 -1 4.366e+01 1.976e+01 5.000e+00
s>            ( - 8.239e+00 1 0)
s>            ( - 1.566e+01 1 0)))INFO: dtree.c(1315): Comp split 8
INFO: dtree.c(1315): Comp split 9
INFO: dtree.c(1439): stop. leaf nodes are specific
INFO: dtree.c(1478): Final simple tree
|( QUESTION0_8_R 1 9.680e+02 1.066e+02 6.687e+01
|    ( - 4.404e+02 1 0)
|    ( - 4.210e+02 1 0))
s>    ( QUESTION0_8_R 1 9.680e+02 1.066e+02 6.687e+01
s>        ( - 4.404e+02 1 0)
s>        ( - 4.210e+02 1 0))INFO: dtree.c(1315): Comp split 10
INFO: dtree.c(1315): Comp split 11
INFO: dtree.c(1315): Comp split 12
INFO: dtree.c(1439): stop. leaf nodes are specific
INFO: dtree.c(1478): Final simple tree
|( QUESTION0_8_R 1 1.165e+03 8.403e+01 7.757e+01
|    ( - 1.920e+02 1 0)
|    ( - 8.893e+02 1 0))
s>    ( QUESTION0_8_R 1 1.165e+03 8.403e+01 7.757e+01
s>        ( - 1.920e+02 1 0)
s>        ( - 8.893e+02 1 0))INFO: dtree.c(1439): stop. leaf nodes are specific
INFO: dtree.c(1478): Final simple tree
|( QUESTION0_1_R 1 6.340e+02 5.327e+01 4.759e+01
|    ( - 2.727e+02 1 0)
|    ( - 3.080e+02 1 0))
s>    ( QUESTION0_1_R 1 6.340e+02 5.327e+01 4.759e+01
s>        ( - 2.727e+02 1 0)
s>        ( - 3.080e+02 1 0))INFO: dtree.c(1315): Comp split 13
INFO: dtree.c(1315): Comp split 14
INFO: dtree.c(1315): Comp split 15
INFO: dtree.c(1439): stop. leaf nodes are specific
INFO: dtree.c(1478): Final simple tree
|( QUESTION4 1 1.246e+02 3.431e+01 1.200e+01
|    ( QUESTION0_9_R 1 3.017e+01 1.019e+01 5.000e+00
|        ( - 8.239e+00 1 0)
|        ( QUESTION0_0_R 1 1.174e+01 6.459e+00 3.000e+00
|            ( - 5.282e+00 1 0)
|            ( - 0.000e+00 1 0)))
|    ( WDBNDRY_B 0 6.015e+01 2.066e+01 7.000e+00
|        ( - 8.430e+00 1 0)
|        ( SILENCE 1 3.106e+01 1.091e+01 5.000e+00
|            ( - 0.000e+00 1 0)
|            ( - 2.015e+01 1 0))))
s>    ( QUESTION4 1 1.246e+02 3.431e+01 1.200e+01
s>        ( QUESTION0_9_R 1 3.017e+01 1.019e+01 5.000e+00
s>            ( - 8.239e+00 1 0)
s>            ( QUESTION0_0_R 1 1.174e+01 6.459e+00 3.000e+00
s>                ( - 5.282e+00 1 0)
s>                ( - 0.000e+00 1 0)))
s>        ( WDBNDRY_B 0 6.015e+01 2.066e+01 7.000e+00
s>            ( - 8.430e+00 1 0)
s>            ( SILENCE 1 3.106e+01 1.091e+01 5.000e+00
s>                ( - 0.000e+00 1 0)
s>                ( - 2.015e+01 1 0))))INFO: dtree.c(1315): Comp split 16
INFO: dtree.c(1315): Comp split 17
INFO: dtree.c(1315): Comp split 18
INFO: dtree.c(1439): stop. leaf nodes are specific
INFO: dtree.c(1478): Final simple tree
|( QUESTION6 -1 4.366e+01 1.976e+01 5.000e+00
|    ( - 8.239e+00 1 0)
|    ( - 1.566e+01 1 0))
s>    ( QUESTION6 -1 4.366e+01 1.976e+01 5.000e+00
s>        ( - 8.239e+00 1 0)
s>        ( - 1.566e+01 1 0))INFO: dtree.c(1315): Comp split 19
INFO: dtree.c(1439): stop. leaf nodes are specific
INFO: dtree.c(1478): Final simple tree
|( WDBNDRY_B 0 5.547e+01 1.876e+01 7.000e+00
|    ( - 8.430e+00 1 0)
|    ( QUESTION0_8_R 1 2.828e+01 8.127e+00 5.000e+00
|        ( - 0.000e+00 1 0)
|        ( - 2.015e+01 1 0)))
s>    ( WDBNDRY_B 0 5.547e+01 1.876e+01 7.000e+00
s>        ( - 8.430e+00 1 0)
s>        ( QUESTION0_8_R 1 2.828e+01 8.127e+00 5.000e+00
s>            ( - 0.000e+00 1 0)
s>            ( - 2.015e+01 1 0)))INFO: dtree.c(1439): stop. leaf nodes are specific
INFO: dtree.c(1478): Final simple tree
|( SILENCE 1 3.351e+01 1.271e+01 5.000e+00
|    ( - 0.000e+00 1 0)
|    ( QUESTION0_0_R 1 2.080e+01 7.278e+00 4.000e+00
|        ( - 5.282e+00 1 0)
|        ( - 8.239e+00 1 0)))
s>    ( SILENCE 1 3.351e+01 1.271e+01 5.000e+00
s>        ( - 0.000e+00 1 0)
s>        ( QUESTION0_0_R 1 2.080e+01 7.278e+00 4.000e+00
s>            ( - 5.282e+00 1 0)
s>            ( - 8.239e+00 1 0)))INFO: dtree.c(1315): Comp split 20
INFO: dtree.c(1315): Comp split 21
INFO: dtree.c(1439): stop. leaf nodes are specific
INFO: dtree.c(1478): Final simple tree
|( QUESTION0_8_R 1 2.828e+01 8.127e+00 5.000e+00
|    ( - 0.000e+00 1 0)
|    ( - 2.015e+01 1 0))
s>    ( QUESTION0_8_R 1 2.828e+01 8.127e+00 5.000e+00
s>        ( - 0.000e+00 1 0)
s>        ( - 2.015e+01 1 0))INFO: dtree.c(1315): Comp split 22
INFO: dtree.c(1439): stop. leaf nodes are specific
INFO: dtree.c(1478): Final simple tree
|( QUESTION0_0_R 1 2.080e+01 7.278e+00 4.000e+00
|    ( - 5.282e+00 1 0)
|    ( - 8.239e+00 1 0))
s>    ( QUESTION0_0_R 1 2.080e+01 7.278e+00 4.000e+00
s>        ( - 5.282e+00 1 0)
s>        ( - 8.239e+00 1 0))INFO: dtree.c(1315): Comp split 23
INFO: dtree.c(1315): Comp split 24
INFO: dtree.c(1315): Comp split 25
INFO: dtree.c(1318): stop. leaf nodes are specific
Mon May 23 22:39:54 2022
