Current configuration:
[NAME]		[DEFLT]	[VALUE]
-allphones	no	no
-cntthresh	0.00001	1.000000e-05
-csplitmax	100	2000
-csplitmin	1	1
-csplitthr	8e-4	0.000000e+00
-example	no	no
-fullvar	no	no
-help		no	no
-meanfn			
-mixwfn			/home/rakha/Kuliah/Semester8/nlp/speech-sphinx/train-new-model/an4-master/model_parameters/an4.cd_ptm_untied/mixture_weights
-moddeffn		/home/rakha/Kuliah/Semester8/nlp/speech-sphinx/train-new-model/an4-master/model_architecture/an4.untied.mdef
-mwfloor	1e-4	1.000000e-08
-phone			N
-psetfn			/home/rakha/Kuliah/Semester8/nlp/speech-sphinx/train-new-model/an4-master/model_architecture/an4.tree_questions
-ssplitmax	5	7
-ssplitmin	1	1
-ssplitthr	8e-4	0.000000e+00
-state			2
-stwt			1.0,0.05,0.0,
-treefn			/home/rakha/Kuliah/Semester8/nlp/speech-sphinx/train-new-model/an4-master/trees/an4.unpruned/N-2.dtree
-ts2cbfn	.semi.	.semi.
-varfloor	0.00001	1.000000e-05
-varfn			

INFO: main.c(223): Reading: /home/rakha/Kuliah/Semester8/nlp/speech-sphinx/train-new-model/an4-master/model_architecture/an4.untied.mdef
INFO: model_def_io.c(573): Model definition info:
INFO: model_def_io.c(574): 1618 total models defined (34 base, 1584 tri)
INFO: model_def_io.c(575): 6472 total states
INFO: model_def_io.c(576): 4854 total tied states
INFO: model_def_io.c(577): 102 total tied CI states
INFO: model_def_io.c(578): 34 total tied transition matrices
INFO: model_def_io.c(579): 4 max state/model
INFO: model_def_io.c(580): 4 min state/model
INFO: main.c(242): Building trees for [N AE D i] through [N V AY b]
INFO: main.c(269): Covering states |[2973 3224]| == 252
INFO: main.c(275): Reading: /home/rakha/Kuliah/Semester8/nlp/speech-sphinx/train-new-model/an4-master/model_parameters/an4.cd_ptm_untied/mixture_weights
INFO: s3mixw_io.c(173): Read /home/rakha/Kuliah/Semester8/nlp/speech-sphinx/train-new-model/an4-master/model_parameters/an4.cd_ptm_untied/mixture_weights [252x4x64 array]
INFO: main.c(311): 84 of 84 models have observation count greater than 0.000010
INFO: main.c(95): nrm stwt: 0.000 0.048 0.952 
INFO: main.c(411): 84-class entropy: 9.997095e+04
INFO: main.c(549): Reading: /home/rakha/Kuliah/Semester8/nlp/speech-sphinx/train-new-model/an4-master/model_architecture/an4.tree_questions
INFO: main.c(588): 180 total simple questions (172 phone; 8 word bndry)
INFO: main.c(590): 42 Left Only questions, and 42 Right Only questions
INFO: dtree.c(1478): Final simple tree
|( QUESTION0 1 1.249e+05 2.789e+03 5.669e+03
|    ( WDBNDRY_B 0 3.996e+04 1.162e+03 1.844e+03
|        ( - 2.036e+04 17 0 QUESTION3 -1 6.003e+02 9.967e+02)
|        ( QUESTION0_1_R 1 1.844e+04 8.134e+02 8.478e+02
|            ( - 5.768e+03 3 0 WDBNDRY_E 0 4.652e+02 2.939e+02)
|            ( - 1.186e+04 15 0 QUESTION0_0_R 1 4.814e+02 5.539e+02)))
|    ( QUESTION0_7_R 1 8.219e+04 1.978e+03 3.825e+03
|        ( WDBNDRY_E 0 4.547e+04 1.153e+03 2.063e+03
|            ( QUESTION0_13_R 1 3.853e+04 7.242e+02 1.771e+03
|                ( QUESTION4 1 2.105e+04 6.713e+02 9.603e+02
|                    ( - 9.324e+03 4 0 QUESTION2_13_L -1 2.394e+02 4.517e+02)
|                    ( - 1.105e+04 14 0 QUESTION6 1 4.261e+02 5.085e+02))
|                ( - 1.676e+04 14 0 QUESTION2_13_L -1 4.274e+02 8.105e+02))
|            ( - 5.785e+03 8 0 QUESTION0_8_R 1 3.171e+02 2.921e+02))
|        ( - 3.474e+04 9 0 SILENCE 1 6.430e+02 1.762e+03)))
s>    ( QUESTION0 1 1.249e+05 2.789e+03 5.669e+03
s>        ( WDBNDRY_B 0 3.996e+04 1.162e+03 1.844e+03
s>            ( - 2.036e+04 17 0 QUESTION3 -1 6.003e+02 9.967e+02)
s>            ( QUESTION0_1_R 1 1.844e+04 8.134e+02 8.478e+02
s>                ( - 5.768e+03 3 0 WDBNDRY_E 0 4.652e+02 2.939e+02)
s>                ( - 1.186e+04 15 0 QUESTION0_0_R 1 4.814e+02 5.539e+02)))
s>        ( QUESTION0_7_R 1 8.219e+04 1.978e+03 3.825e+03
s>            ( WDBNDRY_E 0 4.547e+04 1.153e+03 2.063e+03
s>                ( QUESTION0_13_R 1 3.853e+04 7.242e+02 1.771e+03
s>                    ( QUESTION4 1 2.105e+04 6.713e+02 9.603e+02
s>                        ( - 9.324e+03 4 0 QUESTION2_13_L -1 2.394e+02 4.517e+02)
s>                        ( - 1.105e+04 14 0 QUESTION6 1 4.261e+02 5.085e+02))
s>                    ( - 1.676e+04 14 0 QUESTION2_13_L -1 4.274e+02 8.105e+02))
s>                ( - 5.785e+03 8 0 QUESTION0_8_R 1 3.171e+02 2.921e+02))
s>            ( - 3.474e+04 9 0 SILENCE 1 6.430e+02 1.762e+03)))INFO: dtree.c(1315): Comp split 0
INFO: dtree.c(1478): Final simple tree
|( QUESTION0_7_R 1 8.219e+04 1.978e+03 3.825e+03
|    ( WDBNDRY_E 0 4.547e+04 1.153e+03 2.063e+03
|        ( QUESTION0_13_R 1 3.853e+04 7.242e+02 1.771e+03
|            ( QUESTION4 1 2.105e+04 6.713e+02 9.603e+02
|                ( - 9.324e+03 4 0 QUESTION2_13_L -1 2.394e+02 4.517e+02)
|                ( - 1.105e+04 14 0 QUESTION6 1 4.261e+02 5.085e+02))
|            ( QUESTION2_13_L -1 1.676e+04 4.274e+02 8.105e+02
|                ( - 7.592e+03 4 0 QUESTION7 1 3.677e+02 3.900e+02)
|                ( - 8.743e+03 10 0 QUESTION0 -1 3.848e+02 4.205e+02)))
|        ( - 5.785e+03 8 0 QUESTION0_8_R 1 3.171e+02 2.921e+02))
|    ( SILENCE 1 3.474e+04 6.430e+02 1.762e+03
|        ( QUESTION2_13_L -1 2.980e+04 4.889e+02 1.528e+03
|            ( - 1.515e+04 1 0)
|            ( - 1.416e+04 3 0 QUESTION0 -1 4.058e+02 7.116e+02))
|        ( - 4.303e+03 5 0 QUESTION2_13_L -1 1.815e+02 2.337e+02)))
s>    ( QUESTION0_7_R 1 8.219e+04 1.978e+03 3.825e+03
s>        ( WDBNDRY_E 0 4.547e+04 1.153e+03 2.063e+03
s>            ( QUESTION0_13_R 1 3.853e+04 7.242e+02 1.771e+03
s>                ( QUESTION4 1 2.105e+04 6.713e+02 9.603e+02
s>                    ( - 9.324e+03 4 0 QUESTION2_13_L -1 2.394e+02 4.517e+02)
s>                    ( - 1.105e+04 14 0 QUESTION6 1 4.261e+02 5.085e+02))
s>                ( QUESTION2_13_L -1 1.676e+04 4.274e+02 8.105e+02
s>                    ( - 7.592e+03 4 0 QUESTION7 1 3.677e+02 3.900e+02)
s>                    ( - 8.743e+03 10 0 QUESTION0 -1 3.848e+02 4.205e+02)))
s>            ( - 5.785e+03 8 0 QUESTION0_8_R 1 3.171e+02 2.921e+02))
s>        ( SILENCE 1 3.474e+04 6.430e+02 1.762e+03
s>            ( QUESTION2_13_L -1 2.980e+04 4.889e+02 1.528e+03
s>                ( - 1.515e+04 1 0)
s>                ( - 1.416e+04 3 0 QUESTION0 -1 4.058e+02 7.116e+02))
s>            ( - 4.303e+03 5 0 QUESTION2_13_L -1 1.815e+02 2.337e+02)))INFO: dtree.c(1478): Final simple tree
|( WDBNDRY_B 0 3.996e+04 1.162e+03 1.844e+03
|    ( QUESTION3 -1 2.036e+04 6.003e+02 9.967e+02
|        ( QUESTION4 -1 1.191e+04 3.973e+02 5.864e+02
|            ( - 3.432e+03 2 0 QUESTION2_1_L -1 2.689e+02 1.866e+02)
|            ( - 8.078e+03 7 0 QUESTION17 -1 3.493e+02 3.998e+02))
|        ( SILENCE -1 7.849e+03 4.274e+02 4.103e+02
|            ( - 1.311e+03 2 0)
|            ( - 6.111e+03 6 0 QUESTION1 -1 3.464e+02 3.208e+02)))
|    ( QUESTION0_1_R 1 1.844e+04 8.134e+02 8.478e+02
|        ( WDBNDRY_E 0 5.768e+03 4.652e+02 2.939e+02
|            ( - 2.420e+03 1 0)
|            ( - 2.882e+03 2 0 QUESTION0 -1 2.711e+02 1.641e+02))
|        ( QUESTION0_0_R 1 1.186e+04 4.814e+02 5.539e+02
|            ( - 6.129e+03 4 0 QUESTION2_13_L -1 3.499e+02 3.016e+02)
|            ( - 5.247e+03 11 0 QUESTION1 1 3.332e+02 2.523e+02))))
s>    ( WDBNDRY_B 0 3.996e+04 1.162e+03 1.844e+03
s>        ( QUESTION3 -1 2.036e+04 6.003e+02 9.967e+02
s>            ( QUESTION4 -1 1.191e+04 3.973e+02 5.864e+02
s>                ( - 3.432e+03 2 0 QUESTION2_1_L -1 2.689e+02 1.866e+02)
s>                ( - 8.078e+03 7 0 QUESTION17 -1 3.493e+02 3.998e+02))
s>            ( SILENCE -1 7.849e+03 4.274e+02 4.103e+02
s>                ( - 1.311e+03 2 0)
s>                ( - 6.111e+03 6 0 QUESTION1 -1 3.464e+02 3.208e+02)))
s>        ( QUESTION0_1_R 1 1.844e+04 8.134e+02 8.478e+02
s>            ( WDBNDRY_E 0 5.768e+03 4.652e+02 2.939e+02
s>                ( - 2.420e+03 1 0)
s>                ( - 2.882e+03 2 0 QUESTION0 -1 2.711e+02 1.641e+02))
s>            ( QUESTION0_0_R 1 1.186e+04 4.814e+02 5.539e+02
s>                ( - 6.129e+03 4 0 QUESTION2_13_L -1 3.499e+02 3.016e+02)
s>                ( - 5.247e+03 11 0 QUESTION1 1 3.332e+02 2.523e+02))))INFO: dtree.c(1315): Comp split 1
INFO: dtree.c(1478): Final simple tree
|( WDBNDRY_E 0 4.547e+04 1.153e+03 2.063e+03
|    ( QUESTION0_13_R 1 3.853e+04 7.242e+02 1.771e+03
|        ( QUESTION4 1 2.105e+04 6.713e+02 9.603e+02
|            ( - 9.324e+03 4 0 QUESTION2_13_L -1 2.394e+02 4.517e+02)
|            ( QUESTION6 1 1.105e+04 4.261e+02 5.085e+02
|                ( - 7.192e+03 10 0 QUESTION0_18_R 1 3.229e+02 3.427e+02)
|                ( - 3.435e+03 4 0 QUESTION0_14_R 1 3.231e+02 1.658e+02)))
|        ( QUESTION2_13_L -1 1.676e+04 4.274e+02 8.105e+02
|            ( QUESTION7 1 7.592e+03 3.677e+02 3.900e+02
|                ( - 3.190e+03 1 0)
|                ( - 4.035e+03 3 0 QUESTION4 1 2.255e+02 2.242e+02))
|            ( QUESTION0 -1 8.743e+03 3.848e+02 4.205e+02
|                ( - 4.675e+03 6 0 QUESTION1 -1 2.941e+02 2.295e+02)
|                ( - 3.683e+03 4 0 QUESTION7 1 2.420e+02 1.911e+02))))
|    ( - 5.785e+03 8 0 QUESTION0_8_R 1 3.171e+02 2.921e+02))
s>    ( WDBNDRY_E 0 4.547e+04 1.153e+03 2.063e+03
s>        ( QUESTION0_13_R 1 3.853e+04 7.242e+02 1.771e+03
s>            ( QUESTION4 1 2.105e+04 6.713e+02 9.603e+02
s>                ( - 9.324e+03 4 0 QUESTION2_13_L -1 2.394e+02 4.517e+02)
s>                ( QUESTION6 1 1.105e+04 4.261e+02 5.085e+02
s>                    ( - 7.192e+03 10 0 QUESTION0_18_R 1 3.229e+02 3.427e+02)
s>                    ( - 3.435e+03 4 0 QUESTION0_14_R 1 3.231e+02 1.658e+02)))
s>            ( QUESTION2_13_L -1 1.676e+04 4.274e+02 8.105e+02
s>                ( QUESTION7 1 7.592e+03 3.677e+02 3.900e+02
s>                    ( - 3.190e+03 1 0)
s>                    ( - 4.035e+03 3 0 QUESTION4 1 2.255e+02 2.242e+02))
s>                ( QUESTION0 -1 8.743e+03 3.848e+02 4.205e+02
s>                    ( - 4.675e+03 6 0 QUESTION1 -1 2.941e+02 2.295e+02)
s>                    ( - 3.683e+03 4 0 QUESTION7 1 2.420e+02 1.911e+02))))
s>        ( - 5.785e+03 8 0 QUESTION0_8_R 1 3.171e+02 2.921e+02))INFO: dtree.c(1478): Final simple tree
|( SILENCE 1 3.474e+04 6.430e+02 1.762e+03
|    ( QUESTION2_13_L -1 2.980e+04 4.889e+02 1.528e+03
|        ( - 1.515e+04 1 0)
|        ( QUESTION0 -1 1.416e+04 4.058e+02 7.116e+02
|            ( QUESTION1 -1 7.354e+03 2.097e+02 3.845e+02
|                ( - 5.907e+02 1 0)
|                ( - 6.554e+03 1 0))
|            ( - 6.398e+03 1 0)))
|    ( QUESTION2_13_L -1 4.303e+03 1.815e+02 2.337e+02
|        ( QUESTION0_1_R 1 3.747e+03 1.038e+02 2.057e+02
|            ( - 3.606e+03 1 0)
|            ( - 3.653e+01 1 0))
|        ( QUESTION1 -1 3.748e+02 4.030e+01 2.800e+01
|            ( - 6.547e+00 1 0)
|            ( - 3.280e+02 2 0 QUESTION0_1_R 1 1.853e+01 2.600e+01))))
s>    ( SILENCE 1 3.474e+04 6.430e+02 1.762e+03
s>        ( QUESTION2_13_L -1 2.980e+04 4.889e+02 1.528e+03
s>            ( - 1.515e+04 1 0)
s>            ( QUESTION0 -1 1.416e+04 4.058e+02 7.116e+02
s>                ( QUESTION1 -1 7.354e+03 2.097e+02 3.845e+02
s>                    ( - 5.907e+02 1 0)
s>                    ( - 6.554e+03 1 0))
s>                ( - 6.398e+03 1 0)))
s>        ( QUESTION2_13_L -1 4.303e+03 1.815e+02 2.337e+02
s>            ( QUESTION0_1_R 1 3.747e+03 1.038e+02 2.057e+02
s>                ( - 3.606e+03 1 0)
s>                ( - 3.653e+01 1 0))
s>            ( QUESTION1 -1 3.748e+02 4.030e+01 2.800e+01
s>                ( - 6.547e+00 1 0)
s>                ( - 3.280e+02 2 0 QUESTION0_1_R 1 1.853e+01 2.600e+01))))INFO: dtree.c(1315): Comp split 2
INFO: dtree.c(1478): Final simple tree
|( QUESTION0_1_R 1 1.844e+04 8.134e+02 8.478e+02
|    ( WDBNDRY_E 0 5.768e+03 4.652e+02 2.939e+02
|        ( - 2.420e+03 1 0)
|        ( QUESTION0 -1 2.882e+03 2.711e+02 1.641e+02
|            ( - 1.311e+03 1 0)
|            ( - 1.300e+03 1 0)))
|    ( QUESTION0_0_R 1 1.186e+04 4.814e+02 5.539e+02
|        ( QUESTION2_13_L -1 6.129e+03 3.499e+02 3.016e+02
|            ( - 3.009e+03 1 0)
|            ( - 2.770e+03 3 0 QUESTION0 -1 3.790e+01 1.423e+02))
|        ( QUESTION1 1 5.247e+03 3.332e+02 2.523e+02
|            ( QUESTION2_13_L -1 3.201e+03 2.539e+02 1.642e+02
|                ( - 1.853e+03 1 0)
|                ( - 1.094e+03 5 0 QUESTION16 -1 1.257e+02 6.007e+01))
|            ( - 1.713e+03 5 0 QUESTION0 -1 8.751e+01 8.810e+01))))
s>    ( QUESTION0_1_R 1 1.844e+04 8.134e+02 8.478e+02
s>        ( WDBNDRY_E 0 5.768e+03 4.652e+02 2.939e+02
s>            ( - 2.420e+03 1 0)
s>            ( QUESTION0 -1 2.882e+03 2.711e+02 1.641e+02
s>                ( - 1.311e+03 1 0)
s>                ( - 1.300e+03 1 0)))
s>        ( QUESTION0_0_R 1 1.186e+04 4.814e+02 5.539e+02
s>            ( QUESTION2_13_L -1 6.129e+03 3.499e+02 3.016e+02
s>                ( - 3.009e+03 1 0)
s>                ( - 2.770e+03 3 0 QUESTION0 -1 3.790e+01 1.423e+02))
s>            ( QUESTION1 1 5.247e+03 3.332e+02 2.523e+02
s>                ( QUESTION2_13_L -1 3.201e+03 2.539e+02 1.642e+02
s>                    ( - 1.853e+03 1 0)
s>                    ( - 1.094e+03 5 0 QUESTION16 -1 1.257e+02 6.007e+01))
s>                ( - 1.713e+03 5 0 QUESTION0 -1 8.751e+01 8.810e+01))))INFO: dtree.c(1478): Final simple tree
|( QUESTION3 -1 2.036e+04 6.003e+02 9.967e+02
|    ( QUESTION4 -1 1.191e+04 3.973e+02 5.864e+02
|        ( QUESTION2_1_L -1 3.432e+03 2.689e+02 1.866e+02
|            ( - 6.731e+02 1 0)
|            ( - 2.490e+03 1 0))
|        ( QUESTION17 -1 8.078e+03 3.493e+02 3.998e+02
|            ( - 2.262e+03 1 0)
|            ( QUESTION13 -1 5.467e+03 3.119e+02 2.798e+02
|                ( - 2.334e+03 1 0)
|                ( - 2.821e+03 5 0 QUESTION8 -1 2.211e+02 1.521e+02))))
|    ( SILENCE -1 7.849e+03 4.274e+02 4.103e+02
|        ( - 1.311e+03 2 0)
|        ( QUESTION1 -1 6.111e+03 3.464e+02 3.208e+02
|            ( - 3.852e+03 2 0)
|            ( - 1.912e+03 4 0 QUESTION2_0_L -1 1.967e+02 1.061e+02))))
s>    ( QUESTION3 -1 2.036e+04 6.003e+02 9.967e+02
s>        ( QUESTION4 -1 1.191e+04 3.973e+02 5.864e+02
s>            ( QUESTION2_1_L -1 3.432e+03 2.689e+02 1.866e+02
s>                ( - 6.731e+02 1 0)
s>                ( - 2.490e+03 1 0))
s>            ( QUESTION17 -1 8.078e+03 3.493e+02 3.998e+02
s>                ( - 2.262e+03 1 0)
s>                ( QUESTION13 -1 5.467e+03 3.119e+02 2.798e+02
s>                    ( - 2.334e+03 1 0)
s>                    ( - 2.821e+03 5 0 QUESTION8 -1 2.211e+02 1.521e+02))))
s>        ( SILENCE -1 7.849e+03 4.274e+02 4.103e+02
s>            ( - 1.311e+03 2 0)
s>            ( QUESTION1 -1 6.111e+03 3.464e+02 3.208e+02
s>                ( - 3.852e+03 2 0)
s>                ( - 1.912e+03 4 0 QUESTION2_0_L -1 1.967e+02 1.061e+02))))INFO: dtree.c(1315): Comp split 3
INFO: dtree.c(1478): Final simple tree
|( QUESTION0_13_R 1 3.853e+04 7.242e+02 1.771e+03
|    ( QUESTION4 1 2.105e+04 6.713e+02 9.603e+02
|        ( - 9.324e+03 4 0 QUESTION2_13_L -1 2.394e+02 4.517e+02)
|        ( QUESTION6 1 1.105e+04 4.261e+02 5.085e+02
|            ( - 7.192e+03 10 0 QUESTION0_18_R 1 3.229e+02 3.427e+02)
|            ( QUESTION0_14_R 1 3.435e+03 3.231e+02 1.658e+02
|                ( - 1.856e+03 1 0)
|                ( - 1.256e+03 3 0 QUESTION2_13_L -1 1.295e+02 7.082e+01))))
|    ( QUESTION2_13_L -1 1.676e+04 4.274e+02 8.105e+02
|        ( QUESTION7 1 7.592e+03 3.677e+02 3.900e+02
|            ( - 3.190e+03 1 0)
|            ( - 4.035e+03 3 0 QUESTION4 1 2.255e+02 2.242e+02))
|        ( QUESTION0 -1 8.743e+03 3.848e+02 4.205e+02
|            ( - 4.675e+03 6 0 QUESTION1 -1 2.941e+02 2.295e+02)
|            ( - 3.683e+03 4 0 QUESTION7 1 2.420e+02 1.911e+02))))
s>    ( QUESTION0_13_R 1 3.853e+04 7.242e+02 1.771e+03
s>        ( QUESTION4 1 2.105e+04 6.713e+02 9.603e+02
s>            ( - 9.324e+03 4 0 QUESTION2_13_L -1 2.394e+02 4.517e+02)
s>            ( QUESTION6 1 1.105e+04 4.261e+02 5.085e+02
s>                ( - 7.192e+03 10 0 QUESTION0_18_R 1 3.229e+02 3.427e+02)
s>                ( QUESTION0_14_R 1 3.435e+03 3.231e+02 1.658e+02
s>                    ( - 1.856e+03 1 0)
s>                    ( - 1.256e+03 3 0 QUESTION2_13_L -1 1.295e+02 7.082e+01))))
s>        ( QUESTION2_13_L -1 1.676e+04 4.274e+02 8.105e+02
s>            ( QUESTION7 1 7.592e+03 3.677e+02 3.900e+02
s>                ( - 3.190e+03 1 0)
s>                ( - 4.035e+03 3 0 QUESTION4 1 2.255e+02 2.242e+02))
s>            ( QUESTION0 -1 8.743e+03 3.848e+02 4.205e+02
s>                ( - 4.675e+03 6 0 QUESTION1 -1 2.941e+02 2.295e+02)
s>                ( - 3.683e+03 4 0 QUESTION7 1 2.420e+02 1.911e+02))))INFO: dtree.c(1478): Final simple tree
|( QUESTION0_8_R 1 5.785e+03 3.171e+02 2.921e+02
|    ( - 3.004e+03 1 0)
|    ( QUESTION2_12_L -1 2.464e+03 2.368e+02 1.302e+02
|        ( QUESTION0_10_R 1 1.338e+03 3.906e+01 8.224e+01
|            ( - 1.284e+03 1 0)
|            ( - 1.469e+01 1 0))
|        ( QUESTION0_16_R 1 8.894e+02 1.292e+02 4.799e+01
|            ( QUESTION0 -1 4.526e+02 7.954e+01 2.700e+01
|                ( - 2.161e+02 1 0)
|                ( - 1.570e+02 1 0))
|            ( QUESTION0_10_R 1 3.076e+02 6.022e+01 2.099e+01
|                ( - 1.077e+02 1 0)
|                ( QUESTION1 -1 1.397e+02 3.538e+01 1.100e+01
|                    ( - 7.725e+01 1 0)
|                    ( - 2.705e+01 1 0))))))
s>    ( QUESTION0_8_R 1 5.785e+03 3.171e+02 2.921e+02
s>        ( - 3.004e+03 1 0)
s>        ( QUESTION2_12_L -1 2.464e+03 2.368e+02 1.302e+02
s>            ( QUESTION0_10_R 1 1.338e+03 3.906e+01 8.224e+01
s>                ( - 1.284e+03 1 0)
s>                ( - 1.469e+01 1 0))
s>            ( QUESTION0_16_R 1 8.894e+02 1.292e+02 4.799e+01
s>                ( QUESTION0 -1 4.526e+02 7.954e+01 2.700e+01
s>                    ( - 2.161e+02 1 0)
s>                    ( - 1.570e+02 1 0))
s>                ( QUESTION0_10_R 1 3.076e+02 6.022e+01 2.099e+01
s>                    ( - 1.077e+02 1 0)
s>                    ( QUESTION1 -1 1.397e+02 3.538e+01 1.100e+01
s>                        ( - 7.725e+01 1 0)
s>                        ( - 2.705e+01 1 0))))))INFO: dtree.c(1315): Comp split 4
INFO: dtree.c(1439): stop. leaf nodes are specific
INFO: dtree.c(1478): Final simple tree
|( QUESTION0_14_R 1 1.165e+04 4.739e+02 5.467e+02
|    ( - 1.856e+03 1 0)
|    ( QUESTION2_13_L -1 9.324e+03 2.394e+02 4.517e+02
|        ( - 8.010e+03 1 0)
|        ( QUESTION2 -1 1.074e+03 1.420e+02 6.233e+01
|            ( - 4.790e+02 1 0)
|            ( QUESTION0 -1 4.531e+02 2.071e+01 3.096e+01
|                ( - 4.317e+02 1 0)
|                ( - 7.152e-01 1 0)))))
s>    ( QUESTION0_14_R 1 1.165e+04 4.739e+02 5.467e+02
s>        ( - 1.856e+03 1 0)
s>        ( QUESTION2_13_L -1 9.324e+03 2.394e+02 4.517e+02
s>            ( - 8.010e+03 1 0)
s>            ( QUESTION2 -1 1.074e+03 1.420e+02 6.233e+01
s>                ( - 4.790e+02 1 0)
s>                ( QUESTION0 -1 4.531e+02 2.071e+01 3.096e+01
s>                    ( - 4.317e+02 1 0)
s>                    ( - 7.152e-01 1 0)))))INFO: dtree.c(1478): Final simple tree
|( QUESTION2_13_L -1 2.599e+04 4.427e+02 1.224e+03
|    ( QUESTION0_13_R 1 1.284e+04 4.442e+02 6.306e+02
|        ( QUESTION0_16_R 1 4.806e+03 3.090e+02 2.406e+02
|            ( - 1.133e+03 1 0)
|            ( - 3.364e+03 2 0 QUESTION0_20_R 1 2.438e+02 1.726e+02))
|        ( QUESTION7 1 7.592e+03 3.677e+02 3.900e+02
|            ( - 3.190e+03 1 0)
|            ( - 4.035e+03 3 0 QUESTION4 1 2.255e+02 2.242e+02)))
|    ( QUESTION0 -1 1.270e+04 4.190e+02 5.935e+02
|        ( QUESTION1 -1 5.766e+03 2.768e+02 2.804e+02
|            ( - 2.892e+03 3 0 QUESTION0_8_R 1 1.719e+02 1.482e+02)
|            ( - 2.598e+03 7 0 QUESTION6 1 2.628e+02 1.321e+02))
|        ( QUESTION0_15_R 1 6.516e+03 3.289e+02 3.131e+02
|            ( - 2.266e+03 5 0 QUESTION0_18_R 1 2.417e+02 1.120e+02)
|            ( - 3.921e+03 5 0 QUESTION10 1 2.473e+02 2.011e+02))))
s>    ( QUESTION2_13_L -1 2.599e+04 4.427e+02 1.224e+03
s>        ( QUESTION0_13_R 1 1.284e+04 4.442e+02 6.306e+02
s>            ( QUESTION0_16_R 1 4.806e+03 3.090e+02 2.406e+02
s>                ( - 1.133e+03 1 0)
s>                ( - 3.364e+03 2 0 QUESTION0_20_R 1 2.438e+02 1.726e+02))
s>            ( QUESTION7 1 7.592e+03 3.677e+02 3.900e+02
s>                ( - 3.190e+03 1 0)
s>                ( - 4.035e+03 3 0 QUESTION4 1 2.255e+02 2.242e+02)))
s>        ( QUESTION0 -1 1.270e+04 4.190e+02 5.935e+02
s>            ( QUESTION1 -1 5.766e+03 2.768e+02 2.804e+02
s>                ( - 2.892e+03 3 0 QUESTION0_8_R 1 1.719e+02 1.482e+02)
s>                ( - 2.598e+03 7 0 QUESTION6 1 2.628e+02 1.321e+02))
s>            ( QUESTION0_15_R 1 6.516e+03 3.289e+02 3.131e+02
s>                ( - 2.266e+03 5 0 QUESTION0_18_R 1 2.417e+02 1.120e+02)
s>                ( - 3.921e+03 5 0 QUESTION10 1 2.473e+02 2.011e+02))))INFO: dtree.c(1315): Comp split 5
INFO: dtree.c(1478): Final simple tree
|( QUESTION0_0_R 1 1.186e+04 4.814e+02 5.539e+02
|    ( QUESTION2_13_L -1 6.129e+03 3.499e+02 3.016e+02
|        ( - 3.009e+03 1 0)
|        ( - 2.770e+03 3 0 QUESTION0 -1 3.790e+01 1.423e+02))
|    ( QUESTION1 1 5.247e+03 3.332e+02 2.523e+02
|        ( QUESTION2_13_L -1 3.201e+03 2.539e+02 1.642e+02
|            ( - 1.853e+03 1 0)
|            ( QUESTION16 -1 1.094e+03 1.257e+02 6.007e+01
|                ( - 8.303e+02 2 0)
|                ( QUESTION2 -1 1.381e+02 3.865e+01 1.100e+01
|                    ( - 7.196e+01 1 0)
|                    ( - 2.748e+01 2 0 WDBNDRY_E 0 1.376e+01 4.000e+00))))
|        ( QUESTION0 -1 1.713e+03 8.751e+01 8.810e+01
|            ( - 7.132e+01 2 0 QUESTION1 -1 2.614e+01 7.000e+00)
|            ( - 1.554e+03 3 0))))
s>    ( QUESTION0_0_R 1 1.186e+04 4.814e+02 5.539e+02
s>        ( QUESTION2_13_L -1 6.129e+03 3.499e+02 3.016e+02
s>            ( - 3.009e+03 1 0)
s>            ( - 2.770e+03 3 0 QUESTION0 -1 3.790e+01 1.423e+02))
s>        ( QUESTION1 1 5.247e+03 3.332e+02 2.523e+02
s>            ( QUESTION2_13_L -1 3.201e+03 2.539e+02 1.642e+02
s>                ( - 1.853e+03 1 0)
s>                ( QUESTION16 -1 1.094e+03 1.257e+02 6.007e+01
s>                    ( - 8.303e+02 2 0)
s>                    ( QUESTION2 -1 1.381e+02 3.865e+01 1.100e+01
s>                        ( - 7.196e+01 1 0)
s>                        ( - 2.748e+01 2 0 WDBNDRY_E 0 1.376e+01 4.000e+00))))
s>            ( QUESTION0 -1 1.713e+03 8.751e+01 8.810e+01
s>                ( - 7.132e+01 2 0 QUESTION1 -1 2.614e+01 7.000e+00)
s>                ( - 1.554e+03 3 0))))INFO: dtree.c(1439): stop. leaf nodes are specific
INFO: dtree.c(1478): Final simple tree
|( WDBNDRY_E 0 5.768e+03 4.652e+02 2.939e+02
|    ( - 2.420e+03 1 0)
|    ( QUESTION0 -1 2.882e+03 2.711e+02 1.641e+02
|        ( - 1.311e+03 1 0)
|        ( - 1.300e+03 1 0)))
s>    ( WDBNDRY_E 0 5.768e+03 4.652e+02 2.939e+02
s>        ( - 2.420e+03 1 0)
s>        ( QUESTION0 -1 2.882e+03 2.711e+02 1.641e+02
s>            ( - 1.311e+03 1 0)
s>            ( - 1.300e+03 1 0)))INFO: dtree.c(1315): Comp split 6
INFO: dtree.c(1478): Final simple tree
|( QUESTION5 -1 1.319e+04 4.044e+02 6.497e+02
|    ( QUESTION17 -1 8.078e+03 3.493e+02 3.998e+02
|        ( - 2.262e+03 1 0)
|        ( QUESTION13 -1 5.467e+03 3.119e+02 2.798e+02
|            ( - 2.334e+03 1 0)
|            ( QUESTION8 -1 2.821e+03 2.211e+02 1.521e+02
|                ( - 4.384e+02 1 0)
|                ( QUESTION2_5_L -1 2.162e+03 2.134e+02 1.180e+02
|                    ( - 1.054e+03 1 0)
|                    ( - 8.947e+02 3 0 QUESTION7 -1 8.670e+01 5.697e+01)))))
|    ( QUESTION0 -1 4.705e+03 3.027e+02 2.499e+02
|        ( QUESTION2_0_L -1 1.912e+03 1.967e+02 1.061e+02
|            ( - 1.238e+03 3 0)
|            ( - 4.775e+02 1 0))
|        ( - 2.490e+03 1 0)))
s>    ( QUESTION5 -1 1.319e+04 4.044e+02 6.497e+02
s>        ( QUESTION17 -1 8.078e+03 3.493e+02 3.998e+02
s>            ( - 2.262e+03 1 0)
s>            ( QUESTION13 -1 5.467e+03 3.119e+02 2.798e+02
s>                ( - 2.334e+03 1 0)
s>                ( QUESTION8 -1 2.821e+03 2.211e+02 1.521e+02
s>                    ( - 4.384e+02 1 0)
s>                    ( QUESTION2_5_L -1 2.162e+03 2.134e+02 1.180e+02
s>                        ( - 1.054e+03 1 0)
s>                        ( - 8.947e+02 3 0 QUESTION7 -1 8.670e+01 5.697e+01)))))
s>        ( QUESTION0 -1 4.705e+03 3.027e+02 2.499e+02
s>            ( QUESTION2_0_L -1 1.912e+03 1.967e+02 1.061e+02
s>                ( - 1.238e+03 3 0)
s>                ( - 4.775e+02 1 0))
s>            ( - 2.490e+03 1 0)))INFO: dtree.c(1439): stop. leaf nodes are specific
INFO: dtree.c(1478): Final simple tree
|( SILENCE -1 6.476e+03 4.183e+02 3.470e+02
|    ( - 1.311e+03 2 0)
|    ( QUESTION0 -1 4.747e+03 2.221e+02 2.575e+02
|        ( - 3.852e+03 2 0)
|        ( - 6.731e+02 1 0)))
s>    ( SILENCE -1 6.476e+03 4.183e+02 3.470e+02
s>        ( - 1.311e+03 2 0)
s>        ( QUESTION0 -1 4.747e+03 2.221e+02 2.575e+02
s>            ( - 3.852e+03 2 0)
s>            ( - 6.731e+02 1 0)))INFO: dtree.c(1315): Comp split 7
INFO: dtree.c(1439): stop. leaf nodes are specific
INFO: dtree.c(1478): Final simple tree
|( QUESTION2_13_L -1 4.303e+03 1.815e+02 2.337e+02
|    ( QUESTION0_1_R 1 3.747e+03 1.038e+02 2.057e+02
|        ( - 3.606e+03 1 0)
|        ( - 3.653e+01 1 0))
|    ( QUESTION1 -1 3.748e+02 4.030e+01 2.800e+01
|        ( - 6.547e+00 1 0)
|        ( QUESTION0_1_R 1 3.280e+02 1.853e+01 2.600e+01
|            ( - 3.094e+02 1 0)
|            ( - 0.000e+00 1 0))))
s>    ( QUESTION2_13_L -1 4.303e+03 1.815e+02 2.337e+02
s>        ( QUESTION0_1_R 1 3.747e+03 1.038e+02 2.057e+02
s>            ( - 3.606e+03 1 0)
s>            ( - 3.653e+01 1 0))
s>        ( QUESTION1 -1 3.748e+02 4.030e+01 2.800e+01
s>            ( - 6.547e+00 1 0)
s>            ( QUESTION0_1_R 1 3.280e+02 1.853e+01 2.600e+01
s>                ( - 3.094e+02 1 0)
s>                ( - 0.000e+00 1 0))))INFO: dtree.c(1439): stop. leaf nodes are specific
INFO: dtree.c(1478): Final simple tree
|( QUESTION2_13_L -1 2.980e+04 4.889e+02 1.528e+03
|    ( - 1.515e+04 1 0)
|    ( QUESTION0 -1 1.416e+04 4.058e+02 7.116e+02
|        ( QUESTION1 -1 7.354e+03 2.097e+02 3.845e+02
|            ( - 5.907e+02 1 0)
|            ( - 6.554e+03 1 0))
|        ( - 6.398e+03 1 0)))
s>    ( QUESTION2_13_L -1 2.980e+04 4.889e+02 1.528e+03
s>        ( - 1.515e+04 1 0)
s>        ( QUESTION0 -1 1.416e+04 4.058e+02 7.116e+02
s>            ( QUESTION1 -1 7.354e+03 2.097e+02 3.845e+02
s>                ( - 5.907e+02 1 0)
s>                ( - 6.554e+03 1 0))
s>            ( - 6.398e+03 1 0)))INFO: dtree.c(1315): Comp split 8
INFO: dtree.c(1478): Final simple tree
|( QUESTION0_8_R 1 9.735e+03 4.279e+02 4.933e+02
|    ( QUESTION0 -1 4.393e+03 2.256e+02 2.308e+02
|        ( QUESTION4 1 3.480e+03 1.143e+02 1.902e+02
|            ( - 3.325e+03 1 0)
|            ( - 4.122e+01 1 0))
|        ( - 6.876e+02 1 0))
|    ( QUESTION0_11_R 1 4.914e+03 3.001e+02 2.625e+02
|        ( QUESTION0 -1 1.957e+03 1.505e+02 1.152e+02
|            ( - 3.497e+02 1 0)
|            ( QUESTION0_12_R 1 1.457e+03 1.438e+02 8.122e+01
|                ( - 1.152e+03 1 0)
|                ( - 1.610e+02 1 0)))
|        ( QUESTION0_15_R 1 2.656e+03 2.074e+02 1.473e+02
|            ( - 1.133e+03 1 0)
|            ( - 1.316e+03 2 0 QUESTION0_10_R 1 1.112e+02 7.925e+01))))
s>    ( QUESTION0_8_R 1 9.735e+03 4.279e+02 4.933e+02
s>        ( QUESTION0 -1 4.393e+03 2.256e+02 2.308e+02
s>            ( QUESTION4 1 3.480e+03 1.143e+02 1.902e+02
s>                ( - 3.325e+03 1 0)
s>                ( - 4.122e+01 1 0))
s>            ( - 6.876e+02 1 0))
s>        ( QUESTION0_11_R 1 4.914e+03 3.001e+02 2.625e+02
s>            ( QUESTION0 -1 1.957e+03 1.505e+02 1.152e+02
s>                ( - 3.497e+02 1 0)
s>                ( QUESTION0_12_R 1 1.457e+03 1.438e+02 8.122e+01
s>                    ( - 1.152e+03 1 0)
s>                    ( - 1.610e+02 1 0)))
s>            ( QUESTION0_15_R 1 2.656e+03 2.074e+02 1.473e+02
s>                ( - 1.133e+03 1 0)
s>                ( - 1.316e+03 2 0 QUESTION0_10_R 1 1.112e+02 7.925e+01))))INFO: dtree.c(1478): Final simple tree
|( QUESTION2_13_L -1 1.569e+04 4.307e+02 7.308e+02
|    ( QUESTION0_10_R 1 6.866e+03 3.125e+02 3.384e+02
|        ( - 3.190e+03 1 0)
|        ( QUESTION0_20_R 1 3.364e+03 2.438e+02 1.726e+02
|            ( - 9.109e+02 1 0)
|            ( - 2.210e+03 1 0)))
|    ( QUESTION0 -1 8.392e+03 3.604e+02 3.924e+02
|        ( QUESTION1 -1 5.766e+03 2.768e+02 2.804e+02
|            ( - 2.892e+03 3 0 QUESTION0_8_R 1 1.719e+02 1.482e+02)
|            ( QUESTION6 1 2.598e+03 2.628e+02 1.321e+02
|                ( - 5.741e+02 4 0 QUESTION0_19_R 1 8.317e+01 3.490e+01)
|                ( - 1.761e+03 3 0 QUESTION4 1 1.478e+02 9.722e+01)))
|        ( QUESTION0_18_R 1 2.266e+03 2.417e+02 1.120e+02
|            ( - 1.291e+03 2 0 QUESTION7 1 1.186e+02 7.001e+01)
|            ( - 7.325e+02 3 0 QUESTION10 1 1.306e+02 4.200e+01))))
s>    ( QUESTION2_13_L -1 1.569e+04 4.307e+02 7.308e+02
s>        ( QUESTION0_10_R 1 6.866e+03 3.125e+02 3.384e+02
s>            ( - 3.190e+03 1 0)
s>            ( QUESTION0_20_R 1 3.364e+03 2.438e+02 1.726e+02
s>                ( - 9.109e+02 1 0)
s>                ( - 2.210e+03 1 0)))
s>        ( QUESTION0 -1 8.392e+03 3.604e+02 3.924e+02
s>            ( QUESTION1 -1 5.766e+03 2.768e+02 2.804e+02
s>                ( - 2.892e+03 3 0 QUESTION0_8_R 1 1.719e+02 1.482e+02)
s>                ( QUESTION6 1 2.598e+03 2.628e+02 1.321e+02
s>                    ( - 5.741e+02 4 0 QUESTION0_19_R 1 8.317e+01 3.490e+01)
s>                    ( - 1.761e+03 3 0 QUESTION4 1 1.478e+02 9.722e+01)))
s>            ( QUESTION0_18_R 1 2.266e+03 2.417e+02 1.120e+02
s>                ( - 1.291e+03 2 0 QUESTION7 1 1.186e+02 7.001e+01)
s>                ( - 7.325e+02 3 0 QUESTION10 1 1.306e+02 4.200e+01))))INFO: dtree.c(1315): Comp split 9
INFO: dtree.c(1439): stop. leaf nodes are specific
INFO: dtree.c(1478): Final simple tree
|( QUESTION0 -1 1.335e+04 4.035e+02 6.732e+02
|    ( - 6.554e+03 1 0)
|    ( - 6.398e+03 1 0))
s>    ( QUESTION0 -1 1.335e+04 4.035e+02 6.732e+02
s>        ( - 6.554e+03 1 0)
s>        ( - 6.398e+03 1 0))INFO: dtree.c(1439): stop. leaf nodes are specific
INFO: dtree.c(1478): Final simple tree
|( QUESTION1 -1 1.594e+04 2.019e+02 8.552e+02
|    ( - 5.907e+02 1 0)
|    ( - 1.515e+04 1 0))
s>    ( QUESTION1 -1 1.594e+04 2.019e+02 8.552e+02
s>        ( - 5.907e+02 1 0)
s>        ( - 1.515e+04 1 0))INFO: dtree.c(1315): Comp split 10
INFO: dtree.c(1439): stop. leaf nodes are specific
INFO: dtree.c(1478): Final simple tree
|( QUESTION1 1 5.073e+03 3.174e+02 2.453e+02
|    ( QUESTION2_13_L -1 3.201e+03 2.539e+02 1.642e+02
|        ( - 1.853e+03 1 0)
|        ( QUESTION16 -1 1.094e+03 1.257e+02 6.007e+01
|            ( - 8.303e+02 2 0)
|            ( QUESTION2 -1 1.381e+02 3.865e+01 1.100e+01
|                ( - 7.196e+01 1 0)
|                ( WDBNDRY_E 0 2.748e+01 1.376e+01 4.000e+00
|                    ( - 5.714e+00 1 0)
|                    ( - 8.000e+00 1 0)))))
|    ( - 1.554e+03 3 0))
s>    ( QUESTION1 1 5.073e+03 3.174e+02 2.453e+02
s>        ( QUESTION2_13_L -1 3.201e+03 2.539e+02 1.642e+02
s>            ( - 1.853e+03 1 0)
s>            ( QUESTION16 -1 1.094e+03 1.257e+02 6.007e+01
s>                ( - 8.303e+02 2 0)
s>                ( QUESTION2 -1 1.381e+02 3.865e+01 1.100e+01
s>                    ( - 7.196e+01 1 0)
s>                    ( WDBNDRY_E 0 2.748e+01 1.376e+01 4.000e+00
s>                        ( - 5.714e+00 1 0)
s>                        ( - 8.000e+00 1 0)))))
s>        ( - 1.554e+03 3 0))INFO: dtree.c(1439): stop. leaf nodes are specific
INFO: dtree.c(1478): Final simple tree
|( QUESTION2_13_L -1 6.303e+03 3.514e+02 3.086e+02
|    ( - 3.009e+03 1 0)
|    ( QUESTION0 -1 2.943e+03 1.085e+02 1.493e+02
|        ( QUESTION1 -1 1.189e+02 3.341e+01 1.000e+01
|            ( - 1.892e+01 1 0)
|            ( QUESTION0_0_R 1 6.659e+01 2.384e+01 7.000e+00
|                ( - 1.649e+01 1 0)
|                ( - 2.625e+01 1 0)))
|        ( - 2.716e+03 2 0)))
s>    ( QUESTION2_13_L -1 6.303e+03 3.514e+02 3.086e+02
s>        ( - 3.009e+03 1 0)
s>        ( QUESTION0 -1 2.943e+03 1.085e+02 1.493e+02
s>            ( QUESTION1 -1 1.189e+02 3.341e+01 1.000e+01
s>                ( - 1.892e+01 1 0)
s>                ( QUESTION0_0_R 1 6.659e+01 2.384e+01 7.000e+00
s>                    ( - 1.649e+01 1 0)
s>                    ( - 2.625e+01 1 0)))
s>            ( - 2.716e+03 2 0)))INFO: dtree.c(1315): Comp split 11
INFO: dtree.c(1439): stop. leaf nodes are specific
INFO: dtree.c(1478): Final simple tree
|( QUESTION2_13_L -1 9.324e+03 2.394e+02 4.517e+02
|    ( - 8.010e+03 1 0)
|    ( QUESTION2 -1 1.074e+03 1.420e+02 6.233e+01
|        ( - 4.790e+02 1 0)
|        ( QUESTION0 -1 4.531e+02 2.071e+01 3.096e+01
|            ( - 4.317e+02 1 0)
|            ( - 7.152e-01 1 0))))
s>    ( QUESTION2_13_L -1 9.324e+03 2.394e+02 4.517e+02
s>        ( - 8.010e+03 1 0)
s>        ( QUESTION2 -1 1.074e+03 1.420e+02 6.233e+01
s>            ( - 4.790e+02 1 0)
s>            ( QUESTION0 -1 4.531e+02 2.071e+01 3.096e+01
s>                ( - 4.317e+02 1 0)
s>                ( - 7.152e-01 1 0))))INFO: dtree.c(1315): Comp split 12
INFO: dtree.c(1439): stop. leaf nodes are specific
INFO: dtree.c(1478): Final simple tree
|( QUESTION0 -1 2.882e+03 2.711e+02 1.641e+02
|    ( - 1.311e+03 1 0)
|    ( - 1.300e+03 1 0))
s>    ( QUESTION0 -1 2.882e+03 2.711e+02 1.641e+02
s>        ( - 1.311e+03 1 0)
s>        ( - 1.300e+03 1 0))INFO: dtree.c(1315): Comp split 13
INFO: dtree.c(1478): Final simple tree
|( QUESTION1 -1 5.766e+03 2.768e+02 2.804e+02
|    ( QUESTION0_8_R 1 2.892e+03 1.719e+02 1.482e+02
|        ( - 2.513e+03 1 0)
|        ( QUESTION0_10_R 1 2.073e+02 3.222e+01 1.800e+01
|            ( - 5.241e+00 1 0)
|            ( - 1.698e+02 1 0)))
|    ( QUESTION6 1 2.598e+03 2.628e+02 1.321e+02
|        ( QUESTION0_19_R 1 5.741e+02 8.317e+01 3.490e+01
|            ( - 2.631e+02 1 0)
|            ( QUESTION0_10_R 1 2.279e+02 3.128e+01 1.600e+01
|                ( - 1.899e+02 2 0 QUESTION2_0_L -1 1.813e+01 1.400e+01)
|                ( - 6.690e+00 1 0)))
|        ( QUESTION4 1 1.761e+03 1.478e+02 9.722e+01
|            ( - 1.440e+03 1 0)
|            ( - 1.725e+02 2 0 QUESTION0_8_R 1 1.928e+01 1.500e+01))))
s>    ( QUESTION1 -1 5.766e+03 2.768e+02 2.804e+02
s>        ( QUESTION0_8_R 1 2.892e+03 1.719e+02 1.482e+02
s>            ( - 2.513e+03 1 0)
s>            ( QUESTION0_10_R 1 2.073e+02 3.222e+01 1.800e+01
s>                ( - 5.241e+00 1 0)
s>                ( - 1.698e+02 1 0)))
s>        ( QUESTION6 1 2.598e+03 2.628e+02 1.321e+02
s>            ( QUESTION0_19_R 1 5.741e+02 8.317e+01 3.490e+01
s>                ( - 2.631e+02 1 0)
s>                ( QUESTION0_10_R 1 2.279e+02 3.128e+01 1.600e+01
s>                    ( - 1.899e+02 2 0 QUESTION2_0_L -1 1.813e+01 1.400e+01)
s>                    ( - 6.690e+00 1 0)))
s>            ( QUESTION4 1 1.761e+03 1.478e+02 9.722e+01
s>                ( - 1.440e+03 1 0)
s>                ( - 1.725e+02 2 0 QUESTION0_8_R 1 1.928e+01 1.500e+01))))INFO: dtree.c(1478): Final simple tree
|( QUESTION0_10_R 1 9.480e+03 3.507e+02 4.504e+02
|    ( - 3.190e+03 1 0)
|    ( QUESTION0_18_R 1 5.940e+03 3.172e+02 2.846e+02
|        ( QUESTION7 1 1.291e+03 1.186e+02 7.001e+01
|            ( - 1.098e+03 1 0)
|            ( - 7.460e+01 1 0))
|        ( QUESTION10 1 4.331e+03 2.639e+02 2.146e+02
|            ( QUESTION0 -1 2.544e+03 1.550e+02 1.338e+02
|                ( - 2.210e+03 1 0)
|                ( - 1.790e+02 1 0))
|            ( QUESTION0 -1 1.524e+03 1.899e+02 8.082e+01
|                ( - 9.109e+02 1 0)
|                ( QUESTION0_16_R 1 4.230e+02 3.852e+01 2.700e+01
|                    ( - 3.677e+02 1 0)
|                    ( - 1.679e+01 1 0))))))
s>    ( QUESTION0_10_R 1 9.480e+03 3.507e+02 4.504e+02
s>        ( - 3.190e+03 1 0)
s>        ( QUESTION0_18_R 1 5.940e+03 3.172e+02 2.846e+02
s>            ( QUESTION7 1 1.291e+03 1.186e+02 7.001e+01
s>                ( - 1.098e+03 1 0)
s>                ( - 7.460e+01 1 0))
s>            ( QUESTION10 1 4.331e+03 2.639e+02 2.146e+02
s>                ( QUESTION0 -1 2.544e+03 1.550e+02 1.338e+02
s>                    ( - 2.210e+03 1 0)
s>                    ( - 1.790e+02 1 0))
s>                ( QUESTION0 -1 1.524e+03 1.899e+02 8.082e+01
s>                    ( - 9.109e+02 1 0)
s>                    ( QUESTION0_16_R 1 4.230e+02 3.852e+01 2.700e+01
s>                        ( - 3.677e+02 1 0)
s>                        ( - 1.679e+01 1 0))))))INFO: dtree.c(1315): Comp split 14
INFO: dtree.c(1439): stop. leaf nodes are specific
INFO: dtree.c(1478): Final simple tree
|( QUESTION2_2_L -1 7.858e+03 3.896e+02 4.006e+02
|    ( QUESTION4 -1 4.222e+03 2.865e+02 2.269e+02
|        ( - 2.490e+03 1 0)
|        ( QUESTION0 -1 1.446e+03 9.097e+01 8.316e+01
|            ( - 1.238e+03 3 0)
|            ( QUESTION6 -1 1.169e+02 2.177e+01 1.098e+01
|                ( - 9.418e+00 1 0)
|                ( - 8.567e+01 1 0))))
|    ( QUESTION7 -1 3.246e+03 2.211e+02 1.737e+02
|        ( - 6.911e+02 1 0)
|        ( - 2.334e+03 1 0)))
s>    ( QUESTION2_2_L -1 7.858e+03 3.896e+02 4.006e+02
s>        ( QUESTION4 -1 4.222e+03 2.865e+02 2.269e+02
s>            ( - 2.490e+03 1 0)
s>            ( QUESTION0 -1 1.446e+03 9.097e+01 8.316e+01
s>                ( - 1.238e+03 3 0)
s>                ( QUESTION6 -1 1.169e+02 2.177e+01 1.098e+01
s>                    ( - 9.418e+00 1 0)
s>                    ( - 8.567e+01 1 0))))
s>        ( QUESTION7 -1 3.246e+03 2.211e+02 1.737e+02
s>            ( - 6.911e+02 1 0)
s>            ( - 2.334e+03 1 0)))INFO: dtree.c(1439): stop. leaf nodes are specific
INFO: dtree.c(1478): Final simple tree
|( QUESTION2_0_L -1 4.898e+03 2.880e+02 2.491e+02
|    ( QUESTION6 -1 1.666e+03 1.738e+02 9.515e+01
|        ( - 4.384e+02 1 0)
|        ( - 1.054e+03 1 0))
|    ( QUESTION0 -1 2.944e+03 2.054e+02 1.539e+02
|        ( - 4.775e+02 1 0)
|        ( - 2.262e+03 1 0)))
s>    ( QUESTION2_0_L -1 4.898e+03 2.880e+02 2.491e+02
s>        ( QUESTION6 -1 1.666e+03 1.738e+02 9.515e+01
s>            ( - 4.384e+02 1 0)
s>            ( - 1.054e+03 1 0))
s>        ( QUESTION0 -1 2.944e+03 2.054e+02 1.539e+02
s>            ( - 4.775e+02 1 0)
s>            ( - 2.262e+03 1 0)))INFO: dtree.c(1315): Comp split 15
INFO: dtree.c(1439): stop. leaf nodes are specific
INFO: dtree.c(1478): Final simple tree
|( QUESTION0 -1 4.709e+03 2.705e+02 2.468e+02
|    ( QUESTION4 1 3.480e+03 1.143e+02 1.902e+02
|        ( - 3.325e+03 1 0)
|        ( - 4.122e+01 1 0))
|    ( QUESTION0_8_R 1 9.584e+02 1.099e+02 5.662e+01
|        ( - 6.876e+02 1 0)
|        ( - 1.610e+02 1 0)))
s>    ( QUESTION0 -1 4.709e+03 2.705e+02 2.468e+02
s>        ( QUESTION4 1 3.480e+03 1.143e+02 1.902e+02
s>            ( - 3.325e+03 1 0)
s>            ( - 4.122e+01 1 0))
s>        ( QUESTION0_8_R 1 9.584e+02 1.099e+02 5.662e+01
s>            ( - 6.876e+02 1 0)
s>            ( - 1.610e+02 1 0)))INFO: dtree.c(1439): stop. leaf nodes are specific
INFO: dtree.c(1478): Final simple tree
|( QUESTION0_11_R 1 4.596e+03 2.932e+02 2.465e+02
|    ( QUESTION0 -1 1.646e+03 1.442e+02 9.922e+01
|        ( - 3.497e+02 1 0)
|        ( - 1.152e+03 1 0))
|    ( QUESTION0_15_R 1 2.656e+03 2.074e+02 1.473e+02
|        ( - 1.133e+03 1 0)
|        ( QUESTION0_10_R 1 1.316e+03 1.112e+02 7.925e+01
|            ( - 1.085e+03 1 0)
|            ( - 1.205e+02 1 0))))
s>    ( QUESTION0_11_R 1 4.596e+03 2.932e+02 2.465e+02
s>        ( QUESTION0 -1 1.646e+03 1.442e+02 9.922e+01
s>            ( - 3.497e+02 1 0)
s>            ( - 1.152e+03 1 0))
s>        ( QUESTION0_15_R 1 2.656e+03 2.074e+02 1.473e+02
s>            ( - 1.133e+03 1 0)
s>            ( QUESTION0_10_R 1 1.316e+03 1.112e+02 7.925e+01
s>                ( - 1.085e+03 1 0)
s>                ( - 1.205e+02 1 0))))INFO: dtree.c(1315): Comp split 16
INFO: dtree.c(1439): stop. leaf nodes are specific
INFO: dtree.c(1478): Final simple tree
|( QUESTION0 -1 4.747e+03 2.221e+02 2.575e+02
|    ( - 3.852e+03 2 0)
|    ( - 6.731e+02 1 0))
s>    ( QUESTION0 -1 4.747e+03 2.221e+02 2.575e+02
s>        ( - 3.852e+03 2 0)
s>        ( - 6.731e+02 1 0))INFO: dtree.c(1315): Comp split 17
INFO: dtree.c(1315): Comp split 18
INFO: dtree.c(1439): stop. leaf nodes are specific
INFO: dtree.c(1478): Final simple tree
|( QUESTION4 1 2.106e+03 1.841e+02 1.152e+02
|    ( - 1.440e+03 1 0)
|    ( QUESTION1 -1 4.817e+02 1.019e+02 3.300e+01
|        ( QUESTION0_10_R 1 2.073e+02 3.222e+01 1.800e+01
|            ( - 5.241e+00 1 0)
|            ( - 1.698e+02 1 0))
|        ( QUESTION0_8_R 1 1.725e+02 1.928e+01 1.500e+01
|            ( - 0.000e+00 1 0)
|            ( - 1.532e+02 1 0))))
s>    ( QUESTION4 1 2.106e+03 1.841e+02 1.152e+02
s>        ( - 1.440e+03 1 0)
s>        ( QUESTION1 -1 4.817e+02 1.019e+02 3.300e+01
s>            ( QUESTION0_10_R 1 2.073e+02 3.222e+01 1.800e+01
s>                ( - 5.241e+00 1 0)
s>                ( - 1.698e+02 1 0))
s>            ( QUESTION0_8_R 1 1.725e+02 1.928e+01 1.500e+01
s>                ( - 0.000e+00 1 0)
s>                ( - 1.532e+02 1 0))))INFO: dtree.c(1439): stop. leaf nodes are specific
INFO: dtree.c(1478): Final simple tree
|( QUESTION0_8_R 1 3.267e+03 1.800e+02 1.651e+02
|    ( - 2.513e+03 1 0)
|    ( QUESTION0_19_R 1 5.741e+02 8.317e+01 3.490e+01
|        ( - 2.631e+02 1 0)
|        ( QUESTION0_10_R 1 2.279e+02 3.128e+01 1.600e+01
|            ( QUESTION2_0_L -1 1.899e+02 1.813e+01 1.400e+01
|                ( - 1.301e+00 1 0)
|                ( - 1.705e+02 1 0))
|            ( - 6.690e+00 1 0))))
s>    ( QUESTION0_8_R 1 3.267e+03 1.800e+02 1.651e+02
s>        ( - 2.513e+03 1 0)
s>        ( QUESTION0_19_R 1 5.741e+02 8.317e+01 3.490e+01
s>            ( - 2.631e+02 1 0)
s>            ( QUESTION0_10_R 1 2.279e+02 3.128e+01 1.600e+01
s>                ( QUESTION2_0_L -1 1.899e+02 1.813e+01 1.400e+01
s>                    ( - 1.301e+00 1 0)
s>                    ( - 1.705e+02 1 0))
s>                ( - 6.690e+00 1 0))))INFO: dtree.c(1315): Comp split 19
INFO: dtree.c(1439): stop. leaf nodes are specific
INFO: dtree.c(1478): Final simple tree
|( QUESTION4 -1 4.222e+03 2.865e+02 2.269e+02
|    ( - 2.490e+03 1 0)
|    ( QUESTION0 -1 1.446e+03 9.097e+01 8.316e+01
|        ( - 1.238e+03 3 0)
|        ( QUESTION6 -1 1.169e+02 2.177e+01 1.098e+01
|            ( - 9.418e+00 1 0)
|            ( - 8.567e+01 1 0))))
s>    ( QUESTION4 -1 4.222e+03 2.865e+02 2.269e+02
s>        ( - 2.490e+03 1 0)
s>        ( QUESTION0 -1 1.446e+03 9.097e+01 8.316e+01
s>            ( - 1.238e+03 3 0)
s>            ( QUESTION6 -1 1.169e+02 2.177e+01 1.098e+01
s>                ( - 9.418e+00 1 0)
s>                ( - 8.567e+01 1 0))))INFO: dtree.c(1439): stop. leaf nodes are specific
INFO: dtree.c(1478): Final simple tree
|( QUESTION7 -1 3.246e+03 2.211e+02 1.737e+02
|    ( - 6.911e+02 1 0)
|    ( - 2.334e+03 1 0))
s>    ( QUESTION7 -1 3.246e+03 2.211e+02 1.737e+02
s>        ( - 6.911e+02 1 0)
s>        ( - 2.334e+03 1 0))INFO: dtree.c(1315): Comp split 20
INFO: dtree.c(1439): stop. leaf nodes are specific
INFO: dtree.c(1478): Final simple tree
|( QUESTION0_18_R 1 4.461e+03 2.693e+02 2.198e+02
|    ( - 1.098e+03 1 0)
|    ( QUESTION0 -1 3.094e+03 2.144e+02 1.578e+02
|        ( - 2.210e+03 1 0)
|        ( QUESTION0_16_R 1 6.695e+02 1.228e+02 3.900e+01
|            ( - 3.677e+02 1 0)
|            ( - 1.790e+02 1 0))))
s>    ( QUESTION0_18_R 1 4.461e+03 2.693e+02 2.198e+02
s>        ( - 1.098e+03 1 0)
s>        ( QUESTION0 -1 3.094e+03 2.144e+02 1.578e+02
s>            ( - 2.210e+03 1 0)
s>            ( QUESTION0_16_R 1 6.695e+02 1.228e+02 3.900e+01
s>                ( - 3.677e+02 1 0)
s>                ( - 1.790e+02 1 0))))INFO: dtree.c(1439): stop. leaf nodes are specific
INFO: dtree.c(1478): Final simple tree
|( QUESTION0_10_R 1 4.640e+03 2.913e+02 2.306e+02
|    ( - 3.190e+03 1 0)
|    ( QUESTION0 -1 1.159e+03 1.211e+02 6.482e+01
|        ( - 9.109e+02 1 0)
|        ( QUESTION0_16_R 1 1.267e+02 3.528e+01 1.100e+01
|            ( - 7.460e+01 1 0)
|            ( - 1.679e+01 1 0))))
s>    ( QUESTION0_10_R 1 4.640e+03 2.913e+02 2.306e+02
s>        ( - 3.190e+03 1 0)
s>        ( QUESTION0 -1 1.159e+03 1.211e+02 6.482e+01
s>            ( - 9.109e+02 1 0)
s>            ( QUESTION0_16_R 1 1.267e+02 3.528e+01 1.100e+01
s>                ( - 7.460e+01 1 0)
s>                ( - 1.679e+01 1 0))))INFO: dtree.c(1315): Comp split 21
INFO: dtree.c(1439): stop. leaf nodes are specific
INFO: dtree.c(1478): Final simple tree
|( QUESTION0_0_R 1 3.106e+03 7.047e+01 1.633e+02
|    ( - 3.009e+03 1 0)
|    ( - 2.625e+01 1 0))
s>    ( QUESTION0_0_R 1 3.106e+03 7.047e+01 1.633e+02
s>        ( - 3.009e+03 1 0)
s>        ( - 2.625e+01 1 0))INFO: dtree.c(1439): stop. leaf nodes are specific
INFO: dtree.c(1478): Final simple tree
|( QUESTION0 -1 2.841e+03 6.667e+01 1.453e+02
|    ( QUESTION0_0_R 1 5.901e+01 2.359e+01 6.000e+00
|        ( - 1.649e+01 1 0)
|        ( - 1.892e+01 1 0))
|    ( - 2.716e+03 2 0))
s>    ( QUESTION0 -1 2.841e+03 6.667e+01 1.453e+02
s>        ( QUESTION0_0_R 1 5.901e+01 2.359e+01 6.000e+00
s>            ( - 1.649e+01 1 0)
s>            ( - 1.892e+01 1 0))
s>        ( - 2.716e+03 2 0))INFO: dtree.c(1315): Comp split 22
INFO: dtree.c(1439): stop. leaf nodes are specific
INFO: dtree.c(1478): Final simple tree
|( QUESTION0 -1 1.763e+03 1.073e+02 9.010e+01
|    ( QUESTION1 -1 1.020e+02 2.434e+01 9.000e+00
|        ( - 5.714e+00 1 0)
|        ( - 7.196e+01 1 0))
|    ( - 1.554e+03 3 0))
s>    ( QUESTION0 -1 1.763e+03 1.073e+02 9.010e+01
s>        ( QUESTION1 -1 1.020e+02 2.434e+01 9.000e+00
s>            ( - 5.714e+00 1 0)
s>            ( - 7.196e+01 1 0))
s>        ( - 1.554e+03 3 0))INFO: dtree.c(1439): stop. leaf nodes are specific
INFO: dtree.c(1478): Final simple tree
|( QUESTION0 -1 2.974e+03 2.428e+02 1.552e+02
|    ( - 1.853e+03 1 0)
|    ( WDBNDRY_E 0 8.783e+02 4.000e+01 5.107e+01
|        ( - 8.303e+02 2 0)
|        ( - 8.000e+00 1 0)))
s>    ( QUESTION0 -1 2.974e+03 2.428e+02 1.552e+02
s>        ( - 1.853e+03 1 0)
s>        ( WDBNDRY_E 0 8.783e+02 4.000e+01 5.107e+01
s>            ( - 8.303e+02 2 0)
s>            ( - 8.000e+00 1 0)))INFO: dtree.c(1315): Comp split 23
INFO: dtree.c(1439): stop. leaf nodes are specific
INFO: dtree.c(1478): Final simple tree
|( QUESTION0_16_R 1 2.167e+03 2.291e+02 1.162e+02
|    ( QUESTION0 -1 4.526e+02 7.954e+01 2.700e+01
|        ( - 2.161e+02 1 0)
|        ( - 1.570e+02 1 0))
|    ( QUESTION0_10_R 1 1.485e+03 7.929e+01 8.924e+01
|        ( - 1.284e+03 1 0)
|        ( QUESTION1 -1 1.217e+02 2.979e+01 1.000e+01
|            ( - 7.725e+01 1 0)
|            ( - 1.469e+01 1 0))))
s>    ( QUESTION0_16_R 1 2.167e+03 2.291e+02 1.162e+02
s>        ( QUESTION0 -1 4.526e+02 7.954e+01 2.700e+01
s>            ( - 2.161e+02 1 0)
s>            ( - 1.570e+02 1 0))
s>        ( QUESTION0_10_R 1 1.485e+03 7.929e+01 8.924e+01
s>            ( - 1.284e+03 1 0)
s>            ( QUESTION1 -1 1.217e+02 2.979e+01 1.000e+01
s>                ( - 7.725e+01 1 0)
s>                ( - 1.469e+01 1 0))))INFO: dtree.c(1439): stop. leaf nodes are specific
INFO: dtree.c(1478): Final simple tree
|( QUESTION0_8_R 1 3.297e+03 1.203e+02 1.758e+02
|    ( - 3.004e+03 1 0)
|    ( QUESTION0_10_R 1 1.722e+02 3.740e+01 1.399e+01
|        ( - 1.077e+02 1 0)
|        ( - 2.705e+01 1 0)))
s>    ( QUESTION0_8_R 1 3.297e+03 1.203e+02 1.758e+02
s>        ( - 3.004e+03 1 0)
s>        ( QUESTION0_10_R 1 1.722e+02 3.740e+01 1.399e+01
s>            ( - 1.077e+02 1 0)
s>            ( - 2.705e+01 1 0)))INFO: dtree.c(1315): Comp split 24
INFO: dtree.c(1439): stop. leaf nodes are specific
INFO: dtree.c(1478): Final simple tree
|( QUESTION0_16_R 1 1.094e+03 1.084e+02 6.182e+01
|    ( - 7.460e+01 1 0)
|    ( - 9.109e+02 1 0))
s>    ( QUESTION0_16_R 1 1.094e+03 1.084e+02 6.182e+01
s>        ( - 7.460e+01 1 0)
s>        ( - 9.109e+02 1 0))INFO: dtree.c(1439): stop. leaf nodes are specific
INFO: dtree.c(1478): Final simple tree
|( QUESTION0_10_R 1 3.249e+03 4.303e+01 1.688e+02
|    ( - 3.190e+03 1 0)
|    ( - 1.679e+01 1 0))
s>    ( QUESTION0_10_R 1 3.249e+03 4.303e+01 1.688e+02
s>        ( - 3.190e+03 1 0)
s>        ( - 1.679e+01 1 0))INFO: dtree.c(1315): Comp split 25
INFO: dtree.c(1439): stop. leaf nodes are specific
INFO: dtree.c(1478): Final simple tree
|( QUESTION0_15_R 1 2.656e+03 2.074e+02 1.473e+02
|    ( - 1.133e+03 1 0)
|    ( QUESTION0_10_R 1 1.316e+03 1.112e+02 7.925e+01
|        ( - 1.085e+03 1 0)
|        ( - 1.205e+02 1 0)))
s>    ( QUESTION0_15_R 1 2.656e+03 2.074e+02 1.473e+02
s>        ( - 1.133e+03 1 0)
s>        ( QUESTION0_10_R 1 1.316e+03 1.112e+02 7.925e+01
s>            ( - 1.085e+03 1 0)
s>            ( - 1.205e+02 1 0)))INFO: dtree.c(1439): stop. leaf nodes are specific
INFO: dtree.c(1478): Final simple tree
|( QUESTION0 -1 1.646e+03 1.442e+02 9.922e+01
|    ( - 3.497e+02 1 0)
|    ( - 1.152e+03 1 0))
s>    ( QUESTION0 -1 1.646e+03 1.442e+02 9.922e+01
s>        ( - 3.497e+02 1 0)
s>        ( - 1.152e+03 1 0))INFO: dtree.c(1315): Comp split 26
INFO: dtree.c(1439): stop. leaf nodes are specific
INFO: dtree.c(1478): Final simple tree
|( QUESTION4 1 1.093e+03 1.406e+02 6.262e+01
|    ( - 6.876e+02 1 0)
|    ( QUESTION0_8_R 1 2.651e+02 6.294e+01 2.200e+01
|        ( - 4.122e+01 1 0)
|        ( - 1.610e+02 1 0)))
s>    ( QUESTION4 1 1.093e+03 1.406e+02 6.262e+01
s>        ( - 6.876e+02 1 0)
s>        ( QUESTION0_8_R 1 2.651e+02 6.294e+01 2.200e+01
s>            ( - 4.122e+01 1 0)
s>            ( - 1.610e+02 1 0)))INFO: dtree.c(1315): Comp split 27
INFO: dtree.c(1439): stop. leaf nodes are specific
INFO: dtree.c(1478): Final simple tree
|( QUESTION0 -1 2.944e+03 2.054e+02 1.539e+02
|    ( - 4.775e+02 1 0)
|    ( - 2.262e+03 1 0))
s>    ( QUESTION0 -1 2.944e+03 2.054e+02 1.539e+02
s>        ( - 4.775e+02 1 0)
s>        ( - 2.262e+03 1 0))INFO: dtree.c(1439): stop. leaf nodes are specific
INFO: dtree.c(1478): Final simple tree
|( QUESTION6 -1 1.666e+03 1.738e+02 9.515e+01
|    ( - 4.384e+02 1 0)
|    ( - 1.054e+03 1 0))
s>    ( QUESTION6 -1 1.666e+03 1.738e+02 9.515e+01
s>        ( - 4.384e+02 1 0)
s>        ( - 1.054e+03 1 0))INFO: dtree.c(1315): Comp split 28
INFO: dtree.c(1439): stop. leaf nodes are specific
INFO: dtree.c(1478): Final simple tree
|( QUESTION0 -1 1.446e+03 9.097e+01 8.316e+01
|    ( - 1.238e+03 3 0)
|    ( QUESTION6 -1 1.169e+02 2.177e+01 1.098e+01
|        ( - 9.418e+00 1 0)
|        ( - 8.567e+01 1 0)))
s>    ( QUESTION0 -1 1.446e+03 9.097e+01 8.316e+01
s>        ( - 1.238e+03 3 0)
s>        ( QUESTION6 -1 1.169e+02 2.177e+01 1.098e+01
s>            ( - 9.418e+00 1 0)
s>            ( - 8.567e+01 1 0)))INFO: dtree.c(1315): Comp split 29
INFO: dtree.c(1439): stop. leaf nodes are specific
INFO: dtree.c(1478): Final simple tree
|( QUESTION0_16_R 1 2.751e+03 1.741e+02 1.428e+02
|    ( - 3.677e+02 1 0)
|    ( - 2.210e+03 1 0))
s>    ( QUESTION0_16_R 1 2.751e+03 1.741e+02 1.428e+02
s>        ( - 3.677e+02 1 0)
s>        ( - 2.210e+03 1 0))INFO: dtree.c(1439): stop. leaf nodes are specific
INFO: dtree.c(1478): Final simple tree
|( QUESTION0_16_R 1 1.437e+03 1.595e+02 7.701e+01
|    ( - 1.098e+03 1 0)
|    ( - 1.790e+02 1 0))
s>    ( QUESTION0_16_R 1 1.437e+03 1.595e+02 7.701e+01
s>        ( - 1.098e+03 1 0)
s>        ( - 1.790e+02 1 0))INFO: dtree.c(1315): Comp split 30
INFO: dtree.c(1315): Comp split 31
INFO: dtree.c(1439): stop. leaf nodes are specific
INFO: dtree.c(1478): Final simple tree
|( QUESTION1 -1 1.052e+03 1.411e+02 6.133e+01
|    ( - 4.317e+02 1 0)
|    ( - 4.790e+02 1 0))
s>    ( QUESTION1 -1 1.052e+03 1.411e+02 6.133e+01
s>        ( - 4.317e+02 1 0)
s>        ( - 4.790e+02 1 0))INFO: dtree.c(1439): stop. leaf nodes are specific
INFO: dtree.c(1478): Final simple tree
|( QUESTION0 -1 8.029e+03 1.811e+01 3.904e+02
|    ( - 8.010e+03 1 0)
|    ( - 7.152e-01 1 0))
s>    ( QUESTION0 -1 8.029e+03 1.811e+01 3.904e+02
s>        ( - 8.010e+03 1 0)
s>        ( - 7.152e-01 1 0))INFO: dtree.c(1315): Comp split 32
INFO: dtree.c(1439): stop. leaf nodes are specific
INFO: dtree.c(1478): Final simple tree
|( WDBNDRY_E 0 8.783e+02 4.000e+01 5.107e+01
|    ( - 8.303e+02 2 0)
|    ( - 8.000e+00 1 0))
s>    ( WDBNDRY_E 0 8.783e+02 4.000e+01 5.107e+01
s>        ( - 8.303e+02 2 0)
s>        ( - 8.000e+00 1 0))INFO: dtree.c(1315): Comp split 33
INFO: dtree.c(1439): stop. leaf nodes are specific
INFO: dtree.c(1478): Final simple tree
|( QUESTION0_10_R 1 1.485e+03 7.929e+01 8.924e+01
|    ( - 1.284e+03 1 0)
|    ( QUESTION1 -1 1.217e+02 2.979e+01 1.000e+01
|        ( - 7.725e+01 1 0)
|        ( - 1.469e+01 1 0)))
s>    ( QUESTION0_10_R 1 1.485e+03 7.929e+01 8.924e+01
s>        ( - 1.284e+03 1 0)
s>        ( QUESTION1 -1 1.217e+02 2.979e+01 1.000e+01
s>            ( - 7.725e+01 1 0)
s>            ( - 1.469e+01 1 0)))INFO: dtree.c(1439): stop. leaf nodes are specific
INFO: dtree.c(1478): Final simple tree
|( QUESTION0 -1 4.526e+02 7.954e+01 2.700e+01
|    ( - 2.161e+02 1 0)
|    ( - 1.570e+02 1 0))
s>    ( QUESTION0 -1 4.526e+02 7.954e+01 2.700e+01
s>        ( - 2.161e+02 1 0)
s>        ( - 1.570e+02 1 0))INFO: dtree.c(1315): Comp split 34
INFO: dtree.c(1315): Comp split 35
INFO: dtree.c(1315): Comp split 36
INFO: dtree.c(1439): stop. leaf nodes are specific
INFO: dtree.c(1478): Final simple tree
|( QUESTION0_1_R 1 4.366e+02 7.776e+01 3.100e+01
|    ( - 3.094e+02 1 0)
|    ( QUESTION0_5_R 1 4.942e+01 1.289e+01 6.000e+00
|        ( - 3.653e+01 1 0)
|        ( - 0.000e+00 1 0)))
s>    ( QUESTION0_1_R 1 4.366e+02 7.776e+01 3.100e+01
s>        ( - 3.094e+02 1 0)
s>        ( QUESTION0_5_R 1 4.942e+01 1.289e+01 6.000e+00
s>            ( - 3.653e+01 1 0)
s>            ( - 0.000e+00 1 0)))INFO: dtree.c(1439): stop. leaf nodes are specific
INFO: dtree.c(1478): Final simple tree
|( QUESTION1 -1 3.656e+03 4.257e+01 2.027e+02
|    ( - 6.547e+00 1 0)
|    ( - 3.606e+03 1 0))
s>    ( QUESTION1 -1 3.656e+03 4.257e+01 2.027e+02
s>        ( - 6.547e+00 1 0)
s>        ( - 3.606e+03 1 0))INFO: dtree.c(1315): Comp split 37
INFO: dtree.c(1439): stop. leaf nodes are specific
INFO: dtree.c(1478): Final simple tree
|( QUESTION0_10_R 1 1.316e+03 1.112e+02 7.925e+01
|    ( - 1.085e+03 1 0)
|    ( - 1.205e+02 1 0))
s>    ( QUESTION0_10_R 1 1.316e+03 1.112e+02 7.925e+01
s>        ( - 1.085e+03 1 0)
s>        ( - 1.205e+02 1 0))INFO: dtree.c(1315): Comp split 38
INFO: dtree.c(1315): Comp split 39
INFO: dtree.c(1315): Comp split 40
INFO: dtree.c(1439): stop. leaf nodes are specific
INFO: dtree.c(1478): Final simple tree
|( QUESTION0_10_R 1 5.299e+02 7.691e+01 3.290e+01
|    ( QUESTION2_0_L -1 1.899e+02 1.813e+01 1.400e+01
|        ( - 1.301e+00 1 0)
|        ( - 1.705e+02 1 0))
|    ( - 2.631e+02 1 0))
s>    ( QUESTION0_10_R 1 5.299e+02 7.691e+01 3.290e+01
s>        ( QUESTION2_0_L -1 1.899e+02 1.813e+01 1.400e+01
s>            ( - 1.301e+00 1 0)
s>            ( - 1.705e+02 1 0))
s>        ( - 2.631e+02 1 0))INFO: dtree.c(1439): stop. leaf nodes are specific
INFO: dtree.c(1478): Final simple tree
|( QUESTION0_8_R 1 2.551e+03 3.188e+01 1.322e+02
|    ( - 2.513e+03 1 0)
|    ( - 6.690e+00 1 0))
s>    ( QUESTION0_8_R 1 2.551e+03 3.188e+01 1.322e+02
s>        ( - 2.513e+03 1 0)
s>        ( - 6.690e+00 1 0))INFO: dtree.c(1315): Comp split 41
INFO: dtree.c(1439): stop. leaf nodes are specific
INFO: dtree.c(1478): Final simple tree
|( QUESTION1 -1 4.817e+02 1.019e+02 3.300e+01
|    ( QUESTION0_10_R 1 2.073e+02 3.222e+01 1.800e+01
|        ( - 5.241e+00 1 0)
|        ( - 1.698e+02 1 0))
|    ( QUESTION0_8_R 1 1.725e+02 1.928e+01 1.500e+01
|        ( - 0.000e+00 1 0)
|        ( - 1.532e+02 1 0)))
s>    ( QUESTION1 -1 4.817e+02 1.019e+02 3.300e+01
s>        ( QUESTION0_10_R 1 2.073e+02 3.222e+01 1.800e+01
s>            ( - 5.241e+00 1 0)
s>            ( - 1.698e+02 1 0))
s>        ( QUESTION0_8_R 1 1.725e+02 1.928e+01 1.500e+01
s>            ( - 0.000e+00 1 0)
s>            ( - 1.532e+02 1 0)))INFO: dtree.c(1315): Comp split 42
INFO: dtree.c(1315): Comp split 43
INFO: dtree.c(1315): Comp split 44
INFO: dtree.c(1315): Comp split 45
INFO: dtree.c(1315): Comp split 46
INFO: dtree.c(1315): Comp split 47
INFO: dtree.c(1439): stop. leaf nodes are specific
INFO: dtree.c(1478): Final simple tree
|( QUESTION0_8_R 1 2.651e+02 6.294e+01 2.200e+01
|    ( - 4.122e+01 1 0)
|    ( - 1.610e+02 1 0))
s>    ( QUESTION0_8_R 1 2.651e+02 6.294e+01 2.200e+01
s>        ( - 4.122e+01 1 0)
s>        ( - 1.610e+02 1 0))INFO: dtree.c(1315): Comp split 48
INFO: dtree.c(1439): stop. leaf nodes are specific
INFO: dtree.c(1478): Final simple tree
|( QUESTION0_10_R 1 1.722e+02 3.740e+01 1.399e+01
|    ( - 1.077e+02 1 0)
|    ( - 2.705e+01 1 0))
s>    ( QUESTION0_10_R 1 1.722e+02 3.740e+01 1.399e+01
s>        ( - 1.077e+02 1 0)
s>        ( - 2.705e+01 1 0))INFO: dtree.c(1315): Comp split 49
INFO: dtree.c(1315): Comp split 50
INFO: dtree.c(1315): Comp split 51
INFO: dtree.c(1439): stop. leaf nodes are specific
INFO: dtree.c(1478): Final simple tree
|( QUESTION1 -1 1.020e+02 2.434e+01 9.000e+00
|    ( - 5.714e+00 1 0)
|    ( - 7.196e+01 1 0))
s>    ( QUESTION1 -1 1.020e+02 2.434e+01 9.000e+00
s>        ( - 5.714e+00 1 0)
s>        ( - 7.196e+01 1 0))INFO: dtree.c(1315): Comp split 52
INFO: dtree.c(1439): stop. leaf nodes are specific
INFO: dtree.c(1478): Final simple tree
|( QUESTION0_8_R 1 1.725e+02 1.928e+01 1.500e+01
|    ( - 0.000e+00 1 0)
|    ( - 1.532e+02 1 0))
s>    ( QUESTION0_8_R 1 1.725e+02 1.928e+01 1.500e+01
s>        ( - 0.000e+00 1 0)
s>        ( - 1.532e+02 1 0))INFO: dtree.c(1439): stop. leaf nodes are specific
INFO: dtree.c(1478): Final simple tree
|( QUESTION0_10_R 1 2.073e+02 3.222e+01 1.800e+01
|    ( - 5.241e+00 1 0)
|    ( - 1.698e+02 1 0))
s>    ( QUESTION0_10_R 1 2.073e+02 3.222e+01 1.800e+01
s>        ( - 5.241e+00 1 0)
s>        ( - 1.698e+02 1 0))INFO: dtree.c(1315): Comp split 53
INFO: dtree.c(1439): stop. leaf nodes are specific
INFO: dtree.c(1478): Final simple tree
|( QUESTION6 -1 1.169e+02 2.177e+01 1.098e+01
|    ( - 9.418e+00 1 0)
|    ( - 8.567e+01 1 0))
s>    ( QUESTION6 -1 1.169e+02 2.177e+01 1.098e+01
s>        ( - 9.418e+00 1 0)
s>        ( - 8.567e+01 1 0))INFO: dtree.c(1315): Comp split 54
INFO: dtree.c(1315): Comp split 55
INFO: dtree.c(1439): stop. leaf nodes are specific
INFO: dtree.c(1478): Final simple tree
|( QUESTION1 -1 1.217e+02 2.979e+01 1.000e+01
|    ( - 7.725e+01 1 0)
|    ( - 1.469e+01 1 0))
s>    ( QUESTION1 -1 1.217e+02 2.979e+01 1.000e+01
s>        ( - 7.725e+01 1 0)
s>        ( - 1.469e+01 1 0))INFO: dtree.c(1315): Comp split 56
INFO: dtree.c(1439): stop. leaf nodes are specific
INFO: dtree.c(1478): Final simple tree
|( QUESTION0_5_R 1 4.942e+01 1.289e+01 6.000e+00
|    ( - 3.653e+01 1 0)
|    ( - 0.000e+00 1 0))
s>    ( QUESTION0_5_R 1 4.942e+01 1.289e+01 6.000e+00
s>        ( - 3.653e+01 1 0)
s>        ( - 0.000e+00 1 0))INFO: dtree.c(1315): Comp split 57
INFO: dtree.c(1439): stop. leaf nodes are specific
INFO: dtree.c(1478): Final simple tree
|( QUESTION2_0_L -1 1.899e+02 1.813e+01 1.400e+01
|    ( - 1.301e+00 1 0)
|    ( - 1.705e+02 1 0))
s>    ( QUESTION2_0_L -1 1.899e+02 1.813e+01 1.400e+01
s>        ( - 1.301e+00 1 0)
s>        ( - 1.705e+02 1 0))INFO: dtree.c(1315): Comp split 58
INFO: dtree.c(1315): Comp split 59
INFO: dtree.c(1439): stop. leaf nodes are specific
INFO: dtree.c(1478): Final simple tree
|( QUESTION0_0_R 1 5.901e+01 2.359e+01 6.000e+00
|    ( - 1.649e+01 1 0)
|    ( - 1.892e+01 1 0))
s>    ( QUESTION0_0_R 1 5.901e+01 2.359e+01 6.000e+00
s>        ( - 1.649e+01 1 0)
s>        ( - 1.892e+01 1 0))INFO: dtree.c(1315): Comp split 60
INFO: dtree.c(1315): Comp split 61
INFO: dtree.c(1315): Comp split 62
INFO: dtree.c(1315): Comp split 63
INFO: dtree.c(1315): Comp split 64
INFO: dtree.c(1315): Comp split 65
INFO: dtree.c(1315): Comp split 66
INFO: dtree.c(1315): Comp split 67
INFO: dtree.c(1315): Comp split 68
INFO: dtree.c(1315): Comp split 69
INFO: dtree.c(1315): Comp split 70
INFO: dtree.c(1315): Comp split 71
INFO: dtree.c(1315): Comp split 72
INFO: dtree.c(1315): Comp split 73
INFO: dtree.c(1315): Comp split 74
INFO: dtree.c(1315): Comp split 75
INFO: dtree.c(1318): stop. leaf nodes are specific
Mon May 23 22:39:54 2022
