Current configuration:
[NAME]		[DEFLT]	[VALUE]
-allphones	no	no
-cntthresh	0.00001	1.000000e-05
-csplitmax	100	2000
-csplitmin	1	1
-csplitthr	8e-4	0.000000e+00
-example	no	no
-fullvar	no	no
-help		no	no
-meanfn			
-mixwfn			/home/rakha/Kuliah/Semester8/nlp/speech-sphinx/train-new-model/an4-master/model_parameters/an4.cd_ptm_untied/mixture_weights
-moddeffn		/home/rakha/Kuliah/Semester8/nlp/speech-sphinx/train-new-model/an4-master/model_architecture/an4.untied.mdef
-mwfloor	1e-4	1.000000e-08
-phone			D
-psetfn			/home/rakha/Kuliah/Semester8/nlp/speech-sphinx/train-new-model/an4-master/model_architecture/an4.tree_questions
-ssplitmax	5	7
-ssplitmin	1	1
-ssplitthr	8e-4	0.000000e+00
-state			0
-stwt			1.0,0.05,0.0,
-treefn			/home/rakha/Kuliah/Semester8/nlp/speech-sphinx/train-new-model/an4-master/trees/an4.unpruned/D-0.dtree
-ts2cbfn	.semi.	.semi.
-varfloor	0.00001	1.000000e-05
-varfn			

INFO: main.c(223): Reading: /home/rakha/Kuliah/Semester8/nlp/speech-sphinx/train-new-model/an4-master/model_architecture/an4.untied.mdef
INFO: model_def_io.c(573): Model definition info:
INFO: model_def_io.c(574): 1618 total models defined (34 base, 1584 tri)
INFO: model_def_io.c(575): 6472 total states
INFO: model_def_io.c(576): 4854 total tied states
INFO: model_def_io.c(577): 102 total tied CI states
INFO: model_def_io.c(578): 34 total tied transition matrices
INFO: model_def_io.c(579): 4 max state/model
INFO: model_def_io.c(580): 4 min state/model
INFO: main.c(242): Building trees for [D AH AH b] through [D UW IY b]
INFO: main.c(269): Covering states |[861 977]| == 117
INFO: main.c(275): Reading: /home/rakha/Kuliah/Semester8/nlp/speech-sphinx/train-new-model/an4-master/model_parameters/an4.cd_ptm_untied/mixture_weights
INFO: s3mixw_io.c(173): Read /home/rakha/Kuliah/Semester8/nlp/speech-sphinx/train-new-model/an4-master/model_parameters/an4.cd_ptm_untied/mixture_weights [117x4x64 array]
INFO: main.c(311): 39 of 39 models have observation count greater than 0.000010
INFO: main.c(95): nrm stwt: 0.952 0.048 0.000 
INFO: main.c(411): 39-class entropy: 1.962645e+04
INFO: main.c(549): Reading: /home/rakha/Kuliah/Semester8/nlp/speech-sphinx/train-new-model/an4-master/model_architecture/an4.tree_questions
INFO: main.c(588): 180 total simple questions (172 phone; 8 word bndry)
INFO: main.c(590): 42 Left Only questions, and 42 Right Only questions
INFO: dtree.c(1478): Final simple tree
|( QUESTION0 -1 2.675e+04 9.617e+02 1.323e+03
|    ( QUESTION1 -1 1.523e+04 5.093e+02 7.720e+02
|        ( - 6.990e+03 4 0 QUESTION0_0_R 1 2.948e+02 3.769e+02)
|        ( QUESTION2_0_L -1 7.729e+03 4.483e+02 3.951e+02
|            ( - 3.383e+03 6 0 QUESTION0_0_R 1 1.676e+02 1.813e+02)
|            ( QUESTION2_12_L -1 3.897e+03 3.219e+02 2.138e+02
|                ( - 1.510e+03 2 0 QUESTION0_0_R 1 6.029e+01 9.605e+01)
|                ( - 2.066e+03 2 0 QUESTION0_0_R 1 1.761e+02 1.177e+02))))
|    ( WDBNDRY_B 0 1.056e+04 7.504e+02 5.510e+02
|        ( QUESTION16 -1 6.560e+03 3.851e+02 3.771e+02
|            ( - 9.227e+02 3 0 QUESTION2_9_L -1 4.330e+01 6.039e+01)
|            ( - 5.252e+03 9 0 SILENCE -1 2.948e+02 3.167e+02))
|        ( QUESTION1 1 3.250e+03 4.144e+02 1.738e+02
|            ( - 1.001e+03 3 0 WDBNDRY_E 0 1.229e+02 6.784e+01)
|            ( - 1.835e+03 10 0 QUESTION5 1 2.489e+02 1.060e+02))))
s>    ( QUESTION0 -1 2.675e+04 9.617e+02 1.323e+03
s>        ( QUESTION1 -1 1.523e+04 5.093e+02 7.720e+02
s>            ( - 6.990e+03 4 0 QUESTION0_0_R 1 2.948e+02 3.769e+02)
s>            ( QUESTION2_0_L -1 7.729e+03 4.483e+02 3.951e+02
s>                ( - 3.383e+03 6 0 QUESTION0_0_R 1 1.676e+02 1.813e+02)
s>                ( QUESTION2_12_L -1 3.897e+03 3.219e+02 2.138e+02
s>                    ( - 1.510e+03 2 0 QUESTION0_0_R 1 6.029e+01 9.605e+01)
s>                    ( - 2.066e+03 2 0 QUESTION0_0_R 1 1.761e+02 1.177e+02))))
s>        ( WDBNDRY_B 0 1.056e+04 7.504e+02 5.510e+02
s>            ( QUESTION16 -1 6.560e+03 3.851e+02 3.771e+02
s>                ( - 9.227e+02 3 0 QUESTION2_9_L -1 4.330e+01 6.039e+01)
s>                ( - 5.252e+03 9 0 SILENCE -1 2.948e+02 3.167e+02))
s>            ( QUESTION1 1 3.250e+03 4.144e+02 1.738e+02
s>                ( - 1.001e+03 3 0 WDBNDRY_E 0 1.229e+02 6.784e+01)
s>                ( - 1.835e+03 10 0 QUESTION5 1 2.489e+02 1.060e+02))))INFO: dtree.c(1315): Comp split 0
INFO: dtree.c(1478): Final simple tree
|( WDBNDRY_I 0 8.354e+03 5.326e+02 4.155e+02
|    ( QUESTION0_0_R 1 1.081e+03 1.607e+02 7.084e+01
|        ( - 7.429e+02 1 0)
|        ( - 1.773e+02 1 0))
|    ( WDBNDRY_B 0 6.740e+03 3.652e+02 3.447e+02
|        ( QUESTION0 -1 4.546e+03 2.804e+02 2.397e+02
|            ( QUESTION0_0_R 1 3.343e+03 1.546e+02 1.793e+02
|                ( - 2.908e+03 3 0)
|                ( - 2.804e+02 2 0))
|            ( - 9.227e+02 3 0 QUESTION2_9_L -1 4.330e+01 6.039e+01))
|        ( QUESTION0_1_R 1 1.829e+03 2.374e+02 1.050e+02
|            ( - 6.220e+02 1 0)
|            ( QUESTION0_7_R 1 9.696e+02 1.520e+02 5.400e+01
|                ( - 4.989e+02 9 0 QUESTION5 -1 9.847e+01 3.100e+01)
|                ( - 3.186e+02 2 0 SILENCE 1 7.472e+01 2.300e+01)))))
s>    ( WDBNDRY_I 0 8.354e+03 5.326e+02 4.155e+02
s>        ( QUESTION0_0_R 1 1.081e+03 1.607e+02 7.084e+01
s>            ( - 7.429e+02 1 0)
s>            ( - 1.773e+02 1 0))
s>        ( WDBNDRY_B 0 6.740e+03 3.652e+02 3.447e+02
s>            ( QUESTION0 -1 4.546e+03 2.804e+02 2.397e+02
s>                ( QUESTION0_0_R 1 3.343e+03 1.546e+02 1.793e+02
s>                    ( - 2.908e+03 3 0)
s>                    ( - 2.804e+02 2 0))
s>                ( - 9.227e+02 3 0 QUESTION2_9_L -1 4.330e+01 6.039e+01))
s>            ( QUESTION0_1_R 1 1.829e+03 2.374e+02 1.050e+02
s>                ( - 6.220e+02 1 0)
s>                ( QUESTION0_7_R 1 9.696e+02 1.520e+02 5.400e+01
s>                    ( - 4.989e+02 9 0 QUESTION5 -1 9.847e+01 3.100e+01)
s>                    ( - 3.186e+02 2 0 SILENCE 1 7.472e+01 2.300e+01)))))INFO: dtree.c(1478): Final simple tree
|( QUESTION0 -1 1.731e+04 8.240e+02 9.074e+02
|    ( QUESTION2_13_L -1 1.123e+04 3.967e+02 5.907e+02
|        ( QUESTION0_0_R 1 2.066e+03 1.761e+02 1.177e+02
|            ( - 1.573e+03 1 0)
|            ( - 3.166e+02 1 0))
|        ( QUESTION0_0_R 1 8.771e+03 3.030e+02 4.729e+02
|            ( QUESTION1 -1 5.531e+03 2.590e+02 3.133e+02
|                ( - 3.850e+03 2 0)
|                ( - 1.421e+03 1 0))
|            ( - 2.937e+03 3 0 QUESTION1 -1 6.400e+01 1.596e+02)))
|    ( SILENCE -1 5.252e+03 2.948e+02 3.167e+02
|        ( - 1.171e+03 3 0 QUESTION2 1 1.137e+02 7.452e+01)
|        ( QUESTION2_5_L -1 3.786e+03 2.263e+02 2.422e+02
|            ( - 2.082e+03 1 0)
|            ( - 1.478e+03 5 0 QUESTION7 -1 1.322e+02 1.060e+02))))
s>    ( QUESTION0 -1 1.731e+04 8.240e+02 9.074e+02
s>        ( QUESTION2_13_L -1 1.123e+04 3.967e+02 5.907e+02
s>            ( QUESTION0_0_R 1 2.066e+03 1.761e+02 1.177e+02
s>                ( - 1.573e+03 1 0)
s>                ( - 3.166e+02 1 0))
s>            ( QUESTION0_0_R 1 8.771e+03 3.030e+02 4.729e+02
s>                ( QUESTION1 -1 5.531e+03 2.590e+02 3.133e+02
s>                    ( - 3.850e+03 2 0)
s>                    ( - 1.421e+03 1 0))
s>                ( - 2.937e+03 3 0 QUESTION1 -1 6.400e+01 1.596e+02)))
s>        ( SILENCE -1 5.252e+03 2.948e+02 3.167e+02
s>            ( - 1.171e+03 3 0 QUESTION2 1 1.137e+02 7.452e+01)
s>            ( QUESTION2_5_L -1 3.786e+03 2.263e+02 2.422e+02
s>                ( - 2.082e+03 1 0)
s>                ( - 1.478e+03 5 0 QUESTION7 -1 1.322e+02 1.060e+02))))INFO: dtree.c(1315): Comp split 1
INFO: dtree.c(1439): stop. leaf nodes are specific
INFO: dtree.c(1478): Final simple tree
|( QUESTION2_13_L -1 1.123e+04 3.967e+02 5.907e+02
|    ( QUESTION0_0_R 1 2.066e+03 1.761e+02 1.177e+02
|        ( - 1.573e+03 1 0)
|        ( - 3.166e+02 1 0))
|    ( QUESTION0_0_R 1 8.771e+03 3.030e+02 4.729e+02
|        ( QUESTION1 -1 5.531e+03 2.590e+02 3.133e+02
|            ( - 3.850e+03 2 0)
|            ( - 1.421e+03 1 0))
|        ( QUESTION1 -1 2.937e+03 6.400e+01 1.596e+02
|            ( - 2.845e+03 2 0)
|            ( - 2.800e+01 1 0))))
s>    ( QUESTION2_13_L -1 1.123e+04 3.967e+02 5.907e+02
s>        ( QUESTION0_0_R 1 2.066e+03 1.761e+02 1.177e+02
s>            ( - 1.573e+03 1 0)
s>            ( - 3.166e+02 1 0))
s>        ( QUESTION0_0_R 1 8.771e+03 3.030e+02 4.729e+02
s>            ( QUESTION1 -1 5.531e+03 2.590e+02 3.133e+02
s>                ( - 3.850e+03 2 0)
s>                ( - 1.421e+03 1 0))
s>            ( QUESTION1 -1 2.937e+03 6.400e+01 1.596e+02
s>                ( - 2.845e+03 2 0)
s>                ( - 2.800e+01 1 0))))INFO: dtree.c(1478): Final simple tree
|( SILENCE -1 5.252e+03 2.948e+02 3.167e+02
|    ( QUESTION2 1 1.171e+03 1.137e+02 7.452e+01
|        ( - 4.387e+02 1 0)
|        ( QUESTION0_0_R 1 6.187e+02 5.510e+01 4.356e+01
|            ( - 5.303e+02 1 0)
|            ( - 3.332e+01 1 0)))
|    ( QUESTION2_5_L -1 3.786e+03 2.263e+02 2.422e+02
|        ( - 2.082e+03 1 0)
|        ( QUESTION7 -1 1.478e+03 1.322e+02 1.060e+02
|            ( QUESTION0_0_R 1 5.272e+02 8.599e+01 4.700e+01
|                ( - 3.319e+02 1 0)
|                ( - 1.093e+02 1 0))
|            ( QUESTION0_0_R 1 8.183e+02 5.145e+01 5.900e+01
|                ( - 7.691e+01 1 0)
|                ( - 6.899e+02 2 0 QUESTION4 -1 2.547e+01 5.100e+01)))))
s>    ( SILENCE -1 5.252e+03 2.948e+02 3.167e+02
s>        ( QUESTION2 1 1.171e+03 1.137e+02 7.452e+01
s>            ( - 4.387e+02 1 0)
s>            ( QUESTION0_0_R 1 6.187e+02 5.510e+01 4.356e+01
s>                ( - 5.303e+02 1 0)
s>                ( - 3.332e+01 1 0)))
s>        ( QUESTION2_5_L -1 3.786e+03 2.263e+02 2.422e+02
s>            ( - 2.082e+03 1 0)
s>            ( QUESTION7 -1 1.478e+03 1.322e+02 1.060e+02
s>                ( QUESTION0_0_R 1 5.272e+02 8.599e+01 4.700e+01
s>                    ( - 3.319e+02 1 0)
s>                    ( - 1.093e+02 1 0))
s>                ( QUESTION0_0_R 1 8.183e+02 5.145e+01 5.900e+01
s>                    ( - 7.691e+01 1 0)
s>                    ( - 6.899e+02 2 0 QUESTION4 -1 2.547e+01 5.100e+01)))))INFO: dtree.c(1315): Comp split 2
INFO: dtree.c(1439): stop. leaf nodes are specific
INFO: dtree.c(1478): Final simple tree
|( WDBNDRY_E 0 1.691e+03 3.264e+02 1.078e+02
|    ( - 6.220e+02 1 0)
|    ( - 7.429e+02 1 0))
s>    ( WDBNDRY_E 0 1.691e+03 3.264e+02 1.078e+02
s>        ( - 6.220e+02 1 0)
s>        ( - 7.429e+02 1 0))INFO: dtree.c(1478): Final simple tree
|( QUESTION2_4_L -1 6.082e+03 3.245e+02 3.077e+02
|    ( QUESTION0_0_R 1 1.468e+03 1.978e+02 8.339e+01
|        ( - 8.748e+02 2 0 QUESTION2_9_L -1 4.227e+01 5.839e+01)
|        ( QUESTION5 1 3.954e+02 8.249e+01 2.500e+01
|            ( - 1.953e+02 2 0 WDBNDRY_E 0 1.799e+01 1.500e+01)
|            ( - 1.176e+02 5 0 QUESTION2 1 3.317e+01 1.000e+01)))
|    ( QUESTION0_1_R 1 4.289e+03 2.301e+02 2.243e+02
|        ( - 2.908e+03 3 0)
|        ( QUESTION5 1 1.151e+03 1.652e+02 6.500e+01
|            ( QUESTION0_0_R 1 3.665e+02 7.135e+01 2.600e+01
|                ( - 1.876e+02 1 0)
|                ( - 1.075e+02 1 0))
|            ( QUESTION0 -1 6.192e+02 8.599e+01 3.900e+01
|                ( - 3.075e+02 3 0 WDBNDRY_B 0 2.106e+01 2.200e+01)
|                ( - 2.257e+02 3 0 SILENCE 1 6.113e+01 1.700e+01)))))
s>    ( QUESTION2_4_L -1 6.082e+03 3.245e+02 3.077e+02
s>        ( QUESTION0_0_R 1 1.468e+03 1.978e+02 8.339e+01
s>            ( - 8.748e+02 2 0 QUESTION2_9_L -1 4.227e+01 5.839e+01)
s>            ( QUESTION5 1 3.954e+02 8.249e+01 2.500e+01
s>                ( - 1.953e+02 2 0 WDBNDRY_E 0 1.799e+01 1.500e+01)
s>                ( - 1.176e+02 5 0 QUESTION2 1 3.317e+01 1.000e+01)))
s>        ( QUESTION0_1_R 1 4.289e+03 2.301e+02 2.243e+02
s>            ( - 2.908e+03 3 0)
s>            ( QUESTION5 1 1.151e+03 1.652e+02 6.500e+01
s>                ( QUESTION0_0_R 1 3.665e+02 7.135e+01 2.600e+01
s>                    ( - 1.876e+02 1 0)
s>                    ( - 1.075e+02 1 0))
s>                ( QUESTION0 -1 6.192e+02 8.599e+01 3.900e+01
s>                    ( - 3.075e+02 3 0 WDBNDRY_B 0 2.106e+01 2.200e+01)
s>                    ( - 2.257e+02 3 0 SILENCE 1 6.113e+01 1.700e+01)))))INFO: dtree.c(1315): Comp split 3
INFO: dtree.c(1439): stop. leaf nodes are specific
INFO: dtree.c(1478): Final simple tree
|( QUESTION1 -1 6.025e+03 2.820e+02 3.363e+02
|    ( - 3.850e+03 2 0)
|    ( QUESTION0_0_R 1 1.892e+03 1.540e+02 1.150e+02
|        ( - 1.421e+03 1 0)
|        ( - 3.166e+02 1 0)))
s>    ( QUESTION1 -1 6.025e+03 2.820e+02 3.363e+02
s>        ( - 3.850e+03 2 0)
s>        ( QUESTION0_0_R 1 1.892e+03 1.540e+02 1.150e+02
s>            ( - 1.421e+03 1 0)
s>            ( - 3.166e+02 1 0)))INFO: dtree.c(1439): stop. leaf nodes are specific
INFO: dtree.c(1478): Final simple tree
|( QUESTION0_0_R 1 4.795e+03 2.851e+02 2.543e+02
|    ( - 1.573e+03 1 0)
|    ( QUESTION1 -1 2.937e+03 6.400e+01 1.596e+02
|        ( - 2.845e+03 2 0)
|        ( - 2.800e+01 1 0)))
s>    ( QUESTION0_0_R 1 4.795e+03 2.851e+02 2.543e+02
s>        ( - 1.573e+03 1 0)
s>        ( QUESTION1 -1 2.937e+03 6.400e+01 1.596e+02
s>            ( - 2.845e+03 2 0)
s>            ( - 2.800e+01 1 0)))INFO: dtree.c(1315): Comp split 4
INFO: dtree.c(1478): Final simple tree
|( QUESTION0_1_R 1 1.792e+03 2.248e+02 9.939e+01
|    ( QUESTION2_9_L -1 8.748e+02 4.227e+01 5.839e+01
|        ( - 3.732e+01 1 0)
|        ( - 7.952e+02 1 0))
|    ( QUESTION4 -1 6.927e+02 1.105e+02 4.100e+01
|        ( QUESTION5 1 3.530e+02 7.497e+01 2.300e+01
|            ( WDBNDRY_E 0 1.953e+02 1.799e+01 1.500e+01
|                ( - 0.000e+00 1 0)
|                ( - 1.773e+02 1 0))
|            ( QUESTION2 1 8.274e+01 2.552e+01 8.000e+00
|                ( - 1.278e+01 1 0)
|                ( - 4.444e+01 3 0 QUESTION0 1 1.751e+01 5.000e+00)))
|        ( WDBNDRY_B 0 2.293e+02 3.365e+01 1.800e+01
|            ( - 8.000e+00 1 0)
|            ( - 1.876e+02 1 0))))
s>    ( QUESTION0_1_R 1 1.792e+03 2.248e+02 9.939e+01
s>        ( QUESTION2_9_L -1 8.748e+02 4.227e+01 5.839e+01
s>            ( - 3.732e+01 1 0)
s>            ( - 7.952e+02 1 0))
s>        ( QUESTION4 -1 6.927e+02 1.105e+02 4.100e+01
s>            ( QUESTION5 1 3.530e+02 7.497e+01 2.300e+01
s>                ( WDBNDRY_E 0 1.953e+02 1.799e+01 1.500e+01
s>                    ( - 0.000e+00 1 0)
s>                    ( - 1.773e+02 1 0))
s>                ( QUESTION2 1 8.274e+01 2.552e+01 8.000e+00
s>                    ( - 1.278e+01 1 0)
s>                    ( - 4.444e+01 3 0 QUESTION0 1 1.751e+01 5.000e+00)))
s>            ( WDBNDRY_B 0 2.293e+02 3.365e+01 1.800e+01
s>                ( - 8.000e+00 1 0)
s>                ( - 1.876e+02 1 0))))INFO: dtree.c(1439): stop. leaf nodes are specific
INFO: dtree.c(1478): Final simple tree
|( QUESTION0_0_R 1 3.945e+03 2.209e+02 2.083e+02
|    ( - 2.908e+03 3 0)
|    ( QUESTION0 -1 8.161e+02 1.085e+02 4.900e+01
|        ( WDBNDRY_B 0 3.075e+02 2.106e+01 2.200e+01
|            ( - 2.804e+02 2 0)
|            ( - 6.000e+00 1 0))
|        ( SILENCE 1 4.001e+02 7.831e+01 2.700e+01
|            ( - 5.628e+01 1 0)
|            ( QUESTION0_10_R 1 2.655e+02 4.965e+01 2.000e+01
|                ( - 1.075e+02 1 0)
|                ( QUESTION0_8_R 1 1.083e+02 2.302e+01 1.000e+01
|                    ( - 7.892e+01 1 0)
|                    ( - 6.394e+00 1 0))))))
s>    ( QUESTION0_0_R 1 3.945e+03 2.209e+02 2.083e+02
s>        ( - 2.908e+03 3 0)
s>        ( QUESTION0 -1 8.161e+02 1.085e+02 4.900e+01
s>            ( WDBNDRY_B 0 3.075e+02 2.106e+01 2.200e+01
s>                ( - 2.804e+02 2 0)
s>                ( - 6.000e+00 1 0))
s>            ( SILENCE 1 4.001e+02 7.831e+01 2.700e+01
s>                ( - 5.628e+01 1 0)
s>                ( QUESTION0_10_R 1 2.655e+02 4.965e+01 2.000e+01
s>                    ( - 1.075e+02 1 0)
s>                    ( QUESTION0_8_R 1 1.083e+02 2.302e+01 1.000e+01
s>                        ( - 7.892e+01 1 0)
s>                        ( - 6.394e+00 1 0))))))INFO: dtree.c(1315): Comp split 5
INFO: dtree.c(1315): Comp split 6
INFO: dtree.c(1439): stop. leaf nodes are specific
INFO: dtree.c(1478): Final simple tree
|( QUESTION2 1 1.309e+03 1.167e+02 8.252e+01
|    ( - 4.387e+02 1 0)
|    ( SILENCE -1 7.537e+02 5.811e+01 5.156e+01
|        ( QUESTION0_0_R 1 6.187e+02 5.510e+01 4.356e+01
|            ( - 5.303e+02 1 0)
|            ( - 3.332e+01 1 0))
|        ( - 7.691e+01 1 0)))
s>    ( QUESTION2 1 1.309e+03 1.167e+02 8.252e+01
s>        ( - 4.387e+02 1 0)
s>        ( SILENCE -1 7.537e+02 5.811e+01 5.156e+01
s>            ( QUESTION0_0_R 1 6.187e+02 5.510e+01 4.356e+01
s>                ( - 5.303e+02 1 0)
s>                ( - 3.332e+01 1 0))
s>            ( - 7.691e+01 1 0)))INFO: dtree.c(1439): stop. leaf nodes are specific
INFO: dtree.c(1478): Final simple tree
|( QUESTION2_5_L -1 3.644e+03 2.214e+02 2.342e+02
|    ( - 2.082e+03 1 0)
|    ( QUESTION0_0_R 1 1.341e+03 1.298e+02 9.800e+01
|        ( - 3.319e+02 1 0)
|        ( QUESTION7 -1 8.789e+02 7.968e+01 6.200e+01
|            ( - 1.093e+02 1 0)
|            ( QUESTION4 -1 6.899e+02 2.547e+01 5.100e+01
|                ( - 6.416e+02 1 0)
|                ( - 2.285e+01 1 0)))))
s>    ( QUESTION2_5_L -1 3.644e+03 2.214e+02 2.342e+02
s>        ( - 2.082e+03 1 0)
s>        ( QUESTION0_0_R 1 1.341e+03 1.298e+02 9.800e+01
s>            ( - 3.319e+02 1 0)
s>            ( QUESTION7 -1 8.789e+02 7.968e+01 6.200e+01
s>                ( - 1.093e+02 1 0)
s>                ( QUESTION4 -1 6.899e+02 2.547e+01 5.100e+01
s>                    ( - 6.416e+02 1 0)
s>                    ( - 2.285e+01 1 0)))))INFO: dtree.c(1315): Comp split 7
INFO: dtree.c(1439): stop. leaf nodes are specific
INFO: dtree.c(1478): Final simple tree
|( QUESTION1 -1 2.937e+03 6.400e+01 1.596e+02
|    ( - 2.845e+03 2 0)
|    ( - 2.800e+01 1 0))
s>    ( QUESTION1 -1 2.937e+03 6.400e+01 1.596e+02
s>        ( - 2.845e+03 2 0)
s>        ( - 2.800e+01 1 0))INFO: dtree.c(1315): Comp split 8
INFO: dtree.c(1439): stop. leaf nodes are specific
INFO: dtree.c(1478): Final simple tree
|( QUESTION0_0_R 1 1.892e+03 1.540e+02 1.150e+02
|    ( - 1.421e+03 1 0)
|    ( - 3.166e+02 1 0))
s>    ( QUESTION0_0_R 1 1.892e+03 1.540e+02 1.150e+02
s>        ( - 1.421e+03 1 0)
s>        ( - 3.166e+02 1 0))INFO: dtree.c(1315): Comp split 9
INFO: dtree.c(1439): stop. leaf nodes are specific
INFO: dtree.c(1478): Final simple tree
|( QUESTION4 -1 1.138e+03 1.166e+02 8.700e+01
|    ( - 6.416e+02 1 0)
|    ( QUESTION0_0_R 1 3.796e+02 2.479e+01 4.000e+01
|        ( - 3.319e+02 1 0)
|        ( - 2.285e+01 1 0)))
s>    ( QUESTION4 -1 1.138e+03 1.166e+02 8.700e+01
s>        ( - 6.416e+02 1 0)
s>        ( QUESTION0_0_R 1 3.796e+02 2.479e+01 4.000e+01
s>            ( - 3.319e+02 1 0)
s>            ( - 2.285e+01 1 0)))INFO: dtree.c(1439): stop. leaf nodes are specific
INFO: dtree.c(1478): Final simple tree
|( QUESTION0_0_R 1 2.263e+03 7.190e+01 1.472e+02
|    ( - 2.082e+03 1 0)
|    ( - 1.093e+02 1 0))
s>    ( QUESTION0_0_R 1 2.263e+03 7.190e+01 1.472e+02
s>        ( - 2.082e+03 1 0)
s>        ( - 1.093e+02 1 0))INFO: dtree.c(1315): Comp split 10
INFO: dtree.c(1439): stop. leaf nodes are specific
INFO: dtree.c(1478): Final simple tree
|( QUESTION2_9_L -1 8.982e+02 4.279e+01 5.939e+01
|    ( - 3.732e+01 1 0)
|    ( WDBNDRY_B 0 8.181e+02 2.290e+01 5.439e+01
|        ( - 7.952e+02 1 0)
|        ( - 0.000e+00 1 0)))
s>    ( QUESTION2_9_L -1 8.982e+02 4.279e+01 5.939e+01
s>        ( - 3.732e+01 1 0)
s>        ( WDBNDRY_B 0 8.181e+02 2.290e+01 5.439e+01
s>            ( - 7.952e+02 1 0)
s>            ( - 0.000e+00 1 0)))INFO: dtree.c(1439): stop. leaf nodes are specific
INFO: dtree.c(1478): Final simple tree
|( QUESTION4 -1 6.690e+02 1.072e+02 4.000e+01
|    ( WDBNDRY_E 0 3.325e+02 7.245e+01 2.200e+01
|        ( QUESTION2 1 8.274e+01 2.552e+01 8.000e+00
|            ( - 1.278e+01 1 0)
|            ( QUESTION0 1 4.444e+01 1.751e+01 5.000e+00
|                ( - 1.892e+01 1 0)
|                ( QUESTION0_8_R 1 8.000e+00 8.000e+00 2.000e+00
|                    ( - 0.000e+00 1 0)
|                    ( - 0.000e+00 1 0))))
|        ( - 1.773e+02 1 0))
|    ( WDBNDRY_B 0 2.293e+02 3.365e+01 1.800e+01
|        ( - 8.000e+00 1 0)
|        ( - 1.876e+02 1 0)))
s>    ( QUESTION4 -1 6.690e+02 1.072e+02 4.000e+01
s>        ( WDBNDRY_E 0 3.325e+02 7.245e+01 2.200e+01
s>            ( QUESTION2 1 8.274e+01 2.552e+01 8.000e+00
s>                ( - 1.278e+01 1 0)
s>                ( QUESTION0 1 4.444e+01 1.751e+01 5.000e+00
s>                    ( - 1.892e+01 1 0)
s>                    ( QUESTION0_8_R 1 8.000e+00 8.000e+00 2.000e+00
s>                        ( - 0.000e+00 1 0)
s>                        ( - 0.000e+00 1 0))))
s>            ( - 1.773e+02 1 0))
s>        ( WDBNDRY_B 0 2.293e+02 3.365e+01 1.800e+01
s>            ( - 8.000e+00 1 0)
s>            ( - 1.876e+02 1 0)))INFO: dtree.c(1315): Comp split 11
INFO: dtree.c(1439): stop. leaf nodes are specific
INFO: dtree.c(1478): Final simple tree
|( WDBNDRY_B 0 3.102e+03 8.645e+01 1.693e+02
|    ( - 2.908e+03 3 0)
|    ( - 1.075e+02 1 0))
s>    ( WDBNDRY_B 0 3.102e+03 8.645e+01 1.693e+02
s>        ( - 2.908e+03 3 0)
s>        ( - 1.075e+02 1 0))INFO: dtree.c(1439): stop. leaf nodes are specific
INFO: dtree.c(1478): Final simple tree
|( QUESTION0 -1 6.192e+02 8.599e+01 3.900e+01
|    ( WDBNDRY_B 0 3.075e+02 2.106e+01 2.200e+01
|        ( - 2.804e+02 2 0)
|        ( - 6.000e+00 1 0))
|    ( SILENCE 1 2.257e+02 6.113e+01 1.700e+01
|        ( - 5.628e+01 1 0)
|        ( QUESTION0_8_R 1 1.083e+02 2.302e+01 1.000e+01
|            ( - 7.892e+01 1 0)
|            ( - 6.394e+00 1 0))))
s>    ( QUESTION0 -1 6.192e+02 8.599e+01 3.900e+01
s>        ( WDBNDRY_B 0 3.075e+02 2.106e+01 2.200e+01
s>            ( - 2.804e+02 2 0)
s>            ( - 6.000e+00 1 0))
s>        ( SILENCE 1 2.257e+02 6.113e+01 1.700e+01
s>            ( - 5.628e+01 1 0)
s>            ( QUESTION0_8_R 1 1.083e+02 2.302e+01 1.000e+01
s>                ( - 7.892e+01 1 0)
s>                ( - 6.394e+00 1 0))))INFO: dtree.c(1315): Comp split 12
INFO: dtree.c(1315): Comp split 13
INFO: dtree.c(1439): stop. leaf nodes are specific
INFO: dtree.c(1478): Final simple tree
|( QUESTION2 1 6.620e+02 8.426e+01 4.396e+01
|    ( - 4.387e+02 1 0)
|    ( SILENCE -1 1.390e+02 2.873e+01 1.300e+01
|        ( - 3.332e+01 1 0)
|        ( - 7.691e+01 1 0)))
s>    ( QUESTION2 1 6.620e+02 8.426e+01 4.396e+01
s>        ( - 4.387e+02 1 0)
s>        ( SILENCE -1 1.390e+02 2.873e+01 1.300e+01
s>            ( - 3.332e+01 1 0)
s>            ( - 7.691e+01 1 0)))INFO: dtree.c(1315): Comp split 14
INFO: dtree.c(1439): stop. leaf nodes are specific
INFO: dtree.c(1478): Final simple tree
|( QUESTION0_0_R 1 3.796e+02 2.479e+01 4.000e+01
|    ( - 3.319e+02 1 0)
|    ( - 2.285e+01 1 0))
s>    ( QUESTION0_0_R 1 3.796e+02 2.479e+01 4.000e+01
s>        ( - 3.319e+02 1 0)
s>        ( - 2.285e+01 1 0))INFO: dtree.c(1315): Comp split 15
INFO: dtree.c(1439): stop. leaf nodes are specific
INFO: dtree.c(1478): Final simple tree
|( WDBNDRY_I 0 2.500e+02 4.266e+01 1.800e+01
|    ( - 1.773e+02 1 0)
|    ( WDBNDRY_B 0 3.010e+01 1.410e+01 4.000e+00
|        ( - 8.000e+00 1 0)
|        ( QUESTION0_8_R 1 8.000e+00 8.000e+00 2.000e+00
|            ( - 0.000e+00 1 0)
|            ( - 0.000e+00 1 0))))
s>    ( WDBNDRY_I 0 2.500e+02 4.266e+01 1.800e+01
s>        ( - 1.773e+02 1 0)
s>        ( WDBNDRY_B 0 3.010e+01 1.410e+01 4.000e+00
s>            ( - 8.000e+00 1 0)
s>            ( QUESTION0_8_R 1 8.000e+00 8.000e+00 2.000e+00
s>                ( - 0.000e+00 1 0)
s>                ( - 0.000e+00 1 0))))INFO: dtree.c(1439): stop. leaf nodes are specific
INFO: dtree.c(1478): Final simple tree
|( QUESTION0_0_R 1 3.067e+02 6.827e+01 2.200e+01
|    ( - 1.876e+02 1 0)
|    ( QUESTION1 1 5.077e+01 1.906e+01 6.000e+00
|        ( - 1.892e+01 1 0)
|        ( - 1.278e+01 1 0)))
s>    ( QUESTION0_0_R 1 3.067e+02 6.827e+01 2.200e+01
s>        ( - 1.876e+02 1 0)
s>        ( QUESTION1 1 5.077e+01 1.906e+01 6.000e+00
s>            ( - 1.892e+01 1 0)
s>            ( - 1.278e+01 1 0)))INFO: dtree.c(1315): Comp split 16
INFO: dtree.c(1439): stop. leaf nodes are specific
INFO: dtree.c(1478): Final simple tree
|( WDBNDRY_B 0 3.420e+02 3.522e+01 2.400e+01
|    ( - 2.804e+02 2 0)
|    ( QUESTION0 -1 2.642e+01 1.403e+01 4.000e+00
|        ( - 6.000e+00 1 0)
|        ( - 6.394e+00 1 0)))
s>    ( WDBNDRY_B 0 3.420e+02 3.522e+01 2.400e+01
s>        ( - 2.804e+02 2 0)
s>        ( QUESTION0 -1 2.642e+01 1.403e+01 4.000e+00
s>            ( - 6.000e+00 1 0)
s>            ( - 6.394e+00 1 0)))INFO: dtree.c(1439): stop. leaf nodes are specific
INFO: dtree.c(1478): Final simple tree
|( SILENCE 1 1.898e+02 5.460e+01 1.500e+01
|    ( - 5.628e+01 1 0)
|    ( - 7.892e+01 1 0))
s>    ( SILENCE 1 1.898e+02 5.460e+01 1.500e+01
s>        ( - 5.628e+01 1 0)
s>        ( - 7.892e+01 1 0))INFO: dtree.c(1315): Comp split 17
INFO: dtree.c(1315): Comp split 18
INFO: dtree.c(1439): stop. leaf nodes are specific
INFO: dtree.c(1478): Final simple tree
|( SILENCE -1 1.390e+02 2.873e+01 1.300e+01
|    ( - 3.332e+01 1 0)
|    ( - 7.691e+01 1 0))
s>    ( SILENCE -1 1.390e+02 2.873e+01 1.300e+01
s>        ( - 3.332e+01 1 0)
s>        ( - 7.691e+01 1 0))INFO: dtree.c(1315): Comp split 19
INFO: dtree.c(1315): Comp split 20
INFO: dtree.c(1439): stop. leaf nodes are specific
INFO: dtree.c(1478): Final simple tree
|( QUESTION1 1 5.077e+01 1.906e+01 6.000e+00
|    ( - 1.892e+01 1 0)
|    ( - 1.278e+01 1 0))
s>    ( QUESTION1 1 5.077e+01 1.906e+01 6.000e+00
s>        ( - 1.892e+01 1 0)
s>        ( - 1.278e+01 1 0))INFO: dtree.c(1315): Comp split 21
INFO: dtree.c(1315): Comp split 22
INFO: dtree.c(1315): Comp split 23
INFO: dtree.c(1439): stop. leaf nodes are specific
INFO: dtree.c(1478): Final simple tree
|( WDBNDRY_B 0 5.280e+01 1.548e+01 6.000e+00
|    ( - 3.732e+01 1 0)
|    ( - 0.000e+00 1 0))
s>    ( WDBNDRY_B 0 5.280e+01 1.548e+01 6.000e+00
s>        ( - 3.732e+01 1 0)
s>        ( - 0.000e+00 1 0))INFO: dtree.c(1315): Comp split 24
INFO: dtree.c(1439): stop. leaf nodes are specific
INFO: dtree.c(1478): Final simple tree
|( WDBNDRY_B 0 3.010e+01 1.410e+01 4.000e+00
|    ( - 8.000e+00 1 0)
|    ( QUESTION0_8_R 1 8.000e+00 8.000e+00 2.000e+00
|        ( - 0.000e+00 1 0)
|        ( - 0.000e+00 1 0)))
s>    ( WDBNDRY_B 0 3.010e+01 1.410e+01 4.000e+00
s>        ( - 8.000e+00 1 0)
s>        ( QUESTION0_8_R 1 8.000e+00 8.000e+00 2.000e+00
s>            ( - 0.000e+00 1 0)
s>            ( - 0.000e+00 1 0)))INFO: dtree.c(1315): Comp split 25
INFO: dtree.c(1439): stop. leaf nodes are specific
INFO: dtree.c(1478): Final simple tree
|( QUESTION0 -1 2.642e+01 1.403e+01 4.000e+00
|    ( - 6.000e+00 1 0)
|    ( - 6.394e+00 1 0))
s>    ( QUESTION0 -1 2.642e+01 1.403e+01 4.000e+00
s>        ( - 6.000e+00 1 0)
s>        ( - 6.394e+00 1 0))INFO: dtree.c(1315): Comp split 26
INFO: dtree.c(1315): Comp split 27
INFO: dtree.c(1315): Comp split 28
INFO: dtree.c(1315): Comp split 29
INFO: dtree.c(1315): Comp split 30
INFO: dtree.c(1439): stop. leaf nodes are specific
INFO: dtree.c(1478): Final simple tree
|( QUESTION0_8_R 1 8.000e+00 8.000e+00 2.000e+00
|    ( - 0.000e+00 1 0)
|    ( - 0.000e+00 1 0))
s>    ( QUESTION0_8_R 1 8.000e+00 8.000e+00 2.000e+00
s>        ( - 0.000e+00 1 0)
s>        ( - 0.000e+00 1 0))INFO: dtree.c(1315): Comp split 31
INFO: dtree.c(1315): Comp split 32
INFO: dtree.c(1315): Comp split 33
INFO: dtree.c(1318): stop. leaf nodes are specific
Mon May 23 22:39:47 2022
