Current configuration:
[NAME]		[DEFLT]	[VALUE]
-allphones	no	no
-cntthresh	0.00001	1.000000e-05
-csplitmax	100	2000
-csplitmin	1	1
-csplitthr	8e-4	0.000000e+00
-example	no	no
-fullvar	no	no
-help		no	no
-meanfn			
-mixwfn			/home/rakha/Kuliah/Semester8/nlp/speech-sphinx/train-new-model/an4-master/model_parameters/an4.cd_ptm_untied/mixture_weights
-moddeffn		/home/rakha/Kuliah/Semester8/nlp/speech-sphinx/train-new-model/an4-master/model_architecture/an4.untied.mdef
-mwfloor	1e-4	1.000000e-08
-phone			W
-psetfn			/home/rakha/Kuliah/Semester8/nlp/speech-sphinx/train-new-model/an4-master/model_architecture/an4.tree_questions
-ssplitmax	5	7
-ssplitmin	1	1
-ssplitthr	8e-4	0.000000e+00
-state			0
-stwt			1.0,0.05,0.0,
-treefn			/home/rakha/Kuliah/Semester8/nlp/speech-sphinx/train-new-model/an4-master/trees/an4.unpruned/W-0.dtree
-ts2cbfn	.semi.	.semi.
-varfloor	0.00001	1.000000e-05
-varfn			

INFO: main.c(223): Reading: /home/rakha/Kuliah/Semester8/nlp/speech-sphinx/train-new-model/an4-master/model_architecture/an4.untied.mdef
INFO: model_def_io.c(573): Model definition info:
INFO: model_def_io.c(574): 1618 total models defined (34 base, 1584 tri)
INFO: model_def_io.c(575): 6472 total states
INFO: model_def_io.c(576): 4854 total tied states
INFO: model_def_io.c(577): 102 total tied CI states
INFO: model_def_io.c(578): 34 total tied transition matrices
INFO: model_def_io.c(579): 4 max state/model
INFO: model_def_io.c(580): 4 min state/model
INFO: main.c(242): Building trees for [W AH AY b] through [W UW AY b]
INFO: main.c(269): Covering states |[4671 4724]| == 54
INFO: main.c(275): Reading: /home/rakha/Kuliah/Semester8/nlp/speech-sphinx/train-new-model/an4-master/model_parameters/an4.cd_ptm_untied/mixture_weights
INFO: s3mixw_io.c(173): Read /home/rakha/Kuliah/Semester8/nlp/speech-sphinx/train-new-model/an4-master/model_parameters/an4.cd_ptm_untied/mixture_weights [54x4x64 array]
INFO: main.c(311): 18 of 18 models have observation count greater than 0.000010
INFO: main.c(95): nrm stwt: 0.952 0.048 0.000 
INFO: main.c(411): 18-class entropy: 3.015498e+04
INFO: main.c(549): Reading: /home/rakha/Kuliah/Semester8/nlp/speech-sphinx/train-new-model/an4-master/model_architecture/an4.tree_questions
INFO: main.c(588): 180 total simple questions (172 phone; 8 word bndry)
INFO: main.c(590): 42 Left Only questions, and 42 Right Only questions
INFO: dtree.c(1478): Final simple tree
|( QUESTION0_8_R 1 3.833e+04 3.344e+03 1.840e+03
|    ( - 1.264e+04 1 0)
|    ( QUESTION7 -1 2.234e+04 1.677e+03 1.100e+03
|        ( - 5.850e+03 2 0 WDBNDRY_B 0 1.565e+02 3.408e+02)
|        ( QUESTION0 -1 1.482e+04 5.239e+02 7.595e+02
|            ( QUESTION1 -1 9.998e+03 3.620e+02 5.205e+02
|                ( - 4.711e+03 2 0)
|                ( QUESTION2_0_L -1 4.925e+03 3.827e+02 2.587e+02
|                    ( - 2.553e+03 3 0)
|                    ( - 1.989e+03 3 0 QUESTION2_12_L -1 1.440e+02 1.120e+02)))
|            ( QUESTION16 -1 4.295e+03 2.618e+02 2.390e+02
|                ( - 1.496e+03 2 0 QUESTION2_9_L -1 1.587e+02 9.701e+01)
|                ( QUESTION4 -1 2.538e+03 2.112e+02 1.420e+02
|                    ( - 1.366e+03 3 0 QUESTION2_1_L -1 1.463e+02 8.200e+01)
|                    ( - 9.600e+02 2 0 SILENCE -1 1.344e+02 6.000e+01))))))
s>    ( QUESTION0_8_R 1 3.833e+04 3.344e+03 1.840e+03
s>        ( - 1.264e+04 1 0)
s>        ( QUESTION7 -1 2.234e+04 1.677e+03 1.100e+03
s>            ( - 5.850e+03 2 0 WDBNDRY_B 0 1.565e+02 3.408e+02)
s>            ( QUESTION0 -1 1.482e+04 5.239e+02 7.595e+02
s>                ( QUESTION1 -1 9.998e+03 3.620e+02 5.205e+02
s>                    ( - 4.711e+03 2 0)
s>                    ( QUESTION2_0_L -1 4.925e+03 3.827e+02 2.587e+02
s>                        ( - 2.553e+03 3 0)
s>                        ( - 1.989e+03 3 0 QUESTION2_12_L -1 1.440e+02 1.120e+02)))
s>                ( QUESTION16 -1 4.295e+03 2.618e+02 2.390e+02
s>                    ( - 1.496e+03 2 0 QUESTION2_9_L -1 1.587e+02 9.701e+01)
s>                    ( QUESTION4 -1 2.538e+03 2.112e+02 1.420e+02
s>                        ( - 1.366e+03 3 0 QUESTION2_1_L -1 1.463e+02 8.200e+01)
s>                        ( - 9.600e+02 2 0 SILENCE -1 1.344e+02 6.000e+01))))))INFO: dtree.c(1315): Comp split 0
INFO: dtree.c(1478): Final simple tree
|( QUESTION7 -1 2.234e+04 1.677e+03 1.100e+03
|    ( - 5.850e+03 2 0 WDBNDRY_B 0 1.565e+02 3.408e+02)
|    ( QUESTION0 -1 1.482e+04 5.239e+02 7.595e+02
|        ( QUESTION1 -1 9.998e+03 3.620e+02 5.205e+02
|            ( - 4.711e+03 2 0)
|            ( QUESTION2_0_L -1 4.925e+03 3.827e+02 2.587e+02
|                ( - 2.553e+03 3 0)
|                ( - 1.989e+03 3 0 QUESTION2_12_L -1 1.440e+02 1.120e+02)))
|        ( QUESTION16 -1 4.295e+03 2.618e+02 2.390e+02
|            ( QUESTION2_9_L -1 1.496e+03 1.587e+02 9.701e+01
|                ( - 3.410e+02 1 0)
|                ( - 9.964e+02 1 0))
|            ( QUESTION4 -1 2.538e+03 2.112e+02 1.420e+02
|                ( - 1.366e+03 3 0 QUESTION2_1_L -1 1.463e+02 8.200e+01)
|                ( - 9.600e+02 2 0 SILENCE -1 1.344e+02 6.000e+01)))))
s>    ( QUESTION7 -1 2.234e+04 1.677e+03 1.100e+03
s>        ( - 5.850e+03 2 0 WDBNDRY_B 0 1.565e+02 3.408e+02)
s>        ( QUESTION0 -1 1.482e+04 5.239e+02 7.595e+02
s>            ( QUESTION1 -1 9.998e+03 3.620e+02 5.205e+02
s>                ( - 4.711e+03 2 0)
s>                ( QUESTION2_0_L -1 4.925e+03 3.827e+02 2.587e+02
s>                    ( - 2.553e+03 3 0)
s>                    ( - 1.989e+03 3 0 QUESTION2_12_L -1 1.440e+02 1.120e+02)))
s>            ( QUESTION16 -1 4.295e+03 2.618e+02 2.390e+02
s>                ( QUESTION2_9_L -1 1.496e+03 1.587e+02 9.701e+01
s>                    ( - 3.410e+02 1 0)
s>                    ( - 9.964e+02 1 0))
s>                ( QUESTION4 -1 2.538e+03 2.112e+02 1.420e+02
s>                    ( - 1.366e+03 3 0 QUESTION2_1_L -1 1.463e+02 8.200e+01)
s>                    ( - 9.600e+02 2 0 SILENCE -1 1.344e+02 6.000e+01)))))INFO: dtree.c(1315): Comp split 1
INFO: dtree.c(1478): Final simple tree
|( QUESTION0 -1 1.482e+04 5.239e+02 7.595e+02
|    ( QUESTION1 -1 9.998e+03 3.620e+02 5.205e+02
|        ( - 4.711e+03 2 0)
|        ( QUESTION2_0_L -1 4.925e+03 3.827e+02 2.587e+02
|            ( - 2.553e+03 3 0)
|            ( - 1.989e+03 3 0 QUESTION2_12_L -1 1.440e+02 1.120e+02)))
|    ( QUESTION16 -1 4.295e+03 2.618e+02 2.390e+02
|        ( QUESTION2_9_L -1 1.496e+03 1.587e+02 9.701e+01
|            ( - 3.410e+02 1 0)
|            ( - 9.964e+02 1 0))
|        ( QUESTION4 -1 2.538e+03 2.112e+02 1.420e+02
|            ( QUESTION2_1_L -1 1.366e+03 1.463e+02 8.200e+01
|                ( - 8.066e+02 2 0)
|                ( - 4.134e+02 1 0))
|            ( - 9.600e+02 2 0 SILENCE -1 1.344e+02 6.000e+01))))
s>    ( QUESTION0 -1 1.482e+04 5.239e+02 7.595e+02
s>        ( QUESTION1 -1 9.998e+03 3.620e+02 5.205e+02
s>            ( - 4.711e+03 2 0)
s>            ( QUESTION2_0_L -1 4.925e+03 3.827e+02 2.587e+02
s>                ( - 2.553e+03 3 0)
s>                ( - 1.989e+03 3 0 QUESTION2_12_L -1 1.440e+02 1.120e+02)))
s>        ( QUESTION16 -1 4.295e+03 2.618e+02 2.390e+02
s>            ( QUESTION2_9_L -1 1.496e+03 1.587e+02 9.701e+01
s>                ( - 3.410e+02 1 0)
s>                ( - 9.964e+02 1 0))
s>            ( QUESTION4 -1 2.538e+03 2.112e+02 1.420e+02
s>                ( QUESTION2_1_L -1 1.366e+03 1.463e+02 8.200e+01
s>                    ( - 8.066e+02 2 0)
s>                    ( - 4.134e+02 1 0))
s>                ( - 9.600e+02 2 0 SILENCE -1 1.344e+02 6.000e+01))))INFO: dtree.c(1439): stop. leaf nodes are specific
INFO: dtree.c(1478): Final simple tree
|( WDBNDRY_B 0 5.850e+03 1.565e+02 3.408e+02
|    ( - 1.935e+02 1 0)
|    ( - 5.500e+03 1 0))
s>    ( WDBNDRY_B 0 5.850e+03 1.565e+02 3.408e+02
s>        ( - 1.935e+02 1 0)
s>        ( - 5.500e+03 1 0))INFO: dtree.c(1315): Comp split 2
INFO: dtree.c(1439): stop. leaf nodes are specific
INFO: dtree.c(1478): Final simple tree
|( QUESTION2_4_L -1 7.164e+03 3.293e+02 3.857e+02
|    ( QUESTION16 -1 2.755e+03 2.103e+02 1.610e+02
|        ( QUESTION2_9_L -1 1.496e+03 1.587e+02 9.701e+01
|            ( - 3.410e+02 1 0)
|            ( - 9.964e+02 1 0))
|        ( QUESTION4 -1 1.049e+03 1.491e+02 6.400e+01
|            ( - 4.134e+02 1 0)
|            ( - 4.861e+02 1 0)))
|    ( QUESTION0 -1 4.080e+03 2.171e+02 2.247e+02
|        ( - 2.553e+03 3 0)
|        ( SILENCE -1 1.309e+03 1.632e+02 7.800e+01
|            ( - 3.395e+02 1 0)
|            ( - 8.066e+02 2 0))))
s>    ( QUESTION2_4_L -1 7.164e+03 3.293e+02 3.857e+02
s>        ( QUESTION16 -1 2.755e+03 2.103e+02 1.610e+02
s>            ( QUESTION2_9_L -1 1.496e+03 1.587e+02 9.701e+01
s>                ( - 3.410e+02 1 0)
s>                ( - 9.964e+02 1 0))
s>            ( QUESTION4 -1 1.049e+03 1.491e+02 6.400e+01
s>                ( - 4.134e+02 1 0)
s>                ( - 4.861e+02 1 0)))
s>        ( QUESTION0 -1 4.080e+03 2.171e+02 2.247e+02
s>            ( - 2.553e+03 3 0)
s>            ( SILENCE -1 1.309e+03 1.632e+02 7.800e+01
s>                ( - 3.395e+02 1 0)
s>                ( - 8.066e+02 2 0))))INFO: dtree.c(1439): stop. leaf nodes are specific
INFO: dtree.c(1478): Final simple tree
|( QUESTION1 -1 6.955e+03 2.551e+02 3.738e+02
|    ( - 4.711e+03 2 0)
|    ( QUESTION2_12_L -1 1.989e+03 1.440e+02 1.120e+02
|        ( - 2.732e+02 1 0)
|        ( WDBNDRY_B 0 1.571e+03 7.154e+01 9.000e+01
|            ( - 1.453e+03 1 0)
|            ( - 4.660e+01 1 0))))
s>    ( QUESTION1 -1 6.955e+03 2.551e+02 3.738e+02
s>        ( - 4.711e+03 2 0)
s>        ( QUESTION2_12_L -1 1.989e+03 1.440e+02 1.120e+02
s>            ( - 2.732e+02 1 0)
s>            ( WDBNDRY_B 0 1.571e+03 7.154e+01 9.000e+01
s>                ( - 1.453e+03 1 0)
s>                ( - 4.660e+01 1 0))))INFO: dtree.c(1315): Comp split 3
INFO: dtree.c(1439): stop. leaf nodes are specific
INFO: dtree.c(1478): Final simple tree
|( QUESTION0 -1 4.739e+03 2.382e+02 2.587e+02
|    ( - 2.553e+03 3 0)
|    ( QUESTION4 -1 1.947e+03 1.808e+02 1.120e+02
|        ( - 8.066e+02 2 0)
|        ( SILENCE -1 9.600e+02 1.344e+02 6.000e+01
|            ( - 3.395e+02 1 0)
|            ( - 4.861e+02 1 0))))
s>    ( QUESTION0 -1 4.739e+03 2.382e+02 2.587e+02
s>        ( - 2.553e+03 3 0)
s>        ( QUESTION4 -1 1.947e+03 1.808e+02 1.120e+02
s>            ( - 8.066e+02 2 0)
s>            ( SILENCE -1 9.600e+02 1.344e+02 6.000e+01
s>                ( - 3.395e+02 1 0)
s>                ( - 4.861e+02 1 0))))INFO: dtree.c(1439): stop. leaf nodes are specific
INFO: dtree.c(1478): Final simple tree
|( QUESTION4 -1 2.080e+03 1.708e+02 1.270e+02
|    ( - 4.134e+02 1 0)
|    ( QUESTION2_9_L -1 1.496e+03 1.587e+02 9.701e+01
|        ( - 3.410e+02 1 0)
|        ( - 9.964e+02 1 0)))
s>    ( QUESTION4 -1 2.080e+03 1.708e+02 1.270e+02
s>        ( - 4.134e+02 1 0)
s>        ( QUESTION2_9_L -1 1.496e+03 1.587e+02 9.701e+01
s>            ( - 3.410e+02 1 0)
s>            ( - 9.964e+02 1 0)))INFO: dtree.c(1315): Comp split 4
INFO: dtree.c(1439): stop. leaf nodes are specific
INFO: dtree.c(1478): Final simple tree
|( QUESTION2_12_L -1 1.865e+03 1.389e+02 1.060e+02
|    ( - 2.732e+02 1 0)
|    ( - 1.453e+03 1 0))
s>    ( QUESTION2_12_L -1 1.865e+03 1.389e+02 1.060e+02
s>        ( - 2.732e+02 1 0)
s>        ( - 1.453e+03 1 0))INFO: dtree.c(1439): stop. leaf nodes are specific
INFO: dtree.c(1478): Final simple tree
|( WDBNDRY_B 0 4.828e+03 7.030e+01 2.678e+02
|    ( - 4.711e+03 2 0)
|    ( - 4.660e+01 1 0))
s>    ( WDBNDRY_B 0 4.828e+03 7.030e+01 2.678e+02
s>        ( - 4.711e+03 2 0)
s>        ( - 4.660e+01 1 0))INFO: dtree.c(1315): Comp split 5
INFO: dtree.c(1439): stop. leaf nodes are specific
INFO: dtree.c(1478): Final simple tree
|( QUESTION4 -1 1.947e+03 1.808e+02 1.120e+02
|    ( - 8.066e+02 2 0)
|    ( SILENCE -1 9.600e+02 1.344e+02 6.000e+01
|        ( - 3.395e+02 1 0)
|        ( - 4.861e+02 1 0)))
s>    ( QUESTION4 -1 1.947e+03 1.808e+02 1.120e+02
s>        ( - 8.066e+02 2 0)
s>        ( SILENCE -1 9.600e+02 1.344e+02 6.000e+01
s>            ( - 3.395e+02 1 0)
s>            ( - 4.861e+02 1 0)))INFO: dtree.c(1315): Comp split 6
INFO: dtree.c(1439): stop. leaf nodes are specific
INFO: dtree.c(1478): Final simple tree
|( QUESTION4 -1 8.740e+02 1.196e+02 5.700e+01
|    ( - 4.134e+02 1 0)
|    ( - 3.410e+02 1 0))
s>    ( QUESTION4 -1 8.740e+02 1.196e+02 5.700e+01
s>        ( - 4.134e+02 1 0)
s>        ( - 3.410e+02 1 0))INFO: dtree.c(1315): Comp split 7
INFO: dtree.c(1439): stop. leaf nodes are specific
INFO: dtree.c(1478): Final simple tree
|( SILENCE -1 9.600e+02 1.344e+02 6.000e+01
|    ( - 3.395e+02 1 0)
|    ( - 4.861e+02 1 0))
s>    ( SILENCE -1 9.600e+02 1.344e+02 6.000e+01
s>        ( - 3.395e+02 1 0)
s>        ( - 4.861e+02 1 0))INFO: dtree.c(1315): Comp split 8
INFO: dtree.c(1315): Comp split 9
INFO: dtree.c(1315): Comp split 10
INFO: dtree.c(1315): Comp split 11
INFO: dtree.c(1315): Comp split 12
INFO: dtree.c(1315): Comp split 13
INFO: dtree.c(1318): stop. leaf nodes are specific
Mon May 23 22:39:54 2022
