Current configuration:
[NAME]		[DEFLT]	[VALUE]
-allphones	no	no
-cntthresh	0.00001	1.000000e-05
-csplitmax	100	2000
-csplitmin	1	1
-csplitthr	8e-4	0.000000e+00
-example	no	no
-fullvar	no	no
-help		no	no
-meanfn			
-mixwfn			/home/rakha/Kuliah/Semester8/nlp/speech-sphinx/train-new-model/an4-master/model_parameters/an4.cd_ptm_untied/mixture_weights
-moddeffn		/home/rakha/Kuliah/Semester8/nlp/speech-sphinx/train-new-model/an4-master/model_architecture/an4.untied.mdef
-mwfloor	1e-4	1.000000e-08
-phone			P
-psetfn			/home/rakha/Kuliah/Semester8/nlp/speech-sphinx/train-new-model/an4-master/model_architecture/an4.tree_questions
-ssplitmax	5	7
-ssplitmin	1	1
-ssplitthr	8e-4	0.000000e+00
-state			2
-stwt			1.0,0.05,0.0,
-treefn			/home/rakha/Kuliah/Semester8/nlp/speech-sphinx/train-new-model/an4-master/trees/an4.unpruned/P-2.dtree
-ts2cbfn	.semi.	.semi.
-varfloor	0.00001	1.000000e-05
-varfn			

INFO: main.c(223): Reading: /home/rakha/Kuliah/Semester8/nlp/speech-sphinx/train-new-model/an4-master/model_architecture/an4.untied.mdef
INFO: model_def_io.c(573): Model definition info:
INFO: model_def_io.c(574): 1618 total models defined (34 base, 1584 tri)
INFO: model_def_io.c(575): 6472 total states
INFO: model_def_io.c(576): 4854 total tied states
INFO: model_def_io.c(577): 102 total tied CI states
INFO: model_def_io.c(578): 34 total tied transition matrices
INFO: model_def_io.c(579): 4 max state/model
INFO: model_def_io.c(580): 4 min state/model
INFO: main.c(242): Building trees for [P AA SIL e] through [P UW IY b]
INFO: main.c(269): Covering states |[3579 3629]| == 51
INFO: main.c(275): Reading: /home/rakha/Kuliah/Semester8/nlp/speech-sphinx/train-new-model/an4-master/model_parameters/an4.cd_ptm_untied/mixture_weights
INFO: s3mixw_io.c(173): Read /home/rakha/Kuliah/Semester8/nlp/speech-sphinx/train-new-model/an4-master/model_parameters/an4.cd_ptm_untied/mixture_weights [51x4x64 array]
INFO: main.c(311): 17 of 17 models have observation count greater than 0.000010
INFO: main.c(95): nrm stwt: 0.000 0.048 0.952 
INFO: main.c(411): 17-class entropy: 1.144622e+04
INFO: main.c(549): Reading: /home/rakha/Kuliah/Semester8/nlp/speech-sphinx/train-new-model/an4-master/model_architecture/an4.tree_questions
INFO: main.c(588): 180 total simple questions (172 phone; 8 word bndry)
INFO: main.c(590): 42 Left Only questions, and 42 Right Only questions
INFO: dtree.c(1478): Final simple tree
|( QUESTION0_1_R 1 1.433e+04 1.029e+03 7.787e+02
|    ( QUESTION2_0_L -1 1.145e+04 4.758e+02 6.614e+02
|        ( QUESTION2_1_L -1 3.820e+03 2.589e+02 2.188e+02
|            ( QUESTION4 -1 7.537e+02 1.125e+02 5.200e+01
|                ( - 1.543e+02 1 0)
|                ( - 4.869e+02 1 0))
|            ( WDBNDRY_B 0 2.808e+03 2.057e+02 1.668e+02
|                ( - 1.083e+03 6 0 QUESTION16 -1 1.077e+02 6.912e+01)
|                ( - 1.519e+03 1 0)))
|        ( SILENCE -1 7.156e+03 1.545e+02 4.426e+02
|            ( - 6.565e+03 1 0)
|            ( - 4.362e+02 2 0 QUESTION2_12_L -1 7.296e+01 3.200e+01)))
|    ( QUESTION2_20_L -1 1.850e+03 1.577e+02 1.174e+02
|        ( - 8.454e+02 1 0)
|        ( - 8.468e+02 4 0 WDBNDRY_E 0 1.067e+02 5.612e+01)))
s>    ( QUESTION0_1_R 1 1.433e+04 1.029e+03 7.787e+02
s>        ( QUESTION2_0_L -1 1.145e+04 4.758e+02 6.614e+02
s>            ( QUESTION2_1_L -1 3.820e+03 2.589e+02 2.188e+02
s>                ( QUESTION4 -1 7.537e+02 1.125e+02 5.200e+01
s>                    ( - 1.543e+02 1 0)
s>                    ( - 4.869e+02 1 0))
s>                ( WDBNDRY_B 0 2.808e+03 2.057e+02 1.668e+02
s>                    ( - 1.083e+03 6 0 QUESTION16 -1 1.077e+02 6.912e+01)
s>                    ( - 1.519e+03 1 0)))
s>            ( SILENCE -1 7.156e+03 1.545e+02 4.426e+02
s>                ( - 6.565e+03 1 0)
s>                ( - 4.362e+02 2 0 QUESTION2_12_L -1 7.296e+01 3.200e+01)))
s>        ( QUESTION2_20_L -1 1.850e+03 1.577e+02 1.174e+02
s>            ( - 8.454e+02 1 0)
s>            ( - 8.468e+02 4 0 WDBNDRY_E 0 1.067e+02 5.612e+01)))INFO: dtree.c(1315): Comp split 0
INFO: dtree.c(1478): Final simple tree
|( QUESTION2_0_L -1 1.145e+04 4.758e+02 6.614e+02
|    ( QUESTION2_1_L -1 3.820e+03 2.589e+02 2.188e+02
|        ( QUESTION4 -1 7.537e+02 1.125e+02 5.200e+01
|            ( - 1.543e+02 1 0)
|            ( - 4.869e+02 1 0))
|        ( WDBNDRY_B 0 2.808e+03 2.057e+02 1.668e+02
|            ( QUESTION16 -1 1.083e+03 1.077e+02 6.912e+01
|                ( - 2.076e+02 1 0)
|                ( - 7.679e+02 5 0 QUESTION1 -1 6.579e+01 5.212e+01))
|            ( - 1.519e+03 1 0)))
|    ( SILENCE -1 7.156e+03 1.545e+02 4.426e+02
|        ( - 6.565e+03 1 0)
|        ( QUESTION2_12_L -1 4.362e+02 7.296e+01 3.200e+01
|            ( - 1.721e+02 1 0)
|            ( - 1.911e+02 1 0))))
s>    ( QUESTION2_0_L -1 1.145e+04 4.758e+02 6.614e+02
s>        ( QUESTION2_1_L -1 3.820e+03 2.589e+02 2.188e+02
s>            ( QUESTION4 -1 7.537e+02 1.125e+02 5.200e+01
s>                ( - 1.543e+02 1 0)
s>                ( - 4.869e+02 1 0))
s>            ( WDBNDRY_B 0 2.808e+03 2.057e+02 1.668e+02
s>                ( QUESTION16 -1 1.083e+03 1.077e+02 6.912e+01
s>                    ( - 2.076e+02 1 0)
s>                    ( - 7.679e+02 5 0 QUESTION1 -1 6.579e+01 5.212e+01))
s>                ( - 1.519e+03 1 0)))
s>        ( SILENCE -1 7.156e+03 1.545e+02 4.426e+02
s>            ( - 6.565e+03 1 0)
s>            ( QUESTION2_12_L -1 4.362e+02 7.296e+01 3.200e+01
s>                ( - 1.721e+02 1 0)
s>                ( - 1.911e+02 1 0))))INFO: dtree.c(1439): stop. leaf nodes are specific
INFO: dtree.c(1478): Final simple tree
|( QUESTION2_20_L -1 1.850e+03 1.577e+02 1.174e+02
|    ( - 8.454e+02 1 0)
|    ( WDBNDRY_E 0 8.468e+02 1.067e+02 5.612e+01
|        ( - 6.547e+02 1 0)
|        ( QUESTION0_9_R 1 8.536e+01 2.007e+01 8.000e+00
|            ( - 5.730e+01 1 0)
|            ( QUESTION0_0_R 1 8.000e+00 8.000e+00 2.000e+00
|                ( - 0.000e+00 1 0)
|                ( - 0.000e+00 1 0)))))
s>    ( QUESTION2_20_L -1 1.850e+03 1.577e+02 1.174e+02
s>        ( - 8.454e+02 1 0)
s>        ( WDBNDRY_E 0 8.468e+02 1.067e+02 5.612e+01
s>            ( - 6.547e+02 1 0)
s>            ( QUESTION0_9_R 1 8.536e+01 2.007e+01 8.000e+00
s>                ( - 5.730e+01 1 0)
s>                ( QUESTION0_0_R 1 8.000e+00 8.000e+00 2.000e+00
s>                    ( - 0.000e+00 1 0)
s>                    ( - 0.000e+00 1 0)))))INFO: dtree.c(1315): Comp split 1
INFO: dtree.c(1439): stop. leaf nodes are specific
INFO: dtree.c(1478): Final simple tree
|( SILENCE -1 7.301e+03 2.489e+02 4.486e+02
|    ( - 6.565e+03 1 0)
|    ( - 4.869e+02 1 0))
s>    ( SILENCE -1 7.301e+03 2.489e+02 4.486e+02
s>        ( - 6.565e+03 1 0)
s>        ( - 4.869e+02 1 0))INFO: dtree.c(1478): Final simple tree
|( WDBNDRY_B 0 3.669e+03 2.155e+02 2.128e+02
|    ( QUESTION2_0_L -1 1.934e+03 1.591e+02 1.151e+02
|        ( QUESTION2_4_L -1 1.339e+03 1.141e+02 8.312e+01
|            ( QUESTION16 -1 4.127e+02 6.079e+01 3.000e+01
|                ( - 2.076e+02 1 0)
|                ( - 1.443e+02 2 0 QUESTION4 -1 3.282e+01 1.300e+01))
|            ( QUESTION0 -1 8.124e+02 8.876e+01 5.312e+01
|                ( QUESTION1 -1 5.693e+02 5.857e+01 3.912e+01
|                    ( - 4.126e+02 1 0)
|                    ( - 9.816e+01 2 0))
|                ( - 1.543e+02 1 0)))
|        ( QUESTION2_12_L -1 4.362e+02 7.296e+01 3.200e+01
|            ( - 1.721e+02 1 0)
|            ( - 1.911e+02 1 0)))
|    ( - 1.519e+03 1 0))
s>    ( WDBNDRY_B 0 3.669e+03 2.155e+02 2.128e+02
s>        ( QUESTION2_0_L -1 1.934e+03 1.591e+02 1.151e+02
s>            ( QUESTION2_4_L -1 1.339e+03 1.141e+02 8.312e+01
s>                ( QUESTION16 -1 4.127e+02 6.079e+01 3.000e+01
s>                    ( - 2.076e+02 1 0)
s>                    ( - 1.443e+02 2 0 QUESTION4 -1 3.282e+01 1.300e+01))
s>                ( QUESTION0 -1 8.124e+02 8.876e+01 5.312e+01
s>                    ( QUESTION1 -1 5.693e+02 5.857e+01 3.912e+01
s>                        ( - 4.126e+02 1 0)
s>                        ( - 9.816e+01 2 0))
s>                    ( - 1.543e+02 1 0)))
s>            ( QUESTION2_12_L -1 4.362e+02 7.296e+01 3.200e+01
s>                ( - 1.721e+02 1 0)
s>                ( - 1.911e+02 1 0)))
s>        ( - 1.519e+03 1 0))INFO: dtree.c(1315): Comp split 2
INFO: dtree.c(1315): Comp split 3
INFO: dtree.c(1439): stop. leaf nodes are specific
INFO: dtree.c(1478): Final simple tree
|( QUESTION2_2_L -1 1.613e+03 1.159e+02 9.812e+01
|    ( QUESTION16 -1 1.083e+03 1.077e+02 6.912e+01
|        ( - 2.076e+02 1 0)
|        ( QUESTION1 -1 7.679e+02 6.579e+01 5.212e+01
|            ( - 4.126e+02 1 0)
|            ( QUESTION0 -1 2.895e+02 4.713e+01 2.300e+01
|                ( - 9.816e+01 2 0)
|                ( QUESTION4 -1 1.443e+02 3.282e+01 1.300e+01
|                    ( - 7.621e+01 1 0)
|                    ( - 3.522e+01 1 0)))))
|    ( QUESTION0 -1 4.137e+02 8.720e+01 2.900e+01
|        ( - 1.721e+02 1 0)
|        ( - 1.543e+02 1 0)))
s>    ( QUESTION2_2_L -1 1.613e+03 1.159e+02 9.812e+01
s>        ( QUESTION16 -1 1.083e+03 1.077e+02 6.912e+01
s>            ( - 2.076e+02 1 0)
s>            ( QUESTION1 -1 7.679e+02 6.579e+01 5.212e+01
s>                ( - 4.126e+02 1 0)
s>                ( QUESTION0 -1 2.895e+02 4.713e+01 2.300e+01
s>                    ( - 9.816e+01 2 0)
s>                    ( QUESTION4 -1 1.443e+02 3.282e+01 1.300e+01
s>                        ( - 7.621e+01 1 0)
s>                        ( - 3.522e+01 1 0)))))
s>        ( QUESTION0 -1 4.137e+02 8.720e+01 2.900e+01
s>            ( - 1.721e+02 1 0)
s>            ( - 1.543e+02 1 0)))INFO: dtree.c(1439): stop. leaf nodes are specific
INFO: dtree.c(1478): Final simple tree
|( WDBNDRY_B 0 1.820e+03 1.097e+02 1.146e+02
|    ( - 1.911e+02 1 0)
|    ( - 1.519e+03 1 0))
s>    ( WDBNDRY_B 0 1.820e+03 1.097e+02 1.146e+02
s>        ( - 1.911e+02 1 0)
s>        ( - 1.519e+03 1 0))INFO: dtree.c(1315): Comp split 4
INFO: dtree.c(1439): stop. leaf nodes are specific
INFO: dtree.c(1478): Final simple tree
|( WDBNDRY_E 0 8.686e+02 2.322e+01 6.226e+01
|    ( - 8.454e+02 1 0)
|    ( - 0.000e+00 1 0))
s>    ( WDBNDRY_E 0 8.686e+02 2.322e+01 6.226e+01
s>        ( - 8.454e+02 1 0)
s>        ( - 0.000e+00 1 0))INFO: dtree.c(1439): stop. leaf nodes are specific
INFO: dtree.c(1478): Final simple tree
|( WDBNDRY_E 0 8.207e+02 9.597e+01 5.512e+01
|    ( - 6.547e+02 1 0)
|    ( QUESTION0_0_R 1 7.001e+01 1.271e+01 7.000e+00
|        ( - 0.000e+00 1 0)
|        ( - 5.730e+01 1 0)))
s>    ( WDBNDRY_E 0 8.207e+02 9.597e+01 5.512e+01
s>        ( - 6.547e+02 1 0)
s>        ( QUESTION0_0_R 1 7.001e+01 1.271e+01 7.000e+00
s>            ( - 0.000e+00 1 0)
s>            ( - 5.730e+01 1 0)))INFO: dtree.c(1315): Comp split 5
INFO: dtree.c(1439): stop. leaf nodes are specific
INFO: dtree.c(1478): Final simple tree
|( QUESTION5 -1 5.729e+02 6.964e+01 4.000e+01
|    ( - 2.076e+02 1 0)
|    ( QUESTION0 -1 2.956e+02 4.729e+01 2.300e+01
|        ( - 1.721e+02 1 0)
|        ( - 7.621e+01 1 0)))
s>    ( QUESTION5 -1 5.729e+02 6.964e+01 4.000e+01
s>        ( - 2.076e+02 1 0)
s>        ( QUESTION0 -1 2.956e+02 4.729e+01 2.300e+01
s>            ( - 1.721e+02 1 0)
s>            ( - 7.621e+01 1 0)))INFO: dtree.c(1439): stop. leaf nodes are specific
INFO: dtree.c(1478): Final simple tree
|( QUESTION4 -1 8.904e+02 9.385e+01 5.812e+01
|    ( - 1.543e+02 1 0)
|    ( QUESTION1 -1 6.423e+02 6.260e+01 4.412e+01
|        ( - 4.126e+02 1 0)
|        ( QUESTION0 -1 1.671e+02 3.369e+01 1.500e+01
|            ( - 9.816e+01 2 0)
|            ( - 3.522e+01 1 0))))
s>    ( QUESTION4 -1 8.904e+02 9.385e+01 5.812e+01
s>        ( - 1.543e+02 1 0)
s>        ( QUESTION1 -1 6.423e+02 6.260e+01 4.412e+01
s>            ( - 4.126e+02 1 0)
s>            ( QUESTION0 -1 1.671e+02 3.369e+01 1.500e+01
s>                ( - 9.816e+01 2 0)
s>                ( - 3.522e+01 1 0))))INFO: dtree.c(1315): Comp split 6
INFO: dtree.c(1315): Comp split 7
INFO: dtree.c(1439): stop. leaf nodes are specific
INFO: dtree.c(1478): Final simple tree
|( QUESTION0_0_R 1 7.001e+01 1.271e+01 7.000e+00
|    ( - 0.000e+00 1 0)
|    ( - 5.730e+01 1 0))
s>    ( QUESTION0_0_R 1 7.001e+01 1.271e+01 7.000e+00
s>        ( - 0.000e+00 1 0)
s>        ( - 5.730e+01 1 0))INFO: dtree.c(1315): Comp split 8
INFO: dtree.c(1439): stop. leaf nodes are specific
INFO: dtree.c(1478): Final simple tree
|( QUESTION1 -1 6.423e+02 6.260e+01 4.412e+01
|    ( - 4.126e+02 1 0)
|    ( QUESTION0 -1 1.671e+02 3.369e+01 1.500e+01
|        ( - 9.816e+01 2 0)
|        ( - 3.522e+01 1 0)))
s>    ( QUESTION1 -1 6.423e+02 6.260e+01 4.412e+01
s>        ( - 4.126e+02 1 0)
s>        ( QUESTION0 -1 1.671e+02 3.369e+01 1.500e+01
s>            ( - 9.816e+01 2 0)
s>            ( - 3.522e+01 1 0)))INFO: dtree.c(1315): Comp split 9
INFO: dtree.c(1439): stop. leaf nodes are specific
INFO: dtree.c(1478): Final simple tree
|( QUESTION0 -1 2.956e+02 4.729e+01 2.300e+01
|    ( - 1.721e+02 1 0)
|    ( - 7.621e+01 1 0))
s>    ( QUESTION0 -1 2.956e+02 4.729e+01 2.300e+01
s>        ( - 1.721e+02 1 0)
s>        ( - 7.621e+01 1 0))INFO: dtree.c(1315): Comp split 10
INFO: dtree.c(1439): stop. leaf nodes are specific
INFO: dtree.c(1478): Final simple tree
|( QUESTION0 -1 1.671e+02 3.369e+01 1.500e+01
|    ( - 9.816e+01 2 0)
|    ( - 3.522e+01 1 0))
s>    ( QUESTION0 -1 1.671e+02 3.369e+01 1.500e+01
s>        ( - 9.816e+01 2 0)
s>        ( - 3.522e+01 1 0))INFO: dtree.c(1315): Comp split 11
INFO: dtree.c(1315): Comp split 12
INFO: dtree.c(1315): Comp split 13
INFO: dtree.c(1315): Comp split 14
INFO: dtree.c(1315): Comp split 15
INFO: dtree.c(1318): stop. leaf nodes are specific
Mon May 23 22:39:53 2022
