Current configuration:
[NAME]		[DEFLT]	[VALUE]
-allphones	no	no
-cntthresh	0.00001	1.000000e-05
-csplitmax	100	2000
-csplitmin	1	1
-csplitthr	8e-4	0.000000e+00
-example	no	no
-fullvar	no	no
-help		no	no
-meanfn			
-mixwfn			/home/rakha/Kuliah/Semester8/nlp/speech-sphinx/train-new-model/an4-master/model_parameters/an4.cd_ptm_untied/mixture_weights
-moddeffn		/home/rakha/Kuliah/Semester8/nlp/speech-sphinx/train-new-model/an4-master/model_architecture/an4.untied.mdef
-mwfloor	1e-4	1.000000e-08
-phone			L
-psetfn			/home/rakha/Kuliah/Semester8/nlp/speech-sphinx/train-new-model/an4-master/model_architecture/an4.tree_questions
-ssplitmax	5	7
-ssplitmin	1	1
-ssplitthr	8e-4	0.000000e+00
-state			2
-stwt			1.0,0.05,0.0,
-treefn			/home/rakha/Kuliah/Semester8/nlp/speech-sphinx/train-new-model/an4-master/trees/an4.unpruned/L-2.dtree
-ts2cbfn	.semi.	.semi.
-varfloor	0.00001	1.000000e-05
-varfn			

INFO: main.c(223): Reading: /home/rakha/Kuliah/Semester8/nlp/speech-sphinx/train-new-model/an4-master/model_architecture/an4.untied.mdef
INFO: model_def_io.c(573): Model definition info:
INFO: model_def_io.c(574): 1618 total models defined (34 base, 1584 tri)
INFO: model_def_io.c(575): 6472 total states
INFO: model_def_io.c(576): 4854 total tied states
INFO: model_def_io.c(577): 102 total tied CI states
INFO: model_def_io.c(578): 34 total tied transition matrices
INFO: model_def_io.c(579): 4 max state/model
INFO: model_def_io.c(580): 4 min state/model
INFO: main.c(242): Building trees for [L AH AY i] through [L IH EH i]
INFO: main.c(269): Covering states |[2826 2903]| == 78
INFO: main.c(275): Reading: /home/rakha/Kuliah/Semester8/nlp/speech-sphinx/train-new-model/an4-master/model_parameters/an4.cd_ptm_untied/mixture_weights
INFO: s3mixw_io.c(173): Read /home/rakha/Kuliah/Semester8/nlp/speech-sphinx/train-new-model/an4-master/model_parameters/an4.cd_ptm_untied/mixture_weights [78x4x64 array]
INFO: main.c(311): 26 of 26 models have observation count greater than 0.000010
INFO: main.c(95): nrm stwt: 0.000 0.048 0.952 
INFO: main.c(411): 26-class entropy: 3.203597e+04
INFO: main.c(549): Reading: /home/rakha/Kuliah/Semester8/nlp/speech-sphinx/train-new-model/an4-master/model_architecture/an4.tree_questions
INFO: main.c(588): 180 total simple questions (172 phone; 8 word bndry)
INFO: main.c(590): 42 Left Only questions, and 42 Right Only questions
INFO: dtree.c(1478): Final simple tree
|( QUESTION1 1 3.964e+04 1.324e+03 1.820e+03
|    ( WDBNDRY_E 0 1.153e+04 6.343e+02 5.519e+02
|        ( - 6.832e+03 3 0 QUESTION0_0_R 1 2.765e+02 3.337e+02)
|        ( - 4.066e+03 1 0))
|    ( WDBNDRY_E 0 2.679e+04 7.572e+02 1.268e+03
|        ( QUESTION0_7_R 1 2.363e+04 6.606e+02 1.137e+03
|            ( QUESTION6 1 1.549e+04 4.514e+02 7.411e+02
|                ( - 4.052e+03 7 0 QUESTION8 1 2.495e+02 2.134e+02)
|                ( QUESTION0 1 1.099e+04 3.508e+02 5.277e+02
|                    ( - 4.332e+03 3 0)
|                    ( - 6.307e+03 3 0 QUESTION0_14_R 1 2.158e+02 3.120e+02)))
|            ( QUESTION0_2_R 1 7.481e+03 4.138e+02 3.954e+02
|                ( - 4.173e+03 2 0)
|                ( - 2.894e+03 2 0 SILENCE 1 7.386e+01 1.735e+02)))
|        ( - 2.396e+03 5 0 QUESTION2_18_L -1 3.470e+02 1.318e+02)))
s>    ( QUESTION1 1 3.964e+04 1.324e+03 1.820e+03
s>        ( WDBNDRY_E 0 1.153e+04 6.343e+02 5.519e+02
s>            ( - 6.832e+03 3 0 QUESTION0_0_R 1 2.765e+02 3.337e+02)
s>            ( - 4.066e+03 1 0))
s>        ( WDBNDRY_E 0 2.679e+04 7.572e+02 1.268e+03
s>            ( QUESTION0_7_R 1 2.363e+04 6.606e+02 1.137e+03
s>                ( QUESTION6 1 1.549e+04 4.514e+02 7.411e+02
s>                    ( - 4.052e+03 7 0 QUESTION8 1 2.495e+02 2.134e+02)
s>                    ( QUESTION0 1 1.099e+04 3.508e+02 5.277e+02
s>                        ( - 4.332e+03 3 0)
s>                        ( - 6.307e+03 3 0 QUESTION0_14_R 1 2.158e+02 3.120e+02)))
s>                ( QUESTION0_2_R 1 7.481e+03 4.138e+02 3.954e+02
s>                    ( - 4.173e+03 2 0)
s>                    ( - 2.894e+03 2 0 SILENCE 1 7.386e+01 1.735e+02)))
s>            ( - 2.396e+03 5 0 QUESTION2_18_L -1 3.470e+02 1.318e+02)))INFO: dtree.c(1315): Comp split 0
INFO: dtree.c(1478): Final simple tree
|( WDBNDRY_E 0 2.679e+04 7.572e+02 1.268e+03
|    ( QUESTION0_7_R 1 2.363e+04 6.606e+02 1.137e+03
|        ( QUESTION6 1 1.549e+04 4.514e+02 7.411e+02
|            ( QUESTION8 1 4.052e+03 2.495e+02 2.134e+02
|                ( - 1.602e+03 2 0 QUESTION0_10_R 1 1.607e+02 8.742e+01)
|                ( - 2.201e+03 5 0 QUESTION0_11_R 1 1.921e+02 1.260e+02))
|            ( QUESTION0 1 1.099e+04 3.508e+02 5.277e+02
|                ( - 4.332e+03 3 0)
|                ( - 6.307e+03 3 0 QUESTION0_14_R 1 2.158e+02 3.120e+02)))
|        ( QUESTION0_2_R 1 7.481e+03 4.138e+02 3.954e+02
|            ( - 4.173e+03 2 0)
|            ( - 2.894e+03 2 0 SILENCE 1 7.386e+01 1.735e+02)))
|    ( QUESTION2_18_L -1 2.396e+03 3.470e+02 1.318e+02
|        ( - 1.529e+03 3 0 QUESTION0_0_R 1 1.681e+02 9.524e+01)
|        ( - 5.196e+02 2 0 QUESTION0_0_R 1 9.543e+01 3.660e+01)))
s>    ( WDBNDRY_E 0 2.679e+04 7.572e+02 1.268e+03
s>        ( QUESTION0_7_R 1 2.363e+04 6.606e+02 1.137e+03
s>            ( QUESTION6 1 1.549e+04 4.514e+02 7.411e+02
s>                ( QUESTION8 1 4.052e+03 2.495e+02 2.134e+02
s>                    ( - 1.602e+03 2 0 QUESTION0_10_R 1 1.607e+02 8.742e+01)
s>                    ( - 2.201e+03 5 0 QUESTION0_11_R 1 1.921e+02 1.260e+02))
s>                ( QUESTION0 1 1.099e+04 3.508e+02 5.277e+02
s>                    ( - 4.332e+03 3 0)
s>                    ( - 6.307e+03 3 0 QUESTION0_14_R 1 2.158e+02 3.120e+02)))
s>            ( QUESTION0_2_R 1 7.481e+03 4.138e+02 3.954e+02
s>                ( - 4.173e+03 2 0)
s>                ( - 2.894e+03 2 0 SILENCE 1 7.386e+01 1.735e+02)))
s>        ( QUESTION2_18_L -1 2.396e+03 3.470e+02 1.318e+02
s>            ( - 1.529e+03 3 0 QUESTION0_0_R 1 1.681e+02 9.524e+01)
s>            ( - 5.196e+02 2 0 QUESTION0_0_R 1 9.543e+01 3.660e+01)))INFO: dtree.c(1439): stop. leaf nodes are specific
INFO: dtree.c(1478): Final simple tree
|( WDBNDRY_E 0 1.153e+04 6.343e+02 5.519e+02
|    ( QUESTION0_0_R 1 6.832e+03 2.765e+02 3.337e+02
|        ( - 5.797e+03 1 0)
|        ( - 7.582e+02 2 0))
|    ( - 4.066e+03 1 0))
s>    ( WDBNDRY_E 0 1.153e+04 6.343e+02 5.519e+02
s>        ( QUESTION0_0_R 1 6.832e+03 2.765e+02 3.337e+02
s>            ( - 5.797e+03 1 0)
s>            ( - 7.582e+02 2 0))
s>        ( - 4.066e+03 1 0))INFO: dtree.c(1315): Comp split 1
INFO: dtree.c(1478): Final simple tree
|( QUESTION0_0_R 1 1.004e+04 4.386e+02 5.214e+02
|    ( QUESTION0_1_R 1 4.269e+03 7.445e+01 2.260e+02
|        ( - 2.123e+01 1 0)
|        ( - 4.173e+03 2 0))
|    ( QUESTION10 1 5.330e+03 3.500e+02 2.955e+02
|        ( QUESTION0_10_R 1 1.667e+03 1.753e+02 9.700e+01
|            ( - 5.777e+02 1 0)
|            ( QUESTION0_16_R 1 9.140e+02 1.179e+02 6.000e+01
|                ( - 4.945e+02 1 0)
|                ( QUESTION0 -1 3.015e+02 2.162e+01 2.300e+01
|                    ( - 0.000e+00 1 0)
|                    ( - 2.799e+02 1 0))))
|        ( SILENCE 1 3.313e+03 1.394e+02 1.985e+02
|            ( - 2.799e+03 1 0)
|            ( - 3.752e+02 1 0))))
s>    ( QUESTION0_0_R 1 1.004e+04 4.386e+02 5.214e+02
s>        ( QUESTION0_1_R 1 4.269e+03 7.445e+01 2.260e+02
s>            ( - 2.123e+01 1 0)
s>            ( - 4.173e+03 2 0))
s>        ( QUESTION10 1 5.330e+03 3.500e+02 2.955e+02
s>            ( QUESTION0_10_R 1 1.667e+03 1.753e+02 9.700e+01
s>                ( - 5.777e+02 1 0)
s>                ( QUESTION0_16_R 1 9.140e+02 1.179e+02 6.000e+01
s>                    ( - 4.945e+02 1 0)
s>                    ( QUESTION0 -1 3.015e+02 2.162e+01 2.300e+01
s>                        ( - 0.000e+00 1 0)
s>                        ( - 2.799e+02 1 0))))
s>            ( SILENCE 1 3.313e+03 1.394e+02 1.985e+02
s>                ( - 2.799e+03 1 0)
s>                ( - 3.752e+02 1 0))))INFO: dtree.c(1478): Final simple tree
|( WDBNDRY_E 0 1.596e+04 6.505e+02 7.469e+02
|    ( QUESTION0 1 1.292e+04 3.602e+02 6.151e+02
|        ( - 4.332e+03 3 0)
|        ( QUESTION0_14_R 1 8.224e+03 3.396e+02 3.994e+02
|            ( - 5.720e+03 1 0)
|            ( QUESTION0_17_R 1 2.165e+03 1.982e+02 1.154e+02
|                ( - 1.055e+03 1 0)
|                ( QUESTION0_10_R 1 9.118e+02 1.539e+02 5.503e+01
|                    ( - 3.868e+02 1 0)
|                    ( - 3.711e+02 2 0 QUESTION0_8_R 1 9.931e+01 2.803e+01)))))
|    ( QUESTION2_18_L -1 2.396e+03 3.470e+02 1.318e+02
|        ( QUESTION0_0_R 1 1.529e+03 1.681e+02 9.524e+01
|            ( - 5.694e+02 1 0)
|            ( - 7.914e+02 2 0 QUESTION0_14_R 1 5.823e+01 5.678e+01))
|        ( - 5.196e+02 2 0 QUESTION0_0_R 1 9.543e+01 3.660e+01)))
s>    ( WDBNDRY_E 0 1.596e+04 6.505e+02 7.469e+02
s>        ( QUESTION0 1 1.292e+04 3.602e+02 6.151e+02
s>            ( - 4.332e+03 3 0)
s>            ( QUESTION0_14_R 1 8.224e+03 3.396e+02 3.994e+02
s>                ( - 5.720e+03 1 0)
s>                ( QUESTION0_17_R 1 2.165e+03 1.982e+02 1.154e+02
s>                    ( - 1.055e+03 1 0)
s>                    ( QUESTION0_10_R 1 9.118e+02 1.539e+02 5.503e+01
s>                        ( - 3.868e+02 1 0)
s>                        ( - 3.711e+02 2 0 QUESTION0_8_R 1 9.931e+01 2.803e+01)))))
s>        ( QUESTION2_18_L -1 2.396e+03 3.470e+02 1.318e+02
s>            ( QUESTION0_0_R 1 1.529e+03 1.681e+02 9.524e+01
s>                ( - 5.694e+02 1 0)
s>                ( - 7.914e+02 2 0 QUESTION0_14_R 1 5.823e+01 5.678e+01))
s>            ( - 5.196e+02 2 0 QUESTION0_0_R 1 9.543e+01 3.660e+01)))INFO: dtree.c(1315): Comp split 2
INFO: dtree.c(1439): stop. leaf nodes are specific
INFO: dtree.c(1478): Final simple tree
|( QUESTION0 1 1.292e+04 3.602e+02 6.151e+02
|    ( - 4.332e+03 3 0)
|    ( QUESTION0_14_R 1 8.224e+03 3.396e+02 3.994e+02
|        ( - 5.720e+03 1 0)
|        ( QUESTION0_17_R 1 2.165e+03 1.982e+02 1.154e+02
|            ( - 1.055e+03 1 0)
|            ( QUESTION0_10_R 1 9.118e+02 1.539e+02 5.503e+01
|                ( - 3.868e+02 1 0)
|                ( QUESTION0_8_R 1 3.711e+02 9.931e+01 2.803e+01
|                    ( - 1.521e+02 1 0)
|                    ( - 1.198e+02 1 0))))))
s>    ( QUESTION0 1 1.292e+04 3.602e+02 6.151e+02
s>        ( - 4.332e+03 3 0)
s>        ( QUESTION0_14_R 1 8.224e+03 3.396e+02 3.994e+02
s>            ( - 5.720e+03 1 0)
s>            ( QUESTION0_17_R 1 2.165e+03 1.982e+02 1.154e+02
s>                ( - 1.055e+03 1 0)
s>                ( QUESTION0_10_R 1 9.118e+02 1.539e+02 5.503e+01
s>                    ( - 3.868e+02 1 0)
s>                    ( QUESTION0_8_R 1 3.711e+02 9.931e+01 2.803e+01
s>                        ( - 1.521e+02 1 0)
s>                        ( - 1.198e+02 1 0))))))INFO: dtree.c(1439): stop. leaf nodes are specific
INFO: dtree.c(1478): Final simple tree
|( QUESTION2_18_L -1 2.396e+03 3.470e+02 1.318e+02
|    ( QUESTION0_0_R 1 1.529e+03 1.681e+02 9.524e+01
|        ( - 5.694e+02 1 0)
|        ( QUESTION0_14_R 1 7.914e+02 5.823e+01 5.678e+01
|            ( - 6.725e+02 1 0)
|            ( - 6.067e+01 1 0)))
|    ( QUESTION0_0_R 1 5.196e+02 9.543e+01 3.660e+01
|        ( - 1.025e+02 1 0)
|        ( - 3.217e+02 1 0)))
s>    ( QUESTION2_18_L -1 2.396e+03 3.470e+02 1.318e+02
s>        ( QUESTION0_0_R 1 1.529e+03 1.681e+02 9.524e+01
s>            ( - 5.694e+02 1 0)
s>            ( QUESTION0_14_R 1 7.914e+02 5.823e+01 5.678e+01
s>                ( - 6.725e+02 1 0)
s>                ( - 6.067e+01 1 0)))
s>        ( QUESTION0_0_R 1 5.196e+02 9.543e+01 3.660e+01
s>            ( - 1.025e+02 1 0)
s>            ( - 3.217e+02 1 0)))INFO: dtree.c(1315): Comp split 3
INFO: dtree.c(1439): stop. leaf nodes are specific
INFO: dtree.c(1478): Final simple tree
|( QUESTION0_0_R 1 6.832e+03 2.765e+02 3.337e+02
|    ( - 5.797e+03 1 0)
|    ( - 7.582e+02 2 0))
s>    ( QUESTION0_0_R 1 6.832e+03 2.765e+02 3.337e+02
s>        ( - 5.797e+03 1 0)
s>        ( - 7.582e+02 2 0))INFO: dtree.c(1315): Comp split 4
INFO: dtree.c(1439): stop. leaf nodes are specific
INFO: dtree.c(1478): Final simple tree
|( QUESTION0_13_R 1 4.471e+03 2.655e+02 2.575e+02
|    ( QUESTION0_16_R 1 8.918e+02 1.174e+02 5.900e+01
|        ( - 4.945e+02 1 0)
|        ( - 2.799e+02 1 0))
|    ( SILENCE 1 3.313e+03 1.394e+02 1.985e+02
|        ( - 2.799e+03 1 0)
|        ( - 3.752e+02 1 0)))
s>    ( QUESTION0_13_R 1 4.471e+03 2.655e+02 2.575e+02
s>        ( QUESTION0_16_R 1 8.918e+02 1.174e+02 5.900e+01
s>            ( - 4.945e+02 1 0)
s>            ( - 2.799e+02 1 0))
s>        ( SILENCE 1 3.313e+03 1.394e+02 1.985e+02
s>            ( - 2.799e+03 1 0)
s>            ( - 3.752e+02 1 0)))INFO: dtree.c(1439): stop. leaf nodes are specific
INFO: dtree.c(1478): Final simple tree
|( QUESTION0_2_R 1 5.113e+03 2.569e+02 2.640e+02
|    ( - 4.173e+03 2 0)
|    ( QUESTION0_10_R 1 6.826e+02 6.908e+01 4.200e+01
|        ( - 5.777e+02 1 0)
|        ( QUESTION0_0_R 1 3.587e+01 1.465e+01 5.000e+00
|            ( - 2.123e+01 1 0)
|            ( - 0.000e+00 1 0))))
s>    ( QUESTION0_2_R 1 5.113e+03 2.569e+02 2.640e+02
s>        ( - 4.173e+03 2 0)
s>        ( QUESTION0_10_R 1 6.826e+02 6.908e+01 4.200e+01
s>            ( - 5.777e+02 1 0)
s>            ( QUESTION0_0_R 1 3.587e+01 1.465e+01 5.000e+00
s>                ( - 2.123e+01 1 0)
s>                ( - 0.000e+00 1 0))))INFO: dtree.c(1315): Comp split 5
INFO: dtree.c(1439): stop. leaf nodes are specific
INFO: dtree.c(1478): Final simple tree
|( QUESTION0_14_R 1 6.886e+03 2.543e+02 3.390e+02
|    ( - 5.720e+03 1 0)
|    ( QUESTION0_10_R 1 9.118e+02 1.539e+02 5.503e+01
|        ( - 3.868e+02 1 0)
|        ( QUESTION0_8_R 1 3.711e+02 9.931e+01 2.803e+01
|            ( - 1.521e+02 1 0)
|            ( - 1.198e+02 1 0))))
s>    ( QUESTION0_14_R 1 6.886e+03 2.543e+02 3.390e+02
s>        ( - 5.720e+03 1 0)
s>        ( QUESTION0_10_R 1 9.118e+02 1.539e+02 5.503e+01
s>            ( - 3.868e+02 1 0)
s>            ( QUESTION0_8_R 1 3.711e+02 9.931e+01 2.803e+01
s>                ( - 1.521e+02 1 0)
s>                ( - 1.198e+02 1 0))))INFO: dtree.c(1439): stop. leaf nodes are specific
INFO: dtree.c(1478): Final simple tree
|( QUESTION0_8_R 1 5.670e+03 2.831e+02 2.761e+02
|    ( - 4.332e+03 3 0)
|    ( - 1.055e+03 1 0))
s>    ( QUESTION0_8_R 1 5.670e+03 2.831e+02 2.761e+02
s>        ( - 4.332e+03 3 0)
s>        ( - 1.055e+03 1 0))INFO: dtree.c(1315): Comp split 6
INFO: dtree.c(1439): stop. leaf nodes are specific
INFO: dtree.c(1478): Final simple tree
|( QUESTION0_0_R 1 1.529e+03 1.681e+02 9.524e+01
|    ( - 5.694e+02 1 0)
|    ( QUESTION0_14_R 1 7.914e+02 5.823e+01 5.678e+01
|        ( - 6.725e+02 1 0)
|        ( - 6.067e+01 1 0)))
s>    ( QUESTION0_0_R 1 1.529e+03 1.681e+02 9.524e+01
s>        ( - 5.694e+02 1 0)
s>        ( QUESTION0_14_R 1 7.914e+02 5.823e+01 5.678e+01
s>            ( - 6.725e+02 1 0)
s>            ( - 6.067e+01 1 0)))INFO: dtree.c(1439): stop. leaf nodes are specific
INFO: dtree.c(1478): Final simple tree
|( QUESTION0_0_R 1 5.196e+02 9.543e+01 3.660e+01
|    ( - 1.025e+02 1 0)
|    ( - 3.217e+02 1 0))
s>    ( QUESTION0_0_R 1 5.196e+02 9.543e+01 3.660e+01
s>        ( - 1.025e+02 1 0)
s>        ( - 3.217e+02 1 0))INFO: dtree.c(1315): Comp split 7
INFO: dtree.c(1315): Comp split 8
INFO: dtree.c(1315): Comp split 9
INFO: dtree.c(1439): stop. leaf nodes are specific
INFO: dtree.c(1478): Final simple tree
|( SILENCE 1 3.313e+03 1.394e+02 1.985e+02
|    ( - 2.799e+03 1 0)
|    ( - 3.752e+02 1 0))
s>    ( SILENCE 1 3.313e+03 1.394e+02 1.985e+02
s>        ( - 2.799e+03 1 0)
s>        ( - 3.752e+02 1 0))INFO: dtree.c(1439): stop. leaf nodes are specific
INFO: dtree.c(1478): Final simple tree
|( QUESTION0_16_R 1 8.918e+02 1.174e+02 5.900e+01
|    ( - 4.945e+02 1 0)
|    ( - 2.799e+02 1 0))
s>    ( QUESTION0_16_R 1 8.918e+02 1.174e+02 5.900e+01
s>        ( - 4.945e+02 1 0)
s>        ( - 2.799e+02 1 0))INFO: dtree.c(1315): Comp split 10
INFO: dtree.c(1439): stop. leaf nodes are specific
INFO: dtree.c(1478): Final simple tree
|( QUESTION0_10_R 1 6.826e+02 6.908e+01 4.200e+01
|    ( - 5.777e+02 1 0)
|    ( QUESTION0_0_R 1 3.587e+01 1.465e+01 5.000e+00
|        ( - 2.123e+01 1 0)
|        ( - 0.000e+00 1 0)))
s>    ( QUESTION0_10_R 1 6.826e+02 6.908e+01 4.200e+01
s>        ( - 5.777e+02 1 0)
s>        ( QUESTION0_0_R 1 3.587e+01 1.465e+01 5.000e+00
s>            ( - 2.123e+01 1 0)
s>            ( - 0.000e+00 1 0)))INFO: dtree.c(1315): Comp split 11
INFO: dtree.c(1439): stop. leaf nodes are specific
INFO: dtree.c(1478): Final simple tree
|( QUESTION0_10_R 1 9.118e+02 1.539e+02 5.503e+01
|    ( - 3.868e+02 1 0)
|    ( QUESTION0_8_R 1 3.711e+02 9.931e+01 2.803e+01
|        ( - 1.521e+02 1 0)
|        ( - 1.198e+02 1 0)))
s>    ( QUESTION0_10_R 1 9.118e+02 1.539e+02 5.503e+01
s>        ( - 3.868e+02 1 0)
s>        ( QUESTION0_8_R 1 3.711e+02 9.931e+01 2.803e+01
s>            ( - 1.521e+02 1 0)
s>            ( - 1.198e+02 1 0)))INFO: dtree.c(1315): Comp split 12
INFO: dtree.c(1439): stop. leaf nodes are specific
INFO: dtree.c(1478): Final simple tree
|( QUESTION0_14_R 1 7.914e+02 5.823e+01 5.678e+01
|    ( - 6.725e+02 1 0)
|    ( - 6.067e+01 1 0))
s>    ( QUESTION0_14_R 1 7.914e+02 5.823e+01 5.678e+01
s>        ( - 6.725e+02 1 0)
s>        ( - 6.067e+01 1 0))INFO: dtree.c(1315): Comp split 13
INFO: dtree.c(1439): stop. leaf nodes are specific
INFO: dtree.c(1478): Final simple tree
|( QUESTION0_8_R 1 3.711e+02 9.931e+01 2.803e+01
|    ( - 1.521e+02 1 0)
|    ( - 1.198e+02 1 0))
s>    ( QUESTION0_8_R 1 3.711e+02 9.931e+01 2.803e+01
s>        ( - 1.521e+02 1 0)
s>        ( - 1.198e+02 1 0))INFO: dtree.c(1315): Comp split 14
INFO: dtree.c(1315): Comp split 15
INFO: dtree.c(1315): Comp split 16
INFO: dtree.c(1315): Comp split 17
INFO: dtree.c(1315): Comp split 18
INFO: dtree.c(1439): stop. leaf nodes are specific
INFO: dtree.c(1478): Final simple tree
|( QUESTION0_0_R 1 3.587e+01 1.465e+01 5.000e+00
|    ( - 2.123e+01 1 0)
|    ( - 0.000e+00 1 0))
s>    ( QUESTION0_0_R 1 3.587e+01 1.465e+01 5.000e+00
s>        ( - 2.123e+01 1 0)
s>        ( - 0.000e+00 1 0))INFO: dtree.c(1315): Comp split 19
INFO: dtree.c(1315): Comp split 20
INFO: dtree.c(1315): Comp split 21
INFO: dtree.c(1318): stop. leaf nodes are specific
Mon May 23 22:39:49 2022
