Current configuration:
[NAME]		[DEFLT]	[VALUE]
-allphones	no	no
-cntthresh	0.00001	1.000000e-05
-csplitmax	100	2000
-csplitmin	1	1
-csplitthr	8e-4	0.000000e+00
-example	no	no
-fullvar	no	no
-help		no	no
-meanfn			
-mixwfn			/home/rakha/Kuliah/Semester8/nlp/speech-sphinx/train-new-model/an4-master/model_parameters/an4.cd_ptm_untied/mixture_weights
-moddeffn		/home/rakha/Kuliah/Semester8/nlp/speech-sphinx/train-new-model/an4-master/model_architecture/an4.untied.mdef
-mwfloor	1e-4	1.000000e-08
-phone			Y
-psetfn			/home/rakha/Kuliah/Semester8/nlp/speech-sphinx/train-new-model/an4-master/model_architecture/an4.tree_questions
-ssplitmax	5	7
-ssplitmin	1	1
-ssplitthr	8e-4	0.000000e+00
-state			1
-stwt			1.0,0.05,0.0,
-treefn			/home/rakha/Kuliah/Semester8/nlp/speech-sphinx/train-new-model/an4-master/trees/an4.unpruned/Y-1.dtree
-ts2cbfn	.semi.	.semi.
-varfloor	0.00001	1.000000e-05
-varfn			

INFO: main.c(223): Reading: /home/rakha/Kuliah/Semester8/nlp/speech-sphinx/train-new-model/an4-master/model_architecture/an4.untied.mdef
INFO: model_def_io.c(573): Model definition info:
INFO: model_def_io.c(574): 1618 total models defined (34 base, 1584 tri)
INFO: model_def_io.c(575): 6472 total states
INFO: model_def_io.c(576): 4854 total tied states
INFO: model_def_io.c(577): 102 total tied CI states
INFO: model_def_io.c(578): 34 total tied transition matrices
INFO: model_def_io.c(579): 4 max state/model
INFO: model_def_io.c(580): 4 min state/model
INFO: main.c(242): Building trees for [Y AH UW b] through [Y UW UW b]
INFO: main.c(269): Covering states |[4725 4778]| == 54
INFO: main.c(275): Reading: /home/rakha/Kuliah/Semester8/nlp/speech-sphinx/train-new-model/an4-master/model_parameters/an4.cd_ptm_untied/mixture_weights
INFO: s3mixw_io.c(173): Read /home/rakha/Kuliah/Semester8/nlp/speech-sphinx/train-new-model/an4-master/model_parameters/an4.cd_ptm_untied/mixture_weights [54x4x64 array]
INFO: main.c(311): 18 of 18 models have observation count greater than 0.000010
INFO: main.c(95): nrm stwt: 0.045 0.909 0.045 
INFO: main.c(411): 18-class entropy: 1.960327e+04
INFO: main.c(549): Reading: /home/rakha/Kuliah/Semester8/nlp/speech-sphinx/train-new-model/an4-master/model_architecture/an4.tree_questions
INFO: main.c(588): 180 total simple questions (172 phone; 8 word bndry)
INFO: main.c(590): 42 Left Only questions, and 42 Right Only questions
INFO: dtree.c(1478): Final simple tree
|( QUESTION0_0_R 1 2.325e+04 9.044e+02 1.266e+03
|    ( WDBNDRY_B 0 2.118e+04 6.083e+02 1.185e+03
|        ( QUESTION1 -1 1.148e+04 2.945e+02 6.576e+02
|            ( - 6.762e+03 2 0)
|            ( QUESTION2_3_L -1 4.425e+03 2.117e+02 2.503e+02
|                ( - 1.424e+03 3 0)
|                ( QUESTION16 -1 2.789e+03 1.797e+02 1.660e+02
|                    ( - 6.042e+02 2 0 QUESTION2_9_L -1 7.958e+01 4.678e+01)
|                    ( QUESTION2_1_L -1 2.005e+03 1.693e+02 1.192e+02
|                        ( - 6.471e+02 2 0 QUESTION4 -1 7.540e+01 4.511e+01)
|                        ( - 1.189e+03 5 0 QUESTION0 -1 1.333e+02 7.411e+01)))))
|        ( QUESTION0 -1 9.090e+03 3.746e+02 5.273e+02
|            ( - 6.918e+03 1 0)
|            ( - 1.797e+03 2 0 QUESTION4 -1 6.382e+01 1.136e+02)))
|    ( - 1.168e+03 1 0))
s>    ( QUESTION0_0_R 1 2.325e+04 9.044e+02 1.266e+03
s>        ( WDBNDRY_B 0 2.118e+04 6.083e+02 1.185e+03
s>            ( QUESTION1 -1 1.148e+04 2.945e+02 6.576e+02
s>                ( - 6.762e+03 2 0)
s>                ( QUESTION2_3_L -1 4.425e+03 2.117e+02 2.503e+02
s>                    ( - 1.424e+03 3 0)
s>                    ( QUESTION16 -1 2.789e+03 1.797e+02 1.660e+02
s>                        ( - 6.042e+02 2 0 QUESTION2_9_L -1 7.958e+01 4.678e+01)
s>                        ( QUESTION2_1_L -1 2.005e+03 1.693e+02 1.192e+02
s>                            ( - 6.471e+02 2 0 QUESTION4 -1 7.540e+01 4.511e+01)
s>                            ( - 1.189e+03 5 0 QUESTION0 -1 1.333e+02 7.411e+01)))))
s>            ( QUESTION0 -1 9.090e+03 3.746e+02 5.273e+02
s>                ( - 6.918e+03 1 0)
s>                ( - 1.797e+03 2 0 QUESTION4 -1 6.382e+01 1.136e+02)))
s>        ( - 1.168e+03 1 0))INFO: dtree.c(1315): Comp split 0
INFO: dtree.c(1478): Final simple tree
|( WDBNDRY_B 0 2.118e+04 6.083e+02 1.185e+03
|    ( QUESTION1 -1 1.148e+04 2.945e+02 6.576e+02
|        ( - 6.762e+03 2 0)
|        ( QUESTION2_3_L -1 4.425e+03 2.117e+02 2.503e+02
|            ( - 1.424e+03 3 0)
|            ( QUESTION16 -1 2.789e+03 1.797e+02 1.660e+02
|                ( - 6.042e+02 2 0 QUESTION2_9_L -1 7.958e+01 4.678e+01)
|                ( QUESTION2_1_L -1 2.005e+03 1.693e+02 1.192e+02
|                    ( - 6.471e+02 2 0 QUESTION4 -1 7.540e+01 4.511e+01)
|                    ( QUESTION0 -1 1.189e+03 1.333e+02 7.411e+01
|                        ( - 3.612e+02 2 0 QUESTION2_12_L -1 7.642e+01 2.800e+01)
|                        ( - 6.944e+02 3 0 QUESTION4 -1 7.682e+01 4.611e+01))))))
|    ( QUESTION0 -1 9.090e+03 3.746e+02 5.273e+02
|        ( - 6.918e+03 1 0)
|        ( - 1.797e+03 2 0 QUESTION4 -1 6.382e+01 1.136e+02)))
s>    ( WDBNDRY_B 0 2.118e+04 6.083e+02 1.185e+03
s>        ( QUESTION1 -1 1.148e+04 2.945e+02 6.576e+02
s>            ( - 6.762e+03 2 0)
s>            ( QUESTION2_3_L -1 4.425e+03 2.117e+02 2.503e+02
s>                ( - 1.424e+03 3 0)
s>                ( QUESTION16 -1 2.789e+03 1.797e+02 1.660e+02
s>                    ( - 6.042e+02 2 0 QUESTION2_9_L -1 7.958e+01 4.678e+01)
s>                    ( QUESTION2_1_L -1 2.005e+03 1.693e+02 1.192e+02
s>                        ( - 6.471e+02 2 0 QUESTION4 -1 7.540e+01 4.511e+01)
s>                        ( QUESTION0 -1 1.189e+03 1.333e+02 7.411e+01
s>                            ( - 3.612e+02 2 0 QUESTION2_12_L -1 7.642e+01 2.800e+01)
s>                            ( - 6.944e+02 3 0 QUESTION4 -1 7.682e+01 4.611e+01))))))
s>        ( QUESTION0 -1 9.090e+03 3.746e+02 5.273e+02
s>            ( - 6.918e+03 1 0)
s>            ( - 1.797e+03 2 0 QUESTION4 -1 6.382e+01 1.136e+02)))INFO: dtree.c(1315): Comp split 1
INFO: dtree.c(1439): stop. leaf nodes are specific
INFO: dtree.c(1478): Final simple tree
|( QUESTION0 -1 9.877e+03 3.736e+02 5.740e+02
|    ( - 6.918e+03 1 0)
|    ( QUESTION6 -1 2.585e+03 1.884e+02 1.604e+02
|        ( - 1.697e+03 1 0)
|        ( QUESTION2_9_L -1 6.994e+02 8.968e+01 5.179e+01
|            ( - 3.855e+02 1 0)
|            ( WDBNDRY_B 0 2.242e+02 4.870e+01 1.800e+01
|                ( - 1.391e+02 1 0)
|                ( - 3.639e+01 1 0)))))
s>    ( QUESTION0 -1 9.877e+03 3.736e+02 5.740e+02
s>        ( - 6.918e+03 1 0)
s>        ( QUESTION6 -1 2.585e+03 1.884e+02 1.604e+02
s>            ( - 1.697e+03 1 0)
s>            ( QUESTION2_9_L -1 6.994e+02 8.968e+01 5.179e+01
s>                ( - 3.855e+02 1 0)
s>                ( WDBNDRY_B 0 2.242e+02 4.870e+01 1.800e+01
s>                    ( - 1.391e+02 1 0)
s>                    ( - 3.639e+01 1 0)))))INFO: dtree.c(1478): Final simple tree
|( QUESTION1 -1 1.067e+04 2.768e+02 6.108e+02
|    ( - 6.762e+03 2 0)
|    ( QUESTION2_3_L -1 3.627e+03 1.977e+02 2.036e+02
|        ( - 1.424e+03 3 0)
|        ( QUESTION2_1_L -1 2.005e+03 1.693e+02 1.192e+02
|            ( QUESTION4 -1 6.471e+02 7.540e+01 4.511e+01
|                ( - 2.524e+02 1 0)
|                ( - 3.192e+02 1 0))
|            ( QUESTION0 -1 1.189e+03 1.333e+02 7.411e+01
|                ( QUESTION2_12_L -1 3.612e+02 7.642e+01 2.800e+01
|                    ( - 1.724e+02 1 0)
|                    ( - 1.124e+02 1 0))
|                ( QUESTION4 -1 6.944e+02 7.682e+01 4.611e+01
|                    ( - 3.351e+02 1 0)
|                    ( - 2.825e+02 2 0 SILENCE -1 5.096e+01 2.205e+01))))))
s>    ( QUESTION1 -1 1.067e+04 2.768e+02 6.108e+02
s>        ( - 6.762e+03 2 0)
s>        ( QUESTION2_3_L -1 3.627e+03 1.977e+02 2.036e+02
s>            ( - 1.424e+03 3 0)
s>            ( QUESTION2_1_L -1 2.005e+03 1.693e+02 1.192e+02
s>                ( QUESTION4 -1 6.471e+02 7.540e+01 4.511e+01
s>                    ( - 2.524e+02 1 0)
s>                    ( - 3.192e+02 1 0))
s>                ( QUESTION0 -1 1.189e+03 1.333e+02 7.411e+01
s>                    ( QUESTION2_12_L -1 3.612e+02 7.642e+01 2.800e+01
s>                        ( - 1.724e+02 1 0)
s>                        ( - 1.124e+02 1 0))
s>                    ( QUESTION4 -1 6.944e+02 7.682e+01 4.611e+01
s>                        ( - 3.351e+02 1 0)
s>                        ( - 2.825e+02 2 0 SILENCE -1 5.096e+01 2.205e+01))))))INFO: dtree.c(1315): Comp split 2
INFO: dtree.c(1439): stop. leaf nodes are specific
INFO: dtree.c(1478): Final simple tree
|( WDBNDRY_B 0 7.132e+03 7.414e+01 4.266e+02
|    ( - 1.391e+02 1 0)
|    ( - 6.918e+03 1 0))
s>    ( WDBNDRY_B 0 7.132e+03 7.414e+01 4.266e+02
s>        ( - 1.391e+02 1 0)
s>        ( - 6.918e+03 1 0))INFO: dtree.c(1439): stop. leaf nodes are specific
INFO: dtree.c(1478): Final simple tree
|( QUESTION6 -1 2.358e+03 1.862e+02 1.474e+02
|    ( - 1.697e+03 1 0)
|    ( WDBNDRY_B 0 4.753e+02 5.340e+01 3.879e+01
|        ( - 3.855e+02 1 0)
|        ( - 3.639e+01 1 0)))
s>    ( QUESTION6 -1 2.358e+03 1.862e+02 1.474e+02
s>        ( - 1.697e+03 1 0)
s>        ( WDBNDRY_B 0 4.753e+02 5.340e+01 3.879e+01
s>            ( - 3.855e+02 1 0)
s>            ( - 3.639e+01 1 0)))INFO: dtree.c(1315): Comp split 3
INFO: dtree.c(1439): stop. leaf nodes are specific
INFO: dtree.c(1478): Final simple tree
|( QUESTION0 -1 7.598e+03 1.413e+02 4.533e+02
|    ( - 6.762e+03 2 0)
|    ( QUESTION4 -1 6.944e+02 7.682e+01 4.611e+01
|        ( - 3.351e+02 1 0)
|        ( SILENCE -1 2.825e+02 5.096e+01 2.205e+01
|            ( - 1.005e+02 1 0)
|            ( - 1.311e+02 1 0))))
s>    ( QUESTION0 -1 7.598e+03 1.413e+02 4.533e+02
s>        ( - 6.762e+03 2 0)
s>        ( QUESTION4 -1 6.944e+02 7.682e+01 4.611e+01
s>            ( - 3.351e+02 1 0)
s>            ( SILENCE -1 2.825e+02 5.096e+01 2.205e+01
s>                ( - 1.005e+02 1 0)
s>                ( - 1.311e+02 1 0))))INFO: dtree.c(1439): stop. leaf nodes are specific
INFO: dtree.c(1478): Final simple tree
|( QUESTION2_2_L -1 2.742e+03 1.896e+02 1.575e+02
|    ( - 1.424e+03 3 0)
|    ( QUESTION0 -1 1.128e+03 1.197e+02 7.311e+01
|        ( QUESTION2_12_L -1 3.612e+02 7.642e+01 2.800e+01
|            ( - 1.724e+02 1 0)
|            ( - 1.124e+02 1 0))
|        ( QUESTION4 -1 6.471e+02 7.540e+01 4.511e+01
|            ( - 2.524e+02 1 0)
|            ( - 3.192e+02 1 0))))
s>    ( QUESTION2_2_L -1 2.742e+03 1.896e+02 1.575e+02
s>        ( - 1.424e+03 3 0)
s>        ( QUESTION0 -1 1.128e+03 1.197e+02 7.311e+01
s>            ( QUESTION2_12_L -1 3.612e+02 7.642e+01 2.800e+01
s>                ( - 1.724e+02 1 0)
s>                ( - 1.124e+02 1 0))
s>            ( QUESTION4 -1 6.471e+02 7.540e+01 4.511e+01
s>                ( - 2.524e+02 1 0)
s>                ( - 3.192e+02 1 0))))INFO: dtree.c(1315): Comp split 4
INFO: dtree.c(1439): stop. leaf nodes are specific
INFO: dtree.c(1478): Final simple tree
|( QUESTION0 -1 1.128e+03 1.197e+02 7.311e+01
|    ( QUESTION2_12_L -1 3.612e+02 7.642e+01 2.800e+01
|        ( - 1.724e+02 1 0)
|        ( - 1.124e+02 1 0))
|    ( QUESTION4 -1 6.471e+02 7.540e+01 4.511e+01
|        ( - 2.524e+02 1 0)
|        ( - 3.192e+02 1 0)))
s>    ( QUESTION0 -1 1.128e+03 1.197e+02 7.311e+01
s>        ( QUESTION2_12_L -1 3.612e+02 7.642e+01 2.800e+01
s>            ( - 1.724e+02 1 0)
s>            ( - 1.124e+02 1 0))
s>        ( QUESTION4 -1 6.471e+02 7.540e+01 4.511e+01
s>            ( - 2.524e+02 1 0)
s>            ( - 3.192e+02 1 0)))INFO: dtree.c(1315): Comp split 5
INFO: dtree.c(1439): stop. leaf nodes are specific
INFO: dtree.c(1478): Final simple tree
|( WDBNDRY_B 0 4.753e+02 5.340e+01 3.879e+01
|    ( - 3.855e+02 1 0)
|    ( - 3.639e+01 1 0))
s>    ( WDBNDRY_B 0 4.753e+02 5.340e+01 3.879e+01
s>        ( - 3.855e+02 1 0)
s>        ( - 3.639e+01 1 0))INFO: dtree.c(1315): Comp split 6
INFO: dtree.c(1439): stop. leaf nodes are specific
INFO: dtree.c(1478): Final simple tree
|( QUESTION4 -1 6.944e+02 7.682e+01 4.611e+01
|    ( - 3.351e+02 1 0)
|    ( SILENCE -1 2.825e+02 5.096e+01 2.205e+01
|        ( - 1.005e+02 1 0)
|        ( - 1.311e+02 1 0)))
s>    ( QUESTION4 -1 6.944e+02 7.682e+01 4.611e+01
s>        ( - 3.351e+02 1 0)
s>        ( SILENCE -1 2.825e+02 5.096e+01 2.205e+01
s>            ( - 1.005e+02 1 0)
s>            ( - 1.311e+02 1 0)))INFO: dtree.c(1315): Comp split 7
INFO: dtree.c(1439): stop. leaf nodes are specific
INFO: dtree.c(1478): Final simple tree
|( QUESTION0 -1 4.413e+02 7.648e+01 3.401e+01
|    ( - 1.124e+02 1 0)
|    ( - 2.524e+02 1 0))
s>    ( QUESTION0 -1 4.413e+02 7.648e+01 3.401e+01
s>        ( - 1.124e+02 1 0)
s>        ( - 2.524e+02 1 0))INFO: dtree.c(1439): stop. leaf nodes are specific
INFO: dtree.c(1478): Final simple tree
|( QUESTION0 -1 5.640e+02 7.241e+01 3.910e+01
|    ( - 1.724e+02 1 0)
|    ( - 3.192e+02 1 0))
s>    ( QUESTION0 -1 5.640e+02 7.241e+01 3.910e+01
s>        ( - 1.724e+02 1 0)
s>        ( - 3.192e+02 1 0))INFO: dtree.c(1315): Comp split 8
INFO: dtree.c(1439): stop. leaf nodes are specific
INFO: dtree.c(1478): Final simple tree
|( SILENCE -1 2.825e+02 5.096e+01 2.205e+01
|    ( - 1.005e+02 1 0)
|    ( - 1.311e+02 1 0))
s>    ( SILENCE -1 2.825e+02 5.096e+01 2.205e+01
s>        ( - 1.005e+02 1 0)
s>        ( - 1.311e+02 1 0))INFO: dtree.c(1315): Comp split 9
INFO: dtree.c(1315): Comp split 10
INFO: dtree.c(1315): Comp split 11
INFO: dtree.c(1315): Comp split 12
INFO: dtree.c(1315): Comp split 13
INFO: dtree.c(1315): Comp split 14
INFO: dtree.c(1318): stop. leaf nodes are specific
Mon May 23 22:39:56 2022
