Current configuration:
[NAME]		[DEFLT]	[VALUE]
-allphones	no	no
-cntthresh	0.00001	1.000000e-05
-csplitmax	100	2000
-csplitmin	1	1
-csplitthr	8e-4	0.000000e+00
-example	no	no
-fullvar	no	no
-help		no	no
-meanfn			
-mixwfn			/home/rakha/Kuliah/Semester8/nlp/speech-sphinx/train-new-model/an4-master/model_parameters/an4.cd_ptm_untied/mixture_weights
-moddeffn		/home/rakha/Kuliah/Semester8/nlp/speech-sphinx/train-new-model/an4-master/model_architecture/an4.untied.mdef
-mwfloor	1e-4	1.000000e-08
-phone			EH
-psetfn			/home/rakha/Kuliah/Semester8/nlp/speech-sphinx/train-new-model/an4-master/model_architecture/an4.tree_questions
-ssplitmax	5	7
-ssplitmin	1	1
-ssplitthr	8e-4	0.000000e+00
-state			1
-stwt			1.0,0.05,0.0,
-treefn			/home/rakha/Kuliah/Semester8/nlp/speech-sphinx/train-new-model/an4-master/trees/an4.unpruned/EH-1.dtree
-ts2cbfn	.semi.	.semi.
-varfloor	0.00001	1.000000e-05
-varfn			

INFO: main.c(223): Reading: /home/rakha/Kuliah/Semester8/nlp/speech-sphinx/train-new-model/an4-master/model_architecture/an4.untied.mdef
INFO: model_def_io.c(573): Model definition info:
INFO: model_def_io.c(574): 1618 total models defined (34 base, 1584 tri)
INFO: model_def_io.c(575): 6472 total states
INFO: model_def_io.c(576): 4854 total tied states
INFO: model_def_io.c(577): 102 total tied CI states
INFO: model_def_io.c(578): 34 total tied transition matrices
INFO: model_def_io.c(579): 4 max state/model
INFO: model_def_io.c(580): 4 min state/model
INFO: main.c(242): Building trees for [EH AH F b] through [EH Y S i]
INFO: main.c(269): Covering states |[978 1271]| == 294
INFO: main.c(275): Reading: /home/rakha/Kuliah/Semester8/nlp/speech-sphinx/train-new-model/an4-master/model_parameters/an4.cd_ptm_untied/mixture_weights
INFO: s3mixw_io.c(173): Read /home/rakha/Kuliah/Semester8/nlp/speech-sphinx/train-new-model/an4-master/model_parameters/an4.cd_ptm_untied/mixture_weights [294x4x64 array]
INFO: main.c(311): 98 of 98 models have observation count greater than 0.000010
INFO: main.c(95): nrm stwt: 0.045 0.909 0.045 
INFO: main.c(411): 98-class entropy: 5.440596e+04
INFO: main.c(549): Reading: /home/rakha/Kuliah/Semester8/nlp/speech-sphinx/train-new-model/an4-master/model_architecture/an4.tree_questions
INFO: main.c(588): 180 total simple questions (172 phone; 8 word bndry)
INFO: main.c(590): 42 Left Only questions, and 42 Right Only questions
INFO: dtree.c(1478): Final simple tree
|( WDBNDRY_B 0 7.361e+04 2.593e+03 3.331e+03
|    ( SILENCE -1 6.076e+04 1.326e+03 2.786e+03
|        ( - 1.400e+04 7 0 QUESTION0_1_R 1 3.773e+02 7.210e+02)
|        ( QUESTION0_1_R 1 4.543e+04 8.143e+02 2.065e+03
|            ( - 1.355e+04 13 0 QUESTION1 -1 3.450e+02 6.388e+02)
|            ( QUESTION1 -1 3.107e+04 5.839e+02 1.426e+03
|                ( - 1.367e+04 10 0 QUESTION0_0_R 1 3.139e+02 6.595e+02)
|                ( QUESTION2_3_L -1 1.681e+04 4.124e+02 7.670e+02
|                    ( - 4.149e+03 14 0 QUESTION0_0_R 1 2.604e+02 2.070e+02)
|                    ( - 1.225e+04 40 0 QUESTION0 -1 3.228e+02 5.600e+02)))))
|    ( QUESTION4 -1 1.026e+04 1.105e+03 5.443e+02
|        ( - 4.660e+03 5 0 QUESTION0_0_R 1 1.865e+02 3.188e+02)
|        ( QUESTION0 -1 4.498e+03 5.530e+02 2.255e+02
|            ( - 2.186e+03 6 0 QUESTION0_0_R 1 3.412e+02 1.212e+02)
|            ( - 1.759e+03 3 0 QUESTION0 1 2.349e+02 1.043e+02))))
s>    ( WDBNDRY_B 0 7.361e+04 2.593e+03 3.331e+03
s>        ( SILENCE -1 6.076e+04 1.326e+03 2.786e+03
s>            ( - 1.400e+04 7 0 QUESTION0_1_R 1 3.773e+02 7.210e+02)
s>            ( QUESTION0_1_R 1 4.543e+04 8.143e+02 2.065e+03
s>                ( - 1.355e+04 13 0 QUESTION1 -1 3.450e+02 6.388e+02)
s>                ( QUESTION1 -1 3.107e+04 5.839e+02 1.426e+03
s>                    ( - 1.367e+04 10 0 QUESTION0_0_R 1 3.139e+02 6.595e+02)
s>                    ( QUESTION2_3_L -1 1.681e+04 4.124e+02 7.670e+02
s>                        ( - 4.149e+03 14 0 QUESTION0_0_R 1 2.604e+02 2.070e+02)
s>                        ( - 1.225e+04 40 0 QUESTION0 -1 3.228e+02 5.600e+02)))))
s>        ( QUESTION4 -1 1.026e+04 1.105e+03 5.443e+02
s>            ( - 4.660e+03 5 0 QUESTION0_0_R 1 1.865e+02 3.188e+02)
s>            ( QUESTION0 -1 4.498e+03 5.530e+02 2.255e+02
s>                ( - 2.186e+03 6 0 QUESTION0_0_R 1 3.412e+02 1.212e+02)
s>                ( - 1.759e+03 3 0 QUESTION0 1 2.349e+02 1.043e+02))))INFO: dtree.c(1315): Comp split 0
INFO: dtree.c(1478): Final simple tree
|( SILENCE -1 6.300e+04 1.302e+03 2.891e+03
|    ( QUESTION0_1_R 1 1.400e+04 3.773e+02 7.210e+02
|        ( - 6.603e+03 1 0)
|        ( - 7.018e+03 6 0 QUESTION5 1 2.570e+02 3.567e+02))
|    ( QUESTION0_1_R 1 4.770e+04 8.095e+02 2.170e+03
|        ( QUESTION2_0_L -1 1.463e+04 3.555e+02 6.882e+02
|            ( - 9.622e+03 12 0 QUESTION1 -1 3.672e+02 4.578e+02)
|            ( - 4.650e+03 2 0 QUESTION2_12_L -1 2.823e+02 2.304e+02))
|        ( QUESTION1 -1 3.226e+04 6.066e+02 1.481e+03
|            ( - 1.367e+04 10 0 QUESTION0_0_R 1 3.139e+02 6.595e+02)
|            ( QUESTION2_3_L -1 1.798e+04 4.184e+02 8.219e+02
|                ( - 4.149e+03 14 0 QUESTION0_0_R 1 2.604e+02 2.070e+02)
|                ( WDBNDRY_B 0 1.341e+04 3.728e+02 6.149e+02
|                    ( - 1.225e+04 40 0 QUESTION0 -1 3.228e+02 5.600e+02)
|                    ( - 7.939e+02 2 0 QUESTION0 1 8.424e+01 5.488e+01))))))
s>    ( SILENCE -1 6.300e+04 1.302e+03 2.891e+03
s>        ( QUESTION0_1_R 1 1.400e+04 3.773e+02 7.210e+02
s>            ( - 6.603e+03 1 0)
s>            ( - 7.018e+03 6 0 QUESTION5 1 2.570e+02 3.567e+02))
s>        ( QUESTION0_1_R 1 4.770e+04 8.095e+02 2.170e+03
s>            ( QUESTION2_0_L -1 1.463e+04 3.555e+02 6.882e+02
s>                ( - 9.622e+03 12 0 QUESTION1 -1 3.672e+02 4.578e+02)
s>                ( - 4.650e+03 2 0 QUESTION2_12_L -1 2.823e+02 2.304e+02))
s>            ( QUESTION1 -1 3.226e+04 6.066e+02 1.481e+03
s>                ( - 1.367e+04 10 0 QUESTION0_0_R 1 3.139e+02 6.595e+02)
s>                ( QUESTION2_3_L -1 1.798e+04 4.184e+02 8.219e+02
s>                    ( - 4.149e+03 14 0 QUESTION0_0_R 1 2.604e+02 2.070e+02)
s>                    ( WDBNDRY_B 0 1.341e+04 3.728e+02 6.149e+02
s>                        ( - 1.225e+04 40 0 QUESTION0 -1 3.228e+02 5.600e+02)
s>                        ( - 7.939e+02 2 0 QUESTION0 1 8.424e+01 5.488e+01))))))INFO: dtree.c(1478): Final simple tree
|( QUESTION0 -1 7.850e+03 1.004e+03 4.400e+02
|    ( QUESTION0_0_R 1 2.186e+03 3.412e+02 1.212e+02
|        ( QUESTION0_1_R 1 1.139e+03 1.939e+02 7.214e+01
|            ( - 5.777e+02 1 0)
|            ( QUESTION2_0_L -1 3.677e+02 7.760e+01 2.601e+01
|                ( - 1.116e+02 2 0 QUESTION0_5_R 1 3.155e+01 1.100e+01)
|                ( - 1.785e+02 2 0 QUESTION0_5_R 1 3.353e+01 1.501e+01)))
|        ( - 7.056e+02 1 0))
|    ( QUESTION0_0_R 1 4.660e+03 1.865e+02 3.188e+02
|        ( - 4.186e+03 2 0)
|        ( QUESTION0_14_R 1 2.872e+02 4.602e+01 2.404e+01
|            ( - 7.612e+01 1 0)
|            ( QUESTION0_10_R 1 1.651e+02 3.753e+01 1.604e+01
|                ( - 8.780e+01 1 0)
|                ( - 3.976e+01 1 0)))))
s>    ( QUESTION0 -1 7.850e+03 1.004e+03 4.400e+02
s>        ( QUESTION0_0_R 1 2.186e+03 3.412e+02 1.212e+02
s>            ( QUESTION0_1_R 1 1.139e+03 1.939e+02 7.214e+01
s>                ( - 5.777e+02 1 0)
s>                ( QUESTION2_0_L -1 3.677e+02 7.760e+01 2.601e+01
s>                    ( - 1.116e+02 2 0 QUESTION0_5_R 1 3.155e+01 1.100e+01)
s>                    ( - 1.785e+02 2 0 QUESTION0_5_R 1 3.353e+01 1.501e+01)))
s>            ( - 7.056e+02 1 0))
s>        ( QUESTION0_0_R 1 4.660e+03 1.865e+02 3.188e+02
s>            ( - 4.186e+03 2 0)
s>            ( QUESTION0_14_R 1 2.872e+02 4.602e+01 2.404e+01
s>                ( - 7.612e+01 1 0)
s>                ( QUESTION0_10_R 1 1.651e+02 3.753e+01 1.604e+01
s>                    ( - 8.780e+01 1 0)
s>                    ( - 3.976e+01 1 0)))))INFO: dtree.c(1315): Comp split 1
INFO: dtree.c(1478): Final simple tree
|( QUESTION0_1_R 1 4.770e+04 8.095e+02 2.170e+03
|    ( QUESTION2_0_L -1 1.463e+04 3.555e+02 6.882e+02
|        ( QUESTION1 -1 9.622e+03 3.672e+02 4.578e+02
|            ( - 3.138e+03 2 0)
|            ( QUESTION7 -1 6.117e+03 3.357e+02 2.959e+02
|                ( - 1.111e+03 2 0 WDBNDRY_B 0 1.247e+02 6.738e+01)
|                ( - 4.670e+03 8 0 QUESTION2_4_L -1 2.229e+02 2.285e+02)))
|        ( - 4.650e+03 2 0 QUESTION2_12_L -1 2.823e+02 2.304e+02))
|    ( QUESTION1 -1 3.226e+04 6.066e+02 1.481e+03
|        ( - 1.367e+04 10 0 QUESTION0_0_R 1 3.139e+02 6.595e+02)
|        ( QUESTION2_3_L -1 1.798e+04 4.184e+02 8.219e+02
|            ( - 4.149e+03 14 0 QUESTION0_0_R 1 2.604e+02 2.070e+02)
|            ( WDBNDRY_B 0 1.341e+04 3.728e+02 6.149e+02
|                ( - 1.225e+04 40 0 QUESTION0 -1 3.228e+02 5.600e+02)
|                ( - 7.939e+02 2 0 QUESTION0 1 8.424e+01 5.488e+01)))))
s>    ( QUESTION0_1_R 1 4.770e+04 8.095e+02 2.170e+03
s>        ( QUESTION2_0_L -1 1.463e+04 3.555e+02 6.882e+02
s>            ( QUESTION1 -1 9.622e+03 3.672e+02 4.578e+02
s>                ( - 3.138e+03 2 0)
s>                ( QUESTION7 -1 6.117e+03 3.357e+02 2.959e+02
s>                    ( - 1.111e+03 2 0 WDBNDRY_B 0 1.247e+02 6.738e+01)
s>                    ( - 4.670e+03 8 0 QUESTION2_4_L -1 2.229e+02 2.285e+02)))
s>            ( - 4.650e+03 2 0 QUESTION2_12_L -1 2.823e+02 2.304e+02))
s>        ( QUESTION1 -1 3.226e+04 6.066e+02 1.481e+03
s>            ( - 1.367e+04 10 0 QUESTION0_0_R 1 3.139e+02 6.595e+02)
s>            ( QUESTION2_3_L -1 1.798e+04 4.184e+02 8.219e+02
s>                ( - 4.149e+03 14 0 QUESTION0_0_R 1 2.604e+02 2.070e+02)
s>                ( WDBNDRY_B 0 1.341e+04 3.728e+02 6.149e+02
s>                    ( - 1.225e+04 40 0 QUESTION0 -1 3.228e+02 5.600e+02)
s>                    ( - 7.939e+02 2 0 QUESTION0 1 8.424e+01 5.488e+01)))))INFO: dtree.c(1439): stop. leaf nodes are specific
INFO: dtree.c(1478): Final simple tree
|( QUESTION0_1_R 1 1.400e+04 3.773e+02 7.210e+02
|    ( - 6.603e+03 1 0)
|    ( QUESTION5 1 7.018e+03 2.570e+02 3.567e+02
|        ( QUESTION0_5_R 1 2.347e+03 1.380e+02 1.274e+02
|            ( - 1.870e+03 1 0)
|            ( QUESTION0_0_R 1 3.396e+02 5.539e+01 2.400e+01
|                ( - 3.190e+01 1 0)
|                ( - 2.523e+02 1 0)))
|        ( QUESTION0_8_R 1 4.414e+03 1.732e+02 2.293e+02
|            ( - 2.384e+03 1 0)
|            ( QUESTION0_0_R 1 1.857e+03 1.453e+02 1.038e+02
|                ( - 6.584e+02 1 0)
|                ( - 1.053e+03 1 0)))))
s>    ( QUESTION0_1_R 1 1.400e+04 3.773e+02 7.210e+02
s>        ( - 6.603e+03 1 0)
s>        ( QUESTION5 1 7.018e+03 2.570e+02 3.567e+02
s>            ( QUESTION0_5_R 1 2.347e+03 1.380e+02 1.274e+02
s>                ( - 1.870e+03 1 0)
s>                ( QUESTION0_0_R 1 3.396e+02 5.539e+01 2.400e+01
s>                    ( - 3.190e+01 1 0)
s>                    ( - 2.523e+02 1 0)))
s>            ( QUESTION0_8_R 1 4.414e+03 1.732e+02 2.293e+02
s>                ( - 2.384e+03 1 0)
s>                ( QUESTION0_0_R 1 1.857e+03 1.453e+02 1.038e+02
s>                    ( - 6.584e+02 1 0)
s>                    ( - 1.053e+03 1 0)))))INFO: dtree.c(1315): Comp split 2
INFO: dtree.c(1439): stop. leaf nodes are specific
INFO: dtree.c(1478): Final simple tree
|( QUESTION0_0_R 1 4.660e+03 1.865e+02 3.188e+02
|    ( - 4.186e+03 2 0)
|    ( QUESTION0_14_R 1 2.872e+02 4.602e+01 2.404e+01
|        ( - 7.612e+01 1 0)
|        ( QUESTION0_10_R 1 1.651e+02 3.753e+01 1.604e+01
|            ( - 8.780e+01 1 0)
|            ( - 3.976e+01 1 0))))
s>    ( QUESTION0_0_R 1 4.660e+03 1.865e+02 3.188e+02
s>        ( - 4.186e+03 2 0)
s>        ( QUESTION0_14_R 1 2.872e+02 4.602e+01 2.404e+01
s>            ( - 7.612e+01 1 0)
s>            ( QUESTION0_10_R 1 1.651e+02 3.753e+01 1.604e+01
s>                ( - 8.780e+01 1 0)
s>                ( - 3.976e+01 1 0))))INFO: dtree.c(1439): stop. leaf nodes are specific
INFO: dtree.c(1478): Final simple tree
|( QUESTION0_0_R 1 2.186e+03 3.412e+02 1.212e+02
|    ( QUESTION0_1_R 1 1.139e+03 1.939e+02 7.214e+01
|        ( - 5.777e+02 1 0)
|        ( QUESTION2_0_L -1 3.677e+02 7.760e+01 2.601e+01
|            ( QUESTION0_5_R 1 1.116e+02 3.155e+01 1.100e+01
|                ( - 4.033e+01 1 0)
|                ( - 3.971e+01 1 0))
|            ( QUESTION0_5_R 1 1.785e+02 3.353e+01 1.501e+01
|                ( - 1.350e+02 1 0)
|                ( - 1.005e+01 1 0))))
|    ( - 7.056e+02 1 0))
s>    ( QUESTION0_0_R 1 2.186e+03 3.412e+02 1.212e+02
s>        ( QUESTION0_1_R 1 1.139e+03 1.939e+02 7.214e+01
s>            ( - 5.777e+02 1 0)
s>            ( QUESTION2_0_L -1 3.677e+02 7.760e+01 2.601e+01
s>                ( QUESTION0_5_R 1 1.116e+02 3.155e+01 1.100e+01
s>                    ( - 4.033e+01 1 0)
s>                    ( - 3.971e+01 1 0))
s>                ( QUESTION0_5_R 1 1.785e+02 3.353e+01 1.501e+01
s>                    ( - 1.350e+02 1 0)
s>                    ( - 1.005e+01 1 0))))
s>        ( - 7.056e+02 1 0))INFO: dtree.c(1315): Comp split 3
INFO: dtree.c(1478): Final simple tree
|( QUESTION1 -1 3.370e+04 6.119e+02 1.549e+03
|    ( QUESTION0_0_R 1 1.367e+04 3.139e+02 6.595e+02
|        ( - 4.173e+03 4 0 QUESTION0 1 2.225e+02 2.098e+02)
|        ( - 9.188e+03 6 0 QUESTION0_8_R 1 2.297e+02 4.497e+02))
|    ( WDBNDRY_B 0 1.942e+04 4.639e+02 8.893e+02
|        ( QUESTION2_3_L -1 1.719e+04 4.152e+02 7.850e+02
|            ( QUESTION0_0_R 1 4.149e+03 2.604e+02 2.070e+02
|                ( - 2.194e+03 6 0 QUESTION0 1 1.300e+02 1.164e+02)
|                ( - 1.695e+03 8 0 QUESTION0_8_R 1 1.665e+02 9.059e+01))
|            ( QUESTION0_0_R 1 1.263e+04 3.189e+02 5.780e+02
|                ( - 5.735e+03 16 0 QUESTION0 1 2.428e+02 2.684e+02)
|                ( QUESTION0 -1 6.576e+03 3.058e+02 3.096e+02
|                    ( - 2.060e+03 5 0 QUESTION2_12_L -1 2.135e+02 1.067e+02)
|                    ( - 4.210e+03 20 0 QUESTION2_2_L -1 2.294e+02 2.029e+02))))
|        ( - 1.759e+03 3 0 QUESTION0 1 2.349e+02 1.043e+02)))
s>    ( QUESTION1 -1 3.370e+04 6.119e+02 1.549e+03
s>        ( QUESTION0_0_R 1 1.367e+04 3.139e+02 6.595e+02
s>            ( - 4.173e+03 4 0 QUESTION0 1 2.225e+02 2.098e+02)
s>            ( - 9.188e+03 6 0 QUESTION0_8_R 1 2.297e+02 4.497e+02))
s>        ( WDBNDRY_B 0 1.942e+04 4.639e+02 8.893e+02
s>            ( QUESTION2_3_L -1 1.719e+04 4.152e+02 7.850e+02
s>                ( QUESTION0_0_R 1 4.149e+03 2.604e+02 2.070e+02
s>                    ( - 2.194e+03 6 0 QUESTION0 1 1.300e+02 1.164e+02)
s>                    ( - 1.695e+03 8 0 QUESTION0_8_R 1 1.665e+02 9.059e+01))
s>                ( QUESTION0_0_R 1 1.263e+04 3.189e+02 5.780e+02
s>                    ( - 5.735e+03 16 0 QUESTION0 1 2.428e+02 2.684e+02)
s>                    ( QUESTION0 -1 6.576e+03 3.058e+02 3.096e+02
s>                        ( - 2.060e+03 5 0 QUESTION2_12_L -1 2.135e+02 1.067e+02)
s>                        ( - 4.210e+03 20 0 QUESTION2_2_L -1 2.294e+02 2.029e+02))))
s>            ( - 1.759e+03 3 0 QUESTION0 1 2.349e+02 1.043e+02)))INFO: dtree.c(1478): Final simple tree
|( QUESTION1 -1 1.317e+04 3.466e+02 6.208e+02
|    ( - 3.138e+03 2 0)
|    ( QUESTION2_0_L -1 9.681e+03 3.617e+02 4.589e+02
|        ( QUESTION2_4_L -1 4.670e+03 2.229e+02 2.285e+02
|            ( QUESTION16 -1 1.622e+03 1.953e+02 8.793e+01
|                ( - 6.594e+02 2 0 QUESTION2_9_L -1 9.524e+01 4.246e+01)
|                ( QUESTION4 -1 7.677e+02 1.031e+02 4.546e+01
|                    ( - 4.357e+02 1 0)
|                    ( - 2.288e+02 1 0)))
|            ( QUESTION0 -1 2.825e+03 1.308e+02 1.406e+02
|                ( - 2.484e+03 3 0)
|                ( - 2.104e+02 1 0)))
|        ( QUESTION2_12_L -1 4.650e+03 2.823e+02 2.304e+02
|            ( - 1.853e+03 1 0)
|            ( - 2.515e+03 1 0))))
s>    ( QUESTION1 -1 1.317e+04 3.466e+02 6.208e+02
s>        ( - 3.138e+03 2 0)
s>        ( QUESTION2_0_L -1 9.681e+03 3.617e+02 4.589e+02
s>            ( QUESTION2_4_L -1 4.670e+03 2.229e+02 2.285e+02
s>                ( QUESTION16 -1 1.622e+03 1.953e+02 8.793e+01
s>                    ( - 6.594e+02 2 0 QUESTION2_9_L -1 9.524e+01 4.246e+01)
s>                    ( QUESTION4 -1 7.677e+02 1.031e+02 4.546e+01
s>                        ( - 4.357e+02 1 0)
s>                        ( - 2.288e+02 1 0)))
s>                ( QUESTION0 -1 2.825e+03 1.308e+02 1.406e+02
s>                    ( - 2.484e+03 3 0)
s>                    ( - 2.104e+02 1 0)))
s>            ( QUESTION2_12_L -1 4.650e+03 2.823e+02 2.304e+02
s>                ( - 1.853e+03 1 0)
s>                ( - 2.515e+03 1 0))))INFO: dtree.c(1315): Comp split 4
INFO: dtree.c(1478): Final simple tree
|( QUESTION0_0_R 1 1.600e+04 3.318e+02 7.662e+02
|    ( QUESTION0 1 4.173e+03 2.225e+02 2.098e+02
|        ( - 3.083e+03 2 0)
|        ( - 8.669e+02 2 0))
|    ( QUESTION2_12_L -1 1.149e+04 2.744e+02 5.564e+02
|        ( QUESTION0_8_R 1 8.483e+02 1.358e+02 4.690e+01
|            ( - 4.239e+02 1 0)
|            ( - 2.887e+02 1 0))
|        ( QUESTION0_8_R 1 1.037e+04 2.302e+02 5.095e+02
|            ( QUESTION1 -1 7.709e+03 1.649e+02 3.855e+02
|                ( - 6.804e+03 2 0)
|                ( - 7.400e+02 1 0))
|            ( QUESTION0_10_R 1 2.432e+03 1.672e+02 1.240e+02
|                ( - 7.972e+02 3 0 QUESTION1 -1 5.216e+01 4.660e+01)
|                ( - 1.468e+03 3 0 QUESTION1 -1 9.897e+01 7.735e+01)))))
s>    ( QUESTION0_0_R 1 1.600e+04 3.318e+02 7.662e+02
s>        ( QUESTION0 1 4.173e+03 2.225e+02 2.098e+02
s>            ( - 3.083e+03 2 0)
s>            ( - 8.669e+02 2 0))
s>        ( QUESTION2_12_L -1 1.149e+04 2.744e+02 5.564e+02
s>            ( QUESTION0_8_R 1 8.483e+02 1.358e+02 4.690e+01
s>                ( - 4.239e+02 1 0)
s>                ( - 2.887e+02 1 0))
s>            ( QUESTION0_8_R 1 1.037e+04 2.302e+02 5.095e+02
s>                ( QUESTION1 -1 7.709e+03 1.649e+02 3.855e+02
s>                    ( - 6.804e+03 2 0)
s>                    ( - 7.400e+02 1 0))
s>                ( QUESTION0_10_R 1 2.432e+03 1.672e+02 1.240e+02
s>                    ( - 7.972e+02 3 0 QUESTION1 -1 5.216e+01 4.660e+01)
s>                    ( - 1.468e+03 3 0 QUESTION1 -1 9.897e+01 7.735e+01)))))INFO: dtree.c(1478): Final simple tree
|( WDBNDRY_B 0 1.703e+04 4.631e+02 7.826e+02
|    ( QUESTION2_3_L -1 1.480e+04 3.813e+02 6.783e+02
|        ( QUESTION0_0_R 1 4.149e+03 2.604e+02 2.070e+02
|            ( - 2.194e+03 6 0 QUESTION0 1 1.300e+02 1.164e+02)
|            ( - 1.695e+03 8 0 QUESTION0_8_R 1 1.665e+02 9.059e+01))
|        ( QUESTION0_0_R 1 1.027e+04 3.279e+02 4.713e+02
|            ( QUESTION0 1 5.735e+03 2.428e+02 2.684e+02
|                ( - 3.150e+03 7 0 QUESTION2_12_L -1 2.165e+02 1.514e+02)
|                ( - 2.343e+03 9 0 QUESTION2_1_L -1 1.765e+02 1.170e+02))
|            ( QUESTION2_2_L -1 4.210e+03 2.294e+02 2.029e+02
|                ( - 1.444e+03 10 0 QUESTION0_8_R 1 1.804e+02 7.396e+01)
|                ( - 2.536e+03 10 0 QUESTION0_10_R 1 1.674e+02 1.289e+02))))
|    ( QUESTION0 1 1.759e+03 2.349e+02 1.043e+02
|        ( - 6.347e+02 1 0)
|        ( - 8.891e+02 2 0 QUESTION0_1_R 1 6.488e+01 5.738e+01)))
s>    ( WDBNDRY_B 0 1.703e+04 4.631e+02 7.826e+02
s>        ( QUESTION2_3_L -1 1.480e+04 3.813e+02 6.783e+02
s>            ( QUESTION0_0_R 1 4.149e+03 2.604e+02 2.070e+02
s>                ( - 2.194e+03 6 0 QUESTION0 1 1.300e+02 1.164e+02)
s>                ( - 1.695e+03 8 0 QUESTION0_8_R 1 1.665e+02 9.059e+01))
s>            ( QUESTION0_0_R 1 1.027e+04 3.279e+02 4.713e+02
s>                ( QUESTION0 1 5.735e+03 2.428e+02 2.684e+02
s>                    ( - 3.150e+03 7 0 QUESTION2_12_L -1 2.165e+02 1.514e+02)
s>                    ( - 2.343e+03 9 0 QUESTION2_1_L -1 1.765e+02 1.170e+02))
s>                ( QUESTION2_2_L -1 4.210e+03 2.294e+02 2.029e+02
s>                    ( - 1.444e+03 10 0 QUESTION0_8_R 1 1.804e+02 7.396e+01)
s>                    ( - 2.536e+03 10 0 QUESTION0_10_R 1 1.674e+02 1.289e+02))))
s>        ( QUESTION0 1 1.759e+03 2.349e+02 1.043e+02
s>            ( - 6.347e+02 1 0)
s>            ( - 8.891e+02 2 0 QUESTION0_1_R 1 6.488e+01 5.738e+01)))INFO: dtree.c(1315): Comp split 5
INFO: dtree.c(1478): Final simple tree
|( QUESTION0_0_R 1 1.277e+04 3.247e+02 5.877e+02
|    ( QUESTION2_2_L -1 8.236e+03 3.147e+02 3.848e+02
|        ( QUESTION5 -1 3.407e+03 1.985e+02 1.716e+02
|            ( - 8.246e+02 4 0 QUESTION0 1 9.702e+01 4.611e+01)
|            ( - 2.384e+03 8 0 QUESTION0 1 1.459e+02 1.254e+02))
|        ( QUESTION0 1 4.514e+03 2.476e+02 2.132e+02
|            ( QUESTION2_12_L -1 2.267e+03 2.015e+02 1.113e+02
|                ( - 1.013e+03 1 0)
|                ( - 1.053e+03 3 0 QUESTION0 -1 1.263e+02 5.827e+01))
|            ( - 1.999e+03 6 0 QUESTION0 -1 1.553e+02 1.020e+02)))
|    ( QUESTION2_2_L -1 4.210e+03 2.294e+02 2.029e+02
|        ( QUESTION0_8_R 1 1.444e+03 1.804e+02 7.396e+01
|            ( - 5.996e+02 3 0 QUESTION4 -1 9.819e+01 3.499e+01)
|            ( - 6.645e+02 7 0 QUESTION6 -1 9.519e+01 3.898e+01))
|        ( - 2.536e+03 10 0 QUESTION0_10_R 1 1.674e+02 1.289e+02)))
s>    ( QUESTION0_0_R 1 1.277e+04 3.247e+02 5.877e+02
s>        ( QUESTION2_2_L -1 8.236e+03 3.147e+02 3.848e+02
s>            ( QUESTION5 -1 3.407e+03 1.985e+02 1.716e+02
s>                ( - 8.246e+02 4 0 QUESTION0 1 9.702e+01 4.611e+01)
s>                ( - 2.384e+03 8 0 QUESTION0 1 1.459e+02 1.254e+02))
s>            ( QUESTION0 1 4.514e+03 2.476e+02 2.132e+02
s>                ( QUESTION2_12_L -1 2.267e+03 2.015e+02 1.113e+02
s>                    ( - 1.013e+03 1 0)
s>                    ( - 1.053e+03 3 0 QUESTION0 -1 1.263e+02 5.827e+01))
s>                ( - 1.999e+03 6 0 QUESTION0 -1 1.553e+02 1.020e+02)))
s>        ( QUESTION2_2_L -1 4.210e+03 2.294e+02 2.029e+02
s>            ( QUESTION0_8_R 1 1.444e+03 1.804e+02 7.396e+01
s>                ( - 5.996e+02 3 0 QUESTION4 -1 9.819e+01 3.499e+01)
s>                ( - 6.645e+02 7 0 QUESTION6 -1 9.519e+01 3.898e+01))
s>            ( - 2.536e+03 10 0 QUESTION0_10_R 1 1.674e+02 1.289e+02)))INFO: dtree.c(1439): stop. leaf nodes are specific
INFO: dtree.c(1478): Final simple tree
|( WDBNDRY_B 0 3.783e+03 3.290e+02 1.948e+02
|    ( QUESTION0_8_R 1 1.695e+03 1.665e+02 9.059e+01
|        ( - 8.459e+02 3 0)
|        ( QUESTION0_10_R 1 6.829e+02 6.901e+01 3.947e+01
|            ( - 8.993e+01 2 0)
|            ( - 5.240e+02 3 0)))
|    ( QUESTION0 1 1.759e+03 2.349e+02 1.043e+02
|        ( - 6.347e+02 1 0)
|        ( QUESTION0_1_R 1 8.891e+02 6.488e+01 5.738e+01
|            ( - 7.492e+02 1 0)
|            ( - 7.494e+01 1 0))))
s>    ( WDBNDRY_B 0 3.783e+03 3.290e+02 1.948e+02
s>        ( QUESTION0_8_R 1 1.695e+03 1.665e+02 9.059e+01
s>            ( - 8.459e+02 3 0)
s>            ( QUESTION0_10_R 1 6.829e+02 6.901e+01 3.947e+01
s>                ( - 8.993e+01 2 0)
s>                ( - 5.240e+02 3 0)))
s>        ( QUESTION0 1 1.759e+03 2.349e+02 1.043e+02
s>            ( - 6.347e+02 1 0)
s>            ( QUESTION0_1_R 1 8.891e+02 6.488e+01 5.738e+01
s>                ( - 7.492e+02 1 0)
s>                ( - 7.494e+01 1 0))))INFO: dtree.c(1315): Comp split 6
INFO: dtree.c(1439): stop. leaf nodes are specific
INFO: dtree.c(1478): Final simple tree
|( QUESTION2_0_L -1 5.826e+03 2.883e+02 2.825e+02
|    ( QUESTION0 -1 3.685e+03 2.151e+02 1.830e+02
|        ( - 2.484e+03 3 0)
|        ( QUESTION4 -1 9.864e+02 1.166e+02 5.746e+01
|            ( - 2.104e+02 1 0)
|            ( QUESTION2_9_L -1 6.594e+02 9.524e+01 4.246e+01
|                ( - 1.496e+02 1 0)
|                ( - 4.146e+02 1 0))))
|    ( - 1.853e+03 1 0))
s>    ( QUESTION2_0_L -1 5.826e+03 2.883e+02 2.825e+02
s>        ( QUESTION0 -1 3.685e+03 2.151e+02 1.830e+02
s>            ( - 2.484e+03 3 0)
s>            ( QUESTION4 -1 9.864e+02 1.166e+02 5.746e+01
s>                ( - 2.104e+02 1 0)
s>                ( QUESTION2_9_L -1 6.594e+02 9.524e+01 4.246e+01
s>                    ( - 1.496e+02 1 0)
s>                    ( - 4.146e+02 1 0))))
s>        ( - 1.853e+03 1 0))INFO: dtree.c(1439): stop. leaf nodes are specific
INFO: dtree.c(1478): Final simple tree
|( QUESTION2 -1 6.904e+03 2.894e+02 3.383e+02
|    ( - 2.515e+03 1 0)
|    ( QUESTION0 -1 4.099e+03 1.939e+02 2.074e+02
|        ( - 3.138e+03 2 0)
|        ( QUESTION4 -1 7.677e+02 1.031e+02 4.546e+01
|            ( - 4.357e+02 1 0)
|            ( - 2.288e+02 1 0))))
s>    ( QUESTION2 -1 6.904e+03 2.894e+02 3.383e+02
s>        ( - 2.515e+03 1 0)
s>        ( QUESTION0 -1 4.099e+03 1.939e+02 2.074e+02
s>            ( - 3.138e+03 2 0)
s>            ( QUESTION4 -1 7.677e+02 1.031e+02 4.546e+01
s>                ( - 4.357e+02 1 0)
s>                ( - 2.288e+02 1 0))))INFO: dtree.c(1315): Comp split 7
INFO: dtree.c(1439): stop. leaf nodes are specific
INFO: dtree.c(1478): Final simple tree
|( QUESTION0_0_R 1 6.984e+03 1.294e+02 3.833e+02
|    ( - 6.603e+03 1 0)
|    ( - 2.523e+02 1 0))
s>    ( QUESTION0_0_R 1 6.984e+03 1.294e+02 3.833e+02
s>        ( - 6.603e+03 1 0)
s>        ( - 2.523e+02 1 0))INFO: dtree.c(1439): stop. leaf nodes are specific
INFO: dtree.c(1478): Final simple tree
|( QUESTION5 1 6.627e+03 2.475e+02 3.377e+02
|    ( QUESTION0_5_R 1 1.966e+03 6.440e+01 1.084e+02
|        ( - 1.870e+03 1 0)
|        ( - 3.190e+01 1 0))
|    ( QUESTION0_8_R 1 4.414e+03 1.732e+02 2.293e+02
|        ( - 2.384e+03 1 0)
|        ( QUESTION0_0_R 1 1.857e+03 1.453e+02 1.038e+02
|            ( - 6.584e+02 1 0)
|            ( - 1.053e+03 1 0))))
s>    ( QUESTION5 1 6.627e+03 2.475e+02 3.377e+02
s>        ( QUESTION0_5_R 1 1.966e+03 6.440e+01 1.084e+02
s>            ( - 1.870e+03 1 0)
s>            ( - 3.190e+01 1 0))
s>        ( QUESTION0_8_R 1 4.414e+03 1.732e+02 2.293e+02
s>            ( - 2.384e+03 1 0)
s>            ( QUESTION0_0_R 1 1.857e+03 1.453e+02 1.038e+02
s>                ( - 6.584e+02 1 0)
s>                ( - 1.053e+03 1 0))))INFO: dtree.c(1315): Comp split 8
INFO: dtree.c(1478): Final simple tree
|( QUESTION0 1 6.350e+03 2.646e+02 2.943e+02
|    ( QUESTION2_12_L -1 3.033e+03 2.201e+02 1.464e+02
|        ( - 1.013e+03 1 0)
|        ( QUESTION0 -1 1.800e+03 1.766e+02 9.338e+01
|            ( - 6.653e+02 1 0)
|            ( QUESTION16 -1 9.581e+02 1.342e+02 5.511e+01
|                ( - 4.807e+02 1 0)
|                ( - 3.432e+02 3 0 QUESTION7 -1 8.286e+01 2.500e+01))))
|    ( QUESTION2_2_L -1 3.052e+03 2.081e+02 1.480e+02
|        ( - 8.450e+02 5 0 QUESTION4 -1 1.153e+02 4.599e+01)
|        ( QUESTION0 -1 1.999e+03 1.553e+02 1.020e+02
|            ( - 8.346e+02 2 0 QUESTION2_12_L -1 1.210e+02 4.598e+01)
|            ( QUESTION4 -1 1.009e+03 1.365e+02 5.600e+01
|                ( - 3.552e+02 2 0)
|                ( - 5.177e+02 2 0 QUESTION0_1_R 1 9.186e+01 3.300e+01)))))
s>    ( QUESTION0 1 6.350e+03 2.646e+02 2.943e+02
s>        ( QUESTION2_12_L -1 3.033e+03 2.201e+02 1.464e+02
s>            ( - 1.013e+03 1 0)
s>            ( QUESTION0 -1 1.800e+03 1.766e+02 9.338e+01
s>                ( - 6.653e+02 1 0)
s>                ( QUESTION16 -1 9.581e+02 1.342e+02 5.511e+01
s>                    ( - 4.807e+02 1 0)
s>                    ( - 3.432e+02 3 0 QUESTION7 -1 8.286e+01 2.500e+01))))
s>        ( QUESTION2_2_L -1 3.052e+03 2.081e+02 1.480e+02
s>            ( - 8.450e+02 5 0 QUESTION4 -1 1.153e+02 4.599e+01)
s>            ( QUESTION0 -1 1.999e+03 1.553e+02 1.020e+02
s>                ( - 8.346e+02 2 0 QUESTION2_12_L -1 1.210e+02 4.598e+01)
s>                ( QUESTION4 -1 1.009e+03 1.365e+02 5.600e+01
s>                    ( - 3.552e+02 2 0)
s>                    ( - 5.177e+02 2 0 QUESTION0_1_R 1 9.186e+01 3.300e+01)))))INFO: dtree.c(1478): Final simple tree
|( QUESTION0_0_R 1 6.045e+03 2.857e+02 2.934e+02
|    ( QUESTION0 1 2.384e+03 1.459e+02 1.254e+02
|        ( - 1.802e+03 4 0 QUESTION0 -1 6.574e+01 9.659e+01)
|        ( - 4.361e+02 4 0 QUESTION0 -1 4.399e+01 2.885e+01))
|    ( QUESTION0_10_R 1 3.375e+03 2.030e+02 1.679e+02
|        ( QUESTION2_1_L -1 7.892e+02 9.693e+01 4.637e+01
|            ( - 5.095e+02 3 0 QUESTION4 -1 4.911e+01 3.237e+01)
|            ( - 1.828e+02 3 0 QUESTION4 -1 4.243e+01 1.400e+01))
|        ( QUESTION4 -1 2.383e+03 1.529e+02 1.215e+02
|            ( QUESTION0_8_R 1 1.466e+03 1.213e+02 7.855e+01
|                ( - 7.648e+02 2 0)
|                ( - 5.803e+02 3 0 QUESTION2_1_L -1 5.164e+01 3.393e+01))
|            ( QUESTION11 -1 7.636e+02 9.847e+01 4.300e+01
|                ( - 1.495e+02 1 0)
|                ( - 5.156e+02 5 0 QUESTION0_8_R 1 7.508e+01 3.000e+01)))))
s>    ( QUESTION0_0_R 1 6.045e+03 2.857e+02 2.934e+02
s>        ( QUESTION0 1 2.384e+03 1.459e+02 1.254e+02
s>            ( - 1.802e+03 4 0 QUESTION0 -1 6.574e+01 9.659e+01)
s>            ( - 4.361e+02 4 0 QUESTION0 -1 4.399e+01 2.885e+01))
s>        ( QUESTION0_10_R 1 3.375e+03 2.030e+02 1.679e+02
s>            ( QUESTION2_1_L -1 7.892e+02 9.693e+01 4.637e+01
s>                ( - 5.095e+02 3 0 QUESTION4 -1 4.911e+01 3.237e+01)
s>                ( - 1.828e+02 3 0 QUESTION4 -1 4.243e+01 1.400e+01))
s>            ( QUESTION4 -1 2.383e+03 1.529e+02 1.215e+02
s>                ( QUESTION0_8_R 1 1.466e+03 1.213e+02 7.855e+01
s>                    ( - 7.648e+02 2 0)
s>                    ( - 5.803e+02 3 0 QUESTION2_1_L -1 5.164e+01 3.393e+01))
s>                ( QUESTION11 -1 7.636e+02 9.847e+01 4.300e+01
s>                    ( - 1.495e+02 1 0)
s>                    ( - 5.156e+02 5 0 QUESTION0_8_R 1 7.508e+01 3.000e+01)))))INFO: dtree.c(1315): Comp split 9
INFO: dtree.c(1439): stop. leaf nodes are specific
INFO: dtree.c(1478): Final simple tree
|( QUESTION0_8_R 1 1.083e+04 2.454e+02 5.295e+02
|    ( QUESTION1 -1 7.709e+03 1.649e+02 3.855e+02
|        ( - 6.804e+03 2 0)
|        ( - 7.400e+02 1 0))
|    ( QUESTION1 -1 2.874e+03 1.822e+02 1.439e+02
|        ( QUESTION0_10_R 1 2.155e+03 1.590e+02 1.100e+02
|            ( - 7.203e+02 2 0)
|            ( - 1.275e+03 2 0))
|        ( QUESTION2_12_L -1 5.371e+02 9.153e+01 3.398e+01
|            ( - 2.887e+02 1 0)
|            ( QUESTION0_10_R 1 1.569e+02 3.857e+01 1.400e+01
|                ( - 2.478e+01 1 0)
|                ( - 9.357e+01 1 0)))))
s>    ( QUESTION0_8_R 1 1.083e+04 2.454e+02 5.295e+02
s>        ( QUESTION1 -1 7.709e+03 1.649e+02 3.855e+02
s>            ( - 6.804e+03 2 0)
s>            ( - 7.400e+02 1 0))
s>        ( QUESTION1 -1 2.874e+03 1.822e+02 1.439e+02
s>            ( QUESTION0_10_R 1 2.155e+03 1.590e+02 1.100e+02
s>                ( - 7.203e+02 2 0)
s>                ( - 1.275e+03 2 0))
s>            ( QUESTION2_12_L -1 5.371e+02 9.153e+01 3.398e+01
s>                ( - 2.887e+02 1 0)
s>                ( QUESTION0_10_R 1 1.569e+02 3.857e+01 1.400e+01
s>                    ( - 2.478e+01 1 0)
s>                    ( - 9.357e+01 1 0)))))INFO: dtree.c(1439): stop. leaf nodes are specific
INFO: dtree.c(1478): Final simple tree
|( QUESTION0 1 4.819e+03 2.820e+02 2.367e+02
|    ( - 3.083e+03 2 0)
|    ( QUESTION0_0_R 1 1.454e+03 1.632e+02 7.608e+01
|        ( - 8.669e+02 2 0)
|        ( - 4.239e+02 1 0)))
s>    ( QUESTION0 1 4.819e+03 2.820e+02 2.367e+02
s>        ( - 3.083e+03 2 0)
s>        ( QUESTION0_0_R 1 1.454e+03 1.632e+02 7.608e+01
s>            ( - 8.669e+02 2 0)
s>            ( - 4.239e+02 1 0)))INFO: dtree.c(1315): Comp split 10
INFO: dtree.c(1439): stop. leaf nodes are specific
INFO: dtree.c(1478): Final simple tree
|( QUESTION0_0_R 1 9.777e+02 1.371e+02 6.194e+01
|    ( - 1.350e+02 1 0)
|    ( - 7.056e+02 1 0))
s>    ( QUESTION0_0_R 1 9.777e+02 1.371e+02 6.194e+01
s>        ( - 1.350e+02 1 0)
s>        ( - 7.056e+02 1 0))INFO: dtree.c(1439): stop. leaf nodes are specific
INFO: dtree.c(1478): Final simple tree
|( QUESTION0_1_R 1 8.636e+02 1.304e+02 5.929e+01
|    ( - 5.777e+02 1 0)
|    ( QUESTION0_5_R 1 1.555e+02 3.886e+01 1.316e+01
|        ( - 4.033e+01 1 0)
|        ( QUESTION2_0_L -1 7.628e+01 2.652e+01 8.159e+00
|            ( - 3.971e+01 1 0)
|            ( - 1.005e+01 1 0))))
s>    ( QUESTION0_1_R 1 8.636e+02 1.304e+02 5.929e+01
s>        ( - 5.777e+02 1 0)
s>        ( QUESTION0_5_R 1 1.555e+02 3.886e+01 1.316e+01
s>            ( - 4.033e+01 1 0)
s>            ( QUESTION2_0_L -1 7.628e+01 2.652e+01 8.159e+00
s>                ( - 3.971e+01 1 0)
s>                ( - 1.005e+01 1 0))))INFO: dtree.c(1315): Comp split 11
INFO: dtree.c(1439): stop. leaf nodes are specific
INFO: dtree.c(1478): Final simple tree
|( QUESTION0 1 1.759e+03 2.349e+02 1.043e+02
|    ( - 6.347e+02 1 0)
|    ( QUESTION0_1_R 1 8.891e+02 6.488e+01 5.738e+01
|        ( - 7.492e+02 1 0)
|        ( - 7.494e+01 1 0)))
s>    ( QUESTION0 1 1.759e+03 2.349e+02 1.043e+02
s>        ( - 6.347e+02 1 0)
s>        ( QUESTION0_1_R 1 8.891e+02 6.488e+01 5.738e+01
s>            ( - 7.492e+02 1 0)
s>            ( - 7.494e+01 1 0)))INFO: dtree.c(1439): stop. leaf nodes are specific
INFO: dtree.c(1478): Final simple tree
|( QUESTION0_8_R 1 1.695e+03 1.665e+02 9.059e+01
|    ( - 8.459e+02 3 0)
|    ( QUESTION0_10_R 1 6.829e+02 6.901e+01 3.947e+01
|        ( - 8.993e+01 2 0)
|        ( - 5.240e+02 3 0)))
s>    ( QUESTION0_8_R 1 1.695e+03 1.665e+02 9.059e+01
s>        ( - 8.459e+02 3 0)
s>        ( QUESTION0_10_R 1 6.829e+02 6.901e+01 3.947e+01
s>            ( - 8.993e+01 2 0)
s>            ( - 5.240e+02 3 0)))INFO: dtree.c(1315): Comp split 12
INFO: dtree.c(1439): stop. leaf nodes are specific
INFO: dtree.c(1478): Final simple tree
|( QUESTION0 -1 2.120e+03 1.176e+02 1.125e+02
|    ( - 1.853e+03 1 0)
|    ( - 1.496e+02 1 0))
s>    ( QUESTION0 -1 2.120e+03 1.176e+02 1.125e+02
s>        ( - 1.853e+03 1 0)
s>        ( - 1.496e+02 1 0))INFO: dtree.c(1439): stop. leaf nodes are specific
INFO: dtree.c(1478): Final simple tree
|( QUESTION0 -1 3.414e+03 2.043e+02 1.700e+02
|    ( - 2.484e+03 3 0)
|    ( QUESTION4 -1 7.266e+02 1.016e+02 4.446e+01
|        ( - 2.104e+02 1 0)
|        ( - 4.146e+02 1 0)))
s>    ( QUESTION0 -1 3.414e+03 2.043e+02 1.700e+02
s>        ( - 2.484e+03 3 0)
s>        ( QUESTION4 -1 7.266e+02 1.016e+02 4.446e+01
s>            ( - 2.104e+02 1 0)
s>            ( - 4.146e+02 1 0)))INFO: dtree.c(1315): Comp split 13
INFO: dtree.c(1439): stop. leaf nodes are specific
INFO: dtree.c(1478): Final simple tree
|( QUESTION0 -1 4.099e+03 1.939e+02 2.074e+02
|    ( - 3.138e+03 2 0)
|    ( QUESTION4 -1 7.677e+02 1.031e+02 4.546e+01
|        ( - 4.357e+02 1 0)
|        ( - 2.288e+02 1 0)))
s>    ( QUESTION0 -1 4.099e+03 1.939e+02 2.074e+02
s>        ( - 3.138e+03 2 0)
s>        ( QUESTION4 -1 7.677e+02 1.031e+02 4.546e+01
s>            ( - 4.357e+02 1 0)
s>            ( - 2.288e+02 1 0)))INFO: dtree.c(1315): Comp split 14
INFO: dtree.c(1478): Final simple tree
|( QUESTION0_10_R 1 3.375e+03 2.030e+02 1.679e+02
|    ( QUESTION2_1_L -1 7.892e+02 9.693e+01 4.637e+01
|        ( - 5.095e+02 3 0 QUESTION4 -1 4.911e+01 3.237e+01)
|        ( - 1.828e+02 3 0 QUESTION4 -1 4.243e+01 1.400e+01))
|    ( QUESTION4 -1 2.383e+03 1.529e+02 1.215e+02
|        ( QUESTION0_8_R 1 1.466e+03 1.213e+02 7.855e+01
|            ( - 7.648e+02 2 0)
|            ( QUESTION2_1_L -1 5.803e+02 5.164e+01 3.393e+01
|                ( - 4.973e+02 2 0)
|                ( - 3.135e+01 1 0)))
|        ( QUESTION11 -1 7.636e+02 9.847e+01 4.300e+01
|            ( - 1.495e+02 1 0)
|            ( QUESTION0_8_R 1 5.156e+02 7.508e+01 3.000e+01
|                ( - 9.870e+01 2 0 QUESTION7 -1 3.333e+01 8.000e+00)
|                ( - 3.419e+02 3 0 QUESTION6 -1 4.924e+01 2.200e+01)))))
s>    ( QUESTION0_10_R 1 3.375e+03 2.030e+02 1.679e+02
s>        ( QUESTION2_1_L -1 7.892e+02 9.693e+01 4.637e+01
s>            ( - 5.095e+02 3 0 QUESTION4 -1 4.911e+01 3.237e+01)
s>            ( - 1.828e+02 3 0 QUESTION4 -1 4.243e+01 1.400e+01))
s>        ( QUESTION4 -1 2.383e+03 1.529e+02 1.215e+02
s>            ( QUESTION0_8_R 1 1.466e+03 1.213e+02 7.855e+01
s>                ( - 7.648e+02 2 0)
s>                ( QUESTION2_1_L -1 5.803e+02 5.164e+01 3.393e+01
s>                    ( - 4.973e+02 2 0)
s>                    ( - 3.135e+01 1 0)))
s>            ( QUESTION11 -1 7.636e+02 9.847e+01 4.300e+01
s>                ( - 1.495e+02 1 0)
s>                ( QUESTION0_8_R 1 5.156e+02 7.508e+01 3.000e+01
s>                    ( - 9.870e+01 2 0 QUESTION7 -1 3.333e+01 8.000e+00)
s>                    ( - 3.419e+02 3 0 QUESTION6 -1 4.924e+01 2.200e+01)))))INFO: dtree.c(1439): stop. leaf nodes are specific
INFO: dtree.c(1478): Final simple tree
|( QUESTION0 1 2.384e+03 1.459e+02 1.254e+02
|    ( QUESTION0 -1 1.802e+03 6.574e+01 9.659e+01
|        ( - 1.690e+03 3 0)
|        ( - 4.578e+01 1 0))
|    ( QUESTION0 -1 4.361e+02 4.399e+01 2.885e+01
|        ( - 3.737e+02 3 0)
|        ( - 1.846e+01 1 0)))
s>    ( QUESTION0 1 2.384e+03 1.459e+02 1.254e+02
s>        ( QUESTION0 -1 1.802e+03 6.574e+01 9.659e+01
s>            ( - 1.690e+03 3 0)
s>            ( - 4.578e+01 1 0))
s>        ( QUESTION0 -1 4.361e+02 4.399e+01 2.885e+01
s>            ( - 3.737e+02 3 0)
s>            ( - 1.846e+01 1 0)))INFO: dtree.c(1315): Comp split 15
INFO: dtree.c(1439): stop. leaf nodes are specific
INFO: dtree.c(1478): Final simple tree
|( QUESTION0 -1 2.666e+03 2.010e+02 1.311e+02
|    ( - 1.013e+03 1 0)
|    ( QUESTION2_1_L -1 1.452e+03 1.438e+02 7.811e+01
|        ( QUESTION0 1 7.307e+02 1.144e+02 4.300e+01
|            ( QUESTION4 -1 2.611e+02 6.979e+01 2.000e+01
|                ( - 1.029e+02 1 0)
|                ( - 8.838e+01 1 0))
|            ( - 3.552e+02 2 0))
|        ( QUESTION6 -1 5.774e+02 6.096e+01 3.511e+01
|            ( - 3.579e+01 1 0)
|            ( - 4.807e+02 1 0))))
s>    ( QUESTION0 -1 2.666e+03 2.010e+02 1.311e+02
s>        ( - 1.013e+03 1 0)
s>        ( QUESTION2_1_L -1 1.452e+03 1.438e+02 7.811e+01
s>            ( QUESTION0 1 7.307e+02 1.144e+02 4.300e+01
s>                ( QUESTION4 -1 2.611e+02 6.979e+01 2.000e+01
s>                    ( - 1.029e+02 1 0)
s>                    ( - 8.838e+01 1 0))
s>                ( - 3.552e+02 2 0))
s>            ( QUESTION6 -1 5.774e+02 6.096e+01 3.511e+01
s>                ( - 3.579e+01 1 0)
s>                ( - 4.807e+02 1 0))))INFO: dtree.c(1478): Final simple tree
|( QUESTION2_13_L -1 3.400e+03 2.216e+02 1.632e+02
|    ( QUESTION0 1 1.278e+03 1.463e+02 6.625e+01
|        ( - 6.653e+02 1 0)
|        ( - 4.669e+02 1 0))
|    ( QUESTION0_2_R 1 1.900e+03 1.854e+02 9.699e+01
|        ( QUESTION6 -1 7.516e+02 9.206e+01 4.400e+01
|            ( - 1.888e+02 1 0)
|            ( QUESTION0 -1 4.707e+02 7.390e+01 2.900e+01
|                ( - 2.467e+02 1 0)
|                ( - 1.501e+02 2 0 QUESTION2_5_L -1 4.010e+01 1.100e+01)))
|        ( QUESTION0_0_R 1 9.627e+02 1.260e+02 5.299e+01
|            ( - 2.371e+02 1 0)
|            ( QUESTION4 -1 5.996e+02 9.819e+01 3.499e+01
|                ( - 2.833e+02 1 0)
|                ( - 2.181e+02 2 0 QUESTION2_9_L -1 4.371e+01 1.600e+01)))))
s>    ( QUESTION2_13_L -1 3.400e+03 2.216e+02 1.632e+02
s>        ( QUESTION0 1 1.278e+03 1.463e+02 6.625e+01
s>            ( - 6.653e+02 1 0)
s>            ( - 4.669e+02 1 0))
s>        ( QUESTION0_2_R 1 1.900e+03 1.854e+02 9.699e+01
s>            ( QUESTION6 -1 7.516e+02 9.206e+01 4.400e+01
s>                ( - 1.888e+02 1 0)
s>                ( QUESTION0 -1 4.707e+02 7.390e+01 2.900e+01
s>                    ( - 2.467e+02 1 0)
s>                    ( - 1.501e+02 2 0 QUESTION2_5_L -1 4.010e+01 1.100e+01)))
s>            ( QUESTION0_0_R 1 9.627e+02 1.260e+02 5.299e+01
s>                ( - 2.371e+02 1 0)
s>                ( QUESTION4 -1 5.996e+02 9.819e+01 3.499e+01
s>                    ( - 2.833e+02 1 0)
s>                    ( - 2.181e+02 2 0 QUESTION2_9_L -1 4.371e+01 1.600e+01)))))INFO: dtree.c(1315): Comp split 16
INFO: dtree.c(1439): stop. leaf nodes are specific
INFO: dtree.c(1478): Final simple tree
|( QUESTION0_0_R 1 1.454e+03 1.632e+02 7.608e+01
|    ( - 8.669e+02 2 0)
|    ( - 4.239e+02 1 0))
s>    ( QUESTION0_0_R 1 1.454e+03 1.632e+02 7.608e+01
s>        ( - 8.669e+02 2 0)
s>        ( - 4.239e+02 1 0))INFO: dtree.c(1315): Comp split 17
INFO: dtree.c(1439): stop. leaf nodes are specific
INFO: dtree.c(1478): Final simple tree
|( QUESTION1 -1 7.893e+03 1.822e+02 3.955e+02
|    ( - 6.804e+03 2 0)
|    ( QUESTION0_8_R 1 9.071e+02 7.355e+01 5.583e+01
|        ( - 7.400e+02 1 0)
|        ( - 9.357e+01 1 0)))
s>    ( QUESTION1 -1 7.893e+03 1.822e+02 3.955e+02
s>        ( - 6.804e+03 2 0)
s>        ( QUESTION0_8_R 1 9.071e+02 7.355e+01 5.583e+01
s>            ( - 7.400e+02 1 0)
s>            ( - 9.357e+01 1 0)))INFO: dtree.c(1439): stop. leaf nodes are specific
INFO: dtree.c(1478): Final simple tree
|( QUESTION0_10_R 1 2.682e+03 1.706e+02 1.339e+02
|    ( QUESTION1 -1 7.972e+02 5.216e+01 4.660e+01
|        ( - 7.203e+02 2 0)
|        ( - 2.478e+01 1 0))
|    ( QUESTION1 -1 1.714e+03 1.500e+02 8.733e+01
|        ( - 1.275e+03 2 0)
|        ( - 2.887e+02 1 0)))
s>    ( QUESTION0_10_R 1 2.682e+03 1.706e+02 1.339e+02
s>        ( QUESTION1 -1 7.972e+02 5.216e+01 4.660e+01
s>            ( - 7.203e+02 2 0)
s>            ( - 2.478e+01 1 0))
s>        ( QUESTION1 -1 1.714e+03 1.500e+02 8.733e+01
s>            ( - 1.275e+03 2 0)
s>            ( - 2.887e+02 1 0)))INFO: dtree.c(1315): Comp split 18
INFO: dtree.c(1439): stop. leaf nodes are specific
INFO: dtree.c(1478): Final simple tree
|( QUESTION0_8_R 1 4.414e+03 1.732e+02 2.293e+02
|    ( - 2.384e+03 1 0)
|    ( QUESTION0_0_R 1 1.857e+03 1.453e+02 1.038e+02
|        ( - 6.584e+02 1 0)
|        ( - 1.053e+03 1 0)))
s>    ( QUESTION0_8_R 1 4.414e+03 1.732e+02 2.293e+02
s>        ( - 2.384e+03 1 0)
s>        ( QUESTION0_0_R 1 1.857e+03 1.453e+02 1.038e+02
s>            ( - 6.584e+02 1 0)
s>            ( - 1.053e+03 1 0)))INFO: dtree.c(1439): stop. leaf nodes are specific
INFO: dtree.c(1478): Final simple tree
|( QUESTION0_5_R 1 1.966e+03 6.440e+01 1.084e+02
|    ( - 1.870e+03 1 0)
|    ( - 3.190e+01 1 0))
s>    ( QUESTION0_5_R 1 1.966e+03 6.440e+01 1.084e+02
s>        ( - 1.870e+03 1 0)
s>        ( - 3.190e+01 1 0))INFO: dtree.c(1315): Comp split 19
INFO: dtree.c(1439): stop. leaf nodes are specific
INFO: dtree.c(1478): Final simple tree
|( QUESTION0_0_R 1 1.575e+03 1.643e+02 8.096e+01
|    ( QUESTION0_1_R 1 8.112e+02 1.072e+02 4.598e+01
|        ( - 2.371e+02 1 0)
|        ( - 4.669e+02 1 0))
|    ( QUESTION4 -1 5.996e+02 9.819e+01 3.499e+01
|        ( - 2.833e+02 1 0)
|        ( QUESTION2_9_L -1 2.181e+02 4.371e+01 1.600e+01
|            ( - 3.935e+01 1 0)
|            ( - 1.350e+02 1 0))))
s>    ( QUESTION0_0_R 1 1.575e+03 1.643e+02 8.096e+01
s>        ( QUESTION0_1_R 1 8.112e+02 1.072e+02 4.598e+01
s>            ( - 2.371e+02 1 0)
s>            ( - 4.669e+02 1 0))
s>        ( QUESTION4 -1 5.996e+02 9.819e+01 3.499e+01
s>            ( - 2.833e+02 1 0)
s>            ( QUESTION2_9_L -1 2.181e+02 4.371e+01 1.600e+01
s>                ( - 3.935e+01 1 0)
s>                ( - 1.350e+02 1 0))))INFO: dtree.c(1439): stop. leaf nodes are specific
INFO: dtree.c(1478): Final simple tree
|( QUESTION0 1 1.582e+03 1.647e+02 8.227e+01
|    ( - 6.653e+02 1 0)
|    ( QUESTION6 -1 7.516e+02 9.206e+01 4.400e+01
|        ( - 1.888e+02 1 0)
|        ( QUESTION0 -1 4.707e+02 7.390e+01 2.900e+01
|            ( - 2.467e+02 1 0)
|            ( QUESTION2_5_L -1 1.501e+02 4.010e+01 1.100e+01
|                ( - 3.678e+01 1 0)
|                ( - 7.324e+01 1 0)))))
s>    ( QUESTION0 1 1.582e+03 1.647e+02 8.227e+01
s>        ( - 6.653e+02 1 0)
s>        ( QUESTION6 -1 7.516e+02 9.206e+01 4.400e+01
s>            ( - 1.888e+02 1 0)
s>            ( QUESTION0 -1 4.707e+02 7.390e+01 2.900e+01
s>                ( - 2.467e+02 1 0)
s>                ( QUESTION2_5_L -1 1.501e+02 4.010e+01 1.100e+01
s>                    ( - 3.678e+01 1 0)
s>                    ( - 7.324e+01 1 0)))))INFO: dtree.c(1315): Comp split 20
INFO: dtree.c(1439): stop. leaf nodes are specific
INFO: dtree.c(1478): Final simple tree
|( QUESTION0_1_R 1 8.891e+02 6.488e+01 5.738e+01
|    ( - 7.492e+02 1 0)
|    ( - 7.494e+01 1 0))
s>    ( QUESTION0_1_R 1 8.891e+02 6.488e+01 5.738e+01
s>        ( - 7.492e+02 1 0)
s>        ( - 7.494e+01 1 0))INFO: dtree.c(1315): Comp split 21
INFO: dtree.c(1439): stop. leaf nodes are specific
INFO: dtree.c(1478): Final simple tree
|( QUESTION0 -1 1.199e+03 9.754e+01 6.300e+01
|    ( - 1.013e+03 1 0)
|    ( - 8.838e+01 1 0))
s>    ( QUESTION0 -1 1.199e+03 9.754e+01 6.300e+01
s>        ( - 1.013e+03 1 0)
s>        ( - 8.838e+01 1 0))INFO: dtree.c(1439): stop. leaf nodes are specific
INFO: dtree.c(1478): Final simple tree
|( QUESTION0 1 1.251e+03 1.343e+02 6.811e+01
|    ( QUESTION16 -1 7.614e+02 1.087e+02 4.511e+01
|        ( - 4.807e+02 1 0)
|        ( QUESTION4 -1 1.720e+02 3.331e+01 1.500e+01
|            ( - 1.029e+02 1 0)
|            ( - 3.579e+01 1 0)))
|    ( - 3.552e+02 2 0))
s>    ( QUESTION0 1 1.251e+03 1.343e+02 6.811e+01
s>        ( QUESTION16 -1 7.614e+02 1.087e+02 4.511e+01
s>            ( - 4.807e+02 1 0)
s>            ( QUESTION4 -1 1.720e+02 3.331e+01 1.500e+01
s>                ( - 1.029e+02 1 0)
s>                ( - 3.579e+01 1 0)))
s>        ( - 3.552e+02 2 0))INFO: dtree.c(1315): Comp split 22
INFO: dtree.c(1478): Final simple tree
|( QUESTION4 -1 1.068e+03 1.164e+02 5.835e+01
|    ( QUESTION2_1_L -1 6.576e+02 8.612e+01 3.835e+01
|        ( - 4.385e+02 2 0)
|        ( QUESTION0_10_R 1 1.331e+02 3.598e+01 9.975e+00
|            ( - 6.573e+01 1 0)
|            ( - 3.135e+01 1 0)))
|    ( QUESTION0_8_R 1 2.938e+02 6.416e+01 2.000e+01
|        ( QUESTION7 -1 9.870e+01 3.333e+01 8.000e+00
|            ( - 1.993e+01 1 0)
|            ( - 4.544e+01 1 0))
|        ( QUESTION10 -1 1.309e+02 3.503e+01 1.200e+01
|            ( - 3.080e+01 1 0)
|            ( QUESTION6 -1 6.509e+01 2.354e+01 7.000e+00
|                ( - 2.196e+01 1 0)
|                ( - 1.959e+01 1 0)))))
s>    ( QUESTION4 -1 1.068e+03 1.164e+02 5.835e+01
s>        ( QUESTION2_1_L -1 6.576e+02 8.612e+01 3.835e+01
s>            ( - 4.385e+02 2 0)
s>            ( QUESTION0_10_R 1 1.331e+02 3.598e+01 9.975e+00
s>                ( - 6.573e+01 1 0)
s>                ( - 3.135e+01 1 0)))
s>        ( QUESTION0_8_R 1 2.938e+02 6.416e+01 2.000e+01
s>            ( QUESTION7 -1 9.870e+01 3.333e+01 8.000e+00
s>                ( - 1.993e+01 1 0)
s>                ( - 4.544e+01 1 0))
s>            ( QUESTION10 -1 1.309e+02 3.503e+01 1.200e+01
s>                ( - 3.080e+01 1 0)
s>                ( QUESTION6 -1 6.509e+01 2.354e+01 7.000e+00
s>                    ( - 2.196e+01 1 0)
s>                    ( - 1.959e+01 1 0)))))INFO: dtree.c(1439): stop. leaf nodes are specific
INFO: dtree.c(1478): Final simple tree
|( QUESTION4 -1 2.098e+03 1.414e+02 1.096e+02
|    ( QUESTION0_8_R 1 1.384e+03 1.214e+02 7.457e+01
|        ( - 7.648e+02 2 0)
|        ( - 4.973e+02 2 0))
|    ( QUESTION10 -1 5.732e+02 8.186e+01 3.500e+01
|        ( - 1.495e+02 1 0)
|        ( QUESTION6 -1 3.419e+02 4.924e+01 2.200e+01
|            ( - 1.936e+02 1 0)
|            ( QUESTION2_9_L -1 9.906e+01 2.015e+01 8.000e+00
|                ( - 5.555e+00 1 0)
|                ( - 7.336e+01 1 0)))))
s>    ( QUESTION4 -1 2.098e+03 1.414e+02 1.096e+02
s>        ( QUESTION0_8_R 1 1.384e+03 1.214e+02 7.457e+01
s>            ( - 7.648e+02 2 0)
s>            ( - 4.973e+02 2 0))
s>        ( QUESTION10 -1 5.732e+02 8.186e+01 3.500e+01
s>            ( - 1.495e+02 1 0)
s>            ( QUESTION6 -1 3.419e+02 4.924e+01 2.200e+01
s>                ( - 1.936e+02 1 0)
s>                ( QUESTION2_9_L -1 9.906e+01 2.015e+01 8.000e+00
s>                    ( - 5.555e+00 1 0)
s>                    ( - 7.336e+01 1 0)))))INFO: dtree.c(1315): Comp split 23
INFO: dtree.c(1439): stop. leaf nodes are specific
INFO: dtree.c(1478): Final simple tree
|( QUESTION4 -1 7.266e+02 1.016e+02 4.446e+01
|    ( - 2.104e+02 1 0)
|    ( - 4.146e+02 1 0))
s>    ( QUESTION4 -1 7.266e+02 1.016e+02 4.446e+01
s>        ( - 2.104e+02 1 0)
s>        ( - 4.146e+02 1 0))INFO: dtree.c(1315): Comp split 24
INFO: dtree.c(1439): stop. leaf nodes are specific
INFO: dtree.c(1478): Final simple tree
|( QUESTION4 -1 7.677e+02 1.031e+02 4.546e+01
|    ( - 4.357e+02 1 0)
|    ( - 2.288e+02 1 0))
s>    ( QUESTION4 -1 7.677e+02 1.031e+02 4.546e+01
s>        ( - 4.357e+02 1 0)
s>        ( - 2.288e+02 1 0))INFO: dtree.c(1315): Comp split 25
INFO: dtree.c(1439): stop. leaf nodes are specific
INFO: dtree.c(1478): Final simple tree
|( QUESTION0_14_R 1 2.872e+02 4.602e+01 2.404e+01
|    ( - 7.612e+01 1 0)
|    ( QUESTION0_10_R 1 1.651e+02 3.753e+01 1.604e+01
|        ( - 8.780e+01 1 0)
|        ( - 3.976e+01 1 0)))
s>    ( QUESTION0_14_R 1 2.872e+02 4.602e+01 2.404e+01
s>        ( - 7.612e+01 1 0)
s>        ( QUESTION0_10_R 1 1.651e+02 3.753e+01 1.604e+01
s>            ( - 8.780e+01 1 0)
s>            ( - 3.976e+01 1 0)))INFO: dtree.c(1315): Comp split 26
INFO: dtree.c(1439): stop. leaf nodes are specific
INFO: dtree.c(1478): Final simple tree
|( QUESTION0_8_R 1 9.071e+02 7.355e+01 5.583e+01
|    ( - 7.400e+02 1 0)
|    ( - 9.357e+01 1 0))
s>    ( QUESTION0_8_R 1 9.071e+02 7.355e+01 5.583e+01
s>        ( - 7.400e+02 1 0)
s>        ( - 9.357e+01 1 0))INFO: dtree.c(1315): Comp split 27
INFO: dtree.c(1439): stop. leaf nodes are specific
INFO: dtree.c(1478): Final simple tree
|( QUESTION1 -1 1.225e+03 1.413e+02 6.658e+01
|    ( - 7.203e+02 2 0)
|    ( QUESTION0_10_R 1 3.637e+02 5.020e+01 2.398e+01
|        ( - 2.478e+01 1 0)
|        ( - 2.887e+02 1 0)))
s>    ( QUESTION1 -1 1.225e+03 1.413e+02 6.658e+01
s>        ( - 7.203e+02 2 0)
s>        ( QUESTION0_10_R 1 3.637e+02 5.020e+01 2.398e+01
s>            ( - 2.478e+01 1 0)
s>            ( - 2.887e+02 1 0)))INFO: dtree.c(1315): Comp split 28
INFO: dtree.c(1439): stop. leaf nodes are specific
INFO: dtree.c(1478): Final simple tree
|( QUESTION0_0_R 1 1.857e+03 1.453e+02 1.038e+02
|    ( - 6.584e+02 1 0)
|    ( - 1.053e+03 1 0))
s>    ( QUESTION0_0_R 1 1.857e+03 1.453e+02 1.038e+02
s>        ( - 6.584e+02 1 0)
s>        ( - 1.053e+03 1 0))INFO: dtree.c(1315): Comp split 29
INFO: dtree.c(1439): stop. leaf nodes are specific
INFO: dtree.c(1478): Final simple tree
|( QUESTION0 -1 7.576e+02 5.556e+01 4.227e+01
|    ( - 6.653e+02 1 0)
|    ( - 3.678e+01 1 0))
s>    ( QUESTION0 -1 7.576e+02 5.556e+01 4.227e+01
s>        ( - 6.653e+02 1 0)
s>        ( - 3.678e+01 1 0))INFO: dtree.c(1439): stop. leaf nodes are specific
INFO: dtree.c(1478): Final simple tree
|( QUESTION6 -1 6.567e+02 8.777e+01 4.000e+01
|    ( - 1.888e+02 1 0)
|    ( QUESTION0 -1 3.801e+02 6.015e+01 2.500e+01
|        ( - 2.467e+02 1 0)
|        ( - 7.324e+01 1 0)))
s>    ( QUESTION6 -1 6.567e+02 8.777e+01 4.000e+01
s>        ( - 1.888e+02 1 0)
s>        ( QUESTION0 -1 3.801e+02 6.015e+01 2.500e+01
s>            ( - 2.467e+02 1 0)
s>            ( - 7.324e+01 1 0)))INFO: dtree.c(1315): Comp split 30
INFO: dtree.c(1439): stop. leaf nodes are specific
INFO: dtree.c(1478): Final simple tree
|( QUESTION0_10_R 1 6.829e+02 6.901e+01 3.947e+01
|    ( - 8.993e+01 2 0)
|    ( - 5.240e+02 3 0))
s>    ( QUESTION0_10_R 1 6.829e+02 6.901e+01 3.947e+01
s>        ( - 8.993e+01 2 0)
s>        ( - 5.240e+02 3 0))INFO: dtree.c(1315): Comp split 31
INFO: dtree.c(1439): stop. leaf nodes are specific
INFO: dtree.c(1478): Final simple tree
|( QUESTION4 -1 5.996e+02 9.819e+01 3.499e+01
|    ( - 2.833e+02 1 0)
|    ( QUESTION2_9_L -1 2.181e+02 4.371e+01 1.600e+01
|        ( - 3.935e+01 1 0)
|        ( - 1.350e+02 1 0)))
s>    ( QUESTION4 -1 5.996e+02 9.819e+01 3.499e+01
s>        ( - 2.833e+02 1 0)
s>        ( QUESTION2_9_L -1 2.181e+02 4.371e+01 1.600e+01
s>            ( - 3.935e+01 1 0)
s>            ( - 1.350e+02 1 0)))INFO: dtree.c(1439): stop. leaf nodes are specific
INFO: dtree.c(1478): Final simple tree
|( QUESTION0_1_R 1 8.112e+02 1.072e+02 4.598e+01
|    ( - 2.371e+02 1 0)
|    ( - 4.669e+02 1 0))
s>    ( QUESTION0_1_R 1 8.112e+02 1.072e+02 4.598e+01
s>        ( - 2.371e+02 1 0)
s>        ( - 4.669e+02 1 0))INFO: dtree.c(1315): Comp split 32
INFO: dtree.c(1315): Comp split 33
INFO: dtree.c(1439): stop. leaf nodes are specific
INFO: dtree.c(1478): Final simple tree
|( QUESTION4 -1 7.836e+02 1.130e+02 4.396e+01
|    ( - 4.973e+02 2 0)
|    ( QUESTION6 -1 1.733e+02 1.828e+01 1.400e+01
|        ( - 1.495e+02 1 0)
|        ( - 5.555e+00 1 0)))
s>    ( QUESTION4 -1 7.836e+02 1.130e+02 4.396e+01
s>        ( - 4.973e+02 2 0)
s>        ( QUESTION6 -1 1.733e+02 1.828e+01 1.400e+01
s>            ( - 1.495e+02 1 0)
s>            ( - 5.555e+00 1 0)))INFO: dtree.c(1439): stop. leaf nodes are specific
INFO: dtree.c(1478): Final simple tree
|( QUESTION0_8_R 1 1.165e+03 8.795e+01 6.561e+01
|    ( - 7.648e+02 2 0)
|    ( QUESTION6 -1 3.121e+02 4.517e+01 2.100e+01
|        ( - 1.936e+02 1 0)
|        ( - 7.336e+01 1 0)))
s>    ( QUESTION0_8_R 1 1.165e+03 8.795e+01 6.561e+01
s>        ( - 7.648e+02 2 0)
s>        ( QUESTION6 -1 3.121e+02 4.517e+01 2.100e+01
s>            ( - 1.936e+02 1 0)
s>            ( - 7.336e+01 1 0)))INFO: dtree.c(1315): Comp split 34
INFO: dtree.c(1439): stop. leaf nodes are specific
INFO: dtree.c(1478): Final simple tree
|( QUESTION0 -1 5.465e+02 7.419e+01 3.385e+01
|    ( - 3.737e+02 3 0)
|    ( QUESTION0 1 9.864e+01 3.441e+01 9.000e+00
|        ( - 4.578e+01 1 0)
|        ( - 1.846e+01 1 0)))
s>    ( QUESTION0 -1 5.465e+02 7.419e+01 3.385e+01
s>        ( - 3.737e+02 3 0)
s>        ( QUESTION0 1 9.864e+01 3.441e+01 9.000e+00
s>            ( - 4.578e+01 1 0)
s>            ( - 1.846e+01 1 0)))INFO: dtree.c(1315): Comp split 35
INFO: dtree.c(1315): Comp split 36
INFO: dtree.c(1439): stop. leaf nodes are specific
INFO: dtree.c(1478): Final simple tree
|( QUESTION0_10_R 1 3.637e+02 5.020e+01 2.398e+01
|    ( - 2.478e+01 1 0)
|    ( - 2.887e+02 1 0))
s>    ( QUESTION0_10_R 1 3.637e+02 5.020e+01 2.398e+01
s>        ( - 2.478e+01 1 0)
s>        ( - 2.887e+02 1 0))INFO: dtree.c(1315): Comp split 37
INFO: dtree.c(1315): Comp split 38
INFO: dtree.c(1439): stop. leaf nodes are specific
INFO: dtree.c(1478): Final simple tree
|( QUESTION4 -1 5.167e+02 4.748e+01 3.337e+01
|    ( - 4.385e+02 2 0)
|    ( - 3.080e+01 1 0))
s>    ( QUESTION4 -1 5.167e+02 4.748e+01 3.337e+01
s>        ( - 4.385e+02 2 0)
s>        ( - 3.080e+01 1 0))INFO: dtree.c(1439): stop. leaf nodes are specific
INFO: dtree.c(1478): Final simple tree
|( QUESTION0_8_R 1 4.146e+02 7.631e+01 2.498e+01
|    ( QUESTION7 -1 9.870e+01 3.333e+01 8.000e+00
|        ( - 1.993e+01 1 0)
|        ( - 4.544e+01 1 0))
|    ( QUESTION4 -1 2.396e+02 4.144e+01 1.698e+01
|        ( QUESTION0_10_R 1 1.331e+02 3.598e+01 9.975e+00
|            ( - 6.573e+01 1 0)
|            ( - 3.135e+01 1 0))
|        ( QUESTION6 -1 6.509e+01 2.354e+01 7.000e+00
|            ( - 2.196e+01 1 0)
|            ( - 1.959e+01 1 0))))
s>    ( QUESTION0_8_R 1 4.146e+02 7.631e+01 2.498e+01
s>        ( QUESTION7 -1 9.870e+01 3.333e+01 8.000e+00
s>            ( - 1.993e+01 1 0)
s>            ( - 4.544e+01 1 0))
s>        ( QUESTION4 -1 2.396e+02 4.144e+01 1.698e+01
s>            ( QUESTION0_10_R 1 1.331e+02 3.598e+01 9.975e+00
s>                ( - 6.573e+01 1 0)
s>                ( - 3.135e+01 1 0))
s>            ( QUESTION6 -1 6.509e+01 2.354e+01 7.000e+00
s>                ( - 2.196e+01 1 0)
s>                ( - 1.959e+01 1 0))))INFO: dtree.c(1315): Comp split 39
INFO: dtree.c(1439): stop. leaf nodes are specific
INFO: dtree.c(1478): Final simple tree
|( QUESTION16 -1 7.614e+02 1.087e+02 4.511e+01
|    ( - 4.807e+02 1 0)
|    ( QUESTION4 -1 1.720e+02 3.331e+01 1.500e+01
|        ( - 1.029e+02 1 0)
|        ( - 3.579e+01 1 0)))
s>    ( QUESTION16 -1 7.614e+02 1.087e+02 4.511e+01
s>        ( - 4.807e+02 1 0)
s>        ( QUESTION4 -1 1.720e+02 3.331e+01 1.500e+01
s>            ( - 1.029e+02 1 0)
s>            ( - 3.579e+01 1 0)))INFO: dtree.c(1315): Comp split 40
INFO: dtree.c(1439): stop. leaf nodes are specific
INFO: dtree.c(1478): Final simple tree
|( QUESTION0_5_R 1 1.555e+02 3.886e+01 1.316e+01
|    ( - 4.033e+01 1 0)
|    ( QUESTION2_0_L -1 7.628e+01 2.652e+01 8.159e+00
|        ( - 3.971e+01 1 0)
|        ( - 1.005e+01 1 0)))
s>    ( QUESTION0_5_R 1 1.555e+02 3.886e+01 1.316e+01
s>        ( - 4.033e+01 1 0)
s>        ( QUESTION2_0_L -1 7.628e+01 2.652e+01 8.159e+00
s>            ( - 3.971e+01 1 0)
s>            ( - 1.005e+01 1 0)))INFO: dtree.c(1315): Comp split 41
INFO: dtree.c(1315): Comp split 42
INFO: dtree.c(1315): Comp split 43
INFO: dtree.c(1439): stop. leaf nodes are specific
INFO: dtree.c(1478): Final simple tree
|( QUESTION6 -1 1.733e+02 1.828e+01 1.400e+01
|    ( - 1.495e+02 1 0)
|    ( - 5.555e+00 1 0))
s>    ( QUESTION6 -1 1.733e+02 1.828e+01 1.400e+01
s>        ( - 1.495e+02 1 0)
s>        ( - 5.555e+00 1 0))INFO: dtree.c(1315): Comp split 44
INFO: dtree.c(1439): stop. leaf nodes are specific
INFO: dtree.c(1478): Final simple tree
|( QUESTION4 -1 1.720e+02 3.331e+01 1.500e+01
|    ( - 1.029e+02 1 0)
|    ( - 3.579e+01 1 0))
s>    ( QUESTION4 -1 1.720e+02 3.331e+01 1.500e+01
s>        ( - 1.029e+02 1 0)
s>        ( - 3.579e+01 1 0))INFO: dtree.c(1315): Comp split 45
INFO: dtree.c(1315): Comp split 46
INFO: dtree.c(1315): Comp split 47
INFO: dtree.c(1315): Comp split 48
INFO: dtree.c(1439): stop. leaf nodes are specific
INFO: dtree.c(1478): Final simple tree
|( QUESTION2_9_L -1 2.181e+02 4.371e+01 1.600e+01
|    ( - 3.935e+01 1 0)
|    ( - 1.350e+02 1 0))
s>    ( QUESTION2_9_L -1 2.181e+02 4.371e+01 1.600e+01
s>        ( - 3.935e+01 1 0)
s>        ( - 1.350e+02 1 0))INFO: dtree.c(1315): Comp split 49
INFO: dtree.c(1315): Comp split 50
INFO: dtree.c(1439): stop. leaf nodes are specific
INFO: dtree.c(1478): Final simple tree
|( QUESTION0_8_R 1 1.507e+02 3.622e+01 1.198e+01
|    ( - 4.544e+01 1 0)
|    ( QUESTION0_10_R 1 6.900e+01 1.569e+01 7.975e+00
|        ( - 2.196e+01 1 0)
|        ( - 3.135e+01 1 0)))
s>    ( QUESTION0_8_R 1 1.507e+02 3.622e+01 1.198e+01
s>        ( - 4.544e+01 1 0)
s>        ( QUESTION0_10_R 1 6.900e+01 1.569e+01 7.975e+00
s>            ( - 2.196e+01 1 0)
s>            ( - 3.135e+01 1 0)))INFO: dtree.c(1439): stop. leaf nodes are specific
INFO: dtree.c(1478): Final simple tree
|( QUESTION4 -1 1.725e+02 4.208e+01 1.300e+01
|    ( - 6.573e+01 1 0)
|    ( QUESTION0_8_R 1 6.466e+01 2.514e+01 7.000e+00
|        ( - 1.993e+01 1 0)
|        ( - 1.959e+01 1 0)))
s>    ( QUESTION4 -1 1.725e+02 4.208e+01 1.300e+01
s>        ( - 6.573e+01 1 0)
s>        ( QUESTION0_8_R 1 6.466e+01 2.514e+01 7.000e+00
s>            ( - 1.993e+01 1 0)
s>            ( - 1.959e+01 1 0)))INFO: dtree.c(1315): Comp split 51
INFO: dtree.c(1439): stop. leaf nodes are specific
INFO: dtree.c(1478): Final simple tree
|( QUESTION6 -1 3.121e+02 4.517e+01 2.100e+01
|    ( - 1.936e+02 1 0)
|    ( - 7.336e+01 1 0))
s>    ( QUESTION6 -1 3.121e+02 4.517e+01 2.100e+01
s>        ( - 1.936e+02 1 0)
s>        ( - 7.336e+01 1 0))INFO: dtree.c(1315): Comp split 52
INFO: dtree.c(1439): stop. leaf nodes are specific
INFO: dtree.c(1478): Final simple tree
|( QUESTION0 -1 3.801e+02 6.015e+01 2.500e+01
|    ( - 2.467e+02 1 0)
|    ( - 7.324e+01 1 0))
s>    ( QUESTION0 -1 3.801e+02 6.015e+01 2.500e+01
s>        ( - 2.467e+02 1 0)
s>        ( - 7.324e+01 1 0))INFO: dtree.c(1315): Comp split 53
INFO: dtree.c(1439): stop. leaf nodes are specific
INFO: dtree.c(1478): Final simple tree
|( QUESTION0 1 9.864e+01 3.441e+01 9.000e+00
|    ( - 4.578e+01 1 0)
|    ( - 1.846e+01 1 0))
s>    ( QUESTION0 1 9.864e+01 3.441e+01 9.000e+00
s>        ( - 4.578e+01 1 0)
s>        ( - 1.846e+01 1 0))INFO: dtree.c(1315): Comp split 54
INFO: dtree.c(1315): Comp split 55
INFO: dtree.c(1315): Comp split 56
INFO: dtree.c(1315): Comp split 57
INFO: dtree.c(1315): Comp split 58
INFO: dtree.c(1315): Comp split 59
INFO: dtree.c(1315): Comp split 60
INFO: dtree.c(1315): Comp split 61
INFO: dtree.c(1315): Comp split 62
INFO: dtree.c(1439): stop. leaf nodes are specific
INFO: dtree.c(1478): Final simple tree
|( QUESTION0_10_R 1 1.651e+02 3.753e+01 1.604e+01
|    ( - 8.780e+01 1 0)
|    ( - 3.976e+01 1 0))
s>    ( QUESTION0_10_R 1 1.651e+02 3.753e+01 1.604e+01
s>        ( - 8.780e+01 1 0)
s>        ( - 3.976e+01 1 0))INFO: dtree.c(1315): Comp split 63
INFO: dtree.c(1315): Comp split 64
INFO: dtree.c(1315): Comp split 65
INFO: dtree.c(1439): stop. leaf nodes are specific
INFO: dtree.c(1478): Final simple tree
|( QUESTION0_8_R 1 6.466e+01 2.514e+01 7.000e+00
|    ( - 1.993e+01 1 0)
|    ( - 1.959e+01 1 0))
s>    ( QUESTION0_8_R 1 6.466e+01 2.514e+01 7.000e+00
s>        ( - 1.993e+01 1 0)
s>        ( - 1.959e+01 1 0))INFO: dtree.c(1315): Comp split 66
INFO: dtree.c(1439): stop. leaf nodes are specific
INFO: dtree.c(1478): Final simple tree
|( QUESTION0_5_R 1 7.605e+01 2.567e+01 7.159e+00
|    ( - 4.033e+01 1 0)
|    ( - 1.005e+01 1 0))
s>    ( QUESTION0_5_R 1 7.605e+01 2.567e+01 7.159e+00
s>        ( - 4.033e+01 1 0)
s>        ( - 1.005e+01 1 0))INFO: dtree.c(1315): Comp split 67
INFO: dtree.c(1315): Comp split 68
INFO: dtree.c(1439): stop. leaf nodes are specific
INFO: dtree.c(1478): Final simple tree
|( QUESTION0_10_R 1 6.900e+01 1.569e+01 7.975e+00
|    ( - 2.196e+01 1 0)
|    ( - 3.135e+01 1 0))
s>    ( QUESTION0_10_R 1 6.900e+01 1.569e+01 7.975e+00
s>        ( - 2.196e+01 1 0)
s>        ( - 3.135e+01 1 0))INFO: dtree.c(1315): Comp split 69
INFO: dtree.c(1315): Comp split 70
INFO: dtree.c(1315): Comp split 71
INFO: dtree.c(1315): Comp split 72
INFO: dtree.c(1315): Comp split 73
INFO: dtree.c(1315): Comp split 74
INFO: dtree.c(1315): Comp split 75
INFO: dtree.c(1318): stop. leaf nodes are specific
Mon May 23 22:39:48 2022
