Current configuration:
[NAME]		[DEFLT]	[VALUE]
-allphones	no	no
-cntthresh	0.00001	1.000000e-05
-csplitmax	100	2000
-csplitmin	1	1
-csplitthr	8e-4	0.000000e+00
-example	no	no
-fullvar	no	no
-help		no	no
-meanfn			
-mixwfn			/home/rakha/Kuliah/Semester8/nlp/speech-sphinx/train-new-model/an4-master/model_parameters/an4.cd_ptm_untied/mixture_weights
-moddeffn		/home/rakha/Kuliah/Semester8/nlp/speech-sphinx/train-new-model/an4-master/model_architecture/an4.untied.mdef
-mwfloor	1e-4	1.000000e-08
-phone			R
-psetfn			/home/rakha/Kuliah/Semester8/nlp/speech-sphinx/train-new-model/an4-master/model_architecture/an4.tree_questions
-ssplitmax	5	7
-ssplitmin	1	1
-ssplitthr	8e-4	0.000000e+00
-state			0
-stwt			1.0,0.05,0.0,
-treefn			/home/rakha/Kuliah/Semester8/nlp/speech-sphinx/train-new-model/an4-master/trees/an4.unpruned/R-0.dtree
-ts2cbfn	.semi.	.semi.
-varfloor	0.00001	1.000000e-05
-varfn			

INFO: main.c(223): Reading: /home/rakha/Kuliah/Semester8/nlp/speech-sphinx/train-new-model/an4-master/model_architecture/an4.untied.mdef
INFO: model_def_io.c(573): Model definition info:
INFO: model_def_io.c(574): 1618 total models defined (34 base, 1584 tri)
INFO: model_def_io.c(575): 6472 total states
INFO: model_def_io.c(576): 4854 total tied states
INFO: model_def_io.c(577): 102 total tied CI states
INFO: model_def_io.c(578): 34 total tied transition matrices
INFO: model_def_io.c(579): 4 max state/model
INFO: model_def_io.c(580): 4 min state/model
INFO: main.c(242): Building trees for [R AA AA e] through [R TH IY i]
INFO: main.c(269): Covering states |[3630 3758]| == 129
INFO: main.c(275): Reading: /home/rakha/Kuliah/Semester8/nlp/speech-sphinx/train-new-model/an4-master/model_parameters/an4.cd_ptm_untied/mixture_weights
INFO: s3mixw_io.c(173): Read /home/rakha/Kuliah/Semester8/nlp/speech-sphinx/train-new-model/an4-master/model_parameters/an4.cd_ptm_untied/mixture_weights [129x4x64 array]
INFO: main.c(311): 43 of 43 models have observation count greater than 0.000010
INFO: main.c(95): nrm stwt: 0.952 0.048 0.000 
INFO: main.c(411): 43-class entropy: 3.241659e+04
INFO: main.c(549): Reading: /home/rakha/Kuliah/Semester8/nlp/speech-sphinx/train-new-model/an4-master/model_architecture/an4.tree_questions
INFO: main.c(588): 180 total simple questions (172 phone; 8 word bndry)
INFO: main.c(590): 42 Left Only questions, and 42 Right Only questions
INFO: dtree.c(1478): Final simple tree
|( QUESTION0 -1 4.707e+04 3.554e+03 2.247e+03
|    ( SILENCE 1 2.286e+04 6.934e+02 1.218e+03
|        ( - 2.443e+03 2 0)
|        ( QUESTION2 1 1.972e+04 6.324e+02 1.066e+03
|            ( - 4.484e+03 6 0 QUESTION0_0_R 1 2.603e+02 2.614e+02)
|            ( QUESTION0_20_R 1 1.460e+04 5.575e+02 8.045e+02
|                ( - 9.834e+02 2 0)
|                ( - 1.306e+04 25 0 QUESTION0_11_R 1 4.578e+02 7.311e+02))))
|    ( QUESTION0_0_R 1 2.066e+04 1.817e+03 1.029e+03
|        ( QUESTION6 -1 8.493e+03 9.189e+02 4.653e+02
|            ( - 3.548e+03 1 0)
|            ( - 4.026e+03 2 0 QUESTION0_1_R 1 3.063e+02 2.511e+02))
|        ( QUESTION1 1 1.035e+04 1.042e+03 5.636e+02
|            ( - 4.164e+03 1 0)
|            ( - 5.145e+03 4 0 QUESTION0 1 4.008e+02 2.932e+02))))
s>    ( QUESTION0 -1 4.707e+04 3.554e+03 2.247e+03
s>        ( SILENCE 1 2.286e+04 6.934e+02 1.218e+03
s>            ( - 2.443e+03 2 0)
s>            ( QUESTION2 1 1.972e+04 6.324e+02 1.066e+03
s>                ( - 4.484e+03 6 0 QUESTION0_0_R 1 2.603e+02 2.614e+02)
s>                ( QUESTION0_20_R 1 1.460e+04 5.575e+02 8.045e+02
s>                    ( - 9.834e+02 2 0)
s>                    ( - 1.306e+04 25 0 QUESTION0_11_R 1 4.578e+02 7.311e+02))))
s>        ( QUESTION0_0_R 1 2.066e+04 1.817e+03 1.029e+03
s>            ( QUESTION6 -1 8.493e+03 9.189e+02 4.653e+02
s>                ( - 3.548e+03 1 0)
s>                ( - 4.026e+03 2 0 QUESTION0_1_R 1 3.063e+02 2.511e+02))
s>            ( QUESTION1 1 1.035e+04 1.042e+03 5.636e+02
s>                ( - 4.164e+03 1 0)
s>                ( - 5.145e+03 4 0 QUESTION0 1 4.008e+02 2.932e+02))))INFO: dtree.c(1315): Comp split 0
INFO: dtree.c(1478): Final simple tree
|( QUESTION0_0_R 1 2.066e+04 1.817e+03 1.029e+03
|    ( QUESTION6 -1 8.493e+03 9.189e+02 4.653e+02
|        ( - 3.548e+03 1 0)
|        ( QUESTION0_1_R 1 4.026e+03 3.063e+02 2.511e+02
|            ( - 8.781e+02 1 0)
|            ( - 2.842e+03 1 0)))
|    ( QUESTION1 1 1.035e+04 1.042e+03 5.636e+02
|        ( - 4.164e+03 1 0)
|        ( QUESTION0 1 5.145e+03 4.008e+02 2.932e+02
|            ( WDBNDRY_B 0 3.691e+03 3.322e+01 2.144e+02
|                ( - 3.650e+03 1 0)
|                ( QUESTION7 -1 8.000e+00 8.000e+00 2.000e+00
|                    ( - 0.000e+00 1 0)
|                    ( - 0.000e+00 1 0)))
|            ( - 1.054e+03 1 0))))
s>    ( QUESTION0_0_R 1 2.066e+04 1.817e+03 1.029e+03
s>        ( QUESTION6 -1 8.493e+03 9.189e+02 4.653e+02
s>            ( - 3.548e+03 1 0)
s>            ( QUESTION0_1_R 1 4.026e+03 3.063e+02 2.511e+02
s>                ( - 8.781e+02 1 0)
s>                ( - 2.842e+03 1 0)))
s>        ( QUESTION1 1 1.035e+04 1.042e+03 5.636e+02
s>            ( - 4.164e+03 1 0)
s>            ( QUESTION0 1 5.145e+03 4.008e+02 2.932e+02
s>                ( WDBNDRY_B 0 3.691e+03 3.322e+01 2.144e+02
s>                    ( - 3.650e+03 1 0)
s>                    ( QUESTION7 -1 8.000e+00 8.000e+00 2.000e+00
s>                        ( - 0.000e+00 1 0)
s>                        ( - 0.000e+00 1 0)))
s>                ( - 1.054e+03 1 0))))INFO: dtree.c(1478): Final simple tree
|( SILENCE 1 2.286e+04 6.934e+02 1.218e+03
|    ( - 2.443e+03 2 0)
|    ( QUESTION2 1 1.972e+04 6.324e+02 1.066e+03
|        ( QUESTION0_0_R 1 4.484e+03 2.603e+02 2.614e+02
|            ( - 2.729e+03 3 0)
|            ( - 1.495e+03 3 0))
|        ( QUESTION0_20_R 1 1.460e+04 5.575e+02 8.045e+02
|            ( - 9.834e+02 2 0)
|            ( QUESTION0_11_R 1 1.306e+04 4.578e+02 7.311e+02
|                ( - 2.975e+03 3 0 QUESTION0_12_R 1 1.383e+02 1.935e+02)
|                ( QUESTION0_10_R 1 9.629e+03 4.582e+02 5.376e+02
|                    ( - 1.831e+03 4 0 WDBNDRY_E 0 1.300e+02 1.317e+02)
|                    ( QUESTION4 1 7.339e+03 4.033e+02 4.059e+02
|                        ( - 2.095e+03 4 0 QUESTION0_9_R 1 2.487e+02 1.272e+02)
|                        ( - 4.841e+03 14 0 QUESTION0_14_R 1 2.564e+02 2.787e+02)))))))
s>    ( SILENCE 1 2.286e+04 6.934e+02 1.218e+03
s>        ( - 2.443e+03 2 0)
s>        ( QUESTION2 1 1.972e+04 6.324e+02 1.066e+03
s>            ( QUESTION0_0_R 1 4.484e+03 2.603e+02 2.614e+02
s>                ( - 2.729e+03 3 0)
s>                ( - 1.495e+03 3 0))
s>            ( QUESTION0_20_R 1 1.460e+04 5.575e+02 8.045e+02
s>                ( - 9.834e+02 2 0)
s>                ( QUESTION0_11_R 1 1.306e+04 4.578e+02 7.311e+02
s>                    ( - 2.975e+03 3 0 QUESTION0_12_R 1 1.383e+02 1.935e+02)
s>                    ( QUESTION0_10_R 1 9.629e+03 4.582e+02 5.376e+02
s>                        ( - 1.831e+03 4 0 WDBNDRY_E 0 1.300e+02 1.317e+02)
s>                        ( QUESTION4 1 7.339e+03 4.033e+02 4.059e+02
s>                            ( - 2.095e+03 4 0 QUESTION0_9_R 1 2.487e+02 1.272e+02)
s>                            ( - 4.841e+03 14 0 QUESTION0_14_R 1 2.564e+02 2.787e+02)))))))INFO: dtree.c(1315): Comp split 1
INFO: dtree.c(1439): stop. leaf nodes are specific
INFO: dtree.c(1478): Final simple tree
|( QUESTION1 1 1.035e+04 1.042e+03 5.636e+02
|    ( - 4.164e+03 1 0)
|    ( QUESTION0 1 5.145e+03 4.008e+02 2.932e+02
|        ( WDBNDRY_B 0 3.691e+03 3.322e+01 2.144e+02
|            ( - 3.650e+03 1 0)
|            ( QUESTION7 -1 8.000e+00 8.000e+00 2.000e+00
|                ( - 0.000e+00 1 0)
|                ( - 0.000e+00 1 0)))
|        ( - 1.054e+03 1 0)))
s>    ( QUESTION1 1 1.035e+04 1.042e+03 5.636e+02
s>        ( - 4.164e+03 1 0)
s>        ( QUESTION0 1 5.145e+03 4.008e+02 2.932e+02
s>            ( WDBNDRY_B 0 3.691e+03 3.322e+01 2.144e+02
s>                ( - 3.650e+03 1 0)
s>                ( QUESTION7 -1 8.000e+00 8.000e+00 2.000e+00
s>                    ( - 0.000e+00 1 0)
s>                    ( - 0.000e+00 1 0)))
s>            ( - 1.054e+03 1 0)))INFO: dtree.c(1439): stop. leaf nodes are specific
INFO: dtree.c(1478): Final simple tree
|( QUESTION6 -1 8.493e+03 9.189e+02 4.653e+02
|    ( - 3.548e+03 1 0)
|    ( QUESTION0_1_R 1 4.026e+03 3.063e+02 2.511e+02
|        ( - 8.781e+02 1 0)
|        ( - 2.842e+03 1 0)))
s>    ( QUESTION6 -1 8.493e+03 9.189e+02 4.653e+02
s>        ( - 3.548e+03 1 0)
s>        ( QUESTION0_1_R 1 4.026e+03 3.063e+02 2.511e+02
s>            ( - 8.781e+02 1 0)
s>            ( - 2.842e+03 1 0)))INFO: dtree.c(1315): Comp split 2
INFO: dtree.c(1439): stop. leaf nodes are specific
INFO: dtree.c(1478): Final simple tree
|( QUESTION0 1 5.145e+03 4.008e+02 2.932e+02
|    ( WDBNDRY_B 0 3.691e+03 3.322e+01 2.144e+02
|        ( - 3.650e+03 1 0)
|        ( QUESTION7 -1 8.000e+00 8.000e+00 2.000e+00
|            ( - 0.000e+00 1 0)
|            ( - 0.000e+00 1 0)))
|    ( - 1.054e+03 1 0))
s>    ( QUESTION0 1 5.145e+03 4.008e+02 2.932e+02
s>        ( WDBNDRY_B 0 3.691e+03 3.322e+01 2.144e+02
s>            ( - 3.650e+03 1 0)
s>            ( QUESTION7 -1 8.000e+00 8.000e+00 2.000e+00
s>                ( - 0.000e+00 1 0)
s>                ( - 0.000e+00 1 0)))
s>        ( - 1.054e+03 1 0))INFO: dtree.c(1315): Comp split 3
INFO: dtree.c(1439): stop. leaf nodes are specific
INFO: dtree.c(1478): Final simple tree
|( QUESTION0_1_R 1 4.026e+03 3.063e+02 2.511e+02
|    ( - 8.781e+02 1 0)
|    ( - 2.842e+03 1 0))
s>    ( QUESTION0_1_R 1 4.026e+03 3.063e+02 2.511e+02
s>        ( - 8.781e+02 1 0)
s>        ( - 2.842e+03 1 0))INFO: dtree.c(1315): Comp split 4
INFO: dtree.c(1439): stop. leaf nodes are specific
INFO: dtree.c(1478): Final simple tree
|( QUESTION0_19_R 1 5.690e+03 4.859e+02 3.323e+02
|    ( - 9.834e+02 2 0)
|    ( QUESTION0_10_R 1 4.221e+03 2.949e+02 2.589e+02
|        ( WDBNDRY_E 0 1.831e+03 1.300e+02 1.317e+02
|            ( - 6.202e+02 2 0)
|            ( - 1.081e+03 2 0))
|        ( QUESTION0_9_R 1 2.095e+03 2.487e+02 1.272e+02
|            ( - 7.276e+02 1 0)
|            ( QUESTION0_0_R 1 1.118e+03 7.742e+01 7.222e+01
|                ( - 6.332e+01 1 0)
|                ( - 9.776e+02 2 0)))))
s>    ( QUESTION0_19_R 1 5.690e+03 4.859e+02 3.323e+02
s>        ( - 9.834e+02 2 0)
s>        ( QUESTION0_10_R 1 4.221e+03 2.949e+02 2.589e+02
s>            ( WDBNDRY_E 0 1.831e+03 1.300e+02 1.317e+02
s>                ( - 6.202e+02 2 0)
s>                ( - 1.081e+03 2 0))
s>            ( QUESTION0_9_R 1 2.095e+03 2.487e+02 1.272e+02
s>                ( - 7.276e+02 1 0)
s>                ( QUESTION0_0_R 1 1.118e+03 7.742e+01 7.222e+01
s>                    ( - 6.332e+01 1 0)
s>                    ( - 9.776e+02 2 0)))))INFO: dtree.c(1478): Final simple tree
|( SILENCE 1 1.626e+04 6.447e+02 8.856e+02
|    ( - 2.443e+03 2 0)
|    ( QUESTION2 1 1.317e+04 5.739e+02 7.336e+02
|        ( QUESTION0_0_R 1 4.484e+03 2.603e+02 2.614e+02
|            ( - 2.729e+03 3 0)
|            ( - 1.495e+03 3 0))
|        ( QUESTION6 1 8.110e+03 3.025e+02 4.722e+02
|            ( QUESTION0_12_R 1 4.264e+03 2.086e+02 2.648e+02
|                ( - 2.420e+03 2 0 WDBNDRY_E 0 4.322e+01 1.606e+02)
|                ( - 1.635e+03 9 0 QUESTION7 1 1.556e+02 1.043e+02))
|            ( QUESTION0 1 3.544e+03 2.496e+02 2.074e+02
|                ( QUESTION0_0_R 1 1.991e+03 1.658e+02 1.276e+02
|                    ( - 1.271e+03 1 0)
|                    ( - 5.542e+02 3 0))
|                ( - 1.303e+03 2 0 QUESTION0_0_R 1 8.211e+01 7.975e+01)))))
s>    ( SILENCE 1 1.626e+04 6.447e+02 8.856e+02
s>        ( - 2.443e+03 2 0)
s>        ( QUESTION2 1 1.317e+04 5.739e+02 7.336e+02
s>            ( QUESTION0_0_R 1 4.484e+03 2.603e+02 2.614e+02
s>                ( - 2.729e+03 3 0)
s>                ( - 1.495e+03 3 0))
s>            ( QUESTION6 1 8.110e+03 3.025e+02 4.722e+02
s>                ( QUESTION0_12_R 1 4.264e+03 2.086e+02 2.648e+02
s>                    ( - 2.420e+03 2 0 WDBNDRY_E 0 4.322e+01 1.606e+02)
s>                    ( - 1.635e+03 9 0 QUESTION7 1 1.556e+02 1.043e+02))
s>                ( QUESTION0 1 3.544e+03 2.496e+02 2.074e+02
s>                    ( QUESTION0_0_R 1 1.991e+03 1.658e+02 1.276e+02
s>                        ( - 1.271e+03 1 0)
s>                        ( - 5.542e+02 3 0))
s>                    ( - 1.303e+03 2 0 QUESTION0_0_R 1 8.211e+01 7.975e+01)))))INFO: dtree.c(1315): Comp split 5
INFO: dtree.c(1478): Final simple tree
|( QUESTION6 1 8.110e+03 3.025e+02 4.722e+02
|    ( QUESTION0_12_R 1 4.264e+03 2.086e+02 2.648e+02
|        ( - 2.420e+03 2 0 WDBNDRY_E 0 4.322e+01 1.606e+02)
|        ( QUESTION7 1 1.635e+03 1.556e+02 1.043e+02
|            ( QUESTION0_18_R 1 1.110e+03 1.078e+02 7.675e+01
|                ( - 3.223e+02 1 0)
|                ( QUESTION0_10_R 1 6.801e+02 1.055e+02 4.803e+01
|                    ( - 4.165e+02 1 0)
|                    ( - 1.581e+02 1 0)))
|            ( - 3.689e+02 6 0 QUESTION0_19_R 1 4.982e+01 2.751e+01)))
|    ( QUESTION0 1 3.544e+03 2.496e+02 2.074e+02
|        ( QUESTION0_0_R 1 1.991e+03 1.658e+02 1.276e+02
|            ( - 1.271e+03 1 0)
|            ( - 5.542e+02 3 0))
|        ( - 1.303e+03 2 0 QUESTION0_0_R 1 8.211e+01 7.975e+01)))
s>    ( QUESTION6 1 8.110e+03 3.025e+02 4.722e+02
s>        ( QUESTION0_12_R 1 4.264e+03 2.086e+02 2.648e+02
s>            ( - 2.420e+03 2 0 WDBNDRY_E 0 4.322e+01 1.606e+02)
s>            ( QUESTION7 1 1.635e+03 1.556e+02 1.043e+02
s>                ( QUESTION0_18_R 1 1.110e+03 1.078e+02 7.675e+01
s>                    ( - 3.223e+02 1 0)
s>                    ( QUESTION0_10_R 1 6.801e+02 1.055e+02 4.803e+01
s>                        ( - 4.165e+02 1 0)
s>                        ( - 1.581e+02 1 0)))
s>                ( - 3.689e+02 6 0 QUESTION0_19_R 1 4.982e+01 2.751e+01)))
s>        ( QUESTION0 1 3.544e+03 2.496e+02 2.074e+02
s>            ( QUESTION0_0_R 1 1.991e+03 1.658e+02 1.276e+02
s>                ( - 1.271e+03 1 0)
s>                ( - 5.542e+02 3 0))
s>            ( - 1.303e+03 2 0 QUESTION0_0_R 1 8.211e+01 7.975e+01)))INFO: dtree.c(1439): stop. leaf nodes are specific
INFO: dtree.c(1478): Final simple tree
|( SILENCE 1 7.462e+03 5.353e+02 4.134e+02
|    ( - 2.443e+03 2 0)
|    ( QUESTION0_0_R 1 4.484e+03 2.603e+02 2.614e+02
|        ( - 2.729e+03 3 0)
|        ( - 1.495e+03 3 0)))
s>    ( SILENCE 1 7.462e+03 5.353e+02 4.134e+02
s>        ( - 2.443e+03 2 0)
s>        ( QUESTION0_0_R 1 4.484e+03 2.603e+02 2.614e+02
s>            ( - 2.729e+03 3 0)
s>            ( - 1.495e+03 3 0)))INFO: dtree.c(1315): Comp split 6
INFO: dtree.c(1439): stop. leaf nodes are specific
INFO: dtree.c(1478): Final simple tree
|( QUESTION0_0_R 1 4.484e+03 2.603e+02 2.614e+02
|    ( - 2.729e+03 3 0)
|    ( - 1.495e+03 3 0))
s>    ( QUESTION0_0_R 1 4.484e+03 2.603e+02 2.614e+02
s>        ( - 2.729e+03 3 0)
s>        ( - 1.495e+03 3 0))INFO: dtree.c(1315): Comp split 7
INFO: dtree.c(1439): stop. leaf nodes are specific
INFO: dtree.c(1478): Final simple tree
|( QUESTION0_10_R 1 4.221e+03 2.949e+02 2.589e+02
|    ( WDBNDRY_E 0 1.831e+03 1.300e+02 1.317e+02
|        ( - 6.202e+02 2 0)
|        ( - 1.081e+03 2 0))
|    ( QUESTION0_9_R 1 2.095e+03 2.487e+02 1.272e+02
|        ( - 7.276e+02 1 0)
|        ( QUESTION0_0_R 1 1.118e+03 7.742e+01 7.222e+01
|            ( - 6.332e+01 1 0)
|            ( - 9.776e+02 2 0))))
s>    ( QUESTION0_10_R 1 4.221e+03 2.949e+02 2.589e+02
s>        ( WDBNDRY_E 0 1.831e+03 1.300e+02 1.317e+02
s>            ( - 6.202e+02 2 0)
s>            ( - 1.081e+03 2 0))
s>        ( QUESTION0_9_R 1 2.095e+03 2.487e+02 1.272e+02
s>            ( - 7.276e+02 1 0)
s>            ( QUESTION0_0_R 1 1.118e+03 7.742e+01 7.222e+01
s>                ( - 6.332e+01 1 0)
s>                ( - 9.776e+02 2 0))))INFO: dtree.c(1315): Comp split 8
INFO: dtree.c(1439): stop. leaf nodes are specific
INFO: dtree.c(1478): Final simple tree
|( WDBNDRY_B 0 3.691e+03 3.322e+01 2.144e+02
|    ( - 3.650e+03 1 0)
|    ( QUESTION7 -1 8.000e+00 8.000e+00 2.000e+00
|        ( - 0.000e+00 1 0)
|        ( - 0.000e+00 1 0)))
s>    ( WDBNDRY_B 0 3.691e+03 3.322e+01 2.144e+02
s>        ( - 3.650e+03 1 0)
s>        ( QUESTION7 -1 8.000e+00 8.000e+00 2.000e+00
s>            ( - 0.000e+00 1 0)
s>            ( - 0.000e+00 1 0)))INFO: dtree.c(1315): Comp split 9
INFO: dtree.c(1478): Final simple tree
|( QUESTION0_14_R 1 2.877e+03 2.308e+02 1.612e+02
|    ( - 1.175e+03 1 0)
|    ( QUESTION0_8_R 1 1.472e+03 1.797e+02 8.909e+01
|        ( - 5.542e+02 3 0)
|        ( QUESTION7 1 7.377e+02 1.147e+02 5.015e+01
|            ( - 1.581e+02 1 0)
|            ( QUESTION0_19_R 1 4.649e+02 6.490e+01 3.510e+01
|                ( WDBNDRY_E 0 2.812e+02 2.197e+01 2.240e+01
|                    ( - 2.590e+02 2 0)
|                    ( - 1.905e-01 1 0))
|                ( QUESTION0_5_R 1 1.188e+02 3.449e+01 1.270e+01
|                    ( - 4.644e+01 1 0)
|                    ( QUESTION0_0_R 1 3.790e+01 1.458e+01 5.107e+00
|                        ( - 0.000e+00 1 0)
|                        ( - 2.333e+01 2 0)))))))
s>    ( QUESTION0_14_R 1 2.877e+03 2.308e+02 1.612e+02
s>        ( - 1.175e+03 1 0)
s>        ( QUESTION0_8_R 1 1.472e+03 1.797e+02 8.909e+01
s>            ( - 5.542e+02 3 0)
s>            ( QUESTION7 1 7.377e+02 1.147e+02 5.015e+01
s>                ( - 1.581e+02 1 0)
s>                ( QUESTION0_19_R 1 4.649e+02 6.490e+01 3.510e+01
s>                    ( WDBNDRY_E 0 2.812e+02 2.197e+01 2.240e+01
s>                        ( - 2.590e+02 2 0)
s>                        ( - 1.905e-01 1 0))
s>                    ( QUESTION0_5_R 1 1.188e+02 3.449e+01 1.270e+01
s>                        ( - 4.644e+01 1 0)
s>                        ( QUESTION0_0_R 1 3.790e+01 1.458e+01 5.107e+00
s>                            ( - 0.000e+00 1 0)
s>                            ( - 2.333e+01 2 0)))))))INFO: dtree.c(1439): stop. leaf nodes are specific
INFO: dtree.c(1478): Final simple tree
|( QUESTION0_0_R 1 4.858e+03 2.021e+02 3.110e+02
|    ( - 1.271e+03 1 0)
|    ( QUESTION0_12_R 1 3.385e+03 1.427e+02 2.223e+02
|        ( WDBNDRY_E 0 2.420e+03 4.322e+01 1.606e+02
|            ( - 2.356e+03 1 0)
|            ( - 2.115e+01 1 0))
|        ( QUESTION0_10_R 1 8.217e+02 8.295e+01 6.170e+01
|            ( - 4.165e+02 1 0)
|            ( - 3.223e+02 1 0))))
s>    ( QUESTION0_0_R 1 4.858e+03 2.021e+02 3.110e+02
s>        ( - 1.271e+03 1 0)
s>        ( QUESTION0_12_R 1 3.385e+03 1.427e+02 2.223e+02
s>            ( WDBNDRY_E 0 2.420e+03 4.322e+01 1.606e+02
s>                ( - 2.356e+03 1 0)
s>                ( - 2.115e+01 1 0))
s>            ( QUESTION0_10_R 1 8.217e+02 8.295e+01 6.170e+01
s>                ( - 4.165e+02 1 0)
s>                ( - 3.223e+02 1 0))))INFO: dtree.c(1315): Comp split 10
INFO: dtree.c(1439): stop. leaf nodes are specific
INFO: dtree.c(1478): Final simple tree
|( WDBNDRY_E 0 1.965e+03 1.408e+02 1.387e+02
|    ( QUESTION0_0_R 1 7.426e+02 5.912e+01 5.519e+01
|        ( - 6.332e+01 1 0)
|        ( - 6.202e+02 2 0))
|    ( - 1.081e+03 2 0))
s>    ( WDBNDRY_E 0 1.965e+03 1.408e+02 1.387e+02
s>        ( QUESTION0_0_R 1 7.426e+02 5.912e+01 5.519e+01
s>            ( - 6.332e+01 1 0)
s>            ( - 6.202e+02 2 0))
s>        ( - 1.081e+03 2 0))INFO: dtree.c(1439): stop. leaf nodes are specific
INFO: dtree.c(1478): Final simple tree
|( QUESTION0_8_R 1 1.948e+03 2.429e+02 1.202e+02
|    ( - 9.776e+02 2 0)
|    ( - 7.276e+02 1 0))
s>    ( QUESTION0_8_R 1 1.948e+03 2.429e+02 1.202e+02
s>        ( - 9.776e+02 2 0)
s>        ( - 7.276e+02 1 0))INFO: dtree.c(1315): Comp split 11
INFO: dtree.c(1315): Comp split 12
INFO: dtree.c(1315): Comp split 13
INFO: dtree.c(1439): stop. leaf nodes are specific
INFO: dtree.c(1478): Final simple tree
|( QUESTION0_14_R 1 1.480e+03 1.285e+02 8.820e+01
|    ( - 1.175e+03 1 0)
|    ( QUESTION0_0_R 1 1.769e+02 1.885e+01 1.605e+01
|        ( - 0.000e+00 1 0)
|        ( - 1.581e+02 1 0)))
s>    ( QUESTION0_14_R 1 1.480e+03 1.285e+02 8.820e+01
s>        ( - 1.175e+03 1 0)
s>        ( QUESTION0_0_R 1 1.769e+02 1.885e+01 1.605e+01
s>            ( - 0.000e+00 1 0)
s>            ( - 1.581e+02 1 0)))INFO: dtree.c(1439): stop. leaf nodes are specific
INFO: dtree.c(1478): Final simple tree
|( QUESTION0_8_R 1 1.154e+03 1.610e+02 7.304e+01
|    ( - 5.542e+02 3 0)
|    ( QUESTION0_19_R 1 4.388e+02 5.891e+01 3.410e+01
|        ( WDBNDRY_E 0 2.812e+02 2.197e+01 2.240e+01
|            ( - 2.590e+02 2 0)
|            ( - 1.905e-01 1 0))
|        ( QUESTION0_0_R 1 9.872e+01 2.895e+01 1.170e+01
|            ( - 4.644e+01 1 0)
|            ( - 2.333e+01 2 0))))
s>    ( QUESTION0_8_R 1 1.154e+03 1.610e+02 7.304e+01
s>        ( - 5.542e+02 3 0)
s>        ( QUESTION0_19_R 1 4.388e+02 5.891e+01 3.410e+01
s>            ( WDBNDRY_E 0 2.812e+02 2.197e+01 2.240e+01
s>                ( - 2.590e+02 2 0)
s>                ( - 1.905e-01 1 0))
s>            ( QUESTION0_0_R 1 9.872e+01 2.895e+01 1.170e+01
s>                ( - 4.644e+01 1 0)
s>                ( - 2.333e+01 2 0))))INFO: dtree.c(1315): Comp split 14
INFO: dtree.c(1315): Comp split 15
INFO: dtree.c(1439): stop. leaf nodes are specific
INFO: dtree.c(1478): Final simple tree
|( QUESTION0_12_R 1 3.385e+03 1.427e+02 2.223e+02
|    ( WDBNDRY_E 0 2.420e+03 4.322e+01 1.606e+02
|        ( - 2.356e+03 1 0)
|        ( - 2.115e+01 1 0))
|    ( QUESTION0_10_R 1 8.217e+02 8.295e+01 6.170e+01
|        ( - 4.165e+02 1 0)
|        ( - 3.223e+02 1 0)))
s>    ( QUESTION0_12_R 1 3.385e+03 1.427e+02 2.223e+02
s>        ( WDBNDRY_E 0 2.420e+03 4.322e+01 1.606e+02
s>            ( - 2.356e+03 1 0)
s>            ( - 2.115e+01 1 0))
s>        ( QUESTION0_10_R 1 8.217e+02 8.295e+01 6.170e+01
s>            ( - 4.165e+02 1 0)
s>            ( - 3.223e+02 1 0)))INFO: dtree.c(1315): Comp split 16
INFO: dtree.c(1439): stop. leaf nodes are specific
INFO: dtree.c(1478): Final simple tree
|( QUESTION0_19_R 1 4.388e+02 5.891e+01 3.410e+01
|    ( WDBNDRY_E 0 2.812e+02 2.197e+01 2.240e+01
|        ( - 2.590e+02 2 0)
|        ( - 1.905e-01 1 0))
|    ( QUESTION0_0_R 1 9.872e+01 2.895e+01 1.170e+01
|        ( - 4.644e+01 1 0)
|        ( - 2.333e+01 2 0)))
s>    ( QUESTION0_19_R 1 4.388e+02 5.891e+01 3.410e+01
s>        ( WDBNDRY_E 0 2.812e+02 2.197e+01 2.240e+01
s>            ( - 2.590e+02 2 0)
s>            ( - 1.905e-01 1 0))
s>        ( QUESTION0_0_R 1 9.872e+01 2.895e+01 1.170e+01
s>            ( - 4.644e+01 1 0)
s>            ( - 2.333e+01 2 0)))INFO: dtree.c(1315): Comp split 17
INFO: dtree.c(1439): stop. leaf nodes are specific
INFO: dtree.c(1478): Final simple tree
|( QUESTION0_10_R 1 8.720e+02 8.715e+01 6.470e+01
|    ( WDBNDRY_E 0 4.626e+02 2.496e+01 3.598e+01
|        ( - 4.165e+02 1 0)
|        ( - 2.115e+01 1 0))
|    ( - 3.223e+02 1 0))
s>    ( QUESTION0_10_R 1 8.720e+02 8.715e+01 6.470e+01
s>        ( WDBNDRY_E 0 4.626e+02 2.496e+01 3.598e+01
s>            ( - 4.165e+02 1 0)
s>            ( - 2.115e+01 1 0))
s>        ( - 3.223e+02 1 0))INFO: dtree.c(1315): Comp split 18
INFO: dtree.c(1439): stop. leaf nodes are specific
INFO: dtree.c(1478): Final simple tree
|( QUESTION0_0_R 1 7.426e+02 5.912e+01 5.519e+01
|    ( - 6.332e+01 1 0)
|    ( - 6.202e+02 2 0))
s>    ( QUESTION0_0_R 1 7.426e+02 5.912e+01 5.519e+01
s>        ( - 6.332e+01 1 0)
s>        ( - 6.202e+02 2 0))INFO: dtree.c(1315): Comp split 19
INFO: dtree.c(1439): stop. leaf nodes are specific
INFO: dtree.c(1478): Final simple tree
|( QUESTION0_0_R 1 1.769e+02 1.885e+01 1.605e+01
|    ( - 0.000e+00 1 0)
|    ( - 1.581e+02 1 0))
s>    ( QUESTION0_0_R 1 1.769e+02 1.885e+01 1.605e+01
s>        ( - 0.000e+00 1 0)
s>        ( - 1.581e+02 1 0))INFO: dtree.c(1315): Comp split 20
INFO: dtree.c(1439): stop. leaf nodes are specific
INFO: dtree.c(1478): Final simple tree
|( WDBNDRY_E 0 4.626e+02 2.496e+01 3.598e+01
|    ( - 4.165e+02 1 0)
|    ( - 2.115e+01 1 0))
s>    ( WDBNDRY_E 0 4.626e+02 2.496e+01 3.598e+01
s>        ( - 4.165e+02 1 0)
s>        ( - 2.115e+01 1 0))INFO: dtree.c(1315): Comp split 21
INFO: dtree.c(1439): stop. leaf nodes are specific
INFO: dtree.c(1478): Final simple tree
|( QUESTION0_0_R 1 1.107e+02 3.056e+01 1.270e+01
|    ( - 4.644e+01 1 0)
|    ( WDBNDRY_E 0 3.372e+01 1.020e+01 5.107e+00
|        ( - 2.333e+01 2 0)
|        ( - 1.905e-01 1 0)))
s>    ( QUESTION0_0_R 1 1.107e+02 3.056e+01 1.270e+01
s>        ( - 4.644e+01 1 0)
s>        ( WDBNDRY_E 0 3.372e+01 1.020e+01 5.107e+00
s>            ( - 2.333e+01 2 0)
s>            ( - 1.905e-01 1 0)))INFO: dtree.c(1315): Comp split 22
INFO: dtree.c(1315): Comp split 23
INFO: dtree.c(1439): stop. leaf nodes are specific
INFO: dtree.c(1478): Final simple tree
|( QUESTION7 -1 8.000e+00 8.000e+00 2.000e+00
|    ( - 0.000e+00 1 0)
|    ( - 0.000e+00 1 0))
s>    ( QUESTION7 -1 8.000e+00 8.000e+00 2.000e+00
s>        ( - 0.000e+00 1 0)
s>        ( - 0.000e+00 1 0))INFO: dtree.c(1315): Comp split 24
INFO: dtree.c(1439): stop. leaf nodes are specific
INFO: dtree.c(1478): Final simple tree
|( WDBNDRY_E 0 3.372e+01 1.020e+01 5.107e+00
|    ( - 2.333e+01 2 0)
|    ( - 1.905e-01 1 0))
s>    ( WDBNDRY_E 0 3.372e+01 1.020e+01 5.107e+00
s>        ( - 2.333e+01 2 0)
s>        ( - 1.905e-01 1 0))INFO: dtree.c(1315): Comp split 25
INFO: dtree.c(1315): Comp split 26
INFO: dtree.c(1315): Comp split 27
INFO: dtree.c(1315): Comp split 28
INFO: dtree.c(1315): Comp split 29
INFO: dtree.c(1318): stop. leaf nodes are specific
Mon May 23 22:39:53 2022
