Current configuration:
[NAME]		[DEFLT]	[VALUE]
-allphones	no	no
-cntthresh	0.00001	1.000000e-05
-csplitmax	100	2000
-csplitmin	1	1
-csplitthr	8e-4	0.000000e+00
-example	no	no
-fullvar	no	no
-help		no	no
-meanfn			
-mixwfn			/home/rakha/Kuliah/Semester8/nlp/speech-sphinx/train-new-model/an4-master/model_parameters/an4.cd_ptm_untied/mixture_weights
-moddeffn		/home/rakha/Kuliah/Semester8/nlp/speech-sphinx/train-new-model/an4-master/model_architecture/an4.untied.mdef
-mwfloor	1e-4	1.000000e-08
-phone			EH
-psetfn			/home/rakha/Kuliah/Semester8/nlp/speech-sphinx/train-new-model/an4-master/model_architecture/an4.tree_questions
-ssplitmax	5	7
-ssplitmin	1	1
-ssplitthr	8e-4	0.000000e+00
-state			2
-stwt			1.0,0.05,0.0,
-treefn			/home/rakha/Kuliah/Semester8/nlp/speech-sphinx/train-new-model/an4-master/trees/an4.unpruned/EH-2.dtree
-ts2cbfn	.semi.	.semi.
-varfloor	0.00001	1.000000e-05
-varfn			

INFO: main.c(223): Reading: /home/rakha/Kuliah/Semester8/nlp/speech-sphinx/train-new-model/an4-master/model_architecture/an4.untied.mdef
INFO: model_def_io.c(573): Model definition info:
INFO: model_def_io.c(574): 1618 total models defined (34 base, 1584 tri)
INFO: model_def_io.c(575): 6472 total states
INFO: model_def_io.c(576): 4854 total tied states
INFO: model_def_io.c(577): 102 total tied CI states
INFO: model_def_io.c(578): 34 total tied transition matrices
INFO: model_def_io.c(579): 4 max state/model
INFO: model_def_io.c(580): 4 min state/model
INFO: main.c(242): Building trees for [EH AH F b] through [EH Y S i]
INFO: main.c(269): Covering states |[978 1271]| == 294
INFO: main.c(275): Reading: /home/rakha/Kuliah/Semester8/nlp/speech-sphinx/train-new-model/an4-master/model_parameters/an4.cd_ptm_untied/mixture_weights
INFO: s3mixw_io.c(173): Read /home/rakha/Kuliah/Semester8/nlp/speech-sphinx/train-new-model/an4-master/model_parameters/an4.cd_ptm_untied/mixture_weights [294x4x64 array]
INFO: main.c(311): 98 of 98 models have observation count greater than 0.000010
INFO: main.c(95): nrm stwt: 0.000 0.048 0.952 
INFO: main.c(411): 98-class entropy: 7.307157e+04
INFO: main.c(549): Reading: /home/rakha/Kuliah/Semester8/nlp/speech-sphinx/train-new-model/an4-master/model_architecture/an4.tree_questions
INFO: main.c(588): 180 total simple questions (172 phone; 8 word bndry)
INFO: main.c(590): 42 Left Only questions, and 42 Right Only questions
INFO: dtree.c(1478): Final simple tree
|( QUESTION0_0_R 1 9.456e+04 2.726e+03 4.862e+03
|    ( WDBNDRY_B 0 5.089e+04 1.980e+03 2.647e+03
|        ( QUESTION0 1 3.865e+04 1.091e+03 2.103e+03
|            ( - 7.541e+03 13 0 QUESTION2 -1 2.475e+02 4.296e+02)
|            ( SILENCE -1 3.002e+04 9.726e+02 1.674e+03
|                ( - 7.179e+03 3 0 QUESTION0_5_R 1 3.266e+02 3.997e+02)
|                ( - 2.186e+04 26 0 QUESTION1 -1 3.832e+02 1.274e+03)))
|        ( QUESTION5 1 1.026e+04 7.411e+02 5.438e+02
|            ( - 6.486e+03 6 0 QUESTION4 -1 1.703e+02 3.784e+02)
|            ( QUESTION6 -1 3.036e+03 4.239e+02 1.655e+02
|                ( - 1.363e+03 1 0)
|                ( - 1.249e+03 3 0 QUESTION0_1_R 1 2.284e+02 7.461e+01))))
|    ( QUESTION0 -1 4.094e+04 5.814e+02 2.215e+03
|        ( - 2.665e+04 20 0 QUESTION0_8_R 1 4.235e+02 1.476e+03)
|        ( - 1.371e+04 26 0 QUESTION4 1 3.921e+02 7.392e+02)))
s>    ( QUESTION0_0_R 1 9.456e+04 2.726e+03 4.862e+03
s>        ( WDBNDRY_B 0 5.089e+04 1.980e+03 2.647e+03
s>            ( QUESTION0 1 3.865e+04 1.091e+03 2.103e+03
s>                ( - 7.541e+03 13 0 QUESTION2 -1 2.475e+02 4.296e+02)
s>                ( SILENCE -1 3.002e+04 9.726e+02 1.674e+03
s>                    ( - 7.179e+03 3 0 QUESTION0_5_R 1 3.266e+02 3.997e+02)
s>                    ( - 2.186e+04 26 0 QUESTION1 -1 3.832e+02 1.274e+03)))
s>            ( QUESTION5 1 1.026e+04 7.411e+02 5.438e+02
s>                ( - 6.486e+03 6 0 QUESTION4 -1 1.703e+02 3.784e+02)
s>                ( QUESTION6 -1 3.036e+03 4.239e+02 1.655e+02
s>                    ( - 1.363e+03 1 0)
s>                    ( - 1.249e+03 3 0 QUESTION0_1_R 1 2.284e+02 7.461e+01))))
s>        ( QUESTION0 -1 4.094e+04 5.814e+02 2.215e+03
s>            ( - 2.665e+04 20 0 QUESTION0_8_R 1 4.235e+02 1.476e+03)
s>            ( - 1.371e+04 26 0 QUESTION4 1 3.921e+02 7.392e+02)))INFO: dtree.c(1315): Comp split 0
INFO: dtree.c(1478): Final simple tree
|( QUESTION0 1 4.029e+04 1.122e+03 2.194e+03
|    ( - 7.541e+03 13 0 QUESTION2 -1 2.475e+02 4.296e+02)
|    ( SILENCE -1 3.163e+04 9.587e+02 1.765e+03
|        ( QUESTION0_5_R 1 7.179e+03 3.266e+02 3.997e+02
|            ( - 1.282e+03 1 0)
|            ( - 5.570e+03 2 0 QUESTION0_1_R 1 3.140e+01 3.171e+02))
|        ( QUESTION2 -1 2.349e+04 3.764e+02 1.365e+03
|            ( QUESTION2_13_L -1 1.216e+04 3.122e+02 7.241e+02
|                ( - 3.285e+03 2 0 QUESTION0_1_R 1 1.961e+02 2.058e+02)
|                ( - 8.564e+03 8 0 QUESTION2_0_L -1 2.403e+02 5.183e+02))
|            ( QUESTION0 -1 1.096e+04 3.451e+02 6.408e+02
|                ( - 4.493e+03 4 0 QUESTION0_1_R 1 1.535e+02 2.753e+02)
|                ( QUESTION2_1_L -1 6.117e+03 2.487e+02 3.656e+02
|                    ( - 2.939e+03 6 0 WDBNDRY_B 0 1.913e+02 1.767e+02)
|                    ( - 2.930e+03 7 0 QUESTION16 -1 1.785e+02 1.888e+02))))))
s>    ( QUESTION0 1 4.029e+04 1.122e+03 2.194e+03
s>        ( - 7.541e+03 13 0 QUESTION2 -1 2.475e+02 4.296e+02)
s>        ( SILENCE -1 3.163e+04 9.587e+02 1.765e+03
s>            ( QUESTION0_5_R 1 7.179e+03 3.266e+02 3.997e+02
s>                ( - 1.282e+03 1 0)
s>                ( - 5.570e+03 2 0 QUESTION0_1_R 1 3.140e+01 3.171e+02))
s>            ( QUESTION2 -1 2.349e+04 3.764e+02 1.365e+03
s>                ( QUESTION2_13_L -1 1.216e+04 3.122e+02 7.241e+02
s>                    ( - 3.285e+03 2 0 QUESTION0_1_R 1 1.961e+02 2.058e+02)
s>                    ( - 8.564e+03 8 0 QUESTION2_0_L -1 2.403e+02 5.183e+02))
s>                ( QUESTION0 -1 1.096e+04 3.451e+02 6.408e+02
s>                    ( - 4.493e+03 4 0 QUESTION0_1_R 1 1.535e+02 2.753e+02)
s>                    ( QUESTION2_1_L -1 6.117e+03 2.487e+02 3.656e+02
s>                        ( - 2.939e+03 6 0 WDBNDRY_B 0 1.913e+02 1.767e+02)
s>                        ( - 2.930e+03 7 0 QUESTION16 -1 1.785e+02 1.888e+02))))))INFO: dtree.c(1478): Final simple tree
|( QUESTION0_0_R 1 5.121e+04 1.915e+03 2.668e+03
|    ( QUESTION0 -1 8.356e+03 6.442e+02 4.530e+02
|        ( - 1.120e+03 5 0 QUESTION0_1_R 1 2.036e+02 6.992e+01)
|        ( - 6.592e+03 4 0 QUESTION4 -1 2.185e+02 3.830e+02))
|    ( QUESTION0 -1 4.094e+04 5.814e+02 2.215e+03
|        ( QUESTION0_8_R 1 2.665e+04 4.235e+02 1.476e+03
|            ( WDBNDRY_B 0 1.917e+04 4.035e+02 1.078e+03
|                ( - 1.685e+04 7 0 QUESTION2_12_L -1 2.876e+02 9.581e+02)
|                ( - 1.921e+03 1 0))
|            ( - 7.059e+03 12 0 QUESTION0_10_R 1 2.836e+02 3.984e+02))
|        ( QUESTION4 1 1.371e+04 3.921e+02 7.392e+02
|            ( QUESTION2_1_L -1 1.148e+04 2.970e+02 6.318e+02
|                ( - 3.001e+03 6 0 QUESTION4 -1 1.693e+02 1.773e+02)
|                ( - 8.184e+03 10 0 QUESTION2_0_L -1 2.651e+02 4.546e+02))
|            ( - 1.834e+03 10 0 QUESTION2_1_L -1 2.126e+02 1.073e+02))))
s>    ( QUESTION0_0_R 1 5.121e+04 1.915e+03 2.668e+03
s>        ( QUESTION0 -1 8.356e+03 6.442e+02 4.530e+02
s>            ( - 1.120e+03 5 0 QUESTION0_1_R 1 2.036e+02 6.992e+01)
s>            ( - 6.592e+03 4 0 QUESTION4 -1 2.185e+02 3.830e+02))
s>        ( QUESTION0 -1 4.094e+04 5.814e+02 2.215e+03
s>            ( QUESTION0_8_R 1 2.665e+04 4.235e+02 1.476e+03
s>                ( WDBNDRY_B 0 1.917e+04 4.035e+02 1.078e+03
s>                    ( - 1.685e+04 7 0 QUESTION2_12_L -1 2.876e+02 9.581e+02)
s>                    ( - 1.921e+03 1 0))
s>                ( - 7.059e+03 12 0 QUESTION0_10_R 1 2.836e+02 3.984e+02))
s>            ( QUESTION4 1 1.371e+04 3.921e+02 7.392e+02
s>                ( QUESTION2_1_L -1 1.148e+04 2.970e+02 6.318e+02
s>                    ( - 3.001e+03 6 0 QUESTION4 -1 1.693e+02 1.773e+02)
s>                    ( - 8.184e+03 10 0 QUESTION2_0_L -1 2.651e+02 4.546e+02))
s>                ( - 1.834e+03 10 0 QUESTION2_1_L -1 2.126e+02 1.073e+02))))INFO: dtree.c(1315): Comp split 1
INFO: dtree.c(1478): Final simple tree
|( QUESTION0 -1 4.094e+04 5.814e+02 2.215e+03
|    ( QUESTION0_8_R 1 2.665e+04 4.235e+02 1.476e+03
|        ( WDBNDRY_B 0 1.917e+04 4.035e+02 1.078e+03
|            ( QUESTION2_12_L -1 1.685e+04 2.876e+02 9.581e+02
|                ( - 9.024e+02 1 0)
|                ( - 1.566e+04 6 0 QUESTION2_0_L -1 2.585e+02 8.959e+02))
|            ( - 1.921e+03 1 0))
|        ( QUESTION0_10_R 1 7.059e+03 2.836e+02 3.984e+02
|            ( - 1.709e+03 5 0 QUESTION1 -1 1.170e+02 1.020e+02)
|            ( - 5.066e+03 7 0 QUESTION2_0_L -1 2.073e+02 2.964e+02)))
|    ( QUESTION4 1 1.371e+04 3.921e+02 7.392e+02
|        ( QUESTION2_1_L -1 1.148e+04 2.970e+02 6.318e+02
|            ( - 3.001e+03 6 0 QUESTION4 -1 1.693e+02 1.773e+02)
|            ( - 8.184e+03 10 0 QUESTION2_0_L -1 2.651e+02 4.546e+02))
|        ( - 1.834e+03 10 0 QUESTION2_1_L -1 2.126e+02 1.073e+02)))
s>    ( QUESTION0 -1 4.094e+04 5.814e+02 2.215e+03
s>        ( QUESTION0_8_R 1 2.665e+04 4.235e+02 1.476e+03
s>            ( WDBNDRY_B 0 1.917e+04 4.035e+02 1.078e+03
s>                ( QUESTION2_12_L -1 1.685e+04 2.876e+02 9.581e+02
s>                    ( - 9.024e+02 1 0)
s>                    ( - 1.566e+04 6 0 QUESTION2_0_L -1 2.585e+02 8.959e+02))
s>                ( - 1.921e+03 1 0))
s>            ( QUESTION0_10_R 1 7.059e+03 2.836e+02 3.984e+02
s>                ( - 1.709e+03 5 0 QUESTION1 -1 1.170e+02 1.020e+02)
s>                ( - 5.066e+03 7 0 QUESTION2_0_L -1 2.073e+02 2.964e+02)))
s>        ( QUESTION4 1 1.371e+04 3.921e+02 7.392e+02
s>            ( QUESTION2_1_L -1 1.148e+04 2.970e+02 6.318e+02
s>                ( - 3.001e+03 6 0 QUESTION4 -1 1.693e+02 1.773e+02)
s>                ( - 8.184e+03 10 0 QUESTION2_0_L -1 2.651e+02 4.546e+02))
s>            ( - 1.834e+03 10 0 QUESTION2_1_L -1 2.126e+02 1.073e+02)))INFO: dtree.c(1478): Final simple tree
|( QUESTION0 -1 8.356e+03 6.442e+02 4.530e+02
|    ( QUESTION0_1_R 1 1.120e+03 2.036e+02 6.992e+01
|        ( - 5.292e+02 1 0)
|        ( QUESTION2_0_L -1 3.871e+02 8.524e+01 2.743e+01
|            ( QUESTION0_5_R 1 1.031e+02 3.056e+01 1.000e+01
|                ( - 5.617e+01 1 0)
|                ( - 1.633e+01 1 0))
|            ( QUESTION0_5_R 1 1.988e+02 3.498e+01 1.743e+01
|                ( - 1.498e+02 1 0)
|                ( - 1.409e+01 1 0))))
|    ( QUESTION4 -1 6.592e+03 2.185e+02 3.830e+02
|        ( - 6.005e+03 2 0)
|        ( QUESTION0 1 3.684e+02 5.857e+01 2.653e+01
|            ( - 2.227e+02 1 0)
|            ( - 8.716e+01 1 0))))
s>    ( QUESTION0 -1 8.356e+03 6.442e+02 4.530e+02
s>        ( QUESTION0_1_R 1 1.120e+03 2.036e+02 6.992e+01
s>            ( - 5.292e+02 1 0)
s>            ( QUESTION2_0_L -1 3.871e+02 8.524e+01 2.743e+01
s>                ( QUESTION0_5_R 1 1.031e+02 3.056e+01 1.000e+01
s>                    ( - 5.617e+01 1 0)
s>                    ( - 1.633e+01 1 0))
s>                ( QUESTION0_5_R 1 1.988e+02 3.498e+01 1.743e+01
s>                    ( - 1.498e+02 1 0)
s>                    ( - 1.409e+01 1 0))))
s>        ( QUESTION4 -1 6.592e+03 2.185e+02 3.830e+02
s>            ( - 6.005e+03 2 0)
s>            ( QUESTION0 1 3.684e+02 5.857e+01 2.653e+01
s>                ( - 2.227e+02 1 0)
s>                ( - 8.716e+01 1 0))))INFO: dtree.c(1315): Comp split 2
INFO: dtree.c(1478): Final simple tree
|( QUESTION0_1_R 1 2.505e+04 4.031e+02 1.447e+03
|    ( QUESTION2_0_L -1 2.037e+04 3.781e+02 1.208e+03
|        ( QUESTION1 -1 1.416e+04 3.502e+02 8.366e+02
|            ( - 3.781e+03 2 0)
|            ( QUESTION2_1_L -1 1.003e+04 2.891e+02 5.980e+02
|                ( - 2.373e+03 3 0 WDBNDRY_B 0 1.697e+02 1.497e+02)
|                ( QUESTION0 -1 7.371e+03 2.084e+02 4.483e+02
|                    ( - 4.557e+03 3 0)
|                    ( - 2.605e+03 4 0 QUESTION16 -1 1.855e+02 1.708e+02))))
|        ( QUESTION2_12_L -1 5.824e+03 2.482e+02 3.712e+02
|            ( - 2.827e+03 1 0)
|            ( - 2.749e+03 1 0)))
|    ( QUESTION0 -1 4.279e+03 2.338e+02 2.397e+02
|        ( - 1.931e+03 7 0 QUESTION2_0_L -1 1.608e+02 1.121e+02)
|        ( - 2.114e+03 7 0 SILENCE -1 1.576e+02 1.276e+02)))
s>    ( QUESTION0_1_R 1 2.505e+04 4.031e+02 1.447e+03
s>        ( QUESTION2_0_L -1 2.037e+04 3.781e+02 1.208e+03
s>            ( QUESTION1 -1 1.416e+04 3.502e+02 8.366e+02
s>                ( - 3.781e+03 2 0)
s>                ( QUESTION2_1_L -1 1.003e+04 2.891e+02 5.980e+02
s>                    ( - 2.373e+03 3 0 WDBNDRY_B 0 1.697e+02 1.497e+02)
s>                    ( QUESTION0 -1 7.371e+03 2.084e+02 4.483e+02
s>                        ( - 4.557e+03 3 0)
s>                        ( - 2.605e+03 4 0 QUESTION16 -1 1.855e+02 1.708e+02))))
s>            ( QUESTION2_12_L -1 5.824e+03 2.482e+02 3.712e+02
s>                ( - 2.827e+03 1 0)
s>                ( - 2.749e+03 1 0)))
s>        ( QUESTION0 -1 4.279e+03 2.338e+02 2.397e+02
s>            ( - 1.931e+03 7 0 QUESTION2_0_L -1 1.608e+02 1.121e+02)
s>            ( - 2.114e+03 7 0 SILENCE -1 1.576e+02 1.276e+02)))INFO: dtree.c(1478): Final simple tree
|( QUESTION0_5_R 1 1.407e+04 9.569e+02 7.467e+02
|    ( QUESTION2 -1 7.541e+03 2.475e+02 4.296e+02
|        ( QUESTION2_0_L -1 3.413e+03 2.121e+02 1.994e+02
|            ( - 1.609e+03 3 0)
|            ( QUESTION2_12_L -1 1.592e+03 1.749e+02 9.569e+01
|                ( - 7.580e+02 1 0)
|                ( - 6.590e+02 1 0)))
|        ( QUESTION0 -1 3.881e+03 1.830e+02 2.302e+02
|            ( - 2.398e+03 2 0)
|            ( QUESTION2_2_L -1 1.300e+03 1.428e+02 8.196e+01
|                ( - 4.829e+02 3 0 QUESTION16 -1 5.541e+01 3.398e+01)
|                ( SILENCE -1 6.738e+02 7.798e+01 4.798e+01
|                    ( - 4.743e+02 1 0)
|                    ( - 1.216e+02 2 0 QUESTION4 -1 2.238e+01 1.195e+01)))))
|    ( - 5.570e+03 2 0 QUESTION0_1_R 1 3.140e+01 3.171e+02))
s>    ( QUESTION0_5_R 1 1.407e+04 9.569e+02 7.467e+02
s>        ( QUESTION2 -1 7.541e+03 2.475e+02 4.296e+02
s>            ( QUESTION2_0_L -1 3.413e+03 2.121e+02 1.994e+02
s>                ( - 1.609e+03 3 0)
s>                ( QUESTION2_12_L -1 1.592e+03 1.749e+02 9.569e+01
s>                    ( - 7.580e+02 1 0)
s>                    ( - 6.590e+02 1 0)))
s>            ( QUESTION0 -1 3.881e+03 1.830e+02 2.302e+02
s>                ( - 2.398e+03 2 0)
s>                ( QUESTION2_2_L -1 1.300e+03 1.428e+02 8.196e+01
s>                    ( - 4.829e+02 3 0 QUESTION16 -1 5.541e+01 3.398e+01)
s>                    ( SILENCE -1 6.738e+02 7.798e+01 4.798e+01
s>                        ( - 4.743e+02 1 0)
s>                        ( - 1.216e+02 2 0 QUESTION4 -1 2.238e+01 1.195e+01)))))
s>        ( - 5.570e+03 2 0 QUESTION0_1_R 1 3.140e+01 3.171e+02))INFO: dtree.c(1315): Comp split 3
INFO: dtree.c(1478): Final simple tree
|( QUESTION2 -1 7.541e+03 2.475e+02 4.296e+02
|    ( QUESTION2_0_L -1 3.413e+03 2.121e+02 1.994e+02
|        ( - 1.609e+03 3 0)
|        ( QUESTION2_12_L -1 1.592e+03 1.749e+02 9.569e+01
|            ( - 7.580e+02 1 0)
|            ( - 6.590e+02 1 0)))
|    ( QUESTION0 -1 3.881e+03 1.830e+02 2.302e+02
|        ( - 2.398e+03 2 0)
|        ( QUESTION2_2_L -1 1.300e+03 1.428e+02 8.196e+01
|            ( QUESTION16 -1 4.829e+02 5.541e+01 3.398e+01
|                ( - 3.659e+02 1 0)
|                ( - 6.155e+01 2 0 QUESTION4 -1 2.461e+01 7.000e+00))
|            ( SILENCE -1 6.738e+02 7.798e+01 4.798e+01
|                ( - 4.743e+02 1 0)
|                ( - 1.216e+02 2 0 QUESTION4 -1 2.238e+01 1.195e+01)))))
s>    ( QUESTION2 -1 7.541e+03 2.475e+02 4.296e+02
s>        ( QUESTION2_0_L -1 3.413e+03 2.121e+02 1.994e+02
s>            ( - 1.609e+03 3 0)
s>            ( QUESTION2_12_L -1 1.592e+03 1.749e+02 9.569e+01
s>                ( - 7.580e+02 1 0)
s>                ( - 6.590e+02 1 0)))
s>        ( QUESTION0 -1 3.881e+03 1.830e+02 2.302e+02
s>            ( - 2.398e+03 2 0)
s>            ( QUESTION2_2_L -1 1.300e+03 1.428e+02 8.196e+01
s>                ( QUESTION16 -1 4.829e+02 5.541e+01 3.398e+01
s>                    ( - 3.659e+02 1 0)
s>                    ( - 6.155e+01 2 0 QUESTION4 -1 2.461e+01 7.000e+00))
s>                ( SILENCE -1 6.738e+02 7.798e+01 4.798e+01
s>                    ( - 4.743e+02 1 0)
s>                    ( - 1.216e+02 2 0 QUESTION4 -1 2.238e+01 1.195e+01)))))INFO: dtree.c(1439): stop. leaf nodes are specific
INFO: dtree.c(1478): Final simple tree
|( QUESTION0_1_R 1 5.570e+03 3.140e+01 3.171e+02
|    ( - 5.537e+03 1 0)
|    ( - 1.640e+00 1 0))
s>    ( QUESTION0_1_R 1 5.570e+03 3.140e+01 3.171e+02
s>        ( - 5.537e+03 1 0)
s>        ( - 1.640e+00 1 0))INFO: dtree.c(1315): Comp split 4
INFO: dtree.c(1439): stop. leaf nodes are specific
INFO: dtree.c(1478): Final simple tree
|( QUESTION0_8_R 1 2.113e+04 4.036e+02 1.192e+03
|    ( QUESTION2_0_L -1 1.566e+04 2.585e+02 8.959e+02
|        ( QUESTION1 -1 1.391e+04 1.961e+02 7.978e+02
|            ( - 1.219e+04 2 0)
|            ( - 1.520e+03 3 0))
|        ( - 1.488e+03 1 0))
|    ( QUESTION2_0_L -1 5.066e+03 2.073e+02 2.964e+02
|        ( QUESTION1 -1 3.932e+03 1.640e+02 2.346e+02
|            ( - 2.152e+03 2 0)
|            ( - 1.617e+03 3 0))
|        ( QUESTION2_12_L -1 9.265e+02 8.072e+01 6.183e+01
|            ( - 6.428e+02 1 0)
|            ( - 2.030e+02 1 0))))
s>    ( QUESTION0_8_R 1 2.113e+04 4.036e+02 1.192e+03
s>        ( QUESTION2_0_L -1 1.566e+04 2.585e+02 8.959e+02
s>            ( QUESTION1 -1 1.391e+04 1.961e+02 7.978e+02
s>                ( - 1.219e+04 2 0)
s>                ( - 1.520e+03 3 0))
s>            ( - 1.488e+03 1 0))
s>        ( QUESTION2_0_L -1 5.066e+03 2.073e+02 2.964e+02
s>            ( QUESTION1 -1 3.932e+03 1.640e+02 2.346e+02
s>                ( - 2.152e+03 2 0)
s>                ( - 1.617e+03 3 0))
s>            ( QUESTION2_12_L -1 9.265e+02 8.072e+01 6.183e+01
s>                ( - 6.428e+02 1 0)
s>                ( - 2.030e+02 1 0))))INFO: dtree.c(1478): Final simple tree
|( WDBNDRY_B 0 1.915e+04 4.530e+02 1.023e+03
|    ( QUESTION0_10_R 1 1.632e+04 3.630e+02 8.814e+02
|        ( QUESTION0 -1 3.299e+03 2.108e+02 1.874e+02
|            ( - 1.709e+03 5 0 QUESTION1 -1 1.170e+02 1.020e+02)
|            ( - 1.379e+03 7 0 QUESTION2_1_L -1 1.440e+02 8.539e+01))
|        ( QUESTION0_8_R 1 1.265e+04 3.075e+02 6.941e+02
|            ( SILENCE -1 7.951e+03 2.639e+02 4.449e+02
|                ( - 3.759e+03 1 0)
|                ( QUESTION2_2_L -1 3.928e+03 2.399e+02 2.265e+02
|                    ( - 1.267e+03 3 0 QUESTION4 -1 1.544e+02 7.907e+01)
|                    ( QUESTION0 -1 2.420e+03 2.063e+02 1.474e+02
|                        ( - 9.024e+02 1 0)
|                        ( - 1.312e+03 4 0 QUESTION4 -1 9.243e+01 8.523e+01))))
|            ( - 4.396e+03 8 0 QUESTION2_1_L -1 2.040e+02 2.492e+02)))
|    ( - 2.382e+03 4 0 QUESTION0_8_R 1 1.935e+02 1.414e+02))
s>    ( WDBNDRY_B 0 1.915e+04 4.530e+02 1.023e+03
s>        ( QUESTION0_10_R 1 1.632e+04 3.630e+02 8.814e+02
s>            ( QUESTION0 -1 3.299e+03 2.108e+02 1.874e+02
s>                ( - 1.709e+03 5 0 QUESTION1 -1 1.170e+02 1.020e+02)
s>                ( - 1.379e+03 7 0 QUESTION2_1_L -1 1.440e+02 8.539e+01))
s>            ( QUESTION0_8_R 1 1.265e+04 3.075e+02 6.941e+02
s>                ( SILENCE -1 7.951e+03 2.639e+02 4.449e+02
s>                    ( - 3.759e+03 1 0)
s>                    ( QUESTION2_2_L -1 3.928e+03 2.399e+02 2.265e+02
s>                        ( - 1.267e+03 3 0 QUESTION4 -1 1.544e+02 7.907e+01)
s>                        ( QUESTION0 -1 2.420e+03 2.063e+02 1.474e+02
s>                            ( - 9.024e+02 1 0)
s>                            ( - 1.312e+03 4 0 QUESTION4 -1 9.243e+01 8.523e+01))))
s>                ( - 4.396e+03 8 0 QUESTION2_1_L -1 2.040e+02 2.492e+02)))
s>        ( - 2.382e+03 4 0 QUESTION0_8_R 1 1.935e+02 1.414e+02))INFO: dtree.c(1315): Comp split 5
INFO: dtree.c(1439): stop. leaf nodes are specific
INFO: dtree.c(1478): Final simple tree
|( QUESTION0_1_R 1 1.120e+03 2.036e+02 6.992e+01
|    ( - 5.292e+02 1 0)
|    ( QUESTION2_0_L -1 3.871e+02 8.524e+01 2.743e+01
|        ( QUESTION0_5_R 1 1.031e+02 3.056e+01 1.000e+01
|            ( - 5.617e+01 1 0)
|            ( - 1.633e+01 1 0))
|        ( QUESTION0_5_R 1 1.988e+02 3.498e+01 1.743e+01
|            ( - 1.498e+02 1 0)
|            ( - 1.409e+01 1 0))))
s>    ( QUESTION0_1_R 1 1.120e+03 2.036e+02 6.992e+01
s>        ( - 5.292e+02 1 0)
s>        ( QUESTION2_0_L -1 3.871e+02 8.524e+01 2.743e+01
s>            ( QUESTION0_5_R 1 1.031e+02 3.056e+01 1.000e+01
s>                ( - 5.617e+01 1 0)
s>                ( - 1.633e+01 1 0))
s>            ( QUESTION0_5_R 1 1.988e+02 3.498e+01 1.743e+01
s>                ( - 1.498e+02 1 0)
s>                ( - 1.409e+01 1 0))))INFO: dtree.c(1439): stop. leaf nodes are specific
INFO: dtree.c(1478): Final simple tree
|( QUESTION4 -1 6.592e+03 2.185e+02 3.830e+02
|    ( - 6.005e+03 2 0)
|    ( QUESTION0 1 3.684e+02 5.857e+01 2.653e+01
|        ( - 2.227e+02 1 0)
|        ( - 8.716e+01 1 0)))
s>    ( QUESTION4 -1 6.592e+03 2.185e+02 3.830e+02
s>        ( - 6.005e+03 2 0)
s>        ( QUESTION0 1 3.684e+02 5.857e+01 2.653e+01
s>            ( - 2.227e+02 1 0)
s>            ( - 8.716e+01 1 0)))INFO: dtree.c(1315): Comp split 6
INFO: dtree.c(1478): Final simple tree
|( QUESTION0_8_R 1 5.965e+03 2.939e+02 3.287e+02
|    ( QUESTION0 -1 2.372e+03 2.024e+02 1.413e+02
|        ( - 9.024e+02 1 0)
|        ( QUESTION4 -1 1.267e+03 1.544e+02 7.907e+01
|            ( - 5.860e+02 1 0)
|            ( - 5.269e+02 2 0 QUESTION2_9_L -1 7.875e+01 3.706e+01)))
|    ( QUESTION0 -1 3.299e+03 2.108e+02 1.874e+02
|        ( QUESTION1 -1 1.709e+03 1.170e+02 1.020e+02
|            ( - 1.227e+03 2 0)
|            ( - 3.651e+02 3 0 QUESTION2_0_L -1 4.553e+01 2.900e+01))
|        ( QUESTION2_1_L -1 1.379e+03 1.440e+02 8.539e+01
|            ( - 4.815e+02 3 0 QUESTION4 -1 4.345e+01 3.339e+01)
|            ( SILENCE -1 7.535e+02 9.759e+01 5.199e+01
|                ( - 2.892e+02 1 0)
|                ( - 3.666e+02 3 0 QUESTION4 -1 5.971e+01 2.900e+01)))))
s>    ( QUESTION0_8_R 1 5.965e+03 2.939e+02 3.287e+02
s>        ( QUESTION0 -1 2.372e+03 2.024e+02 1.413e+02
s>            ( - 9.024e+02 1 0)
s>            ( QUESTION4 -1 1.267e+03 1.544e+02 7.907e+01
s>                ( - 5.860e+02 1 0)
s>                ( - 5.269e+02 2 0 QUESTION2_9_L -1 7.875e+01 3.706e+01)))
s>        ( QUESTION0 -1 3.299e+03 2.108e+02 1.874e+02
s>            ( QUESTION1 -1 1.709e+03 1.170e+02 1.020e+02
s>                ( - 1.227e+03 2 0)
s>                ( - 3.651e+02 3 0 QUESTION2_0_L -1 4.553e+01 2.900e+01))
s>            ( QUESTION2_1_L -1 1.379e+03 1.440e+02 8.539e+01
s>                ( - 4.815e+02 3 0 QUESTION4 -1 4.345e+01 3.339e+01)
s>                ( SILENCE -1 7.535e+02 9.759e+01 5.199e+01
s>                    ( - 2.892e+02 1 0)
s>                    ( - 3.666e+02 3 0 QUESTION4 -1 5.971e+01 2.900e+01)))))INFO: dtree.c(1478): Final simple tree
|( WDBNDRY_B 0 1.270e+04 3.886e+02 6.942e+02
|    ( QUESTION2_1_L -1 9.934e+03 2.924e+02 5.528e+02
|        ( QUESTION4 -1 3.001e+03 1.693e+02 1.773e+02
|            ( QUESTION0_8_R 1 2.300e+03 1.538e+02 1.403e+02
|                ( - 1.113e+03 2 0)
|                ( - 1.033e+03 2 0))
|            ( - 5.317e+02 2 0 QUESTION0_8_R 1 5.408e+01 3.700e+01))
|        ( QUESTION0_8_R 1 6.641e+03 2.130e+02 3.755e+02
|            ( - 3.843e+03 2 0 SILENCE -1 4.829e+01 2.233e+02)
|            ( QUESTION5 -1 2.585e+03 1.847e+02 1.522e+02
|                ( - 5.811e+02 3 0 QUESTION6 -1 7.490e+01 4.194e+01)
|                ( - 1.819e+03 2 0 SILENCE -1 4.959e+01 1.102e+02))))
|    ( QUESTION0_8_R 1 2.382e+03 1.935e+02 1.414e+02
|        ( - 1.921e+03 1 0)
|        ( - 2.670e+02 3 0 QUESTION0_14_R 1 5.944e+01 2.196e+01)))
s>    ( WDBNDRY_B 0 1.270e+04 3.886e+02 6.942e+02
s>        ( QUESTION2_1_L -1 9.934e+03 2.924e+02 5.528e+02
s>            ( QUESTION4 -1 3.001e+03 1.693e+02 1.773e+02
s>                ( QUESTION0_8_R 1 2.300e+03 1.538e+02 1.403e+02
s>                    ( - 1.113e+03 2 0)
s>                    ( - 1.033e+03 2 0))
s>                ( - 5.317e+02 2 0 QUESTION0_8_R 1 5.408e+01 3.700e+01))
s>            ( QUESTION0_8_R 1 6.641e+03 2.130e+02 3.755e+02
s>                ( - 3.843e+03 2 0 SILENCE -1 4.829e+01 2.233e+02)
s>                ( QUESTION5 -1 2.585e+03 1.847e+02 1.522e+02
s>                    ( - 5.811e+02 3 0 QUESTION6 -1 7.490e+01 4.194e+01)
s>                    ( - 1.819e+03 2 0 SILENCE -1 4.959e+01 1.102e+02))))
s>        ( QUESTION0_8_R 1 2.382e+03 1.935e+02 1.414e+02
s>            ( - 1.921e+03 1 0)
s>            ( - 2.670e+02 3 0 QUESTION0_14_R 1 5.944e+01 2.196e+01)))INFO: dtree.c(1315): Comp split 7
INFO: dtree.c(1478): Final simple tree
|( QUESTION2_0_L -1 1.623e+04 3.690e+02 9.692e+02
|    ( QUESTION2_1_L -1 1.003e+04 2.891e+02 5.980e+02
|        ( WDBNDRY_B 0 2.373e+03 1.697e+02 1.497e+02
|            ( - 8.405e+02 2 0 QUESTION4 -1 1.225e+02 5.888e+01)
|            ( - 1.363e+03 1 0))
|        ( QUESTION0 -1 7.371e+03 2.084e+02 4.483e+02
|            ( - 4.557e+03 3 0)
|            ( QUESTION16 -1 2.605e+03 1.855e+02 1.708e+02
|                ( - 9.349e+02 2 0 QUESTION2_9_L -1 1.247e+02 6.976e+01)
|                ( QUESTION4 -1 1.485e+03 1.410e+02 1.011e+02
|                    ( - 9.329e+02 1 0)
|                    ( - 4.111e+02 1 0)))))
|    ( QUESTION2_12_L -1 5.824e+03 2.482e+02 3.712e+02
|        ( - 2.827e+03 1 0)
|        ( - 2.749e+03 1 0)))
s>    ( QUESTION2_0_L -1 1.623e+04 3.690e+02 9.692e+02
s>        ( QUESTION2_1_L -1 1.003e+04 2.891e+02 5.980e+02
s>            ( WDBNDRY_B 0 2.373e+03 1.697e+02 1.497e+02
s>                ( - 8.405e+02 2 0 QUESTION4 -1 1.225e+02 5.888e+01)
s>                ( - 1.363e+03 1 0))
s>            ( QUESTION0 -1 7.371e+03 2.084e+02 4.483e+02
s>                ( - 4.557e+03 3 0)
s>                ( QUESTION16 -1 2.605e+03 1.855e+02 1.708e+02
s>                    ( - 9.349e+02 2 0 QUESTION2_9_L -1 1.247e+02 6.976e+01)
s>                    ( QUESTION4 -1 1.485e+03 1.410e+02 1.011e+02
s>                        ( - 9.329e+02 1 0)
s>                        ( - 4.111e+02 1 0)))))
s>        ( QUESTION2_12_L -1 5.824e+03 2.482e+02 3.712e+02
s>            ( - 2.827e+03 1 0)
s>            ( - 2.749e+03 1 0)))INFO: dtree.c(1478): Final simple tree
|( QUESTION1 -1 8.376e+03 3.325e+02 4.782e+02
|    ( QUESTION0_1_R 1 4.493e+03 1.535e+02 2.753e+02
|        ( - 3.781e+03 2 0)
|        ( - 5.584e+02 2 0))
|    ( SILENCE -1 3.551e+03 2.177e+02 2.030e+02
|        ( - 1.282e+03 1 0)
|        ( QUESTION2_0_L -1 2.051e+03 1.669e+02 1.204e+02
|            ( QUESTION0 -1 1.170e+03 1.262e+02 7.399e+01
|                ( - 3.698e+02 3 0)
|                ( QUESTION4 -1 6.745e+02 9.208e+01 4.499e+01
|                    ( - 2.838e+02 3 0 QUESTION2_1_L -1 4.657e+01 2.100e+01)
|                    ( - 2.987e+02 3 0 QUESTION2_6_L -1 6.074e+01 2.399e+01)))
|            ( QUESTION2_12_L -1 7.132e+02 9.665e+01 4.642e+01
|                ( - 2.774e+02 1 0)
|                ( - 3.391e+02 1 0)))))
s>    ( QUESTION1 -1 8.376e+03 3.325e+02 4.782e+02
s>        ( QUESTION0_1_R 1 4.493e+03 1.535e+02 2.753e+02
s>            ( - 3.781e+03 2 0)
s>            ( - 5.584e+02 2 0))
s>        ( SILENCE -1 3.551e+03 2.177e+02 2.030e+02
s>            ( - 1.282e+03 1 0)
s>            ( QUESTION2_0_L -1 2.051e+03 1.669e+02 1.204e+02
s>                ( QUESTION0 -1 1.170e+03 1.262e+02 7.399e+01
s>                    ( - 3.698e+02 3 0)
s>                    ( QUESTION4 -1 6.745e+02 9.208e+01 4.499e+01
s>                        ( - 2.838e+02 3 0 QUESTION2_1_L -1 4.657e+01 2.100e+01)
s>                        ( - 2.987e+02 3 0 QUESTION2_6_L -1 6.074e+01 2.399e+01)))
s>                ( QUESTION2_12_L -1 7.132e+02 9.665e+01 4.642e+01
s>                    ( - 2.774e+02 1 0)
s>                    ( - 3.391e+02 1 0)))))INFO: dtree.c(1315): Comp split 8
INFO: dtree.c(1439): stop. leaf nodes are specific
INFO: dtree.c(1478): Final simple tree
|( QUESTION2_0_L -1 5.066e+03 2.073e+02 2.964e+02
|    ( QUESTION1 -1 3.932e+03 1.640e+02 2.346e+02
|        ( - 2.152e+03 2 0)
|        ( - 1.617e+03 3 0))
|    ( QUESTION2_12_L -1 9.265e+02 8.072e+01 6.183e+01
|        ( - 6.428e+02 1 0)
|        ( - 2.030e+02 1 0)))
s>    ( QUESTION2_0_L -1 5.066e+03 2.073e+02 2.964e+02
s>        ( QUESTION1 -1 3.932e+03 1.640e+02 2.346e+02
s>            ( - 2.152e+03 2 0)
s>            ( - 1.617e+03 3 0))
s>        ( QUESTION2_12_L -1 9.265e+02 8.072e+01 6.183e+01
s>            ( - 6.428e+02 1 0)
s>            ( - 2.030e+02 1 0)))INFO: dtree.c(1439): stop. leaf nodes are specific
INFO: dtree.c(1478): Final simple tree
|( QUESTION2_0_L -1 1.566e+04 2.585e+02 8.959e+02
|    ( QUESTION1 -1 1.391e+04 1.961e+02 7.978e+02
|        ( - 1.219e+04 2 0)
|        ( - 1.520e+03 3 0))
|    ( - 1.488e+03 1 0))
s>    ( QUESTION2_0_L -1 1.566e+04 2.585e+02 8.959e+02
s>        ( QUESTION1 -1 1.391e+04 1.961e+02 7.978e+02
s>            ( - 1.219e+04 2 0)
s>            ( - 1.520e+03 3 0))
s>        ( - 1.488e+03 1 0))INFO: dtree.c(1315): Comp split 9
INFO: dtree.c(1439): stop. leaf nodes are specific
INFO: dtree.c(1478): Final simple tree
|( QUESTION2_13_L -1 6.409e+03 2.565e+02 4.042e+02
|    ( - 2.749e+03 1 0)
|    ( QUESTION0 -1 3.404e+03 1.656e+02 2.225e+02
|        ( - 2.827e+03 1 0)
|        ( - 4.111e+02 1 0)))
s>    ( QUESTION2_13_L -1 6.409e+03 2.565e+02 4.042e+02
s>        ( - 2.749e+03 1 0)
s>        ( QUESTION0 -1 3.404e+03 1.656e+02 2.225e+02
s>            ( - 2.827e+03 1 0)
s>            ( - 4.111e+02 1 0)))INFO: dtree.c(1439): stop. leaf nodes are specific
INFO: dtree.c(1478): Final simple tree
|( QUESTION2_1_L -1 9.425e+03 2.780e+02 5.650e+02
|    ( WDBNDRY_B 0 2.373e+03 1.697e+02 1.497e+02
|        ( QUESTION4 -1 8.405e+02 1.225e+02 5.888e+01
|            ( - 3.701e+02 1 0)
|            ( - 3.479e+02 1 0))
|        ( - 1.363e+03 1 0))
|    ( QUESTION0 -1 6.774e+03 1.912e+02 4.153e+02
|        ( - 4.557e+03 3 0)
|        ( QUESTION4 -1 2.026e+03 1.585e+02 1.378e+02
|            ( - 9.329e+02 1 0)
|            ( QUESTION2_9_L -1 9.349e+02 1.247e+02 6.976e+01
|                ( - 2.582e+02 1 0)
|                ( - 5.520e+02 1 0)))))
s>    ( QUESTION2_1_L -1 9.425e+03 2.780e+02 5.650e+02
s>        ( WDBNDRY_B 0 2.373e+03 1.697e+02 1.497e+02
s>            ( QUESTION4 -1 8.405e+02 1.225e+02 5.888e+01
s>                ( - 3.701e+02 1 0)
s>                ( - 3.479e+02 1 0))
s>            ( - 1.363e+03 1 0))
s>        ( QUESTION0 -1 6.774e+03 1.912e+02 4.153e+02
s>            ( - 4.557e+03 3 0)
s>            ( QUESTION4 -1 2.026e+03 1.585e+02 1.378e+02
s>                ( - 9.329e+02 1 0)
s>                ( QUESTION2_9_L -1 9.349e+02 1.247e+02 6.976e+01
s>                    ( - 2.582e+02 1 0)
s>                    ( - 5.520e+02 1 0)))))INFO: dtree.c(1315): Comp split 10
INFO: dtree.c(1478): Final simple tree
|( QUESTION2_1_L -1 9.934e+03 2.924e+02 5.528e+02
|    ( QUESTION4 -1 3.001e+03 1.693e+02 1.773e+02
|        ( QUESTION0_8_R 1 2.300e+03 1.538e+02 1.403e+02
|            ( - 1.113e+03 2 0)
|            ( - 1.033e+03 2 0))
|        ( - 5.317e+02 2 0 QUESTION0_8_R 1 5.408e+01 3.700e+01))
|    ( QUESTION0_8_R 1 6.641e+03 2.130e+02 3.755e+02
|        ( - 3.843e+03 2 0 SILENCE -1 4.829e+01 2.233e+02)
|        ( QUESTION5 -1 2.585e+03 1.847e+02 1.522e+02
|            ( QUESTION6 -1 5.811e+02 7.490e+01 4.194e+01
|                ( - 1.962e+02 1 0)
|                ( QUESTION2_9_L -1 3.100e+02 7.390e+01 2.394e+01
|                    ( - 1.164e+02 1 0)
|                    ( - 1.197e+02 1 0)))
|            ( - 1.819e+03 2 0 SILENCE -1 4.959e+01 1.102e+02))))
s>    ( QUESTION2_1_L -1 9.934e+03 2.924e+02 5.528e+02
s>        ( QUESTION4 -1 3.001e+03 1.693e+02 1.773e+02
s>            ( QUESTION0_8_R 1 2.300e+03 1.538e+02 1.403e+02
s>                ( - 1.113e+03 2 0)
s>                ( - 1.033e+03 2 0))
s>            ( - 5.317e+02 2 0 QUESTION0_8_R 1 5.408e+01 3.700e+01))
s>        ( QUESTION0_8_R 1 6.641e+03 2.130e+02 3.755e+02
s>            ( - 3.843e+03 2 0 SILENCE -1 4.829e+01 2.233e+02)
s>            ( QUESTION5 -1 2.585e+03 1.847e+02 1.522e+02
s>                ( QUESTION6 -1 5.811e+02 7.490e+01 4.194e+01
s>                    ( - 1.962e+02 1 0)
s>                    ( QUESTION2_9_L -1 3.100e+02 7.390e+01 2.394e+01
s>                        ( - 1.164e+02 1 0)
s>                        ( - 1.197e+02 1 0)))
s>                ( - 1.819e+03 2 0 SILENCE -1 4.959e+01 1.102e+02))))INFO: dtree.c(1439): stop. leaf nodes are specific
INFO: dtree.c(1478): Final simple tree
|( QUESTION0_8_R 1 2.382e+03 1.935e+02 1.414e+02
|    ( - 1.921e+03 1 0)
|    ( QUESTION0_14_R 1 2.670e+02 5.944e+01 2.196e+01
|        ( - 1.327e+02 1 0)
|        ( QUESTION0_10_R 1 7.482e+01 2.284e+01 7.959e+00
|            ( - 3.377e+01 1 0)
|            ( - 1.821e+01 1 0))))
s>    ( QUESTION0_8_R 1 2.382e+03 1.935e+02 1.414e+02
s>        ( - 1.921e+03 1 0)
s>        ( QUESTION0_14_R 1 2.670e+02 5.944e+01 2.196e+01
s>            ( - 1.327e+02 1 0)
s>            ( QUESTION0_10_R 1 7.482e+01 2.284e+01 7.959e+00
s>                ( - 3.377e+01 1 0)
s>                ( - 1.821e+01 1 0))))INFO: dtree.c(1315): Comp split 11
INFO: dtree.c(1439): stop. leaf nodes are specific
INFO: dtree.c(1478): Final simple tree
|( QUESTION0_1_R 1 4.906e+03 1.853e+02 2.975e+02
|    ( - 3.781e+03 2 0)
|    ( QUESTION1 -1 9.402e+02 1.045e+02 5.896e+01
|        ( - 5.584e+02 2 0)
|        ( - 2.774e+02 1 0)))
s>    ( QUESTION0_1_R 1 4.906e+03 1.853e+02 2.975e+02
s>        ( - 3.781e+03 2 0)
s>        ( QUESTION1 -1 9.402e+02 1.045e+02 5.896e+01
s>            ( - 5.584e+02 2 0)
s>            ( - 2.774e+02 1 0)))INFO: dtree.c(1478): Final simple tree
|( SILENCE -1 3.135e+03 1.998e+02 1.807e+02
|    ( - 1.282e+03 1 0)
|    ( QUESTION2_3_L -1 1.653e+03 1.456e+02 9.816e+01
|        ( - 3.698e+02 3 0)
|        ( QUESTION0 -1 1.138e+03 1.240e+02 6.916e+01
|            ( - 3.391e+02 1 0)
|            ( QUESTION4 -1 6.745e+02 9.208e+01 4.499e+01
|                ( QUESTION2_1_L -1 2.838e+02 4.657e+01 2.100e+01
|                    ( - 1.925e+02 2 0)
|                    ( - 4.470e+01 1 0))
|                ( QUESTION2_6_L -1 2.987e+02 6.074e+01 2.399e+01
|                    ( - 7.846e+01 1 0)
|                    ( QUESTION6 -1 1.595e+02 2.494e+01 1.499e+01
|                        ( - 1.170e+02 1 0)
|                        ( - 1.754e+01 1 0)))))))
s>    ( SILENCE -1 3.135e+03 1.998e+02 1.807e+02
s>        ( - 1.282e+03 1 0)
s>        ( QUESTION2_3_L -1 1.653e+03 1.456e+02 9.816e+01
s>            ( - 3.698e+02 3 0)
s>            ( QUESTION0 -1 1.138e+03 1.240e+02 6.916e+01
s>                ( - 3.391e+02 1 0)
s>                ( QUESTION4 -1 6.745e+02 9.208e+01 4.499e+01
s>                    ( QUESTION2_1_L -1 2.838e+02 4.657e+01 2.100e+01
s>                        ( - 1.925e+02 2 0)
s>                        ( - 4.470e+01 1 0))
s>                    ( QUESTION2_6_L -1 2.987e+02 6.074e+01 2.399e+01
s>                        ( - 7.846e+01 1 0)
s>                        ( QUESTION6 -1 1.595e+02 2.494e+01 1.499e+01
s>                            ( - 1.170e+02 1 0)
s>                            ( - 1.754e+01 1 0)))))))INFO: dtree.c(1315): Comp split 12
INFO: dtree.c(1439): stop. leaf nodes are specific
INFO: dtree.c(1478): Final simple tree
|( QUESTION4 -1 2.205e+03 1.755e+02 1.332e+02
|    ( QUESTION0_8_R 1 9.761e+02 1.589e+02 6.300e+01
|        ( - 5.860e+02 1 0)
|        ( - 2.311e+02 1 0))
|    ( QUESTION0_8_R 1 1.054e+03 7.582e+01 7.021e+01
|        ( - 9.024e+02 1 0)
|        ( QUESTION6 -1 7.579e+01 2.395e+01 8.000e+00
|            ( - 7.278e+00 1 0)
|            ( - 4.456e+01 1 0))))
s>    ( QUESTION4 -1 2.205e+03 1.755e+02 1.332e+02
s>        ( QUESTION0_8_R 1 9.761e+02 1.589e+02 6.300e+01
s>            ( - 5.860e+02 1 0)
s>            ( - 2.311e+02 1 0))
s>        ( QUESTION0_8_R 1 1.054e+03 7.582e+01 7.021e+01
s>            ( - 9.024e+02 1 0)
s>            ( QUESTION6 -1 7.579e+01 2.395e+01 8.000e+00
s>                ( - 7.278e+00 1 0)
s>                ( - 4.456e+01 1 0))))INFO: dtree.c(1478): Final simple tree
|( QUESTION2_2_L -1 3.457e+03 1.981e+02 1.955e+02
|    ( QUESTION0_8_R 1 2.319e+03 1.545e+02 1.351e+02
|        ( QUESTION2_9_L -1 5.269e+02 7.875e+01 3.706e+01
|            ( - 1.314e+02 1 0)
|            ( - 3.167e+02 1 0))
|        ( QUESTION1 -1 1.637e+03 1.101e+02 9.800e+01
|            ( - 1.227e+03 2 0)
|            ( - 3.001e+02 2 0)))
|    ( QUESTION4 -1 9.402e+02 1.199e+02 6.039e+01
|        ( - 4.233e+02 2 0)
|        ( SILENCE -1 3.970e+02 5.369e+01 2.999e+01
|            ( - 2.892e+02 1 0)
|            ( QUESTION0 -1 5.406e+01 1.993e+01 7.000e+00
|                ( - 1.944e+01 1 0)
|                ( - 1.469e+01 1 0)))))
s>    ( QUESTION2_2_L -1 3.457e+03 1.981e+02 1.955e+02
s>        ( QUESTION0_8_R 1 2.319e+03 1.545e+02 1.351e+02
s>            ( QUESTION2_9_L -1 5.269e+02 7.875e+01 3.706e+01
s>                ( - 1.314e+02 1 0)
s>                ( - 3.167e+02 1 0))
s>            ( QUESTION1 -1 1.637e+03 1.101e+02 9.800e+01
s>                ( - 1.227e+03 2 0)
s>                ( - 3.001e+02 2 0)))
s>        ( QUESTION4 -1 9.402e+02 1.199e+02 6.039e+01
s>            ( - 4.233e+02 2 0)
s>            ( SILENCE -1 3.970e+02 5.369e+01 2.999e+01
s>                ( - 2.892e+02 1 0)
s>                ( QUESTION0 -1 5.406e+01 1.993e+01 7.000e+00
s>                    ( - 1.944e+01 1 0)
s>                    ( - 1.469e+01 1 0)))))INFO: dtree.c(1315): Comp split 13
INFO: dtree.c(1439): stop. leaf nodes are specific
INFO: dtree.c(1478): Final simple tree
|( QUESTION0_8_R 1 6.641e+03 2.130e+02 3.755e+02
|    ( SILENCE -1 3.843e+03 4.829e+01 2.233e+02
|        ( - 3.759e+03 1 0)
|        ( - 3.558e+01 1 0))
|    ( QUESTION5 -1 2.585e+03 1.847e+02 1.522e+02
|        ( QUESTION6 -1 5.811e+02 7.490e+01 4.194e+01
|            ( - 1.962e+02 1 0)
|            ( QUESTION2_9_L -1 3.100e+02 7.390e+01 2.394e+01
|                ( - 1.164e+02 1 0)
|                ( - 1.197e+02 1 0)))
|        ( SILENCE -1 1.819e+03 4.959e+01 1.102e+02
|            ( - 1.733e+03 1 0)
|            ( - 3.625e+01 1 0))))
s>    ( QUESTION0_8_R 1 6.641e+03 2.130e+02 3.755e+02
s>        ( SILENCE -1 3.843e+03 4.829e+01 2.233e+02
s>            ( - 3.759e+03 1 0)
s>            ( - 3.558e+01 1 0))
s>        ( QUESTION5 -1 2.585e+03 1.847e+02 1.522e+02
s>            ( QUESTION6 -1 5.811e+02 7.490e+01 4.194e+01
s>                ( - 1.962e+02 1 0)
s>                ( QUESTION2_9_L -1 3.100e+02 7.390e+01 2.394e+01
s>                    ( - 1.164e+02 1 0)
s>                    ( - 1.197e+02 1 0)))
s>            ( SILENCE -1 1.819e+03 4.959e+01 1.102e+02
s>                ( - 1.733e+03 1 0)
s>                ( - 3.625e+01 1 0))))INFO: dtree.c(1439): stop. leaf nodes are specific
INFO: dtree.c(1478): Final simple tree
|( QUESTION4 -1 3.001e+03 1.693e+02 1.773e+02
|    ( QUESTION0_8_R 1 2.300e+03 1.538e+02 1.403e+02
|        ( - 1.113e+03 2 0)
|        ( - 1.033e+03 2 0))
|    ( QUESTION0_8_R 1 5.317e+02 5.408e+01 3.700e+01
|        ( - 3.561e+01 1 0)
|        ( - 4.421e+02 1 0)))
s>    ( QUESTION4 -1 3.001e+03 1.693e+02 1.773e+02
s>        ( QUESTION0_8_R 1 2.300e+03 1.538e+02 1.403e+02
s>            ( - 1.113e+03 2 0)
s>            ( - 1.033e+03 2 0))
s>        ( QUESTION0_8_R 1 5.317e+02 5.408e+01 3.700e+01
s>            ( - 3.561e+01 1 0)
s>            ( - 4.421e+02 1 0)))INFO: dtree.c(1315): Comp split 14
INFO: dtree.c(1439): stop. leaf nodes are specific
INFO: dtree.c(1478): Final simple tree
|( QUESTION2_3_L -1 3.030e+03 1.945e+02 1.813e+02
|    ( - 1.609e+03 3 0)
|    ( QUESTION0 -1 1.226e+03 1.024e+02 7.762e+01
|        ( - 7.580e+02 1 0)
|        ( - 3.659e+02 1 0)))
s>    ( QUESTION2_3_L -1 3.030e+03 1.945e+02 1.813e+02
s>        ( - 1.609e+03 3 0)
s>        ( QUESTION0 -1 1.226e+03 1.024e+02 7.762e+01
s>            ( - 7.580e+02 1 0)
s>            ( - 3.659e+02 1 0)))INFO: dtree.c(1439): stop. leaf nodes are specific
INFO: dtree.c(1478): Final simple tree
|( QUESTION2_0_L -1 4.223e+03 2.044e+02 2.483e+02
|    ( QUESTION0 -1 2.730e+03 9.905e+01 1.672e+02
|        ( - 2.398e+03 2 0)
|        ( QUESTION2_1_L -1 2.321e+02 4.902e+01 1.895e+01
|            ( QUESTION4 -1 1.216e+02 2.238e+01 1.195e+01
|                ( - 9.469e+01 1 0)
|                ( - 4.501e+00 1 0))
|            ( QUESTION4 -1 6.155e+01 2.461e+01 7.000e+00
|                ( - 1.633e+01 1 0)
|                ( - 2.062e+01 1 0))))
|    ( SILENCE -1 1.289e+03 1.561e+02 8.109e+01
|        ( - 4.743e+02 1 0)
|        ( - 6.590e+02 1 0)))
s>    ( QUESTION2_0_L -1 4.223e+03 2.044e+02 2.483e+02
s>        ( QUESTION0 -1 2.730e+03 9.905e+01 1.672e+02
s>            ( - 2.398e+03 2 0)
s>            ( QUESTION2_1_L -1 2.321e+02 4.902e+01 1.895e+01
s>                ( QUESTION4 -1 1.216e+02 2.238e+01 1.195e+01
s>                    ( - 9.469e+01 1 0)
s>                    ( - 4.501e+00 1 0))
s>                ( QUESTION4 -1 6.155e+01 2.461e+01 7.000e+00
s>                    ( - 1.633e+01 1 0)
s>                    ( - 2.062e+01 1 0))))
s>        ( SILENCE -1 1.289e+03 1.561e+02 8.109e+01
s>            ( - 4.743e+02 1 0)
s>            ( - 6.590e+02 1 0)))INFO: dtree.c(1315): Comp split 15
INFO: dtree.c(1439): stop. leaf nodes are specific
INFO: dtree.c(1478): Final simple tree
|( WDBNDRY_B 0 3.474e+03 1.761e+02 2.178e+02
|    ( QUESTION2_1_L -1 1.935e+03 1.614e+02 1.269e+02
|        ( QUESTION4 -1 8.405e+02 1.225e+02 5.888e+01
|            ( - 3.701e+02 1 0)
|            ( - 3.479e+02 1 0))
|        ( - 9.329e+02 1 0))
|    ( - 1.363e+03 1 0))
s>    ( WDBNDRY_B 0 3.474e+03 1.761e+02 2.178e+02
s>        ( QUESTION2_1_L -1 1.935e+03 1.614e+02 1.269e+02
s>            ( QUESTION4 -1 8.405e+02 1.225e+02 5.888e+01
s>                ( - 3.701e+02 1 0)
s>                ( - 3.479e+02 1 0))
s>            ( - 9.329e+02 1 0))
s>        ( - 1.363e+03 1 0))INFO: dtree.c(1439): stop. leaf nodes are specific
INFO: dtree.c(1478): Final simple tree
|( QUESTION0 -1 5.665e+03 1.736e+02 3.472e+02
|    ( - 4.557e+03 3 0)
|    ( QUESTION2_9_L -1 9.349e+02 1.247e+02 6.976e+01
|        ( - 2.582e+02 1 0)
|        ( - 5.520e+02 1 0)))
s>    ( QUESTION0 -1 5.665e+03 1.736e+02 3.472e+02
s>        ( - 4.557e+03 3 0)
s>        ( QUESTION2_9_L -1 9.349e+02 1.247e+02 6.976e+01
s>            ( - 2.582e+02 1 0)
s>            ( - 5.520e+02 1 0)))INFO: dtree.c(1315): Comp split 16
INFO: dtree.c(1439): stop. leaf nodes are specific
INFO: dtree.c(1478): Final simple tree
|( QUESTION1 -1 1.391e+04 1.961e+02 7.978e+02
|    ( - 1.219e+04 2 0)
|    ( - 1.520e+03 3 0))
s>    ( QUESTION1 -1 1.391e+04 1.961e+02 7.978e+02
s>        ( - 1.219e+04 2 0)
s>        ( - 1.520e+03 3 0))INFO: dtree.c(1315): Comp split 17
INFO: dtree.c(1439): stop. leaf nodes are specific
INFO: dtree.c(1478): Final simple tree
|( QUESTION0 -1 3.404e+03 1.656e+02 2.225e+02
|    ( - 2.827e+03 1 0)
|    ( - 4.111e+02 1 0))
s>    ( QUESTION0 -1 3.404e+03 1.656e+02 2.225e+02
s>        ( - 2.827e+03 1 0)
s>        ( - 4.111e+02 1 0))INFO: dtree.c(1315): Comp split 18
INFO: dtree.c(1439): stop. leaf nodes are specific
INFO: dtree.c(1478): Final simple tree
|( QUESTION0_8_R 1 1.396e+03 1.275e+02 9.121e+01
|    ( - 9.024e+02 1 0)
|    ( QUESTION4 -1 3.666e+02 5.971e+01 2.900e+01
|        ( - 2.311e+02 1 0)
|        ( QUESTION6 -1 7.579e+01 2.395e+01 8.000e+00
|            ( - 7.278e+00 1 0)
|            ( - 4.456e+01 1 0))))
s>    ( QUESTION0_8_R 1 1.396e+03 1.275e+02 9.121e+01
s>        ( - 9.024e+02 1 0)
s>        ( QUESTION4 -1 3.666e+02 5.971e+01 2.900e+01
s>            ( - 2.311e+02 1 0)
s>            ( QUESTION6 -1 7.579e+01 2.395e+01 8.000e+00
s>                ( - 7.278e+00 1 0)
s>                ( - 4.456e+01 1 0))))INFO: dtree.c(1315): Comp split 19
INFO: dtree.c(1439): stop. leaf nodes are specific
INFO: dtree.c(1478): Final simple tree
|( QUESTION2_0_L -1 2.119e+03 1.031e+02 1.272e+02
|    ( QUESTION4 -1 2.038e+02 4.780e+01 1.702e+01
|        ( - 3.625e+01 1 0)
|        ( - 1.197e+02 1 0))
|    ( SILENCE -1 1.812e+03 4.324e+01 1.102e+02
|        ( - 1.733e+03 1 0)
|        ( - 3.558e+01 1 0)))
s>    ( QUESTION2_0_L -1 2.119e+03 1.031e+02 1.272e+02
s>        ( QUESTION4 -1 2.038e+02 4.780e+01 1.702e+01
s>            ( - 3.625e+01 1 0)
s>            ( - 1.197e+02 1 0))
s>        ( SILENCE -1 1.812e+03 4.324e+01 1.102e+02
s>            ( - 1.733e+03 1 0)
s>            ( - 3.558e+01 1 0)))INFO: dtree.c(1439): stop. leaf nodes are specific
INFO: dtree.c(1478): Final simple tree
|( SILENCE -1 4.302e+03 1.690e+02 2.483e+02
|    ( - 3.759e+03 1 0)
|    ( QUESTION6 -1 3.734e+02 6.076e+01 2.994e+01
|        ( - 1.962e+02 1 0)
|        ( - 1.164e+02 1 0)))
s>    ( SILENCE -1 4.302e+03 1.690e+02 2.483e+02
s>        ( - 3.759e+03 1 0)
s>        ( QUESTION6 -1 3.734e+02 6.076e+01 2.994e+01
s>            ( - 1.962e+02 1 0)
s>            ( - 1.164e+02 1 0)))INFO: dtree.c(1315): Comp split 20
INFO: dtree.c(1439): stop. leaf nodes are specific
INFO: dtree.c(1478): Final simple tree
|( QUESTION0 1 3.684e+02 5.857e+01 2.653e+01
|    ( - 2.227e+02 1 0)
|    ( - 8.716e+01 1 0))
s>    ( QUESTION0 1 3.684e+02 5.857e+01 2.653e+01
s>        ( - 2.227e+02 1 0)
s>        ( - 8.716e+01 1 0))INFO: dtree.c(1315): Comp split 21
INFO: dtree.c(1439): stop. leaf nodes are specific
INFO: dtree.c(1478): Final simple tree
|( QUESTION1 -1 2.271e+03 1.562e+02 1.324e+02
|    ( - 1.227e+03 2 0)
|    ( QUESTION0 -1 8.881e+02 9.968e+01 5.939e+01
|        ( QUESTION2_0_L -1 3.651e+02 4.553e+01 2.900e+01
|            ( - 3.001e+02 2 0)
|            ( - 1.944e+01 1 0))
|        ( - 4.233e+02 2 0)))
s>    ( QUESTION1 -1 2.271e+03 1.562e+02 1.324e+02
s>        ( - 1.227e+03 2 0)
s>        ( QUESTION0 -1 8.881e+02 9.968e+01 5.939e+01
s>            ( QUESTION2_0_L -1 3.651e+02 4.553e+01 2.900e+01
s>                ( - 3.001e+02 2 0)
s>                ( - 1.944e+01 1 0))
s>            ( - 4.233e+02 2 0)))INFO: dtree.c(1439): stop. leaf nodes are specific
INFO: dtree.c(1478): Final simple tree
|( QUESTION0_8_R 1 9.749e+02 1.181e+02 6.306e+01
|    ( QUESTION2_9_L -1 5.269e+02 7.875e+01 3.706e+01
|        ( - 1.314e+02 1 0)
|        ( - 3.167e+02 1 0))
|    ( SILENCE -1 3.298e+02 2.590e+01 2.599e+01
|        ( - 2.892e+02 1 0)
|        ( - 1.469e+01 1 0)))
s>    ( QUESTION0_8_R 1 9.749e+02 1.181e+02 6.306e+01
s>        ( QUESTION2_9_L -1 5.269e+02 7.875e+01 3.706e+01
s>            ( - 1.314e+02 1 0)
s>            ( - 3.167e+02 1 0))
s>        ( SILENCE -1 3.298e+02 2.590e+01 2.599e+01
s>            ( - 2.892e+02 1 0)
s>            ( - 1.469e+01 1 0)))INFO: dtree.c(1315): Comp split 22
INFO: dtree.c(1439): stop. leaf nodes are specific
INFO: dtree.c(1478): Final simple tree
|( SILENCE -1 1.422e+03 6.164e+01 9.157e+01
|    ( - 1.282e+03 1 0)
|    ( - 7.846e+01 1 0))
s>    ( SILENCE -1 1.422e+03 6.164e+01 9.157e+01
s>        ( - 1.282e+03 1 0)
s>        ( - 7.846e+01 1 0))INFO: dtree.c(1439): stop. leaf nodes are specific
INFO: dtree.c(1478): Final simple tree
|( QUESTION2_3_L -1 1.503e+03 1.504e+02 8.916e+01
|    ( - 3.698e+02 3 0)
|    ( QUESTION0 -1 9.829e+02 1.243e+02 6.016e+01
|        ( - 3.391e+02 1 0)
|        ( QUESTION4 -1 5.195e+02 7.627e+01 3.599e+01
|            ( QUESTION2_1_L -1 2.838e+02 4.657e+01 2.100e+01
|                ( - 1.925e+02 2 0)
|                ( - 4.470e+01 1 0))
|            ( QUESTION6 -1 1.595e+02 2.494e+01 1.499e+01
|                ( - 1.170e+02 1 0)
|                ( - 1.754e+01 1 0)))))
s>    ( QUESTION2_3_L -1 1.503e+03 1.504e+02 8.916e+01
s>        ( - 3.698e+02 3 0)
s>        ( QUESTION0 -1 9.829e+02 1.243e+02 6.016e+01
s>            ( - 3.391e+02 1 0)
s>            ( QUESTION4 -1 5.195e+02 7.627e+01 3.599e+01
s>                ( QUESTION2_1_L -1 2.838e+02 4.657e+01 2.100e+01
s>                    ( - 1.925e+02 2 0)
s>                    ( - 4.470e+01 1 0))
s>                ( QUESTION6 -1 1.595e+02 2.494e+01 1.499e+01
s>                    ( - 1.170e+02 1 0)
s>                    ( - 1.754e+01 1 0)))))INFO: dtree.c(1315): Comp split 23
INFO: dtree.c(1439): stop. leaf nodes are specific
INFO: dtree.c(1478): Final simple tree
|( QUESTION2_12_L -1 9.265e+02 8.072e+01 6.183e+01
|    ( - 6.428e+02 1 0)
|    ( - 2.030e+02 1 0))
s>    ( QUESTION2_12_L -1 9.265e+02 8.072e+01 6.183e+01
s>        ( - 6.428e+02 1 0)
s>        ( - 2.030e+02 1 0))INFO: dtree.c(1439): stop. leaf nodes are specific
INFO: dtree.c(1478): Final simple tree
|( QUESTION1 -1 3.932e+03 1.640e+02 2.346e+02
|    ( - 2.152e+03 2 0)
|    ( - 1.617e+03 3 0))
s>    ( QUESTION1 -1 3.932e+03 1.640e+02 2.346e+02
s>        ( - 2.152e+03 2 0)
s>        ( - 1.617e+03 3 0))INFO: dtree.c(1315): Comp split 24
INFO: dtree.c(1439): stop. leaf nodes are specific
INFO: dtree.c(1478): Final simple tree
|( QUESTION0 -1 2.730e+03 9.905e+01 1.672e+02
|    ( - 2.398e+03 2 0)
|    ( QUESTION2_1_L -1 2.321e+02 4.902e+01 1.895e+01
|        ( QUESTION4 -1 1.216e+02 2.238e+01 1.195e+01
|            ( - 9.469e+01 1 0)
|            ( - 4.501e+00 1 0))
|        ( QUESTION4 -1 6.155e+01 2.461e+01 7.000e+00
|            ( - 1.633e+01 1 0)
|            ( - 2.062e+01 1 0))))
s>    ( QUESTION0 -1 2.730e+03 9.905e+01 1.672e+02
s>        ( - 2.398e+03 2 0)
s>        ( QUESTION2_1_L -1 2.321e+02 4.902e+01 1.895e+01
s>            ( QUESTION4 -1 1.216e+02 2.238e+01 1.195e+01
s>                ( - 9.469e+01 1 0)
s>                ( - 4.501e+00 1 0))
s>            ( QUESTION4 -1 6.155e+01 2.461e+01 7.000e+00
s>                ( - 1.633e+01 1 0)
s>                ( - 2.062e+01 1 0))))INFO: dtree.c(1439): stop. leaf nodes are specific
INFO: dtree.c(1478): Final simple tree
|( SILENCE -1 1.289e+03 1.561e+02 8.109e+01
|    ( - 4.743e+02 1 0)
|    ( - 6.590e+02 1 0))
s>    ( SILENCE -1 1.289e+03 1.561e+02 8.109e+01
s>        ( - 4.743e+02 1 0)
s>        ( - 6.590e+02 1 0))INFO: dtree.c(1315): Comp split 25
INFO: dtree.c(1439): stop. leaf nodes are specific
INFO: dtree.c(1478): Final simple tree
|( QUESTION2_0_L -1 3.871e+02 8.524e+01 2.743e+01
|    ( QUESTION0_5_R 1 1.031e+02 3.056e+01 1.000e+01
|        ( - 5.617e+01 1 0)
|        ( - 1.633e+01 1 0))
|    ( QUESTION0_5_R 1 1.988e+02 3.498e+01 1.743e+01
|        ( - 1.498e+02 1 0)
|        ( - 1.409e+01 1 0)))
s>    ( QUESTION2_0_L -1 3.871e+02 8.524e+01 2.743e+01
s>        ( QUESTION0_5_R 1 1.031e+02 3.056e+01 1.000e+01
s>            ( - 5.617e+01 1 0)
s>            ( - 1.633e+01 1 0))
s>        ( QUESTION0_5_R 1 1.988e+02 3.498e+01 1.743e+01
s>            ( - 1.498e+02 1 0)
s>            ( - 1.409e+01 1 0)))INFO: dtree.c(1315): Comp split 26
INFO: dtree.c(1315): Comp split 27
INFO: dtree.c(1439): stop. leaf nodes are specific
INFO: dtree.c(1478): Final simple tree
|( QUESTION0 -1 1.226e+03 1.024e+02 7.762e+01
|    ( - 7.580e+02 1 0)
|    ( - 3.659e+02 1 0))
s>    ( QUESTION0 -1 1.226e+03 1.024e+02 7.762e+01
s>        ( - 7.580e+02 1 0)
s>        ( - 3.659e+02 1 0))INFO: dtree.c(1315): Comp split 28
INFO: dtree.c(1439): stop. leaf nodes are specific
INFO: dtree.c(1478): Final simple tree
|( QUESTION0_14_R 1 2.670e+02 5.944e+01 2.196e+01
|    ( - 1.327e+02 1 0)
|    ( QUESTION0_10_R 1 7.482e+01 2.284e+01 7.959e+00
|        ( - 3.377e+01 1 0)
|        ( - 1.821e+01 1 0)))
s>    ( QUESTION0_14_R 1 2.670e+02 5.944e+01 2.196e+01
s>        ( - 1.327e+02 1 0)
s>        ( QUESTION0_10_R 1 7.482e+01 2.284e+01 7.959e+00
s>            ( - 3.377e+01 1 0)
s>            ( - 1.821e+01 1 0)))INFO: dtree.c(1315): Comp split 29
INFO: dtree.c(1439): stop. leaf nodes are specific
INFO: dtree.c(1478): Final simple tree
|( QUESTION1 -1 9.402e+02 1.045e+02 5.896e+01
|    ( - 5.584e+02 2 0)
|    ( - 2.774e+02 1 0))
s>    ( QUESTION1 -1 9.402e+02 1.045e+02 5.896e+01
s>        ( - 5.584e+02 2 0)
s>        ( - 2.774e+02 1 0))INFO: dtree.c(1315): Comp split 30
INFO: dtree.c(1439): stop. leaf nodes are specific
INFO: dtree.c(1478): Final simple tree
|( QUESTION4 -1 1.414e+03 1.330e+02 9.705e+01
|    ( - 9.329e+02 1 0)
|    ( - 3.479e+02 1 0))
s>    ( QUESTION4 -1 1.414e+03 1.330e+02 9.705e+01
s>        ( - 9.329e+02 1 0)
s>        ( - 3.479e+02 1 0))INFO: dtree.c(1439): stop. leaf nodes are specific
INFO: dtree.c(1478): Final simple tree
|( WDBNDRY_B 0 1.875e+03 1.420e+02 1.207e+02
|    ( - 3.701e+02 1 0)
|    ( - 1.363e+03 1 0))
s>    ( WDBNDRY_B 0 1.875e+03 1.420e+02 1.207e+02
s>        ( - 3.701e+02 1 0)
s>        ( - 1.363e+03 1 0))INFO: dtree.c(1315): Comp split 31
INFO: dtree.c(1439): stop. leaf nodes are specific
INFO: dtree.c(1478): Final simple tree
|( QUESTION0 -1 4.938e+03 1.231e+02 3.035e+02
|    ( - 4.557e+03 3 0)
|    ( - 2.582e+02 1 0))
s>    ( QUESTION0 -1 4.938e+03 1.231e+02 3.035e+02
s>        ( - 4.557e+03 3 0)
s>        ( - 2.582e+02 1 0))INFO: dtree.c(1315): Comp split 32
INFO: dtree.c(1439): stop. leaf nodes are specific
INFO: dtree.c(1478): Final simple tree
|( QUESTION4 -1 1.713e+03 1.482e+02 1.030e+02
|    ( - 1.033e+03 2 0)
|    ( QUESTION0_8_R 1 5.317e+02 5.408e+01 3.700e+01
|        ( - 3.561e+01 1 0)
|        ( - 4.421e+02 1 0)))
s>    ( QUESTION4 -1 1.713e+03 1.482e+02 1.030e+02
s>        ( - 1.033e+03 2 0)
s>        ( QUESTION0_8_R 1 5.317e+02 5.408e+01 3.700e+01
s>            ( - 3.561e+01 1 0)
s>            ( - 4.421e+02 1 0)))INFO: dtree.c(1315): Comp split 33
INFO: dtree.c(1439): stop. leaf nodes are specific
INFO: dtree.c(1478): Final simple tree
|( QUESTION6 -1 3.734e+02 6.076e+01 2.994e+01
|    ( - 1.962e+02 1 0)
|    ( - 1.164e+02 1 0))
s>    ( QUESTION6 -1 3.734e+02 6.076e+01 2.994e+01
s>        ( - 1.962e+02 1 0)
s>        ( - 1.164e+02 1 0))INFO: dtree.c(1315): Comp split 34
INFO: dtree.c(1315): Comp split 35
INFO: dtree.c(1315): Comp split 36
INFO: dtree.c(1439): stop. leaf nodes are specific
INFO: dtree.c(1478): Final simple tree
|( QUESTION0 -1 6.552e+02 9.293e+01 4.400e+01
|    ( - 3.698e+02 3 0)
|    ( - 1.925e+02 2 0))
s>    ( QUESTION0 -1 6.552e+02 9.293e+01 4.400e+01
s>        ( - 3.698e+02 3 0)
s>        ( - 1.925e+02 2 0))INFO: dtree.c(1439): stop. leaf nodes are specific
INFO: dtree.c(1478): Final simple tree
|( QUESTION0 -1 6.841e+02 1.010e+02 4.516e+01
|    ( - 3.391e+02 1 0)
|    ( QUESTION4 -1 2.440e+02 3.977e+01 2.099e+01
|        ( - 4.470e+01 1 0)
|        ( QUESTION6 -1 1.595e+02 2.494e+01 1.499e+01
|            ( - 1.170e+02 1 0)
|            ( - 1.754e+01 1 0))))
s>    ( QUESTION0 -1 6.841e+02 1.010e+02 4.516e+01
s>        ( - 3.391e+02 1 0)
s>        ( QUESTION4 -1 2.440e+02 3.977e+01 2.099e+01
s>            ( - 4.470e+01 1 0)
s>            ( QUESTION6 -1 1.595e+02 2.494e+01 1.499e+01
s>                ( - 1.170e+02 1 0)
s>                ( - 1.754e+01 1 0))))INFO: dtree.c(1315): Comp split 37
INFO: dtree.c(1439): stop. leaf nodes are specific
INFO: dtree.c(1478): Final simple tree
|( QUESTION0 -1 8.881e+02 9.968e+01 5.939e+01
|    ( QUESTION2_0_L -1 3.651e+02 4.553e+01 2.900e+01
|        ( - 3.001e+02 2 0)
|        ( - 1.944e+01 1 0))
|    ( - 4.233e+02 2 0))
s>    ( QUESTION0 -1 8.881e+02 9.968e+01 5.939e+01
s>        ( QUESTION2_0_L -1 3.651e+02 4.553e+01 2.900e+01
s>            ( - 3.001e+02 2 0)
s>            ( - 1.944e+01 1 0))
s>        ( - 4.233e+02 2 0))INFO: dtree.c(1315): Comp split 38
INFO: dtree.c(1315): Comp split 39
INFO: dtree.c(1439): stop. leaf nodes are specific
INFO: dtree.c(1478): Final simple tree
|( QUESTION0_8_R 1 5.317e+02 5.408e+01 3.700e+01
|    ( - 3.561e+01 1 0)
|    ( - 4.421e+02 1 0))
s>    ( QUESTION0_8_R 1 5.317e+02 5.408e+01 3.700e+01
s>        ( - 3.561e+01 1 0)
s>        ( - 4.421e+02 1 0))INFO: dtree.c(1315): Comp split 40
INFO: dtree.c(1315): Comp split 41
INFO: dtree.c(1315): Comp split 42
INFO: dtree.c(1439): stop. leaf nodes are specific
INFO: dtree.c(1478): Final simple tree
|( QUESTION4 -1 3.666e+02 5.971e+01 2.900e+01
|    ( - 2.311e+02 1 0)
|    ( QUESTION6 -1 7.579e+01 2.395e+01 8.000e+00
|        ( - 7.278e+00 1 0)
|        ( - 4.456e+01 1 0)))
s>    ( QUESTION4 -1 3.666e+02 5.971e+01 2.900e+01
s>        ( - 2.311e+02 1 0)
s>        ( QUESTION6 -1 7.579e+01 2.395e+01 8.000e+00
s>            ( - 7.278e+00 1 0)
s>            ( - 4.456e+01 1 0)))INFO: dtree.c(1315): Comp split 43
INFO: dtree.c(1315): Comp split 44
INFO: dtree.c(1439): stop. leaf nodes are specific
INFO: dtree.c(1478): Final simple tree
|( SILENCE -1 3.298e+02 2.590e+01 2.599e+01
|    ( - 2.892e+02 1 0)
|    ( - 1.469e+01 1 0))
s>    ( SILENCE -1 3.298e+02 2.590e+01 2.599e+01
s>        ( - 2.892e+02 1 0)
s>        ( - 1.469e+01 1 0))INFO: dtree.c(1439): stop. leaf nodes are specific
INFO: dtree.c(1478): Final simple tree
|( QUESTION2_9_L -1 5.269e+02 7.875e+01 3.706e+01
|    ( - 1.314e+02 1 0)
|    ( - 3.167e+02 1 0))
s>    ( QUESTION2_9_L -1 5.269e+02 7.875e+01 3.706e+01
s>        ( - 1.314e+02 1 0)
s>        ( - 3.167e+02 1 0))INFO: dtree.c(1315): Comp split 45
INFO: dtree.c(1315): Comp split 46
INFO: dtree.c(1439): stop. leaf nodes are specific
INFO: dtree.c(1478): Final simple tree
|( SILENCE -1 1.812e+03 4.324e+01 1.102e+02
|    ( - 1.733e+03 1 0)
|    ( - 3.558e+01 1 0))
s>    ( SILENCE -1 1.812e+03 4.324e+01 1.102e+02
s>        ( - 1.733e+03 1 0)
s>        ( - 3.558e+01 1 0))INFO: dtree.c(1439): stop. leaf nodes are specific
INFO: dtree.c(1478): Final simple tree
|( QUESTION4 -1 2.038e+02 4.780e+01 1.702e+01
|    ( - 3.625e+01 1 0)
|    ( - 1.197e+02 1 0))
s>    ( QUESTION4 -1 2.038e+02 4.780e+01 1.702e+01
s>        ( - 3.625e+01 1 0)
s>        ( - 1.197e+02 1 0))INFO: dtree.c(1315): Comp split 47
INFO: dtree.c(1439): stop. leaf nodes are specific
INFO: dtree.c(1478): Final simple tree
|( QUESTION2_1_L -1 2.014e+02 4.519e+01 1.795e+01
|    ( - 9.469e+01 1 0)
|    ( QUESTION4 -1 6.155e+01 2.461e+01 7.000e+00
|        ( - 1.633e+01 1 0)
|        ( - 2.062e+01 1 0)))
s>    ( QUESTION2_1_L -1 2.014e+02 4.519e+01 1.795e+01
s>        ( - 9.469e+01 1 0)
s>        ( QUESTION4 -1 6.155e+01 2.461e+01 7.000e+00
s>            ( - 1.633e+01 1 0)
s>            ( - 2.062e+01 1 0)))INFO: dtree.c(1439): stop. leaf nodes are specific
INFO: dtree.c(1478): Final simple tree
|( QUESTION0 -1 2.425e+03 2.249e+01 1.492e+02
|    ( - 2.398e+03 2 0)
|    ( - 4.501e+00 1 0))
s>    ( QUESTION0 -1 2.425e+03 2.249e+01 1.492e+02
s>        ( - 2.398e+03 2 0)
s>        ( - 4.501e+00 1 0))INFO: dtree.c(1315): Comp split 48
INFO: dtree.c(1315): Comp split 49
INFO: dtree.c(1439): stop. leaf nodes are specific
INFO: dtree.c(1478): Final simple tree
|( QUESTION4 -1 2.440e+02 3.977e+01 2.099e+01
|    ( - 4.470e+01 1 0)
|    ( QUESTION6 -1 1.595e+02 2.494e+01 1.499e+01
|        ( - 1.170e+02 1 0)
|        ( - 1.754e+01 1 0)))
s>    ( QUESTION4 -1 2.440e+02 3.977e+01 2.099e+01
s>        ( - 4.470e+01 1 0)
s>        ( QUESTION6 -1 1.595e+02 2.494e+01 1.499e+01
s>            ( - 1.170e+02 1 0)
s>            ( - 1.754e+01 1 0)))INFO: dtree.c(1315): Comp split 50
INFO: dtree.c(1439): stop. leaf nodes are specific
INFO: dtree.c(1478): Final simple tree
|( QUESTION2_0_L -1 3.651e+02 4.553e+01 2.900e+01
|    ( - 3.001e+02 2 0)
|    ( - 1.944e+01 1 0))
s>    ( QUESTION2_0_L -1 3.651e+02 4.553e+01 2.900e+01
s>        ( - 3.001e+02 2 0)
s>        ( - 1.944e+01 1 0))INFO: dtree.c(1315): Comp split 51
INFO: dtree.c(1315): Comp split 52
INFO: dtree.c(1439): stop. leaf nodes are specific
INFO: dtree.c(1478): Final simple tree
|( QUESTION0_5_R 1 1.988e+02 3.498e+01 1.743e+01
|    ( - 1.498e+02 1 0)
|    ( - 1.409e+01 1 0))
s>    ( QUESTION0_5_R 1 1.988e+02 3.498e+01 1.743e+01
s>        ( - 1.498e+02 1 0)
s>        ( - 1.409e+01 1 0))INFO: dtree.c(1439): stop. leaf nodes are specific
INFO: dtree.c(1478): Final simple tree
|( QUESTION0_5_R 1 1.031e+02 3.056e+01 1.000e+01
|    ( - 5.617e+01 1 0)
|    ( - 1.633e+01 1 0))
s>    ( QUESTION0_5_R 1 1.031e+02 3.056e+01 1.000e+01
s>        ( - 5.617e+01 1 0)
s>        ( - 1.633e+01 1 0))INFO: dtree.c(1315): Comp split 53
INFO: dtree.c(1315): Comp split 54
INFO: dtree.c(1315): Comp split 55
INFO: dtree.c(1315): Comp split 56
INFO: dtree.c(1315): Comp split 57
INFO: dtree.c(1439): stop. leaf nodes are specific
INFO: dtree.c(1478): Final simple tree
|( QUESTION6 -1 7.579e+01 2.395e+01 8.000e+00
|    ( - 7.278e+00 1 0)
|    ( - 4.456e+01 1 0))
s>    ( QUESTION6 -1 7.579e+01 2.395e+01 8.000e+00
s>        ( - 7.278e+00 1 0)
s>        ( - 4.456e+01 1 0))INFO: dtree.c(1315): Comp split 58
INFO: dtree.c(1439): stop. leaf nodes are specific
INFO: dtree.c(1478): Final simple tree
|( QUESTION0_10_R 1 7.482e+01 2.284e+01 7.959e+00
|    ( - 3.377e+01 1 0)
|    ( - 1.821e+01 1 0))
s>    ( QUESTION0_10_R 1 7.482e+01 2.284e+01 7.959e+00
s>        ( - 3.377e+01 1 0)
s>        ( - 1.821e+01 1 0))INFO: dtree.c(1315): Comp split 59
INFO: dtree.c(1315): Comp split 60
INFO: dtree.c(1315): Comp split 61
INFO: dtree.c(1315): Comp split 62
INFO: dtree.c(1315): Comp split 63
INFO: dtree.c(1439): stop. leaf nodes are specific
INFO: dtree.c(1478): Final simple tree
|( QUESTION4 -1 6.155e+01 2.461e+01 7.000e+00
|    ( - 1.633e+01 1 0)
|    ( - 2.062e+01 1 0))
s>    ( QUESTION4 -1 6.155e+01 2.461e+01 7.000e+00
s>        ( - 1.633e+01 1 0)
s>        ( - 2.062e+01 1 0))INFO: dtree.c(1315): Comp split 64
INFO: dtree.c(1315): Comp split 65
INFO: dtree.c(1439): stop. leaf nodes are specific
INFO: dtree.c(1478): Final simple tree
|( QUESTION6 -1 1.595e+02 2.494e+01 1.499e+01
|    ( - 1.170e+02 1 0)
|    ( - 1.754e+01 1 0))
s>    ( QUESTION6 -1 1.595e+02 2.494e+01 1.499e+01
s>        ( - 1.170e+02 1 0)
s>        ( - 1.754e+01 1 0))INFO: dtree.c(1315): Comp split 66
INFO: dtree.c(1315): Comp split 67
INFO: dtree.c(1315): Comp split 68
INFO: dtree.c(1315): Comp split 69
INFO: dtree.c(1315): Comp split 70
INFO: dtree.c(1315): Comp split 71
INFO: dtree.c(1315): Comp split 72
INFO: dtree.c(1315): Comp split 73
INFO: dtree.c(1315): Comp split 74
INFO: dtree.c(1315): Comp split 75
INFO: dtree.c(1318): stop. leaf nodes are specific
Mon May 23 22:39:48 2022
