Current configuration:
[NAME]		[DEFLT]	[VALUE]
-allphones	no	no
-cntthresh	0.00001	1.000000e-05
-csplitmax	100	2000
-csplitmin	1	1
-csplitthr	8e-4	0.000000e+00
-example	no	no
-fullvar	no	no
-help		no	no
-meanfn			
-mixwfn			/home/rakha/Kuliah/Semester8/nlp/speech-sphinx/train-new-model/an4-master/model_parameters/an4.cd_ptm_untied/mixture_weights
-moddeffn		/home/rakha/Kuliah/Semester8/nlp/speech-sphinx/train-new-model/an4-master/model_architecture/an4.untied.mdef
-mwfloor	1e-4	1.000000e-08
-phone			JH
-psetfn			/home/rakha/Kuliah/Semester8/nlp/speech-sphinx/train-new-model/an4-master/model_architecture/an4.tree_questions
-ssplitmax	5	7
-ssplitmin	1	1
-ssplitthr	8e-4	0.000000e+00
-state			0
-stwt			1.0,0.05,0.0,
-treefn			/home/rakha/Kuliah/Semester8/nlp/speech-sphinx/train-new-model/an4-master/trees/an4.unpruned/JH-0.dtree
-ts2cbfn	.semi.	.semi.
-varfloor	0.00001	1.000000e-05
-varfn			

INFO: main.c(223): Reading: /home/rakha/Kuliah/Semester8/nlp/speech-sphinx/train-new-model/an4-master/model_architecture/an4.untied.mdef
INFO: model_def_io.c(573): Model definition info:
INFO: model_def_io.c(574): 1618 total models defined (34 base, 1584 tri)
INFO: model_def_io.c(575): 6472 total states
INFO: model_def_io.c(576): 4854 total tied states
INFO: model_def_io.c(577): 102 total tied CI states
INFO: model_def_io.c(578): 34 total tied transition matrices
INFO: model_def_io.c(579): 4 max state/model
INFO: model_def_io.c(580): 4 min state/model
INFO: main.c(242): Building trees for [JH AH EY b] through [JH UW IY b]
INFO: main.c(269): Covering states |[2643 2732]| == 90
INFO: main.c(275): Reading: /home/rakha/Kuliah/Semester8/nlp/speech-sphinx/train-new-model/an4-master/model_parameters/an4.cd_ptm_untied/mixture_weights
INFO: s3mixw_io.c(173): Read /home/rakha/Kuliah/Semester8/nlp/speech-sphinx/train-new-model/an4-master/model_parameters/an4.cd_ptm_untied/mixture_weights [90x4x64 array]
INFO: main.c(311): 30 of 30 models have observation count greater than 0.000010
INFO: main.c(95): nrm stwt: 0.952 0.048 0.000 
INFO: main.c(411): 30-class entropy: 1.966868e+04
INFO: main.c(549): Reading: /home/rakha/Kuliah/Semester8/nlp/speech-sphinx/train-new-model/an4-master/model_architecture/an4.tree_questions
INFO: main.c(588): 180 total simple questions (172 phone; 8 word bndry)
INFO: main.c(590): 42 Left Only questions, and 42 Right Only questions
INFO: dtree.c(1478): Final simple tree
|( QUESTION0 -1 2.437e+04 6.067e+02 1.233e+03
|    ( QUESTION2_0_L -1 7.512e+03 3.048e+02 3.863e+02
|        ( QUESTION0_0_R 1 4.895e+03 2.031e+02 2.612e+02
|            ( - 2.884e+03 5 0 QUESTION1 -1 1.867e+02 1.560e+02)
|            ( - 1.808e+03 4 0 QUESTION1 -1 1.010e+02 1.052e+02))
|        ( QUESTION0_0_R 1 2.312e+03 2.238e+02 1.250e+02
|            ( - 1.452e+03 2 0 QUESTION2_12_L -1 1.608e+02 8.193e+01)
|            ( - 6.361e+02 2 0 QUESTION2_12_L -1 1.001e+02 4.311e+01)))
|    ( QUESTION2_6_L -1 1.625e+04 5.078e+02 8.469e+02
|        ( - 6.328e+03 4 0 QUESTION2_9_L -1 2.007e+02 3.460e+02)
|        ( QUESTION2_1_L -1 9.416e+03 2.973e+02 5.009e+02
|            ( - 2.281e+03 6 0 QUESTION0_0_R 1 1.845e+02 1.290e+02)
|            ( QUESTION0_1_R 1 6.837e+03 2.030e+02 3.719e+02
|                ( - 2.884e+03 3 0 SILENCE -1 1.811e+02 1.626e+02)
|                ( - 3.750e+03 4 0 QUESTION1 1 1.019e+02 2.094e+02)))))
s>    ( QUESTION0 -1 2.437e+04 6.067e+02 1.233e+03
s>        ( QUESTION2_0_L -1 7.512e+03 3.048e+02 3.863e+02
s>            ( QUESTION0_0_R 1 4.895e+03 2.031e+02 2.612e+02
s>                ( - 2.884e+03 5 0 QUESTION1 -1 1.867e+02 1.560e+02)
s>                ( - 1.808e+03 4 0 QUESTION1 -1 1.010e+02 1.052e+02))
s>            ( QUESTION0_0_R 1 2.312e+03 2.238e+02 1.250e+02
s>                ( - 1.452e+03 2 0 QUESTION2_12_L -1 1.608e+02 8.193e+01)
s>                ( - 6.361e+02 2 0 QUESTION2_12_L -1 1.001e+02 4.311e+01)))
s>        ( QUESTION2_6_L -1 1.625e+04 5.078e+02 8.469e+02
s>            ( - 6.328e+03 4 0 QUESTION2_9_L -1 2.007e+02 3.460e+02)
s>            ( QUESTION2_1_L -1 9.416e+03 2.973e+02 5.009e+02
s>                ( - 2.281e+03 6 0 QUESTION0_0_R 1 1.845e+02 1.290e+02)
s>                ( QUESTION0_1_R 1 6.837e+03 2.030e+02 3.719e+02
s>                    ( - 2.884e+03 3 0 SILENCE -1 1.811e+02 1.626e+02)
s>                    ( - 3.750e+03 4 0 QUESTION1 1 1.019e+02 2.094e+02)))))INFO: dtree.c(1315): Comp split 0
INFO: dtree.c(1478): Final simple tree
|( SILENCE -1 1.038e+04 3.310e+02 5.441e+02
|    ( QUESTION0_1_R 1 5.739e+03 1.929e+02 3.179e+02
|        ( - 1.983e+03 2 0 QUESTION1 1 6.232e+01 1.186e+02)
|        ( QUESTION1 1 3.563e+03 1.013e+02 1.994e+02
|            ( - 3.151e+03 1 0)
|            ( - 3.109e+02 2 0 QUESTION0_0_R 1 5.967e+01 2.200e+01)))
|    ( QUESTION0 -1 4.309e+03 2.879e+02 2.261e+02
|        ( - 6.361e+02 2 0 QUESTION2_12_L -1 1.001e+02 4.311e+01)
|        ( QUESTION2_1_L -1 3.385e+03 2.070e+02 1.830e+02
|            ( QUESTION0_0_R 1 2.281e+03 1.845e+02 1.290e+02
|                ( - 7.404e+02 3 0 QUESTION4 -1 8.795e+01 4.800e+01)
|                ( QUESTION4 -1 1.356e+03 1.341e+02 8.100e+01
|                    ( - 1.062e+03 2 0)
|                    ( - 1.596e+02 1 0)))
|            ( - 8.972e+02 2 0 QUESTION0_0_R 1 7.875e+01 5.400e+01))))
s>    ( SILENCE -1 1.038e+04 3.310e+02 5.441e+02
s>        ( QUESTION0_1_R 1 5.739e+03 1.929e+02 3.179e+02
s>            ( - 1.983e+03 2 0 QUESTION1 1 6.232e+01 1.186e+02)
s>            ( QUESTION1 1 3.563e+03 1.013e+02 1.994e+02
s>                ( - 3.151e+03 1 0)
s>                ( - 3.109e+02 2 0 QUESTION0_0_R 1 5.967e+01 2.200e+01)))
s>        ( QUESTION0 -1 4.309e+03 2.879e+02 2.261e+02
s>            ( - 6.361e+02 2 0 QUESTION2_12_L -1 1.001e+02 4.311e+01)
s>            ( QUESTION2_1_L -1 3.385e+03 2.070e+02 1.830e+02
s>                ( QUESTION0_0_R 1 2.281e+03 1.845e+02 1.290e+02
s>                    ( - 7.404e+02 3 0 QUESTION4 -1 8.795e+01 4.800e+01)
s>                    ( QUESTION4 -1 1.356e+03 1.341e+02 8.100e+01
s>                        ( - 1.062e+03 2 0)
s>                        ( - 1.596e+02 1 0)))
s>                ( - 8.972e+02 2 0 QUESTION0_0_R 1 7.875e+01 5.400e+01))))INFO: dtree.c(1478): Final simple tree
|( QUESTION0 -1 1.337e+04 4.796e+02 6.892e+02
|    ( QUESTION2_0_L -1 6.564e+03 2.175e+02 3.432e+02
|        ( QUESTION0_0_R 1 4.895e+03 2.031e+02 2.612e+02
|            ( QUESTION1 -1 2.884e+03 1.867e+02 1.560e+02
|                ( - 1.641e+03 2 0)
|                ( - 1.056e+03 3 0))
|            ( QUESTION1 -1 1.808e+03 1.010e+02 1.052e+02
|                ( - 1.502e+03 2 0)
|                ( - 2.049e+02 2 0)))
|        ( QUESTION2_12_L -1 1.452e+03 1.608e+02 8.193e+01
|            ( - 6.788e+02 1 0)
|            ( - 6.125e+02 1 0)))
|    ( QUESTION2_9_L -1 6.328e+03 2.007e+02 3.460e+02
|        ( - 2.007e+02 2 0 QUESTION0_0_R 1 3.917e+01 1.700e+01)
|        ( - 5.927e+03 2 0 QUESTION6 -1 6.206e+01 3.290e+02)))
s>    ( QUESTION0 -1 1.337e+04 4.796e+02 6.892e+02
s>        ( QUESTION2_0_L -1 6.564e+03 2.175e+02 3.432e+02
s>            ( QUESTION0_0_R 1 4.895e+03 2.031e+02 2.612e+02
s>                ( QUESTION1 -1 2.884e+03 1.867e+02 1.560e+02
s>                    ( - 1.641e+03 2 0)
s>                    ( - 1.056e+03 3 0))
s>                ( QUESTION1 -1 1.808e+03 1.010e+02 1.052e+02
s>                    ( - 1.502e+03 2 0)
s>                    ( - 2.049e+02 2 0)))
s>            ( QUESTION2_12_L -1 1.452e+03 1.608e+02 8.193e+01
s>                ( - 6.788e+02 1 0)
s>                ( - 6.125e+02 1 0)))
s>        ( QUESTION2_9_L -1 6.328e+03 2.007e+02 3.460e+02
s>            ( - 2.007e+02 2 0 QUESTION0_0_R 1 3.917e+01 1.700e+01)
s>            ( - 5.927e+03 2 0 QUESTION6 -1 6.206e+01 3.290e+02)))INFO: dtree.c(1315): Comp split 1
INFO: dtree.c(1439): stop. leaf nodes are specific
INFO: dtree.c(1478): Final simple tree
|( QUESTION0 -1 7.176e+03 1.935e+02 3.900e+02
|    ( - 1.056e+03 3 0)
|    ( QUESTION6 -1 5.927e+03 6.206e+01 3.290e+02
|        ( - 6.790e+01 1 0)
|        ( - 5.797e+03 1 0)))
s>    ( QUESTION0 -1 7.176e+03 1.935e+02 3.900e+02
s>        ( - 1.056e+03 3 0)
s>        ( QUESTION6 -1 5.927e+03 6.206e+01 3.290e+02
s>            ( - 6.790e+01 1 0)
s>            ( - 5.797e+03 1 0)))INFO: dtree.c(1439): stop. leaf nodes are specific
INFO: dtree.c(1478): Final simple tree
|( QUESTION1 -1 5.637e+03 2.269e+02 2.992e+02
|    ( QUESTION0_0_R 1 3.312e+03 1.687e+02 1.832e+02
|        ( - 1.641e+03 2 0)
|        ( - 1.502e+03 2 0))
|    ( QUESTION2_12_L -1 2.099e+03 1.736e+02 1.159e+02
|        ( - 6.788e+02 1 0)
|        ( QUESTION2_0_L -1 1.246e+03 1.378e+02 7.293e+01
|            ( QUESTION0 -1 4.959e+02 9.034e+01 3.400e+01
|                ( - 2.049e+02 2 0)
|                ( QUESTION0_0_R 1 2.007e+02 3.917e+01 1.700e+01
|                    ( - 7.598e+01 1 0)
|                    ( - 8.551e+01 1 0)))
|            ( - 6.125e+02 1 0))))
s>    ( QUESTION1 -1 5.637e+03 2.269e+02 2.992e+02
s>        ( QUESTION0_0_R 1 3.312e+03 1.687e+02 1.832e+02
s>            ( - 1.641e+03 2 0)
s>            ( - 1.502e+03 2 0))
s>        ( QUESTION2_12_L -1 2.099e+03 1.736e+02 1.159e+02
s>            ( - 6.788e+02 1 0)
s>            ( QUESTION2_0_L -1 1.246e+03 1.378e+02 7.293e+01
s>                ( QUESTION0 -1 4.959e+02 9.034e+01 3.400e+01
s>                    ( - 2.049e+02 2 0)
s>                    ( QUESTION0_0_R 1 2.007e+02 3.917e+01 1.700e+01
s>                        ( - 7.598e+01 1 0)
s>                        ( - 8.551e+01 1 0)))
s>                ( - 6.125e+02 1 0))))INFO: dtree.c(1315): Comp split 2
INFO: dtree.c(1478): Final simple tree
|( SILENCE -1 7.106e+03 2.156e+02 3.849e+02
|    ( QUESTION0_1_R 1 5.739e+03 1.929e+02 3.179e+02
|        ( QUESTION1 1 1.983e+03 6.232e+01 1.186e+02
|            ( - 1.854e+03 1 0)
|            ( - 6.636e+01 1 0))
|        ( QUESTION1 1 3.563e+03 1.013e+02 1.994e+02
|            ( - 3.151e+03 1 0)
|            ( QUESTION0_0_R 1 3.109e+02 5.967e+01 2.200e+01
|                ( - 6.500e+01 1 0)
|                ( - 1.862e+02 1 0))))
|    ( QUESTION0_0_R 1 1.152e+03 1.073e+02 6.700e+01
|        ( - 7.201e+02 1 0)
|        ( QUESTION4 -1 3.241e+02 6.613e+01 2.300e+01
|            ( - 9.836e+01 1 0)
|            ( - 1.596e+02 1 0))))
s>    ( SILENCE -1 7.106e+03 2.156e+02 3.849e+02
s>        ( QUESTION0_1_R 1 5.739e+03 1.929e+02 3.179e+02
s>            ( QUESTION1 1 1.983e+03 6.232e+01 1.186e+02
s>                ( - 1.854e+03 1 0)
s>                ( - 6.636e+01 1 0))
s>            ( QUESTION1 1 3.563e+03 1.013e+02 1.994e+02
s>                ( - 3.151e+03 1 0)
s>                ( QUESTION0_0_R 1 3.109e+02 5.967e+01 2.200e+01
s>                    ( - 6.500e+01 1 0)
s>                    ( - 1.862e+02 1 0))))
s>        ( QUESTION0_0_R 1 1.152e+03 1.073e+02 6.700e+01
s>            ( - 7.201e+02 1 0)
s>            ( QUESTION4 -1 3.241e+02 6.613e+01 2.300e+01
s>                ( - 9.836e+01 1 0)
s>                ( - 1.596e+02 1 0))))INFO: dtree.c(1439): stop. leaf nodes are specific
INFO: dtree.c(1478): Final simple tree
|( QUESTION0 -1 2.878e+03 2.545e+02 1.591e+02
|    ( QUESTION2_12_L -1 6.361e+02 1.001e+02 4.311e+01
|        ( - 4.317e+02 1 0)
|        ( - 1.044e+02 1 0))
|    ( QUESTION0_0_R 1 1.987e+03 1.845e+02 1.160e+02
|        ( QUESTION4 -1 7.404e+02 8.795e+01 4.800e+01
|            ( - 5.265e+02 2 0)
|            ( - 1.259e+02 1 0))
|        ( - 1.062e+03 2 0)))
s>    ( QUESTION0 -1 2.878e+03 2.545e+02 1.591e+02
s>        ( QUESTION2_12_L -1 6.361e+02 1.001e+02 4.311e+01
s>            ( - 4.317e+02 1 0)
s>            ( - 1.044e+02 1 0))
s>        ( QUESTION0_0_R 1 1.987e+03 1.845e+02 1.160e+02
s>            ( QUESTION4 -1 7.404e+02 8.795e+01 4.800e+01
s>                ( - 5.265e+02 2 0)
s>                ( - 1.259e+02 1 0))
s>            ( - 1.062e+03 2 0)))INFO: dtree.c(1315): Comp split 3
INFO: dtree.c(1439): stop. leaf nodes are specific
INFO: dtree.c(1478): Final simple tree
|( QUESTION0_0_R 1 1.987e+03 1.845e+02 1.160e+02
|    ( QUESTION4 -1 7.404e+02 8.795e+01 4.800e+01
|        ( - 5.265e+02 2 0)
|        ( - 1.259e+02 1 0))
|    ( - 1.062e+03 2 0))
s>    ( QUESTION0_0_R 1 1.987e+03 1.845e+02 1.160e+02
s>        ( QUESTION4 -1 7.404e+02 8.795e+01 4.800e+01
s>            ( - 5.265e+02 2 0)
s>            ( - 1.259e+02 1 0))
s>        ( - 1.062e+03 2 0))INFO: dtree.c(1439): stop. leaf nodes are specific
INFO: dtree.c(1478): Final simple tree
|( QUESTION2_12_L -1 6.361e+02 1.001e+02 4.311e+01
|    ( - 4.317e+02 1 0)
|    ( - 1.044e+02 1 0))
s>    ( QUESTION2_12_L -1 6.361e+02 1.001e+02 4.311e+01
s>        ( - 4.317e+02 1 0)
s>        ( - 1.044e+02 1 0))INFO: dtree.c(1315): Comp split 4
INFO: dtree.c(1439): stop. leaf nodes are specific
INFO: dtree.c(1478): Final simple tree
|( QUESTION2_0_L -1 1.313e+03 1.383e+02 7.700e+01
|    ( QUESTION0 -1 4.959e+02 9.034e+01 3.400e+01
|        ( - 2.049e+02 2 0)
|        ( QUESTION0_0_R 1 2.007e+02 3.917e+01 1.700e+01
|            ( - 7.598e+01 1 0)
|            ( - 8.551e+01 1 0)))
|    ( - 6.788e+02 1 0))
s>    ( QUESTION2_0_L -1 1.313e+03 1.383e+02 7.700e+01
s>        ( QUESTION0 -1 4.959e+02 9.034e+01 3.400e+01
s>            ( - 2.049e+02 2 0)
s>            ( QUESTION0_0_R 1 2.007e+02 3.917e+01 1.700e+01
s>                ( - 7.598e+01 1 0)
s>                ( - 8.551e+01 1 0)))
s>        ( - 6.788e+02 1 0))INFO: dtree.c(1439): stop. leaf nodes are specific
INFO: dtree.c(1478): Final simple tree
|( QUESTION0_0_R 1 4.088e+03 1.675e+02 2.222e+02
|    ( QUESTION1 -1 2.419e+03 1.651e+02 1.339e+02
|        ( - 1.641e+03 2 0)
|        ( - 6.125e+02 1 0))
|    ( - 1.502e+03 2 0))
s>    ( QUESTION0_0_R 1 4.088e+03 1.675e+02 2.222e+02
s>        ( QUESTION1 -1 2.419e+03 1.651e+02 1.339e+02
s>            ( - 1.641e+03 2 0)
s>            ( - 6.125e+02 1 0))
s>        ( - 1.502e+03 2 0))INFO: dtree.c(1315): Comp split 5
INFO: dtree.c(1439): stop. leaf nodes are specific
INFO: dtree.c(1478): Final simple tree
|( QUESTION0_0_R 1 1.280e+03 1.063e+02 7.441e+01
|    ( SILENCE -1 8.491e+02 6.265e+01 5.141e+01
|        ( - 6.636e+01 1 0)
|        ( - 7.201e+02 1 0))
|    ( QUESTION4 -1 3.241e+02 6.613e+01 2.300e+01
|        ( - 9.836e+01 1 0)
|        ( - 1.596e+02 1 0)))
s>    ( QUESTION0_0_R 1 1.280e+03 1.063e+02 7.441e+01
s>        ( SILENCE -1 8.491e+02 6.265e+01 5.141e+01
s>            ( - 6.636e+01 1 0)
s>            ( - 7.201e+02 1 0))
s>        ( QUESTION4 -1 3.241e+02 6.613e+01 2.300e+01
s>            ( - 9.836e+01 1 0)
s>            ( - 1.596e+02 1 0)))INFO: dtree.c(1439): stop. leaf nodes are specific
INFO: dtree.c(1478): Final simple tree
|( QUESTION0_1_R 1 5.603e+03 1.863e+02 3.105e+02
|    ( - 1.854e+03 1 0)
|    ( QUESTION1 1 3.563e+03 1.013e+02 1.994e+02
|        ( - 3.151e+03 1 0)
|        ( QUESTION0_0_R 1 3.109e+02 5.967e+01 2.200e+01
|            ( - 6.500e+01 1 0)
|            ( - 1.862e+02 1 0))))
s>    ( QUESTION0_1_R 1 5.603e+03 1.863e+02 3.105e+02
s>        ( - 1.854e+03 1 0)
s>        ( QUESTION1 1 3.563e+03 1.013e+02 1.994e+02
s>            ( - 3.151e+03 1 0)
s>            ( QUESTION0_0_R 1 3.109e+02 5.967e+01 2.200e+01
s>                ( - 6.500e+01 1 0)
s>                ( - 1.862e+02 1 0))))INFO: dtree.c(1315): Comp split 6
INFO: dtree.c(1439): stop. leaf nodes are specific
INFO: dtree.c(1478): Final simple tree
|( QUESTION6 -1 5.927e+03 6.206e+01 3.290e+02
|    ( - 6.790e+01 1 0)
|    ( - 5.797e+03 1 0))
s>    ( QUESTION6 -1 5.927e+03 6.206e+01 3.290e+02
s>        ( - 6.790e+01 1 0)
s>        ( - 5.797e+03 1 0))INFO: dtree.c(1315): Comp split 7
INFO: dtree.c(1439): stop. leaf nodes are specific
INFO: dtree.c(1478): Final simple tree
|( QUESTION0_0_R 1 2.258e+03 1.435e+02 1.272e+02
|    ( - 6.125e+02 1 0)
|    ( - 1.502e+03 2 0))
s>    ( QUESTION0_0_R 1 2.258e+03 1.435e+02 1.272e+02
s>        ( - 6.125e+02 1 0)
s>        ( - 1.502e+03 2 0))INFO: dtree.c(1315): Comp split 8
INFO: dtree.c(1439): stop. leaf nodes are specific
INFO: dtree.c(1478): Final simple tree
|( QUESTION0_0_R 1 3.286e+03 6.997e+01 1.844e+02
|    ( - 6.500e+01 1 0)
|    ( - 3.151e+03 1 0))
s>    ( QUESTION0_0_R 1 3.286e+03 6.997e+01 1.844e+02
s>        ( - 6.500e+01 1 0)
s>        ( - 3.151e+03 1 0))INFO: dtree.c(1439): stop. leaf nodes are specific
INFO: dtree.c(1478): Final simple tree
|( QUESTION0_0_R 1 2.131e+03 9.099e+01 1.262e+02
|    ( - 1.854e+03 1 0)
|    ( - 1.862e+02 1 0))
s>    ( QUESTION0_0_R 1 2.131e+03 9.099e+01 1.262e+02
s>        ( - 1.854e+03 1 0)
s>        ( - 1.862e+02 1 0))INFO: dtree.c(1315): Comp split 9
INFO: dtree.c(1439): stop. leaf nodes are specific
INFO: dtree.c(1478): Final simple tree
|( QUESTION4 -1 7.404e+02 8.795e+01 4.800e+01
|    ( - 5.265e+02 2 0)
|    ( - 1.259e+02 1 0))
s>    ( QUESTION4 -1 7.404e+02 8.795e+01 4.800e+01
s>        ( - 5.265e+02 2 0)
s>        ( - 1.259e+02 1 0))INFO: dtree.c(1315): Comp split 10
INFO: dtree.c(1315): Comp split 11
INFO: dtree.c(1439): stop. leaf nodes are specific
INFO: dtree.c(1478): Final simple tree
|( QUESTION0 -1 4.959e+02 9.034e+01 3.400e+01
|    ( - 2.049e+02 2 0)
|    ( QUESTION0_0_R 1 2.007e+02 3.917e+01 1.700e+01
|        ( - 7.598e+01 1 0)
|        ( - 8.551e+01 1 0)))
s>    ( QUESTION0 -1 4.959e+02 9.034e+01 3.400e+01
s>        ( - 2.049e+02 2 0)
s>        ( QUESTION0_0_R 1 2.007e+02 3.917e+01 1.700e+01
s>            ( - 7.598e+01 1 0)
s>            ( - 8.551e+01 1 0)))INFO: dtree.c(1315): Comp split 12
INFO: dtree.c(1439): stop. leaf nodes are specific
INFO: dtree.c(1478): Final simple tree
|( QUESTION5 -1 4.464e+02 8.737e+01 3.041e+01
|    ( - 1.596e+02 1 0)
|    ( SILENCE -1 1.994e+02 3.469e+01 1.741e+01
|        ( - 6.636e+01 1 0)
|        ( - 9.836e+01 1 0)))
s>    ( QUESTION5 -1 4.464e+02 8.737e+01 3.041e+01
s>        ( - 1.596e+02 1 0)
s>        ( SILENCE -1 1.994e+02 3.469e+01 1.741e+01
s>            ( - 6.636e+01 1 0)
s>            ( - 9.836e+01 1 0)))INFO: dtree.c(1315): Comp split 13
INFO: dtree.c(1315): Comp split 14
INFO: dtree.c(1315): Comp split 15
INFO: dtree.c(1439): stop. leaf nodes are specific
INFO: dtree.c(1478): Final simple tree
|( QUESTION0_0_R 1 2.007e+02 3.917e+01 1.700e+01
|    ( - 7.598e+01 1 0)
|    ( - 8.551e+01 1 0))
s>    ( QUESTION0_0_R 1 2.007e+02 3.917e+01 1.700e+01
s>        ( - 7.598e+01 1 0)
s>        ( - 8.551e+01 1 0))INFO: dtree.c(1315): Comp split 16
INFO: dtree.c(1315): Comp split 17
INFO: dtree.c(1439): stop. leaf nodes are specific
INFO: dtree.c(1478): Final simple tree
|( SILENCE -1 1.994e+02 3.469e+01 1.741e+01
|    ( - 6.636e+01 1 0)
|    ( - 9.836e+01 1 0))
s>    ( SILENCE -1 1.994e+02 3.469e+01 1.741e+01
s>        ( - 6.636e+01 1 0)
s>        ( - 9.836e+01 1 0))INFO: dtree.c(1315): Comp split 18
INFO: dtree.c(1315): Comp split 19
INFO: dtree.c(1315): Comp split 20
INFO: dtree.c(1315): Comp split 21
INFO: dtree.c(1315): Comp split 22
INFO: dtree.c(1318): stop. leaf nodes are specific
Mon May 23 22:39:48 2022
