Current configuration:
[NAME]		[DEFLT]	[VALUE]
-allphones	no	no
-cntthresh	0.00001	1.000000e-05
-csplitmax	100	2000
-csplitmin	1	1
-csplitthr	8e-4	0.000000e+00
-example	no	no
-fullvar	no	no
-help		no	no
-meanfn			
-mixwfn			/home/rakha/Kuliah/Semester8/nlp/speech-sphinx/train-new-model/an4-master/model_parameters/an4.cd_ptm_untied/mixture_weights
-moddeffn		/home/rakha/Kuliah/Semester8/nlp/speech-sphinx/train-new-model/an4-master/model_architecture/an4.untied.mdef
-mwfloor	1e-4	1.000000e-08
-phone			K
-psetfn			/home/rakha/Kuliah/Semester8/nlp/speech-sphinx/train-new-model/an4-master/model_architecture/an4.tree_questions
-ssplitmax	5	7
-ssplitmin	1	1
-ssplitthr	8e-4	0.000000e+00
-state			2
-stwt			1.0,0.05,0.0,
-treefn			/home/rakha/Kuliah/Semester8/nlp/speech-sphinx/train-new-model/an4-master/trees/an4.unpruned/K-2.dtree
-ts2cbfn	.semi.	.semi.
-varfloor	0.00001	1.000000e-05
-varfn			

INFO: main.c(223): Reading: /home/rakha/Kuliah/Semester8/nlp/speech-sphinx/train-new-model/an4-master/model_architecture/an4.untied.mdef
INFO: model_def_io.c(573): Model definition info:
INFO: model_def_io.c(574): 1618 total models defined (34 base, 1584 tri)
INFO: model_def_io.c(575): 6472 total states
INFO: model_def_io.c(576): 4854 total tied states
INFO: model_def_io.c(577): 102 total tied CI states
INFO: model_def_io.c(578): 34 total tied transition matrices
INFO: model_def_io.c(579): 4 max state/model
INFO: model_def_io.c(580): 4 min state/model
INFO: main.c(242): Building trees for [K AA T i] through [K UW Y b]
INFO: main.c(269): Covering states |[2733 2825]| == 93
INFO: main.c(275): Reading: /home/rakha/Kuliah/Semester8/nlp/speech-sphinx/train-new-model/an4-master/model_parameters/an4.cd_ptm_untied/mixture_weights
INFO: s3mixw_io.c(173): Read /home/rakha/Kuliah/Semester8/nlp/speech-sphinx/train-new-model/an4-master/model_parameters/an4.cd_ptm_untied/mixture_weights [93x4x64 array]
INFO: main.c(311): 31 of 31 models have observation count greater than 0.000010
INFO: main.c(95): nrm stwt: 0.000 0.048 0.952 
INFO: main.c(411): 31-class entropy: 2.135347e+04
INFO: main.c(549): Reading: /home/rakha/Kuliah/Semester8/nlp/speech-sphinx/train-new-model/an4-master/model_architecture/an4.tree_questions
INFO: main.c(588): 180 total simple questions (172 phone; 8 word bndry)
INFO: main.c(590): 42 Left Only questions, and 42 Right Only questions
INFO: dtree.c(1478): Final simple tree
|( QUESTION1 1 2.713e+04 2.664e+03 1.398e+03
|    ( QUESTION1 -1 1.172e+04 2.066e+02 6.558e+02
|        ( - 4.207e+03 4 0)
|        ( QUESTION16 -1 7.309e+03 1.919e+02 4.152e+02
|            ( - 1.390e+03 4 0 QUESTION2_9_L -1 1.096e+02 8.790e+01)
|            ( QUESTION2_2_L -1 5.727e+03 1.659e+02 3.273e+02
|                ( - 1.607e+03 8 0 QUESTION0 -1 8.945e+01 9.568e+01)
|                ( SILENCE -1 3.954e+03 1.538e+02 2.317e+02
|                    ( - 7.525e+02 2 0)
|                    ( QUESTION4 -1 3.048e+03 1.373e+02 1.809e+02
|                        ( - 1.686e+03 4 0)
|                        ( - 1.225e+03 4 0 QUESTION2_13_L -1 1.136e+02 7.699e+01))))))
|    ( QUESTION18 -1 1.275e+04 1.793e+02 7.417e+02
|        ( - 1.090e+04 1 0)
|        ( - 1.670e+03 4 0 QUESTION4 1 1.112e+02 1.036e+02)))
s>    ( QUESTION1 1 2.713e+04 2.664e+03 1.398e+03
s>        ( QUESTION1 -1 1.172e+04 2.066e+02 6.558e+02
s>            ( - 4.207e+03 4 0)
s>            ( QUESTION16 -1 7.309e+03 1.919e+02 4.152e+02
s>                ( - 1.390e+03 4 0 QUESTION2_9_L -1 1.096e+02 8.790e+01)
s>                ( QUESTION2_2_L -1 5.727e+03 1.659e+02 3.273e+02
s>                    ( - 1.607e+03 8 0 QUESTION0 -1 8.945e+01 9.568e+01)
s>                    ( SILENCE -1 3.954e+03 1.538e+02 2.317e+02
s>                        ( - 7.525e+02 2 0)
s>                        ( QUESTION4 -1 3.048e+03 1.373e+02 1.809e+02
s>                            ( - 1.686e+03 4 0)
s>                            ( - 1.225e+03 4 0 QUESTION2_13_L -1 1.136e+02 7.699e+01))))))
s>        ( QUESTION18 -1 1.275e+04 1.793e+02 7.417e+02
s>            ( - 1.090e+04 1 0)
s>            ( - 1.670e+03 4 0 QUESTION4 1 1.112e+02 1.036e+02)))INFO: dtree.c(1315): Comp split 0
INFO: dtree.c(1478): Final simple tree
|( QUESTION1 -1 1.172e+04 2.066e+02 6.558e+02
|    ( - 4.207e+03 4 0)
|    ( QUESTION16 -1 7.309e+03 1.919e+02 4.152e+02
|        ( QUESTION2_9_L -1 1.390e+03 1.096e+02 8.790e+01
|            ( - 1.797e+02 2 0)
|            ( - 1.101e+03 2 0))
|        ( QUESTION2_2_L -1 5.727e+03 1.659e+02 3.273e+02
|            ( - 1.607e+03 8 0 QUESTION0 -1 8.945e+01 9.568e+01)
|            ( SILENCE -1 3.954e+03 1.538e+02 2.317e+02
|                ( - 7.525e+02 2 0)
|                ( QUESTION4 -1 3.048e+03 1.373e+02 1.809e+02
|                    ( - 1.686e+03 4 0)
|                    ( QUESTION2_13_L -1 1.225e+03 1.136e+02 7.699e+01
|                        ( - 2.641e+02 1 0)
|                        ( - 8.473e+02 3 0 QUESTION0 -1 4.568e+01 5.699e+01)))))))
s>    ( QUESTION1 -1 1.172e+04 2.066e+02 6.558e+02
s>        ( - 4.207e+03 4 0)
s>        ( QUESTION16 -1 7.309e+03 1.919e+02 4.152e+02
s>            ( QUESTION2_9_L -1 1.390e+03 1.096e+02 8.790e+01
s>                ( - 1.797e+02 2 0)
s>                ( - 1.101e+03 2 0))
s>            ( QUESTION2_2_L -1 5.727e+03 1.659e+02 3.273e+02
s>                ( - 1.607e+03 8 0 QUESTION0 -1 8.945e+01 9.568e+01)
s>                ( SILENCE -1 3.954e+03 1.538e+02 2.317e+02
s>                    ( - 7.525e+02 2 0)
s>                    ( QUESTION4 -1 3.048e+03 1.373e+02 1.809e+02
s>                        ( - 1.686e+03 4 0)
s>                        ( QUESTION2_13_L -1 1.225e+03 1.136e+02 7.699e+01
s>                            ( - 2.641e+02 1 0)
s>                            ( - 8.473e+02 3 0 QUESTION0 -1 4.568e+01 5.699e+01)))))))INFO: dtree.c(1439): stop. leaf nodes are specific
INFO: dtree.c(1478): Final simple tree
|( QUESTION18 -1 1.275e+04 1.793e+02 7.417e+02
|    ( - 1.090e+04 1 0)
|    ( QUESTION4 1 1.670e+03 1.112e+02 1.036e+02
|        ( - 1.484e+03 1 0)
|        ( QUESTION0_9_R 1 7.534e+01 2.763e+01 7.000e+00
|            ( - 1.902e+01 1 0)
|            ( WDBNDRY_B 0 2.869e+01 1.616e+01 4.000e+00
|                ( - 4.525e+00 1 0)
|                ( - 8.000e+00 1 0)))))
s>    ( QUESTION18 -1 1.275e+04 1.793e+02 7.417e+02
s>        ( - 1.090e+04 1 0)
s>        ( QUESTION4 1 1.670e+03 1.112e+02 1.036e+02
s>            ( - 1.484e+03 1 0)
s>            ( QUESTION0_9_R 1 7.534e+01 2.763e+01 7.000e+00
s>                ( - 1.902e+01 1 0)
s>                ( WDBNDRY_B 0 2.869e+01 1.616e+01 4.000e+00
s>                    ( - 4.525e+00 1 0)
s>                    ( - 8.000e+00 1 0)))))INFO: dtree.c(1315): Comp split 1
INFO: dtree.c(1439): stop. leaf nodes are specific
INFO: dtree.c(1478): Final simple tree
|( QUESTION2_2_L -1 4.745e+03 1.673e+02 2.726e+02
|    ( QUESTION0 -1 1.890e+03 1.229e+02 1.117e+02
|        ( - 1.304e+03 5 0)
|        ( QUESTION16 -1 4.632e+02 7.053e+01 3.300e+01
|            ( - 1.797e+02 2 0)
|            ( QUESTION4 -1 2.130e+02 3.766e+01 1.700e+01
|                ( - 2.344e+01 1 0)
|                ( - 1.519e+02 2 0))))
|    ( QUESTION4 -1 2.688e+03 1.548e+02 1.609e+02
|        ( - 1.686e+03 4 0)
|        ( QUESTION0 -1 8.473e+02 4.568e+01 5.699e+01
|            ( - 7.065e+02 2 0)
|            ( - 9.512e+01 1 0))))
s>    ( QUESTION2_2_L -1 4.745e+03 1.673e+02 2.726e+02
s>        ( QUESTION0 -1 1.890e+03 1.229e+02 1.117e+02
s>            ( - 1.304e+03 5 0)
s>            ( QUESTION16 -1 4.632e+02 7.053e+01 3.300e+01
s>                ( - 1.797e+02 2 0)
s>                ( QUESTION4 -1 2.130e+02 3.766e+01 1.700e+01
s>                    ( - 2.344e+01 1 0)
s>                    ( - 1.519e+02 2 0))))
s>        ( QUESTION4 -1 2.688e+03 1.548e+02 1.609e+02
s>            ( - 1.686e+03 4 0)
s>            ( QUESTION0 -1 8.473e+02 4.568e+01 5.699e+01
s>                ( - 7.065e+02 2 0)
s>                ( - 9.512e+01 1 0))))INFO: dtree.c(1439): stop. leaf nodes are specific
INFO: dtree.c(1478): Final simple tree
|( QUESTION1 -1 6.726e+03 1.906e+02 3.832e+02
|    ( - 4.207e+03 4 0)
|    ( SILENCE -1 2.328e+03 1.351e+02 1.426e+02
|        ( - 7.525e+02 2 0)
|        ( QUESTION0 -1 1.440e+03 7.533e+01 9.190e+01
|            ( - 2.641e+02 1 0)
|            ( - 1.101e+03 2 0))))
s>    ( QUESTION1 -1 6.726e+03 1.906e+02 3.832e+02
s>        ( - 4.207e+03 4 0)
s>        ( SILENCE -1 2.328e+03 1.351e+02 1.426e+02
s>            ( - 7.525e+02 2 0)
s>            ( QUESTION0 -1 1.440e+03 7.533e+01 9.190e+01
s>                ( - 2.641e+02 1 0)
s>                ( - 1.101e+03 2 0))))INFO: dtree.c(1315): Comp split 2
INFO: dtree.c(1439): stop. leaf nodes are specific
INFO: dtree.c(1478): Final simple tree
|( SILENCE -1 2.328e+03 1.351e+02 1.426e+02
|    ( - 7.525e+02 2 0)
|    ( QUESTION0 -1 1.440e+03 7.533e+01 9.190e+01
|        ( - 2.641e+02 1 0)
|        ( - 1.101e+03 2 0)))
s>    ( SILENCE -1 2.328e+03 1.351e+02 1.426e+02
s>        ( - 7.525e+02 2 0)
s>        ( QUESTION0 -1 1.440e+03 7.533e+01 9.190e+01
s>            ( - 2.641e+02 1 0)
s>            ( - 1.101e+03 2 0)))INFO: dtree.c(1315): Comp split 3
INFO: dtree.c(1439): stop. leaf nodes are specific
INFO: dtree.c(1478): Final simple tree
|( QUESTION4 1 1.670e+03 1.112e+02 1.036e+02
|    ( - 1.484e+03 1 0)
|    ( QUESTION0_9_R 1 7.534e+01 2.763e+01 7.000e+00
|        ( - 1.902e+01 1 0)
|        ( WDBNDRY_B 0 2.869e+01 1.616e+01 4.000e+00
|            ( - 4.525e+00 1 0)
|            ( - 8.000e+00 1 0))))
s>    ( QUESTION4 1 1.670e+03 1.112e+02 1.036e+02
s>        ( - 1.484e+03 1 0)
s>        ( QUESTION0_9_R 1 7.534e+01 2.763e+01 7.000e+00
s>            ( - 1.902e+01 1 0)
s>            ( WDBNDRY_B 0 2.869e+01 1.616e+01 4.000e+00
s>                ( - 4.525e+00 1 0)
s>                ( - 8.000e+00 1 0))))INFO: dtree.c(1315): Comp split 4
INFO: dtree.c(1439): stop. leaf nodes are specific
INFO: dtree.c(1478): Final simple tree
|( QUESTION16 -1 1.118e+03 9.149e+01 7.299e+01
|    ( - 1.797e+02 2 0)
|    ( QUESTION0 -1 8.473e+02 4.568e+01 5.699e+01
|        ( - 7.065e+02 2 0)
|        ( - 9.512e+01 1 0)))
s>    ( QUESTION16 -1 1.118e+03 9.149e+01 7.299e+01
s>        ( - 1.797e+02 2 0)
s>        ( QUESTION0 -1 8.473e+02 4.568e+01 5.699e+01
s>            ( - 7.065e+02 2 0)
s>            ( - 9.512e+01 1 0)))INFO: dtree.c(1439): stop. leaf nodes are specific
INFO: dtree.c(1478): Final simple tree
|( QUESTION2_1_L -1 3.452e+03 1.593e+02 1.996e+02
|    ( - 1.686e+03 4 0)
|    ( QUESTION0 -1 1.607e+03 8.945e+01 9.568e+01
|        ( - 1.304e+03 5 0)
|        ( QUESTION4 -1 2.130e+02 3.766e+01 1.700e+01
|            ( - 2.344e+01 1 0)
|            ( - 1.519e+02 2 0))))
s>    ( QUESTION2_1_L -1 3.452e+03 1.593e+02 1.996e+02
s>        ( - 1.686e+03 4 0)
s>        ( QUESTION0 -1 1.607e+03 8.945e+01 9.568e+01
s>            ( - 1.304e+03 5 0)
s>            ( QUESTION4 -1 2.130e+02 3.766e+01 1.700e+01
s>                ( - 2.344e+01 1 0)
s>                ( - 1.519e+02 2 0))))INFO: dtree.c(1315): Comp split 5
INFO: dtree.c(1439): stop. leaf nodes are specific
INFO: dtree.c(1478): Final simple tree
|( QUESTION0 -1 1.607e+03 8.945e+01 9.568e+01
|    ( - 1.304e+03 5 0)
|    ( QUESTION4 -1 2.130e+02 3.766e+01 1.700e+01
|        ( - 2.344e+01 1 0)
|        ( - 1.519e+02 2 0)))
s>    ( QUESTION0 -1 1.607e+03 8.945e+01 9.568e+01
s>        ( - 1.304e+03 5 0)
s>        ( QUESTION4 -1 2.130e+02 3.766e+01 1.700e+01
s>            ( - 2.344e+01 1 0)
s>            ( - 1.519e+02 2 0)))INFO: dtree.c(1315): Comp split 6
INFO: dtree.c(1439): stop. leaf nodes are specific
INFO: dtree.c(1478): Final simple tree
|( QUESTION0 -1 1.440e+03 7.533e+01 9.190e+01
|    ( - 2.641e+02 1 0)
|    ( - 1.101e+03 2 0))
s>    ( QUESTION0 -1 1.440e+03 7.533e+01 9.190e+01
s>        ( - 2.641e+02 1 0)
s>        ( - 1.101e+03 2 0))INFO: dtree.c(1315): Comp split 7
INFO: dtree.c(1439): stop. leaf nodes are specific
INFO: dtree.c(1478): Final simple tree
|( QUESTION0_9_R 1 7.534e+01 2.763e+01 7.000e+00
|    ( - 1.902e+01 1 0)
|    ( WDBNDRY_B 0 2.869e+01 1.616e+01 4.000e+00
|        ( - 4.525e+00 1 0)
|        ( - 8.000e+00 1 0)))
s>    ( QUESTION0_9_R 1 7.534e+01 2.763e+01 7.000e+00
s>        ( - 1.902e+01 1 0)
s>        ( WDBNDRY_B 0 2.869e+01 1.616e+01 4.000e+00
s>            ( - 4.525e+00 1 0)
s>            ( - 8.000e+00 1 0)))INFO: dtree.c(1315): Comp split 8
INFO: dtree.c(1439): stop. leaf nodes are specific
INFO: dtree.c(1478): Final simple tree
|( QUESTION0 -1 8.473e+02 4.568e+01 5.699e+01
|    ( - 7.065e+02 2 0)
|    ( - 9.512e+01 1 0))
s>    ( QUESTION0 -1 8.473e+02 4.568e+01 5.699e+01
s>        ( - 7.065e+02 2 0)
s>        ( - 9.512e+01 1 0))INFO: dtree.c(1315): Comp split 9
INFO: dtree.c(1439): stop. leaf nodes are specific
INFO: dtree.c(1478): Final simple tree
|( QUESTION4 -1 2.130e+02 3.766e+01 1.700e+01
|    ( - 2.344e+01 1 0)
|    ( - 1.519e+02 2 0))
s>    ( QUESTION4 -1 2.130e+02 3.766e+01 1.700e+01
s>        ( - 2.344e+01 1 0)
s>        ( - 1.519e+02 2 0))INFO: dtree.c(1315): Comp split 10
INFO: dtree.c(1315): Comp split 11
INFO: dtree.c(1315): Comp split 12
INFO: dtree.c(1315): Comp split 13
INFO: dtree.c(1439): stop. leaf nodes are specific
INFO: dtree.c(1478): Final simple tree
|( WDBNDRY_B 0 2.869e+01 1.616e+01 4.000e+00
|    ( - 4.525e+00 1 0)
|    ( - 8.000e+00 1 0))
s>    ( WDBNDRY_B 0 2.869e+01 1.616e+01 4.000e+00
s>        ( - 4.525e+00 1 0)
s>        ( - 8.000e+00 1 0))INFO: dtree.c(1315): Comp split 14
INFO: dtree.c(1315): Comp split 15
INFO: dtree.c(1318): stop. leaf nodes are specific
Mon May 23 22:39:49 2022
