Current configuration:
[NAME]		[DEFLT]	[VALUE]
-allphones	no	no
-cntthresh	0.00001	1.000000e-05
-csplitmax	100	2000
-csplitmin	1	1
-csplitthr	8e-4	0.000000e+00
-example	no	no
-fullvar	no	no
-help		no	no
-meanfn			
-mixwfn			/home/rakha/Kuliah/Semester8/nlp/speech-sphinx/train-new-model/an4-master/model_parameters/an4.cd_ptm_untied/mixture_weights
-moddeffn		/home/rakha/Kuliah/Semester8/nlp/speech-sphinx/train-new-model/an4-master/model_architecture/an4.untied.mdef
-mwfloor	1e-4	1.000000e-08
-phone			CH
-psetfn			/home/rakha/Kuliah/Semester8/nlp/speech-sphinx/train-new-model/an4-master/model_architecture/an4.tree_questions
-ssplitmax	5	7
-ssplitmin	1	1
-ssplitthr	8e-4	0.000000e+00
-state			1
-stwt			1.0,0.05,0.0,
-treefn			/home/rakha/Kuliah/Semester8/nlp/speech-sphinx/train-new-model/an4-master/trees/an4.unpruned/CH-1.dtree
-ts2cbfn	.semi.	.semi.
-varfloor	0.00001	1.000000e-05
-varfn			

INFO: main.c(223): Reading: /home/rakha/Kuliah/Semester8/nlp/speech-sphinx/train-new-model/an4-master/model_architecture/an4.untied.mdef
INFO: model_def_io.c(573): Model definition info:
INFO: model_def_io.c(574): 1618 total models defined (34 base, 1584 tri)
INFO: model_def_io.c(575): 6472 total states
INFO: model_def_io.c(576): 4854 total tied states
INFO: model_def_io.c(577): 102 total tied CI states
INFO: model_def_io.c(578): 34 total tied transition matrices
INFO: model_def_io.c(579): 4 max state/model
INFO: model_def_io.c(580): 4 min state/model
INFO: main.c(242): Building trees for [CH EY AA e] through [CH R TH e]
INFO: main.c(269): Covering states |[789 860]| == 72
INFO: main.c(275): Reading: /home/rakha/Kuliah/Semester8/nlp/speech-sphinx/train-new-model/an4-master/model_parameters/an4.cd_ptm_untied/mixture_weights
INFO: s3mixw_io.c(173): Read /home/rakha/Kuliah/Semester8/nlp/speech-sphinx/train-new-model/an4-master/model_parameters/an4.cd_ptm_untied/mixture_weights [72x4x64 array]
INFO: main.c(311): 24 of 24 models have observation count greater than 0.000010
INFO: main.c(95): nrm stwt: 0.045 0.909 0.045 
INFO: main.c(411): 24-class entropy: 2.102649e+04
INFO: main.c(549): Reading: /home/rakha/Kuliah/Semester8/nlp/speech-sphinx/train-new-model/an4-master/model_architecture/an4.tree_questions
INFO: main.c(588): 180 total simple questions (172 phone; 8 word bndry)
INFO: main.c(590): 42 Left Only questions, and 42 Right Only questions
INFO: dtree.c(1478): Final simple tree
|( SILENCE 1 2.429e+04 5.578e+02 1.302e+03
|    ( - 9.613e+03 1 0)
|    ( QUESTION2 1 1.412e+04 2.558e+02 7.600e+02
|        ( QUESTION0_0_R 1 7.196e+03 1.888e+02 3.873e+02
|            ( - 2.553e+03 2 0)
|            ( - 4.454e+03 3 0))
|        ( QUESTION0_15_R 1 6.672e+03 2.102e+02 3.727e+02
|            ( QUESTION0_16_R 1 1.837e+03 1.532e+02 1.120e+02
|                ( - 1.242e+03 4 0 QUESTION0_18_R 1 1.210e+02 7.900e+01)
|                ( - 4.424e+02 3 0 QUESTION0 -1 7.830e+01 3.300e+01))
|            ( QUESTION0_9_R 1 4.624e+03 2.037e+02 2.607e+02
|                ( QUESTION0_10_R 1 2.526e+03 1.636e+02 1.470e+02
|                    ( - 1.243e+03 4 0 QUESTION8 1 1.293e+02 7.653e+01)
|                    ( - 1.120e+03 2 0 QUESTION6 1 6.029e+01 7.052e+01))
|                ( - 1.894e+03 5 0 QUESTION0 1 1.428e+02 1.137e+02)))))
s>    ( SILENCE 1 2.429e+04 5.578e+02 1.302e+03
s>        ( - 9.613e+03 1 0)
s>        ( QUESTION2 1 1.412e+04 2.558e+02 7.600e+02
s>            ( QUESTION0_0_R 1 7.196e+03 1.888e+02 3.873e+02
s>                ( - 2.553e+03 2 0)
s>                ( - 4.454e+03 3 0))
s>            ( QUESTION0_15_R 1 6.672e+03 2.102e+02 3.727e+02
s>                ( QUESTION0_16_R 1 1.837e+03 1.532e+02 1.120e+02
s>                    ( - 1.242e+03 4 0 QUESTION0_18_R 1 1.210e+02 7.900e+01)
s>                    ( - 4.424e+02 3 0 QUESTION0 -1 7.830e+01 3.300e+01))
s>                ( QUESTION0_9_R 1 4.624e+03 2.037e+02 2.607e+02
s>                    ( QUESTION0_10_R 1 2.526e+03 1.636e+02 1.470e+02
s>                        ( - 1.243e+03 4 0 QUESTION8 1 1.293e+02 7.653e+01)
s>                        ( - 1.120e+03 2 0 QUESTION6 1 6.029e+01 7.052e+01))
s>                    ( - 1.894e+03 5 0 QUESTION0 1 1.428e+02 1.137e+02)))))INFO: dtree.c(1315): Comp split 0
INFO: dtree.c(1439): stop. leaf nodes are specific
INFO: dtree.c(1478): Final simple tree
|( SILENCE 1 1.020e+04 1.456e+02 5.749e+02
|    ( - 9.613e+03 1 0)
|    ( QUESTION0 -1 4.424e+02 7.830e+01 3.300e+01
|        ( QUESTION0_20_R 1 2.808e+02 3.532e+01 2.400e+01
|            ( - 9.999e+01 1 0)
|            ( - 1.454e+02 1 0))
|        ( - 8.330e+01 1 0)))
s>    ( SILENCE 1 1.020e+04 1.456e+02 5.749e+02
s>        ( - 9.613e+03 1 0)
s>        ( QUESTION0 -1 4.424e+02 7.830e+01 3.300e+01
s>            ( QUESTION0_20_R 1 2.808e+02 3.532e+01 2.400e+01
s>                ( - 9.999e+01 1 0)
s>                ( - 1.454e+02 1 0))
s>            ( - 8.330e+01 1 0)))INFO: dtree.c(1478): Final simple tree
|( QUESTION2 1 1.351e+04 2.532e+02 7.270e+02
|    ( QUESTION0_0_R 1 7.196e+03 1.888e+02 3.873e+02
|        ( - 2.553e+03 2 0)
|        ( - 4.454e+03 3 0))
|    ( QUESTION0_13_R 1 6.057e+03 2.020e+02 3.397e+02
|        ( QUESTION16 1 2.533e+03 1.795e+02 1.495e+02
|            ( - 1.025e+03 1 0)
|            ( - 1.328e+03 5 0 QUESTION0_18_R 1 1.205e+02 8.400e+01))
|        ( QUESTION0_9_R 1 3.322e+03 1.852e+02 1.902e+02
|            ( QUESTION8 1 1.243e+03 1.293e+02 7.653e+01
|                ( - 2.195e+02 1 0)
|                ( - 8.939e+02 3 0 QUESTION0_11_R 1 7.603e+01 5.853e+01))
|            ( QUESTION0 1 1.894e+03 1.428e+02 1.137e+02
|                ( - 1.316e+03 3 0 QUESTION0_0_R 1 1.130e+02 8.284e+01)
|                ( - 4.351e+02 2 0 QUESTION0_0_R 1 7.379e+01 3.083e+01)))))
s>    ( QUESTION2 1 1.351e+04 2.532e+02 7.270e+02
s>        ( QUESTION0_0_R 1 7.196e+03 1.888e+02 3.873e+02
s>            ( - 2.553e+03 2 0)
s>            ( - 4.454e+03 3 0))
s>        ( QUESTION0_13_R 1 6.057e+03 2.020e+02 3.397e+02
s>            ( QUESTION16 1 2.533e+03 1.795e+02 1.495e+02
s>                ( - 1.025e+03 1 0)
s>                ( - 1.328e+03 5 0 QUESTION0_18_R 1 1.205e+02 8.400e+01))
s>            ( QUESTION0_9_R 1 3.322e+03 1.852e+02 1.902e+02
s>                ( QUESTION8 1 1.243e+03 1.293e+02 7.653e+01
s>                    ( - 2.195e+02 1 0)
s>                    ( - 8.939e+02 3 0 QUESTION0_11_R 1 7.603e+01 5.853e+01))
s>                ( QUESTION0 1 1.894e+03 1.428e+02 1.137e+02
s>                    ( - 1.316e+03 3 0 QUESTION0_0_R 1 1.130e+02 8.284e+01)
s>                    ( - 4.351e+02 2 0 QUESTION0_0_R 1 7.379e+01 3.083e+01)))))INFO: dtree.c(1315): Comp split 1
INFO: dtree.c(1478): Final simple tree
|( QUESTION0_13_R 1 4.503e+03 1.975e+02 2.562e+02
|    ( QUESTION0_18_R 1 1.328e+03 1.205e+02 8.400e+01
|        ( - 2.790e+02 2 0 QUESTION7 1 5.409e+01 2.400e+01)
|        ( QUESTION0_17_R 1 9.286e+02 1.017e+02 6.000e+01
|            ( - 5.459e+02 1 0)
|            ( - 2.809e+02 2 0 QUESTION0_14_R 1 4.199e+01 2.100e+01)))
|    ( QUESTION0_9_R 1 2.978e+03 1.895e+02 1.722e+02
|        ( QUESTION0_11_R 1 8.939e+02 7.603e+01 5.853e+01
|            ( - 1.287e+02 1 0)
|            ( - 6.891e+02 2 0 QUESTION0 -1 5.896e+01 4.746e+01))
|        ( QUESTION0 1 1.894e+03 1.428e+02 1.137e+02
|            ( QUESTION0_0_R 1 1.316e+03 1.130e+02 8.284e+01
|                ( - 8.855e+02 1 0)
|                ( - 3.179e+02 2 0))
|            ( - 4.351e+02 2 0 QUESTION0_0_R 1 7.379e+01 3.083e+01))))
s>    ( QUESTION0_13_R 1 4.503e+03 1.975e+02 2.562e+02
s>        ( QUESTION0_18_R 1 1.328e+03 1.205e+02 8.400e+01
s>            ( - 2.790e+02 2 0 QUESTION7 1 5.409e+01 2.400e+01)
s>            ( QUESTION0_17_R 1 9.286e+02 1.017e+02 6.000e+01
s>                ( - 5.459e+02 1 0)
s>                ( - 2.809e+02 2 0 QUESTION0_14_R 1 4.199e+01 2.100e+01)))
s>        ( QUESTION0_9_R 1 2.978e+03 1.895e+02 1.722e+02
s>            ( QUESTION0_11_R 1 8.939e+02 7.603e+01 5.853e+01
s>                ( - 1.287e+02 1 0)
s>                ( - 6.891e+02 2 0 QUESTION0 -1 5.896e+01 4.746e+01))
s>            ( QUESTION0 1 1.894e+03 1.428e+02 1.137e+02
s>                ( QUESTION0_0_R 1 1.316e+03 1.130e+02 8.284e+01
s>                    ( - 8.855e+02 1 0)
s>                    ( - 3.179e+02 2 0))
s>                ( - 4.351e+02 2 0 QUESTION0_0_R 1 7.379e+01 3.083e+01))))INFO: dtree.c(1439): stop. leaf nodes are specific
INFO: dtree.c(1478): Final simple tree
|( QUESTION0_0_R 1 8.719e+03 1.932e+02 4.708e+02
|    ( - 2.553e+03 2 0)
|    ( QUESTION0_8_R 1 5.973e+03 1.716e+02 3.252e+02
|        ( - 4.454e+03 3 0)
|        ( QUESTION0_10_R 1 1.347e+03 1.025e+02 8.352e+01
|            ( - 2.195e+02 1 0)
|            ( - 1.025e+03 1 0))))
s>    ( QUESTION0_0_R 1 8.719e+03 1.932e+02 4.708e+02
s>        ( - 2.553e+03 2 0)
s>        ( QUESTION0_8_R 1 5.973e+03 1.716e+02 3.252e+02
s>            ( - 4.454e+03 3 0)
s>            ( QUESTION0_10_R 1 1.347e+03 1.025e+02 8.352e+01
s>                ( - 2.195e+02 1 0)
s>                ( - 1.025e+03 1 0))))INFO: dtree.c(1315): Comp split 2
INFO: dtree.c(1439): stop. leaf nodes are specific
INFO: dtree.c(1478): Final simple tree
|( QUESTION0_0_R 1 1.969e+03 1.551e+02 1.198e+02
|    ( - 8.855e+02 1 0)
|    ( QUESTION0_17_R 1 9.286e+02 1.017e+02 6.000e+01
|        ( - 5.459e+02 1 0)
|        ( QUESTION0_14_R 1 2.809e+02 4.199e+01 2.100e+01
|            ( - 3.488e+01 1 0)
|            ( - 2.041e+02 1 0))))
s>    ( QUESTION0_0_R 1 1.969e+03 1.551e+02 1.198e+02
s>        ( - 8.855e+02 1 0)
s>        ( QUESTION0_17_R 1 9.286e+02 1.017e+02 6.000e+01
s>            ( - 5.459e+02 1 0)
s>            ( QUESTION0_14_R 1 2.809e+02 4.199e+01 2.100e+01
s>                ( - 3.488e+01 1 0)
s>                ( - 2.041e+02 1 0))))INFO: dtree.c(1478): Final simple tree
|( QUESTION0_10_R 1 2.327e+03 1.867e+02 1.364e+02
|    ( QUESTION0_11_R 1 8.939e+02 7.603e+01 5.853e+01
|        ( - 1.287e+02 1 0)
|        ( QUESTION0 -1 6.891e+02 5.896e+01 4.746e+01
|            ( - 5.579e+02 1 0)
|            ( - 7.220e+01 1 0)))
|    ( QUESTION4 1 1.247e+03 1.251e+02 7.783e+01
|        ( QUESTION0_0_R 1 4.351e+02 7.379e+01 3.083e+01
|            ( - 1.306e+02 1 0)
|            ( - 2.307e+02 1 0))
|        ( QUESTION0_8_R 1 6.863e+02 8.940e+01 4.700e+01
|            ( - 3.179e+02 2 0)
|            ( QUESTION7 1 2.790e+02 5.409e+01 2.400e+01
|                ( - 1.371e+02 1 0)
|                ( - 8.781e+01 1 0)))))
s>    ( QUESTION0_10_R 1 2.327e+03 1.867e+02 1.364e+02
s>        ( QUESTION0_11_R 1 8.939e+02 7.603e+01 5.853e+01
s>            ( - 1.287e+02 1 0)
s>            ( QUESTION0 -1 6.891e+02 5.896e+01 4.746e+01
s>                ( - 5.579e+02 1 0)
s>                ( - 7.220e+01 1 0)))
s>        ( QUESTION4 1 1.247e+03 1.251e+02 7.783e+01
s>            ( QUESTION0_0_R 1 4.351e+02 7.379e+01 3.083e+01
s>                ( - 1.306e+02 1 0)
s>                ( - 2.307e+02 1 0))
s>            ( QUESTION0_8_R 1 6.863e+02 8.940e+01 4.700e+01
s>                ( - 3.179e+02 2 0)
s>                ( QUESTION7 1 2.790e+02 5.409e+01 2.400e+01
s>                    ( - 1.371e+02 1 0)
s>                    ( - 8.781e+01 1 0)))))INFO: dtree.c(1315): Comp split 3
INFO: dtree.c(1439): stop. leaf nodes are specific
INFO: dtree.c(1478): Final simple tree
|( QUESTION0_8_R 1 5.642e+03 1.633e+02 3.072e+02
|    ( - 4.454e+03 3 0)
|    ( - 1.025e+03 1 0))
s>    ( QUESTION0_8_R 1 5.642e+03 1.633e+02 3.072e+02
s>        ( - 4.454e+03 3 0)
s>        ( - 1.025e+03 1 0))INFO: dtree.c(1439): stop. leaf nodes are specific
INFO: dtree.c(1478): Final simple tree
|( QUESTION0_0_R 1 2.879e+03 1.066e+02 1.636e+02
|    ( - 2.553e+03 2 0)
|    ( - 2.195e+02 1 0))
s>    ( QUESTION0_0_R 1 2.879e+03 1.066e+02 1.636e+02
s>        ( - 2.553e+03 2 0)
s>        ( - 2.195e+02 1 0))INFO: dtree.c(1315): Comp split 4
INFO: dtree.c(1439): stop. leaf nodes are specific
INFO: dtree.c(1478): Final simple tree
|( QUESTION4 1 1.247e+03 1.251e+02 7.783e+01
|    ( QUESTION0_0_R 1 4.351e+02 7.379e+01 3.083e+01
|        ( - 1.306e+02 1 0)
|        ( - 2.307e+02 1 0))
|    ( QUESTION0_8_R 1 6.863e+02 8.940e+01 4.700e+01
|        ( - 3.179e+02 2 0)
|        ( QUESTION7 1 2.790e+02 5.409e+01 2.400e+01
|            ( - 1.371e+02 1 0)
|            ( - 8.781e+01 1 0))))
s>    ( QUESTION4 1 1.247e+03 1.251e+02 7.783e+01
s>        ( QUESTION0_0_R 1 4.351e+02 7.379e+01 3.083e+01
s>            ( - 1.306e+02 1 0)
s>            ( - 2.307e+02 1 0))
s>        ( QUESTION0_8_R 1 6.863e+02 8.940e+01 4.700e+01
s>            ( - 3.179e+02 2 0)
s>            ( QUESTION7 1 2.790e+02 5.409e+01 2.400e+01
s>                ( - 1.371e+02 1 0)
s>                ( - 8.781e+01 1 0))))INFO: dtree.c(1439): stop. leaf nodes are specific
INFO: dtree.c(1478): Final simple tree
|( QUESTION0_11_R 1 8.939e+02 7.603e+01 5.853e+01
|    ( - 1.287e+02 1 0)
|    ( QUESTION0 -1 6.891e+02 5.896e+01 4.746e+01
|        ( - 5.579e+02 1 0)
|        ( - 7.220e+01 1 0)))
s>    ( QUESTION0_11_R 1 8.939e+02 7.603e+01 5.853e+01
s>        ( - 1.287e+02 1 0)
s>        ( QUESTION0 -1 6.891e+02 5.896e+01 4.746e+01
s>            ( - 5.579e+02 1 0)
s>            ( - 7.220e+01 1 0)))INFO: dtree.c(1315): Comp split 5
INFO: dtree.c(1315): Comp split 6
INFO: dtree.c(1439): stop. leaf nodes are specific
INFO: dtree.c(1478): Final simple tree
|( QUESTION0_17_R 1 9.286e+02 1.017e+02 6.000e+01
|    ( - 5.459e+02 1 0)
|    ( QUESTION0_14_R 1 2.809e+02 4.199e+01 2.100e+01
|        ( - 3.488e+01 1 0)
|        ( - 2.041e+02 1 0)))
s>    ( QUESTION0_17_R 1 9.286e+02 1.017e+02 6.000e+01
s>        ( - 5.459e+02 1 0)
s>        ( QUESTION0_14_R 1 2.809e+02 4.199e+01 2.100e+01
s>            ( - 3.488e+01 1 0)
s>            ( - 2.041e+02 1 0)))INFO: dtree.c(1315): Comp split 7
INFO: dtree.c(1439): stop. leaf nodes are specific
INFO: dtree.c(1478): Final simple tree
|( QUESTION0 -1 4.424e+02 7.830e+01 3.300e+01
|    ( QUESTION0_20_R 1 2.808e+02 3.532e+01 2.400e+01
|        ( - 9.999e+01 1 0)
|        ( - 1.454e+02 1 0))
|    ( - 8.330e+01 1 0))
s>    ( QUESTION0 -1 4.424e+02 7.830e+01 3.300e+01
s>        ( QUESTION0_20_R 1 2.808e+02 3.532e+01 2.400e+01
s>            ( - 9.999e+01 1 0)
s>            ( - 1.454e+02 1 0))
s>        ( - 8.330e+01 1 0))INFO: dtree.c(1315): Comp split 8
INFO: dtree.c(1439): stop. leaf nodes are specific
INFO: dtree.c(1478): Final simple tree
|( QUESTION0_8_R 1 6.863e+02 8.940e+01 4.700e+01
|    ( - 3.179e+02 2 0)
|    ( QUESTION7 1 2.790e+02 5.409e+01 2.400e+01
|        ( - 1.371e+02 1 0)
|        ( - 8.781e+01 1 0)))
s>    ( QUESTION0_8_R 1 6.863e+02 8.940e+01 4.700e+01
s>        ( - 3.179e+02 2 0)
s>        ( QUESTION7 1 2.790e+02 5.409e+01 2.400e+01
s>            ( - 1.371e+02 1 0)
s>            ( - 8.781e+01 1 0)))INFO: dtree.c(1439): stop. leaf nodes are specific
INFO: dtree.c(1478): Final simple tree
|( QUESTION0_0_R 1 4.351e+02 7.379e+01 3.083e+01
|    ( - 1.306e+02 1 0)
|    ( - 2.307e+02 1 0))
s>    ( QUESTION0_0_R 1 4.351e+02 7.379e+01 3.083e+01
s>        ( - 1.306e+02 1 0)
s>        ( - 2.307e+02 1 0))INFO: dtree.c(1315): Comp split 9
INFO: dtree.c(1315): Comp split 10
INFO: dtree.c(1439): stop. leaf nodes are specific
INFO: dtree.c(1478): Final simple tree
|( QUESTION0_14_R 1 2.809e+02 4.199e+01 2.100e+01
|    ( - 3.488e+01 1 0)
|    ( - 2.041e+02 1 0))
s>    ( QUESTION0_14_R 1 2.809e+02 4.199e+01 2.100e+01
s>        ( - 3.488e+01 1 0)
s>        ( - 2.041e+02 1 0))INFO: dtree.c(1315): Comp split 11
INFO: dtree.c(1439): stop. leaf nodes are specific
INFO: dtree.c(1478): Final simple tree
|( QUESTION7 1 2.790e+02 5.409e+01 2.400e+01
|    ( - 1.371e+02 1 0)
|    ( - 8.781e+01 1 0))
s>    ( QUESTION7 1 2.790e+02 5.409e+01 2.400e+01
s>        ( - 1.371e+02 1 0)
s>        ( - 8.781e+01 1 0))INFO: dtree.c(1315): Comp split 12
INFO: dtree.c(1439): stop. leaf nodes are specific
INFO: dtree.c(1478): Final simple tree
|( QUESTION0_11_R 1 2.490e+02 4.810e+01 1.906e+01
|    ( - 1.287e+02 1 0)
|    ( - 7.220e+01 1 0))
s>    ( QUESTION0_11_R 1 2.490e+02 4.810e+01 1.906e+01
s>        ( - 1.287e+02 1 0)
s>        ( - 7.220e+01 1 0))INFO: dtree.c(1315): Comp split 13
INFO: dtree.c(1439): stop. leaf nodes are specific
INFO: dtree.c(1478): Final simple tree
|( QUESTION0_20_R 1 2.808e+02 3.532e+01 2.400e+01
|    ( - 9.999e+01 1 0)
|    ( - 1.454e+02 1 0))
s>    ( QUESTION0_20_R 1 2.808e+02 3.532e+01 2.400e+01
s>        ( - 9.999e+01 1 0)
s>        ( - 1.454e+02 1 0))INFO: dtree.c(1315): Comp split 14
INFO: dtree.c(1315): Comp split 15
INFO: dtree.c(1315): Comp split 16
INFO: dtree.c(1315): Comp split 17
INFO: dtree.c(1315): Comp split 18
INFO: dtree.c(1315): Comp split 19
INFO: dtree.c(1318): stop. leaf nodes are specific
Mon May 23 22:39:47 2022
