Current configuration:
[NAME]		[DEFLT]	[VALUE]
-allphones	no	no
-cntthresh	0.00001	1.000000e-05
-csplitmax	100	2000
-csplitmin	1	1
-csplitthr	8e-4	0.000000e+00
-example	no	no
-fullvar	no	no
-help		no	no
-meanfn			
-mixwfn			/home/rakha/Kuliah/Semester8/nlp/speech-sphinx/train-new-model/an4-master/model_parameters/an4.cd_ptm_untied/mixture_weights
-moddeffn		/home/rakha/Kuliah/Semester8/nlp/speech-sphinx/train-new-model/an4-master/model_architecture/an4.untied.mdef
-mwfloor	1e-4	1.000000e-08
-phone			F
-psetfn			/home/rakha/Kuliah/Semester8/nlp/speech-sphinx/train-new-model/an4-master/model_architecture/an4.tree_questions
-ssplitmax	5	7
-ssplitmin	1	1
-ssplitthr	8e-4	0.000000e+00
-state			2
-stwt			1.0,0.05,0.0,
-treefn			/home/rakha/Kuliah/Semester8/nlp/speech-sphinx/train-new-model/an4-master/trees/an4.unpruned/F-2.dtree
-ts2cbfn	.semi.	.semi.
-varfloor	0.00001	1.000000e-05
-varfn			

INFO: main.c(223): Reading: /home/rakha/Kuliah/Semester8/nlp/speech-sphinx/train-new-model/an4-master/model_architecture/an4.untied.mdef
INFO: model_def_io.c(573): Model definition info:
INFO: model_def_io.c(574): 1618 total models defined (34 base, 1584 tri)
INFO: model_def_io.c(575): 6472 total states
INFO: model_def_io.c(576): 4854 total tied states
INFO: model_def_io.c(577): 102 total tied CI states
INFO: model_def_io.c(578): 34 total tied transition matrices
INFO: model_def_io.c(579): 4 max state/model
INFO: model_def_io.c(580): 4 min state/model
INFO: main.c(242): Building trees for [F AE SIL e] through [F V IH b]
INFO: main.c(269): Covering states |[1536 1739]| == 204
INFO: main.c(275): Reading: /home/rakha/Kuliah/Semester8/nlp/speech-sphinx/train-new-model/an4-master/model_parameters/an4.cd_ptm_untied/mixture_weights
INFO: s3mixw_io.c(173): Read /home/rakha/Kuliah/Semester8/nlp/speech-sphinx/train-new-model/an4-master/model_parameters/an4.cd_ptm_untied/mixture_weights [204x4x64 array]
INFO: main.c(311): 68 of 68 models have observation count greater than 0.000010
INFO: main.c(95): nrm stwt: 0.000 0.048 0.952 
INFO: main.c(411): 68-class entropy: 3.109170e+04
INFO: main.c(549): Reading: /home/rakha/Kuliah/Semester8/nlp/speech-sphinx/train-new-model/an4-master/model_architecture/an4.tree_questions
INFO: main.c(588): 180 total simple questions (172 phone; 8 word bndry)
INFO: main.c(590): 42 Left Only questions, and 42 Right Only questions
INFO: dtree.c(1478): Final simple tree
|( QUESTION0_3_R 1 4.211e+04 2.850e+03 1.979e+03
|    ( QUESTION17 -1 2.181e+04 3.414e+02 1.181e+03
|        ( - 1.953e+03 3 0 WDBNDRY_B 0 1.718e+02 1.068e+02)
|        ( QUESTION2_3_L -1 1.951e+04 3.346e+02 1.074e+03
|            ( - 6.179e+03 4 0 QUESTION1 -1 2.403e+02 3.471e+02)
|            ( - 1.300e+04 8 0 QUESTION2_5_L -1 2.333e+02 7.272e+02)))
|    ( WDBNDRY_B 0 1.745e+04 7.895e+02 7.976e+02
|        ( QUESTION0 1 1.063e+04 3.967e+02 5.016e+02
|            ( QUESTION2_0_L -1 8.614e+03 2.870e+02 4.125e+02
|                ( - 6.202e+03 12 0 QUESTION2_5_L -1 2.889e+02 3.008e+02)
|                ( - 2.125e+03 3 0 SILENCE -1 1.258e+02 1.117e+02))
|            ( - 1.621e+03 16 0 QUESTION16 -1 1.570e+02 8.908e+01))
|        ( QUESTION2_18_L -1 6.030e+03 2.931e+02 2.960e+02
|            ( - 4.114e+03 17 0 QUESTION3 1 2.475e+02 2.044e+02)
|            ( - 1.623e+03 5 0 QUESTION0_10_R 1 1.820e+02 9.158e+01))))
s>    ( QUESTION0_3_R 1 4.211e+04 2.850e+03 1.979e+03
s>        ( QUESTION17 -1 2.181e+04 3.414e+02 1.181e+03
s>            ( - 1.953e+03 3 0 WDBNDRY_B 0 1.718e+02 1.068e+02)
s>            ( QUESTION2_3_L -1 1.951e+04 3.346e+02 1.074e+03
s>                ( - 6.179e+03 4 0 QUESTION1 -1 2.403e+02 3.471e+02)
s>                ( - 1.300e+04 8 0 QUESTION2_5_L -1 2.333e+02 7.272e+02)))
s>        ( WDBNDRY_B 0 1.745e+04 7.895e+02 7.976e+02
s>            ( QUESTION0 1 1.063e+04 3.967e+02 5.016e+02
s>                ( QUESTION2_0_L -1 8.614e+03 2.870e+02 4.125e+02
s>                    ( - 6.202e+03 12 0 QUESTION2_5_L -1 2.889e+02 3.008e+02)
s>                    ( - 2.125e+03 3 0 SILENCE -1 1.258e+02 1.117e+02))
s>                ( - 1.621e+03 16 0 QUESTION16 -1 1.570e+02 8.908e+01))
s>            ( QUESTION2_18_L -1 6.030e+03 2.931e+02 2.960e+02
s>                ( - 4.114e+03 17 0 QUESTION3 1 2.475e+02 2.044e+02)
s>                ( - 1.623e+03 5 0 QUESTION0_10_R 1 1.820e+02 9.158e+01))))INFO: dtree.c(1315): Comp split 0
INFO: dtree.c(1478): Final simple tree
|( WDBNDRY_B 0 1.745e+04 7.895e+02 7.976e+02
|    ( QUESTION0 1 1.063e+04 3.967e+02 5.016e+02
|        ( QUESTION2_0_L -1 8.614e+03 2.870e+02 4.125e+02
|            ( QUESTION2_5_L -1 6.202e+03 2.889e+02 3.008e+02
|                ( QUESTION4 -1 1.894e+03 2.205e+02 9.793e+01
|                    ( - 8.294e+02 1 0)
|                    ( - 8.445e+02 1 0))
|                ( - 4.019e+03 10 0 QUESTION4 -1 1.853e+02 2.029e+02))
|            ( - 2.125e+03 3 0 SILENCE -1 1.258e+02 1.117e+02))
|        ( - 1.621e+03 16 0 QUESTION16 -1 1.570e+02 8.908e+01))
|    ( QUESTION2_18_L -1 6.030e+03 2.931e+02 2.960e+02
|        ( QUESTION3 1 4.114e+03 2.475e+02 2.044e+02
|            ( - 2.421e+03 11 0 QUESTION16 1 2.066e+02 1.304e+02)
|            ( - 1.446e+03 6 0 QUESTION1 1 1.629e+02 7.398e+01))
|        ( - 1.623e+03 5 0 QUESTION0_10_R 1 1.820e+02 9.158e+01)))
s>    ( WDBNDRY_B 0 1.745e+04 7.895e+02 7.976e+02
s>        ( QUESTION0 1 1.063e+04 3.967e+02 5.016e+02
s>            ( QUESTION2_0_L -1 8.614e+03 2.870e+02 4.125e+02
s>                ( QUESTION2_5_L -1 6.202e+03 2.889e+02 3.008e+02
s>                    ( QUESTION4 -1 1.894e+03 2.205e+02 9.793e+01
s>                        ( - 8.294e+02 1 0)
s>                        ( - 8.445e+02 1 0))
s>                    ( - 4.019e+03 10 0 QUESTION4 -1 1.853e+02 2.029e+02))
s>                ( - 2.125e+03 3 0 SILENCE -1 1.258e+02 1.117e+02))
s>            ( - 1.621e+03 16 0 QUESTION16 -1 1.570e+02 8.908e+01))
s>        ( QUESTION2_18_L -1 6.030e+03 2.931e+02 2.960e+02
s>            ( QUESTION3 1 4.114e+03 2.475e+02 2.044e+02
s>                ( - 2.421e+03 11 0 QUESTION16 1 2.066e+02 1.304e+02)
s>                ( - 1.446e+03 6 0 QUESTION1 1 1.629e+02 7.398e+01))
s>            ( - 1.623e+03 5 0 QUESTION0_10_R 1 1.820e+02 9.158e+01)))INFO: dtree.c(1478): Final simple tree
|( QUESTION17 -1 2.181e+04 3.414e+02 1.181e+03
|    ( WDBNDRY_B 0 1.953e+03 1.718e+02 1.068e+02
|        ( - 5.075e+02 1 0)
|        ( - 1.273e+03 2 0))
|    ( QUESTION2_3_L -1 1.951e+04 3.346e+02 1.074e+03
|        ( QUESTION1 -1 6.179e+03 2.403e+02 3.471e+02
|            ( - 3.383e+03 2 0)
|            ( - 2.555e+03 2 0))
|        ( QUESTION2_5_L -1 1.300e+04 2.333e+02 7.272e+02
|            ( - 8.385e+03 2 0 QUESTION4 -1 1.300e+02 4.763e+02)
|            ( SILENCE -1 4.383e+03 1.932e+02 2.508e+02
|                ( - 1.635e+03 1 0)
|                ( QUESTION5 -1 2.555e+03 1.539e+02 1.528e+02
|                    ( - 1.622e+03 2 0 QUESTION6 -1 1.170e+02 9.976e+01)
|                    ( - 7.794e+02 3 0 QUESTION0 -1 7.849e+01 5.300e+01))))))
s>    ( QUESTION17 -1 2.181e+04 3.414e+02 1.181e+03
s>        ( WDBNDRY_B 0 1.953e+03 1.718e+02 1.068e+02
s>            ( - 5.075e+02 1 0)
s>            ( - 1.273e+03 2 0))
s>        ( QUESTION2_3_L -1 1.951e+04 3.346e+02 1.074e+03
s>            ( QUESTION1 -1 6.179e+03 2.403e+02 3.471e+02
s>                ( - 3.383e+03 2 0)
s>                ( - 2.555e+03 2 0))
s>            ( QUESTION2_5_L -1 1.300e+04 2.333e+02 7.272e+02
s>                ( - 8.385e+03 2 0 QUESTION4 -1 1.300e+02 4.763e+02)
s>                ( SILENCE -1 4.383e+03 1.932e+02 2.508e+02
s>                    ( - 1.635e+03 1 0)
s>                    ( QUESTION5 -1 2.555e+03 1.539e+02 1.528e+02
s>                        ( - 1.622e+03 2 0 QUESTION6 -1 1.170e+02 9.976e+01)
s>                        ( - 7.794e+02 3 0 QUESTION0 -1 7.849e+01 5.300e+01))))))INFO: dtree.c(1315): Comp split 1
INFO: dtree.c(1478): Final simple tree
|( QUESTION2 1 7.181e+03 3.620e+02 3.431e+02
|    ( WDBNDRY_B 0 1.738e+03 1.938e+02 8.607e+01
|        ( - 8.445e+02 1 0)
|        ( - 6.996e+02 3 0))
|    ( QUESTION18 -1 5.081e+03 2.814e+02 2.570e+02
|        ( - 1.285e+03 2 0 QUESTION0_10_R 1 8.904e+01 7.758e+01)
|        ( QUESTION16 1 3.514e+03 2.153e+02 1.794e+02
|            ( - 7.674e+02 2 0 QUESTION0_0_R 1 5.080e+01 4.781e+01)
|            ( QUESTION0_7_R 1 2.532e+03 1.859e+02 1.316e+02
|                ( QUESTION0_13_R 1 1.957e+03 1.560e+02 1.066e+02
|                    ( - 5.015e+02 6 0 QUESTION10 1 9.477e+01 3.000e+01)
|                    ( QUESTION0_11_R 1 1.299e+03 1.172e+02 7.664e+01
|                        ( - 2.213e+02 2 0 QUESTION0_12_R 1 3.766e+01 1.800e+01)
|                        ( - 9.607e+02 3 0 QUESTION0_8_R 1 1.020e+02 5.864e+01)))
|                ( - 3.891e+02 4 0 QUESTION16 -1 5.284e+01 2.500e+01)))))
s>    ( QUESTION2 1 7.181e+03 3.620e+02 3.431e+02
s>        ( WDBNDRY_B 0 1.738e+03 1.938e+02 8.607e+01
s>            ( - 8.445e+02 1 0)
s>            ( - 6.996e+02 3 0))
s>        ( QUESTION18 -1 5.081e+03 2.814e+02 2.570e+02
s>            ( - 1.285e+03 2 0 QUESTION0_10_R 1 8.904e+01 7.758e+01)
s>            ( QUESTION16 1 3.514e+03 2.153e+02 1.794e+02
s>                ( - 7.674e+02 2 0 QUESTION0_0_R 1 5.080e+01 4.781e+01)
s>                ( QUESTION0_7_R 1 2.532e+03 1.859e+02 1.316e+02
s>                    ( QUESTION0_13_R 1 1.957e+03 1.560e+02 1.066e+02
s>                        ( - 5.015e+02 6 0 QUESTION10 1 9.477e+01 3.000e+01)
s>                        ( QUESTION0_11_R 1 1.299e+03 1.172e+02 7.664e+01
s>                            ( - 2.213e+02 2 0 QUESTION0_12_R 1 3.766e+01 1.800e+01)
s>                            ( - 9.607e+02 3 0 QUESTION0_8_R 1 1.020e+02 5.864e+01)))
s>                    ( - 3.891e+02 4 0 QUESTION16 -1 5.284e+01 2.500e+01)))))INFO: dtree.c(1478): Final simple tree
|( QUESTION0 1 9.467e+03 3.820e+02 4.545e+02
|    ( SILENCE -1 7.464e+03 3.038e+02 3.654e+02
|        ( - 1.733e+03 1 0)
|        ( QUESTION4 -1 5.427e+03 2.009e+02 2.727e+02
|            ( QUESTION2_1_L -1 1.317e+03 1.714e+02 7.283e+01
|                ( - 3.158e+02 1 0)
|                ( - 8.294e+02 1 0))
|            ( QUESTION1 -1 3.910e+03 1.844e+02 1.998e+02
|                ( - 1.155e+03 2 0)
|                ( QUESTION0 -1 2.571e+03 1.586e+02 1.327e+02
|                    ( - 8.804e+02 3 0 QUESTION2_0_L -1 2.239e+01 4.975e+01)
|                    ( - 1.532e+03 6 0 QUESTION7 -1 1.161e+02 8.298e+01)))))
|    ( QUESTION16 -1 1.621e+03 1.570e+02 8.908e+01
|        ( - 3.082e+02 5 0 QUESTION17 -1 5.031e+01 2.101e+01)
|        ( - 1.156e+03 11 0 QUESTION0 -1 1.199e+02 6.807e+01)))
s>    ( QUESTION0 1 9.467e+03 3.820e+02 4.545e+02
s>        ( SILENCE -1 7.464e+03 3.038e+02 3.654e+02
s>            ( - 1.733e+03 1 0)
s>            ( QUESTION4 -1 5.427e+03 2.009e+02 2.727e+02
s>                ( QUESTION2_1_L -1 1.317e+03 1.714e+02 7.283e+01
s>                    ( - 3.158e+02 1 0)
s>                    ( - 8.294e+02 1 0))
s>                ( QUESTION1 -1 3.910e+03 1.844e+02 1.998e+02
s>                    ( - 1.155e+03 2 0)
s>                    ( QUESTION0 -1 2.571e+03 1.586e+02 1.327e+02
s>                        ( - 8.804e+02 3 0 QUESTION2_0_L -1 2.239e+01 4.975e+01)
s>                        ( - 1.532e+03 6 0 QUESTION7 -1 1.161e+02 8.298e+01)))))
s>        ( QUESTION16 -1 1.621e+03 1.570e+02 8.908e+01
s>            ( - 3.082e+02 5 0 QUESTION17 -1 5.031e+01 2.101e+01)
s>            ( - 1.156e+03 11 0 QUESTION0 -1 1.199e+02 6.807e+01)))INFO: dtree.c(1315): Comp split 2
INFO: dtree.c(1478): Final simple tree
|( QUESTION2_5_L -1 1.581e+04 2.550e+02 8.782e+02
|    ( QUESTION4 -1 8.385e+03 1.300e+02 4.763e+02
|        ( - 7.736e+03 1 0)
|        ( - 5.184e+02 1 0))
|    ( QUESTION2_2_L -1 7.167e+03 2.338e+02 4.018e+02
|        ( QUESTION0 -1 3.317e+03 1.505e+02 1.940e+02
|            ( - 2.555e+03 2 0)
|            ( - 6.106e+02 1 0))
|        ( SILENCE -1 3.617e+03 1.731e+02 2.078e+02
|            ( - 1.635e+03 1 0)
|            ( QUESTION4 -1 1.809e+03 1.369e+02 1.098e+02
|                ( - 6.141e+02 2 0)
|                ( QUESTION0 -1 1.058e+03 7.707e+01 6.575e+01
|                    ( - 8.675e+01 1 0)
|                    ( - 8.940e+02 1 0))))))
s>    ( QUESTION2_5_L -1 1.581e+04 2.550e+02 8.782e+02
s>        ( QUESTION4 -1 8.385e+03 1.300e+02 4.763e+02
s>            ( - 7.736e+03 1 0)
s>            ( - 5.184e+02 1 0))
s>        ( QUESTION2_2_L -1 7.167e+03 2.338e+02 4.018e+02
s>            ( QUESTION0 -1 3.317e+03 1.505e+02 1.940e+02
s>                ( - 2.555e+03 2 0)
s>                ( - 6.106e+02 1 0))
s>            ( SILENCE -1 3.617e+03 1.731e+02 2.078e+02
s>                ( - 1.635e+03 1 0)
s>                ( QUESTION4 -1 1.809e+03 1.369e+02 1.098e+02
s>                    ( - 6.141e+02 2 0)
s>                    ( QUESTION0 -1 1.058e+03 7.707e+01 6.575e+01
s>                        ( - 8.675e+01 1 0)
s>                        ( - 8.940e+02 1 0))))))INFO: dtree.c(1439): stop. leaf nodes are specific
INFO: dtree.c(1478): Final simple tree
|( WDBNDRY_B 0 5.598e+03 2.747e+02 3.029e+02
|    ( QUESTION0 -1 4.050e+03 1.593e+02 2.317e+02
|        ( - 3.383e+03 2 0)
|        ( - 5.075e+02 1 0))
|    ( - 1.273e+03 2 0))
s>    ( WDBNDRY_B 0 5.598e+03 2.747e+02 3.029e+02
s>        ( QUESTION0 -1 4.050e+03 1.593e+02 2.317e+02
s>            ( - 3.383e+03 2 0)
s>            ( - 5.075e+02 1 0))
s>        ( - 1.273e+03 2 0))INFO: dtree.c(1315): Comp split 3
INFO: dtree.c(1478): Final simple tree
|( WDBNDRY_E 0 3.806e+03 2.630e+02 2.020e+02
|    ( QUESTION16 1 2.257e+03 1.909e+02 1.244e+02
|        ( QUESTION0_0_R 1 7.674e+02 5.080e+01 4.781e+01
|            ( - 2.931e+01 1 0)
|            ( - 6.873e+02 1 0))
|        ( QUESTION0_11_R 1 1.299e+03 1.172e+02 7.664e+01
|            ( - 2.213e+02 2 0 QUESTION0_12_R 1 3.766e+01 1.800e+01)
|            ( QUESTION0_8_R 1 9.607e+02 1.020e+02 5.864e+01
|                ( QUESTION0 1 2.854e+02 5.598e+01 2.100e+01
|                    ( - 1.735e+02 1 0)
|                    ( - 5.583e+01 1 0))
|                ( - 5.733e+02 1 0))))
|    ( QUESTION0_10_R 1 1.285e+03 8.904e+01 7.758e+01
|        ( - 1.150e+03 1 0)
|        ( - 4.643e+01 1 0)))
s>    ( WDBNDRY_E 0 3.806e+03 2.630e+02 2.020e+02
s>        ( QUESTION16 1 2.257e+03 1.909e+02 1.244e+02
s>            ( QUESTION0_0_R 1 7.674e+02 5.080e+01 4.781e+01
s>                ( - 2.931e+01 1 0)
s>                ( - 6.873e+02 1 0))
s>            ( QUESTION0_11_R 1 1.299e+03 1.172e+02 7.664e+01
s>                ( - 2.213e+02 2 0 QUESTION0_12_R 1 3.766e+01 1.800e+01)
s>                ( QUESTION0_8_R 1 9.607e+02 1.020e+02 5.864e+01
s>                    ( QUESTION0 1 2.854e+02 5.598e+01 2.100e+01
s>                        ( - 1.735e+02 1 0)
s>                        ( - 5.583e+01 1 0))
s>                    ( - 5.733e+02 1 0))))
s>        ( QUESTION0_10_R 1 1.285e+03 8.904e+01 7.758e+01
s>            ( - 1.150e+03 1 0)
s>            ( - 4.643e+01 1 0)))INFO: dtree.c(1478): Final simple tree
|( QUESTION2_0_L -1 2.982e+03 2.596e+02 1.411e+02
|    ( WDBNDRY_B 0 1.111e+03 1.156e+02 5.909e+01
|        ( - 8.445e+02 1 0)
|        ( - 1.507e+02 2 0 WDBNDRY_E 0 2.966e+01 1.200e+01))
|    ( QUESTION0_8_R 1 1.612e+03 1.741e+02 8.198e+01
|        ( - 6.996e+02 3 0)
|        ( QUESTION0_16_R 1 7.382e+02 1.064e+02 4.300e+01
|            ( QUESTION7 1 2.278e+02 5.367e+01 1.600e+01
|                ( - 9.448e+01 2 0 QUESTION0_18_R 1 2.670e+01 8.000e+00)
|                ( - 7.962e+01 2 0 QUESTION0_17_R 1 1.748e+01 8.000e+00))
|            ( QUESTION0_0_R 1 4.040e+02 4.166e+01 2.700e+01
|                ( WDBNDRY_E 0 3.199e+02 3.032e+01 2.200e+01
|                    ( - 2.876e+02 1 0)
|                    ( - 1.905e+00 1 0))
|                ( - 4.248e+01 2 0 SILENCE 1 1.499e+01 5.000e+00)))))
s>    ( QUESTION2_0_L -1 2.982e+03 2.596e+02 1.411e+02
s>        ( WDBNDRY_B 0 1.111e+03 1.156e+02 5.909e+01
s>            ( - 8.445e+02 1 0)
s>            ( - 1.507e+02 2 0 WDBNDRY_E 0 2.966e+01 1.200e+01))
s>        ( QUESTION0_8_R 1 1.612e+03 1.741e+02 8.198e+01
s>            ( - 6.996e+02 3 0)
s>            ( QUESTION0_16_R 1 7.382e+02 1.064e+02 4.300e+01
s>                ( QUESTION7 1 2.278e+02 5.367e+01 1.600e+01
s>                    ( - 9.448e+01 2 0 QUESTION0_18_R 1 2.670e+01 8.000e+00)
s>                    ( - 7.962e+01 2 0 QUESTION0_17_R 1 1.748e+01 8.000e+00))
s>                ( QUESTION0_0_R 1 4.040e+02 4.166e+01 2.700e+01
s>                    ( WDBNDRY_E 0 3.199e+02 3.032e+01 2.200e+01
s>                        ( - 2.876e+02 1 0)
s>                        ( - 1.905e+00 1 0))
s>                    ( - 4.248e+01 2 0 SILENCE 1 1.499e+01 5.000e+00)))))INFO: dtree.c(1315): Comp split 4
INFO: dtree.c(1478): Final simple tree
|( SILENCE -1 7.464e+03 3.038e+02 3.654e+02
|    ( - 1.733e+03 1 0)
|    ( QUESTION4 -1 5.427e+03 2.009e+02 2.727e+02
|        ( QUESTION2_1_L -1 1.317e+03 1.714e+02 7.283e+01
|            ( - 3.158e+02 1 0)
|            ( - 8.294e+02 1 0))
|        ( QUESTION1 -1 3.910e+03 1.844e+02 1.998e+02
|            ( - 1.155e+03 2 0)
|            ( QUESTION0 -1 2.571e+03 1.586e+02 1.327e+02
|                ( - 8.804e+02 3 0 QUESTION2_0_L -1 2.239e+01 4.975e+01)
|                ( QUESTION7 -1 1.532e+03 1.161e+02 8.298e+01
|                    ( - 5.164e+02 2 0 QUESTION8 -1 2.364e+01 3.087e+01)
|                    ( QUESTION20 -1 8.990e+02 9.908e+01 5.211e+01
|                        ( - 5.335e+02 2 0 QUESTION2_9_L -1 3.398e+01 3.316e+01)
|                        ( - 2.664e+02 2 0 QUESTION6 -1 2.073e+01 1.895e+01)))))))
s>    ( SILENCE -1 7.464e+03 3.038e+02 3.654e+02
s>        ( - 1.733e+03 1 0)
s>        ( QUESTION4 -1 5.427e+03 2.009e+02 2.727e+02
s>            ( QUESTION2_1_L -1 1.317e+03 1.714e+02 7.283e+01
s>                ( - 3.158e+02 1 0)
s>                ( - 8.294e+02 1 0))
s>            ( QUESTION1 -1 3.910e+03 1.844e+02 1.998e+02
s>                ( - 1.155e+03 2 0)
s>                ( QUESTION0 -1 2.571e+03 1.586e+02 1.327e+02
s>                    ( - 8.804e+02 3 0 QUESTION2_0_L -1 2.239e+01 4.975e+01)
s>                    ( QUESTION7 -1 1.532e+03 1.161e+02 8.298e+01
s>                        ( - 5.164e+02 2 0 QUESTION8 -1 2.364e+01 3.087e+01)
s>                        ( QUESTION20 -1 8.990e+02 9.908e+01 5.211e+01
s>                            ( - 5.335e+02 2 0 QUESTION2_9_L -1 3.398e+01 3.316e+01)
s>                            ( - 2.664e+02 2 0 QUESTION6 -1 2.073e+01 1.895e+01)))))))INFO: dtree.c(1478): Final simple tree
|( QUESTION16 -1 1.621e+03 1.570e+02 8.908e+01
|    ( QUESTION17 -1 3.082e+02 5.031e+01 2.101e+01
|        ( QUESTION19 1 1.901e+02 4.637e+01 1.401e+01
|            ( - 1.059e+02 1 0)
|            ( - 3.780e+01 1 0))
|        ( - 6.785e+01 3 0 QUESTION2_5_L -1 2.551e+01 7.000e+00))
|    ( QUESTION0 -1 1.156e+03 1.199e+02 6.807e+01
|        ( QUESTION19 1 3.878e+02 6.952e+01 2.516e+01
|            ( QUESTION1 -1 2.822e+02 5.078e+01 2.016e+01
|                ( - 1.136e+02 1 0)
|                ( - 1.179e+02 3 0 QUESTION2_0_L -1 1.876e+01 1.018e+01))
|            ( - 3.604e+01 1 0))
|        ( QUESTION4 -1 6.479e+02 7.742e+01 4.291e+01
|            ( - 3.282e+02 2 0 QUESTION0_8_R 1 2.864e+01 2.391e+01)
|            ( - 2.423e+02 4 0 QUESTION0_8_R 1 3.677e+01 1.900e+01))))
s>    ( QUESTION16 -1 1.621e+03 1.570e+02 8.908e+01
s>        ( QUESTION17 -1 3.082e+02 5.031e+01 2.101e+01
s>            ( QUESTION19 1 1.901e+02 4.637e+01 1.401e+01
s>                ( - 1.059e+02 1 0)
s>                ( - 3.780e+01 1 0))
s>            ( - 6.785e+01 3 0 QUESTION2_5_L -1 2.551e+01 7.000e+00))
s>        ( QUESTION0 -1 1.156e+03 1.199e+02 6.807e+01
s>            ( QUESTION19 1 3.878e+02 6.952e+01 2.516e+01
s>                ( QUESTION1 -1 2.822e+02 5.078e+01 2.016e+01
s>                    ( - 1.136e+02 1 0)
s>                    ( - 1.179e+02 3 0 QUESTION2_0_L -1 1.876e+01 1.018e+01))
s>                ( - 3.604e+01 1 0))
s>            ( QUESTION4 -1 6.479e+02 7.742e+01 4.291e+01
s>                ( - 3.282e+02 2 0 QUESTION0_8_R 1 2.864e+01 2.391e+01)
s>                ( - 2.423e+02 4 0 QUESTION0_8_R 1 3.677e+01 1.900e+01))))INFO: dtree.c(1315): Comp split 5
INFO: dtree.c(1478): Final simple tree
|( QUESTION1 -1 4.915e+03 1.922e+02 2.507e+02
|    ( - 1.155e+03 2 0)
|    ( QUESTION5 -1 3.568e+03 1.845e+02 1.836e+02
|        ( QUESTION7 -1 1.532e+03 1.161e+02 8.298e+01
|            ( QUESTION8 -1 5.164e+02 2.364e+01 3.087e+01
|                ( - 1.029e+01 1 0)
|                ( - 4.825e+02 1 0))
|            ( QUESTION20 -1 8.990e+02 9.908e+01 5.211e+01
|                ( QUESTION2_9_L -1 5.335e+02 3.398e+01 3.316e+01
|                    ( - 1.161e+01 1 0)
|                    ( - 4.879e+02 1 0))
|                ( - 2.664e+02 2 0 QUESTION6 -1 2.073e+01 1.895e+01)))
|        ( QUESTION2_3_L -1 1.852e+03 1.434e+02 1.006e+02
|            ( - 8.580e+02 2 0)
|            ( - 8.505e+02 2 0 QUESTION0 -1 2.109e+01 5.183e+01))))
s>    ( QUESTION1 -1 4.915e+03 1.922e+02 2.507e+02
s>        ( - 1.155e+03 2 0)
s>        ( QUESTION5 -1 3.568e+03 1.845e+02 1.836e+02
s>            ( QUESTION7 -1 1.532e+03 1.161e+02 8.298e+01
s>                ( QUESTION8 -1 5.164e+02 2.364e+01 3.087e+01
s>                    ( - 1.029e+01 1 0)
s>                    ( - 4.825e+02 1 0))
s>                ( QUESTION20 -1 8.990e+02 9.908e+01 5.211e+01
s>                    ( QUESTION2_9_L -1 5.335e+02 3.398e+01 3.316e+01
s>                        ( - 1.161e+01 1 0)
s>                        ( - 4.879e+02 1 0))
s>                    ( - 2.664e+02 2 0 QUESTION6 -1 2.073e+01 1.895e+01)))
s>            ( QUESTION2_3_L -1 1.852e+03 1.434e+02 1.006e+02
s>                ( - 8.580e+02 2 0)
s>                ( - 8.505e+02 2 0 QUESTION0 -1 2.109e+01 5.183e+01))))INFO: dtree.c(1439): stop. leaf nodes are specific
INFO: dtree.c(1478): Final simple tree
|( SILENCE -1 2.212e+03 1.636e+02 1.147e+02
|    ( - 1.733e+03 1 0)
|    ( - 3.158e+02 1 0))
s>    ( SILENCE -1 2.212e+03 1.636e+02 1.147e+02
s>        ( - 1.733e+03 1 0)
s>        ( - 3.158e+02 1 0))INFO: dtree.c(1315): Comp split 6
INFO: dtree.c(1439): stop. leaf nodes are specific
INFO: dtree.c(1478): Final simple tree
|( WDBNDRY_E 0 1.227e+03 4.790e+01 7.558e+01
|    ( - 2.931e+01 1 0)
|    ( - 1.150e+03 1 0))
s>    ( WDBNDRY_E 0 1.227e+03 4.790e+01 7.558e+01
s>        ( - 2.931e+01 1 0)
s>        ( - 1.150e+03 1 0))INFO: dtree.c(1439): stop. leaf nodes are specific
INFO: dtree.c(1478): Final simple tree
|( QUESTION0_13_R 1 2.295e+03 1.963e+02 1.264e+02
|    ( WDBNDRY_E 0 7.991e+02 6.538e+01 4.981e+01
|        ( - 6.873e+02 1 0)
|        ( - 4.643e+01 1 0))
|    ( QUESTION0_11_R 1 1.299e+03 1.172e+02 7.664e+01
|        ( QUESTION0_12_R 1 2.213e+02 3.766e+01 1.800e+01
|            ( - 1.026e+02 1 0)
|            ( - 8.107e+01 1 0))
|        ( QUESTION0_8_R 1 9.607e+02 1.020e+02 5.864e+01
|            ( QUESTION0 1 2.854e+02 5.598e+01 2.100e+01
|                ( - 1.735e+02 1 0)
|                ( - 5.583e+01 1 0))
|            ( - 5.733e+02 1 0))))
s>    ( QUESTION0_13_R 1 2.295e+03 1.963e+02 1.264e+02
s>        ( WDBNDRY_E 0 7.991e+02 6.538e+01 4.981e+01
s>            ( - 6.873e+02 1 0)
s>            ( - 4.643e+01 1 0))
s>        ( QUESTION0_11_R 1 1.299e+03 1.172e+02 7.664e+01
s>            ( QUESTION0_12_R 1 2.213e+02 3.766e+01 1.800e+01
s>                ( - 1.026e+02 1 0)
s>                ( - 8.107e+01 1 0))
s>            ( QUESTION0_8_R 1 9.607e+02 1.020e+02 5.864e+01
s>                ( QUESTION0 1 2.854e+02 5.598e+01 2.100e+01
s>                    ( - 1.735e+02 1 0)
s>                    ( - 5.583e+01 1 0))
s>                ( - 5.733e+02 1 0))))INFO: dtree.c(1315): Comp split 7
INFO: dtree.c(1439): stop. leaf nodes are specific
INFO: dtree.c(1478): Final simple tree
|( QUESTION0 -1 4.050e+03 1.593e+02 2.317e+02
|    ( - 3.383e+03 2 0)
|    ( - 5.075e+02 1 0))
s>    ( QUESTION0 -1 4.050e+03 1.593e+02 2.317e+02
s>        ( - 3.383e+03 2 0)
s>        ( - 5.075e+02 1 0))INFO: dtree.c(1315): Comp split 8
INFO: dtree.c(1439): stop. leaf nodes are specific
INFO: dtree.c(1478): Final simple tree
|( QUESTION2_3_L -1 5.331e+03 2.202e+02 3.038e+02
|    ( - 2.555e+03 2 0)
|    ( QUESTION5 -1 2.555e+03 1.539e+02 1.528e+02
|        ( QUESTION6 -1 1.622e+03 1.170e+02 9.976e+01
|            ( - 8.940e+02 1 0)
|            ( - 6.106e+02 1 0))
|        ( QUESTION0 -1 7.794e+02 7.849e+01 5.300e+01
|            ( - 8.675e+01 1 0)
|            ( - 6.141e+02 2 0))))
s>    ( QUESTION2_3_L -1 5.331e+03 2.202e+02 3.038e+02
s>        ( - 2.555e+03 2 0)
s>        ( QUESTION5 -1 2.555e+03 1.539e+02 1.528e+02
s>            ( QUESTION6 -1 1.622e+03 1.170e+02 9.976e+01
s>                ( - 8.940e+02 1 0)
s>                ( - 6.106e+02 1 0))
s>            ( QUESTION0 -1 7.794e+02 7.849e+01 5.300e+01
s>                ( - 8.675e+01 1 0)
s>                ( - 6.141e+02 2 0))))INFO: dtree.c(1439): stop. leaf nodes are specific
INFO: dtree.c(1478): Final simple tree
|( QUESTION4 -1 1.021e+04 2.008e+02 5.744e+02
|    ( - 7.736e+03 1 0)
|    ( SILENCE -1 2.271e+03 1.179e+02 1.340e+02
|        ( - 1.635e+03 1 0)
|        ( - 5.184e+02 1 0)))
s>    ( QUESTION4 -1 1.021e+04 2.008e+02 5.744e+02
s>        ( - 7.736e+03 1 0)
s>        ( SILENCE -1 2.271e+03 1.179e+02 1.340e+02
s>            ( - 1.635e+03 1 0)
s>            ( - 5.184e+02 1 0)))INFO: dtree.c(1315): Comp split 9
INFO: dtree.c(1478): Final simple tree
|( QUESTION0_8_R 1 1.612e+03 1.741e+02 8.198e+01
|    ( - 6.996e+02 3 0)
|    ( QUESTION0_16_R 1 7.382e+02 1.064e+02 4.300e+01
|        ( QUESTION7 1 2.278e+02 5.367e+01 1.600e+01
|            ( QUESTION0_18_R 1 9.448e+01 2.670e+01 8.000e+00
|                ( - 2.650e+01 1 0)
|                ( - 4.128e+01 1 0))
|            ( QUESTION0_17_R 1 7.962e+01 1.748e+01 8.000e+00
|                ( - 0.000e+00 1 0)
|                ( - 6.214e+01 1 0)))
|        ( QUESTION0_0_R 1 4.040e+02 4.166e+01 2.700e+01
|            ( WDBNDRY_E 0 3.199e+02 3.032e+01 2.200e+01
|                ( - 2.876e+02 1 0)
|                ( - 1.905e+00 1 0))
|            ( - 4.248e+01 2 0 SILENCE 1 1.499e+01 5.000e+00))))
s>    ( QUESTION0_8_R 1 1.612e+03 1.741e+02 8.198e+01
s>        ( - 6.996e+02 3 0)
s>        ( QUESTION0_16_R 1 7.382e+02 1.064e+02 4.300e+01
s>            ( QUESTION7 1 2.278e+02 5.367e+01 1.600e+01
s>                ( QUESTION0_18_R 1 9.448e+01 2.670e+01 8.000e+00
s>                    ( - 2.650e+01 1 0)
s>                    ( - 4.128e+01 1 0))
s>                ( QUESTION0_17_R 1 7.962e+01 1.748e+01 8.000e+00
s>                    ( - 0.000e+00 1 0)
s>                    ( - 6.214e+01 1 0)))
s>            ( QUESTION0_0_R 1 4.040e+02 4.166e+01 2.700e+01
s>                ( WDBNDRY_E 0 3.199e+02 3.032e+01 2.200e+01
s>                    ( - 2.876e+02 1 0)
s>                    ( - 1.905e+00 1 0))
s>                ( - 4.248e+01 2 0 SILENCE 1 1.499e+01 5.000e+00))))INFO: dtree.c(1439): stop. leaf nodes are specific
INFO: dtree.c(1478): Final simple tree
|( WDBNDRY_B 0 1.111e+03 1.156e+02 5.909e+01
|    ( - 8.445e+02 1 0)
|    ( WDBNDRY_E 0 1.507e+02 2.966e+01 1.200e+01
|        ( - 9.739e+00 1 0)
|        ( - 1.113e+02 1 0)))
s>    ( WDBNDRY_B 0 1.111e+03 1.156e+02 5.909e+01
s>        ( - 8.445e+02 1 0)
s>        ( WDBNDRY_E 0 1.507e+02 2.966e+01 1.200e+01
s>            ( - 9.739e+00 1 0)
s>            ( - 1.113e+02 1 0)))INFO: dtree.c(1315): Comp split 10
INFO: dtree.c(1439): stop. leaf nodes are specific
INFO: dtree.c(1478): Final simple tree
|( QUESTION5 -1 2.555e+03 1.539e+02 1.528e+02
|    ( QUESTION6 -1 1.622e+03 1.170e+02 9.976e+01
|        ( - 8.940e+02 1 0)
|        ( - 6.106e+02 1 0))
|    ( QUESTION0 -1 7.794e+02 7.849e+01 5.300e+01
|        ( - 8.675e+01 1 0)
|        ( - 6.141e+02 2 0)))
s>    ( QUESTION5 -1 2.555e+03 1.539e+02 1.528e+02
s>        ( QUESTION6 -1 1.622e+03 1.170e+02 9.976e+01
s>            ( - 8.940e+02 1 0)
s>            ( - 6.106e+02 1 0))
s>        ( QUESTION0 -1 7.794e+02 7.849e+01 5.300e+01
s>            ( - 8.675e+01 1 0)
s>            ( - 6.141e+02 2 0)))INFO: dtree.c(1315): Comp split 11
INFO: dtree.c(1439): stop. leaf nodes are specific
INFO: dtree.c(1478): Final simple tree
|( QUESTION4 -1 2.284e+03 1.519e+02 1.215e+02
|    ( - 8.294e+02 1 0)
|    ( QUESTION16 -1 1.302e+03 1.174e+02 7.070e+01
|        ( QUESTION17 -1 2.857e+02 2.859e+01 1.995e+01
|            ( - 2.455e+02 1 0)
|            ( - 1.161e+01 1 0))
|        ( QUESTION2_3_L -1 8.991e+02 3.274e+01 5.075e+01
|            ( - 8.580e+02 2 0)
|            ( QUESTION0 -1 8.334e+00 8.144e+00 2.000e+00
|                ( - 0.000e+00 1 0)
|                ( - 1.905e-01 1 0)))))
s>    ( QUESTION4 -1 2.284e+03 1.519e+02 1.215e+02
s>        ( - 8.294e+02 1 0)
s>        ( QUESTION16 -1 1.302e+03 1.174e+02 7.070e+01
s>            ( QUESTION17 -1 2.857e+02 2.859e+01 1.995e+01
s>                ( - 2.455e+02 1 0)
s>                ( - 1.161e+01 1 0))
s>            ( QUESTION2_3_L -1 8.991e+02 3.274e+01 5.075e+01
s>                ( - 8.580e+02 2 0)
s>                ( QUESTION0 -1 8.334e+00 8.144e+00 2.000e+00
s>                    ( - 0.000e+00 1 0)
s>                    ( - 1.905e-01 1 0)))))INFO: dtree.c(1439): stop. leaf nodes are specific
INFO: dtree.c(1478): Final simple tree
|( QUESTION0 -1 2.418e+03 1.535e+02 1.291e+02
|    ( - 1.155e+03 2 0)
|    ( QUESTION6 -1 1.110e+03 1.052e+02 6.203e+01
|        ( QUESTION8 -1 5.164e+02 2.364e+01 3.087e+01
|            ( - 1.029e+01 1 0)
|            ( - 4.825e+02 1 0))
|        ( - 4.879e+02 1 0)))
s>    ( QUESTION0 -1 2.418e+03 1.535e+02 1.291e+02
s>        ( - 1.155e+03 2 0)
s>        ( QUESTION6 -1 1.110e+03 1.052e+02 6.203e+01
s>            ( QUESTION8 -1 5.164e+02 2.364e+01 3.087e+01
s>                ( - 1.029e+01 1 0)
s>                ( - 4.825e+02 1 0))
s>            ( - 4.879e+02 1 0)))INFO: dtree.c(1315): Comp split 12
INFO: dtree.c(1439): stop. leaf nodes are specific
INFO: dtree.c(1478): Final simple tree
|( QUESTION0_14_R 1 1.062e+03 9.666e+01 6.381e+01
|    ( - 6.873e+02 1 0)
|    ( WDBNDRY_E 0 2.781e+02 5.818e+01 2.000e+01
|        ( - 1.735e+02 1 0)
|        ( - 4.643e+01 1 0)))
s>    ( QUESTION0_14_R 1 1.062e+03 9.666e+01 6.381e+01
s>        ( - 6.873e+02 1 0)
s>        ( WDBNDRY_E 0 2.781e+02 5.818e+01 2.000e+01
s>            ( - 1.735e+02 1 0)
s>            ( - 4.643e+01 1 0)))INFO: dtree.c(1439): stop. leaf nodes are specific
INFO: dtree.c(1478): Final simple tree
|( QUESTION0_11_R 1 1.030e+03 1.167e+02 6.264e+01
|    ( QUESTION0_12_R 1 2.213e+02 3.766e+01 1.800e+01
|        ( - 1.026e+02 1 0)
|        ( - 8.107e+01 1 0))
|    ( QUESTION0_8_R 1 6.916e+02 6.249e+01 4.464e+01
|        ( - 5.583e+01 1 0)
|        ( - 5.733e+02 1 0)))
s>    ( QUESTION0_11_R 1 1.030e+03 1.167e+02 6.264e+01
s>        ( QUESTION0_12_R 1 2.213e+02 3.766e+01 1.800e+01
s>            ( - 1.026e+02 1 0)
s>            ( - 8.107e+01 1 0))
s>        ( QUESTION0_8_R 1 6.916e+02 6.249e+01 4.464e+01
s>            ( - 5.583e+01 1 0)
s>            ( - 5.733e+02 1 0)))INFO: dtree.c(1315): Comp split 13
INFO: dtree.c(1439): stop. leaf nodes are specific
INFO: dtree.c(1478): Final simple tree
|( SILENCE -1 2.271e+03 1.179e+02 1.340e+02
|    ( - 1.635e+03 1 0)
|    ( - 5.184e+02 1 0))
s>    ( SILENCE -1 2.271e+03 1.179e+02 1.340e+02
s>        ( - 1.635e+03 1 0)
s>        ( - 5.184e+02 1 0))INFO: dtree.c(1315): Comp split 14
INFO: dtree.c(1439): stop. leaf nodes are specific
INFO: dtree.c(1478): Final simple tree
|( QUESTION0_8_R 1 7.998e+02 5.891e+01 4.298e+01
|    ( - 6.996e+02 3 0)
|    ( - 4.128e+01 1 0))
s>    ( QUESTION0_8_R 1 7.998e+02 5.891e+01 4.298e+01
s>        ( - 6.996e+02 3 0)
s>        ( - 4.128e+01 1 0))INFO: dtree.c(1439): stop. leaf nodes are specific
INFO: dtree.c(1478): Final simple tree
|( QUESTION0_16_R 1 6.368e+02 8.956e+01 3.900e+01
|    ( QUESTION0_17_R 1 1.432e+02 4.019e+01 1.200e+01
|        ( QUESTION7 1 4.090e+01 1.440e+01 5.000e+00
|            ( - 2.650e+01 1 0)
|            ( - 0.000e+00 1 0))
|        ( - 6.214e+01 1 0))
|    ( QUESTION0_0_R 1 4.040e+02 4.166e+01 2.700e+01
|        ( WDBNDRY_E 0 3.199e+02 3.032e+01 2.200e+01
|            ( - 2.876e+02 1 0)
|            ( - 1.905e+00 1 0))
|        ( SILENCE 1 4.248e+01 1.499e+01 5.000e+00
|            ( - 3.810e-01 1 0)
|            ( - 2.711e+01 1 0))))
s>    ( QUESTION0_16_R 1 6.368e+02 8.956e+01 3.900e+01
s>        ( QUESTION0_17_R 1 1.432e+02 4.019e+01 1.200e+01
s>            ( QUESTION7 1 4.090e+01 1.440e+01 5.000e+00
s>                ( - 2.650e+01 1 0)
s>                ( - 0.000e+00 1 0))
s>            ( - 6.214e+01 1 0))
s>        ( QUESTION0_0_R 1 4.040e+02 4.166e+01 2.700e+01
s>            ( WDBNDRY_E 0 3.199e+02 3.032e+01 2.200e+01
s>                ( - 2.876e+02 1 0)
s>                ( - 1.905e+00 1 0))
s>            ( SILENCE 1 4.248e+01 1.499e+01 5.000e+00
s>                ( - 3.810e-01 1 0)
s>                ( - 2.711e+01 1 0))))INFO: dtree.c(1315): Comp split 15
INFO: dtree.c(1478): Final simple tree
|( QUESTION0 -1 1.033e+03 1.027e+02 6.307e+01
|    ( QUESTION1 -1 2.822e+02 5.078e+01 2.016e+01
|        ( - 1.136e+02 1 0)
|        ( QUESTION2_0_L -1 1.179e+02 1.876e+01 1.018e+01
|            ( - 9.666e+01 2 0)
|            ( - 2.449e+00 1 0)))
|    ( QUESTION4 -1 6.479e+02 7.742e+01 4.291e+01
|        ( QUESTION0_8_R 1 3.282e+02 2.864e+01 2.391e+01
|            ( - 2.916e+02 1 0)
|            ( - 7.905e+00 1 0))
|        ( QUESTION0_8_R 1 2.423e+02 3.677e+01 1.900e+01
|            ( SILENCE -1 1.910e+02 3.087e+01 1.600e+01
|                ( - 1.378e+02 1 0)
|                ( - 2.234e+01 2 0 QUESTION7 -1 8.756e+00 4.000e+00))
|            ( - 1.449e+01 1 0))))
s>    ( QUESTION0 -1 1.033e+03 1.027e+02 6.307e+01
s>        ( QUESTION1 -1 2.822e+02 5.078e+01 2.016e+01
s>            ( - 1.136e+02 1 0)
s>            ( QUESTION2_0_L -1 1.179e+02 1.876e+01 1.018e+01
s>                ( - 9.666e+01 2 0)
s>                ( - 2.449e+00 1 0)))
s>        ( QUESTION4 -1 6.479e+02 7.742e+01 4.291e+01
s>            ( QUESTION0_8_R 1 3.282e+02 2.864e+01 2.391e+01
s>                ( - 2.916e+02 1 0)
s>                ( - 7.905e+00 1 0))
s>            ( QUESTION0_8_R 1 2.423e+02 3.677e+01 1.900e+01
s>                ( SILENCE -1 1.910e+02 3.087e+01 1.600e+01
s>                    ( - 1.378e+02 1 0)
s>                    ( - 2.234e+01 2 0 QUESTION7 -1 8.756e+00 4.000e+00))
s>                ( - 1.449e+01 1 0))))INFO: dtree.c(1439): stop. leaf nodes are specific
INFO: dtree.c(1478): Final simple tree
|( QUESTION19 1 4.169e+02 8.192e+01 2.601e+01
|    ( QUESTION17 -1 2.214e+02 4.765e+01 1.601e+01
|        ( - 1.059e+02 1 0)
|        ( QUESTION2_5_L -1 6.785e+01 2.551e+01 7.000e+00
|            ( - 2.337e+01 1 0)
|            ( QUESTION2_9_L -1 1.897e+01 1.154e+01 3.000e+00
|                ( - 1.333e+00 1 0)
|                ( - 6.095e+00 1 0))))
|    ( QUESTION0 -1 1.136e+02 3.979e+01 1.000e+01
|        ( - 3.604e+01 1 0)
|        ( - 3.780e+01 1 0)))
s>    ( QUESTION19 1 4.169e+02 8.192e+01 2.601e+01
s>        ( QUESTION17 -1 2.214e+02 4.765e+01 1.601e+01
s>            ( - 1.059e+02 1 0)
s>            ( QUESTION2_5_L -1 6.785e+01 2.551e+01 7.000e+00
s>                ( - 2.337e+01 1 0)
s>                ( QUESTION2_9_L -1 1.897e+01 1.154e+01 3.000e+00
s>                    ( - 1.333e+00 1 0)
s>                    ( - 6.095e+00 1 0))))
s>        ( QUESTION0 -1 1.136e+02 3.979e+01 1.000e+01
s>            ( - 3.604e+01 1 0)
s>            ( - 3.780e+01 1 0)))INFO: dtree.c(1315): Comp split 16
INFO: dtree.c(1315): Comp split 17
INFO: dtree.c(1315): Comp split 18
INFO: dtree.c(1439): stop. leaf nodes are specific
INFO: dtree.c(1478): Final simple tree
|( QUESTION16 -1 1.238e+03 1.160e+02 6.770e+01
|    ( - 2.455e+02 1 0)
|    ( QUESTION0 -1 8.766e+02 1.838e+01 4.975e+01
|        ( - 8.580e+02 2 0)
|        ( - 1.905e-01 1 0)))
s>    ( QUESTION16 -1 1.238e+03 1.160e+02 6.770e+01
s>        ( - 2.455e+02 1 0)
s>        ( QUESTION0 -1 8.766e+02 1.838e+01 4.975e+01
s>            ( - 8.580e+02 2 0)
s>            ( - 1.905e-01 1 0)))INFO: dtree.c(1439): stop. leaf nodes are specific
INFO: dtree.c(1478): Final simple tree
|( QUESTION4 -1 8.915e+02 3.923e+01 5.383e+01
|    ( - 8.294e+02 1 0)
|    ( QUESTION0 -1 2.281e+01 1.120e+01 3.000e+00
|        ( - 0.000e+00 1 0)
|        ( - 1.161e+01 1 0)))
s>    ( QUESTION4 -1 8.915e+02 3.923e+01 5.383e+01
s>        ( - 8.294e+02 1 0)
s>        ( QUESTION0 -1 2.281e+01 1.120e+01 3.000e+00
s>            ( - 0.000e+00 1 0)
s>            ( - 1.161e+01 1 0)))INFO: dtree.c(1315): Comp split 19
INFO: dtree.c(1439): stop. leaf nodes are specific
INFO: dtree.c(1478): Final simple tree
|( QUESTION0 -1 7.794e+02 7.849e+01 5.300e+01
|    ( - 8.675e+01 1 0)
|    ( - 6.141e+02 2 0))
s>    ( QUESTION0 -1 7.794e+02 7.849e+01 5.300e+01
s>        ( - 8.675e+01 1 0)
s>        ( - 6.141e+02 2 0))INFO: dtree.c(1439): stop. leaf nodes are specific
INFO: dtree.c(1478): Final simple tree
|( QUESTION6 -1 1.622e+03 1.170e+02 9.976e+01
|    ( - 8.940e+02 1 0)
|    ( - 6.106e+02 1 0))
s>    ( QUESTION6 -1 1.622e+03 1.170e+02 9.976e+01
s>        ( - 8.940e+02 1 0)
s>        ( - 6.106e+02 1 0))INFO: dtree.c(1315): Comp split 20
INFO: dtree.c(1439): stop. leaf nodes are specific
INFO: dtree.c(1478): Final simple tree
|( QUESTION6 -1 1.110e+03 1.052e+02 6.203e+01
|    ( QUESTION8 -1 5.164e+02 2.364e+01 3.087e+01
|        ( - 1.029e+01 1 0)
|        ( - 4.825e+02 1 0))
|    ( - 4.879e+02 1 0))
s>    ( QUESTION6 -1 1.110e+03 1.052e+02 6.203e+01
s>        ( QUESTION8 -1 5.164e+02 2.364e+01 3.087e+01
s>            ( - 1.029e+01 1 0)
s>            ( - 4.825e+02 1 0))
s>        ( - 4.879e+02 1 0))INFO: dtree.c(1315): Comp split 21
INFO: dtree.c(1439): stop. leaf nodes are specific
INFO: dtree.c(1478): Final simple tree
|( QUESTION0_8_R 1 3.310e+02 5.384e+01 2.500e+01
|    ( - 5.583e+01 1 0)
|    ( QUESTION0_12_R 1 2.213e+02 3.766e+01 1.800e+01
|        ( - 1.026e+02 1 0)
|        ( - 8.107e+01 1 0)))
s>    ( QUESTION0_8_R 1 3.310e+02 5.384e+01 2.500e+01
s>        ( - 5.583e+01 1 0)
s>        ( QUESTION0_12_R 1 2.213e+02 3.766e+01 1.800e+01
s>            ( - 1.026e+02 1 0)
s>            ( - 8.107e+01 1 0)))INFO: dtree.c(1315): Comp split 22
INFO: dtree.c(1315): Comp split 23
INFO: dtree.c(1315): Comp split 24
INFO: dtree.c(1439): stop. leaf nodes are specific
INFO: dtree.c(1478): Final simple tree
|( QUESTION0 -1 8.766e+02 1.838e+01 4.975e+01
|    ( - 8.580e+02 2 0)
|    ( - 1.905e-01 1 0))
s>    ( QUESTION0 -1 8.766e+02 1.838e+01 4.975e+01
s>        ( - 8.580e+02 2 0)
s>        ( - 1.905e-01 1 0))INFO: dtree.c(1315): Comp split 25
INFO: dtree.c(1439): stop. leaf nodes are specific
INFO: dtree.c(1478): Final simple tree
|( WDBNDRY_E 0 1.507e+02 2.966e+01 1.200e+01
|    ( - 9.739e+00 1 0)
|    ( - 1.113e+02 1 0))
s>    ( WDBNDRY_E 0 1.507e+02 2.966e+01 1.200e+01
s>        ( - 9.739e+00 1 0)
s>        ( - 1.113e+02 1 0))INFO: dtree.c(1315): Comp split 26
INFO: dtree.c(1439): stop. leaf nodes are specific
INFO: dtree.c(1478): Final simple tree
|( QUESTION4 -1 5.529e+02 7.025e+01 3.791e+01
|    ( - 2.916e+02 1 0)
|    ( SILENCE -1 1.910e+02 3.087e+01 1.600e+01
|        ( - 1.378e+02 1 0)
|        ( QUESTION7 -1 2.234e+01 8.756e+00 4.000e+00
|            ( - 3.788e-01 1 0)
|            ( - 1.321e+01 1 0))))
s>    ( QUESTION4 -1 5.529e+02 7.025e+01 3.791e+01
s>        ( - 2.916e+02 1 0)
s>        ( SILENCE -1 1.910e+02 3.087e+01 1.600e+01
s>            ( - 1.378e+02 1 0)
s>            ( QUESTION7 -1 2.234e+01 8.756e+00 4.000e+00
s>                ( - 3.788e-01 1 0)
s>                ( - 1.321e+01 1 0))))INFO: dtree.c(1439): stop. leaf nodes are specific
INFO: dtree.c(1478): Final simple tree
|( QUESTION1 -1 3.709e+02 6.002e+01 2.516e+01
|    ( - 1.136e+02 1 0)
|    ( QUESTION2_3_L -1 1.973e+02 4.291e+01 1.518e+01
|        ( - 9.666e+01 2 0)
|        ( SILENCE -1 5.769e+01 2.025e+01 6.183e+00
|            ( - 1.449e+01 1 0)
|            ( QUESTION0_8_R 1 2.295e+01 1.259e+01 3.183e+00
|                ( - 2.449e+00 1 0)
|                ( - 7.905e+00 1 0)))))
s>    ( QUESTION1 -1 3.709e+02 6.002e+01 2.516e+01
s>        ( - 1.136e+02 1 0)
s>        ( QUESTION2_3_L -1 1.973e+02 4.291e+01 1.518e+01
s>            ( - 9.666e+01 2 0)
s>            ( SILENCE -1 5.769e+01 2.025e+01 6.183e+00
s>                ( - 1.449e+01 1 0)
s>                ( QUESTION0_8_R 1 2.295e+01 1.259e+01 3.183e+00
s>                    ( - 2.449e+00 1 0)
s>                    ( - 7.905e+00 1 0)))))INFO: dtree.c(1315): Comp split 27
INFO: dtree.c(1439): stop. leaf nodes are specific
INFO: dtree.c(1478): Final simple tree
|( QUESTION6 -1 5.205e+02 2.225e+01 3.316e+01
|    ( - 1.029e+01 1 0)
|    ( - 4.879e+02 1 0))
s>    ( QUESTION6 -1 5.205e+02 2.225e+01 3.316e+01
s>        ( - 1.029e+01 1 0)
s>        ( - 4.879e+02 1 0))INFO: dtree.c(1315): Comp split 28
INFO: dtree.c(1439): stop. leaf nodes are specific
INFO: dtree.c(1478): Final simple tree
|( WDBNDRY_E 0 2.781e+02 5.818e+01 2.000e+01
|    ( - 1.735e+02 1 0)
|    ( - 4.643e+01 1 0))
s>    ( WDBNDRY_E 0 2.781e+02 5.818e+01 2.000e+01
s>        ( - 1.735e+02 1 0)
s>        ( - 4.643e+01 1 0))INFO: dtree.c(1315): Comp split 29
INFO: dtree.c(1439): stop. leaf nodes are specific
INFO: dtree.c(1478): Final simple tree
|( QUESTION0_0_R 1 3.477e+02 3.291e+01 2.400e+01
|    ( - 2.876e+02 1 0)
|    ( - 2.711e+01 1 0))
s>    ( QUESTION0_0_R 1 3.477e+02 3.291e+01 2.400e+01
s>        ( - 2.876e+02 1 0)
s>        ( - 2.711e+01 1 0))INFO: dtree.c(1439): stop. leaf nodes are specific
INFO: dtree.c(1478): Final simple tree
|( QUESTION4 1 1.934e+02 5.047e+01 1.500e+01
|    ( - 6.214e+01 1 0)
|    ( QUESTION7 1 8.083e+01 3.004e+01 8.000e+00
|        ( - 2.650e+01 1 0)
|        ( WDBNDRY_E 0 2.429e+01 1.586e+01 4.000e+00
|            ( SILENCE 1 6.525e+00 6.144e+00 2.000e+00
|                ( - 3.810e-01 1 0)
|                ( - 0.000e+00 1 0))
|            ( - 1.905e+00 1 0))))
s>    ( QUESTION4 1 1.934e+02 5.047e+01 1.500e+01
s>        ( - 6.214e+01 1 0)
s>        ( QUESTION7 1 8.083e+01 3.004e+01 8.000e+00
s>            ( - 2.650e+01 1 0)
s>            ( WDBNDRY_E 0 2.429e+01 1.586e+01 4.000e+00
s>                ( SILENCE 1 6.525e+00 6.144e+00 2.000e+00
s>                    ( - 3.810e-01 1 0)
s>                    ( - 0.000e+00 1 0))
s>                ( - 1.905e+00 1 0))))INFO: dtree.c(1315): Comp split 30
INFO: dtree.c(1439): stop. leaf nodes are specific
INFO: dtree.c(1478): Final simple tree
|( QUESTION17 -1 1.312e+02 1.926e+01 1.101e+01
|    ( - 1.059e+02 1 0)
|    ( - 6.095e+00 1 0))
s>    ( QUESTION17 -1 1.312e+02 1.926e+01 1.101e+01
s>        ( - 1.059e+02 1 0)
s>        ( - 6.095e+00 1 0))INFO: dtree.c(1439): stop. leaf nodes are specific
INFO: dtree.c(1478): Final simple tree
|( QUESTION0 -1 1.981e+02 5.473e+01 1.500e+01
|    ( - 3.604e+01 1 0)
|    ( QUESTION17 -1 1.073e+02 3.199e+01 1.000e+01
|        ( - 3.780e+01 1 0)
|        ( QUESTION2_5_L -1 3.749e+01 1.279e+01 5.000e+00
|            ( - 2.337e+01 1 0)
|            ( - 1.333e+00 1 0))))
s>    ( QUESTION0 -1 1.981e+02 5.473e+01 1.500e+01
s>        ( - 3.604e+01 1 0)
s>        ( QUESTION17 -1 1.073e+02 3.199e+01 1.000e+01
s>            ( - 3.780e+01 1 0)
s>            ( QUESTION2_5_L -1 3.749e+01 1.279e+01 5.000e+00
s>                ( - 2.337e+01 1 0)
s>                ( - 1.333e+00 1 0))))INFO: dtree.c(1315): Comp split 31
INFO: dtree.c(1315): Comp split 32
INFO: dtree.c(1439): stop. leaf nodes are specific
INFO: dtree.c(1478): Final simple tree
|( SILENCE -1 1.910e+02 3.087e+01 1.600e+01
|    ( - 1.378e+02 1 0)
|    ( QUESTION7 -1 2.234e+01 8.756e+00 4.000e+00
|        ( - 3.788e-01 1 0)
|        ( - 1.321e+01 1 0)))
s>    ( SILENCE -1 1.910e+02 3.087e+01 1.600e+01
s>        ( - 1.378e+02 1 0)
s>        ( QUESTION7 -1 2.234e+01 8.756e+00 4.000e+00
s>            ( - 3.788e-01 1 0)
s>            ( - 1.321e+01 1 0)))INFO: dtree.c(1315): Comp split 33
INFO: dtree.c(1439): stop. leaf nodes are specific
INFO: dtree.c(1478): Final simple tree
|( QUESTION0_8_R 1 1.259e+02 2.138e+01 1.100e+01
|    ( - 9.666e+01 2 0)
|    ( - 7.905e+00 1 0))
s>    ( QUESTION0_8_R 1 1.259e+02 2.138e+01 1.100e+01
s>        ( - 9.666e+01 2 0)
s>        ( - 7.905e+00 1 0))INFO: dtree.c(1439): stop. leaf nodes are specific
INFO: dtree.c(1478): Final simple tree
|( QUESTION1 -1 1.788e+02 3.350e+01 1.416e+01
|    ( - 1.136e+02 1 0)
|    ( SILENCE -1 3.169e+01 1.474e+01 4.183e+00
|        ( - 1.449e+01 1 0)
|        ( - 2.449e+00 1 0)))
s>    ( QUESTION1 -1 1.788e+02 3.350e+01 1.416e+01
s>        ( - 1.136e+02 1 0)
s>        ( SILENCE -1 3.169e+01 1.474e+01 4.183e+00
s>            ( - 1.449e+01 1 0)
s>            ( - 2.449e+00 1 0)))INFO: dtree.c(1315): Comp split 34
INFO: dtree.c(1315): Comp split 35
INFO: dtree.c(1315): Comp split 36
INFO: dtree.c(1439): stop. leaf nodes are specific
INFO: dtree.c(1478): Final simple tree
|( QUESTION17 -1 1.073e+02 3.199e+01 1.000e+01
|    ( - 3.780e+01 1 0)
|    ( QUESTION2_5_L -1 3.749e+01 1.279e+01 5.000e+00
|        ( - 2.337e+01 1 0)
|        ( - 1.333e+00 1 0)))
s>    ( QUESTION17 -1 1.073e+02 3.199e+01 1.000e+01
s>        ( - 3.780e+01 1 0)
s>        ( QUESTION2_5_L -1 3.749e+01 1.279e+01 5.000e+00
s>            ( - 2.337e+01 1 0)
s>            ( - 1.333e+00 1 0)))INFO: dtree.c(1315): Comp split 37
INFO: dtree.c(1439): stop. leaf nodes are specific
INFO: dtree.c(1478): Final simple tree
|( QUESTION0_12_R 1 2.213e+02 3.766e+01 1.800e+01
|    ( - 1.026e+02 1 0)
|    ( - 8.107e+01 1 0))
s>    ( QUESTION0_12_R 1 2.213e+02 3.766e+01 1.800e+01
s>        ( - 1.026e+02 1 0)
s>        ( - 8.107e+01 1 0))INFO: dtree.c(1315): Comp split 38
INFO: dtree.c(1439): stop. leaf nodes are specific
INFO: dtree.c(1478): Final simple tree
|( QUESTION7 1 5.333e+01 2.031e+01 6.000e+00
|    ( - 2.650e+01 1 0)
|    ( SILENCE 1 6.525e+00 6.144e+00 2.000e+00
|        ( - 3.810e-01 1 0)
|        ( - 0.000e+00 1 0)))
s>    ( QUESTION7 1 5.333e+01 2.031e+01 6.000e+00
s>        ( - 2.650e+01 1 0)
s>        ( SILENCE 1 6.525e+00 6.144e+00 2.000e+00
s>            ( - 3.810e-01 1 0)
s>            ( - 0.000e+00 1 0)))INFO: dtree.c(1439): stop. leaf nodes are specific
INFO: dtree.c(1478): Final simple tree
|( WDBNDRY_E 0 8.853e+01 2.449e+01 9.000e+00
|    ( - 6.214e+01 1 0)
|    ( - 1.905e+00 1 0))
s>    ( WDBNDRY_E 0 8.853e+01 2.449e+01 9.000e+00
s>        ( - 6.214e+01 1 0)
s>        ( - 1.905e+00 1 0))INFO: dtree.c(1315): Comp split 39
INFO: dtree.c(1315): Comp split 40
INFO: dtree.c(1439): stop. leaf nodes are specific
INFO: dtree.c(1478): Final simple tree
|( QUESTION0 -1 2.281e+01 1.120e+01 3.000e+00
|    ( - 0.000e+00 1 0)
|    ( - 1.161e+01 1 0))
s>    ( QUESTION0 -1 2.281e+01 1.120e+01 3.000e+00
s>        ( - 0.000e+00 1 0)
s>        ( - 1.161e+01 1 0))INFO: dtree.c(1315): Comp split 41
INFO: dtree.c(1315): Comp split 42
INFO: dtree.c(1439): stop. leaf nodes are specific
INFO: dtree.c(1478): Final simple tree
|( SILENCE -1 3.169e+01 1.474e+01 4.183e+00
|    ( - 1.449e+01 1 0)
|    ( - 2.449e+00 1 0))
s>    ( SILENCE -1 3.169e+01 1.474e+01 4.183e+00
s>        ( - 1.449e+01 1 0)
s>        ( - 2.449e+00 1 0))INFO: dtree.c(1315): Comp split 43
INFO: dtree.c(1315): Comp split 44
INFO: dtree.c(1439): stop. leaf nodes are specific
INFO: dtree.c(1478): Final simple tree
|( QUESTION2_5_L -1 3.749e+01 1.279e+01 5.000e+00
|    ( - 2.337e+01 1 0)
|    ( - 1.333e+00 1 0))
s>    ( QUESTION2_5_L -1 3.749e+01 1.279e+01 5.000e+00
s>        ( - 2.337e+01 1 0)
s>        ( - 1.333e+00 1 0))INFO: dtree.c(1315): Comp split 45
INFO: dtree.c(1439): stop. leaf nodes are specific
INFO: dtree.c(1478): Final simple tree
|( QUESTION7 -1 2.234e+01 8.756e+00 4.000e+00
|    ( - 3.788e-01 1 0)
|    ( - 1.321e+01 1 0))
s>    ( QUESTION7 -1 2.234e+01 8.756e+00 4.000e+00
s>        ( - 3.788e-01 1 0)
s>        ( - 1.321e+01 1 0))INFO: dtree.c(1315): Comp split 46
INFO: dtree.c(1315): Comp split 47
INFO: dtree.c(1315): Comp split 48
INFO: dtree.c(1315): Comp split 49
INFO: dtree.c(1315): Comp split 50
INFO: dtree.c(1439): stop. leaf nodes are specific
INFO: dtree.c(1478): Final simple tree
|( SILENCE 1 6.525e+00 6.144e+00 2.000e+00
|    ( - 3.810e-01 1 0)
|    ( - 0.000e+00 1 0))
s>    ( SILENCE 1 6.525e+00 6.144e+00 2.000e+00
s>        ( - 3.810e-01 1 0)
s>        ( - 0.000e+00 1 0))INFO: dtree.c(1315): Comp split 51
INFO: dtree.c(1315): Comp split 52
INFO: dtree.c(1315): Comp split 53
INFO: dtree.c(1315): Comp split 54
INFO: dtree.c(1315): Comp split 55
INFO: dtree.c(1315): Comp split 56
INFO: dtree.c(1315): Comp split 57
INFO: dtree.c(1315): Comp split 58
INFO: dtree.c(1318): stop. leaf nodes are specific
Mon May 23 22:39:48 2022
