Current configuration:
[NAME]		[DEFLT]	[VALUE]
-allphones	no	no
-cntthresh	0.00001	1.000000e-05
-csplitmax	100	2000
-csplitmin	1	1
-csplitthr	8e-4	0.000000e+00
-example	no	no
-fullvar	no	no
-help		no	no
-meanfn			
-mixwfn			/home/rakha/Kuliah/Semester8/nlp/speech-sphinx/train-new-model/an4-master/model_parameters/an4.cd_ptm_untied/mixture_weights
-moddeffn		/home/rakha/Kuliah/Semester8/nlp/speech-sphinx/train-new-model/an4-master/model_architecture/an4.untied.mdef
-mwfloor	1e-4	1.000000e-08
-phone			AH
-psetfn			/home/rakha/Kuliah/Semester8/nlp/speech-sphinx/train-new-model/an4-master/model_architecture/an4.tree_questions
-ssplitmax	5	7
-ssplitmin	1	1
-ssplitthr	8e-4	0.000000e+00
-state			0
-stwt			1.0,0.05,0.0,
-treefn			/home/rakha/Kuliah/Semester8/nlp/speech-sphinx/train-new-model/an4-master/trees/an4.unpruned/AH-0.dtree
-ts2cbfn	.semi.	.semi.
-varfloor	0.00001	1.000000e-05
-varfn			

INFO: main.c(223): Reading: /home/rakha/Kuliah/Semester8/nlp/speech-sphinx/train-new-model/an4-master/model_architecture/an4.untied.mdef
INFO: model_def_io.c(573): Model definition info:
INFO: model_def_io.c(574): 1618 total models defined (34 base, 1584 tri)
INFO: model_def_io.c(575): 6472 total states
INFO: model_def_io.c(576): 4854 total tied states
INFO: model_def_io.c(577): 102 total tied CI states
INFO: model_def_io.c(578): 34 total tied transition matrices
INFO: model_def_io.c(579): 4 max state/model
INFO: model_def_io.c(580): 4 min state/model
INFO: main.c(242): Building trees for [AH AH AY s] through [AH Z N i]
INFO: main.c(269): Covering states |[177 470]| == 294
INFO: main.c(275): Reading: /home/rakha/Kuliah/Semester8/nlp/speech-sphinx/train-new-model/an4-master/model_parameters/an4.cd_ptm_untied/mixture_weights
INFO: s3mixw_io.c(173): Read /home/rakha/Kuliah/Semester8/nlp/speech-sphinx/train-new-model/an4-master/model_parameters/an4.cd_ptm_untied/mixture_weights [294x4x64 array]
INFO: main.c(311): 98 of 98 models have observation count greater than 0.000010
INFO: main.c(95): nrm stwt: 0.952 0.048 0.000 
INFO: main.c(411): 98-class entropy: 3.248643e+04
INFO: main.c(549): Reading: /home/rakha/Kuliah/Semester8/nlp/speech-sphinx/train-new-model/an4-master/model_architecture/an4.tree_questions
INFO: main.c(588): 180 total simple questions (172 phone; 8 word bndry)
INFO: main.c(590): 42 Left Only questions, and 42 Right Only questions
INFO: dtree.c(1478): Final simple tree
|( QUESTION2_18_L -1 4.879e+04 3.360e+03 2.186e+03
|    ( - 7.070e+03 2 0 QUESTION0_0_R 1 2.284e+02 4.362e+02)
|    ( WDBNDRY_S 0 3.836e+04 1.947e+03 1.750e+03
|        ( QUESTION1 -1 2.203e+04 4.146e+02 1.066e+03
|            ( - 8.893e+03 18 0 QUESTION5 1 2.707e+02 4.414e+02)
|            ( QUESTION2_2_L -1 1.272e+04 3.823e+02 6.241e+02
|                ( - 8.454e+03 44 0 QUESTION0 -1 3.041e+02 4.159e+02)
|                ( - 3.887e+03 18 0 SILENCE -1 2.396e+02 2.082e+02)))
|        ( QUESTION4 1 1.438e+04 1.028e+03 6.845e+02
|            ( - 7.269e+03 5 0 QUESTION2_5_L -1 2.867e+02 3.932e+02)
|            ( QUESTION6 -1 6.085e+03 5.353e+02 2.913e+02
|                ( QUESTION0 1 4.032e+03 3.105e+02 2.045e+02
|                    ( - 1.972e+03 3 0 QUESTION7 -1 4.375e+01 1.122e+02)
|                    ( - 1.749e+03 2 0 WDBNDRY_B 0 3.794e+01 9.227e+01))
|                ( - 1.518e+03 6 0 QUESTION5 -1 1.964e+02 8.680e+01)))))
s>    ( QUESTION2_18_L -1 4.879e+04 3.360e+03 2.186e+03
s>        ( - 7.070e+03 2 0 QUESTION0_0_R 1 2.284e+02 4.362e+02)
s>        ( WDBNDRY_S 0 3.836e+04 1.947e+03 1.750e+03
s>            ( QUESTION1 -1 2.203e+04 4.146e+02 1.066e+03
s>                ( - 8.893e+03 18 0 QUESTION5 1 2.707e+02 4.414e+02)
s>                ( QUESTION2_2_L -1 1.272e+04 3.823e+02 6.241e+02
s>                    ( - 8.454e+03 44 0 QUESTION0 -1 3.041e+02 4.159e+02)
s>                    ( - 3.887e+03 18 0 SILENCE -1 2.396e+02 2.082e+02)))
s>            ( QUESTION4 1 1.438e+04 1.028e+03 6.845e+02
s>                ( - 7.269e+03 5 0 QUESTION2_5_L -1 2.867e+02 3.932e+02)
s>                ( QUESTION6 -1 6.085e+03 5.353e+02 2.913e+02
s>                    ( QUESTION0 1 4.032e+03 3.105e+02 2.045e+02
s>                        ( - 1.972e+03 3 0 QUESTION7 -1 4.375e+01 1.122e+02)
s>                        ( - 1.749e+03 2 0 WDBNDRY_B 0 3.794e+01 9.227e+01))
s>                    ( - 1.518e+03 6 0 QUESTION5 -1 1.964e+02 8.680e+01)))))INFO: dtree.c(1315): Comp split 0
INFO: dtree.c(1478): Final simple tree
|( WDBNDRY_S 0 2.660e+04 8.733e+02 1.245e+03
|    ( QUESTION1 -1 2.203e+04 4.146e+02 1.066e+03
|        ( QUESTION5 1 8.893e+03 2.707e+02 4.414e+02
|            ( - 4.035e+03 9 0 QUESTION0_14_R 1 2.187e+02 2.071e+02)
|            ( - 4.588e+03 9 0 SILENCE 1 2.431e+02 2.343e+02))
|        ( QUESTION2_2_L -1 1.272e+04 3.823e+02 6.241e+02
|            ( QUESTION0 -1 8.454e+03 3.041e+02 4.159e+02
|                ( - 2.875e+03 16 0 QUESTION0_8_R 1 2.273e+02 1.484e+02)
|                ( QUESTION16 -1 5.275e+03 2.718e+02 2.676e+02
|                    ( - 2.340e+03 15 0 QUESTION2_9_L -1 1.841e+02 1.228e+02)
|                    ( - 2.663e+03 13 0 QUESTION0_8_R 1 1.620e+02 1.447e+02)))
|            ( - 3.887e+03 18 0 SILENCE -1 2.396e+02 2.082e+02)))
|    ( QUESTION16 -1 3.695e+03 4.485e+02 1.791e+02
|        ( - 1.159e+03 2 0 QUESTION0_0_R 1 2.046e+01 7.180e+01)
|        ( - 2.087e+03 6 0 QUESTION0_16_R 1 1.787e+02 1.073e+02)))
s>    ( WDBNDRY_S 0 2.660e+04 8.733e+02 1.245e+03
s>        ( QUESTION1 -1 2.203e+04 4.146e+02 1.066e+03
s>            ( QUESTION5 1 8.893e+03 2.707e+02 4.414e+02
s>                ( - 4.035e+03 9 0 QUESTION0_14_R 1 2.187e+02 2.071e+02)
s>                ( - 4.588e+03 9 0 SILENCE 1 2.431e+02 2.343e+02))
s>            ( QUESTION2_2_L -1 1.272e+04 3.823e+02 6.241e+02
s>                ( QUESTION0 -1 8.454e+03 3.041e+02 4.159e+02
s>                    ( - 2.875e+03 16 0 QUESTION0_8_R 1 2.273e+02 1.484e+02)
s>                    ( QUESTION16 -1 5.275e+03 2.718e+02 2.676e+02
s>                        ( - 2.340e+03 15 0 QUESTION2_9_L -1 1.841e+02 1.228e+02)
s>                        ( - 2.663e+03 13 0 QUESTION0_8_R 1 1.620e+02 1.447e+02)))
s>                ( - 3.887e+03 18 0 SILENCE -1 2.396e+02 2.082e+02)))
s>        ( QUESTION16 -1 3.695e+03 4.485e+02 1.791e+02
s>            ( - 1.159e+03 2 0 QUESTION0_0_R 1 2.046e+01 7.180e+01)
s>            ( - 2.087e+03 6 0 QUESTION0_16_R 1 1.787e+02 1.073e+02)))INFO: dtree.c(1478): Final simple tree
|( QUESTION0 -1 1.878e+04 1.807e+03 9.417e+02
|    ( - 6.678e+03 1 0)
|    ( QUESTION20 -1 1.029e+04 7.616e+02 5.204e+02
|        ( QUESTION2_5_L -1 6.843e+03 2.169e+02 3.762e+02
|            ( - 6.114e+03 1 0)
|            ( - 5.117e+02 2 0 QUESTION0_0_R 1 1.989e+01 3.400e+01))
|        ( QUESTION0_2_R 1 2.686e+03 2.466e+02 1.442e+02
|            ( QUESTION7 -1 1.922e+03 4.343e+01 1.102e+02
|                ( - 1.859e+03 1 0)
|                ( - 1.922e+01 1 0))
|            ( QUESTION0_0_R 1 5.178e+02 9.168e+01 3.400e+01
|                ( QUESTION7 -1 2.272e+02 4.590e+01 1.700e+01
|                    ( - 3.686e+01 1 0)
|                    ( - 1.445e+02 1 0))
|                ( - 1.988e+02 2 0 QUESTION0 1 2.728e+01 1.700e+01)))))
s>    ( QUESTION0 -1 1.878e+04 1.807e+03 9.417e+02
s>        ( - 6.678e+03 1 0)
s>        ( QUESTION20 -1 1.029e+04 7.616e+02 5.204e+02
s>            ( QUESTION2_5_L -1 6.843e+03 2.169e+02 3.762e+02
s>                ( - 6.114e+03 1 0)
s>                ( - 5.117e+02 2 0 QUESTION0_0_R 1 1.989e+01 3.400e+01))
s>            ( QUESTION0_2_R 1 2.686e+03 2.466e+02 1.442e+02
s>                ( QUESTION7 -1 1.922e+03 4.343e+01 1.102e+02
s>                    ( - 1.859e+03 1 0)
s>                    ( - 1.922e+01 1 0))
s>                ( QUESTION0_0_R 1 5.178e+02 9.168e+01 3.400e+01
s>                    ( QUESTION7 -1 2.272e+02 4.590e+01 1.700e+01
s>                        ( - 3.686e+01 1 0)
s>                        ( - 1.445e+02 1 0))
s>                    ( - 1.988e+02 2 0 QUESTION0 1 2.728e+01 1.700e+01)))))INFO: dtree.c(1315): Comp split 1
INFO: dtree.c(1478): Final simple tree
|( QUESTION20 -1 1.029e+04 7.616e+02 5.204e+02
|    ( QUESTION2_5_L -1 6.843e+03 2.169e+02 3.762e+02
|        ( - 6.114e+03 1 0)
|        ( - 5.117e+02 2 0 QUESTION0_0_R 1 1.989e+01 3.400e+01))
|    ( QUESTION0_2_R 1 2.686e+03 2.466e+02 1.442e+02
|        ( QUESTION7 -1 1.922e+03 4.343e+01 1.102e+02
|            ( - 1.859e+03 1 0)
|            ( - 1.922e+01 1 0))
|        ( QUESTION0_0_R 1 5.178e+02 9.168e+01 3.400e+01
|            ( QUESTION7 -1 2.272e+02 4.590e+01 1.700e+01
|                ( - 3.686e+01 1 0)
|                ( - 1.445e+02 1 0))
|            ( QUESTION0 1 1.988e+02 2.728e+01 1.700e+01
|                ( - 8.000e+00 1 0)
|                ( - 1.636e+02 1 0)))))
s>    ( QUESTION20 -1 1.029e+04 7.616e+02 5.204e+02
s>        ( QUESTION2_5_L -1 6.843e+03 2.169e+02 3.762e+02
s>            ( - 6.114e+03 1 0)
s>            ( - 5.117e+02 2 0 QUESTION0_0_R 1 1.989e+01 3.400e+01))
s>        ( QUESTION0_2_R 1 2.686e+03 2.466e+02 1.442e+02
s>            ( QUESTION7 -1 1.922e+03 4.343e+01 1.102e+02
s>                ( - 1.859e+03 1 0)
s>                ( - 1.922e+01 1 0))
s>            ( QUESTION0_0_R 1 5.178e+02 9.168e+01 3.400e+01
s>                ( QUESTION7 -1 2.272e+02 4.590e+01 1.700e+01
s>                    ( - 3.686e+01 1 0)
s>                    ( - 1.445e+02 1 0))
s>                ( QUESTION0 1 1.988e+02 2.728e+01 1.700e+01
s>                    ( - 8.000e+00 1 0)
s>                    ( - 1.636e+02 1 0)))))INFO: dtree.c(1315): Comp split 2
INFO: dtree.c(1478): Final simple tree
|( QUESTION1 -1 2.203e+04 4.146e+02 1.066e+03
|    ( QUESTION5 1 8.893e+03 2.707e+02 4.414e+02
|        ( - 4.035e+03 9 0 QUESTION0_14_R 1 2.187e+02 2.071e+02)
|        ( SILENCE 1 4.588e+03 2.431e+02 2.343e+02
|            ( - 5.973e+02 1 0)
|            ( - 3.747e+03 8 0 QUESTION0 1 1.904e+02 1.933e+02)))
|    ( QUESTION2_2_L -1 1.272e+04 3.823e+02 6.241e+02
|        ( QUESTION0 -1 8.454e+03 3.041e+02 4.159e+02
|            ( - 2.875e+03 16 0 QUESTION0_8_R 1 2.273e+02 1.484e+02)
|            ( QUESTION16 -1 5.275e+03 2.718e+02 2.676e+02
|                ( - 2.340e+03 15 0 QUESTION2_9_L -1 1.841e+02 1.228e+02)
|                ( - 2.663e+03 13 0 QUESTION0_8_R 1 1.620e+02 1.447e+02)))
|        ( SILENCE -1 3.887e+03 2.396e+02 2.082e+02
|            ( - 1.566e+03 7 0 QUESTION0_9_R 1 1.343e+02 9.621e+01)
|            ( - 2.082e+03 11 0 QUESTION0_13_R 1 1.869e+02 1.120e+02))))
s>    ( QUESTION1 -1 2.203e+04 4.146e+02 1.066e+03
s>        ( QUESTION5 1 8.893e+03 2.707e+02 4.414e+02
s>            ( - 4.035e+03 9 0 QUESTION0_14_R 1 2.187e+02 2.071e+02)
s>            ( SILENCE 1 4.588e+03 2.431e+02 2.343e+02
s>                ( - 5.973e+02 1 0)
s>                ( - 3.747e+03 8 0 QUESTION0 1 1.904e+02 1.933e+02)))
s>        ( QUESTION2_2_L -1 1.272e+04 3.823e+02 6.241e+02
s>            ( QUESTION0 -1 8.454e+03 3.041e+02 4.159e+02
s>                ( - 2.875e+03 16 0 QUESTION0_8_R 1 2.273e+02 1.484e+02)
s>                ( QUESTION16 -1 5.275e+03 2.718e+02 2.676e+02
s>                    ( - 2.340e+03 15 0 QUESTION2_9_L -1 1.841e+02 1.228e+02)
s>                    ( - 2.663e+03 13 0 QUESTION0_8_R 1 1.620e+02 1.447e+02)))
s>            ( SILENCE -1 3.887e+03 2.396e+02 2.082e+02
s>                ( - 1.566e+03 7 0 QUESTION0_9_R 1 1.343e+02 9.621e+01)
s>                ( - 2.082e+03 11 0 QUESTION0_13_R 1 1.869e+02 1.120e+02))))INFO: dtree.c(1478): Final simple tree
|( QUESTION16 -1 3.695e+03 4.485e+02 1.791e+02
|    ( QUESTION0_0_R 1 1.159e+03 2.046e+01 7.180e+01
|        ( - 0.000e+00 1 0)
|        ( - 1.139e+03 1 0))
|    ( QUESTION0_16_R 1 2.087e+03 1.787e+02 1.073e+02
|        ( - 1.708e+03 1 0)
|        ( WDBNDRY_B 0 2.010e+02 5.817e+01 1.700e+01
|            ( QUESTION4 -1 4.132e+01 1.902e+01 5.000e+00
|                ( - 7.619e+00 1 0)
|                ( QUESTION0_0_R 1 1.469e+01 1.088e+01 3.000e+00
|                    ( - 3.810e+00 1 0)
|                    ( - 0.000e+00 1 0)))
|            ( WDBNDRY_E 0 1.015e+02 1.444e+01 1.200e+01
|                ( - 0.000e+00 1 0)
|                ( - 8.709e+01 1 0)))))
s>    ( QUESTION16 -1 3.695e+03 4.485e+02 1.791e+02
s>        ( QUESTION0_0_R 1 1.159e+03 2.046e+01 7.180e+01
s>            ( - 0.000e+00 1 0)
s>            ( - 1.139e+03 1 0))
s>        ( QUESTION0_16_R 1 2.087e+03 1.787e+02 1.073e+02
s>            ( - 1.708e+03 1 0)
s>            ( WDBNDRY_B 0 2.010e+02 5.817e+01 1.700e+01
s>                ( QUESTION4 -1 4.132e+01 1.902e+01 5.000e+00
s>                    ( - 7.619e+00 1 0)
s>                    ( QUESTION0_0_R 1 1.469e+01 1.088e+01 3.000e+00
s>                        ( - 3.810e+00 1 0)
s>                        ( - 0.000e+00 1 0)))
s>                ( WDBNDRY_E 0 1.015e+02 1.444e+01 1.200e+01
s>                    ( - 0.000e+00 1 0)
s>                    ( - 8.709e+01 1 0)))))INFO: dtree.c(1315): Comp split 3
INFO: dtree.c(1439): stop. leaf nodes are specific
INFO: dtree.c(1478): Final simple tree
|( QUESTION0_2_R 1 2.686e+03 2.466e+02 1.442e+02
|    ( QUESTION7 -1 1.922e+03 4.343e+01 1.102e+02
|        ( - 1.859e+03 1 0)
|        ( - 1.922e+01 1 0))
|    ( QUESTION0_0_R 1 5.178e+02 9.168e+01 3.400e+01
|        ( QUESTION7 -1 2.272e+02 4.590e+01 1.700e+01
|            ( - 3.686e+01 1 0)
|            ( - 1.445e+02 1 0))
|        ( QUESTION0 1 1.988e+02 2.728e+01 1.700e+01
|            ( - 8.000e+00 1 0)
|            ( - 1.636e+02 1 0))))
s>    ( QUESTION0_2_R 1 2.686e+03 2.466e+02 1.442e+02
s>        ( QUESTION7 -1 1.922e+03 4.343e+01 1.102e+02
s>            ( - 1.859e+03 1 0)
s>            ( - 1.922e+01 1 0))
s>        ( QUESTION0_0_R 1 5.178e+02 9.168e+01 3.400e+01
s>            ( QUESTION7 -1 2.272e+02 4.590e+01 1.700e+01
s>                ( - 3.686e+01 1 0)
s>                ( - 1.445e+02 1 0))
s>            ( QUESTION0 1 1.988e+02 2.728e+01 1.700e+01
s>                ( - 8.000e+00 1 0)
s>                ( - 1.636e+02 1 0))))INFO: dtree.c(1439): stop. leaf nodes are specific
INFO: dtree.c(1478): Final simple tree
|( QUESTION2_5_L -1 6.843e+03 2.169e+02 3.762e+02
|    ( - 6.114e+03 1 0)
|    ( QUESTION0_0_R 1 5.117e+02 1.989e+01 3.400e+01
|        ( - 4.919e+02 1 0)
|        ( - 0.000e+00 1 0)))
s>    ( QUESTION2_5_L -1 6.843e+03 2.169e+02 3.762e+02
s>        ( - 6.114e+03 1 0)
s>        ( QUESTION0_0_R 1 5.117e+02 1.989e+01 3.400e+01
s>            ( - 4.919e+02 1 0)
s>            ( - 0.000e+00 1 0)))INFO: dtree.c(1315): Comp split 4
INFO: dtree.c(1478): Final simple tree
|( QUESTION0 -1 5.480e+03 2.654e+02 2.712e+02
|    ( QUESTION0_8_R 1 2.875e+03 2.273e+02 1.484e+02
|        ( QUESTION0 1 1.486e+03 1.241e+02 8.190e+01
|            ( - 1.106e+03 5 0)
|            ( - 2.563e+02 2 0))
|        ( QUESTION6 1 1.162e+03 1.465e+02 6.645e+01
|            ( - 4.650e+02 4 0 QUESTION0_18_R 1 8.914e+01 3.297e+01)
|            ( - 5.502e+02 5 0 QUESTION0_7_R 1 6.452e+01 3.348e+01)))
|    ( QUESTION2_9_L -1 2.340e+03 1.841e+02 1.228e+02
|        ( QUESTION0_8_R 1 1.161e+03 1.409e+02 6.546e+01
|            ( - 3.912e+02 4 0 QUESTION2 1 5.061e+01 2.698e+01)
|            ( - 6.287e+02 4 0 QUESTION0_14_R 1 9.492e+01 3.848e+01))
|        ( QUESTION0_14_R 1 9.949e+02 1.274e+02 5.735e+01
|            ( - 5.619e+02 2 0 QUESTION6 1 7.140e+01 3.600e+01)
|            ( - 3.057e+02 5 0 QUESTION0_10_R 1 6.907e+01 2.135e+01))))
s>    ( QUESTION0 -1 5.480e+03 2.654e+02 2.712e+02
s>        ( QUESTION0_8_R 1 2.875e+03 2.273e+02 1.484e+02
s>            ( QUESTION0 1 1.486e+03 1.241e+02 8.190e+01
s>                ( - 1.106e+03 5 0)
s>                ( - 2.563e+02 2 0))
s>            ( QUESTION6 1 1.162e+03 1.465e+02 6.645e+01
s>                ( - 4.650e+02 4 0 QUESTION0_18_R 1 8.914e+01 3.297e+01)
s>                ( - 5.502e+02 5 0 QUESTION0_7_R 1 6.452e+01 3.348e+01)))
s>        ( QUESTION2_9_L -1 2.340e+03 1.841e+02 1.228e+02
s>            ( QUESTION0_8_R 1 1.161e+03 1.409e+02 6.546e+01
s>                ( - 3.912e+02 4 0 QUESTION2 1 5.061e+01 2.698e+01)
s>                ( - 6.287e+02 4 0 QUESTION0_14_R 1 9.492e+01 3.848e+01))
s>            ( QUESTION0_14_R 1 9.949e+02 1.274e+02 5.735e+01
s>                ( - 5.619e+02 2 0 QUESTION6 1 7.140e+01 3.600e+01)
s>                ( - 3.057e+02 5 0 QUESTION0_10_R 1 6.907e+01 2.135e+01))))INFO: dtree.c(1478): Final simple tree
|( QUESTION2_2_L -1 1.605e+04 3.639e+02 7.944e+02
|    ( QUESTION5 1 1.179e+04 2.722e+02 5.862e+02
|        ( QUESTION0_14_R 1 5.522e+03 2.134e+02 2.831e+02
|            ( QUESTION0 -1 3.204e+03 2.018e+02 1.662e+02
|                ( - 2.099e+03 3 0 QUESTION6 1 1.038e+02 1.102e+02)
|                ( - 9.033e+02 2 0 QUESTION4 -1 9.695e+01 5.599e+01))
|            ( - 2.104e+03 10 0 QUESTION0_10_R 1 1.638e+02 1.169e+02))
|        ( SILENCE 1 6.000e+03 2.518e+02 3.031e+02
|            ( - 9.819e+02 2 0 QUESTION0 -1 1.263e+02 6.000e+01)
|            ( QUESTION0 1 4.767e+03 2.006e+02 2.431e+02
|                ( - 3.652e+03 12 0 QUESTION5 -1 1.659e+02 1.896e+02)
|                ( - 9.137e+02 2 0 QUESTION0 -1 5.278e+01 5.345e+01))))
|    ( SILENCE -1 3.887e+03 2.396e+02 2.082e+02
|        ( - 1.566e+03 7 0 QUESTION0_9_R 1 1.343e+02 9.621e+01)
|        ( - 2.082e+03 11 0 QUESTION0_13_R 1 1.869e+02 1.120e+02)))
s>    ( QUESTION2_2_L -1 1.605e+04 3.639e+02 7.944e+02
s>        ( QUESTION5 1 1.179e+04 2.722e+02 5.862e+02
s>            ( QUESTION0_14_R 1 5.522e+03 2.134e+02 2.831e+02
s>                ( QUESTION0 -1 3.204e+03 2.018e+02 1.662e+02
s>                    ( - 2.099e+03 3 0 QUESTION6 1 1.038e+02 1.102e+02)
s>                    ( - 9.033e+02 2 0 QUESTION4 -1 9.695e+01 5.599e+01))
s>                ( - 2.104e+03 10 0 QUESTION0_10_R 1 1.638e+02 1.169e+02))
s>            ( SILENCE 1 6.000e+03 2.518e+02 3.031e+02
s>                ( - 9.819e+02 2 0 QUESTION0 -1 1.263e+02 6.000e+01)
s>                ( QUESTION0 1 4.767e+03 2.006e+02 2.431e+02
s>                    ( - 3.652e+03 12 0 QUESTION5 -1 1.659e+02 1.896e+02)
s>                    ( - 9.137e+02 2 0 QUESTION0 -1 5.278e+01 5.345e+01))))
s>        ( SILENCE -1 3.887e+03 2.396e+02 2.082e+02
s>            ( - 1.566e+03 7 0 QUESTION0_9_R 1 1.343e+02 9.621e+01)
s>            ( - 2.082e+03 11 0 QUESTION0_13_R 1 1.869e+02 1.120e+02)))INFO: dtree.c(1315): Comp split 5
INFO: dtree.c(1439): stop. leaf nodes are specific
INFO: dtree.c(1478): Final simple tree
|( QUESTION0_15_R 1 1.179e+03 3.214e+01 7.280e+01
|    ( - 1.139e+03 1 0)
|    ( WDBNDRY_B 0 8.000e+00 8.000e+00 2.000e+00
|        ( - 0.000e+00 1 0)
|        ( - 0.000e+00 1 0)))
s>    ( QUESTION0_15_R 1 1.179e+03 3.214e+01 7.280e+01
s>        ( - 1.139e+03 1 0)
s>        ( WDBNDRY_B 0 8.000e+00 8.000e+00 2.000e+00
s>            ( - 0.000e+00 1 0)
s>            ( - 0.000e+00 1 0)))INFO: dtree.c(1439): stop. leaf nodes are specific
INFO: dtree.c(1478): Final simple tree
|( QUESTION0_16_R 1 2.060e+03 1.727e+02 1.063e+02
|    ( - 1.708e+03 1 0)
|    ( WDBNDRY_I 0 1.793e+02 5.085e+01 1.600e+01
|        ( - 8.709e+01 1 0)
|        ( QUESTION4 -1 4.132e+01 1.902e+01 5.000e+00
|            ( - 7.619e+00 1 0)
|            ( WDBNDRY_B 0 1.469e+01 1.088e+01 3.000e+00
|                ( - 3.810e+00 1 0)
|                ( - 0.000e+00 1 0)))))
s>    ( QUESTION0_16_R 1 2.060e+03 1.727e+02 1.063e+02
s>        ( - 1.708e+03 1 0)
s>        ( WDBNDRY_I 0 1.793e+02 5.085e+01 1.600e+01
s>            ( - 8.709e+01 1 0)
s>            ( QUESTION4 -1 4.132e+01 1.902e+01 5.000e+00
s>                ( - 7.619e+00 1 0)
s>                ( WDBNDRY_B 0 1.469e+01 1.088e+01 3.000e+00
s>                    ( - 3.810e+00 1 0)
s>                    ( - 0.000e+00 1 0)))))INFO: dtree.c(1315): Comp split 6
INFO: dtree.c(1478): Final simple tree
|( QUESTION2_2_L -1 1.070e+04 2.840e+02 5.253e+02
|    ( QUESTION0_8_R 1 8.336e+03 2.620e+02 4.133e+02
|        ( QUESTION0 1 4.331e+03 1.993e+02 2.211e+02
|            ( QUESTION0 -1 3.218e+03 1.620e+02 1.676e+02
|                ( - 2.383e+03 5 0 QUESTION1 1 9.868e+01 1.259e+02)
|                ( - 6.727e+02 4 0 QUESTION4 -1 7.108e+01 4.172e+01))
|            ( - 9.137e+02 2 0 QUESTION0 -1 5.278e+01 5.345e+01))
|        ( SILENCE 1 3.743e+03 2.246e+02 1.922e+02
|            ( - 9.819e+02 2 0 QUESTION0 -1 1.263e+02 6.000e+01)
|            ( QUESTION16 1 2.536e+03 1.589e+02 1.322e+02
|                ( - 1.848e+03 2 0)
|                ( - 5.288e+02 4 0 QUESTION0_0_R 1 8.330e+01 3.500e+01))))
|    ( QUESTION0_13_R 1 2.082e+03 1.869e+02 1.120e+02
|        ( - 6.745e+02 5 0 QUESTION2_13_L -1 1.102e+02 4.000e+01)
|        ( - 1.220e+03 6 0 QUESTION0_7_R 1 1.366e+02 7.200e+01)))
s>    ( QUESTION2_2_L -1 1.070e+04 2.840e+02 5.253e+02
s>        ( QUESTION0_8_R 1 8.336e+03 2.620e+02 4.133e+02
s>            ( QUESTION0 1 4.331e+03 1.993e+02 2.211e+02
s>                ( QUESTION0 -1 3.218e+03 1.620e+02 1.676e+02
s>                    ( - 2.383e+03 5 0 QUESTION1 1 9.868e+01 1.259e+02)
s>                    ( - 6.727e+02 4 0 QUESTION4 -1 7.108e+01 4.172e+01))
s>                ( - 9.137e+02 2 0 QUESTION0 -1 5.278e+01 5.345e+01))
s>            ( SILENCE 1 3.743e+03 2.246e+02 1.922e+02
s>                ( - 9.819e+02 2 0 QUESTION0 -1 1.263e+02 6.000e+01)
s>                ( QUESTION16 1 2.536e+03 1.589e+02 1.322e+02
s>                    ( - 1.848e+03 2 0)
s>                    ( - 5.288e+02 4 0 QUESTION0_0_R 1 8.330e+01 3.500e+01))))
s>        ( QUESTION0_13_R 1 2.082e+03 1.869e+02 1.120e+02
s>            ( - 6.745e+02 5 0 QUESTION2_13_L -1 1.102e+02 4.000e+01)
s>            ( - 1.220e+03 6 0 QUESTION0_7_R 1 1.366e+02 7.200e+01)))INFO: dtree.c(1478): Final simple tree
|( SILENCE -1 4.960e+03 2.305e+02 2.691e+02
|    ( QUESTION0_9_R 1 1.566e+03 1.343e+02 9.621e+01
|        ( QUESTION0_10_R 1 1.068e+03 1.003e+02 6.721e+01
|            ( - 2.328e+02 2 0 QUESTION0_11_R 1 4.799e+01 1.900e+01)
|            ( - 7.353e+02 1 0))
|        ( - 3.631e+02 4 0 QUESTION0_0_R 1 4.419e+01 2.900e+01))
|    ( QUESTION0_13_R 1 3.163e+03 1.754e+02 1.729e+02
|        ( QUESTION5 -1 1.433e+03 1.285e+02 8.498e+01
|            ( QUESTION0_14_R 1 8.037e+02 8.148e+01 5.107e+01
|                ( - 6.047e+02 1 0)
|                ( - 1.176e+02 1 0))
|            ( - 5.006e+02 3 0 QUESTION0_14_R 1 7.542e+01 3.391e+01))
|        ( QUESTION7 1 1.555e+03 1.480e+02 8.791e+01
|            ( - 6.233e+02 3 0 QUESTION0_11_R 1 7.977e+01 3.893e+01)
|            ( - 7.841e+02 4 0 QUESTION0 -1 6.550e+01 4.898e+01))))
s>    ( SILENCE -1 4.960e+03 2.305e+02 2.691e+02
s>        ( QUESTION0_9_R 1 1.566e+03 1.343e+02 9.621e+01
s>            ( QUESTION0_10_R 1 1.068e+03 1.003e+02 6.721e+01
s>                ( - 2.328e+02 2 0 QUESTION0_11_R 1 4.799e+01 1.900e+01)
s>                ( - 7.353e+02 1 0))
s>            ( - 3.631e+02 4 0 QUESTION0_0_R 1 4.419e+01 2.900e+01))
s>        ( QUESTION0_13_R 1 3.163e+03 1.754e+02 1.729e+02
s>            ( QUESTION5 -1 1.433e+03 1.285e+02 8.498e+01
s>                ( QUESTION0_14_R 1 8.037e+02 8.148e+01 5.107e+01
s>                    ( - 6.047e+02 1 0)
s>                    ( - 1.176e+02 1 0))
s>                ( - 5.006e+02 3 0 QUESTION0_14_R 1 7.542e+01 3.391e+01))
s>            ( QUESTION7 1 1.555e+03 1.480e+02 8.791e+01
s>                ( - 6.233e+02 3 0 QUESTION0_11_R 1 7.977e+01 3.893e+01)
s>                ( - 7.841e+02 4 0 QUESTION0 -1 6.550e+01 4.898e+01))))INFO: dtree.c(1315): Comp split 7
INFO: dtree.c(1439): stop. leaf nodes are specific
INFO: dtree.c(1478): Final simple tree
|( QUESTION0_8_R 1 5.646e+03 2.354e+02 2.831e+02
|    ( QUESTION1 1 2.383e+03 9.868e+01 1.259e+02
|        ( - 1.513e+02 2 0)
|        ( - 2.133e+03 3 0))
|    ( SILENCE 1 3.027e+03 1.967e+02 1.572e+02
|        ( QUESTION0 -1 9.819e+02 1.263e+02 6.000e+01
|            ( - 5.973e+02 1 0)
|            ( - 2.583e+02 1 0))
|        ( - 1.848e+03 2 0)))
s>    ( QUESTION0_8_R 1 5.646e+03 2.354e+02 2.831e+02
s>        ( QUESTION1 1 2.383e+03 9.868e+01 1.259e+02
s>            ( - 1.513e+02 2 0)
s>            ( - 2.133e+03 3 0))
s>        ( SILENCE 1 3.027e+03 1.967e+02 1.572e+02
s>            ( QUESTION0 -1 9.819e+02 1.263e+02 6.000e+01
s>                ( - 5.973e+02 1 0)
s>                ( - 2.583e+02 1 0))
s>            ( - 1.848e+03 2 0)))INFO: dtree.c(1478): Final simple tree
|( QUESTION0_8_R 1 4.739e+03 2.312e+02 2.422e+02
|    ( QUESTION0 -1 1.976e+03 1.639e+02 1.072e+02
|        ( - 8.454e+02 1 0)
|        ( QUESTION4 -1 9.671e+02 1.138e+02 5.677e+01
|            ( - 2.586e+02 3 0 QUESTION2_1_L -1 5.528e+01 2.000e+01)
|            ( - 5.948e+02 4 0 QUESTION2 1 6.746e+01 3.677e+01)))
|    ( QUESTION2 -1 2.531e+03 1.881e+02 1.350e+02
|        ( QUESTION3 1 1.278e+03 1.317e+02 7.400e+01
|            ( - 5.513e+02 3 0 QUESTION2_12_L -1 8.350e+01 3.400e+01)
|            ( - 5.953e+02 2 0 SILENCE 1 7.306e+01 4.000e+01))
|        ( QUESTION4 -1 1.065e+03 1.511e+02 6.100e+01
|            ( - 2.453e+02 2 0 QUESTION0_10_R 1 6.481e+01 1.900e+01)
|            ( QUESTION6 1 6.684e+02 9.404e+01 4.200e+01
|                ( - 2.167e+02 2 0 QUESTION0_14_R 1 4.777e+01 1.700e+01)
|                ( - 3.577e+02 4 0 QUESTION0 -1 7.004e+01 2.500e+01)))))
s>    ( QUESTION0_8_R 1 4.739e+03 2.312e+02 2.422e+02
s>        ( QUESTION0 -1 1.976e+03 1.639e+02 1.072e+02
s>            ( - 8.454e+02 1 0)
s>            ( QUESTION4 -1 9.671e+02 1.138e+02 5.677e+01
s>                ( - 2.586e+02 3 0 QUESTION2_1_L -1 5.528e+01 2.000e+01)
s>                ( - 5.948e+02 4 0 QUESTION2 1 6.746e+01 3.677e+01)))
s>        ( QUESTION2 -1 2.531e+03 1.881e+02 1.350e+02
s>            ( QUESTION3 1 1.278e+03 1.317e+02 7.400e+01
s>                ( - 5.513e+02 3 0 QUESTION2_12_L -1 8.350e+01 3.400e+01)
s>                ( - 5.953e+02 2 0 SILENCE 1 7.306e+01 4.000e+01))
s>            ( QUESTION4 -1 1.065e+03 1.511e+02 6.100e+01
s>                ( - 2.453e+02 2 0 QUESTION0_10_R 1 6.481e+01 1.900e+01)
s>                ( QUESTION6 1 6.684e+02 9.404e+01 4.200e+01
s>                    ( - 2.167e+02 2 0 QUESTION0_14_R 1 4.777e+01 1.700e+01)
s>                    ( - 3.577e+02 4 0 QUESTION0 -1 7.004e+01 2.500e+01)))))INFO: dtree.c(1315): Comp split 8
INFO: dtree.c(1439): stop. leaf nodes are specific
INFO: dtree.c(1478): Final simple tree
|( QUESTION0 1 2.220e+03 1.853e+02 1.179e+02
|    ( - 1.106e+03 5 0)
|    ( QUESTION16 1 9.295e+02 1.149e+02 5.495e+01
|        ( - 4.383e+02 1 0)
|        ( QUESTION0_8_R 1 3.763e+02 6.790e+01 2.595e+01
|            ( - 2.563e+02 2 0)
|            ( - 5.215e+01 1 0))))
s>    ( QUESTION0 1 2.220e+03 1.853e+02 1.179e+02
s>        ( - 1.106e+03 5 0)
s>        ( QUESTION16 1 9.295e+02 1.149e+02 5.495e+01
s>            ( - 4.383e+02 1 0)
s>            ( QUESTION0_8_R 1 3.763e+02 6.790e+01 2.595e+01
s>                ( - 2.563e+02 2 0)
s>                ( - 5.215e+01 1 0))))INFO: dtree.c(1478): Final simple tree
|( QUESTION0_14_R 1 2.959e+03 2.093e+02 1.533e+02
|    ( QUESTION0 -1 9.612e+02 1.442e+02 5.447e+01
|        ( - 4.293e+02 3 0)
|        ( - 3.876e+02 2 0 QUESTION6 1 3.253e+01 2.699e+01))
|    ( QUESTION7 1 1.789e+03 1.642e+02 9.879e+01
|        ( QUESTION0_10_R 1 7.594e+02 9.852e+01 4.903e+01
|            ( - 1.786e+02 3 0 QUESTION0 -1 4.545e+01 1.549e+01)
|            ( QUESTION0_18_R 1 4.823e+02 7.190e+01 3.354e+01
|                ( - 3.408e+02 2 0 QUESTION0 -1 5.522e+01 2.454e+01)
|                ( - 6.963e+01 1 0)))
|        ( QUESTION2 1 8.653e+02 1.406e+02 4.976e+01
|            ( - 3.491e+02 2 0 QUESTION0_0_R 1 2.441e+01 2.498e+01)
|            ( QUESTION5 1 3.756e+02 8.412e+01 2.478e+01
|                ( - 1.582e+02 3 0 QUESTION0_10_R 1 4.774e+01 1.352e+01)
|                ( - 1.332e+02 6 0 QUESTION0 -1 4.217e+01 1.126e+01)))))
s>    ( QUESTION0_14_R 1 2.959e+03 2.093e+02 1.533e+02
s>        ( QUESTION0 -1 9.612e+02 1.442e+02 5.447e+01
s>            ( - 4.293e+02 3 0)
s>            ( - 3.876e+02 2 0 QUESTION6 1 3.253e+01 2.699e+01))
s>        ( QUESTION7 1 1.789e+03 1.642e+02 9.879e+01
s>            ( QUESTION0_10_R 1 7.594e+02 9.852e+01 4.903e+01
s>                ( - 1.786e+02 3 0 QUESTION0 -1 4.545e+01 1.549e+01)
s>                ( QUESTION0_18_R 1 4.823e+02 7.190e+01 3.354e+01
s>                    ( - 3.408e+02 2 0 QUESTION0 -1 5.522e+01 2.454e+01)
s>                    ( - 6.963e+01 1 0)))
s>            ( QUESTION2 1 8.653e+02 1.406e+02 4.976e+01
s>                ( - 3.491e+02 2 0 QUESTION0_0_R 1 2.441e+01 2.498e+01)
s>                ( QUESTION5 1 3.756e+02 8.412e+01 2.478e+01
s>                    ( - 1.582e+02 3 0 QUESTION0_10_R 1 4.774e+01 1.352e+01)
s>                    ( - 1.332e+02 6 0 QUESTION0 -1 4.217e+01 1.126e+01)))))INFO: dtree.c(1315): Comp split 9
INFO: dtree.c(1478): Final simple tree
|( QUESTION0_13_R 1 2.691e+03 1.496e+02 1.562e+02
|    ( SILENCE -1 9.231e+02 7.022e+01 5.919e+01
|        ( - 7.353e+02 1 0)
|        ( - 1.176e+02 1 0))
|    ( QUESTION0 -1 1.618e+03 1.322e+02 9.698e+01
|        ( - 6.697e+02 2 0 QUESTION0_0_R 1 2.476e+01 4.298e+01)
|        ( QUESTION0_9_R 1 8.163e+02 1.139e+02 5.400e+01
|            ( QUESTION0_11_R 1 2.647e+02 5.160e+01 2.100e+01
|                ( - 1.566e+02 2 0 SILENCE -1 2.399e+01 1.400e+01)
|                ( - 5.645e+01 1 0))
|            ( QUESTION0_0_R 1 4.377e+02 6.144e+01 3.300e+01
|                ( SILENCE -1 1.017e+02 3.220e+01 1.000e+01
|                    ( - 4.437e+01 1 0)
|                    ( - 2.515e+01 1 0))
|                ( - 2.745e+02 3 0)))))
s>    ( QUESTION0_13_R 1 2.691e+03 1.496e+02 1.562e+02
s>        ( SILENCE -1 9.231e+02 7.022e+01 5.919e+01
s>            ( - 7.353e+02 1 0)
s>            ( - 1.176e+02 1 0))
s>        ( QUESTION0 -1 1.618e+03 1.322e+02 9.698e+01
s>            ( - 6.697e+02 2 0 QUESTION0_0_R 1 2.476e+01 4.298e+01)
s>            ( QUESTION0_9_R 1 8.163e+02 1.139e+02 5.400e+01
s>                ( QUESTION0_11_R 1 2.647e+02 5.160e+01 2.100e+01
s>                    ( - 1.566e+02 2 0 SILENCE -1 2.399e+01 1.400e+01)
s>                    ( - 5.645e+01 1 0))
s>                ( QUESTION0_0_R 1 4.377e+02 6.144e+01 3.300e+01
s>                    ( SILENCE -1 1.017e+02 3.220e+01 1.000e+01
s>                        ( - 4.437e+01 1 0)
s>                        ( - 2.515e+01 1 0))
s>                    ( - 2.745e+02 3 0)))))INFO: dtree.c(1439): stop. leaf nodes are specific
INFO: dtree.c(1478): Final simple tree
|( QUESTION5 -1 2.001e+03 1.451e+02 1.129e+02
|    ( - 6.047e+02 1 0)
|    ( QUESTION0_10_R 1 1.251e+03 1.271e+02 7.284e+01
|        ( QUESTION0_11_R 1 6.233e+02 7.977e+01 3.893e+01
|            ( - 9.609e+01 1 0)
|            ( QUESTION0 -1 4.474e+02 5.008e+01 2.993e+01
|                ( - 3.762e+02 1 0)
|                ( - 2.111e+01 1 0)))
|        ( QUESTION0_14_R 1 5.006e+02 7.542e+01 3.391e+01
|            ( - 2.017e+02 1 0)
|            ( QUESTION0_18_R 1 2.235e+02 3.224e+01 1.800e+01
|                ( - 1.795e+02 1 0)
|                ( - 1.173e+01 1 0)))))
s>    ( QUESTION5 -1 2.001e+03 1.451e+02 1.129e+02
s>        ( - 6.047e+02 1 0)
s>        ( QUESTION0_10_R 1 1.251e+03 1.271e+02 7.284e+01
s>            ( QUESTION0_11_R 1 6.233e+02 7.977e+01 3.893e+01
s>                ( - 9.609e+01 1 0)
s>                ( QUESTION0 -1 4.474e+02 5.008e+01 2.993e+01
s>                    ( - 3.762e+02 1 0)
s>                    ( - 2.111e+01 1 0)))
s>            ( QUESTION0_14_R 1 5.006e+02 7.542e+01 3.391e+01
s>                ( - 2.017e+02 1 0)
s>                ( QUESTION0_18_R 1 2.235e+02 3.224e+01 1.800e+01
s>                    ( - 1.795e+02 1 0)
s>                    ( - 1.173e+01 1 0)))))INFO: dtree.c(1315): Comp split 10
INFO: dtree.c(1478): Final simple tree
|( QUESTION0_14_R 1 1.285e+03 1.486e+02 7.450e+01
|    ( QUESTION6 1 3.876e+02 3.253e+01 2.699e+01
|        ( - 6.381e+00 1 0)
|        ( - 3.487e+02 1 0))
|    ( QUESTION2_9_L -1 7.487e+02 1.150e+02 4.750e+01
|        ( QUESTION0_8_R 1 3.761e+02 4.150e+01 2.698e+01
|            ( - 3.236e+02 1 0)
|            ( - 1.096e+01 1 0))
|        ( QUESTION0_13_R 1 2.576e+02 5.777e+01 2.052e+01
|            ( - 6.963e+01 1 0)
|            ( QUESTION0_0_R 1 1.302e+02 3.729e+01 1.152e+01
|                ( QUESTION0_3_R 1 3.224e+01 1.406e+01 4.000e+00
|                    ( - 1.107e+00 1 0)
|                    ( - 1.707e+01 1 0))
|                ( - 6.066e+01 1 0)))))
s>    ( QUESTION0_14_R 1 1.285e+03 1.486e+02 7.450e+01
s>        ( QUESTION6 1 3.876e+02 3.253e+01 2.699e+01
s>            ( - 6.381e+00 1 0)
s>            ( - 3.487e+02 1 0))
s>        ( QUESTION2_9_L -1 7.487e+02 1.150e+02 4.750e+01
s>            ( QUESTION0_8_R 1 3.761e+02 4.150e+01 2.698e+01
s>                ( - 3.236e+02 1 0)
s>                ( - 1.096e+01 1 0))
s>            ( QUESTION0_13_R 1 2.576e+02 5.777e+01 2.052e+01
s>                ( - 6.963e+01 1 0)
s>                ( QUESTION0_0_R 1 1.302e+02 3.729e+01 1.152e+01
s>                    ( QUESTION0_3_R 1 3.224e+01 1.406e+01 4.000e+00
s>                        ( - 1.107e+00 1 0)
s>                        ( - 1.707e+01 1 0))
s>                    ( - 6.066e+01 1 0)))))INFO: dtree.c(1478): Final simple tree
|( QUESTION6 1 1.421e+03 1.567e+02 7.876e+01
|    ( QUESTION0_10_R 1 6.033e+02 8.397e+01 4.003e+01
|        ( QUESTION0 -1 1.786e+02 4.545e+01 1.549e+01
|            ( QUESTION0_11_R 1 3.682e+01 2.315e+01 7.000e+00
|                ( - 3.371e+00 1 0)
|                ( - 1.030e+01 1 0))
|            ( - 9.632e+01 1 0))
|        ( QUESTION0 -1 3.408e+02 5.522e+01 2.454e+01
|            ( - 2.072e+02 1 0)
|            ( - 7.834e+01 1 0)))
|    ( QUESTION0_9_R 1 6.607e+02 9.807e+01 3.874e+01
|        ( - 4.293e+02 3 0)
|        ( QUESTION0 -1 1.332e+02 4.217e+01 1.126e+01
|            ( - 3.965e+01 1 0)
|            ( - 5.142e+01 5 0 QUESTION2_9_L -1 2.172e+01 6.260e+00))))
s>    ( QUESTION6 1 1.421e+03 1.567e+02 7.876e+01
s>        ( QUESTION0_10_R 1 6.033e+02 8.397e+01 4.003e+01
s>            ( QUESTION0 -1 1.786e+02 4.545e+01 1.549e+01
s>                ( QUESTION0_11_R 1 3.682e+01 2.315e+01 7.000e+00
s>                    ( - 3.371e+00 1 0)
s>                    ( - 1.030e+01 1 0))
s>                ( - 9.632e+01 1 0))
s>            ( QUESTION0 -1 3.408e+02 5.522e+01 2.454e+01
s>                ( - 2.072e+02 1 0)
s>                ( - 7.834e+01 1 0)))
s>        ( QUESTION0_9_R 1 6.607e+02 9.807e+01 3.874e+01
s>            ( - 4.293e+02 3 0)
s>            ( QUESTION0 -1 1.332e+02 4.217e+01 1.126e+01
s>                ( - 3.965e+01 1 0)
s>                ( - 5.142e+01 5 0 QUESTION2_9_L -1 2.172e+01 6.260e+00))))INFO: dtree.c(1315): Comp split 11
INFO: dtree.c(1439): stop. leaf nodes are specific
INFO: dtree.c(1478): Final simple tree
|( QUESTION0 1 1.697e+03 1.684e+02 9.577e+01
|    ( QUESTION0_0_R 1 7.075e+02 6.854e+01 4.472e+01
|        ( - 1.076e+02 1 0)
|        ( QUESTION1 1 5.313e+02 4.749e+01 3.372e+01
|            ( - 2.478e+01 1 0)
|            ( - 4.590e+02 2 0)))
|    ( SILENCE 1 8.212e+02 1.022e+02 5.105e+01
|        ( - 4.146e+02 1 0)
|        ( QUESTION0_10_R 1 3.044e+02 7.399e+01 2.205e+01
|            ( - 1.242e+02 1 0)
|            ( QUESTION0_8_R 1 1.062e+02 3.441e+01 1.005e+01
|                ( - 1.555e+01 1 0)
|                ( - 5.628e+01 1 0)))))
s>    ( QUESTION0 1 1.697e+03 1.684e+02 9.577e+01
s>        ( QUESTION0_0_R 1 7.075e+02 6.854e+01 4.472e+01
s>            ( - 1.076e+02 1 0)
s>            ( QUESTION1 1 5.313e+02 4.749e+01 3.372e+01
s>                ( - 2.478e+01 1 0)
s>                ( - 4.590e+02 2 0)))
s>        ( SILENCE 1 8.212e+02 1.022e+02 5.105e+01
s>            ( - 4.146e+02 1 0)
s>            ( QUESTION0_10_R 1 3.044e+02 7.399e+01 2.205e+01
s>                ( - 1.242e+02 1 0)
s>                ( QUESTION0_8_R 1 1.062e+02 3.441e+01 1.005e+01
s>                    ( - 1.555e+01 1 0)
s>                    ( - 5.628e+01 1 0)))))INFO: dtree.c(1478): Final simple tree
|( QUESTION0_8_R 1 2.788e+03 2.028e+02 1.464e+02
|    ( QUESTION0 -1 1.236e+03 1.324e+02 7.040e+01
|        ( - 8.454e+02 1 0)
|        ( QUESTION2_1_L -1 2.586e+02 5.528e+01 2.000e+01
|            ( - 1.329e+02 2 0)
|            ( - 7.038e+01 1 0)))
|    ( QUESTION16 1 1.349e+03 1.372e+02 7.600e+01
|        ( QUESTION2_13_L -1 4.645e+02 9.195e+01 2.900e+01
|            ( - 2.050e+02 1 0)
|            ( - 1.676e+02 2 0 QUESTION0_14_R 1 3.961e+01 1.300e+01))
|        ( QUESTION0_1_R 1 7.471e+02 9.895e+01 4.700e+01
|            ( - 2.722e+02 3 0 QUESTION0 1 4.728e+01 2.100e+01)
|            ( QUESTION0_14_R 1 3.760e+02 7.357e+01 2.600e+01
|                ( - 1.474e+02 1 0)
|                ( - 1.550e+02 2 0 QUESTION0_0_R 1 3.581e+01 1.300e+01)))))
s>    ( QUESTION0_8_R 1 2.788e+03 2.028e+02 1.464e+02
s>        ( QUESTION0 -1 1.236e+03 1.324e+02 7.040e+01
s>            ( - 8.454e+02 1 0)
s>            ( QUESTION2_1_L -1 2.586e+02 5.528e+01 2.000e+01
s>                ( - 1.329e+02 2 0)
s>                ( - 7.038e+01 1 0)))
s>        ( QUESTION16 1 1.349e+03 1.372e+02 7.600e+01
s>            ( QUESTION2_13_L -1 4.645e+02 9.195e+01 2.900e+01
s>                ( - 2.050e+02 1 0)
s>                ( - 1.676e+02 2 0 QUESTION0_14_R 1 3.961e+01 1.300e+01))
s>            ( QUESTION0_1_R 1 7.471e+02 9.895e+01 4.700e+01
s>                ( - 2.722e+02 3 0 QUESTION0 1 4.728e+01 2.100e+01)
s>                ( QUESTION0_14_R 1 3.760e+02 7.357e+01 2.600e+01
s>                    ( - 1.474e+02 1 0)
s>                    ( - 1.550e+02 2 0 QUESTION0_0_R 1 3.581e+01 1.300e+01)))))INFO: dtree.c(1315): Comp split 12
INFO: dtree.c(1439): stop. leaf nodes are specific
INFO: dtree.c(1478): Final simple tree
|( QUESTION0_0_R 1 5.178e+02 9.168e+01 3.400e+01
|    ( QUESTION7 -1 2.272e+02 4.590e+01 1.700e+01
|        ( - 3.686e+01 1 0)
|        ( - 1.445e+02 1 0))
|    ( QUESTION0 1 1.988e+02 2.728e+01 1.700e+01
|        ( - 8.000e+00 1 0)
|        ( - 1.636e+02 1 0)))
s>    ( QUESTION0_0_R 1 5.178e+02 9.168e+01 3.400e+01
s>        ( QUESTION7 -1 2.272e+02 4.590e+01 1.700e+01
s>            ( - 3.686e+01 1 0)
s>            ( - 1.445e+02 1 0))
s>        ( QUESTION0 1 1.988e+02 2.728e+01 1.700e+01
s>            ( - 8.000e+00 1 0)
s>            ( - 1.636e+02 1 0)))INFO: dtree.c(1439): stop. leaf nodes are specific
INFO: dtree.c(1478): Final simple tree
|( QUESTION7 -1 1.922e+03 4.343e+01 1.102e+02
|    ( - 1.859e+03 1 0)
|    ( - 1.922e+01 1 0))
s>    ( QUESTION7 -1 1.922e+03 4.343e+01 1.102e+02
s>        ( - 1.859e+03 1 0)
s>        ( - 1.922e+01 1 0))INFO: dtree.c(1315): Comp split 13
INFO: dtree.c(1439): stop. leaf nodes are specific
INFO: dtree.c(1478): Final simple tree
|( SILENCE 1 3.027e+03 1.967e+02 1.572e+02
|    ( QUESTION0 -1 9.819e+02 1.263e+02 6.000e+01
|        ( - 5.973e+02 1 0)
|        ( - 2.583e+02 1 0))
|    ( - 1.848e+03 2 0))
s>    ( SILENCE 1 3.027e+03 1.967e+02 1.572e+02
s>        ( QUESTION0 -1 9.819e+02 1.263e+02 6.000e+01
s>            ( - 5.973e+02 1 0)
s>            ( - 2.583e+02 1 0))
s>        ( - 1.848e+03 2 0))INFO: dtree.c(1439): stop. leaf nodes are specific
INFO: dtree.c(1478): Final simple tree
|( QUESTION1 1 2.383e+03 9.868e+01 1.259e+02
|    ( - 1.513e+02 2 0)
|    ( - 2.133e+03 3 0))
s>    ( QUESTION1 1 2.383e+03 9.868e+01 1.259e+02
s>        ( - 1.513e+02 2 0)
s>        ( - 2.133e+03 3 0))INFO: dtree.c(1315): Comp split 14
INFO: dtree.c(1439): stop. leaf nodes are specific
INFO: dtree.c(1478): Final simple tree
|( QUESTION0_8_R 1 1.411e+03 1.265e+02 7.940e+01
|    ( - 8.454e+02 1 0)
|    ( QUESTION1 -1 4.392e+02 8.686e+01 2.900e+01
|        ( - 1.474e+02 1 0)
|        ( - 2.050e+02 1 0)))
s>    ( QUESTION0_8_R 1 1.411e+03 1.265e+02 7.940e+01
s>        ( - 8.454e+02 1 0)
s>        ( QUESTION1 -1 4.392e+02 8.686e+01 2.900e+01
s>            ( - 1.474e+02 1 0)
s>            ( - 2.050e+02 1 0)))INFO: dtree.c(1478): Final simple tree
|( QUESTION2_1_L -1 1.151e+03 1.423e+02 6.700e+01
|    ( QUESTION0_8_R 1 2.593e+02 6.307e+01 1.900e+01
|        ( - 1.329e+02 2 0)
|        ( - 6.332e+01 2 0 QUESTION0_16_R 1 2.720e+01 7.000e+00))
|    ( QUESTION0_1_R 1 7.493e+02 8.974e+01 4.800e+01
|        ( QUESTION0 1 2.722e+02 4.728e+01 2.100e+01
|            ( QUESTION0 -1 1.433e+02 3.675e+01 1.300e+01
|                ( - 6.726e+01 1 0)
|                ( - 3.932e+01 1 0))
|            ( - 8.159e+01 1 0))
|        ( QUESTION0_0_R 1 3.874e+02 6.084e+01 2.700e+01
|            ( - 9.765e+01 1 0)
|            ( QUESTION0_8_R 1 2.289e+02 4.517e+01 1.800e+01
|                ( - 7.038e+01 1 0)
|                ( - 1.134e+02 1 0)))))
s>    ( QUESTION2_1_L -1 1.151e+03 1.423e+02 6.700e+01
s>        ( QUESTION0_8_R 1 2.593e+02 6.307e+01 1.900e+01
s>            ( - 1.329e+02 2 0)
s>            ( - 6.332e+01 2 0 QUESTION0_16_R 1 2.720e+01 7.000e+00))
s>        ( QUESTION0_1_R 1 7.493e+02 8.974e+01 4.800e+01
s>            ( QUESTION0 1 2.722e+02 4.728e+01 2.100e+01
s>                ( QUESTION0 -1 1.433e+02 3.675e+01 1.300e+01
s>                    ( - 6.726e+01 1 0)
s>                    ( - 3.932e+01 1 0))
s>                ( - 8.159e+01 1 0))
s>            ( QUESTION0_0_R 1 3.874e+02 6.084e+01 2.700e+01
s>                ( - 9.765e+01 1 0)
s>                ( QUESTION0_8_R 1 2.289e+02 4.517e+01 1.800e+01
s>                    ( - 7.038e+01 1 0)
s>                    ( - 1.134e+02 1 0)))))INFO: dtree.c(1315): Comp split 15
INFO: dtree.c(1439): stop. leaf nodes are specific
INFO: dtree.c(1478): Final simple tree
|( QUESTION0_0_R 1 5.117e+02 1.989e+01 3.400e+01
|    ( - 4.919e+02 1 0)
|    ( - 0.000e+00 1 0))
s>    ( QUESTION0_0_R 1 5.117e+02 1.989e+01 3.400e+01
s>        ( - 4.919e+02 1 0)
s>        ( - 0.000e+00 1 0))INFO: dtree.c(1315): Comp split 16
INFO: dtree.c(1439): stop. leaf nodes are specific
INFO: dtree.c(1478): Final simple tree
|( SILENCE 1 2.230e+03 1.235e+02 1.162e+02
|    ( - 2.583e+02 1 0)
|    ( - 1.848e+03 2 0))
s>    ( SILENCE 1 2.230e+03 1.235e+02 1.162e+02
s>        ( - 2.583e+02 1 0)
s>        ( - 1.848e+03 2 0))INFO: dtree.c(1315): Comp split 17
INFO: dtree.c(1439): stop. leaf nodes are specific
INFO: dtree.c(1478): Final simple tree
|( QUESTION16 1 9.295e+02 1.149e+02 5.495e+01
|    ( - 4.383e+02 1 0)
|    ( QUESTION0_8_R 1 3.763e+02 6.790e+01 2.595e+01
|        ( - 2.563e+02 2 0)
|        ( - 5.215e+01 1 0)))
s>    ( QUESTION16 1 9.295e+02 1.149e+02 5.495e+01
s>        ( - 4.383e+02 1 0)
s>        ( QUESTION0_8_R 1 3.763e+02 6.790e+01 2.595e+01
s>            ( - 2.563e+02 2 0)
s>            ( - 5.215e+01 1 0)))INFO: dtree.c(1315): Comp split 18
INFO: dtree.c(1439): stop. leaf nodes are specific
INFO: dtree.c(1478): Final simple tree
|( QUESTION0_10_R 1 1.137e+03 1.143e+02 6.902e+01
|    ( - 3.762e+02 1 0)
|    ( QUESTION0_14_R 1 6.468e+02 3.046e+01 4.209e+01
|        ( - 6.047e+02 1 0)
|        ( - 1.173e+01 1 0)))
s>    ( QUESTION0_10_R 1 1.137e+03 1.143e+02 6.902e+01
s>        ( - 3.762e+02 1 0)
s>        ( QUESTION0_14_R 1 6.468e+02 3.046e+01 4.209e+01
s>            ( - 6.047e+02 1 0)
s>            ( - 1.173e+01 1 0)))INFO: dtree.c(1439): stop. leaf nodes are specific
INFO: dtree.c(1478): Final simple tree
|( QUESTION0_15_R 1 6.816e+02 8.726e+01 4.391e+01
|    ( - 1.795e+02 1 0)
|    ( QUESTION0_10_R 1 4.148e+02 5.864e+01 2.790e+01
|        ( QUESTION0_11_R 1 1.545e+02 3.730e+01 1.200e+01
|            ( - 9.609e+01 1 0)
|            ( - 2.111e+01 1 0))
|        ( - 2.017e+02 1 0)))
s>    ( QUESTION0_15_R 1 6.816e+02 8.726e+01 4.391e+01
s>        ( - 1.795e+02 1 0)
s>        ( QUESTION0_10_R 1 4.148e+02 5.864e+01 2.790e+01
s>            ( QUESTION0_11_R 1 1.545e+02 3.730e+01 1.200e+01
s>                ( - 9.609e+01 1 0)
s>                ( - 2.111e+01 1 0))
s>            ( - 2.017e+02 1 0)))INFO: dtree.c(1315): Comp split 19
INFO: dtree.c(1439): stop. leaf nodes are specific
INFO: dtree.c(1478): Final simple tree
|( QUESTION0 -1 1.104e+03 1.050e+02 6.798e+01
|    ( QUESTION0_0_R 1 6.697e+02 2.476e+01 4.298e+01
|        ( - 6.428e+02 1 0)
|        ( - 2.172e+00 1 0))
|    ( QUESTION7 1 3.296e+02 5.842e+01 2.500e+01
|        ( - 5.645e+01 1 0)
|        ( SILENCE -1 2.147e+02 3.753e+01 1.800e+01
|            ( - 1.283e+02 1 0)
|            ( QUESTION0_0_R 1 4.884e+01 1.939e+01 6.000e+00
|                ( - 2.515e+01 1 0)
|                ( - 4.298e+00 1 0)))))
s>    ( QUESTION0 -1 1.104e+03 1.050e+02 6.798e+01
s>        ( QUESTION0_0_R 1 6.697e+02 2.476e+01 4.298e+01
s>            ( - 6.428e+02 1 0)
s>            ( - 2.172e+00 1 0))
s>        ( QUESTION7 1 3.296e+02 5.842e+01 2.500e+01
s>            ( - 5.645e+01 1 0)
s>            ( SILENCE -1 2.147e+02 3.753e+01 1.800e+01
s>                ( - 1.283e+02 1 0)
s>                ( QUESTION0_0_R 1 4.884e+01 1.939e+01 6.000e+00
s>                    ( - 2.515e+01 1 0)
s>                    ( - 4.298e+00 1 0)))))INFO: dtree.c(1439): stop. leaf nodes are specific
INFO: dtree.c(1478): Final simple tree
|( QUESTION0_14_R 1 1.405e+03 1.287e+02 8.819e+01
|    ( - 7.353e+02 1 0)
|    ( QUESTION0_8_R 1 5.413e+02 6.824e+01 3.998e+01
|        ( - 2.745e+02 3 0)
|        ( SILENCE -1 1.985e+02 3.656e+01 1.698e+01
|            ( - 4.437e+01 1 0)
|            ( - 1.176e+02 1 0))))
s>    ( QUESTION0_14_R 1 1.405e+03 1.287e+02 8.819e+01
s>        ( - 7.353e+02 1 0)
s>        ( QUESTION0_8_R 1 5.413e+02 6.824e+01 3.998e+01
s>            ( - 2.745e+02 3 0)
s>            ( SILENCE -1 1.985e+02 3.656e+01 1.698e+01
s>                ( - 4.437e+01 1 0)
s>                ( - 1.176e+02 1 0))))INFO: dtree.c(1315): Comp split 20
INFO: dtree.c(1439): stop. leaf nodes are specific
INFO: dtree.c(1478): Final simple tree
|( WDBNDRY_I 0 1.377e+02 3.591e+01 1.400e+01
|    ( - 8.709e+01 1 0)
|    ( WDBNDRY_B 0 1.469e+01 1.088e+01 3.000e+00
|        ( - 3.810e+00 1 0)
|        ( - 0.000e+00 1 0)))
s>    ( WDBNDRY_I 0 1.377e+02 3.591e+01 1.400e+01
s>        ( - 8.709e+01 1 0)
s>        ( WDBNDRY_B 0 1.469e+01 1.088e+01 3.000e+00
s>            ( - 3.810e+00 1 0)
s>            ( - 0.000e+00 1 0)))INFO: dtree.c(1439): stop. leaf nodes are specific
INFO: dtree.c(1478): Final simple tree
|( WDBNDRY_B 0 1.748e+03 3.240e+01 9.227e+01
|    ( - 7.619e+00 1 0)
|    ( - 1.708e+03 1 0))
s>    ( WDBNDRY_B 0 1.748e+03 3.240e+01 9.227e+01
s>        ( - 7.619e+00 1 0)
s>        ( - 1.708e+03 1 0))INFO: dtree.c(1315): Comp split 21
INFO: dtree.c(1439): stop. leaf nodes are specific
INFO: dtree.c(1478): Final simple tree
|( QUESTION0_8_R 1 8.448e+02 9.956e+01 5.172e+01
|    ( QUESTION1 1 5.313e+02 4.749e+01 3.372e+01
|        ( - 2.478e+01 1 0)
|        ( - 4.590e+02 2 0))
|    ( QUESTION0_0_R 1 2.140e+02 5.003e+01 1.800e+01
|        ( - 1.076e+02 1 0)
|        ( - 5.628e+01 1 0)))
s>    ( QUESTION0_8_R 1 8.448e+02 9.956e+01 5.172e+01
s>        ( QUESTION1 1 5.313e+02 4.749e+01 3.372e+01
s>            ( - 2.478e+01 1 0)
s>            ( - 4.590e+02 2 0))
s>        ( QUESTION0_0_R 1 2.140e+02 5.003e+01 1.800e+01
s>            ( - 1.076e+02 1 0)
s>            ( - 5.628e+01 1 0)))INFO: dtree.c(1439): stop. leaf nodes are specific
INFO: dtree.c(1478): Final simple tree
|( SILENCE 1 6.818e+02 9.092e+01 4.405e+01
|    ( - 4.146e+02 1 0)
|    ( QUESTION0_8_R 1 1.762e+02 3.652e+01 1.505e+01
|        ( - 1.555e+01 1 0)
|        ( - 1.242e+02 1 0)))
s>    ( SILENCE 1 6.818e+02 9.092e+01 4.405e+01
s>        ( - 4.146e+02 1 0)
s>        ( QUESTION0_8_R 1 1.762e+02 3.652e+01 1.505e+01
s>            ( - 1.555e+01 1 0)
s>            ( - 1.242e+02 1 0)))INFO: dtree.c(1315): Comp split 22
INFO: dtree.c(1439): stop. leaf nodes are specific
INFO: dtree.c(1478): Final simple tree
|( QUESTION0_8_R 1 5.807e+02 8.379e+01 3.898e+01
|    ( - 3.236e+02 1 0)
|    ( QUESTION0 -1 1.733e+02 5.388e+01 1.500e+01
|        ( - 6.963e+01 1 0)
|        ( QUESTION0_0_R 1 4.981e+01 2.177e+01 6.000e+00
|            ( - 1.707e+01 1 0)
|            ( - 1.096e+01 1 0))))
s>    ( QUESTION0_8_R 1 5.807e+02 8.379e+01 3.898e+01
s>        ( - 3.236e+02 1 0)
s>        ( QUESTION0 -1 1.733e+02 5.388e+01 1.500e+01
s>            ( - 6.963e+01 1 0)
s>            ( QUESTION0_0_R 1 4.981e+01 2.177e+01 6.000e+00
s>                ( - 1.707e+01 1 0)
s>                ( - 1.096e+01 1 0))))INFO: dtree.c(1439): stop. leaf nodes are specific
INFO: dtree.c(1478): Final simple tree
|( QUESTION16 1 5.360e+02 7.818e+01 3.551e+01
|    ( - 3.487e+02 1 0)
|    ( QUESTION0_10_R 1 1.091e+02 2.948e+01 1.052e+01
|        ( - 6.066e+01 1 0)
|        ( QUESTION0_0_R 1 1.899e+01 1.150e+01 3.000e+00
|            ( - 1.107e+00 1 0)
|            ( - 6.381e+00 1 0))))
s>    ( QUESTION16 1 5.360e+02 7.818e+01 3.551e+01
s>        ( - 3.487e+02 1 0)
s>        ( QUESTION0_10_R 1 1.091e+02 2.948e+01 1.052e+01
s>            ( - 6.066e+01 1 0)
s>            ( QUESTION0_0_R 1 1.899e+01 1.150e+01 3.000e+00
s>                ( - 1.107e+00 1 0)
s>                ( - 6.381e+00 1 0))))INFO: dtree.c(1315): Comp split 23
INFO: dtree.c(1439): stop. leaf nodes are specific
INFO: dtree.c(1478): Final simple tree
|( QUESTION0_10_R 1 6.033e+02 8.397e+01 4.003e+01
|    ( QUESTION0 -1 1.786e+02 4.545e+01 1.549e+01
|        ( QUESTION0_11_R 1 3.682e+01 2.315e+01 7.000e+00
|            ( - 3.371e+00 1 0)
|            ( - 1.030e+01 1 0))
|        ( - 9.632e+01 1 0))
|    ( QUESTION0 -1 3.408e+02 5.522e+01 2.454e+01
|        ( - 2.072e+02 1 0)
|        ( - 7.834e+01 1 0)))
s>    ( QUESTION0_10_R 1 6.033e+02 8.397e+01 4.003e+01
s>        ( QUESTION0 -1 1.786e+02 4.545e+01 1.549e+01
s>            ( QUESTION0_11_R 1 3.682e+01 2.315e+01 7.000e+00
s>                ( - 3.371e+00 1 0)
s>                ( - 1.030e+01 1 0))
s>            ( - 9.632e+01 1 0))
s>        ( QUESTION0 -1 3.408e+02 5.522e+01 2.454e+01
s>            ( - 2.072e+02 1 0)
s>            ( - 7.834e+01 1 0)))INFO: dtree.c(1439): stop. leaf nodes are specific
INFO: dtree.c(1478): Final simple tree
|( QUESTION0_9_R 1 6.607e+02 9.807e+01 3.874e+01
|    ( - 4.293e+02 3 0)
|    ( QUESTION0 -1 1.332e+02 4.217e+01 1.126e+01
|        ( - 3.965e+01 1 0)
|        ( QUESTION2_9_L -1 5.142e+01 2.172e+01 6.260e+00
|            ( QUESTION0 1 1.702e+01 9.020e+00 3.000e+00
|                ( - 8.000e+00 2 0)
|                ( - 0.000e+00 1 0))
|            ( SILENCE 1 1.268e+01 9.813e+00 3.260e+00
|                ( - 9.605e-01 1 0)
|                ( - 1.904e+00 1 0)))))
s>    ( QUESTION0_9_R 1 6.607e+02 9.807e+01 3.874e+01
s>        ( - 4.293e+02 3 0)
s>        ( QUESTION0 -1 1.332e+02 4.217e+01 1.126e+01
s>            ( - 3.965e+01 1 0)
s>            ( QUESTION2_9_L -1 5.142e+01 2.172e+01 6.260e+00
s>                ( QUESTION0 1 1.702e+01 9.020e+00 3.000e+00
s>                    ( - 8.000e+00 2 0)
s>                    ( - 0.000e+00 1 0))
s>                ( SILENCE 1 1.268e+01 9.813e+00 3.260e+00
s>                    ( - 9.605e-01 1 0)
s>                    ( - 1.904e+00 1 0)))))INFO: dtree.c(1315): Comp split 24
INFO: dtree.c(1439): stop. leaf nodes are specific
INFO: dtree.c(1478): Final simple tree
|( QUESTION0_0_R 1 5.819e+02 8.080e+01 3.900e+01
|    ( QUESTION0 1 2.722e+02 4.728e+01 2.100e+01
|        ( QUESTION0 -1 1.433e+02 3.675e+01 1.300e+01
|            ( - 6.726e+01 1 0)
|            ( - 3.932e+01 1 0))
|        ( - 8.159e+01 1 0))
|    ( QUESTION0_8_R 1 2.289e+02 4.517e+01 1.800e+01
|        ( - 7.038e+01 1 0)
|        ( - 1.134e+02 1 0)))
s>    ( QUESTION0_0_R 1 5.819e+02 8.080e+01 3.900e+01
s>        ( QUESTION0 1 2.722e+02 4.728e+01 2.100e+01
s>            ( QUESTION0 -1 1.433e+02 3.675e+01 1.300e+01
s>                ( - 6.726e+01 1 0)
s>                ( - 3.932e+01 1 0))
s>            ( - 8.159e+01 1 0))
s>        ( QUESTION0_8_R 1 2.289e+02 4.517e+01 1.800e+01
s>            ( - 7.038e+01 1 0)
s>            ( - 1.134e+02 1 0)))INFO: dtree.c(1439): stop. leaf nodes are specific
INFO: dtree.c(1478): Final simple tree
|( QUESTION0_8_R 1 4.265e+02 8.199e+01 2.800e+01
|    ( - 1.329e+02 2 0)
|    ( QUESTION0_0_R 1 2.116e+02 5.061e+01 1.600e+01
|        ( - 9.765e+01 1 0)
|        ( QUESTION0_16_R 1 6.332e+01 2.720e+01 7.000e+00
|            ( - 2.154e+01 1 0)
|            ( - 1.459e+01 1 0))))
s>    ( QUESTION0_8_R 1 4.265e+02 8.199e+01 2.800e+01
s>        ( - 1.329e+02 2 0)
s>        ( QUESTION0_0_R 1 2.116e+02 5.061e+01 1.600e+01
s>            ( - 9.765e+01 1 0)
s>            ( QUESTION0_16_R 1 6.332e+01 2.720e+01 7.000e+00
s>                ( - 2.154e+01 1 0)
s>                ( - 1.459e+01 1 0))))INFO: dtree.c(1315): Comp split 25
INFO: dtree.c(1439): stop. leaf nodes are specific
INFO: dtree.c(1478): Final simple tree
|( QUESTION0_8_R 1 5.413e+02 6.824e+01 3.998e+01
|    ( - 2.745e+02 3 0)
|    ( SILENCE -1 1.985e+02 3.656e+01 1.698e+01
|        ( - 4.437e+01 1 0)
|        ( - 1.176e+02 1 0)))
s>    ( QUESTION0_8_R 1 5.413e+02 6.824e+01 3.998e+01
s>        ( - 2.745e+02 3 0)
s>        ( SILENCE -1 1.985e+02 3.656e+01 1.698e+01
s>            ( - 4.437e+01 1 0)
s>            ( - 1.176e+02 1 0)))INFO: dtree.c(1315): Comp split 26
INFO: dtree.c(1439): stop. leaf nodes are specific
INFO: dtree.c(1478): Final simple tree
|( QUESTION1 -1 4.392e+02 8.686e+01 2.900e+01
|    ( - 1.474e+02 1 0)
|    ( - 2.050e+02 1 0))
s>    ( QUESTION1 -1 4.392e+02 8.686e+01 2.900e+01
s>        ( - 1.474e+02 1 0)
s>        ( - 2.050e+02 1 0))INFO: dtree.c(1315): Comp split 27
INFO: dtree.c(1315): Comp split 28
INFO: dtree.c(1439): stop. leaf nodes are specific
INFO: dtree.c(1478): Final simple tree
|( QUESTION0_8_R 1 3.763e+02 6.790e+01 2.595e+01
|    ( - 2.563e+02 2 0)
|    ( - 5.215e+01 1 0))
s>    ( QUESTION0_8_R 1 3.763e+02 6.790e+01 2.595e+01
s>        ( - 2.563e+02 2 0)
s>        ( - 5.215e+01 1 0))INFO: dtree.c(1315): Comp split 29
INFO: dtree.c(1439): stop. leaf nodes are specific
INFO: dtree.c(1478): Final simple tree
|( QUESTION0_14_R 1 6.468e+02 3.046e+01 4.209e+01
|    ( - 6.047e+02 1 0)
|    ( - 1.173e+01 1 0))
s>    ( QUESTION0_14_R 1 6.468e+02 3.046e+01 4.209e+01
s>        ( - 6.047e+02 1 0)
s>        ( - 1.173e+01 1 0))INFO: dtree.c(1315): Comp split 30
INFO: dtree.c(1439): stop. leaf nodes are specific
INFO: dtree.c(1478): Final simple tree
|( SILENCE -1 2.366e+02 4.337e+01 1.900e+01
|    ( - 1.283e+02 1 0)
|    ( QUESTION0_0_R 1 6.493e+01 2.378e+01 7.000e+00
|        ( - 2.515e+01 1 0)
|        ( QUESTION0 -1 1.600e+01 9.528e+00 3.000e+00
|            ( - 2.172e+00 1 0)
|            ( - 4.298e+00 1 0))))
s>    ( SILENCE -1 2.366e+02 4.337e+01 1.900e+01
s>        ( - 1.283e+02 1 0)
s>        ( QUESTION0_0_R 1 6.493e+01 2.378e+01 7.000e+00
s>            ( - 2.515e+01 1 0)
s>            ( QUESTION0 -1 1.600e+01 9.528e+00 3.000e+00
s>                ( - 2.172e+00 1 0)
s>                ( - 4.298e+00 1 0))))INFO: dtree.c(1439): stop. leaf nodes are specific
INFO: dtree.c(1478): Final simple tree
|( SILENCE -1 7.550e+02 5.582e+01 4.898e+01
|    ( - 5.645e+01 1 0)
|    ( - 6.428e+02 1 0))
s>    ( SILENCE -1 7.550e+02 5.582e+01 4.898e+01
s>        ( - 5.645e+01 1 0)
s>        ( - 6.428e+02 1 0))INFO: dtree.c(1315): Comp split 31
INFO: dtree.c(1439): stop. leaf nodes are specific
INFO: dtree.c(1478): Final simple tree
|( QUESTION0_0_R 1 2.140e+02 5.003e+01 1.800e+01
|    ( - 1.076e+02 1 0)
|    ( - 5.628e+01 1 0))
s>    ( QUESTION0_0_R 1 2.140e+02 5.003e+01 1.800e+01
s>        ( - 1.076e+02 1 0)
s>        ( - 5.628e+01 1 0))INFO: dtree.c(1439): stop. leaf nodes are specific
INFO: dtree.c(1478): Final simple tree
|( QUESTION1 1 5.313e+02 4.749e+01 3.372e+01
|    ( - 2.478e+01 1 0)
|    ( - 4.590e+02 2 0))
s>    ( QUESTION1 1 5.313e+02 4.749e+01 3.372e+01
s>        ( - 2.478e+01 1 0)
s>        ( - 4.590e+02 2 0))INFO: dtree.c(1315): Comp split 32
INFO: dtree.c(1315): Comp split 33
INFO: dtree.c(1439): stop. leaf nodes are specific
INFO: dtree.c(1478): Final simple tree
|( QUESTION0 -1 1.332e+02 4.217e+01 1.126e+01
|    ( - 3.965e+01 1 0)
|    ( QUESTION2_9_L -1 5.142e+01 2.172e+01 6.260e+00
|        ( QUESTION0 1 1.702e+01 9.020e+00 3.000e+00
|            ( - 8.000e+00 2 0)
|            ( - 0.000e+00 1 0))
|        ( SILENCE 1 1.268e+01 9.813e+00 3.260e+00
|            ( - 9.605e-01 1 0)
|            ( - 1.904e+00 1 0))))
s>    ( QUESTION0 -1 1.332e+02 4.217e+01 1.126e+01
s>        ( - 3.965e+01 1 0)
s>        ( QUESTION2_9_L -1 5.142e+01 2.172e+01 6.260e+00
s>            ( QUESTION0 1 1.702e+01 9.020e+00 3.000e+00
s>                ( - 8.000e+00 2 0)
s>                ( - 0.000e+00 1 0))
s>            ( SILENCE 1 1.268e+01 9.813e+00 3.260e+00
s>                ( - 9.605e-01 1 0)
s>                ( - 1.904e+00 1 0))))INFO: dtree.c(1315): Comp split 34
INFO: dtree.c(1439): stop. leaf nodes are specific
INFO: dtree.c(1478): Final simple tree
|( QUESTION0_0_R 1 1.791e+02 2.661e+01 1.400e+01
|    ( - 1.445e+02 1 0)
|    ( - 8.000e+00 1 0))
s>    ( QUESTION0_0_R 1 1.791e+02 2.661e+01 1.400e+01
s>        ( - 1.445e+02 1 0)
s>        ( - 8.000e+00 1 0))INFO: dtree.c(1439): stop. leaf nodes are specific
INFO: dtree.c(1478): Final simple tree
|( QUESTION0_0_R 1 2.465e+02 4.603e+01 2.000e+01
|    ( - 3.686e+01 1 0)
|    ( - 1.636e+02 1 0))
s>    ( QUESTION0_0_R 1 2.465e+02 4.603e+01 2.000e+01
s>        ( - 3.686e+01 1 0)
s>        ( - 1.636e+02 1 0))INFO: dtree.c(1315): Comp split 35
INFO: dtree.c(1439): stop. leaf nodes are specific
INFO: dtree.c(1478): Final simple tree
|( QUESTION0_8_R 1 1.762e+02 3.652e+01 1.505e+01
|    ( - 1.555e+01 1 0)
|    ( - 1.242e+02 1 0))
s>    ( QUESTION0_8_R 1 1.762e+02 3.652e+01 1.505e+01
s>        ( - 1.555e+01 1 0)
s>        ( - 1.242e+02 1 0))INFO: dtree.c(1315): Comp split 36
INFO: dtree.c(1439): stop. leaf nodes are specific
INFO: dtree.c(1478): Final simple tree
|( QUESTION0_10_R 1 3.492e+02 5.147e+01 2.490e+01
|    ( - 9.609e+01 1 0)
|    ( - 2.017e+02 1 0))
s>    ( QUESTION0_10_R 1 3.492e+02 5.147e+01 2.490e+01
s>        ( - 9.609e+01 1 0)
s>        ( - 2.017e+02 1 0))INFO: dtree.c(1439): stop. leaf nodes are specific
INFO: dtree.c(1478): Final simple tree
|( QUESTION0_10_R 1 2.440e+02 4.344e+01 1.900e+01
|    ( - 2.111e+01 1 0)
|    ( - 1.795e+02 1 0))
s>    ( QUESTION0_10_R 1 2.440e+02 4.344e+01 1.900e+01
s>        ( - 2.111e+01 1 0)
s>        ( - 1.795e+02 1 0))INFO: dtree.c(1315): Comp split 37
INFO: dtree.c(1315): Comp split 38
INFO: dtree.c(1439): stop. leaf nodes are specific
INFO: dtree.c(1478): Final simple tree
|( QUESTION0 -1 3.103e+02 5.724e+01 2.305e+01
|    ( QUESTION0_11_R 1 3.682e+01 2.315e+01 7.000e+00
|        ( - 3.371e+00 1 0)
|        ( - 1.030e+01 1 0))
|    ( QUESTION0_10_R 1 2.162e+02 4.158e+01 1.605e+01
|        ( - 9.632e+01 1 0)
|        ( - 7.834e+01 1 0)))
s>    ( QUESTION0 -1 3.103e+02 5.724e+01 2.305e+01
s>        ( QUESTION0_11_R 1 3.682e+01 2.315e+01 7.000e+00
s>            ( - 3.371e+00 1 0)
s>            ( - 1.030e+01 1 0))
s>        ( QUESTION0_10_R 1 2.162e+02 4.158e+01 1.605e+01
s>            ( - 9.632e+01 1 0)
s>            ( - 7.834e+01 1 0)))INFO: dtree.c(1315): Comp split 39
INFO: dtree.c(1439): stop. leaf nodes are specific
INFO: dtree.c(1478): Final simple tree
|( QUESTION0_0_R 1 1.996e+02 4.692e+01 1.500e+01
|    ( - 3.932e+01 1 0)
|    ( - 1.134e+02 1 0))
s>    ( QUESTION0_0_R 1 1.996e+02 4.692e+01 1.500e+01
s>        ( - 3.932e+01 1 0)
s>        ( - 1.134e+02 1 0))INFO: dtree.c(1439): stop. leaf nodes are specific
INFO: dtree.c(1478): Final simple tree
|( QUESTION0 1 2.980e+02 4.621e+01 2.400e+01
|    ( QUESTION0_0_R 1 1.702e+02 3.256e+01 1.600e+01
|        ( - 6.726e+01 1 0)
|        ( - 7.038e+01 1 0))
|    ( - 8.159e+01 1 0))
s>    ( QUESTION0 1 2.980e+02 4.621e+01 2.400e+01
s>        ( QUESTION0_0_R 1 1.702e+02 3.256e+01 1.600e+01
s>            ( - 6.726e+01 1 0)
s>            ( - 7.038e+01 1 0))
s>        ( - 8.159e+01 1 0))INFO: dtree.c(1315): Comp split 40
INFO: dtree.c(1439): stop. leaf nodes are specific
INFO: dtree.c(1478): Final simple tree
|( QUESTION0 -1 1.733e+02 5.388e+01 1.500e+01
|    ( - 6.963e+01 1 0)
|    ( QUESTION0_0_R 1 4.981e+01 2.177e+01 6.000e+00
|        ( - 1.707e+01 1 0)
|        ( - 1.096e+01 1 0)))
s>    ( QUESTION0 -1 1.733e+02 5.388e+01 1.500e+01
s>        ( - 6.963e+01 1 0)
s>        ( QUESTION0_0_R 1 4.981e+01 2.177e+01 6.000e+00
s>            ( - 1.707e+01 1 0)
s>            ( - 1.096e+01 1 0)))INFO: dtree.c(1315): Comp split 41
INFO: dtree.c(1439): stop. leaf nodes are specific
INFO: dtree.c(1478): Final simple tree
|( QUESTION0_0_R 1 1.550e+02 3.581e+01 1.300e+01
|    ( - 9.765e+01 1 0)
|    ( - 2.154e+01 1 0))
s>    ( QUESTION0_0_R 1 1.550e+02 3.581e+01 1.300e+01
s>        ( - 9.765e+01 1 0)
s>        ( - 2.154e+01 1 0))INFO: dtree.c(1439): stop. leaf nodes are specific
INFO: dtree.c(1478): Final simple tree
|( QUESTION0_8_R 1 1.885e+02 4.100e+01 1.500e+01
|    ( - 1.329e+02 2 0)
|    ( - 1.459e+01 1 0))
s>    ( QUESTION0_8_R 1 1.885e+02 4.100e+01 1.500e+01
s>        ( - 1.329e+02 2 0)
s>        ( - 1.459e+01 1 0))INFO: dtree.c(1315): Comp split 42
INFO: dtree.c(1439): stop. leaf nodes are specific
INFO: dtree.c(1478): Final simple tree
|( QUESTION0_10_R 1 1.091e+02 2.948e+01 1.052e+01
|    ( - 6.066e+01 1 0)
|    ( QUESTION0_0_R 1 1.899e+01 1.150e+01 3.000e+00
|        ( - 1.107e+00 1 0)
|        ( - 6.381e+00 1 0)))
s>    ( QUESTION0_10_R 1 1.091e+02 2.948e+01 1.052e+01
s>        ( - 6.066e+01 1 0)
s>        ( QUESTION0_0_R 1 1.899e+01 1.150e+01 3.000e+00
s>            ( - 1.107e+00 1 0)
s>            ( - 6.381e+00 1 0)))INFO: dtree.c(1315): Comp split 43
INFO: dtree.c(1439): stop. leaf nodes are specific
INFO: dtree.c(1478): Final simple tree
|( SILENCE -1 1.985e+02 3.656e+01 1.698e+01
|    ( - 4.437e+01 1 0)
|    ( - 1.176e+02 1 0))
s>    ( SILENCE -1 1.985e+02 3.656e+01 1.698e+01
s>        ( - 4.437e+01 1 0)
s>        ( - 1.176e+02 1 0))INFO: dtree.c(1315): Comp split 44
INFO: dtree.c(1315): Comp split 45
INFO: dtree.c(1439): stop. leaf nodes are specific
INFO: dtree.c(1478): Final simple tree
|( QUESTION0_10_R 1 1.242e+02 3.557e+01 1.157e+01
|    ( - 1.030e+01 1 0)
|    ( - 7.834e+01 1 0))
s>    ( QUESTION0_10_R 1 1.242e+02 3.557e+01 1.157e+01
s>        ( - 1.030e+01 1 0)
s>        ( - 7.834e+01 1 0))INFO: dtree.c(1439): stop. leaf nodes are specific
INFO: dtree.c(1478): Final simple tree
|( QUESTION0_11_R 1 1.244e+02 2.470e+01 1.149e+01
|    ( - 3.371e+00 1 0)
|    ( - 9.632e+01 1 0))
s>    ( QUESTION0_11_R 1 1.244e+02 2.470e+01 1.149e+01
s>        ( - 3.371e+00 1 0)
s>        ( - 9.632e+01 1 0))INFO: dtree.c(1315): Comp split 46
INFO: dtree.c(1315): Comp split 47
INFO: dtree.c(1439): stop. leaf nodes are specific
INFO: dtree.c(1478): Final simple tree
|( QUESTION0_0_R 1 4.981e+01 2.177e+01 6.000e+00
|    ( - 1.707e+01 1 0)
|    ( - 1.096e+01 1 0))
s>    ( QUESTION0_0_R 1 4.981e+01 2.177e+01 6.000e+00
s>        ( - 1.707e+01 1 0)
s>        ( - 1.096e+01 1 0))INFO: dtree.c(1315): Comp split 48
INFO: dtree.c(1315): Comp split 49
INFO: dtree.c(1315): Comp split 50
INFO: dtree.c(1315): Comp split 51
INFO: dtree.c(1315): Comp split 52
INFO: dtree.c(1439): stop. leaf nodes are specific
INFO: dtree.c(1478): Final simple tree
|( QUESTION0_0_R 1 1.702e+02 3.256e+01 1.600e+01
|    ( - 6.726e+01 1 0)
|    ( - 7.038e+01 1 0))
s>    ( QUESTION0_0_R 1 1.702e+02 3.256e+01 1.600e+01
s>        ( - 6.726e+01 1 0)
s>        ( - 7.038e+01 1 0))INFO: dtree.c(1315): Comp split 53
INFO: dtree.c(1315): Comp split 54
INFO: dtree.c(1315): Comp split 55
INFO: dtree.c(1315): Comp split 56
INFO: dtree.c(1439): stop. leaf nodes are specific
INFO: dtree.c(1478): Final simple tree
|( QUESTION0_0_R 1 6.493e+01 2.378e+01 7.000e+00
|    ( - 2.515e+01 1 0)
|    ( QUESTION0 -1 1.600e+01 9.528e+00 3.000e+00
|        ( - 2.172e+00 1 0)
|        ( - 4.298e+00 1 0)))
s>    ( QUESTION0_0_R 1 6.493e+01 2.378e+01 7.000e+00
s>        ( - 2.515e+01 1 0)
s>        ( QUESTION0 -1 1.600e+01 9.528e+00 3.000e+00
s>            ( - 2.172e+00 1 0)
s>            ( - 4.298e+00 1 0)))INFO: dtree.c(1315): Comp split 57
INFO: dtree.c(1439): stop. leaf nodes are specific
INFO: dtree.c(1478): Final simple tree
|( QUESTION2_9_L -1 5.142e+01 2.172e+01 6.260e+00
|    ( QUESTION0 1 1.702e+01 9.020e+00 3.000e+00
|        ( - 8.000e+00 2 0)
|        ( - 0.000e+00 1 0))
|    ( SILENCE 1 1.268e+01 9.813e+00 3.260e+00
|        ( - 9.605e-01 1 0)
|        ( - 1.904e+00 1 0)))
s>    ( QUESTION2_9_L -1 5.142e+01 2.172e+01 6.260e+00
s>        ( QUESTION0 1 1.702e+01 9.020e+00 3.000e+00
s>            ( - 8.000e+00 2 0)
s>            ( - 0.000e+00 1 0))
s>        ( SILENCE 1 1.268e+01 9.813e+00 3.260e+00
s>            ( - 9.605e-01 1 0)
s>            ( - 1.904e+00 1 0)))INFO: dtree.c(1315): Comp split 58
INFO: dtree.c(1315): Comp split 59
INFO: dtree.c(1315): Comp split 60
INFO: dtree.c(1315): Comp split 61
INFO: dtree.c(1439): stop. leaf nodes are specific
INFO: dtree.c(1478): Final simple tree
|( WDBNDRY_B 0 1.469e+01 1.088e+01 3.000e+00
|    ( - 3.810e+00 1 0)
|    ( - 0.000e+00 1 0))
s>    ( WDBNDRY_B 0 1.469e+01 1.088e+01 3.000e+00
s>        ( - 3.810e+00 1 0)
s>        ( - 0.000e+00 1 0))INFO: dtree.c(1315): Comp split 62
INFO: dtree.c(1315): Comp split 63
INFO: dtree.c(1315): Comp split 64
INFO: dtree.c(1315): Comp split 65
INFO: dtree.c(1315): Comp split 66
INFO: dtree.c(1439): stop. leaf nodes are specific
INFO: dtree.c(1478): Final simple tree
|( WDBNDRY_B 0 8.000e+00 8.000e+00 2.000e+00
|    ( - 0.000e+00 1 0)
|    ( - 0.000e+00 1 0))
s>    ( WDBNDRY_B 0 8.000e+00 8.000e+00 2.000e+00
s>        ( - 0.000e+00 1 0)
s>        ( - 0.000e+00 1 0))INFO: dtree.c(1315): Comp split 67
INFO: dtree.c(1315): Comp split 68
INFO: dtree.c(1439): stop. leaf nodes are specific
INFO: dtree.c(1478): Final simple tree
|( QUESTION0_0_R 1 1.899e+01 1.150e+01 3.000e+00
|    ( - 1.107e+00 1 0)
|    ( - 6.381e+00 1 0))
s>    ( QUESTION0_0_R 1 1.899e+01 1.150e+01 3.000e+00
s>        ( - 1.107e+00 1 0)
s>        ( - 6.381e+00 1 0))INFO: dtree.c(1315): Comp split 69
INFO: dtree.c(1315): Comp split 70
INFO: dtree.c(1315): Comp split 71
INFO: dtree.c(1439): stop. leaf nodes are specific
INFO: dtree.c(1478): Final simple tree
|( QUESTION0 -1 1.600e+01 9.528e+00 3.000e+00
|    ( - 2.172e+00 1 0)
|    ( - 4.298e+00 1 0))
s>    ( QUESTION0 -1 1.600e+01 9.528e+00 3.000e+00
s>        ( - 2.172e+00 1 0)
s>        ( - 4.298e+00 1 0))INFO: dtree.c(1315): Comp split 72
INFO: dtree.c(1315): Comp split 73
INFO: dtree.c(1439): stop. leaf nodes are specific
INFO: dtree.c(1478): Final simple tree
|( SILENCE 1 1.268e+01 9.813e+00 3.260e+00
|    ( - 9.605e-01 1 0)
|    ( - 1.904e+00 1 0))
s>    ( SILENCE 1 1.268e+01 9.813e+00 3.260e+00
s>        ( - 9.605e-01 1 0)
s>        ( - 1.904e+00 1 0))INFO: dtree.c(1439): stop. leaf nodes are specific
INFO: dtree.c(1478): Final simple tree
|( QUESTION0 1 1.702e+01 9.020e+00 3.000e+00
|    ( - 8.000e+00 2 0)
|    ( - 0.000e+00 1 0))
s>    ( QUESTION0 1 1.702e+01 9.020e+00 3.000e+00
s>        ( - 8.000e+00 2 0)
s>        ( - 0.000e+00 1 0))INFO: dtree.c(1315): Comp split 74
INFO: dtree.c(1315): Comp split 75
INFO: dtree.c(1315): Comp split 76
INFO: dtree.c(1315): Comp split 77
INFO: dtree.c(1315): Comp split 78
INFO: dtree.c(1315): Comp split 79
INFO: dtree.c(1315): Comp split 80
INFO: dtree.c(1315): Comp split 81
INFO: dtree.c(1318): stop. leaf nodes are specific
Mon May 23 22:39:46 2022
