Current configuration:
[NAME]		[DEFLT]	[VALUE]
-allphones	no	no
-cntthresh	0.00001	1.000000e-05
-csplitmax	100	2000
-csplitmin	1	1
-csplitthr	8e-4	0.000000e+00
-example	no	no
-fullvar	no	no
-help		no	no
-meanfn			
-mixwfn			/home/rakha/Kuliah/Semester8/nlp/speech-sphinx/train-new-model/an4-master/model_parameters/an4.cd_ptm_untied/mixture_weights
-moddeffn		/home/rakha/Kuliah/Semester8/nlp/speech-sphinx/train-new-model/an4-master/model_architecture/an4.untied.mdef
-mwfloor	1e-4	1.000000e-08
-phone			AY
-psetfn			/home/rakha/Kuliah/Semester8/nlp/speech-sphinx/train-new-model/an4-master/model_architecture/an4.tree_questions
-ssplitmax	5	7
-ssplitmin	1	1
-ssplitthr	8e-4	0.000000e+00
-state			2
-stwt			1.0,0.05,0.0,
-treefn			/home/rakha/Kuliah/Semester8/nlp/speech-sphinx/train-new-model/an4-master/trees/an4.unpruned/AY-2.dtree
-ts2cbfn	.semi.	.semi.
-varfloor	0.00001	1.000000e-05
-varfn			

INFO: main.c(223): Reading: /home/rakha/Kuliah/Semester8/nlp/speech-sphinx/train-new-model/an4-master/model_architecture/an4.untied.mdef
INFO: model_def_io.c(573): Model definition info:
INFO: model_def_io.c(574): 1618 total models defined (34 base, 1584 tri)
INFO: model_def_io.c(575): 6472 total states
INFO: model_def_io.c(576): 4854 total tied states
INFO: model_def_io.c(577): 102 total tied CI states
INFO: model_def_io.c(578): 34 total tied transition matrices
INFO: model_def_io.c(579): 4 max state/model
INFO: model_def_io.c(580): 4 min state/model
INFO: main.c(242): Building trees for [AY AH EH s] through [AY W Z e]
INFO: main.c(269): Covering states |[480 734]| == 255
INFO: main.c(275): Reading: /home/rakha/Kuliah/Semester8/nlp/speech-sphinx/train-new-model/an4-master/model_parameters/an4.cd_ptm_untied/mixture_weights
INFO: s3mixw_io.c(173): Read /home/rakha/Kuliah/Semester8/nlp/speech-sphinx/train-new-model/an4-master/model_parameters/an4.cd_ptm_untied/mixture_weights [255x4x64 array]
INFO: main.c(311): 85 of 85 models have observation count greater than 0.000010
INFO: main.c(95): nrm stwt: 0.000 0.048 0.952 
INFO: main.c(411): 85-class entropy: 6.287417e+04
INFO: main.c(549): Reading: /home/rakha/Kuliah/Semester8/nlp/speech-sphinx/train-new-model/an4-master/model_architecture/an4.tree_questions
INFO: main.c(588): 180 total simple questions (172 phone; 8 word bndry)
INFO: main.c(590): 42 Left Only questions, and 42 Right Only questions
INFO: dtree.c(1478): Final simple tree
|( WDBNDRY_I 0 7.856e+04 2.657e+03 3.756e+03
|    ( QUESTION0_1_R 1 2.806e+04 1.127e+03 1.401e+03
|        ( - 1.132e+04 1 0)
|        ( - 1.562e+04 1 0))
|    ( SILENCE 1 4.784e+04 8.910e+02 2.355e+03
|        ( - 5.789e+03 5 0 WDBNDRY_E 0 1.953e+02 3.091e+02)
|        ( QUESTION6 1 4.116e+04 5.587e+02 2.046e+03
|            ( QUESTION0_11_R 1 1.792e+04 3.662e+02 9.136e+02
|                ( - 2.312e+03 10 0 QUESTION2 -1 2.387e+02 1.262e+02)
|                ( - 1.524e+04 21 0 QUESTION2_10_L -1 2.868e+02 7.875e+02))
|            ( QUESTION0_14_R 1 2.268e+04 3.595e+02 1.132e+03
|                ( - 1.178e+04 11 0 QUESTION1 -1 3.047e+02 5.971e+02)
|                ( QUESTION0_0_R 1 1.054e+04 3.177e+02 5.351e+02
|                    ( - 3.040e+03 11 0 QUESTION3 -1 1.949e+02 1.689e+02)
|                    ( - 7.179e+03 25 0 QUESTION4 -1 3.145e+02 3.662e+02))))))
s>    ( WDBNDRY_I 0 7.856e+04 2.657e+03 3.756e+03
s>        ( QUESTION0_1_R 1 2.806e+04 1.127e+03 1.401e+03
s>            ( - 1.132e+04 1 0)
s>            ( - 1.562e+04 1 0))
s>        ( SILENCE 1 4.784e+04 8.910e+02 2.355e+03
s>            ( - 5.789e+03 5 0 WDBNDRY_E 0 1.953e+02 3.091e+02)
s>            ( QUESTION6 1 4.116e+04 5.587e+02 2.046e+03
s>                ( QUESTION0_11_R 1 1.792e+04 3.662e+02 9.136e+02
s>                    ( - 2.312e+03 10 0 QUESTION2 -1 2.387e+02 1.262e+02)
s>                    ( - 1.524e+04 21 0 QUESTION2_10_L -1 2.868e+02 7.875e+02))
s>                ( QUESTION0_14_R 1 2.268e+04 3.595e+02 1.132e+03
s>                    ( - 1.178e+04 11 0 QUESTION1 -1 3.047e+02 5.971e+02)
s>                    ( QUESTION0_0_R 1 1.054e+04 3.177e+02 5.351e+02
s>                        ( - 3.040e+03 11 0 QUESTION3 -1 1.949e+02 1.689e+02)
s>                        ( - 7.179e+03 25 0 QUESTION4 -1 3.145e+02 3.662e+02))))))INFO: dtree.c(1315): Comp split 0
INFO: dtree.c(1478): Final simple tree
|( SILENCE 1 4.784e+04 8.910e+02 2.355e+03
|    ( - 5.789e+03 5 0 WDBNDRY_E 0 1.953e+02 3.091e+02)
|    ( QUESTION6 1 4.116e+04 5.587e+02 2.046e+03
|        ( QUESTION0_11_R 1 1.792e+04 3.662e+02 9.136e+02
|            ( - 2.312e+03 10 0 QUESTION2 -1 2.387e+02 1.262e+02)
|            ( - 1.524e+04 21 0 QUESTION2_10_L -1 2.868e+02 7.875e+02))
|        ( QUESTION0_14_R 1 2.268e+04 3.595e+02 1.132e+03
|            ( QUESTION1 -1 1.178e+04 3.047e+02 5.971e+02
|                ( - 3.736e+03 2 0)
|                ( - 7.744e+03 9 0 QUESTION2_2_L -1 2.947e+02 4.027e+02))
|            ( QUESTION0_0_R 1 1.054e+04 3.177e+02 5.351e+02
|                ( - 3.040e+03 11 0 QUESTION3 -1 1.949e+02 1.689e+02)
|                ( QUESTION4 -1 7.179e+03 3.145e+02 3.662e+02
|                    ( - 1.422e+03 5 0 QUESTION2_1_L -1 1.356e+02 8.601e+01)
|                    ( - 5.443e+03 20 0 QUESTION4 1 2.948e+02 2.802e+02))))))
s>    ( SILENCE 1 4.784e+04 8.910e+02 2.355e+03
s>        ( - 5.789e+03 5 0 WDBNDRY_E 0 1.953e+02 3.091e+02)
s>        ( QUESTION6 1 4.116e+04 5.587e+02 2.046e+03
s>            ( QUESTION0_11_R 1 1.792e+04 3.662e+02 9.136e+02
s>                ( - 2.312e+03 10 0 QUESTION2 -1 2.387e+02 1.262e+02)
s>                ( - 1.524e+04 21 0 QUESTION2_10_L -1 2.868e+02 7.875e+02))
s>            ( QUESTION0_14_R 1 2.268e+04 3.595e+02 1.132e+03
s>                ( QUESTION1 -1 1.178e+04 3.047e+02 5.971e+02
s>                    ( - 3.736e+03 2 0)
s>                    ( - 7.744e+03 9 0 QUESTION2_2_L -1 2.947e+02 4.027e+02))
s>                ( QUESTION0_0_R 1 1.054e+04 3.177e+02 5.351e+02
s>                    ( - 3.040e+03 11 0 QUESTION3 -1 1.949e+02 1.689e+02)
s>                    ( QUESTION4 -1 7.179e+03 3.145e+02 3.662e+02
s>                        ( - 1.422e+03 5 0 QUESTION2_1_L -1 1.356e+02 8.601e+01)
s>                        ( - 5.443e+03 20 0 QUESTION4 1 2.948e+02 2.802e+02))))))INFO: dtree.c(1439): stop. leaf nodes are specific
INFO: dtree.c(1478): Final simple tree
|( QUESTION0_1_R 1 2.806e+04 1.127e+03 1.401e+03
|    ( - 1.132e+04 1 0)
|    ( - 1.562e+04 1 0))
s>    ( QUESTION0_1_R 1 2.806e+04 1.127e+03 1.401e+03
s>        ( - 1.132e+04 1 0)
s>        ( - 1.562e+04 1 0))INFO: dtree.c(1315): Comp split 1
INFO: dtree.c(1315): Comp split 2
INFO: dtree.c(1478): Final simple tree
|( QUESTION6 1 4.116e+04 5.587e+02 2.046e+03
|    ( QUESTION0_11_R 1 1.792e+04 3.662e+02 9.136e+02
|        ( - 2.312e+03 10 0 QUESTION2 -1 2.387e+02 1.262e+02)
|        ( - 1.524e+04 21 0 QUESTION2_10_L -1 2.868e+02 7.875e+02))
|    ( QUESTION0_14_R 1 2.268e+04 3.595e+02 1.132e+03
|        ( QUESTION1 -1 1.178e+04 3.047e+02 5.971e+02
|            ( - 3.736e+03 2 0)
|            ( - 7.744e+03 9 0 QUESTION2_2_L -1 2.947e+02 4.027e+02))
|        ( QUESTION0_0_R 1 1.054e+04 3.177e+02 5.351e+02
|            ( - 3.040e+03 11 0 QUESTION3 -1 1.949e+02 1.689e+02)
|            ( QUESTION4 -1 7.179e+03 3.145e+02 3.662e+02
|                ( - 1.422e+03 5 0 QUESTION2_1_L -1 1.356e+02 8.601e+01)
|                ( QUESTION4 1 5.443e+03 2.948e+02 2.802e+02
|                    ( - 2.271e+03 8 0 QUESTION2_3_L -1 2.244e+02 1.247e+02)
|                    ( - 2.877e+03 12 0 QUESTION2 -1 1.940e+02 1.555e+02))))))
s>    ( QUESTION6 1 4.116e+04 5.587e+02 2.046e+03
s>        ( QUESTION0_11_R 1 1.792e+04 3.662e+02 9.136e+02
s>            ( - 2.312e+03 10 0 QUESTION2 -1 2.387e+02 1.262e+02)
s>            ( - 1.524e+04 21 0 QUESTION2_10_L -1 2.868e+02 7.875e+02))
s>        ( QUESTION0_14_R 1 2.268e+04 3.595e+02 1.132e+03
s>            ( QUESTION1 -1 1.178e+04 3.047e+02 5.971e+02
s>                ( - 3.736e+03 2 0)
s>                ( - 7.744e+03 9 0 QUESTION2_2_L -1 2.947e+02 4.027e+02))
s>            ( QUESTION0_0_R 1 1.054e+04 3.177e+02 5.351e+02
s>                ( - 3.040e+03 11 0 QUESTION3 -1 1.949e+02 1.689e+02)
s>                ( QUESTION4 -1 7.179e+03 3.145e+02 3.662e+02
s>                    ( - 1.422e+03 5 0 QUESTION2_1_L -1 1.356e+02 8.601e+01)
s>                    ( QUESTION4 1 5.443e+03 2.948e+02 2.802e+02
s>                        ( - 2.271e+03 8 0 QUESTION2_3_L -1 2.244e+02 1.247e+02)
s>                        ( - 2.877e+03 12 0 QUESTION2 -1 1.940e+02 1.555e+02))))))INFO: dtree.c(1439): stop. leaf nodes are specific
INFO: dtree.c(1478): Final simple tree
|( WDBNDRY_E 0 5.789e+03 1.953e+02 3.091e+02
|    ( - 4.986e+03 1 0)
|    ( QUESTION5 -1 6.072e+02 9.964e+01 4.199e+01
|        ( QUESTION6 -1 2.234e+02 6.158e+01 1.899e+01
|            ( - 9.715e+01 1 0)
|            ( - 6.471e+01 1 0))
|        ( QUESTION0 -1 2.842e+02 5.615e+01 2.300e+01
|            ( - 1.050e+02 1 0)
|            ( - 1.230e+02 1 0))))
s>    ( WDBNDRY_E 0 5.789e+03 1.953e+02 3.091e+02
s>        ( - 4.986e+03 1 0)
s>        ( QUESTION5 -1 6.072e+02 9.964e+01 4.199e+01
s>            ( QUESTION6 -1 2.234e+02 6.158e+01 1.899e+01
s>                ( - 9.715e+01 1 0)
s>                ( - 6.471e+01 1 0))
s>            ( QUESTION0 -1 2.842e+02 5.615e+01 2.300e+01
s>                ( - 1.050e+02 1 0)
s>                ( - 1.230e+02 1 0))))INFO: dtree.c(1315): Comp split 3
INFO: dtree.c(1478): Final simple tree
|( QUESTION1 -1 1.665e+04 3.204e+02 8.386e+02
|    ( - 4.199e+03 4 0 QUESTION0_8_R 1 1.915e+02 2.158e+02)
|    ( QUESTION2_2_L -1 1.213e+04 2.970e+02 6.228e+02
|        ( QUESTION16 -1 6.020e+03 2.445e+02 3.254e+02
|            ( - 1.230e+03 2 0 QUESTION0_8_R 1 7.743e+01 7.601e+01)
|            ( QUESTION0 -1 4.546e+03 2.279e+02 2.494e+02
|                ( - 2.115e+03 3 0 QUESTION0_8_R 1 8.386e+01 1.215e+02)
|                ( QUESTION0_8_R 1 2.203e+03 2.064e+02 1.279e+02
|                    ( - 9.657e+02 3 0 QUESTION0 1 1.229e+02 6.101e+01)
|                    ( - 1.031e+03 2 0 QUESTION4 -1 1.428e+02 6.684e+01))))
|        ( QUESTION4 -1 5.810e+03 2.683e+02 2.974e+02
|            ( - 1.240e+03 5 0 QUESTION0_14_R 1 1.503e+02 7.200e+01)
|            ( QUESTION0_14_R 1 4.302e+03 2.260e+02 2.254e+02
|                ( - 2.127e+03 2 0 WDBNDRY_E 0 1.280e+02 1.153e+02)
|                ( - 1.949e+03 7 0 QUESTION1 1 1.609e+02 1.101e+02)))))
s>    ( QUESTION1 -1 1.665e+04 3.204e+02 8.386e+02
s>        ( - 4.199e+03 4 0 QUESTION0_8_R 1 1.915e+02 2.158e+02)
s>        ( QUESTION2_2_L -1 1.213e+04 2.970e+02 6.228e+02
s>            ( QUESTION16 -1 6.020e+03 2.445e+02 3.254e+02
s>                ( - 1.230e+03 2 0 QUESTION0_8_R 1 7.743e+01 7.601e+01)
s>                ( QUESTION0 -1 4.546e+03 2.279e+02 2.494e+02
s>                    ( - 2.115e+03 3 0 QUESTION0_8_R 1 8.386e+01 1.215e+02)
s>                    ( QUESTION0_8_R 1 2.203e+03 2.064e+02 1.279e+02
s>                        ( - 9.657e+02 3 0 QUESTION0 1 1.229e+02 6.101e+01)
s>                        ( - 1.031e+03 2 0 QUESTION4 -1 1.428e+02 6.684e+01))))
s>            ( QUESTION4 -1 5.810e+03 2.683e+02 2.974e+02
s>                ( - 1.240e+03 5 0 QUESTION0_14_R 1 1.503e+02 7.200e+01)
s>                ( QUESTION0_14_R 1 4.302e+03 2.260e+02 2.254e+02
s>                    ( - 2.127e+03 2 0 WDBNDRY_E 0 1.280e+02 1.153e+02)
s>                    ( - 1.949e+03 7 0 QUESTION1 1 1.609e+02 1.101e+02)))))INFO: dtree.c(1478): Final simple tree
|( QUESTION2_18_L -1 2.383e+04 3.943e+02 1.207e+03
|    ( QUESTION7 1 4.598e+03 2.983e+02 2.423e+02
|        ( - 1.645e+03 4 0 QUESTION0_18_R 1 1.714e+02 9.509e+01)
|        ( - 2.655e+03 8 0 QUESTION11 1 2.163e+02 1.472e+02))
|    ( QUESTION16 -1 1.884e+04 3.085e+02 9.650e+02
|        ( QUESTION0_9_R 1 2.663e+03 2.246e+02 1.431e+02
|            ( - 1.083e+03 5 0 QUESTION7 1 1.508e+02 6.506e+01)
|            ( - 1.356e+03 3 0 QUESTION0_0_R 1 1.929e+02 7.799e+01))
|        ( QUESTION1 -1 1.587e+04 3.021e+02 8.220e+02
|            ( QUESTION8 1 1.159e+04 2.332e+02 6.021e+02
|                ( - 1.017e+03 3 0 QUESTION0_18_R 1 1.071e+02 6.396e+01)
|                ( - 1.034e+04 6 0 QUESTION5 1 2.075e+02 5.381e+02))
|            ( QUESTION0_11_R 1 3.975e+03 2.421e+02 2.199e+02
|                ( - 9.730e+02 5 0 QUESTION2_3_L -1 1.505e+02 5.997e+01)
|                ( - 2.760e+03 16 0 QUESTION0_1_R 1 1.916e+02 1.599e+02)))))
s>    ( QUESTION2_18_L -1 2.383e+04 3.943e+02 1.207e+03
s>        ( QUESTION7 1 4.598e+03 2.983e+02 2.423e+02
s>            ( - 1.645e+03 4 0 QUESTION0_18_R 1 1.714e+02 9.509e+01)
s>            ( - 2.655e+03 8 0 QUESTION11 1 2.163e+02 1.472e+02))
s>        ( QUESTION16 -1 1.884e+04 3.085e+02 9.650e+02
s>            ( QUESTION0_9_R 1 2.663e+03 2.246e+02 1.431e+02
s>                ( - 1.083e+03 5 0 QUESTION7 1 1.508e+02 6.506e+01)
s>                ( - 1.356e+03 3 0 QUESTION0_0_R 1 1.929e+02 7.799e+01))
s>            ( QUESTION1 -1 1.587e+04 3.021e+02 8.220e+02
s>                ( QUESTION8 1 1.159e+04 2.332e+02 6.021e+02
s>                    ( - 1.017e+03 3 0 QUESTION0_18_R 1 1.071e+02 6.396e+01)
s>                    ( - 1.034e+04 6 0 QUESTION5 1 2.075e+02 5.381e+02))
s>                ( QUESTION0_11_R 1 3.975e+03 2.421e+02 2.199e+02
s>                    ( - 9.730e+02 5 0 QUESTION2_3_L -1 1.505e+02 5.997e+01)
s>                    ( - 2.760e+03 16 0 QUESTION0_1_R 1 1.916e+02 1.599e+02)))))INFO: dtree.c(1315): Comp split 4
INFO: dtree.c(1478): Final simple tree
|( WDBNDRY_E 0 5.491e+03 2.980e+02 2.852e+02
|    ( QUESTION11 1 2.655e+03 2.163e+02 1.472e+02
|        ( QUESTION0_10_R 1 9.754e+02 1.795e+02 6.020e+01
|            ( - 4.472e+02 1 0)
|            ( - 3.488e+02 1 0))
|        ( QUESTION0_0_R 1 1.463e+03 1.723e+02 8.700e+01
|            ( - 2.955e+02 3 0 QUESTION0_4_R 1 5.982e+01 2.400e+01)
|            ( QUESTION0_14_R 1 9.953e+02 1.182e+02 6.300e+01
|                ( - 1.778e+02 1 0)
|                ( - 6.993e+02 2 0 QUESTION0_8_R 1 9.562e+01 4.800e+01))))
|    ( QUESTION0_0_R 1 2.538e+03 2.222e+02 1.380e+02
|        ( - 3.712e+02 1 0)
|        ( QUESTION0 -1 1.945e+03 2.056e+02 1.109e+02
|            ( - 6.070e+02 2 0 QUESTION0_12_R 1 1.100e+02 4.000e+01)
|            ( - 1.132e+03 5 0 QUESTION0_8_R 1 1.100e+02 7.095e+01))))
s>    ( WDBNDRY_E 0 5.491e+03 2.980e+02 2.852e+02
s>        ( QUESTION11 1 2.655e+03 2.163e+02 1.472e+02
s>            ( QUESTION0_10_R 1 9.754e+02 1.795e+02 6.020e+01
s>                ( - 4.472e+02 1 0)
s>                ( - 3.488e+02 1 0))
s>            ( QUESTION0_0_R 1 1.463e+03 1.723e+02 8.700e+01
s>                ( - 2.955e+02 3 0 QUESTION0_4_R 1 5.982e+01 2.400e+01)
s>                ( QUESTION0_14_R 1 9.953e+02 1.182e+02 6.300e+01
s>                    ( - 1.778e+02 1 0)
s>                    ( - 6.993e+02 2 0 QUESTION0_8_R 1 9.562e+01 4.800e+01))))
s>        ( QUESTION0_0_R 1 2.538e+03 2.222e+02 1.380e+02
s>            ( - 3.712e+02 1 0)
s>            ( QUESTION0 -1 1.945e+03 2.056e+02 1.109e+02
s>                ( - 6.070e+02 2 0 QUESTION0_12_R 1 1.100e+02 4.000e+01)
s>                ( - 1.132e+03 5 0 QUESTION0_8_R 1 1.100e+02 7.095e+01))))INFO: dtree.c(1478): Final simple tree
|( QUESTION8 1 1.782e+04 2.785e+02 9.221e+02
|    ( WDBNDRY_E 0 2.623e+03 1.962e+02 1.501e+02
|        ( - 1.005e+03 3 0 QUESTION0_18_R 1 1.434e+02 6.210e+01)
|        ( - 1.422e+03 6 0 QUESTION0_18_R 1 1.275e+02 8.796e+01))
|    ( QUESTION0 1 1.492e+04 2.588e+02 7.721e+02
|        ( - 1.894e+03 5 0 QUESTION1 -1 1.469e+02 1.099e+02)
|        ( QUESTION16 -1 1.276e+04 2.453e+02 6.622e+02
|            ( - 7.659e+02 3 0 QUESTION7 1 1.262e+02 4.906e+01)
|            ( QUESTION1 -1 1.175e+04 2.195e+02 6.131e+02
|                ( QUESTION4 1 9.498e+03 1.749e+02 4.941e+02
|                    ( - 5.184e+02 3 0 QUESTION0_8_R 1 1.104e+02 3.478e+01)
|                    ( - 8.804e+03 2 0 QUESTION0_0_R 1 4.371e+01 4.593e+02))
|                ( QUESTION2_18_L -1 2.036e+03 1.976e+02 1.190e+02
|                    ( - 4.760e+02 1 0)
|                    ( - 1.362e+03 11 0 QUESTION2_2_L -1 1.144e+02 8.600e+01))))))
s>    ( QUESTION8 1 1.782e+04 2.785e+02 9.221e+02
s>        ( WDBNDRY_E 0 2.623e+03 1.962e+02 1.501e+02
s>            ( - 1.005e+03 3 0 QUESTION0_18_R 1 1.434e+02 6.210e+01)
s>            ( - 1.422e+03 6 0 QUESTION0_18_R 1 1.275e+02 8.796e+01))
s>        ( QUESTION0 1 1.492e+04 2.588e+02 7.721e+02
s>            ( - 1.894e+03 5 0 QUESTION1 -1 1.469e+02 1.099e+02)
s>            ( QUESTION16 -1 1.276e+04 2.453e+02 6.622e+02
s>                ( - 7.659e+02 3 0 QUESTION7 1 1.262e+02 4.906e+01)
s>                ( QUESTION1 -1 1.175e+04 2.195e+02 6.131e+02
s>                    ( QUESTION4 1 9.498e+03 1.749e+02 4.941e+02
s>                        ( - 5.184e+02 3 0 QUESTION0_8_R 1 1.104e+02 3.478e+01)
s>                        ( - 8.804e+03 2 0 QUESTION0_0_R 1 4.371e+01 4.593e+02))
s>                    ( QUESTION2_18_L -1 2.036e+03 1.976e+02 1.190e+02
s>                        ( - 4.760e+02 1 0)
s>                        ( - 1.362e+03 11 0 QUESTION2_2_L -1 1.144e+02 8.600e+01))))))INFO: dtree.c(1315): Comp split 5
INFO: dtree.c(1439): stop. leaf nodes are specific
INFO: dtree.c(1478): Final simple tree
|( WDBNDRY_E 0 1.869e+03 2.025e+02 1.072e+02
|    ( QUESTION0_10_R 1 1.296e+03 1.493e+02 8.020e+01
|        ( - 4.472e+02 1 0)
|        ( QUESTION0_8_R 1 6.993e+02 9.562e+01 4.800e+01
|            ( - 2.938e+02 1 0)
|            ( - 3.099e+02 1 0)))
|    ( - 3.712e+02 1 0))
s>    ( WDBNDRY_E 0 1.869e+03 2.025e+02 1.072e+02
s>        ( QUESTION0_10_R 1 1.296e+03 1.493e+02 8.020e+01
s>            ( - 4.472e+02 1 0)
s>            ( QUESTION0_8_R 1 6.993e+02 9.562e+01 4.800e+01
s>                ( - 2.938e+02 1 0)
s>                ( - 3.099e+02 1 0)))
s>        ( - 3.712e+02 1 0))INFO: dtree.c(1478): Final simple tree
|( QUESTION10 1 3.197e+03 2.280e+02 1.779e+02
|    ( QUESTION2_3_L -1 1.356e+03 1.616e+02 8.300e+01
|        ( - 3.112e+02 1 0)
|        ( QUESTION0_14_R 1 8.829e+02 1.002e+02 5.900e+01
|            ( - 1.778e+02 1 0)
|            ( WDBNDRY_E 0 6.050e+02 7.773e+01 4.400e+01
|                ( - 3.488e+02 1 0)
|                ( - 1.785e+02 2 0 QUESTION4 -1 2.414e+01 1.600e+01))))
|    ( QUESTION0_8_R 1 1.613e+03 1.738e+02 9.495e+01
|        ( QUESTION2_9_L -1 7.918e+02 8.633e+01 5.097e+01
|            ( - 9.749e+01 1 0)
|            ( - 6.080e+02 1 0))
|        ( WDBNDRY_E 0 6.472e+02 1.036e+02 4.397e+01
|            ( - 2.955e+02 3 0 QUESTION0_4_R 1 5.982e+01 2.400e+01)
|            ( - 2.481e+02 2 0 QUESTION0 -1 4.490e+01 1.997e+01))))
s>    ( QUESTION10 1 3.197e+03 2.280e+02 1.779e+02
s>        ( QUESTION2_3_L -1 1.356e+03 1.616e+02 8.300e+01
s>            ( - 3.112e+02 1 0)
s>            ( QUESTION0_14_R 1 8.829e+02 1.002e+02 5.900e+01
s>                ( - 1.778e+02 1 0)
s>                ( WDBNDRY_E 0 6.050e+02 7.773e+01 4.400e+01
s>                    ( - 3.488e+02 1 0)
s>                    ( - 1.785e+02 2 0 QUESTION4 -1 2.414e+01 1.600e+01))))
s>        ( QUESTION0_8_R 1 1.613e+03 1.738e+02 9.495e+01
s>            ( QUESTION2_9_L -1 7.918e+02 8.633e+01 5.097e+01
s>                ( - 9.749e+01 1 0)
s>                ( - 6.080e+02 1 0))
s>            ( WDBNDRY_E 0 6.472e+02 1.036e+02 4.397e+01
s>                ( - 2.955e+02 3 0 QUESTION0_4_R 1 5.982e+01 2.400e+01)
s>                ( - 2.481e+02 2 0 QUESTION0 -1 4.490e+01 1.997e+01))))INFO: dtree.c(1315): Comp split 6
INFO: dtree.c(1478): Final simple tree
|( QUESTION0 -1 8.241e+03 2.750e+02 4.315e+02
|    ( QUESTION0_14_R 1 4.111e+03 2.242e+02 2.236e+02
|        ( - 1.990e+03 2 0)
|        ( QUESTION1 1 1.897e+03 1.663e+02 1.081e+02
|            ( - 1.059e+03 2 0)
|            ( - 6.724e+02 5 0 QUESTION0_8_R 1 1.031e+02 4.400e+01)))
|    ( QUESTION0_14_R 1 3.855e+03 2.590e+02 2.079e+02
|        ( QUESTION2_1_L -1 1.839e+03 2.044e+02 1.058e+02
|            ( - 6.039e+02 2 0)
|            ( - 1.031e+03 2 0 QUESTION4 -1 1.428e+02 6.684e+01))
|        ( QUESTION2_5_L -1 1.757e+03 1.736e+02 1.020e+02
|            ( - 8.005e+02 2 0 QUESTION0 1 1.021e+02 5.301e+01)
|            ( QUESTION0_8_R 1 7.825e+02 1.505e+02 4.900e+01
|                ( - 3.446e+02 4 0 QUESTION10 -1 6.734e+01 2.600e+01)
|                ( - 2.874e+02 1 0)))))
s>    ( QUESTION0 -1 8.241e+03 2.750e+02 4.315e+02
s>        ( QUESTION0_14_R 1 4.111e+03 2.242e+02 2.236e+02
s>            ( - 1.990e+03 2 0)
s>            ( QUESTION1 1 1.897e+03 1.663e+02 1.081e+02
s>                ( - 1.059e+03 2 0)
s>                ( - 6.724e+02 5 0 QUESTION0_8_R 1 1.031e+02 4.400e+01)))
s>        ( QUESTION0_14_R 1 3.855e+03 2.590e+02 2.079e+02
s>            ( QUESTION2_1_L -1 1.839e+03 2.044e+02 1.058e+02
s>                ( - 6.039e+02 2 0)
s>                ( - 1.031e+03 2 0 QUESTION4 -1 1.428e+02 6.684e+01))
s>            ( QUESTION2_5_L -1 1.757e+03 1.736e+02 1.020e+02
s>                ( - 8.005e+02 2 0 QUESTION0 1 1.021e+02 5.301e+01)
s>                ( QUESTION0_8_R 1 7.825e+02 1.505e+02 4.900e+01
s>                    ( - 3.446e+02 4 0 QUESTION10 -1 6.734e+01 2.600e+01)
s>                    ( - 2.874e+02 1 0)))))INFO: dtree.c(1439): stop. leaf nodes are specific
INFO: dtree.c(1478): Final simple tree
|( QUESTION1 -1 8.037e+03 2.853e+02 4.071e+02
|    ( QUESTION0_8_R 1 4.199e+03 1.915e+02 2.158e+02
|        ( QUESTION1 1 2.715e+02 7.585e+01 2.136e+01
|            ( - 6.976e+01 1 0)
|            ( - 1.259e+02 1 0))
|        ( - 3.736e+03 2 0))
|    ( QUESTION0 -1 3.553e+03 1.957e+02 1.913e+02
|        ( WDBNDRY_E 0 2.127e+03 1.280e+02 1.153e+02
|            ( - 1.886e+03 1 0)
|            ( - 1.130e+02 1 0))
|        ( QUESTION0_8_R 1 1.230e+03 7.743e+01 7.601e+01
|            ( - 1.110e+02 1 0)
|            ( - 1.041e+03 1 0))))
s>    ( QUESTION1 -1 8.037e+03 2.853e+02 4.071e+02
s>        ( QUESTION0_8_R 1 4.199e+03 1.915e+02 2.158e+02
s>            ( QUESTION1 1 2.715e+02 7.585e+01 2.136e+01
s>                ( - 6.976e+01 1 0)
s>                ( - 1.259e+02 1 0))
s>            ( - 3.736e+03 2 0))
s>        ( QUESTION0 -1 3.553e+03 1.957e+02 1.913e+02
s>            ( WDBNDRY_E 0 2.127e+03 1.280e+02 1.153e+02
s>                ( - 1.886e+03 1 0)
s>                ( - 1.130e+02 1 0))
s>            ( QUESTION0_8_R 1 1.230e+03 7.743e+01 7.601e+01
s>                ( - 1.110e+02 1 0)
s>                ( - 1.041e+03 1 0))))INFO: dtree.c(1315): Comp split 7
INFO: dtree.c(1478): Final simple tree
|( QUESTION0 -1 3.252e+03 2.359e+02 1.731e+02
|    ( QUESTION1 1 1.897e+03 1.663e+02 1.081e+02
|        ( - 1.059e+03 2 0)
|        ( QUESTION0_8_R 1 6.724e+02 1.031e+02 4.400e+01
|            ( WDBNDRY_E 0 3.861e+02 7.030e+01 2.800e+01
|                ( - 2.746e+02 3 0)
|                ( - 4.121e+01 1 0))
|            ( - 1.832e+02 1 0)))
|    ( QUESTION0_8_R 1 1.119e+03 1.700e+02 6.500e+01
|        ( QUESTION10 -1 3.446e+02 6.734e+01 2.600e+01
|            ( - 6.302e+01 1 0)
|            ( QUESTION4 -1 2.143e+02 4.986e+01 1.800e+01
|                ( - 9.631e+01 2 0 QUESTION0 1 3.498e+01 1.000e+01)
|                ( - 6.810e+01 1 0)))
|        ( - 6.039e+02 2 0)))
s>    ( QUESTION0 -1 3.252e+03 2.359e+02 1.731e+02
s>        ( QUESTION1 1 1.897e+03 1.663e+02 1.081e+02
s>            ( - 1.059e+03 2 0)
s>            ( QUESTION0_8_R 1 6.724e+02 1.031e+02 4.400e+01
s>                ( WDBNDRY_E 0 3.861e+02 7.030e+01 2.800e+01
s>                    ( - 2.746e+02 3 0)
s>                    ( - 4.121e+01 1 0))
s>                ( - 1.832e+02 1 0)))
s>        ( QUESTION0_8_R 1 1.119e+03 1.700e+02 6.500e+01
s>            ( QUESTION10 -1 3.446e+02 6.734e+01 2.600e+01
s>                ( - 6.302e+01 1 0)
s>                ( QUESTION4 -1 2.143e+02 4.986e+01 1.800e+01
s>                    ( - 9.631e+01 2 0 QUESTION0 1 3.498e+01 1.000e+01)
s>                    ( - 6.810e+01 1 0)))
s>            ( - 6.039e+02 2 0)))INFO: dtree.c(1439): stop. leaf nodes are specific
INFO: dtree.c(1478): Final simple tree
|( QUESTION4 -1 4.645e+03 2.412e+02 2.584e+02
|    ( QUESTION0_14_R 1 1.819e+03 1.865e+02 1.080e+02
|        ( - 4.541e+02 1 0)
|        ( QUESTION0 1 1.178e+03 9.388e+01 7.601e+01
|            ( - 2.792e+02 1 0)
|            ( QUESTION0_8_R 1 8.054e+02 9.877e+01 5.301e+01
|                ( - 4.193e+02 1 0)
|                ( - 2.874e+02 1 0))))
|    ( QUESTION0 -1 2.585e+03 1.613e+02 1.504e+02
|        ( - 1.990e+03 2 0)
|        ( - 4.342e+02 1 0)))
s>    ( QUESTION4 -1 4.645e+03 2.412e+02 2.584e+02
s>        ( QUESTION0_14_R 1 1.819e+03 1.865e+02 1.080e+02
s>            ( - 4.541e+02 1 0)
s>            ( QUESTION0 1 1.178e+03 9.388e+01 7.601e+01
s>                ( - 2.792e+02 1 0)
s>                ( QUESTION0_8_R 1 8.054e+02 9.877e+01 5.301e+01
s>                    ( - 4.193e+02 1 0)
s>                    ( - 2.874e+02 1 0))))
s>        ( QUESTION0 -1 2.585e+03 1.613e+02 1.504e+02
s>            ( - 1.990e+03 2 0)
s>            ( - 4.342e+02 1 0)))INFO: dtree.c(1315): Comp split 8
INFO: dtree.c(1478): Final simple tree
|( QUESTION1 -1 1.115e+04 2.662e+02 5.762e+02
|    ( QUESTION4 1 9.498e+03 1.749e+02 4.941e+02
|        ( QUESTION0_8_R 1 5.184e+02 1.104e+02 3.478e+01
|            ( - 1.915e+02 1 0)
|            ( - 2.165e+02 2 0))
|        ( QUESTION0_0_R 1 8.804e+03 4.371e+01 4.593e+02
|            ( - 2.800e+01 1 0)
|            ( - 8.733e+03 1 0)))
|    ( QUESTION2_9_L -1 1.390e+03 1.543e+02 8.206e+01
|        ( QUESTION0_10_R 1 5.939e+02 8.999e+01 4.006e+01
|            ( - 4.257e+02 1 0)
|            ( - 7.819e+01 1 0))
|        ( WDBNDRY_E 0 6.415e+02 8.011e+01 4.200e+01
|            ( - 4.760e+02 1 0)
|            ( - 8.537e+01 1 0))))
s>    ( QUESTION1 -1 1.115e+04 2.662e+02 5.762e+02
s>        ( QUESTION4 1 9.498e+03 1.749e+02 4.941e+02
s>            ( QUESTION0_8_R 1 5.184e+02 1.104e+02 3.478e+01
s>                ( - 1.915e+02 1 0)
s>                ( - 2.165e+02 2 0))
s>            ( QUESTION0_0_R 1 8.804e+03 4.371e+01 4.593e+02
s>                ( - 2.800e+01 1 0)
s>                ( - 8.733e+03 1 0)))
s>        ( QUESTION2_9_L -1 1.390e+03 1.543e+02 8.206e+01
s>            ( QUESTION0_10_R 1 5.939e+02 8.999e+01 4.006e+01
s>                ( - 4.257e+02 1 0)
s>                ( - 7.819e+01 1 0))
s>            ( WDBNDRY_E 0 6.415e+02 8.011e+01 4.200e+01
s>                ( - 4.760e+02 1 0)
s>                ( - 8.537e+01 1 0))))INFO: dtree.c(1478): Final simple tree
|( QUESTION0_1_R 1 6.331e+03 2.583e+02 3.460e+02
|    ( QUESTION1 -1 1.656e+03 1.353e+02 9.791e+01
|        ( - 6.659e+02 1 0)
|        ( - 8.551e+02 3 0 QUESTION0 -1 1.006e+02 5.389e+01))
|    ( QUESTION2_10_L -1 4.416e+03 2.206e+02 2.481e+02
|        ( QUESTION0_18_R 1 1.092e+03 1.488e+02 6.710e+01
|            ( - 5.356e+02 1 0)
|            ( - 4.079e+02 3 0 QUESTION0_17_R 1 7.083e+01 2.900e+01))
|        ( QUESTION8 1 3.103e+03 2.000e+02 1.810e+02
|            ( QUESTION0_18_R 1 1.422e+03 1.275e+02 8.796e+01
|                ( - 5.140e+02 3 0 SILENCE -1 6.907e+01 3.996e+01)
|                ( - 7.807e+02 3 0 QUESTION0_10_R 1 1.087e+02 4.800e+01))
|            ( QUESTION0_13_R 1 1.481e+03 1.112e+02 9.300e+01
|                ( - 4.808e+02 4 0 SILENCE -1 6.298e+01 3.400e+01)
|                ( - 8.889e+02 7 0 QUESTION0_0_R 1 9.787e+01 5.900e+01)))))
s>    ( QUESTION0_1_R 1 6.331e+03 2.583e+02 3.460e+02
s>        ( QUESTION1 -1 1.656e+03 1.353e+02 9.791e+01
s>            ( - 6.659e+02 1 0)
s>            ( - 8.551e+02 3 0 QUESTION0 -1 1.006e+02 5.389e+01))
s>        ( QUESTION2_10_L -1 4.416e+03 2.206e+02 2.481e+02
s>            ( QUESTION0_18_R 1 1.092e+03 1.488e+02 6.710e+01
s>                ( - 5.356e+02 1 0)
s>                ( - 4.079e+02 3 0 QUESTION0_17_R 1 7.083e+01 2.900e+01))
s>            ( QUESTION8 1 3.103e+03 2.000e+02 1.810e+02
s>                ( QUESTION0_18_R 1 1.422e+03 1.275e+02 8.796e+01
s>                    ( - 5.140e+02 3 0 SILENCE -1 6.907e+01 3.996e+01)
s>                    ( - 7.807e+02 3 0 QUESTION0_10_R 1 1.087e+02 4.800e+01))
s>                ( QUESTION0_13_R 1 1.481e+03 1.112e+02 9.300e+01
s>                    ( - 4.808e+02 4 0 SILENCE -1 6.298e+01 3.400e+01)
s>                    ( - 8.889e+02 7 0 QUESTION0_0_R 1 9.787e+01 5.900e+01)))))INFO: dtree.c(1315): Comp split 9
INFO: dtree.c(1478): Final simple tree
|( QUESTION7 1 2.128e+03 1.371e+02 1.330e+02
|    ( QUESTION0 -1 1.031e+03 1.005e+02 7.196e+01
|        ( - 4.043e+02 2 0 WDBNDRY_E 0 5.274e+01 3.296e+01)
|        ( QUESTION10 -1 5.262e+02 6.501e+01 3.900e+01
|            ( - 7.467e+01 1 0)
|            ( QUESTION0_10_R 1 3.865e+02 5.737e+01 3.100e+01
|                ( - 1.434e+02 2 0 SILENCE -1 3.111e+01 1.400e+01)
|                ( - 1.858e+02 2 0 SILENCE -1 4.593e+01 1.700e+01))))
|    ( QUESTION0_0_R 1 9.600e+02 1.070e+02 6.100e+01
|        ( - 1.813e+02 2 0 SILENCE -1 3.843e+01 1.600e+01)
|        ( QUESTION0_14_R 1 6.716e+02 7.421e+01 4.500e+01
|            ( SILENCE -1 3.205e+02 5.890e+01 2.400e+01
|                ( - 5.518e+01 1 0)
|                ( - 2.065e+02 2 0))
|            ( - 2.769e+02 2 0 WDBNDRY_E 0 5.124e+01 2.100e+01))))
s>    ( QUESTION7 1 2.128e+03 1.371e+02 1.330e+02
s>        ( QUESTION0 -1 1.031e+03 1.005e+02 7.196e+01
s>            ( - 4.043e+02 2 0 WDBNDRY_E 0 5.274e+01 3.296e+01)
s>            ( QUESTION10 -1 5.262e+02 6.501e+01 3.900e+01
s>                ( - 7.467e+01 1 0)
s>                ( QUESTION0_10_R 1 3.865e+02 5.737e+01 3.100e+01
s>                    ( - 1.434e+02 2 0 SILENCE -1 3.111e+01 1.400e+01)
s>                    ( - 1.858e+02 2 0 SILENCE -1 4.593e+01 1.700e+01))))
s>        ( QUESTION0_0_R 1 9.600e+02 1.070e+02 6.100e+01
s>            ( - 1.813e+02 2 0 SILENCE -1 3.843e+01 1.600e+01)
s>            ( QUESTION0_14_R 1 6.716e+02 7.421e+01 4.500e+01
s>                ( SILENCE -1 3.205e+02 5.890e+01 2.400e+01
s>                    ( - 5.518e+01 1 0)
s>                    ( - 2.065e+02 2 0))
s>                ( - 2.769e+02 2 0 WDBNDRY_E 0 5.124e+01 2.100e+01))))INFO: dtree.c(1478): Final simple tree
|( QUESTION0_0_R 1 3.899e+03 2.151e+02 2.130e+02
|    ( QUESTION1 -1 1.656e+03 1.353e+02 9.791e+01
|        ( - 6.659e+02 1 0)
|        ( QUESTION0 -1 8.551e+02 1.006e+02 5.389e+01
|            ( - 4.406e+02 1 0)
|            ( QUESTION2_1_L -1 3.138e+02 6.959e+01 2.289e+01
|                ( - 1.185e+02 1 0)
|                ( - 1.257e+02 1 0))))
|    ( QUESTION0_18_R 1 2.028e+03 1.666e+02 1.151e+02
|        ( - 5.356e+02 1 0)
|        ( QUESTION0_17_R 1 1.325e+03 1.467e+02 7.700e+01
|            ( WDBNDRY_E 0 7.665e+02 1.173e+02 4.700e+01
|                ( - 2.581e+02 1 0)
|                ( - 3.911e+02 1 0))
|            ( - 4.122e+02 4 0 QUESTION0 -1 6.360e+01 3.000e+01))))
s>    ( QUESTION0_0_R 1 3.899e+03 2.151e+02 2.130e+02
s>        ( QUESTION1 -1 1.656e+03 1.353e+02 9.791e+01
s>            ( - 6.659e+02 1 0)
s>            ( QUESTION0 -1 8.551e+02 1.006e+02 5.389e+01
s>                ( - 4.406e+02 1 0)
s>                ( QUESTION2_1_L -1 3.138e+02 6.959e+01 2.289e+01
s>                    ( - 1.185e+02 1 0)
s>                    ( - 1.257e+02 1 0))))
s>        ( QUESTION0_18_R 1 2.028e+03 1.666e+02 1.151e+02
s>            ( - 5.356e+02 1 0)
s>            ( QUESTION0_17_R 1 1.325e+03 1.467e+02 7.700e+01
s>                ( WDBNDRY_E 0 7.665e+02 1.173e+02 4.700e+01
s>                    ( - 2.581e+02 1 0)
s>                    ( - 3.911e+02 1 0))
s>                ( - 4.122e+02 4 0 QUESTION0 -1 6.360e+01 3.000e+01))))INFO: dtree.c(1315): Comp split 10
INFO: dtree.c(1439): stop. leaf nodes are specific
INFO: dtree.c(1478): Final simple tree
|( QUESTION7 1 1.701e+03 1.784e+02 9.983e+01
|    ( WDBNDRY_E 0 1.058e+03 1.565e+02 6.406e+01
|        ( - 4.760e+02 1 0)
|        ( - 4.257e+02 1 0))
|    ( QUESTION0_8_R 1 4.644e+02 5.894e+01 3.577e+01
|        ( - 1.915e+02 1 0)
|        ( QUESTION0_10_R 1 2.140e+02 5.046e+01 1.800e+01
|            ( - 8.537e+01 1 0)
|            ( - 7.819e+01 1 0))))
s>    ( QUESTION7 1 1.701e+03 1.784e+02 9.983e+01
s>        ( WDBNDRY_E 0 1.058e+03 1.565e+02 6.406e+01
s>            ( - 4.760e+02 1 0)
s>            ( - 4.257e+02 1 0))
s>        ( QUESTION0_8_R 1 4.644e+02 5.894e+01 3.577e+01
s>            ( - 1.915e+02 1 0)
s>            ( QUESTION0_10_R 1 2.140e+02 5.046e+01 1.800e+01
s>                ( - 8.537e+01 1 0)
s>                ( - 7.819e+01 1 0))))INFO: dtree.c(1439): stop. leaf nodes are specific
INFO: dtree.c(1478): Final simple tree
|( QUESTION0_13_R 1 9.151e+03 1.300e+02 4.763e+02
|    ( - 2.165e+02 2 0)
|    ( QUESTION0_0_R 1 8.804e+03 4.371e+01 4.593e+02
|        ( - 2.800e+01 1 0)
|        ( - 8.733e+03 1 0)))
s>    ( QUESTION0_13_R 1 9.151e+03 1.300e+02 4.763e+02
s>        ( - 2.165e+02 2 0)
s>        ( QUESTION0_0_R 1 8.804e+03 4.371e+01 4.593e+02
s>            ( - 2.800e+01 1 0)
s>            ( - 8.733e+03 1 0)))INFO: dtree.c(1315): Comp split 11
INFO: dtree.c(1439): stop. leaf nodes are specific
INFO: dtree.c(1478): Final simple tree
|( QUESTION0 -1 3.820e+03 2.076e+02 2.043e+02
|    ( WDBNDRY_E 0 2.383e+03 1.858e+02 1.283e+02
|        ( - 1.886e+03 1 0)
|        ( QUESTION0_8_R 1 3.109e+02 7.198e+01 2.429e+01
|            ( - 1.259e+02 1 0)
|            ( - 1.130e+02 1 0)))
|    ( QUESTION0_8_R 1 1.230e+03 7.743e+01 7.601e+01
|        ( - 1.110e+02 1 0)
|        ( - 1.041e+03 1 0)))
s>    ( QUESTION0 -1 3.820e+03 2.076e+02 2.043e+02
s>        ( WDBNDRY_E 0 2.383e+03 1.858e+02 1.283e+02
s>            ( - 1.886e+03 1 0)
s>            ( QUESTION0_8_R 1 3.109e+02 7.198e+01 2.429e+01
s>                ( - 1.259e+02 1 0)
s>                ( - 1.130e+02 1 0)))
s>        ( QUESTION0_8_R 1 1.230e+03 7.743e+01 7.601e+01
s>            ( - 1.110e+02 1 0)
s>            ( - 1.041e+03 1 0)))INFO: dtree.c(1439): stop. leaf nodes are specific
INFO: dtree.c(1478): Final simple tree
|( QUESTION0_8_R 1 3.920e+03 1.142e+02 2.028e+02
|    ( - 6.976e+01 1 0)
|    ( - 3.736e+03 2 0))
s>    ( QUESTION0_8_R 1 3.920e+03 1.142e+02 2.028e+02
s>        ( - 6.976e+01 1 0)
s>        ( - 3.736e+03 2 0))INFO: dtree.c(1315): Comp split 12
INFO: dtree.c(1439): stop. leaf nodes are specific
INFO: dtree.c(1478): Final simple tree
|( QUESTION0 1 1.365e+03 1.572e+02 7.900e+01
|    ( WDBNDRY_E 0 5.302e+02 1.019e+02 3.600e+01
|        ( - 2.746e+02 3 0)
|        ( QUESTION4 -1 1.537e+02 4.707e+01 1.400e+01
|            ( - 4.357e+01 1 0)
|            ( - 6.302e+01 1 0)))
|    ( QUESTION0_8_R 1 6.774e+02 5.578e+01 4.300e+01
|        ( - 1.776e+01 1 0)
|        ( - 6.039e+02 2 0)))
s>    ( QUESTION0 1 1.365e+03 1.572e+02 7.900e+01
s>        ( WDBNDRY_E 0 5.302e+02 1.019e+02 3.600e+01
s>            ( - 2.746e+02 3 0)
s>            ( QUESTION4 -1 1.537e+02 4.707e+01 1.400e+01
s>                ( - 4.357e+01 1 0)
s>                ( - 6.302e+01 1 0)))
s>        ( QUESTION0_8_R 1 6.774e+02 5.578e+01 4.300e+01
s>            ( - 1.776e+01 1 0)
s>            ( - 6.039e+02 2 0)))INFO: dtree.c(1439): stop. leaf nodes are specific
INFO: dtree.c(1478): Final simple tree
|( QUESTION1 1 1.629e+03 1.520e+02 9.409e+01
|    ( - 1.059e+03 2 0)
|    ( QUESTION0 -1 4.180e+02 7.975e+01 3.000e+01
|        ( WDBNDRY_E 0 2.702e+02 4.578e+01 2.200e+01
|            ( - 1.832e+02 1 0)
|            ( - 4.121e+01 1 0))
|        ( - 6.810e+01 1 0)))
s>    ( QUESTION1 1 1.629e+03 1.520e+02 9.409e+01
s>        ( - 1.059e+03 2 0)
s>        ( QUESTION0 -1 4.180e+02 7.975e+01 3.000e+01
s>            ( WDBNDRY_E 0 2.702e+02 4.578e+01 2.200e+01
s>                ( - 1.832e+02 1 0)
s>                ( - 4.121e+01 1 0))
s>            ( - 6.810e+01 1 0)))INFO: dtree.c(1315): Comp split 13
INFO: dtree.c(1439): stop. leaf nodes are specific
INFO: dtree.c(1478): Final simple tree
|( QUESTION0_14_R 1 3.369e+03 2.005e+02 1.916e+02
|    ( - 1.990e+03 2 0)
|    ( QUESTION0 1 1.178e+03 9.388e+01 7.601e+01
|        ( - 2.792e+02 1 0)
|        ( QUESTION0_8_R 1 8.054e+02 9.877e+01 5.301e+01
|            ( - 4.193e+02 1 0)
|            ( - 2.874e+02 1 0))))
s>    ( QUESTION0_14_R 1 3.369e+03 2.005e+02 1.916e+02
s>        ( - 1.990e+03 2 0)
s>        ( QUESTION0 1 1.178e+03 9.388e+01 7.601e+01
s>            ( - 2.792e+02 1 0)
s>            ( QUESTION0_8_R 1 8.054e+02 9.877e+01 5.301e+01
s>                ( - 4.193e+02 1 0)
s>                ( - 2.874e+02 1 0))))INFO: dtree.c(1439): stop. leaf nodes are specific
INFO: dtree.c(1478): Final simple tree
|( QUESTION4 -1 1.031e+03 1.428e+02 6.684e+01
|    ( - 4.541e+02 1 0)
|    ( - 4.342e+02 1 0))
s>    ( QUESTION4 -1 1.031e+03 1.428e+02 6.684e+01
s>        ( - 4.541e+02 1 0)
s>        ( - 4.342e+02 1 0))INFO: dtree.c(1315): Comp split 14
INFO: dtree.c(1439): stop. leaf nodes are specific
INFO: dtree.c(1478): Final simple tree
|( QUESTION2_2_L -1 2.043e+03 1.600e+02 1.179e+02
|    ( QUESTION2 -1 1.433e+03 1.267e+02 8.691e+01
|        ( - 4.406e+02 1 0)
|        ( QUESTION0 -1 8.657e+02 7.408e+01 5.591e+01
|            ( - 6.659e+02 1 0)
|            ( - 1.257e+02 1 0)))
|    ( WDBNDRY_E 0 4.503e+02 7.371e+01 3.100e+01
|        ( - 2.581e+02 1 0)
|        ( - 1.185e+02 1 0)))
s>    ( QUESTION2_2_L -1 2.043e+03 1.600e+02 1.179e+02
s>        ( QUESTION2 -1 1.433e+03 1.267e+02 8.691e+01
s>            ( - 4.406e+02 1 0)
s>            ( QUESTION0 -1 8.657e+02 7.408e+01 5.591e+01
s>                ( - 6.659e+02 1 0)
s>                ( - 1.257e+02 1 0)))
s>        ( WDBNDRY_E 0 4.503e+02 7.371e+01 3.100e+01
s>            ( - 2.581e+02 1 0)
s>            ( - 1.185e+02 1 0)))INFO: dtree.c(1439): stop. leaf nodes are specific
INFO: dtree.c(1478): Final simple tree
|( QUESTION0_17_R 1 1.615e+03 1.511e+02 9.510e+01
|    ( WDBNDRY_E 0 1.052e+03 1.249e+02 6.510e+01
|        ( - 5.356e+02 1 0)
|        ( - 3.911e+02 1 0))
|    ( QUESTION0 -1 4.122e+02 6.360e+01 3.000e+01
|        ( QUESTION1 -1 2.901e+02 4.353e+01 2.300e+01
|            ( - 1.676e+02 1 0)
|            ( WDBNDRY_E 0 7.898e+01 2.128e+01 9.000e+00
|                ( - 1.833e+01 1 0)
|                ( - 3.936e+01 1 0)))
|        ( - 5.853e+01 1 0)))
s>    ( QUESTION0_17_R 1 1.615e+03 1.511e+02 9.510e+01
s>        ( WDBNDRY_E 0 1.052e+03 1.249e+02 6.510e+01
s>            ( - 5.356e+02 1 0)
s>            ( - 3.911e+02 1 0))
s>        ( QUESTION0 -1 4.122e+02 6.360e+01 3.000e+01
s>            ( QUESTION1 -1 2.901e+02 4.353e+01 2.300e+01
s>                ( - 1.676e+02 1 0)
s>                ( WDBNDRY_E 0 7.898e+01 2.128e+01 9.000e+00
s>                    ( - 1.833e+01 1 0)
s>                    ( - 3.936e+01 1 0)))
s>            ( - 5.853e+01 1 0)))INFO: dtree.c(1315): Comp split 15
INFO: dtree.c(1439): stop. leaf nodes are specific
INFO: dtree.c(1478): Final simple tree
|( QUESTION2_3_L -1 1.532e+03 1.641e+02 9.400e+01
|    ( - 3.112e+02 1 0)
|    ( QUESTION11 1 1.057e+03 1.138e+02 7.000e+01
|        ( WDBNDRY_E 0 6.050e+02 7.773e+01 4.400e+01
|            ( - 3.488e+02 1 0)
|            ( QUESTION4 -1 1.785e+02 2.414e+01 1.600e+01
|                ( - 8.140e+01 1 0)
|                ( - 7.295e+01 1 0)))
|        ( WDBNDRY_E 0 3.383e+02 6.306e+01 2.600e+01
|            ( - 1.778e+02 1 0)
|            ( - 9.749e+01 1 0))))
s>    ( QUESTION2_3_L -1 1.532e+03 1.641e+02 9.400e+01
s>        ( - 3.112e+02 1 0)
s>        ( QUESTION11 1 1.057e+03 1.138e+02 7.000e+01
s>            ( WDBNDRY_E 0 6.050e+02 7.773e+01 4.400e+01
s>                ( - 3.488e+02 1 0)
s>                ( QUESTION4 -1 1.785e+02 2.414e+01 1.600e+01
s>                    ( - 8.140e+01 1 0)
s>                    ( - 7.295e+01 1 0)))
s>            ( WDBNDRY_E 0 3.383e+02 6.306e+01 2.600e+01
s>                ( - 1.778e+02 1 0)
s>                ( - 9.749e+01 1 0))))INFO: dtree.c(1439): stop. leaf nodes are specific
INFO: dtree.c(1478): Final simple tree
|( QUESTION0 -1 1.425e+03 1.717e+02 8.395e+01
|    ( WDBNDRY_E 0 5.753e+02 9.401e+01 4.000e+01
|        ( QUESTION0_4_R 1 2.955e+02 5.982e+01 2.400e+01
|            ( - 1.562e+02 1 0)
|            ( QUESTION0_1_R 1 7.952e+01 3.086e+01 1.000e+01
|                ( - 2.763e+01 1 0)
|                ( - 2.102e+01 1 0)))
|        ( - 1.858e+02 1 0))
|    ( QUESTION0_8_R 1 6.779e+02 5.259e+01 4.395e+01
|        ( - 6.080e+02 1 0)
|        ( - 1.737e+01 1 0)))
s>    ( QUESTION0 -1 1.425e+03 1.717e+02 8.395e+01
s>        ( WDBNDRY_E 0 5.753e+02 9.401e+01 4.000e+01
s>            ( QUESTION0_4_R 1 2.955e+02 5.982e+01 2.400e+01
s>                ( - 1.562e+02 1 0)
s>                ( QUESTION0_1_R 1 7.952e+01 3.086e+01 1.000e+01
s>                    ( - 2.763e+01 1 0)
s>                    ( - 2.102e+01 1 0)))
s>            ( - 1.858e+02 1 0))
s>        ( QUESTION0_8_R 1 6.779e+02 5.259e+01 4.395e+01
s>            ( - 6.080e+02 1 0)
s>            ( - 1.737e+01 1 0)))INFO: dtree.c(1315): Comp split 16
INFO: dtree.c(1439): stop. leaf nodes are specific
INFO: dtree.c(1478): Final simple tree
|( QUESTION0_8_R 1 3.109e+02 7.198e+01 2.429e+01
|    ( - 1.259e+02 1 0)
|    ( - 1.130e+02 1 0))
s>    ( QUESTION0_8_R 1 3.109e+02 7.198e+01 2.429e+01
s>        ( - 1.259e+02 1 0)
s>        ( - 1.130e+02 1 0))INFO: dtree.c(1439): stop. leaf nodes are specific
INFO: dtree.c(1478): Final simple tree
|( WDBNDRY_E 0 3.298e+03 1.818e+02 1.800e+02
|    ( - 1.886e+03 1 0)
|    ( QUESTION0_8_R 1 1.230e+03 7.743e+01 7.601e+01
|        ( - 1.110e+02 1 0)
|        ( - 1.041e+03 1 0)))
s>    ( WDBNDRY_E 0 3.298e+03 1.818e+02 1.800e+02
s>        ( - 1.886e+03 1 0)
s>        ( QUESTION0_8_R 1 1.230e+03 7.743e+01 7.601e+01
s>            ( - 1.110e+02 1 0)
s>            ( - 1.041e+03 1 0)))INFO: dtree.c(1315): Comp split 17
INFO: dtree.c(1439): stop. leaf nodes are specific
INFO: dtree.c(1478): Final simple tree
|( QUESTION0_10_R 1 1.296e+03 1.493e+02 8.020e+01
|    ( - 4.472e+02 1 0)
|    ( QUESTION0_8_R 1 6.993e+02 9.562e+01 4.800e+01
|        ( - 2.938e+02 1 0)
|        ( - 3.099e+02 1 0)))
s>    ( QUESTION0_10_R 1 1.296e+03 1.493e+02 8.020e+01
s>        ( - 4.472e+02 1 0)
s>        ( QUESTION0_8_R 1 6.993e+02 9.562e+01 4.800e+01
s>            ( - 2.938e+02 1 0)
s>            ( - 3.099e+02 1 0)))INFO: dtree.c(1315): Comp split 18
INFO: dtree.c(1439): stop. leaf nodes are specific
INFO: dtree.c(1478): Final simple tree
|( QUESTION0 1 1.178e+03 9.388e+01 7.601e+01
|    ( - 2.792e+02 1 0)
|    ( QUESTION0_8_R 1 8.054e+02 9.877e+01 5.301e+01
|        ( - 4.193e+02 1 0)
|        ( - 2.874e+02 1 0)))
s>    ( QUESTION0 1 1.178e+03 9.388e+01 7.601e+01
s>        ( - 2.792e+02 1 0)
s>        ( QUESTION0_8_R 1 8.054e+02 9.877e+01 5.301e+01
s>            ( - 4.193e+02 1 0)
s>            ( - 2.874e+02 1 0)))INFO: dtree.c(1315): Comp split 19
INFO: dtree.c(1439): stop. leaf nodes are specific
INFO: dtree.c(1478): Final simple tree
|( WDBNDRY_E 0 1.075e+03 1.347e+02 6.877e+01
|    ( - 4.760e+02 1 0)
|    ( QUESTION0_8_R 1 4.644e+02 5.894e+01 3.577e+01
|        ( - 1.915e+02 1 0)
|        ( QUESTION0_10_R 1 2.140e+02 5.046e+01 1.800e+01
|            ( - 8.537e+01 1 0)
|            ( - 7.819e+01 1 0))))
s>    ( WDBNDRY_E 0 1.075e+03 1.347e+02 6.877e+01
s>        ( - 4.760e+02 1 0)
s>        ( QUESTION0_8_R 1 4.644e+02 5.894e+01 3.577e+01
s>            ( - 1.915e+02 1 0)
s>            ( QUESTION0_10_R 1 2.140e+02 5.046e+01 1.800e+01
s>                ( - 8.537e+01 1 0)
s>                ( - 7.819e+01 1 0))))INFO: dtree.c(1315): Comp split 20
INFO: dtree.c(1439): stop. leaf nodes are specific
INFO: dtree.c(1478): Final simple tree
|( QUESTION5 -1 6.072e+02 9.964e+01 4.199e+01
|    ( QUESTION6 -1 2.234e+02 6.158e+01 1.899e+01
|        ( - 9.715e+01 1 0)
|        ( - 6.471e+01 1 0))
|    ( QUESTION0 -1 2.842e+02 5.615e+01 2.300e+01
|        ( - 1.050e+02 1 0)
|        ( - 1.230e+02 1 0)))
s>    ( QUESTION5 -1 6.072e+02 9.964e+01 4.199e+01
s>        ( QUESTION6 -1 2.234e+02 6.158e+01 1.899e+01
s>            ( - 9.715e+01 1 0)
s>            ( - 6.471e+01 1 0))
s>        ( QUESTION0 -1 2.842e+02 5.615e+01 2.300e+01
s>            ( - 1.050e+02 1 0)
s>            ( - 1.230e+02 1 0)))INFO: dtree.c(1315): Comp split 21
INFO: dtree.c(1439): stop. leaf nodes are specific
INFO: dtree.c(1478): Final simple tree
|( QUESTION0_13_R 1 6.705e+02 8.714e+01 4.600e+01
|    ( WDBNDRY_E 0 3.627e+02 4.945e+01 2.700e+01
|        ( - 1.068e+02 1 0)
|        ( - 2.065e+02 2 0))
|    ( QUESTION0_8_R 1 2.207e+02 2.713e+01 1.900e+01
|        ( - 1.189e+02 1 0)
|        ( - 7.467e+01 1 0)))
s>    ( QUESTION0_13_R 1 6.705e+02 8.714e+01 4.600e+01
s>        ( WDBNDRY_E 0 3.627e+02 4.945e+01 2.700e+01
s>            ( - 1.068e+02 1 0)
s>            ( - 2.065e+02 2 0))
s>        ( QUESTION0_8_R 1 2.207e+02 2.713e+01 1.900e+01
s>            ( - 1.189e+02 1 0)
s>            ( - 7.467e+01 1 0)))INFO: dtree.c(1478): Final simple tree
|( QUESTION0_0_R 1 1.264e+03 1.069e+02 8.696e+01
|    ( SILENCE -1 1.813e+02 3.843e+01 1.600e+01
|        ( - 2.476e+01 1 0)
|        ( - 1.181e+02 1 0))
|    ( SILENCE -1 9.754e+02 8.505e+01 7.096e+01
|        ( QUESTION0_15_R 1 2.510e+02 5.684e+01 2.100e+01
|            ( - 6.684e+01 1 0)
|            ( - 1.273e+02 2 0 QUESTION0_10_R 1 3.178e+01 1.300e+01))
|        ( WDBNDRY_E 0 6.394e+02 5.922e+01 4.996e+01
|            ( - 9.185e+01 1 0)
|            ( QUESTION0 -1 4.883e+02 5.036e+01 3.996e+01
|                ( - 2.597e+02 1 0)
|                ( QUESTION0_10_R 1 1.782e+02 3.326e+01 1.700e+01
|                    ( - 7.195e+01 1 0)
|                    ( - 7.299e+01 1 0))))))
s>    ( QUESTION0_0_R 1 1.264e+03 1.069e+02 8.696e+01
s>        ( SILENCE -1 1.813e+02 3.843e+01 1.600e+01
s>            ( - 2.476e+01 1 0)
s>            ( - 1.181e+02 1 0))
s>        ( SILENCE -1 9.754e+02 8.505e+01 7.096e+01
s>            ( QUESTION0_15_R 1 2.510e+02 5.684e+01 2.100e+01
s>                ( - 6.684e+01 1 0)
s>                ( - 1.273e+02 2 0 QUESTION0_10_R 1 3.178e+01 1.300e+01))
s>            ( WDBNDRY_E 0 6.394e+02 5.922e+01 4.996e+01
s>                ( - 9.185e+01 1 0)
s>                ( QUESTION0 -1 4.883e+02 5.036e+01 3.996e+01
s>                    ( - 2.597e+02 1 0)
s>                    ( QUESTION0_10_R 1 1.782e+02 3.326e+01 1.700e+01
s>                        ( - 7.195e+01 1 0)
s>                        ( - 7.299e+01 1 0))))))INFO: dtree.c(1315): Comp split 22
INFO: dtree.c(1439): stop. leaf nodes are specific
INFO: dtree.c(1478): Final simple tree
|( QUESTION0_8_R 1 1.230e+03 7.743e+01 7.601e+01
|    ( - 1.110e+02 1 0)
|    ( - 1.041e+03 1 0))
s>    ( QUESTION0_8_R 1 1.230e+03 7.743e+01 7.601e+01
s>        ( - 1.110e+02 1 0)
s>        ( - 1.041e+03 1 0))INFO: dtree.c(1315): Comp split 23
INFO: dtree.c(1439): stop. leaf nodes are specific
INFO: dtree.c(1478): Final simple tree
|( WDBNDRY_E 0 5.753e+02 9.401e+01 4.000e+01
|    ( QUESTION0_4_R 1 2.955e+02 5.982e+01 2.400e+01
|        ( - 1.562e+02 1 0)
|        ( QUESTION0_1_R 1 7.952e+01 3.086e+01 1.000e+01
|            ( - 2.763e+01 1 0)
|            ( - 2.102e+01 1 0)))
|    ( - 1.858e+02 1 0))
s>    ( WDBNDRY_E 0 5.753e+02 9.401e+01 4.000e+01
s>        ( QUESTION0_4_R 1 2.955e+02 5.982e+01 2.400e+01
s>            ( - 1.562e+02 1 0)
s>            ( QUESTION0_1_R 1 7.952e+01 3.086e+01 1.000e+01
s>                ( - 2.763e+01 1 0)
s>                ( - 2.102e+01 1 0)))
s>        ( - 1.858e+02 1 0))INFO: dtree.c(1439): stop. leaf nodes are specific
INFO: dtree.c(1478): Final simple tree
|( QUESTION0_8_R 1 6.779e+02 5.259e+01 4.395e+01
|    ( - 6.080e+02 1 0)
|    ( - 1.737e+01 1 0))
s>    ( QUESTION0_8_R 1 6.779e+02 5.259e+01 4.395e+01
s>        ( - 6.080e+02 1 0)
s>        ( - 1.737e+01 1 0))INFO: dtree.c(1315): Comp split 24
INFO: dtree.c(1439): stop. leaf nodes are specific
INFO: dtree.c(1478): Final simple tree
|( QUESTION0 -1 8.657e+02 7.408e+01 5.591e+01
|    ( - 6.659e+02 1 0)
|    ( - 1.257e+02 1 0))
s>    ( QUESTION0 -1 8.657e+02 7.408e+01 5.591e+01
s>        ( - 6.659e+02 1 0)
s>        ( - 1.257e+02 1 0))INFO: dtree.c(1439): stop. leaf nodes are specific
INFO: dtree.c(1478): Final simple tree
|( QUESTION2_2_L -1 1.011e+03 1.200e+02 6.200e+01
|    ( - 4.406e+02 1 0)
|    ( WDBNDRY_E 0 4.503e+02 7.371e+01 3.100e+01
|        ( - 2.581e+02 1 0)
|        ( - 1.185e+02 1 0)))
s>    ( QUESTION2_2_L -1 1.011e+03 1.200e+02 6.200e+01
s>        ( - 4.406e+02 1 0)
s>        ( WDBNDRY_E 0 4.503e+02 7.371e+01 3.100e+01
s>            ( - 2.581e+02 1 0)
s>            ( - 1.185e+02 1 0)))INFO: dtree.c(1315): Comp split 25
INFO: dtree.c(1439): stop. leaf nodes are specific
INFO: dtree.c(1478): Final simple tree
|( QUESTION11 1 1.057e+03 1.138e+02 7.000e+01
|    ( WDBNDRY_E 0 6.050e+02 7.773e+01 4.400e+01
|        ( - 3.488e+02 1 0)
|        ( QUESTION4 -1 1.785e+02 2.414e+01 1.600e+01
|            ( - 8.140e+01 1 0)
|            ( - 7.295e+01 1 0)))
|    ( WDBNDRY_E 0 3.383e+02 6.306e+01 2.600e+01
|        ( - 1.778e+02 1 0)
|        ( - 9.749e+01 1 0)))
s>    ( QUESTION11 1 1.057e+03 1.138e+02 7.000e+01
s>        ( WDBNDRY_E 0 6.050e+02 7.773e+01 4.400e+01
s>            ( - 3.488e+02 1 0)
s>            ( QUESTION4 -1 1.785e+02 2.414e+01 1.600e+01
s>                ( - 8.140e+01 1 0)
s>                ( - 7.295e+01 1 0)))
s>        ( WDBNDRY_E 0 3.383e+02 6.306e+01 2.600e+01
s>            ( - 1.778e+02 1 0)
s>            ( - 9.749e+01 1 0)))INFO: dtree.c(1315): Comp split 26
INFO: dtree.c(1439): stop. leaf nodes are specific
INFO: dtree.c(1478): Final simple tree
|( QUESTION0_8_R 1 8.305e+02 1.107e+02 5.100e+01
|    ( QUESTION0 1 1.159e+02 3.515e+01 1.200e+01
|        ( - 6.302e+01 1 0)
|        ( - 1.776e+01 1 0))
|    ( - 6.039e+02 2 0))
s>    ( QUESTION0_8_R 1 8.305e+02 1.107e+02 5.100e+01
s>        ( QUESTION0 1 1.159e+02 3.515e+01 1.200e+01
s>            ( - 6.302e+01 1 0)
s>            ( - 1.776e+01 1 0))
s>        ( - 6.039e+02 2 0))INFO: dtree.c(1439): stop. leaf nodes are specific
INFO: dtree.c(1478): Final simple tree
|( WDBNDRY_E 0 3.767e+02 5.861e+01 2.800e+01
|    ( - 2.746e+02 3 0)
|    ( - 4.357e+01 1 0))
s>    ( WDBNDRY_E 0 3.767e+02 5.861e+01 2.800e+01
s>        ( - 2.746e+02 3 0)
s>        ( - 4.357e+01 1 0))INFO: dtree.c(1315): Comp split 27
INFO: dtree.c(1439): stop. leaf nodes are specific
INFO: dtree.c(1478): Final simple tree
|( QUESTION0 -1 4.180e+02 7.975e+01 3.000e+01
|    ( WDBNDRY_E 0 2.702e+02 4.578e+01 2.200e+01
|        ( - 1.832e+02 1 0)
|        ( - 4.121e+01 1 0))
|    ( - 6.810e+01 1 0))
s>    ( QUESTION0 -1 4.180e+02 7.975e+01 3.000e+01
s>        ( WDBNDRY_E 0 2.702e+02 4.578e+01 2.200e+01
s>            ( - 1.832e+02 1 0)
s>            ( - 4.121e+01 1 0))
s>        ( - 6.810e+01 1 0))INFO: dtree.c(1315): Comp split 28
INFO: dtree.c(1439): stop. leaf nodes are specific
INFO: dtree.c(1478): Final simple tree
|( QUESTION0 -1 4.122e+02 6.360e+01 3.000e+01
|    ( QUESTION1 -1 2.901e+02 4.353e+01 2.300e+01
|        ( - 1.676e+02 1 0)
|        ( WDBNDRY_E 0 7.898e+01 2.128e+01 9.000e+00
|            ( - 1.833e+01 1 0)
|            ( - 3.936e+01 1 0)))
|    ( - 5.853e+01 1 0))
s>    ( QUESTION0 -1 4.122e+02 6.360e+01 3.000e+01
s>        ( QUESTION1 -1 2.901e+02 4.353e+01 2.300e+01
s>            ( - 1.676e+02 1 0)
s>            ( WDBNDRY_E 0 7.898e+01 2.128e+01 9.000e+00
s>                ( - 1.833e+01 1 0)
s>                ( - 3.936e+01 1 0)))
s>        ( - 5.853e+01 1 0))INFO: dtree.c(1439): stop. leaf nodes are specific
INFO: dtree.c(1478): Final simple tree
|( WDBNDRY_E 0 1.052e+03 1.249e+02 6.510e+01
|    ( - 5.356e+02 1 0)
|    ( - 3.911e+02 1 0))
s>    ( WDBNDRY_E 0 1.052e+03 1.249e+02 6.510e+01
s>        ( - 5.356e+02 1 0)
s>        ( - 3.911e+02 1 0))INFO: dtree.c(1315): Comp split 29
INFO: dtree.c(1439): stop. leaf nodes are specific
INFO: dtree.c(1478): Final simple tree
|( QUESTION0_8_R 1 6.993e+02 9.562e+01 4.800e+01
|    ( - 2.938e+02 1 0)
|    ( - 3.099e+02 1 0))
s>    ( QUESTION0_8_R 1 6.993e+02 9.562e+01 4.800e+01
s>        ( - 2.938e+02 1 0)
s>        ( - 3.099e+02 1 0))INFO: dtree.c(1315): Comp split 30
INFO: dtree.c(1315): Comp split 31
INFO: dtree.c(1439): stop. leaf nodes are specific
INFO: dtree.c(1478): Final simple tree
|( QUESTION0_8_R 1 4.644e+02 5.894e+01 3.577e+01
|    ( - 1.915e+02 1 0)
|    ( QUESTION0_10_R 1 2.140e+02 5.046e+01 1.800e+01
|        ( - 8.537e+01 1 0)
|        ( - 7.819e+01 1 0)))
s>    ( QUESTION0_8_R 1 4.644e+02 5.894e+01 3.577e+01
s>        ( - 1.915e+02 1 0)
s>        ( QUESTION0_10_R 1 2.140e+02 5.046e+01 1.800e+01
s>            ( - 8.537e+01 1 0)
s>            ( - 7.819e+01 1 0)))INFO: dtree.c(1315): Comp split 32
INFO: dtree.c(1439): stop. leaf nodes are specific
INFO: dtree.c(1478): Final simple tree
|( SILENCE -1 4.316e+02 7.572e+01 3.300e+01
|    ( QUESTION0_0_R 1 1.259e+02 3.431e+01 1.200e+01
|        ( - 2.476e+01 1 0)
|        ( - 6.684e+01 1 0))
|    ( QUESTION0_0_R 1 2.300e+02 3.887e+01 2.100e+01
|        ( - 1.181e+02 1 0)
|        ( - 7.299e+01 1 0)))
s>    ( SILENCE -1 4.316e+02 7.572e+01 3.300e+01
s>        ( QUESTION0_0_R 1 1.259e+02 3.431e+01 1.200e+01
s>            ( - 2.476e+01 1 0)
s>            ( - 6.684e+01 1 0))
s>        ( QUESTION0_0_R 1 2.300e+02 3.887e+01 2.100e+01
s>            ( - 1.181e+02 1 0)
s>            ( - 7.299e+01 1 0)))INFO: dtree.c(1439): stop. leaf nodes are specific
INFO: dtree.c(1478): Final simple tree
|( QUESTION0_10_R 1 6.995e+02 6.948e+01 5.396e+01
|    ( QUESTION3 -1 2.719e+02 4.613e+01 2.400e+01
|        ( - 7.195e+01 1 0)
|        ( WDBNDRY_E 0 1.538e+02 2.167e+01 1.600e+01
|            ( - 9.185e+01 1 0)
|            ( - 4.033e+01 1 0)))
|    ( SILENCE -1 3.581e+02 4.317e+01 2.996e+01
|        ( - 5.518e+01 1 0)
|        ( - 2.597e+02 1 0)))
s>    ( QUESTION0_10_R 1 6.995e+02 6.948e+01 5.396e+01
s>        ( QUESTION3 -1 2.719e+02 4.613e+01 2.400e+01
s>            ( - 7.195e+01 1 0)
s>            ( WDBNDRY_E 0 1.538e+02 2.167e+01 1.600e+01
s>                ( - 9.185e+01 1 0)
s>                ( - 4.033e+01 1 0)))
s>        ( SILENCE -1 3.581e+02 4.317e+01 2.996e+01
s>            ( - 5.518e+01 1 0)
s>            ( - 2.597e+02 1 0)))INFO: dtree.c(1315): Comp split 33
INFO: dtree.c(1439): stop. leaf nodes are specific
INFO: dtree.c(1478): Final simple tree
|( QUESTION0_0_R 1 8.804e+03 4.371e+01 4.593e+02
|    ( - 2.800e+01 1 0)
|    ( - 8.733e+03 1 0))
s>    ( QUESTION0_0_R 1 8.804e+03 4.371e+01 4.593e+02
s>        ( - 2.800e+01 1 0)
s>        ( - 8.733e+03 1 0))INFO: dtree.c(1315): Comp split 34
INFO: dtree.c(1439): stop. leaf nodes are specific
INFO: dtree.c(1478): Final simple tree
|( QUESTION0_8_R 1 6.328e+02 6.627e+01 4.600e+01
|    ( - 2.792e+02 1 0)
|    ( - 2.874e+02 1 0))
s>    ( QUESTION0_8_R 1 6.328e+02 6.627e+01 4.600e+01
s>        ( - 2.792e+02 1 0)
s>        ( - 2.874e+02 1 0))INFO: dtree.c(1315): Comp split 35
INFO: dtree.c(1315): Comp split 36
INFO: dtree.c(1439): stop. leaf nodes are specific
INFO: dtree.c(1478): Final simple tree
|( WDBNDRY_E 0 4.503e+02 7.371e+01 3.100e+01
|    ( - 2.581e+02 1 0)
|    ( - 1.185e+02 1 0))
s>    ( WDBNDRY_E 0 4.503e+02 7.371e+01 3.100e+01
s>        ( - 2.581e+02 1 0)
s>        ( - 1.185e+02 1 0))INFO: dtree.c(1315): Comp split 37
INFO: dtree.c(1315): Comp split 38
INFO: dtree.c(1439): stop. leaf nodes are specific
INFO: dtree.c(1478): Final simple tree
|( WDBNDRY_E 0 6.050e+02 7.773e+01 4.400e+01
|    ( - 3.488e+02 1 0)
|    ( QUESTION4 -1 1.785e+02 2.414e+01 1.600e+01
|        ( - 8.140e+01 1 0)
|        ( - 7.295e+01 1 0)))
s>    ( WDBNDRY_E 0 6.050e+02 7.773e+01 4.400e+01
s>        ( - 3.488e+02 1 0)
s>        ( QUESTION4 -1 1.785e+02 2.414e+01 1.600e+01
s>            ( - 8.140e+01 1 0)
s>            ( - 7.295e+01 1 0)))INFO: dtree.c(1439): stop. leaf nodes are specific
INFO: dtree.c(1478): Final simple tree
|( WDBNDRY_E 0 3.383e+02 6.306e+01 2.600e+01
|    ( - 1.778e+02 1 0)
|    ( - 9.749e+01 1 0))
s>    ( WDBNDRY_E 0 3.383e+02 6.306e+01 2.600e+01
s>        ( - 1.778e+02 1 0)
s>        ( - 9.749e+01 1 0))INFO: dtree.c(1315): Comp split 39
INFO: dtree.c(1439): stop. leaf nodes are specific
INFO: dtree.c(1478): Final simple tree
|( QUESTION0 1 1.159e+02 3.515e+01 1.200e+01
|    ( - 6.302e+01 1 0)
|    ( - 1.776e+01 1 0))
s>    ( QUESTION0 1 1.159e+02 3.515e+01 1.200e+01
s>        ( - 6.302e+01 1 0)
s>        ( - 1.776e+01 1 0))INFO: dtree.c(1315): Comp split 40
INFO: dtree.c(1439): stop. leaf nodes are specific
INFO: dtree.c(1478): Final simple tree
|( QUESTION0 -1 2.842e+02 5.615e+01 2.300e+01
|    ( - 1.050e+02 1 0)
|    ( - 1.230e+02 1 0))
s>    ( QUESTION0 -1 2.842e+02 5.615e+01 2.300e+01
s>        ( - 1.050e+02 1 0)
s>        ( - 1.230e+02 1 0))INFO: dtree.c(1439): stop. leaf nodes are specific
INFO: dtree.c(1478): Final simple tree
|( QUESTION6 -1 2.234e+02 6.158e+01 1.899e+01
|    ( - 9.715e+01 1 0)
|    ( - 6.471e+01 1 0))
s>    ( QUESTION6 -1 2.234e+02 6.158e+01 1.899e+01
s>        ( - 9.715e+01 1 0)
s>        ( - 6.471e+01 1 0))INFO: dtree.c(1315): Comp split 41
INFO: dtree.c(1315): Comp split 42
INFO: dtree.c(1439): stop. leaf nodes are specific
INFO: dtree.c(1478): Final simple tree
|( WDBNDRY_E 0 2.584e+02 5.156e+01 2.100e+01
|    ( - 2.102e+01 1 0)
|    ( - 1.858e+02 1 0))
s>    ( WDBNDRY_E 0 2.584e+02 5.156e+01 2.100e+01
s>        ( - 2.102e+01 1 0)
s>        ( - 1.858e+02 1 0))INFO: dtree.c(1439): stop. leaf nodes are specific
INFO: dtree.c(1478): Final simple tree
|( QUESTION0_1_R 1 2.220e+02 3.818e+01 1.900e+01
|    ( - 2.763e+01 1 0)
|    ( - 1.562e+02 1 0))
s>    ( QUESTION0_1_R 1 2.220e+02 3.818e+01 1.900e+01
s>        ( - 2.763e+01 1 0)
s>        ( - 1.562e+02 1 0))INFO: dtree.c(1315): Comp split 43
INFO: dtree.c(1439): stop. leaf nodes are specific
INFO: dtree.c(1478): Final simple tree
|( QUESTION0_8_R 1 2.207e+02 2.713e+01 1.900e+01
|    ( - 1.189e+02 1 0)
|    ( - 7.467e+01 1 0))
s>    ( QUESTION0_8_R 1 2.207e+02 2.713e+01 1.900e+01
s>        ( - 1.189e+02 1 0)
s>        ( - 7.467e+01 1 0))INFO: dtree.c(1439): stop. leaf nodes are specific
INFO: dtree.c(1478): Final simple tree
|( WDBNDRY_E 0 3.627e+02 4.945e+01 2.700e+01
|    ( - 1.068e+02 1 0)
|    ( - 2.065e+02 2 0))
s>    ( WDBNDRY_E 0 3.627e+02 4.945e+01 2.700e+01
s>        ( - 1.068e+02 1 0)
s>        ( - 2.065e+02 2 0))INFO: dtree.c(1315): Comp split 44
INFO: dtree.c(1439): stop. leaf nodes are specific
INFO: dtree.c(1478): Final simple tree
|( WDBNDRY_E 0 2.702e+02 4.578e+01 2.200e+01
|    ( - 1.832e+02 1 0)
|    ( - 4.121e+01 1 0))
s>    ( WDBNDRY_E 0 2.702e+02 4.578e+01 2.200e+01
s>        ( - 1.832e+02 1 0)
s>        ( - 4.121e+01 1 0))INFO: dtree.c(1315): Comp split 45
INFO: dtree.c(1439): stop. leaf nodes are specific
INFO: dtree.c(1478): Final simple tree
|( WDBNDRY_E 0 1.538e+02 2.167e+01 1.600e+01
|    ( - 9.185e+01 1 0)
|    ( - 4.033e+01 1 0))
s>    ( WDBNDRY_E 0 1.538e+02 2.167e+01 1.600e+01
s>        ( - 9.185e+01 1 0)
s>        ( - 4.033e+01 1 0))INFO: dtree.c(1439): stop. leaf nodes are specific
INFO: dtree.c(1478): Final simple tree
|( SILENCE -1 4.674e+02 4.675e+01 3.796e+01
|    ( - 5.518e+01 1 0)
|    ( QUESTION0_10_R 1 3.655e+02 3.383e+01 3.096e+01
|        ( - 7.195e+01 1 0)
|        ( - 2.597e+02 1 0)))
s>    ( SILENCE -1 4.674e+02 4.675e+01 3.796e+01
s>        ( - 5.518e+01 1 0)
s>        ( QUESTION0_10_R 1 3.655e+02 3.383e+01 3.096e+01
s>            ( - 7.195e+01 1 0)
s>            ( - 2.597e+02 1 0)))INFO: dtree.c(1315): Comp split 46
INFO: dtree.c(1439): stop. leaf nodes are specific
INFO: dtree.c(1478): Final simple tree
|( QUESTION4 -1 1.785e+02 2.414e+01 1.600e+01
|    ( - 8.140e+01 1 0)
|    ( - 7.295e+01 1 0))
s>    ( QUESTION4 -1 1.785e+02 2.414e+01 1.600e+01
s>        ( - 8.140e+01 1 0)
s>        ( - 7.295e+01 1 0))INFO: dtree.c(1315): Comp split 47
INFO: dtree.c(1315): Comp split 48
INFO: dtree.c(1439): stop. leaf nodes are specific
INFO: dtree.c(1478): Final simple tree
|( QUESTION0_0_R 1 2.300e+02 3.887e+01 2.100e+01
|    ( - 1.181e+02 1 0)
|    ( - 7.299e+01 1 0))
s>    ( QUESTION0_0_R 1 2.300e+02 3.887e+01 2.100e+01
s>        ( - 1.181e+02 1 0)
s>        ( - 7.299e+01 1 0))INFO: dtree.c(1439): stop. leaf nodes are specific
INFO: dtree.c(1478): Final simple tree
|( QUESTION0_0_R 1 1.259e+02 3.431e+01 1.200e+01
|    ( - 2.476e+01 1 0)
|    ( - 6.684e+01 1 0))
s>    ( QUESTION0_0_R 1 1.259e+02 3.431e+01 1.200e+01
s>        ( - 2.476e+01 1 0)
s>        ( - 6.684e+01 1 0))INFO: dtree.c(1315): Comp split 49
INFO: dtree.c(1315): Comp split 50
INFO: dtree.c(1315): Comp split 51
INFO: dtree.c(1315): Comp split 52
INFO: dtree.c(1439): stop. leaf nodes are specific
INFO: dtree.c(1478): Final simple tree
|( QUESTION0_10_R 1 1.347e+02 3.685e+01 1.200e+01
|    ( - 5.853e+01 1 0)
|    ( - 3.936e+01 1 0))
s>    ( QUESTION0_10_R 1 1.347e+02 3.685e+01 1.200e+01
s>        ( - 5.853e+01 1 0)
s>        ( - 3.936e+01 1 0))INFO: dtree.c(1439): stop. leaf nodes are specific
INFO: dtree.c(1478): Final simple tree
|( WDBNDRY_E 0 2.096e+02 2.369e+01 1.800e+01
|    ( - 1.833e+01 1 0)
|    ( - 1.676e+02 1 0))
s>    ( WDBNDRY_E 0 2.096e+02 2.369e+01 1.800e+01
s>        ( - 1.833e+01 1 0)
s>        ( - 1.676e+02 1 0))INFO: dtree.c(1315): Comp split 53
INFO: dtree.c(1315): Comp split 54
INFO: dtree.c(1315): Comp split 55
INFO: dtree.c(1315): Comp split 56
INFO: dtree.c(1439): stop. leaf nodes are specific
INFO: dtree.c(1478): Final simple tree
|( QUESTION0_10_R 1 2.140e+02 5.046e+01 1.800e+01
|    ( - 8.537e+01 1 0)
|    ( - 7.819e+01 1 0))
s>    ( QUESTION0_10_R 1 2.140e+02 5.046e+01 1.800e+01
s>        ( - 8.537e+01 1 0)
s>        ( - 7.819e+01 1 0))INFO: dtree.c(1315): Comp split 57
INFO: dtree.c(1315): Comp split 58
INFO: dtree.c(1315): Comp split 59
INFO: dtree.c(1315): Comp split 60
INFO: dtree.c(1315): Comp split 61
INFO: dtree.c(1315): Comp split 62
INFO: dtree.c(1315): Comp split 63
INFO: dtree.c(1439): stop. leaf nodes are specific
INFO: dtree.c(1478): Final simple tree
|( QUESTION0_10_R 1 3.655e+02 3.383e+01 3.096e+01
|    ( - 7.195e+01 1 0)
|    ( - 2.597e+02 1 0))
s>    ( QUESTION0_10_R 1 3.655e+02 3.383e+01 3.096e+01
s>        ( - 7.195e+01 1 0)
s>        ( - 2.597e+02 1 0))INFO: dtree.c(1315): Comp split 64
INFO: dtree.c(1315): Comp split 65
INFO: dtree.c(1315): Comp split 66
INFO: dtree.c(1315): Comp split 67
INFO: dtree.c(1315): Comp split 68
INFO: dtree.c(1315): Comp split 69
INFO: dtree.c(1315): Comp split 70
INFO: dtree.c(1315): Comp split 71
INFO: dtree.c(1315): Comp split 72
INFO: dtree.c(1315): Comp split 73
INFO: dtree.c(1315): Comp split 74
INFO: dtree.c(1315): Comp split 75
INFO: dtree.c(1315): Comp split 76
INFO: dtree.c(1318): stop. leaf nodes are specific
Mon May 23 22:39:47 2022
