Current configuration:
[NAME]		[DEFLT]	[VALUE]
-allphones	no	no
-cntthresh	0.00001	1.000000e-05
-csplitmax	100	2000
-csplitmin	1	1
-csplitthr	8e-4	0.000000e+00
-example	no	no
-fullvar	no	no
-help		no	no
-meanfn			
-mixwfn			/home/rakha/Kuliah/Semester8/nlp/speech-sphinx/train-new-model/an4-master/model_parameters/an4.cd_ptm_untied/mixture_weights
-moddeffn		/home/rakha/Kuliah/Semester8/nlp/speech-sphinx/train-new-model/an4-master/model_architecture/an4.untied.mdef
-mwfloor	1e-4	1.000000e-08
-phone			ER
-psetfn			/home/rakha/Kuliah/Semester8/nlp/speech-sphinx/train-new-model/an4-master/model_architecture/an4.tree_questions
-ssplitmax	5	7
-ssplitmin	1	1
-ssplitthr	8e-4	0.000000e+00
-state			0
-stwt			1.0,0.05,0.0,
-treefn			/home/rakha/Kuliah/Semester8/nlp/speech-sphinx/train-new-model/an4-master/trees/an4.unpruned/ER-0.dtree
-ts2cbfn	.semi.	.semi.
-varfloor	0.00001	1.000000e-05
-varfn			

INFO: main.c(223): Reading: /home/rakha/Kuliah/Semester8/nlp/speech-sphinx/train-new-model/an4-master/model_architecture/an4.untied.mdef
INFO: model_def_io.c(573): Model definition info:
INFO: model_def_io.c(574): 1618 total models defined (34 base, 1584 tri)
INFO: model_def_io.c(575): 6472 total states
INFO: model_def_io.c(576): 4854 total tied states
INFO: model_def_io.c(577): 102 total tied CI states
INFO: model_def_io.c(578): 34 total tied transition matrices
INFO: model_def_io.c(579): 4 max state/model
INFO: model_def_io.c(580): 4 min state/model
INFO: main.c(242): Building trees for [ER B EY e] through [ER TH T i]
INFO: main.c(269): Covering states |[1272 1325]| == 54
INFO: main.c(275): Reading: /home/rakha/Kuliah/Semester8/nlp/speech-sphinx/train-new-model/an4-master/model_parameters/an4.cd_ptm_untied/mixture_weights
INFO: s3mixw_io.c(173): Read /home/rakha/Kuliah/Semester8/nlp/speech-sphinx/train-new-model/an4-master/model_parameters/an4.cd_ptm_untied/mixture_weights [54x4x64 array]
INFO: main.c(311): 18 of 18 models have observation count greater than 0.000010
INFO: main.c(95): nrm stwt: 0.952 0.048 0.000 
INFO: main.c(411): 18-class entropy: 1.495546e+04
INFO: main.c(549): Reading: /home/rakha/Kuliah/Semester8/nlp/speech-sphinx/train-new-model/an4-master/model_architecture/an4.tree_questions
INFO: main.c(588): 180 total simple questions (172 phone; 8 word bndry)
INFO: main.c(590): 42 Left Only questions, and 42 Right Only questions
INFO: dtree.c(1478): Final simple tree
|( QUESTION2_2_L -1 1.784e+04 9.553e+02 8.672e+02
|    ( QUESTION0_16_R 1 1.393e+04 3.146e+02 7.105e+02
|        ( - 4.475e+03 2 0 QUESTION0_17_R 1 9.148e+01 2.312e+02)
|        ( QUESTION0_10_R 1 9.139e+03 2.449e+02 4.793e+02
|            ( - 1.242e+03 1 0)
|            ( QUESTION4 1 7.652e+03 1.913e+02 4.077e+02
|                ( QUESTION0_0_R 1 5.190e+03 1.444e+02 2.775e+02
|                    ( - 7.531e+02 1 0)
|                    ( - 4.293e+03 1 0))
|                ( - 2.271e+03 3 0 QUESTION0_20_R 1 1.259e+02 1.301e+02))))
|    ( QUESTION7 -1 2.955e+03 3.124e+02 1.567e+02
|        ( QUESTION7 1 8.560e+02 1.419e+02 4.808e+01
|            ( - 3.716e+02 2 0 WDBNDRY_E 0 4.280e+01 2.408e+01)
|            ( - 3.425e+02 5 0 QUESTION0_19_R 1 7.187e+01 2.400e+01))
|        ( - 1.787e+03 3 0 QUESTION0_13_R 1 8.181e+01 1.086e+02)))
s>    ( QUESTION2_2_L -1 1.784e+04 9.553e+02 8.672e+02
s>        ( QUESTION0_16_R 1 1.393e+04 3.146e+02 7.105e+02
s>            ( - 4.475e+03 2 0 QUESTION0_17_R 1 9.148e+01 2.312e+02)
s>            ( QUESTION0_10_R 1 9.139e+03 2.449e+02 4.793e+02
s>                ( - 1.242e+03 1 0)
s>                ( QUESTION4 1 7.652e+03 1.913e+02 4.077e+02
s>                    ( QUESTION0_0_R 1 5.190e+03 1.444e+02 2.775e+02
s>                        ( - 7.531e+02 1 0)
s>                        ( - 4.293e+03 1 0))
s>                    ( - 2.271e+03 3 0 QUESTION0_20_R 1 1.259e+02 1.301e+02))))
s>        ( QUESTION7 -1 2.955e+03 3.124e+02 1.567e+02
s>            ( QUESTION7 1 8.560e+02 1.419e+02 4.808e+01
s>                ( - 3.716e+02 2 0 WDBNDRY_E 0 4.280e+01 2.408e+01)
s>                ( - 3.425e+02 5 0 QUESTION0_19_R 1 7.187e+01 2.400e+01))
s>            ( - 1.787e+03 3 0 QUESTION0_13_R 1 8.181e+01 1.086e+02)))INFO: dtree.c(1315): Comp split 0
INFO: dtree.c(1478): Final simple tree
|( QUESTION0_16_R 1 1.393e+04 3.146e+02 7.105e+02
|    ( QUESTION0_17_R 1 4.475e+03 9.148e+01 2.312e+02
|        ( - 1.236e+02 1 0)
|        ( - 4.260e+03 1 0))
|    ( QUESTION0_10_R 1 9.139e+03 2.449e+02 4.793e+02
|        ( - 1.242e+03 1 0)
|        ( QUESTION4 1 7.652e+03 1.913e+02 4.077e+02
|            ( QUESTION0_0_R 1 5.190e+03 1.444e+02 2.775e+02
|                ( - 7.531e+02 1 0)
|                ( - 4.293e+03 1 0))
|            ( QUESTION0_20_R 1 2.271e+03 1.259e+02 1.301e+02
|                ( - 5.482e+02 1 0)
|                ( QUESTION0_8_R 1 1.597e+03 9.895e+01 9.515e+01
|                    ( - 9.991e+02 1 0)
|                    ( - 4.985e+02 1 0))))))
s>    ( QUESTION0_16_R 1 1.393e+04 3.146e+02 7.105e+02
s>        ( QUESTION0_17_R 1 4.475e+03 9.148e+01 2.312e+02
s>            ( - 1.236e+02 1 0)
s>            ( - 4.260e+03 1 0))
s>        ( QUESTION0_10_R 1 9.139e+03 2.449e+02 4.793e+02
s>            ( - 1.242e+03 1 0)
s>            ( QUESTION4 1 7.652e+03 1.913e+02 4.077e+02
s>                ( QUESTION0_0_R 1 5.190e+03 1.444e+02 2.775e+02
s>                    ( - 7.531e+02 1 0)
s>                    ( - 4.293e+03 1 0))
s>                ( QUESTION0_20_R 1 2.271e+03 1.259e+02 1.301e+02
s>                    ( - 5.482e+02 1 0)
s>                    ( QUESTION0_8_R 1 1.597e+03 9.895e+01 9.515e+01
s>                        ( - 9.991e+02 1 0)
s>                        ( - 4.985e+02 1 0))))))INFO: dtree.c(1478): Final simple tree
|( QUESTION7 -1 2.955e+03 3.124e+02 1.567e+02
|    ( QUESTION7 1 8.560e+02 1.419e+02 4.808e+01
|        ( WDBNDRY_E 0 3.716e+02 4.280e+01 2.408e+01
|            ( - 1.502e+01 1 0)
|            ( - 3.137e+02 1 0))
|        ( QUESTION0_19_R 1 3.425e+02 7.187e+01 2.400e+01
|            ( - 1.984e+02 1 0)
|            ( QUESTION0_9_R 1 7.227e+01 2.312e+01 7.000e+00
|                ( - 2.771e+01 1 0)
|                ( - 2.143e+01 3 0 QUESTION0_0_R 1 1.202e+01 3.000e+00))))
|    ( QUESTION0_13_R 1 1.787e+03 8.181e+01 1.086e+02
|        ( - 1.610e+03 1 0)
|        ( QUESTION0_8_R 1 9.479e+01 2.280e+01 8.000e+00
|            ( - 4.733e+01 1 0)
|            ( - 2.466e+01 1 0))))
s>    ( QUESTION7 -1 2.955e+03 3.124e+02 1.567e+02
s>        ( QUESTION7 1 8.560e+02 1.419e+02 4.808e+01
s>            ( WDBNDRY_E 0 3.716e+02 4.280e+01 2.408e+01
s>                ( - 1.502e+01 1 0)
s>                ( - 3.137e+02 1 0))
s>            ( QUESTION0_19_R 1 3.425e+02 7.187e+01 2.400e+01
s>                ( - 1.984e+02 1 0)
s>                ( QUESTION0_9_R 1 7.227e+01 2.312e+01 7.000e+00
s>                    ( - 2.771e+01 1 0)
s>                    ( - 2.143e+01 3 0 QUESTION0_0_R 1 1.202e+01 3.000e+00))))
s>        ( QUESTION0_13_R 1 1.787e+03 8.181e+01 1.086e+02
s>            ( - 1.610e+03 1 0)
s>            ( QUESTION0_8_R 1 9.479e+01 2.280e+01 8.000e+00
s>                ( - 4.733e+01 1 0)
s>                ( - 2.466e+01 1 0))))INFO: dtree.c(1315): Comp split 1
INFO: dtree.c(1439): stop. leaf nodes are specific
INFO: dtree.c(1478): Final simple tree
|( QUESTION0_10_R 1 9.350e+03 2.456e+02 4.903e+02
|    ( - 1.242e+03 1 0)
|    ( QUESTION4 1 7.862e+03 1.908e+02 4.187e+02
|        ( QUESTION0_0_R 1 5.190e+03 1.444e+02 2.775e+02
|            ( - 7.531e+02 1 0)
|            ( - 4.293e+03 1 0))
|        ( QUESTION0_8_R 1 2.481e+03 1.291e+02 1.411e+02
|            ( - 9.991e+02 1 0)
|            ( QUESTION0_20_R 1 1.353e+03 1.133e+02 7.997e+01
|                ( - 5.482e+02 1 0)
|                ( QUESTION0_16_R 1 6.914e+02 6.930e+01 4.497e+01
|                    ( - 1.236e+02 1 0)
|                    ( - 4.985e+02 1 0))))))
s>    ( QUESTION0_10_R 1 9.350e+03 2.456e+02 4.903e+02
s>        ( - 1.242e+03 1 0)
s>        ( QUESTION4 1 7.862e+03 1.908e+02 4.187e+02
s>            ( QUESTION0_0_R 1 5.190e+03 1.444e+02 2.775e+02
s>                ( - 7.531e+02 1 0)
s>                ( - 4.293e+03 1 0))
s>            ( QUESTION0_8_R 1 2.481e+03 1.291e+02 1.411e+02
s>                ( - 9.991e+02 1 0)
s>                ( QUESTION0_20_R 1 1.353e+03 1.133e+02 7.997e+01
s>                    ( - 5.482e+02 1 0)
s>                    ( QUESTION0_16_R 1 6.914e+02 6.930e+01 4.497e+01
s>                        ( - 1.236e+02 1 0)
s>                        ( - 4.985e+02 1 0))))))INFO: dtree.c(1315): Comp split 2
INFO: dtree.c(1439): stop. leaf nodes are specific
INFO: dtree.c(1478): Final simple tree
|( QUESTION7 1 8.560e+02 1.419e+02 4.808e+01
|    ( WDBNDRY_E 0 3.716e+02 4.280e+01 2.408e+01
|        ( - 1.502e+01 1 0)
|        ( - 3.137e+02 1 0))
|    ( QUESTION0_19_R 1 3.425e+02 7.187e+01 2.400e+01
|        ( - 1.984e+02 1 0)
|        ( QUESTION0_9_R 1 7.227e+01 2.312e+01 7.000e+00
|            ( - 2.771e+01 1 0)
|            ( QUESTION0_0_R 1 2.143e+01 1.202e+01 3.000e+00
|                ( - 8.212e-01 1 0)
|                ( QUESTION0 1 8.595e+00 8.106e+00 2.000e+00
|                    ( - 4.888e-01 1 0)
|                    ( - 0.000e+00 1 0))))))
s>    ( QUESTION7 1 8.560e+02 1.419e+02 4.808e+01
s>        ( WDBNDRY_E 0 3.716e+02 4.280e+01 2.408e+01
s>            ( - 1.502e+01 1 0)
s>            ( - 3.137e+02 1 0))
s>        ( QUESTION0_19_R 1 3.425e+02 7.187e+01 2.400e+01
s>            ( - 1.984e+02 1 0)
s>            ( QUESTION0_9_R 1 7.227e+01 2.312e+01 7.000e+00
s>                ( - 2.771e+01 1 0)
s>                ( QUESTION0_0_R 1 2.143e+01 1.202e+01 3.000e+00
s>                    ( - 8.212e-01 1 0)
s>                    ( QUESTION0 1 8.595e+00 8.106e+00 2.000e+00
s>                        ( - 4.888e-01 1 0)
s>                        ( - 0.000e+00 1 0))))))INFO: dtree.c(1439): stop. leaf nodes are specific
INFO: dtree.c(1478): Final simple tree
|( QUESTION0_13_R 1 1.787e+03 8.181e+01 1.086e+02
|    ( - 1.610e+03 1 0)
|    ( QUESTION0_8_R 1 9.479e+01 2.280e+01 8.000e+00
|        ( - 4.733e+01 1 0)
|        ( - 2.466e+01 1 0)))
s>    ( QUESTION0_13_R 1 1.787e+03 8.181e+01 1.086e+02
s>        ( - 1.610e+03 1 0)
s>        ( QUESTION0_8_R 1 9.479e+01 2.280e+01 8.000e+00
s>            ( - 4.733e+01 1 0)
s>            ( - 2.466e+01 1 0)))INFO: dtree.c(1315): Comp split 3
INFO: dtree.c(1439): stop. leaf nodes are specific
INFO: dtree.c(1478): Final simple tree
|( QUESTION4 1 7.862e+03 1.908e+02 4.187e+02
|    ( QUESTION0_0_R 1 5.190e+03 1.444e+02 2.775e+02
|        ( - 7.531e+02 1 0)
|        ( - 4.293e+03 1 0))
|    ( QUESTION0_8_R 1 2.481e+03 1.291e+02 1.411e+02
|        ( - 9.991e+02 1 0)
|        ( QUESTION0_20_R 1 1.353e+03 1.133e+02 7.997e+01
|            ( - 5.482e+02 1 0)
|            ( QUESTION0_16_R 1 6.914e+02 6.930e+01 4.497e+01
|                ( - 1.236e+02 1 0)
|                ( - 4.985e+02 1 0)))))
s>    ( QUESTION4 1 7.862e+03 1.908e+02 4.187e+02
s>        ( QUESTION0_0_R 1 5.190e+03 1.444e+02 2.775e+02
s>            ( - 7.531e+02 1 0)
s>            ( - 4.293e+03 1 0))
s>        ( QUESTION0_8_R 1 2.481e+03 1.291e+02 1.411e+02
s>            ( - 9.991e+02 1 0)
s>            ( QUESTION0_20_R 1 1.353e+03 1.133e+02 7.997e+01
s>                ( - 5.482e+02 1 0)
s>                ( QUESTION0_16_R 1 6.914e+02 6.930e+01 4.497e+01
s>                    ( - 1.236e+02 1 0)
s>                    ( - 4.985e+02 1 0)))))INFO: dtree.c(1315): Comp split 4
INFO: dtree.c(1439): stop. leaf nodes are specific
INFO: dtree.c(1478): Final simple tree
|( QUESTION0_8_R 1 4.973e+03 1.323e+02 2.645e+02
|    ( - 4.293e+03 1 0)
|    ( - 5.482e+02 1 0))
s>    ( QUESTION0_8_R 1 4.973e+03 1.323e+02 2.645e+02
s>        ( - 4.293e+03 1 0)
s>        ( - 5.482e+02 1 0))INFO: dtree.c(1439): stop. leaf nodes are specific
INFO: dtree.c(1478): Final simple tree
|( QUESTION0_8_R 1 2.680e+03 1.377e+02 1.541e+02
|    ( - 9.991e+02 1 0)
|    ( QUESTION0_0_R 1 1.543e+03 9.833e+01 9.297e+01
|        ( - 7.531e+02 1 0)
|        ( QUESTION0_16_R 1 6.914e+02 6.930e+01 4.497e+01
|            ( - 1.236e+02 1 0)
|            ( - 4.985e+02 1 0))))
s>    ( QUESTION0_8_R 1 2.680e+03 1.377e+02 1.541e+02
s>        ( - 9.991e+02 1 0)
s>        ( QUESTION0_0_R 1 1.543e+03 9.833e+01 9.297e+01
s>            ( - 7.531e+02 1 0)
s>            ( QUESTION0_16_R 1 6.914e+02 6.930e+01 4.497e+01
s>                ( - 1.236e+02 1 0)
s>                ( - 4.985e+02 1 0))))INFO: dtree.c(1315): Comp split 5
INFO: dtree.c(1439): stop. leaf nodes are specific
INFO: dtree.c(1478): Final simple tree
|( WDBNDRY_E 0 4.712e+02 7.844e+01 2.908e+01
|    ( QUESTION0_10_R 1 7.905e+01 2.644e+01 8.000e+00
|        ( - 1.502e+01 1 0)
|        ( QUESTION0_8_R 1 3.758e+01 9.389e+00 5.000e+00
|            ( - 4.888e-01 1 0)
|            ( - 2.771e+01 1 0)))
|    ( - 3.137e+02 1 0))
s>    ( WDBNDRY_E 0 4.712e+02 7.844e+01 2.908e+01
s>        ( QUESTION0_10_R 1 7.905e+01 2.644e+01 8.000e+00
s>            ( - 1.502e+01 1 0)
s>            ( QUESTION0_8_R 1 3.758e+01 9.389e+00 5.000e+00
s>                ( - 4.888e-01 1 0)
s>                ( - 2.771e+01 1 0)))
s>        ( - 3.137e+02 1 0))INFO: dtree.c(1439): stop. leaf nodes are specific
INFO: dtree.c(1478): Final simple tree
|( QUESTION0_9_R 1 2.400e+02 3.248e+01 1.900e+01
|    ( - 1.984e+02 1 0)
|    ( QUESTION0_0_R 1 9.128e+00 8.307e+00 2.000e+00
|        ( - 8.212e-01 1 0)
|        ( - 0.000e+00 1 0)))
s>    ( QUESTION0_9_R 1 2.400e+02 3.248e+01 1.900e+01
s>        ( - 1.984e+02 1 0)
s>        ( QUESTION0_0_R 1 9.128e+00 8.307e+00 2.000e+00
s>            ( - 8.212e-01 1 0)
s>            ( - 0.000e+00 1 0)))INFO: dtree.c(1315): Comp split 6
INFO: dtree.c(1439): stop. leaf nodes are specific
INFO: dtree.c(1478): Final simple tree
|( QUESTION0_0_R 1 1.543e+03 9.833e+01 9.297e+01
|    ( - 7.531e+02 1 0)
|    ( QUESTION0_16_R 1 6.914e+02 6.930e+01 4.497e+01
|        ( - 1.236e+02 1 0)
|        ( - 4.985e+02 1 0)))
s>    ( QUESTION0_0_R 1 1.543e+03 9.833e+01 9.297e+01
s>        ( - 7.531e+02 1 0)
s>        ( QUESTION0_16_R 1 6.914e+02 6.930e+01 4.497e+01
s>            ( - 1.236e+02 1 0)
s>            ( - 4.985e+02 1 0)))INFO: dtree.c(1315): Comp split 7
INFO: dtree.c(1315): Comp split 8
INFO: dtree.c(1439): stop. leaf nodes are specific
INFO: dtree.c(1478): Final simple tree
|( QUESTION0_16_R 1 6.914e+02 6.930e+01 4.497e+01
|    ( - 1.236e+02 1 0)
|    ( - 4.985e+02 1 0))
s>    ( QUESTION0_16_R 1 6.914e+02 6.930e+01 4.497e+01
s>        ( - 1.236e+02 1 0)
s>        ( - 4.985e+02 1 0))INFO: dtree.c(1315): Comp split 9
INFO: dtree.c(1439): stop. leaf nodes are specific
INFO: dtree.c(1478): Final simple tree
|( QUESTION0_8_R 1 9.479e+01 2.280e+01 8.000e+00
|    ( - 4.733e+01 1 0)
|    ( - 2.466e+01 1 0))
s>    ( QUESTION0_8_R 1 9.479e+01 2.280e+01 8.000e+00
s>        ( - 4.733e+01 1 0)
s>        ( - 2.466e+01 1 0))INFO: dtree.c(1315): Comp split 10
INFO: dtree.c(1439): stop. leaf nodes are specific
INFO: dtree.c(1478): Final simple tree
|( QUESTION0_10_R 1 7.905e+01 2.644e+01 8.000e+00
|    ( - 1.502e+01 1 0)
|    ( QUESTION0_8_R 1 3.758e+01 9.389e+00 5.000e+00
|        ( - 4.888e-01 1 0)
|        ( - 2.771e+01 1 0)))
s>    ( QUESTION0_10_R 1 7.905e+01 2.644e+01 8.000e+00
s>        ( - 1.502e+01 1 0)
s>        ( QUESTION0_8_R 1 3.758e+01 9.389e+00 5.000e+00
s>            ( - 4.888e-01 1 0)
s>            ( - 2.771e+01 1 0)))INFO: dtree.c(1315): Comp split 11
INFO: dtree.c(1315): Comp split 12
INFO: dtree.c(1439): stop. leaf nodes are specific
INFO: dtree.c(1478): Final simple tree
|( QUESTION0_0_R 1 9.128e+00 8.307e+00 2.000e+00
|    ( - 8.212e-01 1 0)
|    ( - 0.000e+00 1 0))
s>    ( QUESTION0_0_R 1 9.128e+00 8.307e+00 2.000e+00
s>        ( - 8.212e-01 1 0)
s>        ( - 0.000e+00 1 0))INFO: dtree.c(1315): Comp split 13
INFO: dtree.c(1439): stop. leaf nodes are specific
INFO: dtree.c(1478): Final simple tree
|( QUESTION0_8_R 1 3.758e+01 9.389e+00 5.000e+00
|    ( - 4.888e-01 1 0)
|    ( - 2.771e+01 1 0))
s>    ( QUESTION0_8_R 1 3.758e+01 9.389e+00 5.000e+00
s>        ( - 4.888e-01 1 0)
s>        ( - 2.771e+01 1 0))INFO: dtree.c(1315): Comp split 14
INFO: dtree.c(1315): Comp split 15
INFO: dtree.c(1315): Comp split 16
INFO: dtree.c(1315): Comp split 17
INFO: dtree.c(1318): stop. leaf nodes are specific
Mon May 23 22:39:47 2022
