Current configuration:
[NAME]		[DEFLT]	[VALUE]
-allphones	no	no
-cntthresh	0.00001	1.000000e-05
-csplitmax	100	2000
-csplitmin	1	1
-csplitthr	8e-4	0.000000e+00
-example	no	no
-fullvar	no	no
-help		no	no
-meanfn			
-mixwfn			/home/rakha/Kuliah/Semester8/nlp/speech-sphinx/train-new-model/an4-master/model_parameters/an4.cd_ptm_untied/mixture_weights
-moddeffn		/home/rakha/Kuliah/Semester8/nlp/speech-sphinx/train-new-model/an4-master/model_architecture/an4.untied.mdef
-mwfloor	1e-4	1.000000e-08
-phone			Y
-psetfn			/home/rakha/Kuliah/Semester8/nlp/speech-sphinx/train-new-model/an4-master/model_architecture/an4.tree_questions
-ssplitmax	5	7
-ssplitmin	1	1
-ssplitthr	8e-4	0.000000e+00
-state			2
-stwt			1.0,0.05,0.0,
-treefn			/home/rakha/Kuliah/Semester8/nlp/speech-sphinx/train-new-model/an4-master/trees/an4.unpruned/Y-2.dtree
-ts2cbfn	.semi.	.semi.
-varfloor	0.00001	1.000000e-05
-varfn			

INFO: main.c(223): Reading: /home/rakha/Kuliah/Semester8/nlp/speech-sphinx/train-new-model/an4-master/model_architecture/an4.untied.mdef
INFO: model_def_io.c(573): Model definition info:
INFO: model_def_io.c(574): 1618 total models defined (34 base, 1584 tri)
INFO: model_def_io.c(575): 6472 total states
INFO: model_def_io.c(576): 4854 total tied states
INFO: model_def_io.c(577): 102 total tied CI states
INFO: model_def_io.c(578): 34 total tied transition matrices
INFO: model_def_io.c(579): 4 max state/model
INFO: model_def_io.c(580): 4 min state/model
INFO: main.c(242): Building trees for [Y AH UW b] through [Y UW UW b]
INFO: main.c(269): Covering states |[4725 4778]| == 54
INFO: main.c(275): Reading: /home/rakha/Kuliah/Semester8/nlp/speech-sphinx/train-new-model/an4-master/model_parameters/an4.cd_ptm_untied/mixture_weights
INFO: s3mixw_io.c(173): Read /home/rakha/Kuliah/Semester8/nlp/speech-sphinx/train-new-model/an4-master/model_parameters/an4.cd_ptm_untied/mixture_weights [54x4x64 array]
INFO: main.c(311): 18 of 18 models have observation count greater than 0.000010
INFO: main.c(95): nrm stwt: 0.000 0.048 0.952 
INFO: main.c(411): 18-class entropy: 1.420726e+04
INFO: main.c(549): Reading: /home/rakha/Kuliah/Semester8/nlp/speech-sphinx/train-new-model/an4-master/model_architecture/an4.tree_questions
INFO: main.c(588): 180 total simple questions (172 phone; 8 word bndry)
INFO: main.c(590): 42 Left Only questions, and 42 Right Only questions
INFO: dtree.c(1478): Final simple tree
|( QUESTION0_0_R 1 1.698e+04 8.508e+02 9.792e+02
|    ( QUESTION1 -1 1.564e+04 4.761e+02 9.258e+02
|        ( - 6.033e+03 2 0)
|        ( QUESTION7 -1 9.129e+03 3.054e+02 5.383e+02
|            ( - 1.683e+03 2 0 WDBNDRY_B 0 7.356e+01 1.148e+02)
|            ( WDBNDRY_B 0 7.141e+03 2.093e+02 4.235e+02
|                ( QUESTION0 -1 2.225e+03 1.475e+02 1.452e+02
|                    ( - 9.340e+02 5 0 QUESTION2_0_L -1 7.106e+01 6.811e+01)
|                    ( QUESTION2_5_L -1 1.144e+03 9.097e+01 7.705e+01
|                        ( - 3.267e+02 1 0)
|                        ( SILENCE -1 7.259e+02 8.285e+01 5.111e+01
|                            ( - 1.529e+02 1 0)
|                            ( - 4.902e+02 4 0 QUESTION2_9_L -1 6.767e+01 3.616e+01))))
|                ( - 4.707e+03 2 0 QUESTION0 -1 5.148e+01 2.783e+02))))
|    ( - 4.929e+02 1 0))
s>    ( QUESTION0_0_R 1 1.698e+04 8.508e+02 9.792e+02
s>        ( QUESTION1 -1 1.564e+04 4.761e+02 9.258e+02
s>            ( - 6.033e+03 2 0)
s>            ( QUESTION7 -1 9.129e+03 3.054e+02 5.383e+02
s>                ( - 1.683e+03 2 0 WDBNDRY_B 0 7.356e+01 1.148e+02)
s>                ( WDBNDRY_B 0 7.141e+03 2.093e+02 4.235e+02
s>                    ( QUESTION0 -1 2.225e+03 1.475e+02 1.452e+02
s>                        ( - 9.340e+02 5 0 QUESTION2_0_L -1 7.106e+01 6.811e+01)
s>                        ( QUESTION2_5_L -1 1.144e+03 9.097e+01 7.705e+01
s>                            ( - 3.267e+02 1 0)
s>                            ( SILENCE -1 7.259e+02 8.285e+01 5.111e+01
s>                                ( - 1.529e+02 1 0)
s>                                ( - 4.902e+02 4 0 QUESTION2_9_L -1 6.767e+01 3.616e+01))))
s>                    ( - 4.707e+03 2 0 QUESTION0 -1 5.148e+01 2.783e+02))))
s>        ( - 4.929e+02 1 0))INFO: dtree.c(1315): Comp split 0
INFO: dtree.c(1478): Final simple tree
|( QUESTION1 -1 1.564e+04 4.761e+02 9.258e+02
|    ( - 6.033e+03 2 0)
|    ( QUESTION7 -1 9.129e+03 3.054e+02 5.383e+02
|        ( WDBNDRY_B 0 1.683e+03 7.356e+01 1.148e+02
|            ( - 1.910e+02 1 0)
|            ( - 1.418e+03 1 0))
|        ( WDBNDRY_B 0 7.141e+03 2.093e+02 4.235e+02
|            ( QUESTION0 -1 2.225e+03 1.475e+02 1.452e+02
|                ( - 9.340e+02 5 0 QUESTION2_0_L -1 7.106e+01 6.811e+01)
|                ( QUESTION2_5_L -1 1.144e+03 9.097e+01 7.705e+01
|                    ( - 3.267e+02 1 0)
|                    ( SILENCE -1 7.259e+02 8.285e+01 5.111e+01
|                        ( - 1.529e+02 1 0)
|                        ( - 4.902e+02 4 0 QUESTION2_9_L -1 6.767e+01 3.616e+01))))
|            ( - 4.707e+03 2 0 QUESTION0 -1 5.148e+01 2.783e+02))))
s>    ( QUESTION1 -1 1.564e+04 4.761e+02 9.258e+02
s>        ( - 6.033e+03 2 0)
s>        ( QUESTION7 -1 9.129e+03 3.054e+02 5.383e+02
s>            ( WDBNDRY_B 0 1.683e+03 7.356e+01 1.148e+02
s>                ( - 1.910e+02 1 0)
s>                ( - 1.418e+03 1 0))
s>            ( WDBNDRY_B 0 7.141e+03 2.093e+02 4.235e+02
s>                ( QUESTION0 -1 2.225e+03 1.475e+02 1.452e+02
s>                    ( - 9.340e+02 5 0 QUESTION2_0_L -1 7.106e+01 6.811e+01)
s>                    ( QUESTION2_5_L -1 1.144e+03 9.097e+01 7.705e+01
s>                        ( - 3.267e+02 1 0)
s>                        ( SILENCE -1 7.259e+02 8.285e+01 5.111e+01
s>                            ( - 1.529e+02 1 0)
s>                            ( - 4.902e+02 4 0 QUESTION2_9_L -1 6.767e+01 3.616e+01))))
s>                ( - 4.707e+03 2 0 QUESTION0 -1 5.148e+01 2.783e+02))))INFO: dtree.c(1315): Comp split 1
INFO: dtree.c(1439): stop. leaf nodes are specific
INFO: dtree.c(1478): Final simple tree
|( QUESTION0 -1 6.663e+03 8.463e+01 4.284e+02
|    ( - 6.033e+03 2 0)
|    ( SILENCE -1 5.451e+02 6.548e+01 4.089e+01
|        ( - 1.529e+02 1 0)
|        ( - 3.267e+02 1 0)))
s>    ( QUESTION0 -1 6.663e+03 8.463e+01 4.284e+02
s>        ( - 6.033e+03 2 0)
s>        ( SILENCE -1 5.451e+02 6.548e+01 4.089e+01
s>            ( - 1.529e+02 1 0)
s>            ( - 3.267e+02 1 0)))INFO: dtree.c(1478): Final simple tree
|( QUESTION2_2_L -1 8.411e+03 3.008e+02 4.974e+02
|    ( WDBNDRY_B 0 5.989e+03 1.530e+02 3.576e+02
|        ( QUESTION16 -1 1.129e+03 9.928e+01 7.929e+01
|            ( - 2.365e+02 2 0 QUESTION2_9_L -1 5.027e+01 1.924e+01)
|            ( - 7.933e+02 4 0 QUESTION0 -1 3.216e+01 6.005e+01))
|        ( QUESTION0 -1 4.707e+03 5.148e+01 2.783e+02
|            ( - 4.620e+03 1 0)
|            ( - 3.567e+01 1 0)))
|    ( WDBNDRY_B 0 2.121e+03 1.247e+02 1.398e+02
|        ( QUESTION0 -1 5.788e+02 7.787e+01 4.299e+01
|            ( - 1.496e+02 2 0 QUESTION2_12_L -1 3.671e+01 1.500e+01)
|            ( QUESTION4 -1 3.513e+02 5.094e+01 2.799e+01
|                ( - 1.093e+02 1 0)
|                ( - 1.910e+02 1 0)))
|        ( - 1.418e+03 1 0)))
s>    ( QUESTION2_2_L -1 8.411e+03 3.008e+02 4.974e+02
s>        ( WDBNDRY_B 0 5.989e+03 1.530e+02 3.576e+02
s>            ( QUESTION16 -1 1.129e+03 9.928e+01 7.929e+01
s>                ( - 2.365e+02 2 0 QUESTION2_9_L -1 5.027e+01 1.924e+01)
s>                ( - 7.933e+02 4 0 QUESTION0 -1 3.216e+01 6.005e+01))
s>            ( QUESTION0 -1 4.707e+03 5.148e+01 2.783e+02
s>                ( - 4.620e+03 1 0)
s>                ( - 3.567e+01 1 0)))
s>        ( WDBNDRY_B 0 2.121e+03 1.247e+02 1.398e+02
s>            ( QUESTION0 -1 5.788e+02 7.787e+01 4.299e+01
s>                ( - 1.496e+02 2 0 QUESTION2_12_L -1 3.671e+01 1.500e+01)
s>                ( QUESTION4 -1 3.513e+02 5.094e+01 2.799e+01
s>                    ( - 1.093e+02 1 0)
s>                    ( - 1.910e+02 1 0)))
s>            ( - 1.418e+03 1 0)))INFO: dtree.c(1315): Comp split 2
INFO: dtree.c(1439): stop. leaf nodes are specific
INFO: dtree.c(1478): Final simple tree
|( WDBNDRY_B 0 4.962e+03 1.055e+02 2.926e+02
|    ( QUESTION2_9_L -1 2.365e+02 5.027e+01 1.924e+01
|        ( - 9.701e+01 1 0)
|        ( - 8.922e+01 1 0))
|    ( - 4.620e+03 1 0))
s>    ( WDBNDRY_B 0 4.962e+03 1.055e+02 2.926e+02
s>        ( QUESTION2_9_L -1 2.365e+02 5.027e+01 1.924e+01
s>            ( - 9.701e+01 1 0)
s>            ( - 8.922e+01 1 0))
s>        ( - 4.620e+03 1 0))INFO: dtree.c(1478): Final simple tree
|( QUESTION7 -1 3.142e+03 1.691e+02 2.048e+02
|    ( WDBNDRY_B 0 1.683e+03 7.356e+01 1.148e+02
|        ( - 1.910e+02 1 0)
|        ( - 1.418e+03 1 0))
|    ( QUESTION2_2_L -1 1.291e+03 9.336e+01 9.003e+01
|        ( QUESTION0 -1 8.786e+02 5.032e+01 6.505e+01
|            ( - 7.133e+02 3 0)
|            ( WDBNDRY_B 0 1.149e+02 3.148e+01 1.193e+01
|                ( - 4.776e+01 1 0)
|                ( - 3.567e+01 1 0)))
|        ( QUESTION0 -1 3.187e+02 5.982e+01 2.498e+01
|            ( QUESTION2_12_L -1 1.496e+02 3.671e+01 1.500e+01
|                ( - 8.820e+01 1 0)
|                ( - 2.471e+01 1 0))
|            ( - 1.093e+02 1 0))))
s>    ( QUESTION7 -1 3.142e+03 1.691e+02 2.048e+02
s>        ( WDBNDRY_B 0 1.683e+03 7.356e+01 1.148e+02
s>            ( - 1.910e+02 1 0)
s>            ( - 1.418e+03 1 0))
s>        ( QUESTION2_2_L -1 1.291e+03 9.336e+01 9.003e+01
s>            ( QUESTION0 -1 8.786e+02 5.032e+01 6.505e+01
s>                ( - 7.133e+02 3 0)
s>                ( WDBNDRY_B 0 1.149e+02 3.148e+01 1.193e+01
s>                    ( - 4.776e+01 1 0)
s>                    ( - 3.567e+01 1 0)))
s>            ( QUESTION0 -1 3.187e+02 5.982e+01 2.498e+01
s>                ( QUESTION2_12_L -1 1.496e+02 3.671e+01 1.500e+01
s>                    ( - 8.820e+01 1 0)
s>                    ( - 2.471e+01 1 0))
s>                ( - 1.093e+02 1 0))))INFO: dtree.c(1315): Comp split 3
INFO: dtree.c(1439): stop. leaf nodes are specific
INFO: dtree.c(1478): Final simple tree
|( QUESTION8 -1 1.770e+03 7.759e+01 1.198e+02
|    ( - 1.418e+03 1 0)
|    ( WDBNDRY_B 0 2.740e+02 4.733e+01 2.301e+01
|        ( - 1.910e+02 1 0)
|        ( - 3.567e+01 1 0)))
s>    ( QUESTION8 -1 1.770e+03 7.759e+01 1.198e+02
s>        ( - 1.418e+03 1 0)
s>        ( WDBNDRY_B 0 2.740e+02 4.733e+01 2.301e+01
s>            ( - 1.910e+02 1 0)
s>            ( - 3.567e+01 1 0)))INFO: dtree.c(1439): stop. leaf nodes are specific
INFO: dtree.c(1478): Final simple tree
|( QUESTION2_2_L -1 1.199e+03 8.710e+01 8.503e+01
|    ( QUESTION0 -1 7.933e+02 3.216e+01 6.005e+01
|        ( - 7.133e+02 3 0)
|        ( - 4.776e+01 1 0))
|    ( QUESTION0 -1 3.187e+02 5.982e+01 2.498e+01
|        ( QUESTION2_12_L -1 1.496e+02 3.671e+01 1.500e+01
|            ( - 8.820e+01 1 0)
|            ( - 2.471e+01 1 0))
|        ( - 1.093e+02 1 0)))
s>    ( QUESTION2_2_L -1 1.199e+03 8.710e+01 8.503e+01
s>        ( QUESTION0 -1 7.933e+02 3.216e+01 6.005e+01
s>            ( - 7.133e+02 3 0)
s>            ( - 4.776e+01 1 0))
s>        ( QUESTION0 -1 3.187e+02 5.982e+01 2.498e+01
s>            ( QUESTION2_12_L -1 1.496e+02 3.671e+01 1.500e+01
s>                ( - 8.820e+01 1 0)
s>                ( - 2.471e+01 1 0))
s>            ( - 1.093e+02 1 0)))INFO: dtree.c(1315): Comp split 4
INFO: dtree.c(1439): stop. leaf nodes are specific
INFO: dtree.c(1478): Final simple tree
|( QUESTION2_9_L -1 2.365e+02 5.027e+01 1.924e+01
|    ( - 9.701e+01 1 0)
|    ( - 8.922e+01 1 0))
s>    ( QUESTION2_9_L -1 2.365e+02 5.027e+01 1.924e+01
s>        ( - 9.701e+01 1 0)
s>        ( - 8.922e+01 1 0))INFO: dtree.c(1315): Comp split 5
INFO: dtree.c(1439): stop. leaf nodes are specific
INFO: dtree.c(1478): Final simple tree
|( QUESTION0 -1 3.187e+02 5.982e+01 2.498e+01
|    ( QUESTION2_12_L -1 1.496e+02 3.671e+01 1.500e+01
|        ( - 8.820e+01 1 0)
|        ( - 2.471e+01 1 0))
|    ( - 1.093e+02 1 0))
s>    ( QUESTION0 -1 3.187e+02 5.982e+01 2.498e+01
s>        ( QUESTION2_12_L -1 1.496e+02 3.671e+01 1.500e+01
s>            ( - 8.820e+01 1 0)
s>            ( - 2.471e+01 1 0))
s>        ( - 1.093e+02 1 0))INFO: dtree.c(1439): stop. leaf nodes are specific
INFO: dtree.c(1478): Final simple tree
|( QUESTION0 -1 7.933e+02 3.216e+01 6.005e+01
|    ( - 7.133e+02 3 0)
|    ( - 4.776e+01 1 0))
s>    ( QUESTION0 -1 7.933e+02 3.216e+01 6.005e+01
s>        ( - 7.133e+02 3 0)
s>        ( - 4.776e+01 1 0))INFO: dtree.c(1315): Comp split 6
INFO: dtree.c(1439): stop. leaf nodes are specific
INFO: dtree.c(1478): Final simple tree
|( SILENCE -1 5.451e+02 6.548e+01 4.089e+01
|    ( - 1.529e+02 1 0)
|    ( - 3.267e+02 1 0))
s>    ( SILENCE -1 5.451e+02 6.548e+01 4.089e+01
s>        ( - 1.529e+02 1 0)
s>        ( - 3.267e+02 1 0))INFO: dtree.c(1315): Comp split 7
INFO: dtree.c(1439): stop. leaf nodes are specific
INFO: dtree.c(1478): Final simple tree
|( WDBNDRY_B 0 2.740e+02 4.733e+01 2.301e+01
|    ( - 1.910e+02 1 0)
|    ( - 3.567e+01 1 0))
s>    ( WDBNDRY_B 0 2.740e+02 4.733e+01 2.301e+01
s>        ( - 1.910e+02 1 0)
s>        ( - 3.567e+01 1 0))INFO: dtree.c(1315): Comp split 8
INFO: dtree.c(1315): Comp split 9
INFO: dtree.c(1439): stop. leaf nodes are specific
INFO: dtree.c(1478): Final simple tree
|( QUESTION2_12_L -1 1.496e+02 3.671e+01 1.500e+01
|    ( - 8.820e+01 1 0)
|    ( - 2.471e+01 1 0))
s>    ( QUESTION2_12_L -1 1.496e+02 3.671e+01 1.500e+01
s>        ( - 8.820e+01 1 0)
s>        ( - 2.471e+01 1 0))INFO: dtree.c(1315): Comp split 10
INFO: dtree.c(1315): Comp split 11
INFO: dtree.c(1315): Comp split 12
INFO: dtree.c(1315): Comp split 13
INFO: dtree.c(1315): Comp split 14
INFO: dtree.c(1318): stop. leaf nodes are specific
Mon May 23 22:39:56 2022
