Current configuration:
[NAME]		[DEFLT]	[VALUE]
-allphones	no	no
-cntthresh	0.00001	1.000000e-05
-csplitmax	100	2000
-csplitmin	1	1
-csplitthr	8e-4	0.000000e+00
-example	no	no
-fullvar	no	no
-help		no	no
-meanfn			
-mixwfn			/home/rakha/Kuliah/Semester8/nlp/speech-sphinx/train-new-model/an4-master/model_parameters/an4.cd_ptm_untied/mixture_weights
-moddeffn		/home/rakha/Kuliah/Semester8/nlp/speech-sphinx/train-new-model/an4-master/model_architecture/an4.untied.mdef
-mwfloor	1e-4	1.000000e-08
-phone			D
-psetfn			/home/rakha/Kuliah/Semester8/nlp/speech-sphinx/train-new-model/an4-master/model_architecture/an4.tree_questions
-ssplitmax	5	7
-ssplitmin	1	1
-ssplitthr	8e-4	0.000000e+00
-state			2
-stwt			1.0,0.05,0.0,
-treefn			/home/rakha/Kuliah/Semester8/nlp/speech-sphinx/train-new-model/an4-master/trees/an4.unpruned/D-2.dtree
-ts2cbfn	.semi.	.semi.
-varfloor	0.00001	1.000000e-05
-varfn			

INFO: main.c(223): Reading: /home/rakha/Kuliah/Semester8/nlp/speech-sphinx/train-new-model/an4-master/model_architecture/an4.untied.mdef
INFO: model_def_io.c(573): Model definition info:
INFO: model_def_io.c(574): 1618 total models defined (34 base, 1584 tri)
INFO: model_def_io.c(575): 6472 total states
INFO: model_def_io.c(576): 4854 total tied states
INFO: model_def_io.c(577): 102 total tied CI states
INFO: model_def_io.c(578): 34 total tied transition matrices
INFO: model_def_io.c(579): 4 max state/model
INFO: model_def_io.c(580): 4 min state/model
INFO: main.c(242): Building trees for [D AH AH b] through [D UW IY b]
INFO: main.c(269): Covering states |[861 977]| == 117
INFO: main.c(275): Reading: /home/rakha/Kuliah/Semester8/nlp/speech-sphinx/train-new-model/an4-master/model_parameters/an4.cd_ptm_untied/mixture_weights
INFO: s3mixw_io.c(173): Read /home/rakha/Kuliah/Semester8/nlp/speech-sphinx/train-new-model/an4-master/model_parameters/an4.cd_ptm_untied/mixture_weights [117x4x64 array]
INFO: main.c(311): 39 of 39 models have observation count greater than 0.000010
INFO: main.c(95): nrm stwt: 0.000 0.048 0.952 
INFO: main.c(411): 39-class entropy: 8.941623e+03
INFO: main.c(549): Reading: /home/rakha/Kuliah/Semester8/nlp/speech-sphinx/train-new-model/an4-master/model_architecture/an4.tree_questions
INFO: main.c(588): 180 total simple questions (172 phone; 8 word bndry)
INFO: main.c(590): 42 Left Only questions, and 42 Right Only questions
INFO: dtree.c(1478): Final simple tree
|( QUESTION1 1 1.312e+04 8.768e+02 6.811e+02
|    ( WDBNDRY_B 0 8.495e+03 6.374e+02 4.875e+02
|        ( QUESTION2_2_L -1 6.757e+03 1.612e+02 4.102e+02
|            ( QUESTION2 -1 4.508e+03 1.682e+02 2.714e+02
|                ( - 1.487e+03 3 0)
|                ( - 2.853e+03 5 0 QUESTION0 -1 1.086e+02 1.784e+02))
|            ( - 2.087e+03 5 0 QUESTION2_13_L -1 1.205e+02 1.389e+02))
|        ( - 1.101e+03 3 0 WDBNDRY_E 0 9.152e+01 7.726e+01))
|    ( WDBNDRY_B 0 3.748e+03 3.759e+02 1.936e+02
|        ( QUESTION2_3_L -1 2.516e+03 1.463e+02 1.426e+02
|            ( - 1.429e+03 4 0 QUESTION1 -1 1.064e+02 8.199e+01)
|            ( - 9.407e+02 8 0 QUESTION3 -1 1.062e+02 6.057e+01))
|        ( QUESTION4 -1 8.559e+02 1.342e+02 5.100e+01
|            ( - 4.886e+02 5 0 WDBNDRY_E 0 5.406e+01 3.400e+01)
|            ( - 2.331e+02 6 0 QUESTION5 1 5.544e+01 1.700e+01))))
s>    ( QUESTION1 1 1.312e+04 8.768e+02 6.811e+02
s>        ( WDBNDRY_B 0 8.495e+03 6.374e+02 4.875e+02
s>            ( QUESTION2_2_L -1 6.757e+03 1.612e+02 4.102e+02
s>                ( QUESTION2 -1 4.508e+03 1.682e+02 2.714e+02
s>                    ( - 1.487e+03 3 0)
s>                    ( - 2.853e+03 5 0 QUESTION0 -1 1.086e+02 1.784e+02))
s>                ( - 2.087e+03 5 0 QUESTION2_13_L -1 1.205e+02 1.389e+02))
s>            ( - 1.101e+03 3 0 WDBNDRY_E 0 9.152e+01 7.726e+01))
s>        ( WDBNDRY_B 0 3.748e+03 3.759e+02 1.936e+02
s>            ( QUESTION2_3_L -1 2.516e+03 1.463e+02 1.426e+02
s>                ( - 1.429e+03 4 0 QUESTION1 -1 1.064e+02 8.199e+01)
s>                ( - 9.407e+02 8 0 QUESTION3 -1 1.062e+02 6.057e+01))
s>            ( QUESTION4 -1 8.559e+02 1.342e+02 5.100e+01
s>                ( - 4.886e+02 5 0 WDBNDRY_E 0 5.406e+01 3.400e+01)
s>                ( - 2.331e+02 6 0 QUESTION5 1 5.544e+01 1.700e+01))))INFO: dtree.c(1315): Comp split 0
INFO: dtree.c(1478): Final simple tree
|( QUESTION2_2_L -1 6.757e+03 1.612e+02 4.102e+02
|    ( QUESTION2 -1 4.508e+03 1.682e+02 2.714e+02
|        ( - 1.487e+03 3 0)
|        ( QUESTION0 -1 2.853e+03 1.086e+02 1.784e+02
|            ( - 1.347e+03 2 0)
|            ( QUESTION4 -1 1.397e+03 9.212e+01 8.910e+01
|                ( - 7.416e+02 1 0)
|                ( - 5.634e+02 2 0 QUESTION2_9_L -1 4.582e+01 3.926e+01))))
|    ( QUESTION2_13_L -1 2.087e+03 1.205e+02 1.389e+02
|        ( - 5.821e+02 1 0)
|        ( SILENCE -1 1.385e+03 7.890e+01 9.687e+01
|            ( - 7.538e+02 1 0)
|            ( QUESTION0 -1 5.521e+02 4.633e+01 4.235e+01
|                ( - 4.043e+02 1 0)
|                ( - 1.015e+02 2 0 QUESTION4 -1 2.120e+01 1.100e+01)))))
s>    ( QUESTION2_2_L -1 6.757e+03 1.612e+02 4.102e+02
s>        ( QUESTION2 -1 4.508e+03 1.682e+02 2.714e+02
s>            ( - 1.487e+03 3 0)
s>            ( QUESTION0 -1 2.853e+03 1.086e+02 1.784e+02
s>                ( - 1.347e+03 2 0)
s>                ( QUESTION4 -1 1.397e+03 9.212e+01 8.910e+01
s>                    ( - 7.416e+02 1 0)
s>                    ( - 5.634e+02 2 0 QUESTION2_9_L -1 4.582e+01 3.926e+01))))
s>        ( QUESTION2_13_L -1 2.087e+03 1.205e+02 1.389e+02
s>            ( - 5.821e+02 1 0)
s>            ( SILENCE -1 1.385e+03 7.890e+01 9.687e+01
s>                ( - 7.538e+02 1 0)
s>                ( QUESTION0 -1 5.521e+02 4.633e+01 4.235e+01
s>                    ( - 4.043e+02 1 0)
s>                    ( - 1.015e+02 2 0 QUESTION4 -1 2.120e+01 1.100e+01)))))INFO: dtree.c(1478): Final simple tree
|( WDBNDRY_B 0 5.359e+03 5.768e+02 2.708e+02
|    ( QUESTION2_3_L -1 2.516e+03 1.463e+02 1.426e+02
|        ( QUESTION1 -1 1.429e+03 1.064e+02 8.199e+01
|            ( - 1.082e+03 2 0)
|            ( - 2.403e+02 2 0))
|        ( QUESTION3 -1 9.407e+02 1.062e+02 6.057e+01
|            ( - 2.871e+02 4 0 QUESTION4 -1 4.803e+01 2.200e+01)
|            ( - 5.474e+02 4 0 SILENCE -1 6.592e+01 3.857e+01)))
|    ( QUESTION1 1 2.267e+03 3.100e+02 1.283e+02
|        ( WDBNDRY_E 0 1.101e+03 9.152e+01 7.726e+01
|            ( - 6.832e+01 2 0 QUESTION4 -1 2.356e+01 8.000e+00)
|            ( - 9.409e+02 1 0))
|        ( QUESTION4 -1 8.559e+02 1.342e+02 5.100e+01
|            ( - 4.886e+02 5 0 WDBNDRY_E 0 5.406e+01 3.400e+01)
|            ( - 2.331e+02 6 0 QUESTION5 1 5.544e+01 1.700e+01))))
s>    ( WDBNDRY_B 0 5.359e+03 5.768e+02 2.708e+02
s>        ( QUESTION2_3_L -1 2.516e+03 1.463e+02 1.426e+02
s>            ( QUESTION1 -1 1.429e+03 1.064e+02 8.199e+01
s>                ( - 1.082e+03 2 0)
s>                ( - 2.403e+02 2 0))
s>            ( QUESTION3 -1 9.407e+02 1.062e+02 6.057e+01
s>                ( - 2.871e+02 4 0 QUESTION4 -1 4.803e+01 2.200e+01)
s>                ( - 5.474e+02 4 0 SILENCE -1 6.592e+01 3.857e+01)))
s>        ( QUESTION1 1 2.267e+03 3.100e+02 1.283e+02
s>            ( WDBNDRY_E 0 1.101e+03 9.152e+01 7.726e+01
s>                ( - 6.832e+01 2 0 QUESTION4 -1 2.356e+01 8.000e+00)
s>                ( - 9.409e+02 1 0))
s>            ( QUESTION4 -1 8.559e+02 1.342e+02 5.100e+01
s>                ( - 4.886e+02 5 0 WDBNDRY_E 0 5.406e+01 3.400e+01)
s>                ( - 2.331e+02 6 0 QUESTION5 1 5.544e+01 1.700e+01))))INFO: dtree.c(1315): Comp split 1
INFO: dtree.c(1478): Final simple tree
|( QUESTION1 1 2.267e+03 3.100e+02 1.283e+02
|    ( WDBNDRY_E 0 1.101e+03 9.152e+01 7.726e+01
|        ( QUESTION4 -1 6.832e+01 2.356e+01 8.000e+00
|            ( - 3.751e+01 1 0)
|            ( - 7.259e+00 1 0))
|        ( - 9.409e+02 1 0))
|    ( QUESTION4 -1 8.559e+02 1.342e+02 5.100e+01
|        ( WDBNDRY_E 0 4.886e+02 5.406e+01 3.400e+01
|            ( - 4.644e+01 4 0 QUESTION0 1 1.942e+01 5.000e+00)
|            ( - 3.881e+02 1 0))
|        ( QUESTION5 1 2.331e+02 5.544e+01 1.700e+01
|            ( - 9.618e+01 2 0 QUESTION0_0_R 1 1.414e+01 9.000e+00)
|            ( QUESTION0_7_R 1 8.146e+01 3.094e+01 8.000e+00
|                ( - 1.406e+01 2 0 QUESTION0 -1 1.119e+01 3.000e+00)
|                ( - 3.646e+01 2 0 SILENCE 1 1.301e+01 5.000e+00)))))
s>    ( QUESTION1 1 2.267e+03 3.100e+02 1.283e+02
s>        ( WDBNDRY_E 0 1.101e+03 9.152e+01 7.726e+01
s>            ( QUESTION4 -1 6.832e+01 2.356e+01 8.000e+00
s>                ( - 3.751e+01 1 0)
s>                ( - 7.259e+00 1 0))
s>            ( - 9.409e+02 1 0))
s>        ( QUESTION4 -1 8.559e+02 1.342e+02 5.100e+01
s>            ( WDBNDRY_E 0 4.886e+02 5.406e+01 3.400e+01
s>                ( - 4.644e+01 4 0 QUESTION0 1 1.942e+01 5.000e+00)
s>                ( - 3.881e+02 1 0))
s>            ( QUESTION5 1 2.331e+02 5.544e+01 1.700e+01
s>                ( - 9.618e+01 2 0 QUESTION0_0_R 1 1.414e+01 9.000e+00)
s>                ( QUESTION0_7_R 1 8.146e+01 3.094e+01 8.000e+00
s>                    ( - 1.406e+01 2 0 QUESTION0 -1 1.119e+01 3.000e+00)
s>                    ( - 3.646e+01 2 0 SILENCE 1 1.301e+01 5.000e+00)))))INFO: dtree.c(1478): Final simple tree
|( QUESTION2_3_L -1 2.516e+03 1.463e+02 1.426e+02
|    ( QUESTION1 -1 1.429e+03 1.064e+02 8.199e+01
|        ( - 1.082e+03 2 0)
|        ( - 2.403e+02 2 0))
|    ( QUESTION3 -1 9.407e+02 1.062e+02 6.057e+01
|        ( QUESTION4 -1 2.871e+02 4.803e+01 2.200e+01
|            ( - 1.335e+02 1 0)
|            ( - 1.056e+02 3 0 QUESTION7 -1 3.060e+01 1.000e+01))
|        ( SILENCE -1 5.474e+02 6.592e+01 3.857e+01
|            ( QUESTION0 1 3.733e+02 3.646e+01 2.857e+01
|                ( - 3.175e+02 1 0)
|                ( - 1.935e+01 1 0))
|            ( QUESTION2_12_L -1 1.082e+02 3.627e+01 9.997e+00
|                ( - 3.480e+01 1 0)
|                ( - 3.713e+01 1 0)))))
s>    ( QUESTION2_3_L -1 2.516e+03 1.463e+02 1.426e+02
s>        ( QUESTION1 -1 1.429e+03 1.064e+02 8.199e+01
s>            ( - 1.082e+03 2 0)
s>            ( - 2.403e+02 2 0))
s>        ( QUESTION3 -1 9.407e+02 1.062e+02 6.057e+01
s>            ( QUESTION4 -1 2.871e+02 4.803e+01 2.200e+01
s>                ( - 1.335e+02 1 0)
s>                ( - 1.056e+02 3 0 QUESTION7 -1 3.060e+01 1.000e+01))
s>            ( SILENCE -1 5.474e+02 6.592e+01 3.857e+01
s>                ( QUESTION0 1 3.733e+02 3.646e+01 2.857e+01
s>                    ( - 3.175e+02 1 0)
s>                    ( - 1.935e+01 1 0))
s>                ( QUESTION2_12_L -1 1.082e+02 3.627e+01 9.997e+00
s>                    ( - 3.480e+01 1 0)
s>                    ( - 3.713e+01 1 0)))))INFO: dtree.c(1315): Comp split 2
INFO: dtree.c(1478): Final simple tree
|( QUESTION4 -1 8.559e+02 1.342e+02 5.100e+01
|    ( WDBNDRY_E 0 4.886e+02 5.406e+01 3.400e+01
|        ( QUESTION0 1 4.644e+01 1.942e+01 5.000e+00
|            ( - 8.000e+00 1 0)
|            ( - 1.902e+01 3 0 QUESTION0_8_R 1 1.102e+01 3.000e+00))
|        ( - 3.881e+02 1 0))
|    ( QUESTION5 1 2.331e+02 5.544e+01 1.700e+01
|        ( QUESTION0_0_R 1 9.618e+01 1.414e+01 9.000e+00
|            ( - 8.204e+01 1 0)
|            ( - 0.000e+00 1 0))
|        ( QUESTION0_7_R 1 8.146e+01 3.094e+01 8.000e+00
|            ( - 1.406e+01 2 0 QUESTION0 -1 1.119e+01 3.000e+00)
|            ( SILENCE 1 3.646e+01 1.301e+01 5.000e+00
|                ( - 6.430e+00 1 0)
|                ( - 1.702e+01 1 0)))))
s>    ( QUESTION4 -1 8.559e+02 1.342e+02 5.100e+01
s>        ( WDBNDRY_E 0 4.886e+02 5.406e+01 3.400e+01
s>            ( QUESTION0 1 4.644e+01 1.942e+01 5.000e+00
s>                ( - 8.000e+00 1 0)
s>                ( - 1.902e+01 3 0 QUESTION0_8_R 1 1.102e+01 3.000e+00))
s>            ( - 3.881e+02 1 0))
s>        ( QUESTION5 1 2.331e+02 5.544e+01 1.700e+01
s>            ( QUESTION0_0_R 1 9.618e+01 1.414e+01 9.000e+00
s>                ( - 8.204e+01 1 0)
s>                ( - 0.000e+00 1 0))
s>            ( QUESTION0_7_R 1 8.146e+01 3.094e+01 8.000e+00
s>                ( - 1.406e+01 2 0 QUESTION0 -1 1.119e+01 3.000e+00)
s>                ( SILENCE 1 3.646e+01 1.301e+01 5.000e+00
s>                    ( - 6.430e+00 1 0)
s>                    ( - 1.702e+01 1 0)))))INFO: dtree.c(1439): stop. leaf nodes are specific
INFO: dtree.c(1478): Final simple tree
|( WDBNDRY_E 0 1.101e+03 9.152e+01 7.726e+01
|    ( QUESTION4 -1 6.832e+01 2.356e+01 8.000e+00
|        ( - 3.751e+01 1 0)
|        ( - 7.259e+00 1 0))
|    ( - 9.409e+02 1 0))
s>    ( WDBNDRY_E 0 1.101e+03 9.152e+01 7.726e+01
s>        ( QUESTION4 -1 6.832e+01 2.356e+01 8.000e+00
s>            ( - 3.751e+01 1 0)
s>            ( - 7.259e+00 1 0))
s>        ( - 9.409e+02 1 0))INFO: dtree.c(1315): Comp split 3
INFO: dtree.c(1439): stop. leaf nodes are specific
INFO: dtree.c(1478): Final simple tree
|( QUESTION0 -1 3.338e+03 1.157e+02 2.098e+02
|    ( QUESTION1 -1 1.825e+03 7.425e+01 1.207e+02
|        ( - 1.347e+03 2 0)
|        ( - 4.043e+02 1 0))
|    ( QUESTION4 -1 1.397e+03 9.212e+01 8.910e+01
|        ( - 7.416e+02 1 0)
|        ( QUESTION2_9_L -1 5.634e+02 4.582e+01 3.926e+01
|            ( - 3.398e+01 1 0)
|            ( - 4.836e+02 1 0))))
s>    ( QUESTION0 -1 3.338e+03 1.157e+02 2.098e+02
s>        ( QUESTION1 -1 1.825e+03 7.425e+01 1.207e+02
s>            ( - 1.347e+03 2 0)
s>            ( - 4.043e+02 1 0))
s>        ( QUESTION4 -1 1.397e+03 9.212e+01 8.910e+01
s>            ( - 7.416e+02 1 0)
s>            ( QUESTION2_9_L -1 5.634e+02 4.582e+01 3.926e+01
s>                ( - 3.398e+01 1 0)
s>                ( - 4.836e+02 1 0))))INFO: dtree.c(1439): stop. leaf nodes are specific
INFO: dtree.c(1478): Final simple tree
|( QUESTION2_2_L -1 3.229e+03 1.422e+02 2.004e+02
|    ( - 1.487e+03 3 0)
|    ( QUESTION0 -1 1.599e+03 1.017e+02 1.075e+02
|        ( - 5.821e+02 1 0)
|        ( SILENCE -1 9.154e+02 6.009e+01 6.552e+01
|            ( - 7.538e+02 1 0)
|            ( QUESTION4 -1 1.015e+02 2.120e+01 1.100e+01
|                ( - 3.660e+01 1 0)
|                ( - 4.365e+01 1 0)))))
s>    ( QUESTION2_2_L -1 3.229e+03 1.422e+02 2.004e+02
s>        ( - 1.487e+03 3 0)
s>        ( QUESTION0 -1 1.599e+03 1.017e+02 1.075e+02
s>            ( - 5.821e+02 1 0)
s>            ( SILENCE -1 9.154e+02 6.009e+01 6.552e+01
s>                ( - 7.538e+02 1 0)
s>                ( QUESTION4 -1 1.015e+02 2.120e+01 1.100e+01
s>                    ( - 3.660e+01 1 0)
s>                    ( - 4.365e+01 1 0)))))INFO: dtree.c(1315): Comp split 4
INFO: dtree.c(1439): stop. leaf nodes are specific
INFO: dtree.c(1478): Final simple tree
|( QUESTION0 -1 6.669e+02 8.442e+01 4.200e+01
|    ( - 2.403e+02 2 0)
|    ( QUESTION2_1_L -1 3.422e+02 5.563e+01 2.500e+01
|        ( QUESTION4 -1 2.164e+02 3.666e+01 1.800e+01
|            ( - 1.335e+02 1 0)
|            ( - 4.628e+01 1 0))
|        ( QUESTION16 -1 7.011e+01 2.242e+01 7.000e+00
|            ( - 8.000e+00 1 0)
|            ( SILENCE -1 3.968e+01 1.581e+01 5.000e+00
|                ( - 1.935e+01 1 0)
|                ( - 4.525e+00 1 0)))))
s>    ( QUESTION0 -1 6.669e+02 8.442e+01 4.200e+01
s>        ( - 2.403e+02 2 0)
s>        ( QUESTION2_1_L -1 3.422e+02 5.563e+01 2.500e+01
s>            ( QUESTION4 -1 2.164e+02 3.666e+01 1.800e+01
s>                ( - 1.335e+02 1 0)
s>                ( - 4.628e+01 1 0))
s>            ( QUESTION16 -1 7.011e+01 2.242e+01 7.000e+00
s>                ( - 8.000e+00 1 0)
s>                ( SILENCE -1 3.968e+01 1.581e+01 5.000e+00
s>                    ( - 1.935e+01 1 0)
s>                    ( - 4.525e+00 1 0)))))INFO: dtree.c(1439): stop. leaf nodes are specific
INFO: dtree.c(1478): Final simple tree
|( QUESTION1 -1 1.694e+03 1.242e+02 1.006e+02
|    ( - 1.082e+03 2 0)
|    ( SILENCE -1 4.880e+02 6.232e+01 3.557e+01
|        ( - 3.175e+02 1 0)
|        ( QUESTION2_12_L -1 1.082e+02 3.627e+01 9.997e+00
|            ( - 3.480e+01 1 0)
|            ( - 3.713e+01 1 0))))
s>    ( QUESTION1 -1 1.694e+03 1.242e+02 1.006e+02
s>        ( - 1.082e+03 2 0)
s>        ( SILENCE -1 4.880e+02 6.232e+01 3.557e+01
s>            ( - 3.175e+02 1 0)
s>            ( QUESTION2_12_L -1 1.082e+02 3.627e+01 9.997e+00
s>                ( - 3.480e+01 1 0)
s>                ( - 3.713e+01 1 0))))INFO: dtree.c(1315): Comp split 5
INFO: dtree.c(1439): stop. leaf nodes are specific
INFO: dtree.c(1478): Final simple tree
|( QUESTION0 -1 1.570e+03 4.607e+01 9.792e+01
|    ( - 1.487e+03 3 0)
|    ( - 3.660e+01 1 0))
s>    ( QUESTION0 -1 1.570e+03 4.607e+01 9.792e+01
s>        ( - 1.487e+03 3 0)
s>        ( - 3.660e+01 1 0))INFO: dtree.c(1439): stop. leaf nodes are specific
INFO: dtree.c(1478): Final simple tree
|( QUESTION0 -1 1.514e+03 9.970e+01 1.025e+02
|    ( - 5.821e+02 1 0)
|    ( SILENCE -1 8.324e+02 3.488e+01 6.052e+01
|        ( - 7.538e+02 1 0)
|        ( - 4.365e+01 1 0)))
s>    ( QUESTION0 -1 1.514e+03 9.970e+01 1.025e+02
s>        ( - 5.821e+02 1 0)
s>        ( SILENCE -1 8.324e+02 3.488e+01 6.052e+01
s>            ( - 7.538e+02 1 0)
s>            ( - 4.365e+01 1 0)))INFO: dtree.c(1315): Comp split 6
INFO: dtree.c(1439): stop. leaf nodes are specific
INFO: dtree.c(1478): Final simple tree
|( QUESTION5 1 2.331e+02 5.544e+01 1.700e+01
|    ( QUESTION0_0_R 1 9.618e+01 1.414e+01 9.000e+00
|        ( - 8.204e+01 1 0)
|        ( - 0.000e+00 1 0))
|    ( QUESTION0_7_R 1 8.146e+01 3.094e+01 8.000e+00
|        ( QUESTION0 -1 1.406e+01 1.119e+01 3.000e+00
|            ( - 2.190e+00 1 0)
|            ( - 6.793e-01 1 0))
|        ( SILENCE 1 3.646e+01 1.301e+01 5.000e+00
|            ( - 6.430e+00 1 0)
|            ( - 1.702e+01 1 0))))
s>    ( QUESTION5 1 2.331e+02 5.544e+01 1.700e+01
s>        ( QUESTION0_0_R 1 9.618e+01 1.414e+01 9.000e+00
s>            ( - 8.204e+01 1 0)
s>            ( - 0.000e+00 1 0))
s>        ( QUESTION0_7_R 1 8.146e+01 3.094e+01 8.000e+00
s>            ( QUESTION0 -1 1.406e+01 1.119e+01 3.000e+00
s>                ( - 2.190e+00 1 0)
s>                ( - 6.793e-01 1 0))
s>            ( SILENCE 1 3.646e+01 1.301e+01 5.000e+00
s>                ( - 6.430e+00 1 0)
s>                ( - 1.702e+01 1 0))))INFO: dtree.c(1439): stop. leaf nodes are specific
INFO: dtree.c(1478): Final simple tree
|( WDBNDRY_E 0 4.886e+02 5.406e+01 3.400e+01
|    ( QUESTION0 1 4.644e+01 1.942e+01 5.000e+00
|        ( - 8.000e+00 1 0)
|        ( QUESTION0_8_R 1 1.902e+01 1.102e+01 3.000e+00
|            ( - 0.000e+00 1 0)
|            ( QUESTION0_10_R 1 8.000e+00 8.000e+00 2.000e+00
|                ( - 0.000e+00 1 0)
|                ( - 0.000e+00 1 0))))
|    ( - 3.881e+02 1 0))
s>    ( WDBNDRY_E 0 4.886e+02 5.406e+01 3.400e+01
s>        ( QUESTION0 1 4.644e+01 1.942e+01 5.000e+00
s>            ( - 8.000e+00 1 0)
s>            ( QUESTION0_8_R 1 1.902e+01 1.102e+01 3.000e+00
s>                ( - 0.000e+00 1 0)
s>                ( QUESTION0_10_R 1 8.000e+00 8.000e+00 2.000e+00
s>                    ( - 0.000e+00 1 0)
s>                    ( - 0.000e+00 1 0))))
s>        ( - 3.881e+02 1 0))INFO: dtree.c(1315): Comp split 7
INFO: dtree.c(1439): stop. leaf nodes are specific
INFO: dtree.c(1478): Final simple tree
|( SILENCE -1 4.880e+02 6.232e+01 3.557e+01
|    ( - 3.175e+02 1 0)
|    ( QUESTION2_12_L -1 1.082e+02 3.627e+01 9.997e+00
|        ( - 3.480e+01 1 0)
|        ( - 3.713e+01 1 0)))
s>    ( SILENCE -1 4.880e+02 6.232e+01 3.557e+01
s>        ( - 3.175e+02 1 0)
s>        ( QUESTION2_12_L -1 1.082e+02 3.627e+01 9.997e+00
s>            ( - 3.480e+01 1 0)
s>            ( - 3.713e+01 1 0)))INFO: dtree.c(1315): Comp split 8
INFO: dtree.c(1439): stop. leaf nodes are specific
INFO: dtree.c(1478): Final simple tree
|( QUESTION1 -1 1.900e+03 8.047e+01 1.257e+02
|    ( - 1.347e+03 2 0)
|    ( QUESTION0 -1 4.728e+02 3.458e+01 3.635e+01
|        ( - 4.043e+02 1 0)
|        ( - 3.398e+01 1 0)))
s>    ( QUESTION1 -1 1.900e+03 8.047e+01 1.257e+02
s>        ( - 1.347e+03 2 0)
s>        ( QUESTION0 -1 4.728e+02 3.458e+01 3.635e+01
s>            ( - 4.043e+02 1 0)
s>            ( - 3.398e+01 1 0)))INFO: dtree.c(1439): stop. leaf nodes are specific
INFO: dtree.c(1478): Final simple tree
|( QUESTION4 -1 1.314e+03 8.863e+01 8.410e+01
|    ( - 7.416e+02 1 0)
|    ( - 4.836e+02 1 0))
s>    ( QUESTION4 -1 1.314e+03 8.863e+01 8.410e+01
s>        ( - 7.416e+02 1 0)
s>        ( - 4.836e+02 1 0))INFO: dtree.c(1315): Comp split 9
INFO: dtree.c(1439): stop. leaf nodes are specific
INFO: dtree.c(1478): Final simple tree
|( SILENCE -1 8.324e+02 3.488e+01 6.052e+01
|    ( - 7.538e+02 1 0)
|    ( - 4.365e+01 1 0))
s>    ( SILENCE -1 8.324e+02 3.488e+01 6.052e+01
s>        ( - 7.538e+02 1 0)
s>        ( - 4.365e+01 1 0))INFO: dtree.c(1315): Comp split 10
INFO: dtree.c(1439): stop. leaf nodes are specific
INFO: dtree.c(1478): Final simple tree
|( QUESTION4 -1 6.832e+01 2.356e+01 8.000e+00
|    ( - 3.751e+01 1 0)
|    ( - 7.259e+00 1 0))
s>    ( QUESTION4 -1 6.832e+01 2.356e+01 8.000e+00
s>        ( - 3.751e+01 1 0)
s>        ( - 7.259e+00 1 0))INFO: dtree.c(1315): Comp split 11
INFO: dtree.c(1315): Comp split 12
INFO: dtree.c(1439): stop. leaf nodes are specific
INFO: dtree.c(1478): Final simple tree
|( QUESTION4 -1 2.499e+02 4.628e+01 1.900e+01
|    ( - 1.335e+02 1 0)
|    ( QUESTION16 -1 7.011e+01 2.242e+01 7.000e+00
|        ( - 8.000e+00 1 0)
|        ( SILENCE -1 3.968e+01 1.581e+01 5.000e+00
|            ( - 1.935e+01 1 0)
|            ( - 4.525e+00 1 0))))
s>    ( QUESTION4 -1 2.499e+02 4.628e+01 1.900e+01
s>        ( - 1.335e+02 1 0)
s>        ( QUESTION16 -1 7.011e+01 2.242e+01 7.000e+00
s>            ( - 8.000e+00 1 0)
s>            ( SILENCE -1 3.968e+01 1.581e+01 5.000e+00
s>                ( - 1.935e+01 1 0)
s>                ( - 4.525e+00 1 0))))INFO: dtree.c(1439): stop. leaf nodes are specific
INFO: dtree.c(1478): Final simple tree
|( QUESTION0 -1 3.291e+02 4.252e+01 2.300e+01
|    ( - 2.403e+02 2 0)
|    ( - 4.628e+01 1 0))
s>    ( QUESTION0 -1 3.291e+02 4.252e+01 2.300e+01
s>        ( - 2.403e+02 2 0)
s>        ( - 4.628e+01 1 0))INFO: dtree.c(1315): Comp split 13
INFO: dtree.c(1439): stop. leaf nodes are specific
INFO: dtree.c(1478): Final simple tree
|( QUESTION0 -1 4.728e+02 3.458e+01 3.635e+01
|    ( - 4.043e+02 1 0)
|    ( - 3.398e+01 1 0))
s>    ( QUESTION0 -1 4.728e+02 3.458e+01 3.635e+01
s>        ( - 4.043e+02 1 0)
s>        ( - 3.398e+01 1 0))INFO: dtree.c(1315): Comp split 14
INFO: dtree.c(1439): stop. leaf nodes are specific
INFO: dtree.c(1478): Final simple tree
|( QUESTION2_12_L -1 1.082e+02 3.627e+01 9.997e+00
|    ( - 3.480e+01 1 0)
|    ( - 3.713e+01 1 0))
s>    ( QUESTION2_12_L -1 1.082e+02 3.627e+01 9.997e+00
s>        ( - 3.480e+01 1 0)
s>        ( - 3.713e+01 1 0))INFO: dtree.c(1315): Comp split 15
INFO: dtree.c(1439): stop. leaf nodes are specific
INFO: dtree.c(1478): Final simple tree
|( QUESTION0_7_R 1 6.281e+01 2.416e+01 7.000e+00
|    ( - 2.190e+00 1 0)
|    ( SILENCE 1 3.646e+01 1.301e+01 5.000e+00
|        ( - 6.430e+00 1 0)
|        ( - 1.702e+01 1 0)))
s>    ( QUESTION0_7_R 1 6.281e+01 2.416e+01 7.000e+00
s>        ( - 2.190e+00 1 0)
s>        ( SILENCE 1 3.646e+01 1.301e+01 5.000e+00
s>            ( - 6.430e+00 1 0)
s>            ( - 1.702e+01 1 0)))INFO: dtree.c(1439): stop. leaf nodes are specific
INFO: dtree.c(1478): Final simple tree
|( QUESTION0_0_R 1 1.143e+02 2.332e+01 1.000e+01
|    ( - 8.204e+01 1 0)
|    ( QUESTION0_10_R 1 8.916e+00 8.237e+00 2.000e+00
|        ( - 0.000e+00 1 0)
|        ( - 6.793e-01 1 0)))
s>    ( QUESTION0_0_R 1 1.143e+02 2.332e+01 1.000e+01
s>        ( - 8.204e+01 1 0)
s>        ( QUESTION0_10_R 1 8.916e+00 8.237e+00 2.000e+00
s>            ( - 0.000e+00 1 0)
s>            ( - 6.793e-01 1 0)))INFO: dtree.c(1315): Comp split 16
INFO: dtree.c(1439): stop. leaf nodes are specific
INFO: dtree.c(1478): Final simple tree
|( QUESTION0 1 4.644e+01 1.942e+01 5.000e+00
|    ( - 8.000e+00 1 0)
|    ( QUESTION0_8_R 1 1.902e+01 1.102e+01 3.000e+00
|        ( - 0.000e+00 1 0)
|        ( QUESTION0_10_R 1 8.000e+00 8.000e+00 2.000e+00
|            ( - 0.000e+00 1 0)
|            ( - 0.000e+00 1 0))))
s>    ( QUESTION0 1 4.644e+01 1.942e+01 5.000e+00
s>        ( - 8.000e+00 1 0)
s>        ( QUESTION0_8_R 1 1.902e+01 1.102e+01 3.000e+00
s>            ( - 0.000e+00 1 0)
s>            ( QUESTION0_10_R 1 8.000e+00 8.000e+00 2.000e+00
s>                ( - 0.000e+00 1 0)
s>                ( - 0.000e+00 1 0))))INFO: dtree.c(1315): Comp split 17
INFO: dtree.c(1439): stop. leaf nodes are specific
INFO: dtree.c(1478): Final simple tree
|( SILENCE -1 4.499e+01 1.764e+01 5.000e+00
|    ( - 1.935e+01 1 0)
|    ( - 8.000e+00 1 0))
s>    ( SILENCE -1 4.499e+01 1.764e+01 5.000e+00
s>        ( - 1.935e+01 1 0)
s>        ( - 8.000e+00 1 0))INFO: dtree.c(1439): stop. leaf nodes are specific
INFO: dtree.c(1478): Final simple tree
|( QUESTION4 -1 1.577e+02 1.971e+01 1.400e+01
|    ( - 1.335e+02 1 0)
|    ( - 4.525e+00 1 0))
s>    ( QUESTION4 -1 1.577e+02 1.971e+01 1.400e+01
s>        ( - 1.335e+02 1 0)
s>        ( - 4.525e+00 1 0))INFO: dtree.c(1315): Comp split 18
INFO: dtree.c(1315): Comp split 19
INFO: dtree.c(1315): Comp split 20
INFO: dtree.c(1315): Comp split 21
INFO: dtree.c(1315): Comp split 22
INFO: dtree.c(1315): Comp split 23
INFO: dtree.c(1439): stop. leaf nodes are specific
INFO: dtree.c(1478): Final simple tree
|( SILENCE 1 3.646e+01 1.301e+01 5.000e+00
|    ( - 6.430e+00 1 0)
|    ( - 1.702e+01 1 0))
s>    ( SILENCE 1 3.646e+01 1.301e+01 5.000e+00
s>        ( - 6.430e+00 1 0)
s>        ( - 1.702e+01 1 0))INFO: dtree.c(1315): Comp split 24
INFO: dtree.c(1315): Comp split 25
INFO: dtree.c(1439): stop. leaf nodes are specific
INFO: dtree.c(1478): Final simple tree
|( QUESTION0_10_R 1 8.916e+00 8.237e+00 2.000e+00
|    ( - 0.000e+00 1 0)
|    ( - 6.793e-01 1 0))
s>    ( QUESTION0_10_R 1 8.916e+00 8.237e+00 2.000e+00
s>        ( - 0.000e+00 1 0)
s>        ( - 6.793e-01 1 0))INFO: dtree.c(1315): Comp split 26
INFO: dtree.c(1315): Comp split 27
INFO: dtree.c(1439): stop. leaf nodes are specific
INFO: dtree.c(1478): Final simple tree
|( QUESTION0_8_R 1 1.902e+01 1.102e+01 3.000e+00
|    ( - 0.000e+00 1 0)
|    ( QUESTION0_10_R 1 8.000e+00 8.000e+00 2.000e+00
|        ( - 0.000e+00 1 0)
|        ( - 0.000e+00 1 0)))
s>    ( QUESTION0_8_R 1 1.902e+01 1.102e+01 3.000e+00
s>        ( - 0.000e+00 1 0)
s>        ( QUESTION0_10_R 1 8.000e+00 8.000e+00 2.000e+00
s>            ( - 0.000e+00 1 0)
s>            ( - 0.000e+00 1 0)))INFO: dtree.c(1315): Comp split 28
INFO: dtree.c(1315): Comp split 29
INFO: dtree.c(1315): Comp split 30
INFO: dtree.c(1439): stop. leaf nodes are specific
INFO: dtree.c(1478): Final simple tree
|( QUESTION0_10_R 1 8.000e+00 8.000e+00 2.000e+00
|    ( - 0.000e+00 1 0)
|    ( - 0.000e+00 1 0))
s>    ( QUESTION0_10_R 1 8.000e+00 8.000e+00 2.000e+00
s>        ( - 0.000e+00 1 0)
s>        ( - 0.000e+00 1 0))INFO: dtree.c(1315): Comp split 31
INFO: dtree.c(1315): Comp split 32
INFO: dtree.c(1315): Comp split 33
INFO: dtree.c(1318): stop. leaf nodes are specific
Mon May 23 22:39:47 2022
