Current configuration:
[NAME]		[DEFLT]	[VALUE]
-allphones	no	no
-cntthresh	0.00001	1.000000e-05
-csplitmax	100	2000
-csplitmin	1	1
-csplitthr	8e-4	0.000000e+00
-example	no	no
-fullvar	no	no
-help		no	no
-meanfn			
-mixwfn			/home/rakha/Kuliah/Semester8/nlp/speech-sphinx/train-new-model/an4-master/model_parameters/an4.cd_ptm_untied/mixture_weights
-moddeffn		/home/rakha/Kuliah/Semester8/nlp/speech-sphinx/train-new-model/an4-master/model_architecture/an4.untied.mdef
-mwfloor	1e-4	1.000000e-08
-phone			EY
-psetfn			/home/rakha/Kuliah/Semester8/nlp/speech-sphinx/train-new-model/an4-master/model_architecture/an4.tree_questions
-ssplitmax	5	7
-ssplitmin	1	1
-ssplitthr	8e-4	0.000000e+00
-state			1
-stwt			1.0,0.05,0.0,
-treefn			/home/rakha/Kuliah/Semester8/nlp/speech-sphinx/train-new-model/an4-master/trees/an4.unpruned/EY-1.dtree
-ts2cbfn	.semi.	.semi.
-varfloor	0.00001	1.000000e-05
-varfn			

INFO: main.c(223): Reading: /home/rakha/Kuliah/Semester8/nlp/speech-sphinx/train-new-model/an4-master/model_architecture/an4.untied.mdef
INFO: model_def_io.c(573): Model definition info:
INFO: model_def_io.c(574): 1618 total models defined (34 base, 1584 tri)
INFO: model_def_io.c(575): 6472 total states
INFO: model_def_io.c(576): 4854 total tied states
INFO: model_def_io.c(577): 102 total tied CI states
INFO: model_def_io.c(578): 34 total tied transition matrices
INFO: model_def_io.c(579): 4 max state/model
INFO: model_def_io.c(580): 4 min state/model
INFO: main.c(242): Building trees for [EY AH CH b] through [EY V T b]
INFO: main.c(269): Covering states |[1326 1535]| == 210
INFO: main.c(275): Reading: /home/rakha/Kuliah/Semester8/nlp/speech-sphinx/train-new-model/an4-master/model_parameters/an4.cd_ptm_untied/mixture_weights
INFO: s3mixw_io.c(173): Read /home/rakha/Kuliah/Semester8/nlp/speech-sphinx/train-new-model/an4-master/model_parameters/an4.cd_ptm_untied/mixture_weights [210x4x64 array]
INFO: main.c(311): 70 of 70 models have observation count greater than 0.000010
INFO: main.c(95): nrm stwt: 0.045 0.909 0.045 
INFO: main.c(411): 70-class entropy: 5.194545e+04
INFO: main.c(549): Reading: /home/rakha/Kuliah/Semester8/nlp/speech-sphinx/train-new-model/an4-master/model_architecture/an4.tree_questions
INFO: main.c(588): 180 total simple questions (172 phone; 8 word bndry)
INFO: main.c(590): 42 Left Only questions, and 42 Right Only questions
INFO: dtree.c(1478): Final simple tree
|( WDBNDRY_E 0 6.464e+04 1.111e+03 3.524e+03
|    ( QUESTION7 -1 1.998e+04 3.629e+02 1.208e+03
|        ( QUESTION0_7_R 1 1.299e+04 3.776e+02 8.025e+02
|            ( - 7.960e+03 13 0 QUESTION2 1 2.855e+02 5.240e+02)
|            ( - 4.655e+03 6 0 SILENCE 1 2.895e+02 2.786e+02))
|        ( - 6.625e+03 18 0 QUESTION2 1 2.413e+02 4.055e+02))
|    ( QUESTION1 -1 4.354e+04 7.317e+02 2.316e+03
|        ( - 1.990e+04 4 0 QUESTION0_11_R 1 3.297e+02 1.096e+03)
|        ( WDBNDRY_B 0 2.291e+04 4.608e+02 1.220e+03
|            ( SILENCE -1 2.007e+04 3.809e+02 1.058e+03
|                ( - 2.736e+03 3 0 QUESTION7 1 2.121e+02 1.577e+02)
|                ( QUESTION0 -1 1.695e+04 3.306e+02 9.002e+02
|                    ( - 5.448e+03 9 0 QUESTION2_0_L -1 2.402e+02 2.892e+02)
|                    ( - 1.117e+04 16 0 QUESTION2_2_L -1 2.847e+02 6.110e+02)))
|            ( - 2.383e+03 1 0))))
s>    ( WDBNDRY_E 0 6.464e+04 1.111e+03 3.524e+03
s>        ( QUESTION7 -1 1.998e+04 3.629e+02 1.208e+03
s>            ( QUESTION0_7_R 1 1.299e+04 3.776e+02 8.025e+02
s>                ( - 7.960e+03 13 0 QUESTION2 1 2.855e+02 5.240e+02)
s>                ( - 4.655e+03 6 0 SILENCE 1 2.895e+02 2.786e+02))
s>            ( - 6.625e+03 18 0 QUESTION2 1 2.413e+02 4.055e+02))
s>        ( QUESTION1 -1 4.354e+04 7.317e+02 2.316e+03
s>            ( - 1.990e+04 4 0 QUESTION0_11_R 1 3.297e+02 1.096e+03)
s>            ( WDBNDRY_B 0 2.291e+04 4.608e+02 1.220e+03
s>                ( SILENCE -1 2.007e+04 3.809e+02 1.058e+03
s>                    ( - 2.736e+03 3 0 QUESTION7 1 2.121e+02 1.577e+02)
s>                    ( QUESTION0 -1 1.695e+04 3.306e+02 9.002e+02
s>                        ( - 5.448e+03 9 0 QUESTION2_0_L -1 2.402e+02 2.892e+02)
s>                        ( - 1.117e+04 16 0 QUESTION2_2_L -1 2.847e+02 6.110e+02)))
s>                ( - 2.383e+03 1 0))))INFO: dtree.c(1315): Comp split 0
INFO: dtree.c(1478): Final simple tree
|( QUESTION1 -1 4.354e+04 7.317e+02 2.316e+03
|    ( QUESTION0_11_R 1 1.990e+04 3.297e+02 1.096e+03
|        ( - 1.416e+04 2 0)
|        ( - 5.411e+03 2 0))
|    ( WDBNDRY_B 0 2.291e+04 4.608e+02 1.220e+03
|        ( SILENCE -1 2.007e+04 3.809e+02 1.058e+03
|            ( - 2.736e+03 3 0 QUESTION7 1 2.121e+02 1.577e+02)
|            ( QUESTION0 -1 1.695e+04 3.306e+02 9.002e+02
|                ( - 5.448e+03 9 0 QUESTION2_0_L -1 2.402e+02 2.892e+02)
|                ( QUESTION2_2_L -1 1.117e+04 2.847e+02 6.110e+02
|                    ( - 4.708e+03 8 0 QUESTION4 -1 2.064e+02 2.664e+02)
|                    ( QUESTION6 -1 6.181e+03 2.480e+02 3.446e+02
|                        ( - 1.248e+03 3 0 QUESTION8 -1 1.351e+02 7.829e+01)
|                        ( - 4.685e+03 5 0 QUESTION4 -1 2.029e+02 2.663e+02)))))
|        ( - 2.383e+03 1 0)))
s>    ( QUESTION1 -1 4.354e+04 7.317e+02 2.316e+03
s>        ( QUESTION0_11_R 1 1.990e+04 3.297e+02 1.096e+03
s>            ( - 1.416e+04 2 0)
s>            ( - 5.411e+03 2 0))
s>        ( WDBNDRY_B 0 2.291e+04 4.608e+02 1.220e+03
s>            ( SILENCE -1 2.007e+04 3.809e+02 1.058e+03
s>                ( - 2.736e+03 3 0 QUESTION7 1 2.121e+02 1.577e+02)
s>                ( QUESTION0 -1 1.695e+04 3.306e+02 9.002e+02
s>                    ( - 5.448e+03 9 0 QUESTION2_0_L -1 2.402e+02 2.892e+02)
s>                    ( QUESTION2_2_L -1 1.117e+04 2.847e+02 6.110e+02
s>                        ( - 4.708e+03 8 0 QUESTION4 -1 2.064e+02 2.664e+02)
s>                        ( QUESTION6 -1 6.181e+03 2.480e+02 3.446e+02
s>                            ( - 1.248e+03 3 0 QUESTION8 -1 1.351e+02 7.829e+01)
s>                            ( - 4.685e+03 5 0 QUESTION4 -1 2.029e+02 2.663e+02)))))
s>            ( - 2.383e+03 1 0)))INFO: dtree.c(1478): Final simple tree
|( QUESTION7 -1 1.998e+04 3.629e+02 1.208e+03
|    ( QUESTION0_7_R 1 1.299e+04 3.776e+02 8.025e+02
|        ( QUESTION2 1 7.960e+03 2.855e+02 5.240e+02
|            ( - 1.252e+03 3 0)
|            ( QUESTION6 1 6.423e+03 2.930e+02 4.390e+02
|                ( - 3.406e+03 6 0 QUESTION0_10_R 1 2.028e+02 2.391e+02)
|                ( - 2.724e+03 4 0 QUESTION0 1 1.846e+02 1.999e+02)))
|        ( SILENCE 1 4.655e+03 2.895e+02 2.786e+02
|            ( - 1.491e+03 1 0)
|            ( QUESTION1 1 2.875e+03 2.458e+02 1.855e+02
|                ( - 1.182e+03 1 0)
|                ( - 1.447e+03 4 0 QUESTION0_3_R 1 1.115e+02 1.030e+02))))
|    ( QUESTION2 1 6.625e+03 2.413e+02 4.055e+02
|        ( - 1.118e+03 2 0 QUESTION0_0_R 1 1.453e+02 7.964e+01)
|        ( - 5.265e+03 16 0 QUESTION0_13_R 1 2.401e+02 3.258e+02)))
s>    ( QUESTION7 -1 1.998e+04 3.629e+02 1.208e+03
s>        ( QUESTION0_7_R 1 1.299e+04 3.776e+02 8.025e+02
s>            ( QUESTION2 1 7.960e+03 2.855e+02 5.240e+02
s>                ( - 1.252e+03 3 0)
s>                ( QUESTION6 1 6.423e+03 2.930e+02 4.390e+02
s>                    ( - 3.406e+03 6 0 QUESTION0_10_R 1 2.028e+02 2.391e+02)
s>                    ( - 2.724e+03 4 0 QUESTION0 1 1.846e+02 1.999e+02)))
s>            ( SILENCE 1 4.655e+03 2.895e+02 2.786e+02
s>                ( - 1.491e+03 1 0)
s>                ( QUESTION1 1 2.875e+03 2.458e+02 1.855e+02
s>                    ( - 1.182e+03 1 0)
s>                    ( - 1.447e+03 4 0 QUESTION0_3_R 1 1.115e+02 1.030e+02))))
s>        ( QUESTION2 1 6.625e+03 2.413e+02 4.055e+02
s>            ( - 1.118e+03 2 0 QUESTION0_0_R 1 1.453e+02 7.964e+01)
s>            ( - 5.265e+03 16 0 QUESTION0_13_R 1 2.401e+02 3.258e+02)))INFO: dtree.c(1315): Comp split 1
INFO: dtree.c(1478): Final simple tree
|( WDBNDRY_B 0 2.291e+04 4.608e+02 1.220e+03
|    ( SILENCE -1 2.007e+04 3.809e+02 1.058e+03
|        ( QUESTION7 1 2.736e+03 2.121e+02 1.577e+02
|            ( - 9.150e+02 1 0)
|            ( - 1.609e+03 2 0 QUESTION0_10_R 1 4.457e+01 9.418e+01))
|        ( QUESTION0 -1 1.695e+04 3.306e+02 9.002e+02
|            ( QUESTION2_0_L -1 5.448e+03 2.402e+02 2.892e+02
|                ( - 3.845e+03 6 0 QUESTION0_11_R 1 1.834e+02 2.036e+02)
|                ( - 1.362e+03 3 0 QUESTION2_12_L -1 1.619e+02 8.553e+01))
|            ( QUESTION2_2_L -1 1.117e+04 2.847e+02 6.110e+02
|                ( - 4.708e+03 8 0 QUESTION4 -1 2.064e+02 2.664e+02)
|                ( QUESTION6 -1 6.181e+03 2.480e+02 3.446e+02
|                    ( - 1.248e+03 3 0 QUESTION8 -1 1.351e+02 7.829e+01)
|                    ( - 4.685e+03 5 0 QUESTION4 -1 2.029e+02 2.663e+02)))))
|    ( - 2.383e+03 1 0))
s>    ( WDBNDRY_B 0 2.291e+04 4.608e+02 1.220e+03
s>        ( SILENCE -1 2.007e+04 3.809e+02 1.058e+03
s>            ( QUESTION7 1 2.736e+03 2.121e+02 1.577e+02
s>                ( - 9.150e+02 1 0)
s>                ( - 1.609e+03 2 0 QUESTION0_10_R 1 4.457e+01 9.418e+01))
s>            ( QUESTION0 -1 1.695e+04 3.306e+02 9.002e+02
s>                ( QUESTION2_0_L -1 5.448e+03 2.402e+02 2.892e+02
s>                    ( - 3.845e+03 6 0 QUESTION0_11_R 1 1.834e+02 2.036e+02)
s>                    ( - 1.362e+03 3 0 QUESTION2_12_L -1 1.619e+02 8.553e+01))
s>                ( QUESTION2_2_L -1 1.117e+04 2.847e+02 6.110e+02
s>                    ( - 4.708e+03 8 0 QUESTION4 -1 2.064e+02 2.664e+02)
s>                    ( QUESTION6 -1 6.181e+03 2.480e+02 3.446e+02
s>                        ( - 1.248e+03 3 0 QUESTION8 -1 1.351e+02 7.829e+01)
s>                        ( - 4.685e+03 5 0 QUESTION4 -1 2.029e+02 2.663e+02)))))
s>        ( - 2.383e+03 1 0))INFO: dtree.c(1439): stop. leaf nodes are specific
INFO: dtree.c(1478): Final simple tree
|( QUESTION0_11_R 1 1.990e+04 3.297e+02 1.096e+03
|    ( - 1.416e+04 2 0)
|    ( - 5.411e+03 2 0))
s>    ( QUESTION0_11_R 1 1.990e+04 3.297e+02 1.096e+03
s>        ( - 1.416e+04 2 0)
s>        ( - 5.411e+03 2 0))INFO: dtree.c(1315): Comp split 2
INFO: dtree.c(1478): Final simple tree
|( QUESTION0_13_R 1 1.112e+04 3.020e+02 6.879e+02
|    ( QUESTION0_14_R 1 3.482e+03 2.316e+02 2.271e+02
|        ( QUESTION7 -1 1.721e+03 1.639e+02 1.261e+02
|            ( - 1.117e+03 1 0)
|            ( - 4.401e+02 1 0))
|        ( - 1.529e+03 5 0 QUESTION4 1 1.426e+02 1.009e+02))
|    ( QUESTION0_8_R 1 7.338e+03 2.710e+02 4.608e+02
|        ( QUESTION7 -1 3.053e+03 2.309e+02 2.057e+02
|            ( - 1.425e+03 3 0 QUESTION0 1 1.347e+02 1.134e+02)
|            ( - 1.397e+03 4 0 QUESTION2 1 1.528e+02 9.231e+01))
|        ( QUESTION7 -1 4.014e+03 2.131e+02 2.552e+02
|            ( - 1.182e+03 1 0)
|            ( QUESTION0_3_R 1 2.618e+03 1.905e+02 1.727e+02
|                ( - 7.327e+02 1 0)
|                ( - 1.695e+03 7 0 QUESTION0_11_R 1 1.412e+02 1.180e+02)))))
s>    ( QUESTION0_13_R 1 1.112e+04 3.020e+02 6.879e+02
s>        ( QUESTION0_14_R 1 3.482e+03 2.316e+02 2.271e+02
s>            ( QUESTION7 -1 1.721e+03 1.639e+02 1.261e+02
s>                ( - 1.117e+03 1 0)
s>                ( - 4.401e+02 1 0))
s>            ( - 1.529e+03 5 0 QUESTION4 1 1.426e+02 1.009e+02))
s>        ( QUESTION0_8_R 1 7.338e+03 2.710e+02 4.608e+02
s>            ( QUESTION7 -1 3.053e+03 2.309e+02 2.057e+02
s>                ( - 1.425e+03 3 0 QUESTION0 1 1.347e+02 1.134e+02)
s>                ( - 1.397e+03 4 0 QUESTION2 1 1.528e+02 9.231e+01))
s>            ( QUESTION7 -1 4.014e+03 2.131e+02 2.552e+02
s>                ( - 1.182e+03 1 0)
s>                ( QUESTION0_3_R 1 2.618e+03 1.905e+02 1.727e+02
s>                    ( - 7.327e+02 1 0)
s>                    ( - 1.695e+03 7 0 QUESTION0_11_R 1 1.412e+02 1.180e+02)))))INFO: dtree.c(1478): Final simple tree
|( QUESTION7 1 8.367e+03 3.236e+02 5.201e+02
|    ( QUESTION0_10_R 1 2.309e+03 1.646e+02 1.711e+02
|        ( - 1.264e+03 2 0 QUESTION0_11_R 1 8.501e+01 1.010e+02)
|        ( - 8.803e+02 1 0))
|    ( QUESTION3 1 5.734e+03 2.525e+02 3.491e+02
|        ( QUESTION0_16_R 1 1.493e+03 1.409e+02 1.070e+02
|            ( - 2.980e+02 1 0)
|            ( QUESTION0_10_R 1 1.054e+03 1.108e+02 7.800e+01
|                ( - 2.351e+02 1 0)
|                ( - 7.078e+02 3 0 QUESTION0_1_R 1 9.379e+01 5.200e+01)))
|        ( SILENCE 1 3.989e+03 2.319e+02 2.421e+02
|            ( - 1.491e+03 1 0)
|            ( QUESTION0_0_R 1 2.267e+03 1.739e+02 1.490e+02
|                ( - 8.406e+02 2 0)
|                ( - 1.252e+03 3 0)))))
s>    ( QUESTION7 1 8.367e+03 3.236e+02 5.201e+02
s>        ( QUESTION0_10_R 1 2.309e+03 1.646e+02 1.711e+02
s>            ( - 1.264e+03 2 0 QUESTION0_11_R 1 8.501e+01 1.010e+02)
s>            ( - 8.803e+02 1 0))
s>        ( QUESTION3 1 5.734e+03 2.525e+02 3.491e+02
s>            ( QUESTION0_16_R 1 1.493e+03 1.409e+02 1.070e+02
s>                ( - 2.980e+02 1 0)
s>                ( QUESTION0_10_R 1 1.054e+03 1.108e+02 7.800e+01
s>                    ( - 2.351e+02 1 0)
s>                    ( - 7.078e+02 3 0 QUESTION0_1_R 1 9.379e+01 5.200e+01)))
s>            ( SILENCE 1 3.989e+03 2.319e+02 2.421e+02
s>                ( - 1.491e+03 1 0)
s>                ( QUESTION0_0_R 1 2.267e+03 1.739e+02 1.490e+02
s>                    ( - 8.406e+02 2 0)
s>                    ( - 1.252e+03 3 0)))))INFO: dtree.c(1315): Comp split 3
INFO: dtree.c(1478): Final simple tree
|( QUESTION0 -1 1.695e+04 3.306e+02 9.002e+02
|    ( QUESTION2_0_L -1 5.448e+03 2.402e+02 2.892e+02
|        ( - 3.845e+03 6 0 QUESTION0_11_R 1 1.834e+02 2.036e+02)
|        ( - 1.362e+03 3 0 QUESTION2_12_L -1 1.619e+02 8.553e+01))
|    ( QUESTION2_2_L -1 1.117e+04 2.847e+02 6.110e+02
|        ( QUESTION4 -1 4.708e+03 2.064e+02 2.664e+02
|            ( - 2.692e+03 2 0 QUESTION0_11_R 1 1.470e+02 1.567e+02)
|            ( - 1.809e+03 6 0 QUESTION2_5_L -1 1.576e+02 1.097e+02))
|        ( QUESTION6 -1 6.181e+03 2.480e+02 3.446e+02
|            ( - 1.248e+03 3 0 QUESTION8 -1 1.351e+02 7.829e+01)
|            ( QUESTION4 -1 4.685e+03 2.029e+02 2.663e+02
|                ( QUESTION0_11_R 1 3.660e+03 1.996e+02 2.161e+02
|                    ( - 9.677e+02 2 0)
|                    ( - 2.493e+03 2 0))
|                ( - 8.219e+02 1 0)))))
s>    ( QUESTION0 -1 1.695e+04 3.306e+02 9.002e+02
s>        ( QUESTION2_0_L -1 5.448e+03 2.402e+02 2.892e+02
s>            ( - 3.845e+03 6 0 QUESTION0_11_R 1 1.834e+02 2.036e+02)
s>            ( - 1.362e+03 3 0 QUESTION2_12_L -1 1.619e+02 8.553e+01))
s>        ( QUESTION2_2_L -1 1.117e+04 2.847e+02 6.110e+02
s>            ( QUESTION4 -1 4.708e+03 2.064e+02 2.664e+02
s>                ( - 2.692e+03 2 0 QUESTION0_11_R 1 1.470e+02 1.567e+02)
s>                ( - 1.809e+03 6 0 QUESTION2_5_L -1 1.576e+02 1.097e+02))
s>            ( QUESTION6 -1 6.181e+03 2.480e+02 3.446e+02
s>                ( - 1.248e+03 3 0 QUESTION8 -1 1.351e+02 7.829e+01)
s>                ( QUESTION4 -1 4.685e+03 2.029e+02 2.663e+02
s>                    ( QUESTION0_11_R 1 3.660e+03 1.996e+02 2.161e+02
s>                        ( - 9.677e+02 2 0)
s>                        ( - 2.493e+03 2 0))
s>                    ( - 8.219e+02 1 0)))))INFO: dtree.c(1439): stop. leaf nodes are specific
INFO: dtree.c(1478): Final simple tree
|( WDBNDRY_B 0 5.478e+03 3.585e+02 3.195e+02
|    ( QUESTION7 1 2.736e+03 2.121e+02 1.577e+02
|        ( - 9.150e+02 1 0)
|        ( QUESTION0_10_R 1 1.609e+03 4.457e+01 9.418e+01
|            ( - 1.554e+03 1 0)
|            ( - 1.060e+01 1 0)))
|    ( - 2.383e+03 1 0))
s>    ( WDBNDRY_B 0 5.478e+03 3.585e+02 3.195e+02
s>        ( QUESTION7 1 2.736e+03 2.121e+02 1.577e+02
s>            ( - 9.150e+02 1 0)
s>            ( QUESTION0_10_R 1 1.609e+03 4.457e+01 9.418e+01
s>                ( - 1.554e+03 1 0)
s>                ( - 1.060e+01 1 0)))
s>        ( - 2.383e+03 1 0))INFO: dtree.c(1315): Comp split 4
INFO: dtree.c(1439): stop. leaf nodes are specific
INFO: dtree.c(1478): Final simple tree
|( QUESTION0_8_R 1 3.655e+03 2.200e+02 2.546e+02
|    ( QUESTION0 1 1.425e+03 1.347e+02 1.134e+02
|        ( - 8.156e+02 2 0)
|        ( - 4.748e+02 1 0))
|    ( QUESTION0_0_R 1 2.010e+03 1.608e+02 1.412e+02
|        ( - 7.327e+02 1 0)
|        ( - 1.117e+03 1 0)))
s>    ( QUESTION0_8_R 1 3.655e+03 2.200e+02 2.546e+02
s>        ( QUESTION0 1 1.425e+03 1.347e+02 1.134e+02
s>            ( - 8.156e+02 2 0)
s>            ( - 4.748e+02 1 0))
s>        ( QUESTION0_0_R 1 2.010e+03 1.608e+02 1.412e+02
s>            ( - 7.327e+02 1 0)
s>            ( - 1.117e+03 1 0)))INFO: dtree.c(1478): Final simple tree
|( QUESTION0_13_R 1 7.088e+03 2.538e+02 4.333e+02
|    ( QUESTION0_16_R 1 2.141e+03 2.017e+02 1.405e+02
|        ( QUESTION0_18_R 1 1.084e+03 1.329e+02 7.394e+01
|            ( - 4.578e+02 2 0 QUESTION7 1 7.740e+01 3.900e+01)
|            ( - 4.931e+02 2 0 QUESTION0_17_R 1 8.460e+01 3.494e+01))
|        ( - 8.556e+02 2 0 QUESTION0_14_R 1 9.998e+01 6.656e+01))
|    ( QUESTION7 -1 4.693e+03 2.089e+02 2.928e+02
|        ( - 1.182e+03 1 0)
|        ( QUESTION0_8_R 1 3.302e+03 2.092e+02 2.103e+02
|            ( QUESTION2 1 1.397e+03 1.528e+02 9.231e+01
|                ( - 2.403e+02 1 0)
|                ( - 1.004e+03 3 0 QUESTION0 1 1.139e+02 6.731e+01))
|            ( QUESTION0_11_R 1 1.695e+03 1.412e+02 1.180e+02
|                ( - 4.995e+02 2 0 QUESTION0_12_R 1 8.650e+01 4.011e+01)
|                ( - 1.054e+03 5 0 QUESTION0 1 1.132e+02 7.791e+01)))))
s>    ( QUESTION0_13_R 1 7.088e+03 2.538e+02 4.333e+02
s>        ( QUESTION0_16_R 1 2.141e+03 2.017e+02 1.405e+02
s>            ( QUESTION0_18_R 1 1.084e+03 1.329e+02 7.394e+01
s>                ( - 4.578e+02 2 0 QUESTION7 1 7.740e+01 3.900e+01)
s>                ( - 4.931e+02 2 0 QUESTION0_17_R 1 8.460e+01 3.494e+01))
s>            ( - 8.556e+02 2 0 QUESTION0_14_R 1 9.998e+01 6.656e+01))
s>        ( QUESTION7 -1 4.693e+03 2.089e+02 2.928e+02
s>            ( - 1.182e+03 1 0)
s>            ( QUESTION0_8_R 1 3.302e+03 2.092e+02 2.103e+02
s>                ( QUESTION2 1 1.397e+03 1.528e+02 9.231e+01
s>                    ( - 2.403e+02 1 0)
s>                    ( - 1.004e+03 3 0 QUESTION0 1 1.139e+02 6.731e+01))
s>                ( QUESTION0_11_R 1 1.695e+03 1.412e+02 1.180e+02
s>                    ( - 4.995e+02 2 0 QUESTION0_12_R 1 8.650e+01 4.011e+01)
s>                    ( - 1.054e+03 5 0 QUESTION0 1 1.132e+02 7.791e+01)))))INFO: dtree.c(1315): Comp split 5
INFO: dtree.c(1478): Final simple tree
|( QUESTION0 -1 1.041e+04 2.784e+02 5.555e+02
|    ( QUESTION2_0_L -1 5.448e+03 2.402e+02 2.892e+02
|        ( QUESTION0_11_R 1 3.845e+03 1.834e+02 2.036e+02
|            ( - 8.102e+02 3 0)
|            ( - 2.852e+03 3 0))
|        ( QUESTION2_12_L -1 1.362e+03 1.619e+02 8.553e+01
|            ( QUESTION0_11_R 1 4.379e+02 5.588e+01 2.899e+01
|                ( - 2.837e+02 1 0)
|                ( - 9.832e+01 1 0))
|            ( - 7.623e+02 1 0)))
|    ( QUESTION4 -1 4.685e+03 2.029e+02 2.663e+02
|        ( QUESTION0_11_R 1 3.660e+03 1.996e+02 2.161e+02
|            ( - 9.677e+02 2 0)
|            ( - 2.493e+03 2 0))
|        ( - 8.219e+02 1 0)))
s>    ( QUESTION0 -1 1.041e+04 2.784e+02 5.555e+02
s>        ( QUESTION2_0_L -1 5.448e+03 2.402e+02 2.892e+02
s>            ( QUESTION0_11_R 1 3.845e+03 1.834e+02 2.036e+02
s>                ( - 8.102e+02 3 0)
s>                ( - 2.852e+03 3 0))
s>            ( QUESTION2_12_L -1 1.362e+03 1.619e+02 8.553e+01
s>                ( QUESTION0_11_R 1 4.379e+02 5.588e+01 2.899e+01
s>                    ( - 2.837e+02 1 0)
s>                    ( - 9.832e+01 1 0))
s>                ( - 7.623e+02 1 0)))
s>        ( QUESTION4 -1 4.685e+03 2.029e+02 2.663e+02
s>            ( QUESTION0_11_R 1 3.660e+03 1.996e+02 2.161e+02
s>                ( - 9.677e+02 2 0)
s>                ( - 2.493e+03 2 0))
s>            ( - 8.219e+02 1 0)))INFO: dtree.c(1478): Final simple tree
|( QUESTION2_5_L -1 6.165e+03 2.229e+02 3.447e+02
|    ( QUESTION4 -1 3.426e+03 1.777e+02 1.959e+02
|        ( QUESTION0_11_R 1 2.692e+03 1.470e+02 1.567e+02
|            ( - 2.268e+02 1 0)
|            ( - 2.318e+03 1 0))
|        ( - 5.566e+02 1 0))
|    ( QUESTION7 -1 2.516e+03 1.729e+02 1.488e+02
|        ( QUESTION8 -1 1.248e+03 1.351e+02 7.829e+01
|            ( - 1.212e+02 1 0)
|            ( QUESTION0_11_R 1 9.918e+02 9.674e+01 6.629e+01
|                ( - 1.101e+02 1 0)
|                ( - 7.849e+02 1 0)))
|        ( QUESTION2_9_L -1 1.095e+03 1.191e+02 7.049e+01
|            ( - 2.152e+02 2 0 QUESTION0_11_R 1 3.830e+01 1.988e+01)
|            ( - 7.608e+02 3 0 QUESTION0_11_R 1 7.882e+01 5.061e+01))))
s>    ( QUESTION2_5_L -1 6.165e+03 2.229e+02 3.447e+02
s>        ( QUESTION4 -1 3.426e+03 1.777e+02 1.959e+02
s>            ( QUESTION0_11_R 1 2.692e+03 1.470e+02 1.567e+02
s>                ( - 2.268e+02 1 0)
s>                ( - 2.318e+03 1 0))
s>            ( - 5.566e+02 1 0))
s>        ( QUESTION7 -1 2.516e+03 1.729e+02 1.488e+02
s>            ( QUESTION8 -1 1.248e+03 1.351e+02 7.829e+01
s>                ( - 1.212e+02 1 0)
s>                ( QUESTION0_11_R 1 9.918e+02 9.674e+01 6.629e+01
s>                    ( - 1.101e+02 1 0)
s>                    ( - 7.849e+02 1 0)))
s>            ( QUESTION2_9_L -1 1.095e+03 1.191e+02 7.049e+01
s>                ( - 2.152e+02 2 0 QUESTION0_11_R 1 3.830e+01 1.988e+01)
s>                ( - 7.608e+02 3 0 QUESTION0_11_R 1 7.882e+01 5.061e+01))))INFO: dtree.c(1315): Comp split 6
INFO: dtree.c(1439): stop. leaf nodes are specific
INFO: dtree.c(1478): Final simple tree
|( QUESTION7 1 2.736e+03 2.121e+02 1.577e+02
|    ( - 9.150e+02 1 0)
|    ( QUESTION0_10_R 1 1.609e+03 4.457e+01 9.418e+01
|        ( - 1.554e+03 1 0)
|        ( - 1.060e+01 1 0)))
s>    ( QUESTION7 1 2.736e+03 2.121e+02 1.577e+02
s>        ( - 9.150e+02 1 0)
s>        ( QUESTION0_10_R 1 1.609e+03 4.457e+01 9.418e+01
s>            ( - 1.554e+03 1 0)
s>            ( - 1.060e+01 1 0)))INFO: dtree.c(1315): Comp split 7
INFO: dtree.c(1439): stop. leaf nodes are specific
INFO: dtree.c(1478): Final simple tree
|( QUESTION0_8_R 1 3.834e+03 2.045e+02 2.300e+02
|    ( - 1.252e+03 3 0)
|    ( SILENCE 1 2.378e+03 1.792e+02 1.450e+02
|        ( - 1.491e+03 1 0)
|        ( QUESTION0_1_R 1 7.078e+02 9.379e+01 5.200e+01
|            ( - 3.573e+02 1 0)
|            ( QUESTION0_0_R 1 2.567e+02 5.444e+01 2.200e+01
|                ( - 6.281e+01 1 0)
|                ( - 1.395e+02 1 0)))))
s>    ( QUESTION0_8_R 1 3.834e+03 2.045e+02 2.300e+02
s>        ( - 1.252e+03 3 0)
s>        ( SILENCE 1 2.378e+03 1.792e+02 1.450e+02
s>            ( - 1.491e+03 1 0)
s>            ( QUESTION0_1_R 1 7.078e+02 9.379e+01 5.200e+01
s>                ( - 3.573e+02 1 0)
s>                ( QUESTION0_0_R 1 2.567e+02 5.444e+01 2.200e+01
s>                    ( - 6.281e+01 1 0)
s>                    ( - 1.395e+02 1 0)))))INFO: dtree.c(1439): stop. leaf nodes are specific
INFO: dtree.c(1478): Final simple tree
|( QUESTION7 1 4.180e+03 2.417e+02 2.901e+02
|    ( QUESTION0_10_R 1 2.309e+03 1.646e+02 1.711e+02
|        ( QUESTION0_11_R 1 1.264e+03 8.501e+01 1.010e+02
|            ( - 8.518e+01 1 0)
|            ( - 1.094e+03 1 0))
|        ( - 8.803e+02 1 0))
|    ( QUESTION0_0_R 1 1.630e+03 1.439e+02 1.190e+02
|        ( - 8.406e+02 2 0)
|        ( QUESTION0_10_R 1 6.452e+02 1.121e+02 5.500e+01
|            ( - 2.351e+02 1 0)
|            ( - 2.980e+02 1 0))))
s>    ( QUESTION7 1 4.180e+03 2.417e+02 2.901e+02
s>        ( QUESTION0_10_R 1 2.309e+03 1.646e+02 1.711e+02
s>            ( QUESTION0_11_R 1 1.264e+03 8.501e+01 1.010e+02
s>                ( - 8.518e+01 1 0)
s>                ( - 1.094e+03 1 0))
s>            ( - 8.803e+02 1 0))
s>        ( QUESTION0_0_R 1 1.630e+03 1.439e+02 1.190e+02
s>            ( - 8.406e+02 2 0)
s>            ( QUESTION0_10_R 1 6.452e+02 1.121e+02 5.500e+01
s>                ( - 2.351e+02 1 0)
s>                ( - 2.980e+02 1 0))))INFO: dtree.c(1315): Comp split 8
INFO: dtree.c(1315): Comp split 9
INFO: dtree.c(1439): stop. leaf nodes are specific
INFO: dtree.c(1478): Final simple tree
|( QUESTION2_0_L -1 4.441e+03 2.270e+02 2.352e+02
|    ( - 2.852e+03 3 0)
|    ( QUESTION2_12_L -1 1.362e+03 1.619e+02 8.553e+01
|        ( QUESTION0_11_R 1 4.379e+02 5.588e+01 2.899e+01
|            ( - 2.837e+02 1 0)
|            ( - 9.832e+01 1 0))
|        ( - 7.623e+02 1 0)))
s>    ( QUESTION2_0_L -1 4.441e+03 2.270e+02 2.352e+02
s>        ( - 2.852e+03 3 0)
s>        ( QUESTION2_12_L -1 1.362e+03 1.619e+02 8.553e+01
s>            ( QUESTION0_11_R 1 4.379e+02 5.588e+01 2.899e+01
s>                ( - 2.837e+02 1 0)
s>                ( - 9.832e+01 1 0))
s>            ( - 7.623e+02 1 0)))INFO: dtree.c(1439): stop. leaf nodes are specific
INFO: dtree.c(1478): Final simple tree
|( QUESTION4 -1 5.651e+03 2.197e+02 3.203e+02
|    ( QUESTION0_11_R 1 3.660e+03 1.996e+02 2.161e+02
|        ( - 9.677e+02 2 0)
|        ( - 2.493e+03 2 0))
|    ( QUESTION0_11_R 1 1.771e+03 1.392e+02 1.042e+02
|        ( - 8.102e+02 3 0)
|        ( - 8.219e+02 1 0)))
s>    ( QUESTION4 -1 5.651e+03 2.197e+02 3.203e+02
s>        ( QUESTION0_11_R 1 3.660e+03 1.996e+02 2.161e+02
s>            ( - 9.677e+02 2 0)
s>            ( - 2.493e+03 2 0))
s>        ( QUESTION0_11_R 1 1.771e+03 1.392e+02 1.042e+02
s>            ( - 8.102e+02 3 0)
s>            ( - 8.219e+02 1 0)))INFO: dtree.c(1315): Comp split 10
INFO: dtree.c(1478): Final simple tree
|( QUESTION0_13_R 1 2.984e+03 2.054e+02 1.920e+02
|    ( QUESTION0_18_R 1 1.084e+03 1.329e+02 7.394e+01
|        ( - 4.578e+02 2 0 QUESTION7 1 7.740e+01 3.900e+01)
|        ( QUESTION0_17_R 1 4.931e+02 8.460e+01 3.494e+01
|            ( - 5.478e+01 1 0)
|            ( - 3.537e+02 1 0)))
|    ( QUESTION0_11_R 1 1.695e+03 1.412e+02 1.180e+02
|        ( QUESTION0_12_R 1 4.995e+02 8.650e+01 4.011e+01
|            ( - 2.313e+02 1 0)
|            ( - 1.816e+02 1 0))
|        ( QUESTION0 1 1.054e+03 1.132e+02 7.791e+01
|            ( - 5.003e+02 1 0)
|            ( QUESTION0_1_R 1 4.410e+02 7.758e+01 3.498e+01
|                ( - 2.081e+02 1 0)
|                ( - 1.553e+02 3 0 QUESTION0_0_R 1 3.341e+01 1.602e+01)))))
s>    ( QUESTION0_13_R 1 2.984e+03 2.054e+02 1.920e+02
s>        ( QUESTION0_18_R 1 1.084e+03 1.329e+02 7.394e+01
s>            ( - 4.578e+02 2 0 QUESTION7 1 7.740e+01 3.900e+01)
s>            ( QUESTION0_17_R 1 4.931e+02 8.460e+01 3.494e+01
s>                ( - 5.478e+01 1 0)
s>                ( - 3.537e+02 1 0)))
s>        ( QUESTION0_11_R 1 1.695e+03 1.412e+02 1.180e+02
s>            ( QUESTION0_12_R 1 4.995e+02 8.650e+01 4.011e+01
s>                ( - 2.313e+02 1 0)
s>                ( - 1.816e+02 1 0))
s>            ( QUESTION0 1 1.054e+03 1.132e+02 7.791e+01
s>                ( - 5.003e+02 1 0)
s>                ( QUESTION0_1_R 1 4.410e+02 7.758e+01 3.498e+01
s>                    ( - 2.081e+02 1 0)
s>                    ( - 1.553e+02 3 0 QUESTION0_0_R 1 3.341e+01 1.602e+01)))))INFO: dtree.c(1439): stop. leaf nodes are specific
INFO: dtree.c(1478): Final simple tree
|( QUESTION0_8_R 1 3.788e+03 1.922e+02 2.414e+02
|    ( QUESTION2 1 1.397e+03 1.528e+02 9.231e+01
|        ( - 2.403e+02 1 0)
|        ( QUESTION0 1 1.004e+03 1.139e+02 6.731e+01
|            ( - 4.261e+02 2 0)
|            ( - 4.642e+02 1 0)))
|    ( QUESTION0_0_R 1 2.199e+03 1.609e+02 1.490e+02
|        ( - 1.182e+03 1 0)
|        ( QUESTION0_14_R 1 8.556e+02 9.998e+01 6.656e+01
|            ( - 4.401e+02 1 0)
|            ( - 3.155e+02 1 0))))
s>    ( QUESTION0_8_R 1 3.788e+03 1.922e+02 2.414e+02
s>        ( QUESTION2 1 1.397e+03 1.528e+02 9.231e+01
s>            ( - 2.403e+02 1 0)
s>            ( QUESTION0 1 1.004e+03 1.139e+02 6.731e+01
s>                ( - 4.261e+02 2 0)
s>                ( - 4.642e+02 1 0)))
s>        ( QUESTION0_0_R 1 2.199e+03 1.609e+02 1.490e+02
s>            ( - 1.182e+03 1 0)
s>            ( QUESTION0_14_R 1 8.556e+02 9.998e+01 6.656e+01
s>                ( - 4.401e+02 1 0)
s>                ( - 3.155e+02 1 0))))INFO: dtree.c(1315): Comp split 11
INFO: dtree.c(1439): stop. leaf nodes are specific
INFO: dtree.c(1478): Final simple tree
|( QUESTION4 -1 3.985e+03 1.910e+02 2.319e+02
|    ( QUESTION0_11_R 1 2.692e+03 1.470e+02 1.567e+02
|        ( - 2.268e+02 1 0)
|        ( - 2.318e+03 1 0))
|    ( QUESTION6 -1 1.102e+03 1.016e+02 7.517e+01
|        ( - 7.849e+02 1 0)
|        ( QUESTION0_11_R 1 2.152e+02 3.830e+01 1.988e+01
|            ( - 1.320e+02 1 0)
|            ( - 4.494e+01 1 0))))
s>    ( QUESTION4 -1 3.985e+03 1.910e+02 2.319e+02
s>        ( QUESTION0_11_R 1 2.692e+03 1.470e+02 1.567e+02
s>            ( - 2.268e+02 1 0)
s>            ( - 2.318e+03 1 0))
s>        ( QUESTION6 -1 1.102e+03 1.016e+02 7.517e+01
s>            ( - 7.849e+02 1 0)
s>            ( QUESTION0_11_R 1 2.152e+02 3.830e+01 1.988e+01
s>                ( - 1.320e+02 1 0)
s>                ( - 4.494e+01 1 0))))INFO: dtree.c(1439): stop. leaf nodes are specific
INFO: dtree.c(1478): Final simple tree
|( QUESTION2_5_L -1 1.903e+03 1.533e+02 1.128e+02
|    ( - 5.566e+02 1 0)
|    ( QUESTION7 -1 1.193e+03 1.337e+02 7.361e+01
|        ( QUESTION0_11_R 1 2.990e+02 6.761e+01 2.300e+01
|            ( - 1.101e+02 1 0)
|            ( - 1.212e+02 1 0))
|        ( QUESTION0_11_R 1 7.608e+02 7.882e+01 5.061e+01
|            ( QUESTION6 -1 7.246e+01 2.304e+01 9.000e+00
|                ( - 1.975e+01 1 0)
|                ( - 2.967e+01 1 0))
|            ( - 6.095e+02 1 0))))
s>    ( QUESTION2_5_L -1 1.903e+03 1.533e+02 1.128e+02
s>        ( - 5.566e+02 1 0)
s>        ( QUESTION7 -1 1.193e+03 1.337e+02 7.361e+01
s>            ( QUESTION0_11_R 1 2.990e+02 6.761e+01 2.300e+01
s>                ( - 1.101e+02 1 0)
s>                ( - 1.212e+02 1 0))
s>            ( QUESTION0_11_R 1 7.608e+02 7.882e+01 5.061e+01
s>                ( QUESTION6 -1 7.246e+01 2.304e+01 9.000e+00
s>                    ( - 1.975e+01 1 0)
s>                    ( - 2.967e+01 1 0))
s>                ( - 6.095e+02 1 0))))INFO: dtree.c(1315): Comp split 12
INFO: dtree.c(1439): stop. leaf nodes are specific
INFO: dtree.c(1478): Final simple tree
|( QUESTION10 1 1.789e+03 1.568e+02 1.300e+02
|    ( QUESTION0_10_R 1 6.452e+02 1.121e+02 5.500e+01
|        ( - 2.351e+02 1 0)
|        ( - 2.980e+02 1 0))
|    ( QUESTION0_0_R 1 9.872e+02 6.141e+01 7.503e+01
|        ( - 8.406e+02 2 0)
|        ( - 8.518e+01 1 0)))
s>    ( QUESTION10 1 1.789e+03 1.568e+02 1.300e+02
s>        ( QUESTION0_10_R 1 6.452e+02 1.121e+02 5.500e+01
s>            ( - 2.351e+02 1 0)
s>            ( - 2.980e+02 1 0))
s>        ( QUESTION0_0_R 1 9.872e+02 6.141e+01 7.503e+01
s>            ( - 8.406e+02 2 0)
s>            ( - 8.518e+01 1 0)))INFO: dtree.c(1439): stop. leaf nodes are specific
INFO: dtree.c(1478): Final simple tree
|( QUESTION0_10_R 1 2.131e+03 1.569e+02 1.601e+02
|    ( - 1.094e+03 1 0)
|    ( - 8.803e+02 1 0))
s>    ( QUESTION0_10_R 1 2.131e+03 1.569e+02 1.601e+02
s>        ( - 1.094e+03 1 0)
s>        ( - 8.803e+02 1 0))INFO: dtree.c(1315): Comp split 13
INFO: dtree.c(1439): stop. leaf nodes are specific
INFO: dtree.c(1478): Final simple tree
|( QUESTION4 -1 2.922e+03 1.833e+02 1.682e+02
|    ( - 9.677e+02 2 0)
|    ( QUESTION0_11_R 1 1.771e+03 1.392e+02 1.042e+02
|        ( - 8.102e+02 3 0)
|        ( - 8.219e+02 1 0)))
s>    ( QUESTION4 -1 2.922e+03 1.833e+02 1.682e+02
s>        ( - 9.677e+02 2 0)
s>        ( QUESTION0_11_R 1 1.771e+03 1.392e+02 1.042e+02
s>            ( - 8.102e+02 3 0)
s>            ( - 8.219e+02 1 0)))INFO: dtree.c(1315): Comp split 14
INFO: dtree.c(1439): stop. leaf nodes are specific
INFO: dtree.c(1478): Final simple tree
|( QUESTION2_12_L -1 1.362e+03 1.619e+02 8.553e+01
|    ( QUESTION0_11_R 1 4.379e+02 5.588e+01 2.899e+01
|        ( - 2.837e+02 1 0)
|        ( - 9.832e+01 1 0))
|    ( - 7.623e+02 1 0))
s>    ( QUESTION2_12_L -1 1.362e+03 1.619e+02 8.553e+01
s>        ( QUESTION0_11_R 1 4.379e+02 5.588e+01 2.899e+01
s>            ( - 2.837e+02 1 0)
s>            ( - 9.832e+01 1 0))
s>        ( - 7.623e+02 1 0))INFO: dtree.c(1315): Comp split 15
INFO: dtree.c(1439): stop. leaf nodes are specific
INFO: dtree.c(1478): Final simple tree
|( QUESTION0_0_R 1 2.010e+03 1.608e+02 1.412e+02
|    ( - 7.327e+02 1 0)
|    ( - 1.117e+03 1 0))
s>    ( QUESTION0_0_R 1 2.010e+03 1.608e+02 1.412e+02
s>        ( - 7.327e+02 1 0)
s>        ( - 1.117e+03 1 0))INFO: dtree.c(1439): stop. leaf nodes are specific
INFO: dtree.c(1478): Final simple tree
|( QUESTION0 1 1.425e+03 1.347e+02 1.134e+02
|    ( - 8.156e+02 2 0)
|    ( - 4.748e+02 1 0))
s>    ( QUESTION0 1 1.425e+03 1.347e+02 1.134e+02
s>        ( - 8.156e+02 2 0)
s>        ( - 4.748e+02 1 0))INFO: dtree.c(1315): Comp split 16
INFO: dtree.c(1439): stop. leaf nodes are specific
INFO: dtree.c(1478): Final simple tree
|( QUESTION6 -1 1.447e+03 1.295e+02 9.717e+01
|    ( - 7.849e+02 1 0)
|    ( QUESTION4 -1 5.323e+02 9.028e+01 4.188e+01
|        ( - 2.268e+02 1 0)
|        ( QUESTION0_11_R 1 2.152e+02 3.830e+01 1.988e+01
|            ( - 1.320e+02 1 0)
|            ( - 4.494e+01 1 0))))
s>    ( QUESTION6 -1 1.447e+03 1.295e+02 9.717e+01
s>        ( - 7.849e+02 1 0)
s>        ( QUESTION4 -1 5.323e+02 9.028e+01 4.188e+01
s>            ( - 2.268e+02 1 0)
s>            ( QUESTION0_11_R 1 2.152e+02 3.830e+01 1.988e+01
s>                ( - 1.320e+02 1 0)
s>                ( - 4.494e+01 1 0))))INFO: dtree.c(1315): Comp split 17
INFO: dtree.c(1439): stop. leaf nodes are specific
INFO: dtree.c(1478): Final simple tree
|( SILENCE 1 1.868e+03 1.203e+02 1.150e+02
|    ( - 1.491e+03 1 0)
|    ( QUESTION0_0_R 1 2.567e+02 5.444e+01 2.200e+01
|        ( - 6.281e+01 1 0)
|        ( - 1.395e+02 1 0)))
s>    ( SILENCE 1 1.868e+03 1.203e+02 1.150e+02
s>        ( - 1.491e+03 1 0)
s>        ( QUESTION0_0_R 1 2.567e+02 5.444e+01 2.200e+01
s>            ( - 6.281e+01 1 0)
s>            ( - 1.395e+02 1 0)))INFO: dtree.c(1439): stop. leaf nodes are specific
INFO: dtree.c(1478): Final simple tree
|( QUESTION0_0_R 1 1.753e+03 1.437e+02 1.150e+02
|    ( - 3.573e+02 1 0)
|    ( - 1.252e+03 3 0))
s>    ( QUESTION0_0_R 1 1.753e+03 1.437e+02 1.150e+02
s>        ( - 3.573e+02 1 0)
s>        ( - 1.252e+03 3 0))INFO: dtree.c(1315): Comp split 18
INFO: dtree.c(1439): stop. leaf nodes are specific
INFO: dtree.c(1478): Final simple tree
|( QUESTION0_10_R 1 1.609e+03 4.457e+01 9.418e+01
|    ( - 1.554e+03 1 0)
|    ( - 1.060e+01 1 0))
s>    ( QUESTION0_10_R 1 1.609e+03 4.457e+01 9.418e+01
s>        ( - 1.554e+03 1 0)
s>        ( - 1.060e+01 1 0))INFO: dtree.c(1315): Comp split 19
INFO: dtree.c(1439): stop. leaf nodes are specific
INFO: dtree.c(1478): Final simple tree
|( QUESTION0_0_R 1 2.347e+03 1.604e+02 1.498e+02
|    ( - 1.182e+03 1 0)
|    ( QUESTION0 1 1.004e+03 1.139e+02 6.731e+01
|        ( - 4.261e+02 2 0)
|        ( - 4.642e+02 1 0)))
s>    ( QUESTION0_0_R 1 2.347e+03 1.604e+02 1.498e+02
s>        ( - 1.182e+03 1 0)
s>        ( QUESTION0 1 1.004e+03 1.139e+02 6.731e+01
s>            ( - 4.261e+02 2 0)
s>            ( - 4.642e+02 1 0)))INFO: dtree.c(1439): stop. leaf nodes are specific
INFO: dtree.c(1478): Final simple tree
|( QUESTION0_14_R 1 1.230e+03 1.455e+02 9.156e+01
|    ( - 4.401e+02 1 0)
|    ( QUESTION0_8_R 1 6.447e+02 8.896e+01 5.200e+01
|        ( - 2.403e+02 1 0)
|        ( - 3.155e+02 1 0)))
s>    ( QUESTION0_14_R 1 1.230e+03 1.455e+02 9.156e+01
s>        ( - 4.401e+02 1 0)
s>        ( QUESTION0_8_R 1 6.447e+02 8.896e+01 5.200e+01
s>            ( - 2.403e+02 1 0)
s>            ( - 3.155e+02 1 0)))INFO: dtree.c(1315): Comp split 20
INFO: dtree.c(1439): stop. leaf nodes are specific
INFO: dtree.c(1478): Final simple tree
|( QUESTION0_18_R 1 1.389e+03 1.448e+02 9.291e+01
|    ( QUESTION7 1 4.578e+02 7.740e+01 3.900e+01
|        ( - 2.322e+02 1 0)
|        ( - 1.483e+02 1 0))
|    ( QUESTION0_0_R 1 7.866e+02 8.543e+01 5.390e+01
|        ( - 2.081e+02 1 0)
|        ( QUESTION0_17_R 1 4.931e+02 8.460e+01 3.494e+01
|            ( - 5.478e+01 1 0)
|            ( - 3.537e+02 1 0))))
s>    ( QUESTION0_18_R 1 1.389e+03 1.448e+02 9.291e+01
s>        ( QUESTION7 1 4.578e+02 7.740e+01 3.900e+01
s>            ( - 2.322e+02 1 0)
s>            ( - 1.483e+02 1 0))
s>        ( QUESTION0_0_R 1 7.866e+02 8.543e+01 5.390e+01
s>            ( - 2.081e+02 1 0)
s>            ( QUESTION0_17_R 1 4.931e+02 8.460e+01 3.494e+01
s>                ( - 5.478e+01 1 0)
s>                ( - 3.537e+02 1 0))))INFO: dtree.c(1439): stop. leaf nodes are specific
INFO: dtree.c(1478): Final simple tree
|( QUESTION0_11_R 1 1.385e+03 1.394e+02 9.906e+01
|    ( QUESTION0_12_R 1 4.995e+02 8.650e+01 4.011e+01
|        ( - 2.313e+02 1 0)
|        ( - 1.816e+02 1 0))
|    ( QUESTION0_1_R 1 7.459e+02 9.029e+01 5.895e+01
|        ( - 5.003e+02 1 0)
|        ( QUESTION0_0_R 1 1.553e+02 3.341e+01 1.602e+01
|            ( - 3.534e+01 1 0)
|            ( QUESTION6 -1 8.657e+01 3.172e+01 1.000e+01
|                ( - 4.300e+01 1 0)
|                ( - 1.184e+01 1 0)))))
s>    ( QUESTION0_11_R 1 1.385e+03 1.394e+02 9.906e+01
s>        ( QUESTION0_12_R 1 4.995e+02 8.650e+01 4.011e+01
s>            ( - 2.313e+02 1 0)
s>            ( - 1.816e+02 1 0))
s>        ( QUESTION0_1_R 1 7.459e+02 9.029e+01 5.895e+01
s>            ( - 5.003e+02 1 0)
s>            ( QUESTION0_0_R 1 1.553e+02 3.341e+01 1.602e+01
s>                ( - 3.534e+01 1 0)
s>                ( QUESTION6 -1 8.657e+01 3.172e+01 1.000e+01
s>                    ( - 4.300e+01 1 0)
s>                    ( - 1.184e+01 1 0)))))INFO: dtree.c(1315): Comp split 21
INFO: dtree.c(1439): stop. leaf nodes are specific
INFO: dtree.c(1478): Final simple tree
|( QUESTION0_11_R 1 1.771e+03 1.392e+02 1.042e+02
|    ( - 8.102e+02 3 0)
|    ( - 8.219e+02 1 0))
s>    ( QUESTION0_11_R 1 1.771e+03 1.392e+02 1.042e+02
s>        ( - 8.102e+02 3 0)
s>        ( - 8.219e+02 1 0))INFO: dtree.c(1315): Comp split 22
INFO: dtree.c(1439): stop. leaf nodes are specific
INFO: dtree.c(1478): Final simple tree
|( QUESTION0_11_R 1 4.362e+02 8.200e+01 3.200e+01
|    ( QUESTION7 -1 2.330e+02 5.040e+01 2.000e+01
|        ( - 1.101e+02 1 0)
|        ( QUESTION6 -1 7.246e+01 2.304e+01 9.000e+00
|            ( - 1.975e+01 1 0)
|            ( - 2.967e+01 1 0)))
|    ( - 1.212e+02 1 0))
s>    ( QUESTION0_11_R 1 4.362e+02 8.200e+01 3.200e+01
s>        ( QUESTION7 -1 2.330e+02 5.040e+01 2.000e+01
s>            ( - 1.101e+02 1 0)
s>            ( QUESTION6 -1 7.246e+01 2.304e+01 9.000e+00
s>                ( - 1.975e+01 1 0)
s>                ( - 2.967e+01 1 0)))
s>        ( - 1.212e+02 1 0))INFO: dtree.c(1439): stop. leaf nodes are specific
INFO: dtree.c(1478): Final simple tree
|( QUESTION2_5_L -1 1.293e+03 1.266e+02 8.079e+01
|    ( - 5.566e+02 1 0)
|    ( - 6.095e+02 1 0))
s>    ( QUESTION2_5_L -1 1.293e+03 1.266e+02 8.079e+01
s>        ( - 5.566e+02 1 0)
s>        ( - 6.095e+02 1 0))INFO: dtree.c(1315): Comp split 23
INFO: dtree.c(1439): stop. leaf nodes are specific
INFO: dtree.c(1478): Final simple tree
|( QUESTION0_11_R 1 4.379e+02 5.588e+01 2.899e+01
|    ( - 2.837e+02 1 0)
|    ( - 9.832e+01 1 0))
s>    ( QUESTION0_11_R 1 4.379e+02 5.588e+01 2.899e+01
s>        ( - 2.837e+02 1 0)
s>        ( - 9.832e+01 1 0))INFO: dtree.c(1315): Comp split 24
INFO: dtree.c(1315): Comp split 25
INFO: dtree.c(1439): stop. leaf nodes are specific
INFO: dtree.c(1478): Final simple tree
|( QUESTION0 1 1.004e+03 1.139e+02 6.731e+01
|    ( - 4.261e+02 2 0)
|    ( - 4.642e+02 1 0))
s>    ( QUESTION0 1 1.004e+03 1.139e+02 6.731e+01
s>        ( - 4.261e+02 2 0)
s>        ( - 4.642e+02 1 0))INFO: dtree.c(1315): Comp split 26
INFO: dtree.c(1439): stop. leaf nodes are specific
INFO: dtree.c(1478): Final simple tree
|( QUESTION0_17_R 1 6.800e+02 9.411e+01 4.994e+01
|    ( - 2.322e+02 1 0)
|    ( - 3.537e+02 1 0))
s>    ( QUESTION0_17_R 1 6.800e+02 9.411e+01 4.994e+01
s>        ( - 2.322e+02 1 0)
s>        ( - 3.537e+02 1 0))INFO: dtree.c(1439): stop. leaf nodes are specific
INFO: dtree.c(1478): Final simple tree
|( QUESTION7 1 5.499e+02 7.802e+01 4.297e+01
|    ( - 5.478e+01 1 0)
|    ( QUESTION0_0_R 1 4.171e+02 6.076e+01 3.497e+01
|        ( - 2.081e+02 1 0)
|        ( - 1.483e+02 1 0)))
s>    ( QUESTION7 1 5.499e+02 7.802e+01 4.297e+01
s>        ( - 5.478e+01 1 0)
s>        ( QUESTION0_0_R 1 4.171e+02 6.076e+01 3.497e+01
s>            ( - 2.081e+02 1 0)
s>            ( - 1.483e+02 1 0)))INFO: dtree.c(1315): Comp split 27
INFO: dtree.c(1315): Comp split 28
INFO: dtree.c(1439): stop. leaf nodes are specific
INFO: dtree.c(1478): Final simple tree
|( QUESTION0_0_R 1 9.872e+02 6.141e+01 7.503e+01
|    ( - 8.406e+02 2 0)
|    ( - 8.518e+01 1 0))
s>    ( QUESTION0_0_R 1 9.872e+02 6.141e+01 7.503e+01
s>        ( - 8.406e+02 2 0)
s>        ( - 8.518e+01 1 0))INFO: dtree.c(1439): stop. leaf nodes are specific
INFO: dtree.c(1478): Final simple tree
|( QUESTION0_10_R 1 6.452e+02 1.121e+02 5.500e+01
|    ( - 2.351e+02 1 0)
|    ( - 2.980e+02 1 0))
s>    ( QUESTION0_10_R 1 6.452e+02 1.121e+02 5.500e+01
s>        ( - 2.351e+02 1 0)
s>        ( - 2.980e+02 1 0))INFO: dtree.c(1315): Comp split 29
INFO: dtree.c(1439): stop. leaf nodes are specific
INFO: dtree.c(1478): Final simple tree
|( QUESTION0_11_R 1 3.227e+02 7.438e+01 2.708e+01
|    ( - 1.816e+02 1 0)
|    ( QUESTION0_0_R 1 6.671e+01 1.953e+01 9.017e+00
|        ( - 3.534e+01 1 0)
|        ( - 1.184e+01 1 0)))
s>    ( QUESTION0_11_R 1 3.227e+02 7.438e+01 2.708e+01
s>        ( - 1.816e+02 1 0)
s>        ( QUESTION0_0_R 1 6.671e+01 1.953e+01 9.017e+00
s>            ( - 3.534e+01 1 0)
s>            ( - 1.184e+01 1 0)))INFO: dtree.c(1439): stop. leaf nodes are specific
INFO: dtree.c(1478): Final simple tree
|( QUESTION0_0_R 1 9.160e+02 9.075e+01 7.198e+01
|    ( - 5.003e+02 1 0)
|    ( QUESTION0_11_R 1 3.250e+02 5.063e+01 2.905e+01
|        ( - 2.313e+02 1 0)
|        ( - 4.300e+01 1 0)))
s>    ( QUESTION0_0_R 1 9.160e+02 9.075e+01 7.198e+01
s>        ( - 5.003e+02 1 0)
s>        ( QUESTION0_11_R 1 3.250e+02 5.063e+01 2.905e+01
s>            ( - 2.313e+02 1 0)
s>            ( - 4.300e+01 1 0)))INFO: dtree.c(1315): Comp split 30
INFO: dtree.c(1439): stop. leaf nodes are specific
INFO: dtree.c(1478): Final simple tree
|( QUESTION0_8_R 1 6.447e+02 8.896e+01 5.200e+01
|    ( - 2.403e+02 1 0)
|    ( - 3.155e+02 1 0))
s>    ( QUESTION0_8_R 1 6.447e+02 8.896e+01 5.200e+01
s>        ( - 2.403e+02 1 0)
s>        ( - 3.155e+02 1 0))INFO: dtree.c(1315): Comp split 31
INFO: dtree.c(1315): Comp split 32
INFO: dtree.c(1315): Comp split 33
INFO: dtree.c(1315): Comp split 34
INFO: dtree.c(1439): stop. leaf nodes are specific
INFO: dtree.c(1478): Final simple tree
|( QUESTION4 -1 5.323e+02 9.028e+01 4.188e+01
|    ( - 2.268e+02 1 0)
|    ( QUESTION0_11_R 1 2.152e+02 3.830e+01 1.988e+01
|        ( - 1.320e+02 1 0)
|        ( - 4.494e+01 1 0)))
s>    ( QUESTION4 -1 5.323e+02 9.028e+01 4.188e+01
s>        ( - 2.268e+02 1 0)
s>        ( QUESTION0_11_R 1 2.152e+02 3.830e+01 1.988e+01
s>            ( - 1.320e+02 1 0)
s>            ( - 4.494e+01 1 0)))INFO: dtree.c(1315): Comp split 35
INFO: dtree.c(1315): Comp split 36
INFO: dtree.c(1439): stop. leaf nodes are specific
INFO: dtree.c(1478): Final simple tree
|( QUESTION0_0_R 1 2.567e+02 5.444e+01 2.200e+01
|    ( - 6.281e+01 1 0)
|    ( - 1.395e+02 1 0))
s>    ( QUESTION0_0_R 1 2.567e+02 5.444e+01 2.200e+01
s>        ( - 6.281e+01 1 0)
s>        ( - 1.395e+02 1 0))INFO: dtree.c(1315): Comp split 37
INFO: dtree.c(1315): Comp split 38
INFO: dtree.c(1315): Comp split 39
INFO: dtree.c(1315): Comp split 40
INFO: dtree.c(1439): stop. leaf nodes are specific
INFO: dtree.c(1478): Final simple tree
|( QUESTION0_11_R 1 3.250e+02 5.063e+01 2.905e+01
|    ( - 2.313e+02 1 0)
|    ( - 4.300e+01 1 0))
s>    ( QUESTION0_11_R 1 3.250e+02 5.063e+01 2.905e+01
s>        ( - 2.313e+02 1 0)
s>        ( - 4.300e+01 1 0))INFO: dtree.c(1315): Comp split 41
INFO: dtree.c(1439): stop. leaf nodes are specific
INFO: dtree.c(1478): Final simple tree
|( QUESTION0_11_R 1 2.152e+02 3.830e+01 1.988e+01
|    ( - 1.320e+02 1 0)
|    ( - 4.494e+01 1 0))
s>    ( QUESTION0_11_R 1 2.152e+02 3.830e+01 1.988e+01
s>        ( - 1.320e+02 1 0)
s>        ( - 4.494e+01 1 0))INFO: dtree.c(1315): Comp split 42
INFO: dtree.c(1315): Comp split 43
INFO: dtree.c(1439): stop. leaf nodes are specific
INFO: dtree.c(1478): Final simple tree
|( QUESTION7 -1 2.330e+02 5.040e+01 2.000e+01
|    ( - 1.101e+02 1 0)
|    ( QUESTION6 -1 7.246e+01 2.304e+01 9.000e+00
|        ( - 1.975e+01 1 0)
|        ( - 2.967e+01 1 0)))
s>    ( QUESTION7 -1 2.330e+02 5.040e+01 2.000e+01
s>        ( - 1.101e+02 1 0)
s>        ( QUESTION6 -1 7.246e+01 2.304e+01 9.000e+00
s>            ( - 1.975e+01 1 0)
s>            ( - 2.967e+01 1 0)))INFO: dtree.c(1315): Comp split 44
INFO: dtree.c(1439): stop. leaf nodes are specific
INFO: dtree.c(1478): Final simple tree
|( QUESTION0_0_R 1 4.171e+02 6.076e+01 3.497e+01
|    ( - 2.081e+02 1 0)
|    ( - 1.483e+02 1 0))
s>    ( QUESTION0_0_R 1 4.171e+02 6.076e+01 3.497e+01
s>        ( - 2.081e+02 1 0)
s>        ( - 1.483e+02 1 0))INFO: dtree.c(1315): Comp split 45
INFO: dtree.c(1439): stop. leaf nodes are specific
INFO: dtree.c(1478): Final simple tree
|( QUESTION0_0_R 1 6.671e+01 1.953e+01 9.017e+00
|    ( - 3.534e+01 1 0)
|    ( - 1.184e+01 1 0))
s>    ( QUESTION0_0_R 1 6.671e+01 1.953e+01 9.017e+00
s>        ( - 3.534e+01 1 0)
s>        ( - 1.184e+01 1 0))INFO: dtree.c(1315): Comp split 46
INFO: dtree.c(1315): Comp split 47
INFO: dtree.c(1315): Comp split 48
INFO: dtree.c(1315): Comp split 49
INFO: dtree.c(1315): Comp split 50
INFO: dtree.c(1315): Comp split 51
INFO: dtree.c(1439): stop. leaf nodes are specific
INFO: dtree.c(1478): Final simple tree
|( QUESTION6 -1 7.246e+01 2.304e+01 9.000e+00
|    ( - 1.975e+01 1 0)
|    ( - 2.967e+01 1 0))
s>    ( QUESTION6 -1 7.246e+01 2.304e+01 9.000e+00
s>        ( - 1.975e+01 1 0)
s>        ( - 2.967e+01 1 0))INFO: dtree.c(1315): Comp split 52
INFO: dtree.c(1315): Comp split 53
INFO: dtree.c(1315): Comp split 54
INFO: dtree.c(1315): Comp split 55
INFO: dtree.c(1315): Comp split 56
INFO: dtree.c(1318): stop. leaf nodes are specific
Mon May 23 22:39:48 2022
