Current configuration:
[NAME]		[DEFLT]	[VALUE]
-allphones	no	no
-cntthresh	0.00001	1.000000e-05
-csplitmax	100	2000
-csplitmin	1	1
-csplitthr	8e-4	0.000000e+00
-example	no	no
-fullvar	no	no
-help		no	no
-meanfn			
-mixwfn			/home/rakha/Kuliah/Semester8/nlp/speech-sphinx/train-new-model/an4-master/model_parameters/an4.cd_ptm_untied/mixture_weights
-moddeffn		/home/rakha/Kuliah/Semester8/nlp/speech-sphinx/train-new-model/an4-master/model_architecture/an4.untied.mdef
-mwfloor	1e-4	1.000000e-08
-phone			AE
-psetfn			/home/rakha/Kuliah/Semester8/nlp/speech-sphinx/train-new-model/an4-master/model_architecture/an4.tree_questions
-ssplitmax	5	7
-ssplitmin	1	1
-ssplitthr	8e-4	0.000000e+00
-state			2
-stwt			1.0,0.05,0.0,
-treefn			/home/rakha/Kuliah/Semester8/nlp/speech-sphinx/train-new-model/an4-master/trees/an4.unpruned/AE-2.dtree
-ts2cbfn	.semi.	.semi.
-varfloor	0.00001	1.000000e-05
-varfn			

INFO: main.c(223): Reading: /home/rakha/Kuliah/Semester8/nlp/speech-sphinx/train-new-model/an4-master/model_architecture/an4.untied.mdef
INFO: model_def_io.c(573): Model definition info:
INFO: model_def_io.c(574): 1618 total models defined (34 base, 1584 tri)
INFO: model_def_io.c(575): 6472 total states
INFO: model_def_io.c(576): 4854 total tied states
INFO: model_def_io.c(577): 102 total tied CI states
INFO: model_def_io.c(578): 34 total tied transition matrices
INFO: model_def_io.c(579): 4 max state/model
INFO: model_def_io.c(580): 4 min state/model
INFO: main.c(242): Building trees for [AE D N b] through [AE R N b]
INFO: main.c(269): Covering states |[162 176]| == 15
INFO: main.c(275): Reading: /home/rakha/Kuliah/Semester8/nlp/speech-sphinx/train-new-model/an4-master/model_parameters/an4.cd_ptm_untied/mixture_weights
INFO: s3mixw_io.c(173): Read /home/rakha/Kuliah/Semester8/nlp/speech-sphinx/train-new-model/an4-master/model_parameters/an4.cd_ptm_untied/mixture_weights [15x4x64 array]
INFO: main.c(311): 5 of 5 models have observation count greater than 0.000010
INFO: main.c(95): nrm stwt: 0.000 0.048 0.952 
INFO: main.c(411): 5-class entropy: 2.980750e+03
INFO: main.c(549): Reading: /home/rakha/Kuliah/Semester8/nlp/speech-sphinx/train-new-model/an4-master/model_architecture/an4.tree_questions
INFO: main.c(588): 180 total simple questions (172 phone; 8 word bndry)
INFO: main.c(590): 42 Left Only questions, and 42 Right Only questions
INFO: dtree.c(1439): stop. leaf nodes are specific
INFO: dtree.c(1478): Final simple tree
|( QUESTION7 -1 3.545e+03 3.109e+02 1.805e+02
|    ( - 2.576e+03 1 0)
|    ( WDBNDRY_B 0 6.577e+02 1.389e+02 4.200e+01
|        ( QUESTION4 -1 2.699e+02 7.489e+01 2.200e+01
|            ( - 1.199e+02 1 0)
|            ( - 7.516e+01 1 0))
|        ( QUESTION0_0_R 1 2.489e+02 3.973e+01 2.000e+01
|            ( - 1.975e+02 1 0)
|            ( - 1.176e+01 1 0))))
s>    ( QUESTION7 -1 3.545e+03 3.109e+02 1.805e+02
s>        ( - 2.576e+03 1 0)
s>        ( WDBNDRY_B 0 6.577e+02 1.389e+02 4.200e+01
s>            ( QUESTION4 -1 2.699e+02 7.489e+01 2.200e+01
s>                ( - 1.199e+02 1 0)
s>                ( - 7.516e+01 1 0))
s>            ( QUESTION0_0_R 1 2.489e+02 3.973e+01 2.000e+01
s>                ( - 1.975e+02 1 0)
s>                ( - 1.176e+01 1 0))))INFO: dtree.c(1315): Comp split 0
INFO: dtree.c(1439): stop. leaf nodes are specific
INFO: dtree.c(1478): Final simple tree
|( WDBNDRY_B 0 6.577e+02 1.389e+02 4.200e+01
|    ( QUESTION4 -1 2.699e+02 7.489e+01 2.200e+01
|        ( - 1.199e+02 1 0)
|        ( - 7.516e+01 1 0))
|    ( QUESTION0_0_R 1 2.489e+02 3.973e+01 2.000e+01
|        ( - 1.975e+02 1 0)
|        ( - 1.176e+01 1 0)))
s>    ( WDBNDRY_B 0 6.577e+02 1.389e+02 4.200e+01
s>        ( QUESTION4 -1 2.699e+02 7.489e+01 2.200e+01
s>            ( - 1.199e+02 1 0)
s>            ( - 7.516e+01 1 0))
s>        ( QUESTION0_0_R 1 2.489e+02 3.973e+01 2.000e+01
s>            ( - 1.975e+02 1 0)
s>            ( - 1.176e+01 1 0)))INFO: dtree.c(1315): Comp split 1
INFO: dtree.c(1439): stop. leaf nodes are specific
INFO: dtree.c(1478): Final simple tree
|( QUESTION0_0_R 1 2.489e+02 3.973e+01 2.000e+01
|    ( - 1.975e+02 1 0)
|    ( - 1.176e+01 1 0))
s>    ( QUESTION0_0_R 1 2.489e+02 3.973e+01 2.000e+01
s>        ( - 1.975e+02 1 0)
s>        ( - 1.176e+01 1 0))INFO: dtree.c(1439): stop. leaf nodes are specific
INFO: dtree.c(1478): Final simple tree
|( QUESTION4 -1 2.699e+02 7.489e+01 2.200e+01
|    ( - 1.199e+02 1 0)
|    ( - 7.516e+01 1 0))
s>    ( QUESTION4 -1 2.699e+02 7.489e+01 2.200e+01
s>        ( - 1.199e+02 1 0)
s>        ( - 7.516e+01 1 0))INFO: dtree.c(1315): Comp split 2
INFO: dtree.c(1315): Comp split 3
INFO: dtree.c(1315): Comp split 4
INFO: dtree.c(1318): stop. leaf nodes are specific
Mon May 23 22:39:45 2022
