Current configuration:
[NAME]		[DEFLT]	[VALUE]
-allphones	no	no
-cntthresh	0.00001	1.000000e-05
-csplitmax	100	2000
-csplitmin	1	1
-csplitthr	8e-4	0.000000e+00
-example	no	no
-fullvar	no	no
-help		no	no
-meanfn			
-mixwfn			/home/rakha/Kuliah/Semester8/nlp/speech-sphinx/train-new-model/an4-master/model_parameters/an4.cd_ptm_untied/mixture_weights
-moddeffn		/home/rakha/Kuliah/Semester8/nlp/speech-sphinx/train-new-model/an4-master/model_architecture/an4.untied.mdef
-mwfloor	1e-4	1.000000e-08
-phone			Z
-psetfn			/home/rakha/Kuliah/Semester8/nlp/speech-sphinx/train-new-model/an4-master/model_architecture/an4.tree_questions
-ssplitmax	5	7
-ssplitmin	1	1
-ssplitthr	8e-4	0.000000e+00
-state			1
-stwt			1.0,0.05,0.0,
-treefn			/home/rakha/Kuliah/Semester8/nlp/speech-sphinx/train-new-model/an4-master/trees/an4.unpruned/Z-1.dtree
-ts2cbfn	.semi.	.semi.
-varfloor	0.00001	1.000000e-05
-varfn			

INFO: main.c(223): Reading: /home/rakha/Kuliah/Semester8/nlp/speech-sphinx/train-new-model/an4-master/model_architecture/an4.untied.mdef
INFO: model_def_io.c(573): Model definition info:
INFO: model_def_io.c(574): 1618 total models defined (34 base, 1584 tri)
INFO: model_def_io.c(575): 6472 total states
INFO: model_def_io.c(576): 4854 total tied states
INFO: model_def_io.c(577): 102 total tied CI states
INFO: model_def_io.c(578): 34 total tied transition matrices
INFO: model_def_io.c(579): 4 max state/model
INFO: model_def_io.c(580): 4 min state/model
INFO: main.c(242): Building trees for [Z AH IY b] through [Z V IH b]
INFO: main.c(269): Covering states |[4779 4853]| == 75
INFO: main.c(275): Reading: /home/rakha/Kuliah/Semester8/nlp/speech-sphinx/train-new-model/an4-master/model_parameters/an4.cd_ptm_untied/mixture_weights
INFO: s3mixw_io.c(173): Read /home/rakha/Kuliah/Semester8/nlp/speech-sphinx/train-new-model/an4-master/model_parameters/an4.cd_ptm_untied/mixture_weights [75x4x64 array]
INFO: main.c(311): 25 of 25 models have observation count greater than 0.000010
INFO: main.c(95): nrm stwt: 0.045 0.909 0.045 
INFO: main.c(411): 25-class entropy: 9.195144e+03
INFO: main.c(549): Reading: /home/rakha/Kuliah/Semester8/nlp/speech-sphinx/train-new-model/an4-master/model_architecture/an4.tree_questions
INFO: main.c(588): 180 total simple questions (172 phone; 8 word bndry)
INFO: main.c(590): 42 Left Only questions, and 42 Right Only questions
INFO: dtree.c(1478): Final simple tree
|( QUESTION0_0_R 1 1.268e+04 5.225e+02 6.829e+02
|    ( QUESTION0 -1 7.448e+03 2.591e+02 4.203e+02
|        ( QUESTION1 -1 4.429e+03 1.978e+02 2.573e+02
|            ( - 2.792e+03 2 0)
|            ( - 1.439e+03 5 0 QUESTION2_12_L -1 1.067e+02 9.199e+01))
|        ( QUESTION6 -1 2.760e+03 2.067e+02 1.630e+02
|            ( - 6.256e+02 2 0 QUESTION7 -1 1.017e+02 4.600e+01)
|            ( QUESTION2_2_L -1 1.928e+03 1.605e+02 1.170e+02
|                ( - 7.564e+02 2 0 QUESTION4 -1 1.093e+02 5.200e+01)
|                ( - 1.011e+03 3 0 SILENCE -1 9.463e+01 6.501e+01))))
|    ( QUESTION6 -1 4.710e+03 2.393e+02 2.626e+02
|        ( - 9.638e+02 2 0 WDBNDRY_B 0 1.377e+02 6.260e+01)
|        ( QUESTION2_5_L -1 3.507e+03 2.474e+02 2.000e+02
|            ( - 1.657e+03 2 0 QUESTION4 -1 1.415e+02 9.708e+01)
|            ( - 1.602e+03 7 0 QUESTION2 -1 1.324e+02 1.030e+02))))
s>    ( QUESTION0_0_R 1 1.268e+04 5.225e+02 6.829e+02
s>        ( QUESTION0 -1 7.448e+03 2.591e+02 4.203e+02
s>            ( QUESTION1 -1 4.429e+03 1.978e+02 2.573e+02
s>                ( - 2.792e+03 2 0)
s>                ( - 1.439e+03 5 0 QUESTION2_12_L -1 1.067e+02 9.199e+01))
s>            ( QUESTION6 -1 2.760e+03 2.067e+02 1.630e+02
s>                ( - 6.256e+02 2 0 QUESTION7 -1 1.017e+02 4.600e+01)
s>                ( QUESTION2_2_L -1 1.928e+03 1.605e+02 1.170e+02
s>                    ( - 7.564e+02 2 0 QUESTION4 -1 1.093e+02 5.200e+01)
s>                    ( - 1.011e+03 3 0 SILENCE -1 9.463e+01 6.501e+01))))
s>        ( QUESTION6 -1 4.710e+03 2.393e+02 2.626e+02
s>            ( - 9.638e+02 2 0 WDBNDRY_B 0 1.377e+02 6.260e+01)
s>            ( QUESTION2_5_L -1 3.507e+03 2.474e+02 2.000e+02
s>                ( - 1.657e+03 2 0 QUESTION4 -1 1.415e+02 9.708e+01)
s>                ( - 1.602e+03 7 0 QUESTION2 -1 1.324e+02 1.030e+02))))INFO: dtree.c(1315): Comp split 0
INFO: dtree.c(1478): Final simple tree
|( QUESTION0 -1 7.448e+03 2.591e+02 4.203e+02
|    ( QUESTION1 -1 4.429e+03 1.978e+02 2.573e+02
|        ( - 2.792e+03 2 0)
|        ( QUESTION2_12_L -1 1.439e+03 1.067e+02 9.199e+01
|            ( - 2.351e+02 1 0)
|            ( - 1.098e+03 4 0 QUESTION2_0_L -1 6.538e+01 7.199e+01)))
|    ( QUESTION6 -1 2.760e+03 2.067e+02 1.630e+02
|        ( QUESTION7 -1 6.256e+02 1.017e+02 4.600e+01
|            ( - 4.348e+02 1 0)
|            ( - 8.912e+01 1 0))
|        ( QUESTION2_2_L -1 1.928e+03 1.605e+02 1.170e+02
|            ( QUESTION4 -1 7.564e+02 1.093e+02 5.200e+01
|                ( - 4.413e+02 1 0)
|                ( - 2.058e+02 1 0))
|            ( - 1.011e+03 3 0 SILENCE -1 9.463e+01 6.501e+01))))
s>    ( QUESTION0 -1 7.448e+03 2.591e+02 4.203e+02
s>        ( QUESTION1 -1 4.429e+03 1.978e+02 2.573e+02
s>            ( - 2.792e+03 2 0)
s>            ( QUESTION2_12_L -1 1.439e+03 1.067e+02 9.199e+01
s>                ( - 2.351e+02 1 0)
s>                ( - 1.098e+03 4 0 QUESTION2_0_L -1 6.538e+01 7.199e+01)))
s>        ( QUESTION6 -1 2.760e+03 2.067e+02 1.630e+02
s>            ( QUESTION7 -1 6.256e+02 1.017e+02 4.600e+01
s>                ( - 4.348e+02 1 0)
s>                ( - 8.912e+01 1 0))
s>            ( QUESTION2_2_L -1 1.928e+03 1.605e+02 1.170e+02
s>                ( QUESTION4 -1 7.564e+02 1.093e+02 5.200e+01
s>                    ( - 4.413e+02 1 0)
s>                    ( - 2.058e+02 1 0))
s>                ( - 1.011e+03 3 0 SILENCE -1 9.463e+01 6.501e+01))))INFO: dtree.c(1478): Final simple tree
|( QUESTION6 -1 4.710e+03 2.393e+02 2.626e+02
|    ( WDBNDRY_B 0 9.638e+02 1.377e+02 6.260e+01
|        ( - 3.591e+02 1 0)
|        ( - 4.670e+02 1 0))
|    ( QUESTION2_5_L -1 3.507e+03 2.474e+02 2.000e+02
|        ( QUESTION4 -1 1.657e+03 1.415e+02 9.708e+01
|            ( - 1.001e+03 1 0)
|            ( - 5.148e+02 1 0))
|        ( QUESTION2 -1 1.602e+03 1.324e+02 1.030e+02
|            ( - 7.456e+02 3 0)
|            ( QUESTION0 -1 7.244e+02 9.479e+01 5.100e+01
|                ( - 2.840e+02 1 0)
|                ( QUESTION4 -1 3.457e+02 6.181e+01 2.700e+01
|                    ( - 1.794e+02 1 0)
|                    ( - 1.045e+02 2 0 QUESTION17 -1 2.530e+01 1.200e+01))))))
s>    ( QUESTION6 -1 4.710e+03 2.393e+02 2.626e+02
s>        ( WDBNDRY_B 0 9.638e+02 1.377e+02 6.260e+01
s>            ( - 3.591e+02 1 0)
s>            ( - 4.670e+02 1 0))
s>        ( QUESTION2_5_L -1 3.507e+03 2.474e+02 2.000e+02
s>            ( QUESTION4 -1 1.657e+03 1.415e+02 9.708e+01
s>                ( - 1.001e+03 1 0)
s>                ( - 5.148e+02 1 0))
s>            ( QUESTION2 -1 1.602e+03 1.324e+02 1.030e+02
s>                ( - 7.456e+02 3 0)
s>                ( QUESTION0 -1 7.244e+02 9.479e+01 5.100e+01
s>                    ( - 2.840e+02 1 0)
s>                    ( QUESTION4 -1 3.457e+02 6.181e+01 2.700e+01
s>                        ( - 1.794e+02 1 0)
s>                        ( - 1.045e+02 2 0 QUESTION17 -1 2.530e+01 1.200e+01))))))INFO: dtree.c(1315): Comp split 1
INFO: dtree.c(1439): stop. leaf nodes are specific
INFO: dtree.c(1478): Final simple tree
|( SILENCE -1 1.330e+03 1.141e+02 8.401e+01
|    ( - 5.314e+02 1 0)
|    ( QUESTION4 -1 6.840e+02 9.358e+01 4.501e+01
|        ( - 3.846e+02 2 0)
|        ( - 2.058e+02 1 0)))
s>    ( SILENCE -1 1.330e+03 1.141e+02 8.401e+01
s>        ( - 5.314e+02 1 0)
s>        ( QUESTION4 -1 6.840e+02 9.358e+01 4.501e+01
s>            ( - 3.846e+02 2 0)
s>            ( - 2.058e+02 1 0)))INFO: dtree.c(1439): stop. leaf nodes are specific
INFO: dtree.c(1478): Final simple tree
|( QUESTION1 -1 5.830e+03 2.361e+02 3.363e+02
|    ( - 2.792e+03 2 0)
|    ( QUESTION0 -1 2.802e+03 1.804e+02 1.710e+02
|        ( QUESTION2_12_L -1 1.439e+03 1.067e+02 9.199e+01
|            ( - 2.351e+02 1 0)
|            ( QUESTION2_0_L -1 1.098e+03 6.538e+01 7.199e+01
|                ( - 9.920e+02 3 0)
|                ( - 4.017e+01 1 0)))
|        ( QUESTION7 -1 1.183e+03 1.385e+02 7.900e+01
|            ( - 4.348e+02 1 0)
|            ( QUESTION4 -1 6.093e+02 7.889e+01 4.400e+01
|                ( - 4.413e+02 1 0)
|                ( - 8.912e+01 1 0)))))
s>    ( QUESTION1 -1 5.830e+03 2.361e+02 3.363e+02
s>        ( - 2.792e+03 2 0)
s>        ( QUESTION0 -1 2.802e+03 1.804e+02 1.710e+02
s>            ( QUESTION2_12_L -1 1.439e+03 1.067e+02 9.199e+01
s>                ( - 2.351e+02 1 0)
s>                ( QUESTION2_0_L -1 1.098e+03 6.538e+01 7.199e+01
s>                    ( - 9.920e+02 3 0)
s>                    ( - 4.017e+01 1 0)))
s>            ( QUESTION7 -1 1.183e+03 1.385e+02 7.900e+01
s>                ( - 4.348e+02 1 0)
s>                ( QUESTION4 -1 6.093e+02 7.889e+01 4.400e+01
s>                    ( - 4.413e+02 1 0)
s>                    ( - 8.912e+01 1 0)))))INFO: dtree.c(1315): Comp split 2
INFO: dtree.c(1439): stop. leaf nodes are specific
INFO: dtree.c(1478): Final simple tree
|( QUESTION2_5_L -1 2.291e+03 1.741e+02 1.392e+02
|    ( - 5.148e+02 1 0)
|    ( QUESTION2 -1 1.602e+03 1.324e+02 1.030e+02
|        ( - 7.456e+02 3 0)
|        ( QUESTION0 -1 7.244e+02 9.479e+01 5.100e+01
|            ( - 2.840e+02 1 0)
|            ( QUESTION4 -1 3.457e+02 6.181e+01 2.700e+01
|                ( - 1.794e+02 1 0)
|                ( QUESTION17 -1 1.045e+02 2.530e+01 1.200e+01
|                    ( - 2.636e+01 1 0)
|                    ( - 5.284e+01 1 0))))))
s>    ( QUESTION2_5_L -1 2.291e+03 1.741e+02 1.392e+02
s>        ( - 5.148e+02 1 0)
s>        ( QUESTION2 -1 1.602e+03 1.324e+02 1.030e+02
s>            ( - 7.456e+02 3 0)
s>            ( QUESTION0 -1 7.244e+02 9.479e+01 5.100e+01
s>                ( - 2.840e+02 1 0)
s>                ( QUESTION4 -1 3.457e+02 6.181e+01 2.700e+01
s>                    ( - 1.794e+02 1 0)
s>                    ( QUESTION17 -1 1.045e+02 2.530e+01 1.200e+01
s>                        ( - 2.636e+01 1 0)
s>                        ( - 5.284e+01 1 0))))))INFO: dtree.c(1439): stop. leaf nodes are specific
INFO: dtree.c(1478): Final simple tree
|( QUESTION4 -1 2.145e+03 1.796e+02 1.234e+02
|    ( - 1.001e+03 1 0)
|    ( WDBNDRY_B 0 9.638e+02 1.377e+02 6.260e+01
|        ( - 3.591e+02 1 0)
|        ( - 4.670e+02 1 0)))
s>    ( QUESTION4 -1 2.145e+03 1.796e+02 1.234e+02
s>        ( - 1.001e+03 1 0)
s>        ( WDBNDRY_B 0 9.638e+02 1.377e+02 6.260e+01
s>            ( - 3.591e+02 1 0)
s>            ( - 4.670e+02 1 0)))INFO: dtree.c(1315): Comp split 3
INFO: dtree.c(1439): stop. leaf nodes are specific
INFO: dtree.c(1478): Final simple tree
|( QUESTION1 -1 2.894e+03 6.181e+01 1.713e+02
|    ( - 2.792e+03 2 0)
|    ( - 4.017e+01 1 0))
s>    ( QUESTION1 -1 2.894e+03 6.181e+01 1.713e+02
s>        ( - 2.792e+03 2 0)
s>        ( - 4.017e+01 1 0))INFO: dtree.c(1439): stop. leaf nodes are specific
INFO: dtree.c(1478): Final simple tree
|( QUESTION2_3_L -1 2.686e+03 1.775e+02 1.650e+02
|    ( - 9.920e+02 3 0)
|    ( QUESTION7 -1 1.517e+03 1.568e+02 9.900e+01
|        ( - 4.348e+02 1 0)
|        ( QUESTION4 -1 9.250e+02 9.183e+01 6.400e+01
|            ( - 4.413e+02 1 0)
|            ( QUESTION0 -1 3.918e+02 6.762e+01 3.100e+01
|                ( - 2.351e+02 1 0)
|                ( - 8.912e+01 1 0)))))
s>    ( QUESTION2_3_L -1 2.686e+03 1.775e+02 1.650e+02
s>        ( - 9.920e+02 3 0)
s>        ( QUESTION7 -1 1.517e+03 1.568e+02 9.900e+01
s>            ( - 4.348e+02 1 0)
s>            ( QUESTION4 -1 9.250e+02 9.183e+01 6.400e+01
s>                ( - 4.413e+02 1 0)
s>                ( QUESTION0 -1 3.918e+02 6.762e+01 3.100e+01
s>                    ( - 2.351e+02 1 0)
s>                    ( - 8.912e+01 1 0)))))INFO: dtree.c(1315): Comp split 4
INFO: dtree.c(1439): stop. leaf nodes are specific
INFO: dtree.c(1478): Final simple tree
|( QUESTION0 -1 1.168e+03 8.682e+01 7.699e+01
|    ( - 9.920e+02 3 0)
|    ( - 8.912e+01 1 0))
s>    ( QUESTION0 -1 1.168e+03 8.682e+01 7.699e+01
s>        ( - 9.920e+02 3 0)
s>        ( - 8.912e+01 1 0))INFO: dtree.c(1439): stop. leaf nodes are specific
INFO: dtree.c(1478): Final simple tree
|( QUESTION5 -1 1.330e+03 1.452e+02 8.800e+01
|    ( - 4.348e+02 1 0)
|    ( QUESTION0 -1 7.502e+02 7.386e+01 5.300e+01
|        ( - 2.351e+02 1 0)
|        ( - 4.413e+02 1 0)))
s>    ( QUESTION5 -1 1.330e+03 1.452e+02 8.800e+01
s>        ( - 4.348e+02 1 0)
s>        ( QUESTION0 -1 7.502e+02 7.386e+01 5.300e+01
s>            ( - 2.351e+02 1 0)
s>            ( - 4.413e+02 1 0)))INFO: dtree.c(1315): Comp split 5
INFO: dtree.c(1439): stop. leaf nodes are specific
INFO: dtree.c(1478): Final simple tree
|( QUESTION0 -1 1.200e+03 1.088e+02 7.895e+01
|    ( - 7.456e+02 3 0)
|    ( QUESTION4 -1 3.457e+02 6.181e+01 2.700e+01
|        ( - 1.794e+02 1 0)
|        ( QUESTION17 -1 1.045e+02 2.530e+01 1.200e+01
|            ( - 2.636e+01 1 0)
|            ( - 5.284e+01 1 0))))
s>    ( QUESTION0 -1 1.200e+03 1.088e+02 7.895e+01
s>        ( - 7.456e+02 3 0)
s>        ( QUESTION4 -1 3.457e+02 6.181e+01 2.700e+01
s>            ( - 1.794e+02 1 0)
s>            ( QUESTION17 -1 1.045e+02 2.530e+01 1.200e+01
s>                ( - 2.636e+01 1 0)
s>                ( - 5.284e+01 1 0))))INFO: dtree.c(1439): stop. leaf nodes are specific
INFO: dtree.c(1478): Final simple tree
|( QUESTION0 -1 9.080e+02 1.092e+02 6.025e+01
|    ( - 2.840e+02 1 0)
|    ( - 5.148e+02 1 0))
s>    ( QUESTION0 -1 9.080e+02 1.092e+02 6.025e+01
s>        ( - 2.840e+02 1 0)
s>        ( - 5.148e+02 1 0))INFO: dtree.c(1315): Comp split 6
INFO: dtree.c(1439): stop. leaf nodes are specific
INFO: dtree.c(1478): Final simple tree
|( WDBNDRY_B 0 9.638e+02 1.377e+02 6.260e+01
|    ( - 3.591e+02 1 0)
|    ( - 4.670e+02 1 0))
s>    ( WDBNDRY_B 0 9.638e+02 1.377e+02 6.260e+01
s>        ( - 3.591e+02 1 0)
s>        ( - 4.670e+02 1 0))INFO: dtree.c(1315): Comp split 7
INFO: dtree.c(1439): stop. leaf nodes are specific
INFO: dtree.c(1478): Final simple tree
|( QUESTION0 -1 7.502e+02 7.386e+01 5.300e+01
|    ( - 2.351e+02 1 0)
|    ( - 4.413e+02 1 0))
s>    ( QUESTION0 -1 7.502e+02 7.386e+01 5.300e+01
s>        ( - 2.351e+02 1 0)
s>        ( - 4.413e+02 1 0))INFO: dtree.c(1315): Comp split 8
INFO: dtree.c(1315): Comp split 9
INFO: dtree.c(1439): stop. leaf nodes are specific
INFO: dtree.c(1478): Final simple tree
|( QUESTION4 -1 6.840e+02 9.358e+01 4.501e+01
|    ( - 3.846e+02 2 0)
|    ( - 2.058e+02 1 0))
s>    ( QUESTION4 -1 6.840e+02 9.358e+01 4.501e+01
s>        ( - 3.846e+02 2 0)
s>        ( - 2.058e+02 1 0))INFO: dtree.c(1315): Comp split 10
INFO: dtree.c(1315): Comp split 11
INFO: dtree.c(1439): stop. leaf nodes are specific
INFO: dtree.c(1478): Final simple tree
|( QUESTION4 -1 3.457e+02 6.181e+01 2.700e+01
|    ( - 1.794e+02 1 0)
|    ( QUESTION17 -1 1.045e+02 2.530e+01 1.200e+01
|        ( - 2.636e+01 1 0)
|        ( - 5.284e+01 1 0)))
s>    ( QUESTION4 -1 3.457e+02 6.181e+01 2.700e+01
s>        ( - 1.794e+02 1 0)
s>        ( QUESTION17 -1 1.045e+02 2.530e+01 1.200e+01
s>            ( - 2.636e+01 1 0)
s>            ( - 5.284e+01 1 0)))INFO: dtree.c(1315): Comp split 12
INFO: dtree.c(1315): Comp split 13
INFO: dtree.c(1315): Comp split 14
INFO: dtree.c(1315): Comp split 15
INFO: dtree.c(1315): Comp split 16
INFO: dtree.c(1439): stop. leaf nodes are specific
INFO: dtree.c(1478): Final simple tree
|( QUESTION17 -1 1.045e+02 2.530e+01 1.200e+01
|    ( - 2.636e+01 1 0)
|    ( - 5.284e+01 1 0))
s>    ( QUESTION17 -1 1.045e+02 2.530e+01 1.200e+01
s>        ( - 2.636e+01 1 0)
s>        ( - 5.284e+01 1 0))INFO: dtree.c(1315): Comp split 17
INFO: dtree.c(1315): Comp split 18
INFO: dtree.c(1318): stop. leaf nodes are specific
Mon May 23 22:39:56 2022
