Current configuration:
[NAME]		[DEFLT]	[VALUE]
-allphones	no	no
-cntthresh	0.00001	1.000000e-05
-csplitmax	100	2000
-csplitmin	1	1
-csplitthr	8e-4	0.000000e+00
-example	no	no
-fullvar	no	no
-help		no	no
-meanfn			
-mixwfn			/home/rakha/Kuliah/Semester8/nlp/speech-sphinx/train-new-model/an4-master/model_parameters/an4.cd_ptm_untied/mixture_weights
-moddeffn		/home/rakha/Kuliah/Semester8/nlp/speech-sphinx/train-new-model/an4-master/model_architecture/an4.untied.mdef
-mwfloor	1e-4	1.000000e-08
-phone			AY
-psetfn			/home/rakha/Kuliah/Semester8/nlp/speech-sphinx/train-new-model/an4-master/model_architecture/an4.tree_questions
-ssplitmax	5	7
-ssplitmin	1	1
-ssplitthr	8e-4	0.000000e+00
-state			1
-stwt			1.0,0.05,0.0,
-treefn			/home/rakha/Kuliah/Semester8/nlp/speech-sphinx/train-new-model/an4-master/trees/an4.unpruned/AY-1.dtree
-ts2cbfn	.semi.	.semi.
-varfloor	0.00001	1.000000e-05
-varfn			

INFO: main.c(223): Reading: /home/rakha/Kuliah/Semester8/nlp/speech-sphinx/train-new-model/an4-master/model_architecture/an4.untied.mdef
INFO: model_def_io.c(573): Model definition info:
INFO: model_def_io.c(574): 1618 total models defined (34 base, 1584 tri)
INFO: model_def_io.c(575): 6472 total states
INFO: model_def_io.c(576): 4854 total tied states
INFO: model_def_io.c(577): 102 total tied CI states
INFO: model_def_io.c(578): 34 total tied transition matrices
INFO: model_def_io.c(579): 4 max state/model
INFO: model_def_io.c(580): 4 min state/model
INFO: main.c(242): Building trees for [AY AH EH s] through [AY W Z e]
INFO: main.c(269): Covering states |[480 734]| == 255
INFO: main.c(275): Reading: /home/rakha/Kuliah/Semester8/nlp/speech-sphinx/train-new-model/an4-master/model_parameters/an4.cd_ptm_untied/mixture_weights
INFO: s3mixw_io.c(173): Read /home/rakha/Kuliah/Semester8/nlp/speech-sphinx/train-new-model/an4-master/model_parameters/an4.cd_ptm_untied/mixture_weights [255x4x64 array]
INFO: main.c(311): 85 of 85 models have observation count greater than 0.000010
INFO: main.c(95): nrm stwt: 0.045 0.909 0.045 
INFO: main.c(411): 85-class entropy: 5.540520e+04
INFO: main.c(549): Reading: /home/rakha/Kuliah/Semester8/nlp/speech-sphinx/train-new-model/an4-master/model_architecture/an4.tree_questions
INFO: main.c(588): 180 total simple questions (172 phone; 8 word bndry)
INFO: main.c(590): 42 Left Only questions, and 42 Right Only questions
INFO: dtree.c(1478): Final simple tree
|( QUESTION2_5_L -1 6.701e+04 1.338e+03 3.557e+03
|    ( WDBNDRY_S 0 1.714e+04 3.162e+02 9.520e+02
|        ( - 1.290e+03 5 0 QUESTION0_8_R 1 1.384e+02 7.864e+01)
|        ( - 1.553e+04 1 0))
|    ( WDBNDRY_I 0 4.854e+04 1.011e+03 2.605e+03
|        ( - 1.659e+04 1 0)
|        ( QUESTION1 -1 3.093e+04 5.785e+02 1.646e+03
|            ( QUESTION0_10_R 1 1.423e+04 3.227e+02 7.825e+02
|                ( - 8.875e+03 2 0 QUESTION0_11_R 1 1.297e+02 5.062e+02)
|                ( - 5.031e+03 12 0 QUESTION0_8_R 1 2.589e+02 2.762e+02))
|            ( QUESTION2_18_L -1 1.613e+04 3.846e+02 8.636e+02
|                ( - 6.296e+03 20 0 SILENCE 1 2.768e+02 3.495e+02)
|                ( QUESTION0_13_R 1 9.447e+03 3.078e+02 5.141e+02
|                    ( - 4.582e+03 16 0 QUESTION0 -1 2.421e+02 2.630e+02)
|                    ( - 4.557e+03 28 0 QUESTION2_4_L -1 2.739e+02 2.510e+02))))))
s>    ( QUESTION2_5_L -1 6.701e+04 1.338e+03 3.557e+03
s>        ( WDBNDRY_S 0 1.714e+04 3.162e+02 9.520e+02
s>            ( - 1.290e+03 5 0 QUESTION0_8_R 1 1.384e+02 7.864e+01)
s>            ( - 1.553e+04 1 0))
s>        ( WDBNDRY_I 0 4.854e+04 1.011e+03 2.605e+03
s>            ( - 1.659e+04 1 0)
s>            ( QUESTION1 -1 3.093e+04 5.785e+02 1.646e+03
s>                ( QUESTION0_10_R 1 1.423e+04 3.227e+02 7.825e+02
s>                    ( - 8.875e+03 2 0 QUESTION0_11_R 1 1.297e+02 5.062e+02)
s>                    ( - 5.031e+03 12 0 QUESTION0_8_R 1 2.589e+02 2.762e+02))
s>                ( QUESTION2_18_L -1 1.613e+04 3.846e+02 8.636e+02
s>                    ( - 6.296e+03 20 0 SILENCE 1 2.768e+02 3.495e+02)
s>                    ( QUESTION0_13_R 1 9.447e+03 3.078e+02 5.141e+02
s>                        ( - 4.582e+03 16 0 QUESTION0 -1 2.421e+02 2.630e+02)
s>                        ( - 4.557e+03 28 0 QUESTION2_4_L -1 2.739e+02 2.510e+02))))))INFO: dtree.c(1315): Comp split 0
INFO: dtree.c(1478): Final simple tree
|( WDBNDRY_I 0 5.007e+04 1.033e+03 2.683e+03
|    ( - 1.659e+04 1 0)
|    ( QUESTION1 -1 3.244e+04 6.019e+02 1.725e+03
|        ( QUESTION0_10_R 1 1.423e+04 3.227e+02 7.825e+02
|            ( - 8.875e+03 2 0 QUESTION0_11_R 1 1.297e+02 5.062e+02)
|            ( - 5.031e+03 12 0 QUESTION0_8_R 1 2.589e+02 2.762e+02))
|        ( QUESTION2_18_L -1 1.761e+04 3.942e+02 9.423e+02
|            ( SILENCE 1 6.296e+03 2.768e+02 3.495e+02
|                ( - 1.901e+03 1 0)
|                ( - 4.118e+03 19 0 QUESTION16 1 2.048e+02 2.441e+02))
|            ( QUESTION0_13_R 1 1.092e+04 2.595e+02 5.927e+02
|                ( - 5.007e+03 17 0 QUESTION0 -1 2.431e+02 2.845e+02)
|                ( QUESTION16 -1 5.656e+03 2.926e+02 3.082e+02
|                    ( - 1.672e+03 8 0 QUESTION0_8_R 1 1.761e+02 9.914e+01)
|                    ( - 3.692e+03 24 0 QUESTION2_4_L -1 2.327e+02 2.090e+02))))))
s>    ( WDBNDRY_I 0 5.007e+04 1.033e+03 2.683e+03
s>        ( - 1.659e+04 1 0)
s>        ( QUESTION1 -1 3.244e+04 6.019e+02 1.725e+03
s>            ( QUESTION0_10_R 1 1.423e+04 3.227e+02 7.825e+02
s>                ( - 8.875e+03 2 0 QUESTION0_11_R 1 1.297e+02 5.062e+02)
s>                ( - 5.031e+03 12 0 QUESTION0_8_R 1 2.589e+02 2.762e+02))
s>            ( QUESTION2_18_L -1 1.761e+04 3.942e+02 9.423e+02
s>                ( SILENCE 1 6.296e+03 2.768e+02 3.495e+02
s>                    ( - 1.901e+03 1 0)
s>                    ( - 4.118e+03 19 0 QUESTION16 1 2.048e+02 2.441e+02))
s>                ( QUESTION0_13_R 1 1.092e+04 2.595e+02 5.927e+02
s>                    ( - 5.007e+03 17 0 QUESTION0 -1 2.431e+02 2.845e+02)
s>                    ( QUESTION16 -1 5.656e+03 2.926e+02 3.082e+02
s>                        ( - 1.672e+03 8 0 QUESTION0_8_R 1 1.761e+02 9.914e+01)
s>                        ( - 3.692e+03 24 0 QUESTION2_4_L -1 2.327e+02 2.090e+02))))))INFO: dtree.c(1315): Comp split 1
INFO: dtree.c(1478): Final simple tree
|( QUESTION1 -1 3.244e+04 6.019e+02 1.725e+03
|    ( QUESTION0_10_R 1 1.423e+04 3.227e+02 7.825e+02
|        ( - 8.875e+03 2 0 QUESTION0_11_R 1 1.297e+02 5.062e+02)
|        ( QUESTION0_8_R 1 5.031e+03 2.589e+02 2.762e+02
|            ( - 5.855e+02 3 0 QUESTION0 1 1.142e+02 4.393e+01)
|            ( - 4.187e+03 9 0 QUESTION0_14_R 1 2.542e+02 2.323e+02)))
|    ( QUESTION2_18_L -1 1.761e+04 3.942e+02 9.423e+02
|        ( SILENCE 1 6.296e+03 2.768e+02 3.495e+02
|            ( - 1.901e+03 1 0)
|            ( - 4.118e+03 19 0 QUESTION16 1 2.048e+02 2.441e+02))
|        ( QUESTION0_13_R 1 1.092e+04 2.595e+02 5.927e+02
|            ( - 5.007e+03 17 0 QUESTION0 -1 2.431e+02 2.845e+02)
|            ( QUESTION16 -1 5.656e+03 2.926e+02 3.082e+02
|                ( - 1.672e+03 8 0 QUESTION0_8_R 1 1.761e+02 9.914e+01)
|                ( - 3.692e+03 24 0 QUESTION2_4_L -1 2.327e+02 2.090e+02)))))
s>    ( QUESTION1 -1 3.244e+04 6.019e+02 1.725e+03
s>        ( QUESTION0_10_R 1 1.423e+04 3.227e+02 7.825e+02
s>            ( - 8.875e+03 2 0 QUESTION0_11_R 1 1.297e+02 5.062e+02)
s>            ( QUESTION0_8_R 1 5.031e+03 2.589e+02 2.762e+02
s>                ( - 5.855e+02 3 0 QUESTION0 1 1.142e+02 4.393e+01)
s>                ( - 4.187e+03 9 0 QUESTION0_14_R 1 2.542e+02 2.323e+02)))
s>        ( QUESTION2_18_L -1 1.761e+04 3.942e+02 9.423e+02
s>            ( SILENCE 1 6.296e+03 2.768e+02 3.495e+02
s>                ( - 1.901e+03 1 0)
s>                ( - 4.118e+03 19 0 QUESTION16 1 2.048e+02 2.441e+02))
s>            ( QUESTION0_13_R 1 1.092e+04 2.595e+02 5.927e+02
s>                ( - 5.007e+03 17 0 QUESTION0 -1 2.431e+02 2.845e+02)
s>                ( QUESTION16 -1 5.656e+03 2.926e+02 3.082e+02
s>                    ( - 1.672e+03 8 0 QUESTION0_8_R 1 1.761e+02 9.914e+01)
s>                    ( - 3.692e+03 24 0 QUESTION2_4_L -1 2.327e+02 2.090e+02)))))INFO: dtree.c(1315): Comp split 2
INFO: dtree.c(1478): Final simple tree
|( WDBNDRY_E 0 9.074e+03 3.515e+02 4.926e+02
|    ( SILENCE 1 6.296e+03 2.768e+02 3.495e+02
|        ( - 1.901e+03 1 0)
|        ( QUESTION16 1 4.118e+03 2.048e+02 2.441e+02
|            ( - 1.159e+03 3 0 QUESTION0_14_R 1 8.297e+01 7.693e+01)
|            ( QUESTION10 1 2.755e+03 1.940e+02 1.672e+02
|                ( - 5.468e+02 4 0 QUESTION11 1 9.430e+01 3.768e+01)
|                ( QUESTION0_8_R 1 2.014e+03 1.352e+02 1.295e+02
|                    ( - 8.408e+02 6 0 QUESTION1 1 1.063e+02 5.987e+01)
|                    ( - 1.038e+03 6 0 QUESTION0_10_R 1 1.230e+02 6.963e+01)))))
|    ( QUESTION4 1 2.427e+03 1.973e+02 1.431e+02
|        ( QUESTION0 -1 7.474e+02 1.360e+02 4.623e+01
|            ( - 1.755e+02 1 0)
|            ( - 4.359e+02 2 0 QUESTION2_9_L -1 5.497e+01 2.931e+01))
|        ( - 1.482e+03 8 0 QUESTION0_9_R 1 1.258e+02 9.683e+01)))
s>    ( WDBNDRY_E 0 9.074e+03 3.515e+02 4.926e+02
s>        ( SILENCE 1 6.296e+03 2.768e+02 3.495e+02
s>            ( - 1.901e+03 1 0)
s>            ( QUESTION16 1 4.118e+03 2.048e+02 2.441e+02
s>                ( - 1.159e+03 3 0 QUESTION0_14_R 1 8.297e+01 7.693e+01)
s>                ( QUESTION10 1 2.755e+03 1.940e+02 1.672e+02
s>                    ( - 5.468e+02 4 0 QUESTION11 1 9.430e+01 3.768e+01)
s>                    ( QUESTION0_8_R 1 2.014e+03 1.352e+02 1.295e+02
s>                        ( - 8.408e+02 6 0 QUESTION1 1 1.063e+02 5.987e+01)
s>                        ( - 1.038e+03 6 0 QUESTION0_10_R 1 1.230e+02 6.963e+01)))))
s>        ( QUESTION4 1 2.427e+03 1.973e+02 1.431e+02
s>            ( QUESTION0 -1 7.474e+02 1.360e+02 4.623e+01
s>                ( - 1.755e+02 1 0)
s>                ( - 4.359e+02 2 0 QUESTION2_9_L -1 5.497e+01 2.931e+01))
s>            ( - 1.482e+03 8 0 QUESTION0_9_R 1 1.258e+02 9.683e+01)))INFO: dtree.c(1478): Final simple tree
|( QUESTION0_10_R 1 2.274e+04 4.368e+02 1.232e+03
|    ( QUESTION1 -1 9.991e+03 2.313e+02 5.619e+02
|        ( - 8.875e+03 2 0 QUESTION0_11_R 1 1.297e+02 5.062e+02)
|        ( - 8.841e+02 9 0 QUESTION2_2_L -1 1.118e+02 5.570e+01))
|    ( QUESTION2 -1 1.231e+04 2.979e+02 6.702e+02
|        ( QUESTION16 1 2.704e+03 1.817e+02 1.550e+02
|            ( - 1.484e+03 3 0 QUESTION2_0_L -1 1.073e+02 8.778e+01)
|            ( - 1.038e+03 8 0 QUESTION5 1 1.284e+02 6.718e+01))
|        ( QUESTION0 -1 9.308e+03 2.763e+02 5.152e+02
|            ( QUESTION0_14_R 1 4.187e+03 2.542e+02 2.323e+02
|                ( - 2.242e+03 2 0)
|                ( - 1.690e+03 7 0 QUESTION3 1 1.535e+02 1.023e+02))
|            ( QUESTION4 -1 4.845e+03 2.079e+02 2.829e+02
|                ( - 2.514e+03 11 0 QUESTION4 1 1.625e+02 1.475e+02)
|                ( - 2.124e+03 10 0 QUESTION16 1 1.815e+02 1.354e+02)))))
s>    ( QUESTION0_10_R 1 2.274e+04 4.368e+02 1.232e+03
s>        ( QUESTION1 -1 9.991e+03 2.313e+02 5.619e+02
s>            ( - 8.875e+03 2 0 QUESTION0_11_R 1 1.297e+02 5.062e+02)
s>            ( - 8.841e+02 9 0 QUESTION2_2_L -1 1.118e+02 5.570e+01))
s>        ( QUESTION2 -1 1.231e+04 2.979e+02 6.702e+02
s>            ( QUESTION16 1 2.704e+03 1.817e+02 1.550e+02
s>                ( - 1.484e+03 3 0 QUESTION2_0_L -1 1.073e+02 8.778e+01)
s>                ( - 1.038e+03 8 0 QUESTION5 1 1.284e+02 6.718e+01))
s>            ( QUESTION0 -1 9.308e+03 2.763e+02 5.152e+02
s>                ( QUESTION0_14_R 1 4.187e+03 2.542e+02 2.323e+02
s>                    ( - 2.242e+03 2 0)
s>                    ( - 1.690e+03 7 0 QUESTION3 1 1.535e+02 1.023e+02))
s>                ( QUESTION4 -1 4.845e+03 2.079e+02 2.829e+02
s>                    ( - 2.514e+03 11 0 QUESTION4 1 1.625e+02 1.475e+02)
s>                    ( - 2.124e+03 10 0 QUESTION16 1 1.815e+02 1.354e+02)))))INFO: dtree.c(1315): Comp split 3
INFO: dtree.c(1478): Final simple tree
|( QUESTION1 -1 9.056e+03 2.512e+02 5.007e+02
|    ( - 2.242e+03 2 0)
|    ( QUESTION0 -1 6.563e+03 2.346e+02 3.707e+02
|        ( - 1.484e+03 3 0 QUESTION2_0_L -1 1.073e+02 8.778e+01)
|        ( QUESTION4 -1 4.845e+03 2.079e+02 2.829e+02
|            ( QUESTION4 1 2.514e+03 1.625e+02 1.475e+02
|                ( - 5.954e+02 3 0 QUESTION0_8_R 1 9.907e+01 4.504e+01)
|                ( QUESTION2_1_L -1 1.756e+03 1.456e+02 1.024e+02
|                    ( - 7.821e+02 4 0 QUESTION0_9_R 1 1.099e+02 5.083e+01)
|                    ( - 8.280e+02 4 0 QUESTION0_7_R 1 1.100e+02 5.160e+01)))
|            ( QUESTION16 1 2.124e+03 1.815e+02 1.354e+02
|                ( - 1.019e+03 3 0 QUESTION16 -1 1.004e+02 7.034e+01)
|                ( QUESTION2_2_L -1 9.234e+02 1.294e+02 6.508e+01
|                    ( - 4.599e+02 4 0 SILENCE 1 1.089e+02 3.608e+01)
|                    ( - 3.341e+02 3 0 QUESTION0_15_R 1 7.175e+01 2.900e+01))))))
s>    ( QUESTION1 -1 9.056e+03 2.512e+02 5.007e+02
s>        ( - 2.242e+03 2 0)
s>        ( QUESTION0 -1 6.563e+03 2.346e+02 3.707e+02
s>            ( - 1.484e+03 3 0 QUESTION2_0_L -1 1.073e+02 8.778e+01)
s>            ( QUESTION4 -1 4.845e+03 2.079e+02 2.829e+02
s>                ( QUESTION4 1 2.514e+03 1.625e+02 1.475e+02
s>                    ( - 5.954e+02 3 0 QUESTION0_8_R 1 9.907e+01 4.504e+01)
s>                    ( QUESTION2_1_L -1 1.756e+03 1.456e+02 1.024e+02
s>                        ( - 7.821e+02 4 0 QUESTION0_9_R 1 1.099e+02 5.083e+01)
s>                        ( - 8.280e+02 4 0 QUESTION0_7_R 1 1.100e+02 5.160e+01)))
s>                ( QUESTION16 1 2.124e+03 1.815e+02 1.354e+02
s>                    ( - 1.019e+03 3 0 QUESTION16 -1 1.004e+02 7.034e+01)
s>                    ( QUESTION2_2_L -1 9.234e+02 1.294e+02 6.508e+01
s>                        ( - 4.599e+02 4 0 SILENCE 1 1.089e+02 3.608e+01)
s>                        ( - 3.341e+02 3 0 QUESTION0_15_R 1 7.175e+01 2.900e+01))))))INFO: dtree.c(1478): Final simple tree
|( QUESTION0_10_R 1 1.322e+04 3.218e+02 7.314e+02
|    ( QUESTION1 -1 9.991e+03 2.313e+02 5.619e+02
|        ( QUESTION0_11_R 1 8.875e+03 1.297e+02 5.062e+02
|            ( - 1.535e+02 1 0)
|            ( - 8.592e+03 1 0))
|        ( QUESTION2_2_L -1 8.841e+02 1.118e+02 5.570e+01
|            ( - 4.367e+02 4 0 QUESTION0 -1 7.426e+01 3.170e+01)
|            ( - 3.356e+02 5 0 QUESTION8 1 6.848e+01 2.400e+01)))
|    ( QUESTION0_15_R 1 2.912e+03 2.076e+02 1.694e+02
|        ( QUESTION0_17_R 1 1.213e+03 1.220e+02 7.926e+01
|            ( - 6.473e+02 2 0 QUESTION0_18_R 1 1.013e+02 4.526e+01)
|            ( - 4.438e+02 4 0 QUESTION1 -1 8.361e+01 3.400e+01))
|        ( QUESTION1 -1 1.491e+03 1.255e+02 9.018e+01
|            ( - 6.050e+02 3 0 SILENCE 1 8.650e+01 3.900e+01)
|            ( - 7.603e+02 6 0 QUESTION0 1 1.107e+02 5.118e+01))))
s>    ( QUESTION0_10_R 1 1.322e+04 3.218e+02 7.314e+02
s>        ( QUESTION1 -1 9.991e+03 2.313e+02 5.619e+02
s>            ( QUESTION0_11_R 1 8.875e+03 1.297e+02 5.062e+02
s>                ( - 1.535e+02 1 0)
s>                ( - 8.592e+03 1 0))
s>            ( QUESTION2_2_L -1 8.841e+02 1.118e+02 5.570e+01
s>                ( - 4.367e+02 4 0 QUESTION0 -1 7.426e+01 3.170e+01)
s>                ( - 3.356e+02 5 0 QUESTION8 1 6.848e+01 2.400e+01)))
s>        ( QUESTION0_15_R 1 2.912e+03 2.076e+02 1.694e+02
s>            ( QUESTION0_17_R 1 1.213e+03 1.220e+02 7.926e+01
s>                ( - 6.473e+02 2 0 QUESTION0_18_R 1 1.013e+02 4.526e+01)
s>                ( - 4.438e+02 4 0 QUESTION1 -1 8.361e+01 3.400e+01))
s>            ( QUESTION1 -1 1.491e+03 1.255e+02 9.018e+01
s>                ( - 6.050e+02 3 0 SILENCE 1 8.650e+01 3.900e+01)
s>                ( - 7.603e+02 6 0 QUESTION0 1 1.107e+02 5.118e+01))))INFO: dtree.c(1315): Comp split 4
INFO: dtree.c(1439): stop. leaf nodes are specific
INFO: dtree.c(1478): Final simple tree
|( QUESTION0_10_R 1 9.182e+03 1.462e+02 5.273e+02
|    ( - 8.592e+03 1 0)
|    ( QUESTION1 -1 4.438e+02 8.361e+01 3.400e+01
|        ( - 1.814e+02 2 0)
|        ( WDBNDRY_E 0 1.789e+02 5.210e+01 1.600e+01
|            ( - 6.444e+01 1 0)
|            ( - 6.231e+01 1 0))))
s>    ( QUESTION0_10_R 1 9.182e+03 1.462e+02 5.273e+02
s>        ( - 8.592e+03 1 0)
s>        ( QUESTION1 -1 4.438e+02 8.361e+01 3.400e+01
s>            ( - 1.814e+02 2 0)
s>            ( WDBNDRY_E 0 1.789e+02 5.210e+01 1.600e+01
s>                ( - 6.444e+01 1 0)
s>                ( - 6.231e+01 1 0))))INFO: dtree.c(1478): Final simple tree
|( QUESTION0_10_R 1 3.656e+03 2.095e+02 2.041e+02
|    ( QUESTION2_3_L -1 1.135e+03 1.380e+02 6.868e+01
|        ( - 4.263e+02 3 0 QUESTION1 -1 6.889e+01 3.068e+01)
|        ( QUESTION5 -1 5.712e+02 8.670e+01 3.800e+01
|            ( - 2.207e+02 3 0 QUESTION0_11_R 1 4.180e+01 1.800e+01)
|            ( - 2.637e+02 4 0 QUESTION8 1 5.896e+01 2.000e+01)))
|    ( QUESTION0_15_R 1 2.311e+03 1.725e+02 1.354e+02
|        ( QUESTION0_18_R 1 6.473e+02 1.013e+02 4.526e+01
|            ( - 2.052e+02 1 0)
|            ( - 3.409e+02 1 0))
|        ( QUESTION1 -1 1.491e+03 1.255e+02 9.018e+01
|            ( - 6.050e+02 3 0 SILENCE 1 8.650e+01 3.900e+01)
|            ( QUESTION0 1 7.603e+02 1.107e+02 5.118e+01
|                ( - 3.411e+02 3 0 QUESTION0_1_R 1 6.463e+01 2.500e+01)
|                ( - 3.084e+02 3 0 QUESTION0_8_R 1 5.522e+01 2.618e+01)))))
s>    ( QUESTION0_10_R 1 3.656e+03 2.095e+02 2.041e+02
s>        ( QUESTION2_3_L -1 1.135e+03 1.380e+02 6.868e+01
s>            ( - 4.263e+02 3 0 QUESTION1 -1 6.889e+01 3.068e+01)
s>            ( QUESTION5 -1 5.712e+02 8.670e+01 3.800e+01
s>                ( - 2.207e+02 3 0 QUESTION0_11_R 1 4.180e+01 1.800e+01)
s>                ( - 2.637e+02 4 0 QUESTION8 1 5.896e+01 2.000e+01)))
s>        ( QUESTION0_15_R 1 2.311e+03 1.725e+02 1.354e+02
s>            ( QUESTION0_18_R 1 6.473e+02 1.013e+02 4.526e+01
s>                ( - 2.052e+02 1 0)
s>                ( - 3.409e+02 1 0))
s>            ( QUESTION1 -1 1.491e+03 1.255e+02 9.018e+01
s>                ( - 6.050e+02 3 0 SILENCE 1 8.650e+01 3.900e+01)
s>                ( QUESTION0 1 7.603e+02 1.107e+02 5.118e+01
s>                    ( - 3.411e+02 3 0 QUESTION0_1_R 1 6.463e+01 2.500e+01)
s>                    ( - 3.084e+02 3 0 QUESTION0_8_R 1 5.522e+01 2.618e+01)))))INFO: dtree.c(1315): Comp split 5
INFO: dtree.c(1478): Final simple tree
|( WDBNDRY_E 0 4.389e+03 2.731e+02 2.556e+02
|    ( QUESTION0_8_R 1 2.014e+03 1.352e+02 1.295e+02
|        ( - 8.408e+02 6 0 QUESTION1 1 1.063e+02 5.987e+01)
|        ( QUESTION0_10_R 1 1.038e+03 1.230e+02 6.963e+01
|            ( - 2.209e+02 2 0 QUESTION0_11_R 1 2.267e+01 1.900e+01)
|            ( - 6.942e+02 4 0 QUESTION0_18_R 1 9.438e+01 5.063e+01)))
|    ( QUESTION4 1 2.102e+03 1.838e+02 1.261e+02
|        ( - 4.359e+02 2 0 QUESTION2_9_L -1 5.497e+01 2.931e+01)
|        ( QUESTION0_9_R 1 1.482e+03 1.258e+02 9.683e+01
|            ( - 3.674e+02 3 0 QUESTION0_11_R 1 7.473e+01 2.694e+01)
|            ( QUESTION0_0_R 1 9.891e+02 1.118e+02 6.989e+01
|                ( - 3.175e+02 1 0)
|                ( QUESTION2 1 5.598e+02 1.097e+02 4.300e+01
|                    ( - 2.516e+02 2 0 QUESTION0 -1 7.850e+01 2.300e+01)
|                    ( - 1.984e+02 2 0 SILENCE 1 3.142e+01 2.000e+01))))))
s>    ( WDBNDRY_E 0 4.389e+03 2.731e+02 2.556e+02
s>        ( QUESTION0_8_R 1 2.014e+03 1.352e+02 1.295e+02
s>            ( - 8.408e+02 6 0 QUESTION1 1 1.063e+02 5.987e+01)
s>            ( QUESTION0_10_R 1 1.038e+03 1.230e+02 6.963e+01
s>                ( - 2.209e+02 2 0 QUESTION0_11_R 1 2.267e+01 1.900e+01)
s>                ( - 6.942e+02 4 0 QUESTION0_18_R 1 9.438e+01 5.063e+01)))
s>        ( QUESTION4 1 2.102e+03 1.838e+02 1.261e+02
s>            ( - 4.359e+02 2 0 QUESTION2_9_L -1 5.497e+01 2.931e+01)
s>            ( QUESTION0_9_R 1 1.482e+03 1.258e+02 9.683e+01
s>                ( - 3.674e+02 3 0 QUESTION0_11_R 1 7.473e+01 2.694e+01)
s>                ( QUESTION0_0_R 1 9.891e+02 1.118e+02 6.989e+01
s>                    ( - 3.175e+02 1 0)
s>                    ( QUESTION2 1 5.598e+02 1.097e+02 4.300e+01
s>                        ( - 2.516e+02 2 0 QUESTION0 -1 7.850e+01 2.300e+01)
s>                        ( - 1.984e+02 2 0 SILENCE 1 3.142e+01 2.000e+01))))))INFO: dtree.c(1478): Final simple tree
|( SILENCE 1 4.314e+03 2.506e+02 2.370e+02
|    ( - 1.901e+03 1 0)
|    ( QUESTION16 1 2.163e+03 1.859e+02 1.315e+02
|        ( QUESTION0_14_R 1 1.159e+03 8.297e+01 7.693e+01
|            ( - 8.919e+02 1 0)
|            ( - 1.837e+02 2 0 QUESTION0_0_R 1 4.520e+01 1.686e+01))
|        ( QUESTION0_13_R 1 8.181e+02 1.278e+02 5.461e+01
|            ( QUESTION0_19_R 1 3.505e+02 6.786e+01 2.600e+01
|                ( - 1.062e+02 1 0)
|                ( QUESTION0_14_R 1 1.764e+02 4.979e+01 1.600e+01
|                    ( - 8.203e+01 1 0)
|                    ( - 4.458e+01 1 0)))
|            ( WDBNDRY_E 0 3.399e+02 5.612e+01 2.861e+01
|                ( - 1.083e+02 1 0)
|                ( - 1.755e+02 1 0)))))
s>    ( SILENCE 1 4.314e+03 2.506e+02 2.370e+02
s>        ( - 1.901e+03 1 0)
s>        ( QUESTION16 1 2.163e+03 1.859e+02 1.315e+02
s>            ( QUESTION0_14_R 1 1.159e+03 8.297e+01 7.693e+01
s>                ( - 8.919e+02 1 0)
s>                ( - 1.837e+02 2 0 QUESTION0_0_R 1 4.520e+01 1.686e+01))
s>            ( QUESTION0_13_R 1 8.181e+02 1.278e+02 5.461e+01
s>                ( QUESTION0_19_R 1 3.505e+02 6.786e+01 2.600e+01
s>                    ( - 1.062e+02 1 0)
s>                    ( QUESTION0_14_R 1 1.764e+02 4.979e+01 1.600e+01
s>                        ( - 8.203e+01 1 0)
s>                        ( - 4.458e+01 1 0)))
s>                ( WDBNDRY_E 0 3.399e+02 5.612e+01 2.861e+01
s>                    ( - 1.083e+02 1 0)
s>                    ( - 1.755e+02 1 0)))))INFO: dtree.c(1315): Comp split 6
INFO: dtree.c(1478): Final simple tree
|( QUESTION2_2_L -1 2.189e+03 1.411e+02 1.444e+02
|    ( QUESTION16 -1 1.395e+03 1.048e+02 9.438e+01
|        ( - 7.053e+02 1 0)
|        ( QUESTION0_8_R 1 5.854e+02 8.654e+01 4.220e+01
|            ( - 3.375e+02 1 0)
|            ( - 1.613e+02 1 0)))
|    ( QUESTION0_15_R 1 6.527e+02 1.195e+02 5.000e+01
|        ( SILENCE -1 2.173e+02 6.690e+01 2.400e+01
|            ( - 5.195e+01 1 0)
|            ( - 9.848e+01 1 0))
|        ( QUESTION0 1 3.159e+02 5.327e+01 2.600e+01
|            ( - 1.112e+02 1 0)
|            ( QUESTION0_9_R 1 1.514e+02 3.616e+01 1.400e+01
|                ( - 6.145e+01 1 0)
|                ( - 5.381e+01 2 0 SILENCE -1 2.187e+01 6.000e+00)))))
s>    ( QUESTION2_2_L -1 2.189e+03 1.411e+02 1.444e+02
s>        ( QUESTION16 -1 1.395e+03 1.048e+02 9.438e+01
s>            ( - 7.053e+02 1 0)
s>            ( QUESTION0_8_R 1 5.854e+02 8.654e+01 4.220e+01
s>                ( - 3.375e+02 1 0)
s>                ( - 1.613e+02 1 0)))
s>        ( QUESTION0_15_R 1 6.527e+02 1.195e+02 5.000e+01
s>            ( SILENCE -1 2.173e+02 6.690e+01 2.400e+01
s>                ( - 5.195e+01 1 0)
s>                ( - 9.848e+01 1 0))
s>            ( QUESTION0 1 3.159e+02 5.327e+01 2.600e+01
s>                ( - 1.112e+02 1 0)
s>                ( QUESTION0_9_R 1 1.514e+02 3.616e+01 1.400e+01
s>                    ( - 6.145e+01 1 0)
s>                    ( - 5.381e+01 2 0 SILENCE -1 2.187e+01 6.000e+00)))))INFO: dtree.c(1478): Final simple tree
|( QUESTION1 -1 6.571e+03 2.578e+02 3.563e+02
|    ( - 2.242e+03 2 0)
|    ( QUESTION4 -1 4.071e+03 2.203e+02 2.263e+02
|        ( QUESTION2_1_L -1 1.756e+03 1.456e+02 1.024e+02
|            ( QUESTION0_9_R 1 7.821e+02 1.099e+02 5.083e+01
|                ( - 4.350e+02 2 0)
|                ( - 2.372e+02 2 0 QUESTION0_0_R 1 5.765e+01 2.100e+01))
|            ( QUESTION0_7_R 1 8.280e+02 1.100e+02 5.160e+01
|                ( - 5.425e+02 2 0 QUESTION0_8_R 1 8.627e+01 3.849e+01)
|                ( - 1.755e+02 2 0 SILENCE 1 4.667e+01 1.311e+01)))
|        ( QUESTION2_3_L -1 2.095e+03 1.756e+02 1.239e+02
|            ( - 1.326e+03 2 0)
|            ( SILENCE 1 5.937e+02 1.149e+02 4.279e+01
|                ( - 1.267e+02 1 0)
|                ( - 3.520e+02 4 0 QUESTION0_15_R 1 8.404e+01 2.779e+01)))))
s>    ( QUESTION1 -1 6.571e+03 2.578e+02 3.563e+02
s>        ( - 2.242e+03 2 0)
s>        ( QUESTION4 -1 4.071e+03 2.203e+02 2.263e+02
s>            ( QUESTION2_1_L -1 1.756e+03 1.456e+02 1.024e+02
s>                ( QUESTION0_9_R 1 7.821e+02 1.099e+02 5.083e+01
s>                    ( - 4.350e+02 2 0)
s>                    ( - 2.372e+02 2 0 QUESTION0_0_R 1 5.765e+01 2.100e+01))
s>                ( QUESTION0_7_R 1 8.280e+02 1.100e+02 5.160e+01
s>                    ( - 5.425e+02 2 0 QUESTION0_8_R 1 8.627e+01 3.849e+01)
s>                    ( - 1.755e+02 2 0 SILENCE 1 4.667e+01 1.311e+01)))
s>            ( QUESTION2_3_L -1 2.095e+03 1.756e+02 1.239e+02
s>                ( - 1.326e+03 2 0)
s>                ( SILENCE 1 5.937e+02 1.149e+02 4.279e+01
s>                    ( - 1.267e+02 1 0)
s>                    ( - 3.520e+02 4 0 QUESTION0_15_R 1 8.404e+01 2.779e+01)))))INFO: dtree.c(1315): Comp split 7
INFO: dtree.c(1439): stop. leaf nodes are specific
INFO: dtree.c(1478): Final simple tree
|( QUESTION4 -1 2.655e+03 2.032e+02 1.556e+02
|    ( QUESTION0_8_R 1 8.720e+02 1.014e+02 5.949e+01
|        ( QUESTION2_1_L -1 3.302e+02 7.856e+01 2.700e+01
|            ( - 7.507e+01 1 0)
|            ( - 1.765e+02 1 0))
|        ( QUESTION0_0_R 1 4.404e+02 5.622e+01 3.249e+01
|            ( - 1.045e+02 1 0)
|            ( - 2.797e+02 1 0)))
|    ( SILENCE 1 1.580e+03 1.274e+02 9.607e+01
|        ( - 1.267e+02 1 0)
|        ( - 1.326e+03 2 0)))
s>    ( QUESTION4 -1 2.655e+03 2.032e+02 1.556e+02
s>        ( QUESTION0_8_R 1 8.720e+02 1.014e+02 5.949e+01
s>            ( QUESTION2_1_L -1 3.302e+02 7.856e+01 2.700e+01
s>                ( - 7.507e+01 1 0)
s>                ( - 1.765e+02 1 0))
s>            ( QUESTION0_0_R 1 4.404e+02 5.622e+01 3.249e+01
s>                ( - 1.045e+02 1 0)
s>                ( - 2.797e+02 1 0)))
s>        ( SILENCE 1 1.580e+03 1.274e+02 9.607e+01
s>            ( - 1.267e+02 1 0)
s>            ( - 1.326e+03 2 0)))INFO: dtree.c(1478): Final simple tree
|( QUESTION0 -1 3.618e+03 2.020e+02 2.008e+02
|    ( QUESTION1 -1 2.388e+03 9.537e+01 1.368e+02
|        ( - 2.242e+03 2 0)
|        ( - 5.054e+01 1 0))
|    ( QUESTION0_14_R 1 1.028e+03 1.071e+02 6.402e+01
|        ( - 4.350e+02 2 0)
|        ( QUESTION0_19_R 1 4.864e+02 8.900e+01 3.419e+01
|            ( - 4.240e+01 1 0)
|            ( QUESTION0 1 3.550e+02 7.298e+01 2.519e+01
|                ( QUESTION0_0_R 1 1.610e+02 4.594e+01 1.511e+01
|                    ( - 6.500e+01 1 0)
|                    ( - 5.002e+01 1 0))
|                ( SILENCE 1 1.210e+02 3.088e+01 1.008e+01
|                    ( - 6.383e+01 1 0)
|                    ( - 2.632e+01 1 0))))))
s>    ( QUESTION0 -1 3.618e+03 2.020e+02 2.008e+02
s>        ( QUESTION1 -1 2.388e+03 9.537e+01 1.368e+02
s>            ( - 2.242e+03 2 0)
s>            ( - 5.054e+01 1 0))
s>        ( QUESTION0_14_R 1 1.028e+03 1.071e+02 6.402e+01
s>            ( - 4.350e+02 2 0)
s>            ( QUESTION0_19_R 1 4.864e+02 8.900e+01 3.419e+01
s>                ( - 4.240e+01 1 0)
s>                ( QUESTION0 1 3.550e+02 7.298e+01 2.519e+01
s>                    ( QUESTION0_0_R 1 1.610e+02 4.594e+01 1.511e+01
s>                        ( - 6.500e+01 1 0)
s>                        ( - 5.002e+01 1 0))
s>                    ( SILENCE 1 1.210e+02 3.088e+01 1.008e+01
s>                        ( - 6.383e+01 1 0)
s>                        ( - 2.632e+01 1 0))))))INFO: dtree.c(1315): Comp split 8
INFO: dtree.c(1478): Final simple tree
|( QUESTION0_9_R 1 1.482e+03 1.258e+02 9.683e+01
|    ( QUESTION0_11_R 1 3.674e+02 7.473e+01 2.694e+01
|        ( QUESTION0_12_R 1 1.281e+02 3.616e+01 1.200e+01
|            ( - 7.277e+01 1 0)
|            ( - 1.916e+01 1 0))
|        ( - 1.646e+02 1 0))
|    ( QUESTION0_0_R 1 9.891e+02 1.118e+02 6.989e+01
|        ( - 3.175e+02 1 0)
|        ( QUESTION2 1 5.598e+02 1.097e+02 4.300e+01
|            ( QUESTION0 -1 2.516e+02 7.850e+01 2.300e+01
|                ( - 1.065e+02 1 0)
|                ( - 6.664e+01 1 0))
|            ( SILENCE 1 1.984e+02 3.142e+01 2.000e+01
|                ( - 6.034e+01 1 0)
|                ( - 1.066e+02 1 0)))))
s>    ( QUESTION0_9_R 1 1.482e+03 1.258e+02 9.683e+01
s>        ( QUESTION0_11_R 1 3.674e+02 7.473e+01 2.694e+01
s>            ( QUESTION0_12_R 1 1.281e+02 3.616e+01 1.200e+01
s>                ( - 7.277e+01 1 0)
s>                ( - 1.916e+01 1 0))
s>            ( - 1.646e+02 1 0))
s>        ( QUESTION0_0_R 1 9.891e+02 1.118e+02 6.989e+01
s>            ( - 3.175e+02 1 0)
s>            ( QUESTION2 1 5.598e+02 1.097e+02 4.300e+01
s>                ( QUESTION0 -1 2.516e+02 7.850e+01 2.300e+01
s>                    ( - 1.065e+02 1 0)
s>                    ( - 6.664e+01 1 0))
s>                ( SILENCE 1 1.984e+02 3.142e+01 2.000e+01
s>                    ( - 6.034e+01 1 0)
s>                    ( - 1.066e+02 1 0)))))INFO: dtree.c(1478): Final simple tree
|( WDBNDRY_E 0 2.629e+03 1.795e+02 1.588e+02
|    ( QUESTION0_8_R 1 2.014e+03 1.352e+02 1.295e+02
|        ( QUESTION1 1 8.408e+02 1.063e+02 5.987e+01
|            ( - 3.558e+02 2 0)
|            ( QUESTION0 1 3.787e+02 6.313e+01 3.394e+01
|                ( - 2.147e+02 3 0)
|                ( - 1.009e+02 1 0)))
|        ( QUESTION0_10_R 1 1.038e+03 1.230e+02 6.963e+01
|            ( - 2.209e+02 2 0 QUESTION0_11_R 1 2.267e+01 1.900e+01)
|            ( QUESTION0_18_R 1 6.942e+02 9.438e+01 5.063e+01
|                ( - 3.791e+02 1 0)
|                ( - 2.207e+02 3 0 QUESTION0_0_R 1 4.498e+01 1.875e+01))))
|    ( QUESTION2_9_L -1 4.359e+02 5.497e+01 2.931e+01
|        ( - 5.700e+01 1 0)
|        ( - 3.239e+02 1 0)))
s>    ( WDBNDRY_E 0 2.629e+03 1.795e+02 1.588e+02
s>        ( QUESTION0_8_R 1 2.014e+03 1.352e+02 1.295e+02
s>            ( QUESTION1 1 8.408e+02 1.063e+02 5.987e+01
s>                ( - 3.558e+02 2 0)
s>                ( QUESTION0 1 3.787e+02 6.313e+01 3.394e+01
s>                    ( - 2.147e+02 3 0)
s>                    ( - 1.009e+02 1 0)))
s>            ( QUESTION0_10_R 1 1.038e+03 1.230e+02 6.963e+01
s>                ( - 2.209e+02 2 0 QUESTION0_11_R 1 2.267e+01 1.900e+01)
s>                ( QUESTION0_18_R 1 6.942e+02 9.438e+01 5.063e+01
s>                    ( - 3.791e+02 1 0)
s>                    ( - 2.207e+02 3 0 QUESTION0_0_R 1 4.498e+01 1.875e+01))))
s>        ( QUESTION2_9_L -1 4.359e+02 5.497e+01 2.931e+01
s>            ( - 5.700e+01 1 0)
s>            ( - 3.239e+02 1 0)))INFO: dtree.c(1315): Comp split 9
INFO: dtree.c(1478): Final simple tree
|( QUESTION16 1 2.163e+03 1.859e+02 1.315e+02
|    ( QUESTION0_14_R 1 1.159e+03 8.297e+01 7.693e+01
|        ( - 8.919e+02 1 0)
|        ( QUESTION0_0_R 1 1.837e+02 4.520e+01 1.686e+01
|            ( - 5.396e+01 1 0)
|            ( - 8.453e+01 1 0)))
|    ( QUESTION0_13_R 1 8.181e+02 1.278e+02 5.461e+01
|        ( QUESTION0_19_R 1 3.505e+02 6.786e+01 2.600e+01
|            ( - 1.062e+02 1 0)
|            ( QUESTION0_14_R 1 1.764e+02 4.979e+01 1.600e+01
|                ( - 8.203e+01 1 0)
|                ( - 4.458e+01 1 0)))
|        ( WDBNDRY_E 0 3.399e+02 5.612e+01 2.861e+01
|            ( - 1.083e+02 1 0)
|            ( - 1.755e+02 1 0))))
s>    ( QUESTION16 1 2.163e+03 1.859e+02 1.315e+02
s>        ( QUESTION0_14_R 1 1.159e+03 8.297e+01 7.693e+01
s>            ( - 8.919e+02 1 0)
s>            ( QUESTION0_0_R 1 1.837e+02 4.520e+01 1.686e+01
s>                ( - 5.396e+01 1 0)
s>                ( - 8.453e+01 1 0)))
s>        ( QUESTION0_13_R 1 8.181e+02 1.278e+02 5.461e+01
s>            ( QUESTION0_19_R 1 3.505e+02 6.786e+01 2.600e+01
s>                ( - 1.062e+02 1 0)
s>                ( QUESTION0_14_R 1 1.764e+02 4.979e+01 1.600e+01
s>                    ( - 8.203e+01 1 0)
s>                    ( - 4.458e+01 1 0)))
s>            ( WDBNDRY_E 0 3.399e+02 5.612e+01 2.861e+01
s>                ( - 1.083e+02 1 0)
s>                ( - 1.755e+02 1 0))))INFO: dtree.c(1315): Comp split 10
INFO: dtree.c(1478): Final simple tree
|( QUESTION2 -1 1.272e+03 1.321e+02 7.568e+01
|    ( QUESTION0_1_R 1 7.611e+02 9.676e+01 4.970e+01
|        ( - 1.736e+02 1 0)
|        ( QUESTION0_12_R 1 4.907e+02 8.025e+01 3.370e+01
|            ( - 1.213e+02 1 0)
|            ( QUESTION0_11_R 1 2.892e+02 5.019e+01 2.200e+01
|                ( - 6.153e+01 1 0)
|                ( QUESTION0_0_R 1 1.775e+02 3.621e+01 1.500e+01
|                    ( - 3.811e+01 1 0)
|                    ( - 1.031e+02 2 0 WDBNDRY_E 0 2.532e+01 1.000e+01)))))
|    ( QUESTION0 -1 3.791e+02 7.590e+01 2.598e+01
|        ( - 1.535e+02 1 0)
|        ( QUESTION0_12_R 1 1.498e+02 4.018e+01 1.300e+01
|            ( - 4.769e+01 1 0)
|            ( - 6.190e+01 2 0 SILENCE -1 2.299e+01 7.000e+00))))
s>    ( QUESTION2 -1 1.272e+03 1.321e+02 7.568e+01
s>        ( QUESTION0_1_R 1 7.611e+02 9.676e+01 4.970e+01
s>            ( - 1.736e+02 1 0)
s>            ( QUESTION0_12_R 1 4.907e+02 8.025e+01 3.370e+01
s>                ( - 1.213e+02 1 0)
s>                ( QUESTION0_11_R 1 2.892e+02 5.019e+01 2.200e+01
s>                    ( - 6.153e+01 1 0)
s>                    ( QUESTION0_0_R 1 1.775e+02 3.621e+01 1.500e+01
s>                        ( - 3.811e+01 1 0)
s>                        ( - 1.031e+02 2 0 WDBNDRY_E 0 2.532e+01 1.000e+01)))))
s>        ( QUESTION0 -1 3.791e+02 7.590e+01 2.598e+01
s>            ( - 1.535e+02 1 0)
s>            ( QUESTION0_12_R 1 1.498e+02 4.018e+01 1.300e+01
s>                ( - 4.769e+01 1 0)
s>                ( - 6.190e+01 2 0 SILENCE -1 2.299e+01 7.000e+00))))INFO: dtree.c(1478): Final simple tree
|( QUESTION0_13_R 1 2.152e+03 1.672e+02 1.284e+02
|    ( QUESTION0_18_R 1 9.372e+02 1.123e+02 6.226e+01
|        ( - 2.052e+02 1 0)
|        ( QUESTION0_14_R 1 6.197e+02 1.001e+02 4.399e+01
|            ( - 1.787e+02 2 0)
|            ( - 3.409e+02 1 0)))
|    ( QUESTION3 1 1.047e+03 1.044e+02 6.618e+01
|        ( QUESTION10 -1 4.185e+02 6.377e+01 3.218e+01
|            ( QUESTION0_11_R 1 1.585e+02 4.550e+01 1.400e+01
|                ( - 2.047e+01 1 0)
|                ( - 9.257e+01 1 0))
|            ( - 1.962e+02 3 0 QUESTION0_8_R 1 4.202e+01 1.818e+01))
|        ( SILENCE 1 5.245e+02 8.004e+01 3.400e+01
|            ( - 7.775e+01 1 0)
|            ( - 3.668e+02 1 0))))
s>    ( QUESTION0_13_R 1 2.152e+03 1.672e+02 1.284e+02
s>        ( QUESTION0_18_R 1 9.372e+02 1.123e+02 6.226e+01
s>            ( - 2.052e+02 1 0)
s>            ( QUESTION0_14_R 1 6.197e+02 1.001e+02 4.399e+01
s>                ( - 1.787e+02 2 0)
s>                ( - 3.409e+02 1 0)))
s>        ( QUESTION3 1 1.047e+03 1.044e+02 6.618e+01
s>            ( QUESTION10 -1 4.185e+02 6.377e+01 3.218e+01
s>                ( QUESTION0_11_R 1 1.585e+02 4.550e+01 1.400e+01
s>                    ( - 2.047e+01 1 0)
s>                    ( - 9.257e+01 1 0))
s>                ( - 1.962e+02 3 0 QUESTION0_8_R 1 4.202e+01 1.818e+01))
s>            ( SILENCE 1 5.245e+02 8.004e+01 3.400e+01
s>                ( - 7.775e+01 1 0)
s>                ( - 3.668e+02 1 0))))INFO: dtree.c(1315): Comp split 11
INFO: dtree.c(1439): stop. leaf nodes are specific
INFO: dtree.c(1478): Final simple tree
|( QUESTION0_0_R 1 6.376e+02 8.333e+01 5.089e+01
|    ( - 3.175e+02 1 0)
|    ( QUESTION0_8_R 1 2.368e+02 5.750e+01 2.400e+01
|        ( - 1.065e+02 1 0)
|        ( - 7.277e+01 1 0)))
s>    ( QUESTION0_0_R 1 6.376e+02 8.333e+01 5.089e+01
s>        ( - 3.175e+02 1 0)
s>        ( QUESTION0_8_R 1 2.368e+02 5.750e+01 2.400e+01
s>            ( - 1.065e+02 1 0)
s>            ( - 7.277e+01 1 0)))INFO: dtree.c(1439): stop. leaf nodes are specific
INFO: dtree.c(1478): Final simple tree
|( QUESTION0_9_R 1 6.411e+02 8.285e+01 4.594e+01
|    ( QUESTION0_11_R 1 2.229e+02 3.909e+01 1.794e+01
|        ( - 1.916e+01 1 0)
|        ( - 1.646e+02 1 0))
|    ( QUESTION2 1 3.354e+02 7.040e+01 2.800e+01
|        ( - 6.664e+01 1 0)
|        ( SILENCE 1 1.984e+02 3.142e+01 2.000e+01
|            ( - 6.034e+01 1 0)
|            ( - 1.066e+02 1 0))))
s>    ( QUESTION0_9_R 1 6.411e+02 8.285e+01 4.594e+01
s>        ( QUESTION0_11_R 1 2.229e+02 3.909e+01 1.794e+01
s>            ( - 1.916e+01 1 0)
s>            ( - 1.646e+02 1 0))
s>        ( QUESTION2 1 3.354e+02 7.040e+01 2.800e+01
s>            ( - 6.664e+01 1 0)
s>            ( SILENCE 1 1.984e+02 3.142e+01 2.000e+01
s>                ( - 6.034e+01 1 0)
s>                ( - 1.066e+02 1 0))))INFO: dtree.c(1315): Comp split 12
INFO: dtree.c(1439): stop. leaf nodes are specific
INFO: dtree.c(1478): Final simple tree
|( QUESTION0_8_R 1 8.720e+02 1.014e+02 5.949e+01
|    ( QUESTION2_1_L -1 3.302e+02 7.856e+01 2.700e+01
|        ( - 7.507e+01 1 0)
|        ( - 1.765e+02 1 0))
|    ( QUESTION0_0_R 1 4.404e+02 5.622e+01 3.249e+01
|        ( - 1.045e+02 1 0)
|        ( - 2.797e+02 1 0)))
s>    ( QUESTION0_8_R 1 8.720e+02 1.014e+02 5.949e+01
s>        ( QUESTION2_1_L -1 3.302e+02 7.856e+01 2.700e+01
s>            ( - 7.507e+01 1 0)
s>            ( - 1.765e+02 1 0))
s>        ( QUESTION0_0_R 1 4.404e+02 5.622e+01 3.249e+01
s>            ( - 1.045e+02 1 0)
s>            ( - 2.797e+02 1 0)))INFO: dtree.c(1439): stop. leaf nodes are specific
INFO: dtree.c(1478): Final simple tree
|( SILENCE 1 1.580e+03 1.274e+02 9.607e+01
|    ( - 1.267e+02 1 0)
|    ( - 1.326e+03 2 0))
s>    ( SILENCE 1 1.580e+03 1.274e+02 9.607e+01
s>        ( - 1.267e+02 1 0)
s>        ( - 1.326e+03 2 0))INFO: dtree.c(1315): Comp split 13
INFO: dtree.c(1439): stop. leaf nodes are specific
INFO: dtree.c(1478): Final simple tree
|( QUESTION0_15_R 1 1.267e+03 1.060e+02 8.193e+01
|    ( QUESTION0_16_R 1 1.676e+02 3.849e+01 1.586e+01
|        ( - 4.458e+01 1 0)
|        ( - 8.453e+01 1 0))
|    ( QUESTION0_0_R 1 9.937e+02 4.786e+01 6.607e+01
|        ( - 5.396e+01 1 0)
|        ( - 8.919e+02 1 0)))
s>    ( QUESTION0_15_R 1 1.267e+03 1.060e+02 8.193e+01
s>        ( QUESTION0_16_R 1 1.676e+02 3.849e+01 1.586e+01
s>            ( - 4.458e+01 1 0)
s>            ( - 8.453e+01 1 0))
s>        ( QUESTION0_0_R 1 9.937e+02 4.786e+01 6.607e+01
s>            ( - 5.396e+01 1 0)
s>            ( - 8.919e+02 1 0)))INFO: dtree.c(1439): stop. leaf nodes are specific
INFO: dtree.c(1478): Final simple tree
|( QUESTION0_13_R 1 6.926e+02 1.111e+02 4.961e+01
|    ( QUESTION0_14_R 1 2.416e+02 5.337e+01 2.100e+01
|        ( - 8.203e+01 1 0)
|        ( - 1.062e+02 1 0))
|    ( WDBNDRY_E 0 3.399e+02 5.612e+01 2.861e+01
|        ( - 1.083e+02 1 0)
|        ( - 1.755e+02 1 0)))
s>    ( QUESTION0_13_R 1 6.926e+02 1.111e+02 4.961e+01
s>        ( QUESTION0_14_R 1 2.416e+02 5.337e+01 2.100e+01
s>            ( - 8.203e+01 1 0)
s>            ( - 1.062e+02 1 0))
s>        ( WDBNDRY_E 0 3.399e+02 5.612e+01 2.861e+01
s>            ( - 1.083e+02 1 0)
s>            ( - 1.755e+02 1 0)))INFO: dtree.c(1315): Comp split 14
INFO: dtree.c(1439): stop. leaf nodes are specific
INFO: dtree.c(1478): Final simple tree
|( QUESTION8 1 1.205e+03 1.279e+02 8.482e+01
|    ( QUESTION0_10_R 1 4.070e+02 2.426e+01 3.288e+01
|        ( - 3.608e+00 1 0)
|        ( - 3.791e+02 1 0))
|    ( QUESTION0_8_R 1 6.697e+02 9.638e+01 5.194e+01
|        ( QUESTION0 1 3.787e+02 6.313e+01 3.394e+01
|            ( - 2.147e+02 3 0)
|            ( - 1.009e+02 1 0))
|        ( - 1.946e+02 1 0)))
s>    ( QUESTION8 1 1.205e+03 1.279e+02 8.482e+01
s>        ( QUESTION0_10_R 1 4.070e+02 2.426e+01 3.288e+01
s>            ( - 3.608e+00 1 0)
s>            ( - 3.791e+02 1 0))
s>        ( QUESTION0_8_R 1 6.697e+02 9.638e+01 5.194e+01
s>            ( QUESTION0 1 3.787e+02 6.313e+01 3.394e+01
s>                ( - 2.147e+02 3 0)
s>                ( - 1.009e+02 1 0))
s>            ( - 1.946e+02 1 0)))INFO: dtree.c(1439): stop. leaf nodes are specific
INFO: dtree.c(1478): Final simple tree
|( WDBNDRY_E 0 1.222e+03 1.309e+02 7.398e+01
|    ( QUESTION0_8_R 1 6.554e+02 7.889e+01 4.468e+01
|        ( - 3.558e+02 2 0)
|        ( QUESTION0_0_R 1 2.207e+02 4.498e+01 1.875e+01
|            ( QUESTION0_1_R 1 2.913e+01 9.554e+00 4.750e+00
|                ( - 1.857e+01 1 0)
|                ( - 1.003e+00 1 0))
|            ( - 1.466e+02 1 0)))
|    ( QUESTION2_9_L -1 4.359e+02 5.497e+01 2.931e+01
|        ( - 5.700e+01 1 0)
|        ( - 3.239e+02 1 0)))
s>    ( WDBNDRY_E 0 1.222e+03 1.309e+02 7.398e+01
s>        ( QUESTION0_8_R 1 6.554e+02 7.889e+01 4.468e+01
s>            ( - 3.558e+02 2 0)
s>            ( QUESTION0_0_R 1 2.207e+02 4.498e+01 1.875e+01
s>                ( QUESTION0_1_R 1 2.913e+01 9.554e+00 4.750e+00
s>                    ( - 1.857e+01 1 0)
s>                    ( - 1.003e+00 1 0))
s>                ( - 1.466e+02 1 0)))
s>        ( QUESTION2_9_L -1 4.359e+02 5.497e+01 2.931e+01
s>            ( - 5.700e+01 1 0)
s>            ( - 3.239e+02 1 0)))INFO: dtree.c(1315): Comp split 15
INFO: dtree.c(1439): stop. leaf nodes are specific
INFO: dtree.c(1478): Final simple tree
|( QUESTION0_14_R 1 1.028e+03 1.071e+02 6.402e+01
|    ( - 4.350e+02 2 0)
|    ( QUESTION0_19_R 1 4.864e+02 8.900e+01 3.419e+01
|        ( - 4.240e+01 1 0)
|        ( QUESTION0 1 3.550e+02 7.298e+01 2.519e+01
|            ( QUESTION0_0_R 1 1.610e+02 4.594e+01 1.511e+01
|                ( - 6.500e+01 1 0)
|                ( - 5.002e+01 1 0))
|            ( SILENCE 1 1.210e+02 3.088e+01 1.008e+01
|                ( - 6.383e+01 1 0)
|                ( - 2.632e+01 1 0)))))
s>    ( QUESTION0_14_R 1 1.028e+03 1.071e+02 6.402e+01
s>        ( - 4.350e+02 2 0)
s>        ( QUESTION0_19_R 1 4.864e+02 8.900e+01 3.419e+01
s>            ( - 4.240e+01 1 0)
s>            ( QUESTION0 1 3.550e+02 7.298e+01 2.519e+01
s>                ( QUESTION0_0_R 1 1.610e+02 4.594e+01 1.511e+01
s>                    ( - 6.500e+01 1 0)
s>                    ( - 5.002e+01 1 0))
s>                ( SILENCE 1 1.210e+02 3.088e+01 1.008e+01
s>                    ( - 6.383e+01 1 0)
s>                    ( - 2.632e+01 1 0)))))INFO: dtree.c(1439): stop. leaf nodes are specific
INFO: dtree.c(1478): Final simple tree
|( QUESTION1 -1 2.388e+03 9.537e+01 1.368e+02
|    ( - 2.242e+03 2 0)
|    ( - 5.054e+01 1 0))
s>    ( QUESTION1 -1 2.388e+03 9.537e+01 1.368e+02
s>        ( - 2.242e+03 2 0)
s>        ( - 5.054e+01 1 0))INFO: dtree.c(1315): Comp split 16
INFO: dtree.c(1439): stop. leaf nodes are specific
INFO: dtree.c(1478): Final simple tree
|( QUESTION0_13_R 1 6.747e+02 1.058e+02 4.599e+01
|    ( - 3.409e+02 1 0)
|    ( SILENCE 1 2.280e+02 5.770e+01 1.900e+01
|        ( - 7.775e+01 1 0)
|        ( - 9.257e+01 1 0)))
s>    ( QUESTION0_13_R 1 6.747e+02 1.058e+02 4.599e+01
s>        ( - 3.409e+02 1 0)
s>        ( SILENCE 1 2.280e+02 5.770e+01 1.900e+01
s>            ( - 7.775e+01 1 0)
s>            ( - 9.257e+01 1 0)))INFO: dtree.c(1439): stop. leaf nodes are specific
INFO: dtree.c(1478): Final simple tree
|( QUESTION2 -1 1.294e+03 1.200e+02 8.246e+01
|    ( QUESTION0_8_R 1 3.084e+02 5.522e+01 2.618e+01
|        ( - 7.449e+01 1 0)
|        ( - 1.787e+02 2 0))
|    ( QUESTION0_1_R 1 8.659e+02 1.102e+02 5.627e+01
|        ( - 3.668e+02 1 0)
|        ( QUESTION0_13_R 1 3.889e+02 5.706e+01 3.128e+01
|            ( - 2.052e+02 1 0)
|            ( QUESTION0_0_R 1 1.267e+02 2.816e+01 1.300e+01
|                ( - 3.086e+01 1 0)
|                ( QUESTION0_11_R 1 6.771e+01 2.252e+01 8.000e+00
|                    ( - 2.047e+01 1 0)
|                    ( - 2.472e+01 1 0))))))
s>    ( QUESTION2 -1 1.294e+03 1.200e+02 8.246e+01
s>        ( QUESTION0_8_R 1 3.084e+02 5.522e+01 2.618e+01
s>            ( - 7.449e+01 1 0)
s>            ( - 1.787e+02 2 0))
s>        ( QUESTION0_1_R 1 8.659e+02 1.102e+02 5.627e+01
s>            ( - 3.668e+02 1 0)
s>            ( QUESTION0_13_R 1 3.889e+02 5.706e+01 3.128e+01
s>                ( - 2.052e+02 1 0)
s>                ( QUESTION0_0_R 1 1.267e+02 2.816e+01 1.300e+01
s>                    ( - 3.086e+01 1 0)
s>                    ( QUESTION0_11_R 1 6.771e+01 2.252e+01 8.000e+00
s>                        ( - 2.047e+01 1 0)
s>                        ( - 2.472e+01 1 0))))))INFO: dtree.c(1315): Comp split 17
INFO: dtree.c(1439): stop. leaf nodes are specific
INFO: dtree.c(1478): Final simple tree
|( QUESTION0_15_R 1 7.659e+02 9.963e+01 5.616e+01
|    ( - 9.848e+01 1 0)
|    ( QUESTION16 1 5.678e+02 9.493e+01 4.116e+01
|        ( SILENCE -1 2.131e+02 3.512e+01 1.816e+01
|            ( - 1.665e+01 1 0)
|            ( - 1.613e+02 1 0))
|        ( QUESTION0 1 2.598e+02 4.826e+01 2.300e+01
|            ( - 1.112e+02 1 0)
|            ( SILENCE -1 1.004e+02 2.364e+01 1.100e+01
|                ( - 6.145e+01 1 0)
|                ( - 1.528e+01 1 0)))))
s>    ( QUESTION0_15_R 1 7.659e+02 9.963e+01 5.616e+01
s>        ( - 9.848e+01 1 0)
s>        ( QUESTION16 1 5.678e+02 9.493e+01 4.116e+01
s>            ( SILENCE -1 2.131e+02 3.512e+01 1.816e+01
s>                ( - 1.665e+01 1 0)
s>                ( - 1.613e+02 1 0))
s>            ( QUESTION0 1 2.598e+02 4.826e+01 2.300e+01
s>                ( - 1.112e+02 1 0)
s>                ( SILENCE -1 1.004e+02 2.364e+01 1.100e+01
s>                    ( - 6.145e+01 1 0)
s>                    ( - 1.528e+01 1 0)))))INFO: dtree.c(1439): stop. leaf nodes are specific
INFO: dtree.c(1478): Final simple tree
|( QUESTION0_8_R 1 1.253e+03 1.002e+02 8.823e+01
|    ( - 3.375e+02 1 0)
|    ( SILENCE -1 8.152e+02 5.797e+01 6.118e+01
|        ( - 5.195e+01 1 0)
|        ( - 7.053e+02 1 0)))
s>    ( QUESTION0_8_R 1 1.253e+03 1.002e+02 8.823e+01
s>        ( - 3.375e+02 1 0)
s>        ( SILENCE -1 8.152e+02 5.797e+01 6.118e+01
s>            ( - 5.195e+01 1 0)
s>            ( - 7.053e+02 1 0)))INFO: dtree.c(1315): Comp split 18
INFO: dtree.c(1439): stop. leaf nodes are specific
INFO: dtree.c(1478): Final simple tree
|( QUESTION2 -1 6.151e+02 8.499e+01 4.068e+01
|    ( QUESTION0_11_R 1 2.761e+02 5.172e+01 2.170e+01
|        ( - 1.213e+02 1 0)
|        ( WDBNDRY_E 0 1.031e+02 2.532e+01 1.000e+01
|            ( - 4.046e+01 1 0)
|            ( - 3.735e+01 1 0)))
|    ( QUESTION0_12_R 1 2.540e+02 5.284e+01 1.898e+01
|        ( - 4.769e+01 1 0)
|        ( - 1.535e+02 1 0)))
s>    ( QUESTION2 -1 6.151e+02 8.499e+01 4.068e+01
s>        ( QUESTION0_11_R 1 2.761e+02 5.172e+01 2.170e+01
s>            ( - 1.213e+02 1 0)
s>            ( WDBNDRY_E 0 1.031e+02 2.532e+01 1.000e+01
s>                ( - 4.046e+01 1 0)
s>                ( - 3.735e+01 1 0)))
s>        ( QUESTION0_12_R 1 2.540e+02 5.284e+01 1.898e+01
s>            ( - 4.769e+01 1 0)
s>            ( - 1.535e+02 1 0)))INFO: dtree.c(1439): stop. leaf nodes are specific
INFO: dtree.c(1478): Final simple tree
|( QUESTION0_1_R 1 4.891e+02 7.370e+01 3.500e+01
|    ( - 1.736e+02 1 0)
|    ( QUESTION0 -1 2.418e+02 5.207e+01 1.900e+01
|        ( QUESTION0_0_R 1 1.278e+02 2.818e+01 1.200e+01
|            ( - 3.811e+01 1 0)
|            ( - 6.153e+01 1 0))
|        ( SILENCE -1 6.190e+01 2.299e+01 7.000e+00
|            ( - 2.391e+01 1 0)
|            ( - 1.499e+01 1 0))))
s>    ( QUESTION0_1_R 1 4.891e+02 7.370e+01 3.500e+01
s>        ( - 1.736e+02 1 0)
s>        ( QUESTION0 -1 2.418e+02 5.207e+01 1.900e+01
s>            ( QUESTION0_0_R 1 1.278e+02 2.818e+01 1.200e+01
s>                ( - 3.811e+01 1 0)
s>                ( - 6.153e+01 1 0))
s>            ( SILENCE -1 6.190e+01 2.299e+01 7.000e+00
s>                ( - 2.391e+01 1 0)
s>                ( - 1.499e+01 1 0))))INFO: dtree.c(1315): Comp split 19
INFO: dtree.c(1439): stop. leaf nodes are specific
INFO: dtree.c(1478): Final simple tree
|( QUESTION1 -1 4.438e+02 8.361e+01 3.400e+01
|    ( - 1.814e+02 2 0)
|    ( WDBNDRY_E 0 1.789e+02 5.210e+01 1.600e+01
|        ( - 6.444e+01 1 0)
|        ( - 6.231e+01 1 0)))
s>    ( QUESTION1 -1 4.438e+02 8.361e+01 3.400e+01
s>        ( - 1.814e+02 2 0)
s>        ( WDBNDRY_E 0 1.789e+02 5.210e+01 1.600e+01
s>            ( - 6.444e+01 1 0)
s>            ( - 6.231e+01 1 0)))INFO: dtree.c(1315): Comp split 20
INFO: dtree.c(1439): stop. leaf nodes are specific
INFO: dtree.c(1478): Final simple tree
|( QUESTION0_13_R 1 3.889e+02 5.706e+01 3.128e+01
|    ( - 2.052e+02 1 0)
|    ( QUESTION0_0_R 1 1.267e+02 2.816e+01 1.300e+01
|        ( - 3.086e+01 1 0)
|        ( QUESTION0_11_R 1 6.771e+01 2.252e+01 8.000e+00
|            ( - 2.047e+01 1 0)
|            ( - 2.472e+01 1 0))))
s>    ( QUESTION0_13_R 1 3.889e+02 5.706e+01 3.128e+01
s>        ( - 2.052e+02 1 0)
s>        ( QUESTION0_0_R 1 1.267e+02 2.816e+01 1.300e+01
s>            ( - 3.086e+01 1 0)
s>            ( QUESTION0_11_R 1 6.771e+01 2.252e+01 8.000e+00
s>                ( - 2.047e+01 1 0)
s>                ( - 2.472e+01 1 0))))INFO: dtree.c(1439): stop. leaf nodes are specific
INFO: dtree.c(1478): Final simple tree
|( QUESTION0_9_R 1 7.621e+02 8.866e+01 5.118e+01
|    ( - 1.787e+02 2 0)
|    ( QUESTION0_0_R 1 4.947e+02 5.344e+01 3.418e+01
|        ( - 3.668e+02 1 0)
|        ( - 7.449e+01 1 0)))
s>    ( QUESTION0_9_R 1 7.621e+02 8.866e+01 5.118e+01
s>        ( - 1.787e+02 2 0)
s>        ( QUESTION0_0_R 1 4.947e+02 5.344e+01 3.418e+01
s>            ( - 3.668e+02 1 0)
s>            ( - 7.449e+01 1 0)))INFO: dtree.c(1315): Comp split 21
INFO: dtree.c(1439): stop. leaf nodes are specific
INFO: dtree.c(1478): Final simple tree
|( QUESTION2_9_L -1 5.053e+02 5.360e+01 3.405e+01
|    ( - 5.700e+01 1 0)
|    ( WDBNDRY_E 0 3.947e+02 4.163e+01 2.805e+01
|        ( QUESTION0_1_R 1 2.913e+01 9.554e+00 4.750e+00
|            ( - 1.857e+01 1 0)
|            ( - 1.003e+00 1 0))
|        ( - 3.239e+02 1 0)))
s>    ( QUESTION2_9_L -1 5.053e+02 5.360e+01 3.405e+01
s>        ( - 5.700e+01 1 0)
s>        ( WDBNDRY_E 0 3.947e+02 4.163e+01 2.805e+01
s>            ( QUESTION0_1_R 1 2.913e+01 9.554e+00 4.750e+00
s>                ( - 1.857e+01 1 0)
s>                ( - 1.003e+00 1 0))
s>            ( - 3.239e+02 1 0)))INFO: dtree.c(1439): stop. leaf nodes are specific
INFO: dtree.c(1478): Final simple tree
|( QUESTION0_8_R 1 5.767e+02 7.427e+01 3.993e+01
|    ( - 3.558e+02 2 0)
|    ( - 1.466e+02 1 0))
s>    ( QUESTION0_8_R 1 5.767e+02 7.427e+01 3.993e+01
s>        ( - 3.558e+02 2 0)
s>        ( - 1.466e+02 1 0))INFO: dtree.c(1315): Comp split 22
INFO: dtree.c(1439): stop. leaf nodes are specific
INFO: dtree.c(1478): Final simple tree
|( QUESTION0_8_R 1 6.822e+02 8.841e+01 5.382e+01
|    ( - 2.147e+02 3 0)
|    ( - 3.791e+02 1 0))
s>    ( QUESTION0_8_R 1 6.822e+02 8.841e+01 5.382e+01
s>        ( - 2.147e+02 3 0)
s>        ( - 3.791e+02 1 0))INFO: dtree.c(1439): stop. leaf nodes are specific
INFO: dtree.c(1478): Final simple tree
|( QUESTION0_8_R 1 3.942e+02 7.240e+01 3.100e+01
|    ( - 1.009e+02 1 0)
|    ( QUESTION0_11_R 1 2.209e+02 2.267e+01 1.900e+01
|        ( - 3.608e+00 1 0)
|        ( - 1.946e+02 1 0)))
s>    ( QUESTION0_8_R 1 3.942e+02 7.240e+01 3.100e+01
s>        ( - 1.009e+02 1 0)
s>        ( QUESTION0_11_R 1 2.209e+02 2.267e+01 1.900e+01
s>            ( - 3.608e+00 1 0)
s>            ( - 1.946e+02 1 0)))INFO: dtree.c(1315): Comp split 23
INFO: dtree.c(1315): Comp split 24
INFO: dtree.c(1439): stop. leaf nodes are specific
INFO: dtree.c(1478): Final simple tree
|( QUESTION0_8_R 1 5.387e+02 5.371e+01 3.783e+01
|    ( - 5.002e+01 1 0)
|    ( - 4.350e+02 2 0))
s>    ( QUESTION0_8_R 1 5.387e+02 5.371e+01 3.783e+01
s>        ( - 5.002e+01 1 0)
s>        ( - 4.350e+02 2 0))INFO: dtree.c(1439): stop. leaf nodes are specific
INFO: dtree.c(1478): Final simple tree
|( QUESTION0_19_R 1 3.637e+02 8.220e+01 2.619e+01
|    ( - 4.240e+01 1 0)
|    ( QUESTION0_0_R 1 2.391e+02 5.303e+01 1.719e+01
|        ( - 6.500e+01 1 0)
|        ( SILENCE 1 1.210e+02 3.088e+01 1.008e+01
|            ( - 6.383e+01 1 0)
|            ( - 2.632e+01 1 0))))
s>    ( QUESTION0_19_R 1 3.637e+02 8.220e+01 2.619e+01
s>        ( - 4.240e+01 1 0)
s>        ( QUESTION0_0_R 1 2.391e+02 5.303e+01 1.719e+01
s>            ( - 6.500e+01 1 0)
s>            ( SILENCE 1 1.210e+02 3.088e+01 1.008e+01
s>                ( - 6.383e+01 1 0)
s>                ( - 2.632e+01 1 0))))INFO: dtree.c(1315): Comp split 25
INFO: dtree.c(1439): stop. leaf nodes are specific
INFO: dtree.c(1478): Final simple tree
|( QUESTION0 1 2.598e+02 4.826e+01 2.300e+01
|    ( - 1.112e+02 1 0)
|    ( SILENCE -1 1.004e+02 2.364e+01 1.100e+01
|        ( - 6.145e+01 1 0)
|        ( - 1.528e+01 1 0)))
s>    ( QUESTION0 1 2.598e+02 4.826e+01 2.300e+01
s>        ( - 1.112e+02 1 0)
s>        ( SILENCE -1 1.004e+02 2.364e+01 1.100e+01
s>            ( - 6.145e+01 1 0)
s>            ( - 1.528e+01 1 0)))INFO: dtree.c(1439): stop. leaf nodes are specific
INFO: dtree.c(1478): Final simple tree
|( QUESTION0_15_R 1 3.821e+02 7.049e+01 3.316e+01
|    ( - 9.848e+01 1 0)
|    ( SILENCE -1 2.131e+02 3.512e+01 1.816e+01
|        ( - 1.665e+01 1 0)
|        ( - 1.613e+02 1 0)))
s>    ( QUESTION0_15_R 1 3.821e+02 7.049e+01 3.316e+01
s>        ( - 9.848e+01 1 0)
s>        ( SILENCE -1 2.131e+02 3.512e+01 1.816e+01
s>            ( - 1.665e+01 1 0)
s>            ( - 1.613e+02 1 0)))INFO: dtree.c(1315): Comp split 26
INFO: dtree.c(1439): stop. leaf nodes are specific
INFO: dtree.c(1478): Final simple tree
|( WDBNDRY_E 0 3.399e+02 5.612e+01 2.861e+01
|    ( - 1.083e+02 1 0)
|    ( - 1.755e+02 1 0))
s>    ( WDBNDRY_E 0 3.399e+02 5.612e+01 2.861e+01
s>        ( - 1.083e+02 1 0)
s>        ( - 1.755e+02 1 0))INFO: dtree.c(1439): stop. leaf nodes are specific
INFO: dtree.c(1478): Final simple tree
|( QUESTION0_14_R 1 2.416e+02 5.337e+01 2.100e+01
|    ( - 8.203e+01 1 0)
|    ( - 1.062e+02 1 0))
s>    ( QUESTION0_14_R 1 2.416e+02 5.337e+01 2.100e+01
s>        ( - 8.203e+01 1 0)
s>        ( - 1.062e+02 1 0))INFO: dtree.c(1315): Comp split 27
INFO: dtree.c(1439): stop. leaf nodes are specific
INFO: dtree.c(1478): Final simple tree
|( QUESTION0_0_R 1 9.937e+02 4.786e+01 6.607e+01
|    ( - 5.396e+01 1 0)
|    ( - 8.919e+02 1 0))
s>    ( QUESTION0_0_R 1 9.937e+02 4.786e+01 6.607e+01
s>        ( - 5.396e+01 1 0)
s>        ( - 8.919e+02 1 0))INFO: dtree.c(1439): stop. leaf nodes are specific
INFO: dtree.c(1478): Final simple tree
|( QUESTION0_16_R 1 1.676e+02 3.849e+01 1.586e+01
|    ( - 4.458e+01 1 0)
|    ( - 8.453e+01 1 0))
s>    ( QUESTION0_16_R 1 1.676e+02 3.849e+01 1.586e+01
s>        ( - 4.458e+01 1 0)
s>        ( - 8.453e+01 1 0))INFO: dtree.c(1315): Comp split 28
INFO: dtree.c(1439): stop. leaf nodes are specific
INFO: dtree.c(1478): Final simple tree
|( SILENCE 1 2.280e+02 5.770e+01 1.900e+01
|    ( - 7.775e+01 1 0)
|    ( - 9.257e+01 1 0))
s>    ( SILENCE 1 2.280e+02 5.770e+01 1.900e+01
s>        ( - 7.775e+01 1 0)
s>        ( - 9.257e+01 1 0))INFO: dtree.c(1315): Comp split 29
INFO: dtree.c(1439): stop. leaf nodes are specific
INFO: dtree.c(1478): Final simple tree
|( QUESTION0_8_R 1 5.914e+02 7.591e+01 4.249e+01
|    ( - 7.507e+01 1 0)
|    ( QUESTION0_0_R 1 4.404e+02 5.622e+01 3.249e+01
|        ( - 1.045e+02 1 0)
|        ( - 2.797e+02 1 0)))
s>    ( QUESTION0_8_R 1 5.914e+02 7.591e+01 4.249e+01
s>        ( - 7.507e+01 1 0)
s>        ( QUESTION0_0_R 1 4.404e+02 5.622e+01 3.249e+01
s>            ( - 1.045e+02 1 0)
s>            ( - 2.797e+02 1 0)))INFO: dtree.c(1315): Comp split 30
INFO: dtree.c(1439): stop. leaf nodes are specific
INFO: dtree.c(1478): Final simple tree
|( SILENCE -1 8.152e+02 5.797e+01 6.118e+01
|    ( - 5.195e+01 1 0)
|    ( - 7.053e+02 1 0))
s>    ( SILENCE -1 8.152e+02 5.797e+01 6.118e+01
s>        ( - 5.195e+01 1 0)
s>        ( - 7.053e+02 1 0))INFO: dtree.c(1315): Comp split 31
INFO: dtree.c(1439): stop. leaf nodes are specific
INFO: dtree.c(1478): Final simple tree
|( SILENCE 1 1.984e+02 3.142e+01 2.000e+01
|    ( - 6.034e+01 1 0)
|    ( - 1.066e+02 1 0))
s>    ( SILENCE 1 1.984e+02 3.142e+01 2.000e+01
s>        ( - 6.034e+01 1 0)
s>        ( - 1.066e+02 1 0))INFO: dtree.c(1439): stop. leaf nodes are specific
INFO: dtree.c(1478): Final simple tree
|( QUESTION2_9_L -1 3.447e+02 5.767e+01 2.594e+01
|    ( - 1.646e+02 1 0)
|    ( QUESTION0_8_R 1 1.224e+02 3.660e+01 1.100e+01
|        ( - 6.664e+01 1 0)
|        ( - 1.916e+01 1 0)))
s>    ( QUESTION2_9_L -1 3.447e+02 5.767e+01 2.594e+01
s>        ( - 1.646e+02 1 0)
s>        ( QUESTION0_8_R 1 1.224e+02 3.660e+01 1.100e+01
s>            ( - 6.664e+01 1 0)
s>            ( - 1.916e+01 1 0)))INFO: dtree.c(1315): Comp split 32
INFO: dtree.c(1315): Comp split 33
INFO: dtree.c(1439): stop. leaf nodes are specific
INFO: dtree.c(1478): Final simple tree
|( QUESTION0_0_R 1 4.947e+02 5.344e+01 3.418e+01
|    ( - 3.668e+02 1 0)
|    ( - 7.449e+01 1 0))
s>    ( QUESTION0_0_R 1 4.947e+02 5.344e+01 3.418e+01
s>        ( - 3.668e+02 1 0)
s>        ( - 7.449e+01 1 0))INFO: dtree.c(1315): Comp split 34
INFO: dtree.c(1315): Comp split 35
INFO: dtree.c(1439): stop. leaf nodes are specific
INFO: dtree.c(1478): Final simple tree
|( QUESTION0_11_R 1 1.984e+02 4.762e+01 1.600e+01
|    ( - 4.769e+01 1 0)
|    ( WDBNDRY_E 0 1.031e+02 2.532e+01 1.000e+01
|        ( - 4.046e+01 1 0)
|        ( - 3.735e+01 1 0)))
s>    ( QUESTION0_11_R 1 1.984e+02 4.762e+01 1.600e+01
s>        ( - 4.769e+01 1 0)
s>        ( WDBNDRY_E 0 1.031e+02 2.532e+01 1.000e+01
s>            ( - 4.046e+01 1 0)
s>            ( - 3.735e+01 1 0)))INFO: dtree.c(1439): stop. leaf nodes are specific
INFO: dtree.c(1478): Final simple tree
|( QUESTION0_12_R 1 3.288e+02 5.402e+01 2.468e+01
|    ( - 1.213e+02 1 0)
|    ( - 1.535e+02 1 0))
s>    ( QUESTION0_12_R 1 3.288e+02 5.402e+01 2.468e+01
s>        ( - 1.213e+02 1 0)
s>        ( - 1.535e+02 1 0))INFO: dtree.c(1315): Comp split 36
INFO: dtree.c(1439): stop. leaf nodes are specific
INFO: dtree.c(1478): Final simple tree
|( SILENCE 1 1.210e+02 3.088e+01 1.008e+01
|    ( - 6.383e+01 1 0)
|    ( - 2.632e+01 1 0))
s>    ( SILENCE 1 1.210e+02 3.088e+01 1.008e+01
s>        ( - 6.383e+01 1 0)
s>        ( - 2.632e+01 1 0))INFO: dtree.c(1439): stop. leaf nodes are specific
INFO: dtree.c(1478): Final simple tree
|( QUESTION0_0_R 1 1.578e+02 5.037e+01 1.611e+01
|    ( - 6.500e+01 1 0)
|    ( - 4.240e+01 1 0))
s>    ( QUESTION0_0_R 1 1.578e+02 5.037e+01 1.611e+01
s>        ( - 6.500e+01 1 0)
s>        ( - 4.240e+01 1 0))INFO: dtree.c(1315): Comp split 37
INFO: dtree.c(1439): stop. leaf nodes are specific
INFO: dtree.c(1478): Final simple tree
|( WDBNDRY_E 0 1.789e+02 5.210e+01 1.600e+01
|    ( - 6.444e+01 1 0)
|    ( - 6.231e+01 1 0))
s>    ( WDBNDRY_E 0 1.789e+02 5.210e+01 1.600e+01
s>        ( - 6.444e+01 1 0)
s>        ( - 6.231e+01 1 0))INFO: dtree.c(1315): Comp split 38
INFO: dtree.c(1439): stop. leaf nodes are specific
INFO: dtree.c(1478): Final simple tree
|( QUESTION0_8_R 1 2.368e+02 5.750e+01 2.400e+01
|    ( - 1.065e+02 1 0)
|    ( - 7.277e+01 1 0))
s>    ( QUESTION0_8_R 1 2.368e+02 5.750e+01 2.400e+01
s>        ( - 1.065e+02 1 0)
s>        ( - 7.277e+01 1 0))INFO: dtree.c(1315): Comp split 39
INFO: dtree.c(1439): stop. leaf nodes are specific
INFO: dtree.c(1478): Final simple tree
|( QUESTION0_11_R 1 1.908e+02 4.074e+01 1.600e+01
|    ( - 6.153e+01 1 0)
|    ( SILENCE -1 8.854e+01 2.652e+01 9.000e+00
|        ( - 2.391e+01 1 0)
|        ( - 3.811e+01 1 0)))
s>    ( QUESTION0_11_R 1 1.908e+02 4.074e+01 1.600e+01
s>        ( - 6.153e+01 1 0)
s>        ( SILENCE -1 8.854e+01 2.652e+01 9.000e+00
s>            ( - 2.391e+01 1 0)
s>            ( - 3.811e+01 1 0)))INFO: dtree.c(1439): stop. leaf nodes are specific
INFO: dtree.c(1478): Final simple tree
|( QUESTION0_0_R 1 2.212e+02 3.259e+01 1.900e+01
|    ( - 1.736e+02 1 0)
|    ( - 1.499e+01 1 0))
s>    ( QUESTION0_0_R 1 2.212e+02 3.259e+01 1.900e+01
s>        ( - 1.736e+02 1 0)
s>        ( - 1.499e+01 1 0))INFO: dtree.c(1315): Comp split 40
INFO: dtree.c(1439): stop. leaf nodes are specific
INFO: dtree.c(1478): Final simple tree
|( QUESTION0_0_R 1 4.404e+02 5.622e+01 3.249e+01
|    ( - 1.045e+02 1 0)
|    ( - 2.797e+02 1 0))
s>    ( QUESTION0_0_R 1 4.404e+02 5.622e+01 3.249e+01
s>        ( - 1.045e+02 1 0)
s>        ( - 2.797e+02 1 0))INFO: dtree.c(1315): Comp split 41
INFO: dtree.c(1315): Comp split 42
INFO: dtree.c(1439): stop. leaf nodes are specific
INFO: dtree.c(1478): Final simple tree
|( QUESTION0_11_R 1 2.209e+02 2.267e+01 1.900e+01
|    ( - 3.608e+00 1 0)
|    ( - 1.946e+02 1 0))
s>    ( QUESTION0_11_R 1 2.209e+02 2.267e+01 1.900e+01
s>        ( - 3.608e+00 1 0)
s>        ( - 1.946e+02 1 0))INFO: dtree.c(1315): Comp split 43
INFO: dtree.c(1439): stop. leaf nodes are specific
INFO: dtree.c(1478): Final simple tree
|( SILENCE -1 2.131e+02 3.512e+01 1.816e+01
|    ( - 1.665e+01 1 0)
|    ( - 1.613e+02 1 0))
s>    ( SILENCE -1 2.131e+02 3.512e+01 1.816e+01
s>        ( - 1.665e+01 1 0)
s>        ( - 1.613e+02 1 0))INFO: dtree.c(1315): Comp split 44
INFO: dtree.c(1439): stop. leaf nodes are specific
INFO: dtree.c(1478): Final simple tree
|( WDBNDRY_E 0 1.154e+02 2.923e+01 1.075e+01
|    ( QUESTION0_1_R 1 2.913e+01 9.554e+00 4.750e+00
|        ( - 1.857e+01 1 0)
|        ( - 1.003e+00 1 0))
|    ( - 5.700e+01 1 0))
s>    ( WDBNDRY_E 0 1.154e+02 2.923e+01 1.075e+01
s>        ( QUESTION0_1_R 1 2.913e+01 9.554e+00 4.750e+00
s>            ( - 1.857e+01 1 0)
s>            ( - 1.003e+00 1 0))
s>        ( - 5.700e+01 1 0))INFO: dtree.c(1315): Comp split 45
INFO: dtree.c(1315): Comp split 46
INFO: dtree.c(1315): Comp split 47
INFO: dtree.c(1439): stop. leaf nodes are specific
INFO: dtree.c(1478): Final simple tree
|( QUESTION0_8_R 1 1.224e+02 3.660e+01 1.100e+01
|    ( - 6.664e+01 1 0)
|    ( - 1.916e+01 1 0))
s>    ( QUESTION0_8_R 1 1.224e+02 3.660e+01 1.100e+01
s>        ( - 6.664e+01 1 0)
s>        ( - 1.916e+01 1 0))INFO: dtree.c(1315): Comp split 48
INFO: dtree.c(1315): Comp split 49
INFO: dtree.c(1439): stop. leaf nodes are specific
INFO: dtree.c(1478): Final simple tree
|( QUESTION0_0_R 1 1.267e+02 2.816e+01 1.300e+01
|    ( - 3.086e+01 1 0)
|    ( QUESTION0_11_R 1 6.771e+01 2.252e+01 8.000e+00
|        ( - 2.047e+01 1 0)
|        ( - 2.472e+01 1 0)))
s>    ( QUESTION0_0_R 1 1.267e+02 2.816e+01 1.300e+01
s>        ( - 3.086e+01 1 0)
s>        ( QUESTION0_11_R 1 6.771e+01 2.252e+01 8.000e+00
s>            ( - 2.047e+01 1 0)
s>            ( - 2.472e+01 1 0)))INFO: dtree.c(1315): Comp split 50
INFO: dtree.c(1315): Comp split 51
INFO: dtree.c(1315): Comp split 52
INFO: dtree.c(1315): Comp split 53
INFO: dtree.c(1315): Comp split 54
INFO: dtree.c(1315): Comp split 55
INFO: dtree.c(1315): Comp split 56
INFO: dtree.c(1315): Comp split 57
INFO: dtree.c(1315): Comp split 58
INFO: dtree.c(1439): stop. leaf nodes are specific
INFO: dtree.c(1478): Final simple tree
|( SILENCE -1 1.004e+02 2.364e+01 1.100e+01
|    ( - 6.145e+01 1 0)
|    ( - 1.528e+01 1 0))
s>    ( SILENCE -1 1.004e+02 2.364e+01 1.100e+01
s>        ( - 6.145e+01 1 0)
s>        ( - 1.528e+01 1 0))INFO: dtree.c(1315): Comp split 59
INFO: dtree.c(1315): Comp split 60
INFO: dtree.c(1439): stop. leaf nodes are specific
INFO: dtree.c(1478): Final simple tree
|( WDBNDRY_E 0 1.031e+02 2.532e+01 1.000e+01
|    ( - 4.046e+01 1 0)
|    ( - 3.735e+01 1 0))
s>    ( WDBNDRY_E 0 1.031e+02 2.532e+01 1.000e+01
s>        ( - 4.046e+01 1 0)
s>        ( - 3.735e+01 1 0))INFO: dtree.c(1315): Comp split 61
INFO: dtree.c(1439): stop. leaf nodes are specific
INFO: dtree.c(1478): Final simple tree
|( SILENCE -1 8.854e+01 2.652e+01 9.000e+00
|    ( - 2.391e+01 1 0)
|    ( - 3.811e+01 1 0))
s>    ( SILENCE -1 8.854e+01 2.652e+01 9.000e+00
s>        ( - 2.391e+01 1 0)
s>        ( - 3.811e+01 1 0))INFO: dtree.c(1315): Comp split 62
INFO: dtree.c(1315): Comp split 63
INFO: dtree.c(1315): Comp split 64
INFO: dtree.c(1315): Comp split 65
INFO: dtree.c(1315): Comp split 66
INFO: dtree.c(1315): Comp split 67
INFO: dtree.c(1315): Comp split 68
INFO: dtree.c(1439): stop. leaf nodes are specific
INFO: dtree.c(1478): Final simple tree
|( QUESTION0_1_R 1 2.913e+01 9.554e+00 4.750e+00
|    ( - 1.857e+01 1 0)
|    ( - 1.003e+00 1 0))
s>    ( QUESTION0_1_R 1 2.913e+01 9.554e+00 4.750e+00
s>        ( - 1.857e+01 1 0)
s>        ( - 1.003e+00 1 0))INFO: dtree.c(1315): Comp split 69
INFO: dtree.c(1439): stop. leaf nodes are specific
INFO: dtree.c(1478): Final simple tree
|( QUESTION0_11_R 1 6.771e+01 2.252e+01 8.000e+00
|    ( - 2.047e+01 1 0)
|    ( - 2.472e+01 1 0))
s>    ( QUESTION0_11_R 1 6.771e+01 2.252e+01 8.000e+00
s>        ( - 2.047e+01 1 0)
s>        ( - 2.472e+01 1 0))INFO: dtree.c(1315): Comp split 70
INFO: dtree.c(1315): Comp split 71
INFO: dtree.c(1315): Comp split 72
INFO: dtree.c(1315): Comp split 73
INFO: dtree.c(1315): Comp split 74
INFO: dtree.c(1315): Comp split 75
INFO: dtree.c(1315): Comp split 76
INFO: dtree.c(1318): stop. leaf nodes are specific
Mon May 23 22:39:46 2022
