Current configuration:
[NAME]		[DEFLT]	[VALUE]
-allphones	no	no
-cntthresh	0.00001	1.000000e-05
-csplitmax	100	2000
-csplitmin	1	1
-csplitthr	8e-4	0.000000e+00
-example	no	no
-fullvar	no	no
-help		no	no
-meanfn			
-mixwfn			/home/rakha/Kuliah/Semester8/nlp/speech-sphinx/train-new-model/an4-master/model_parameters/an4.cd_ptm_untied/mixture_weights
-moddeffn		/home/rakha/Kuliah/Semester8/nlp/speech-sphinx/train-new-model/an4-master/model_architecture/an4.untied.mdef
-mwfloor	1e-4	1.000000e-08
-phone			M
-psetfn			/home/rakha/Kuliah/Semester8/nlp/speech-sphinx/train-new-model/an4-master/model_architecture/an4.tree_questions
-ssplitmax	5	7
-ssplitmin	1	1
-ssplitthr	8e-4	0.000000e+00
-state			2
-stwt			1.0,0.05,0.0,
-treefn			/home/rakha/Kuliah/Semester8/nlp/speech-sphinx/train-new-model/an4-master/trees/an4.unpruned/M-2.dtree
-ts2cbfn	.semi.	.semi.
-varfloor	0.00001	1.000000e-05
-varfn			

INFO: main.c(223): Reading: /home/rakha/Kuliah/Semester8/nlp/speech-sphinx/train-new-model/an4-master/model_architecture/an4.untied.mdef
INFO: model_def_io.c(573): Model definition info:
INFO: model_def_io.c(574): 1618 total models defined (34 base, 1584 tri)
INFO: model_def_io.c(575): 6472 total states
INFO: model_def_io.c(576): 4854 total tied states
INFO: model_def_io.c(577): 102 total tied CI states
INFO: model_def_io.c(578): 34 total tied transition matrices
INFO: model_def_io.c(579): 4 max state/model
INFO: model_def_io.c(580): 4 min state/model
INFO: main.c(242): Building trees for [M EH AH e] through [M SIL EY b]
INFO: main.c(269): Covering states |[2904 2972]| == 69
INFO: main.c(275): Reading: /home/rakha/Kuliah/Semester8/nlp/speech-sphinx/train-new-model/an4-master/model_parameters/an4.cd_ptm_untied/mixture_weights
INFO: s3mixw_io.c(173): Read /home/rakha/Kuliah/Semester8/nlp/speech-sphinx/train-new-model/an4-master/model_parameters/an4.cd_ptm_untied/mixture_weights [69x4x64 array]
INFO: main.c(311): 23 of 23 models have observation count greater than 0.000010
INFO: main.c(95): nrm stwt: 0.000 0.048 0.952 
INFO: main.c(411): 23-class entropy: 1.928778e+04
INFO: main.c(549): Reading: /home/rakha/Kuliah/Semester8/nlp/speech-sphinx/train-new-model/an4-master/model_architecture/an4.tree_questions
INFO: main.c(588): 180 total simple questions (172 phone; 8 word bndry)
INFO: main.c(590): 42 Left Only questions, and 42 Right Only questions
INFO: dtree.c(1478): Final simple tree
|( QUESTION0_8_R 1 2.501e+04 1.116e+03 1.148e+03
|    ( QUESTION0 1 1.042e+04 4.840e+02 5.126e+02
|        ( QUESTION1 1 7.603e+03 2.594e+02 3.746e+02
|            ( - 6.260e+02 4 0 WDBNDRY_B 0 1.135e+02 3.950e+01)
|            ( - 6.718e+03 3 0 WDBNDRY_B 0 1.021e+02 3.351e+02))
|        ( - 2.330e+03 1 0))
|    ( QUESTION3 1 1.347e+04 5.566e+02 6.349e+02
|        ( QUESTION0_14_R 1 6.232e+03 4.446e+02 3.055e+02
|            ( - 2.252e+03 2 0 QUESTION6 1 2.396e+02 1.134e+02)
|            ( QUESTION0_17_R 1 3.535e+03 3.172e+02 1.922e+02
|                ( - 6.512e+02 3 0 WDBNDRY_E 0 1.315e+02 4.115e+01)
|                ( - 2.566e+03 6 0 QUESTION6 1 1.978e+02 1.510e+02)))
|        ( QUESTION0_2_R 1 6.684e+03 4.099e+02 3.294e+02
|            ( - 3.098e+03 2 0)
|            ( - 3.177e+03 2 0 SILENCE 1 2.231e+02 1.630e+02))))
s>    ( QUESTION0_8_R 1 2.501e+04 1.116e+03 1.148e+03
s>        ( QUESTION0 1 1.042e+04 4.840e+02 5.126e+02
s>            ( QUESTION1 1 7.603e+03 2.594e+02 3.746e+02
s>                ( - 6.260e+02 4 0 WDBNDRY_B 0 1.135e+02 3.950e+01)
s>                ( - 6.718e+03 3 0 WDBNDRY_B 0 1.021e+02 3.351e+02))
s>            ( - 2.330e+03 1 0))
s>        ( QUESTION3 1 1.347e+04 5.566e+02 6.349e+02
s>            ( QUESTION0_14_R 1 6.232e+03 4.446e+02 3.055e+02
s>                ( - 2.252e+03 2 0 QUESTION6 1 2.396e+02 1.134e+02)
s>                ( QUESTION0_17_R 1 3.535e+03 3.172e+02 1.922e+02
s>                    ( - 6.512e+02 3 0 WDBNDRY_E 0 1.315e+02 4.115e+01)
s>                    ( - 2.566e+03 6 0 QUESTION6 1 1.978e+02 1.510e+02)))
s>            ( QUESTION0_2_R 1 6.684e+03 4.099e+02 3.294e+02
s>                ( - 3.098e+03 2 0)
s>                ( - 3.177e+03 2 0 SILENCE 1 2.231e+02 1.630e+02))))INFO: dtree.c(1315): Comp split 0
INFO: dtree.c(1478): Final simple tree
|( QUESTION0_3_R 1 1.071e+04 4.940e+02 5.215e+02
|    ( - 3.098e+03 2 0)
|    ( QUESTION0_1_R 1 7.116e+03 4.106e+02 3.552e+02
|        ( - 2.292e+03 1 0)
|        ( QUESTION0_17_R 1 4.413e+03 3.122e+02 2.338e+02
|            ( - 6.512e+02 3 0 WDBNDRY_E 0 1.315e+02 4.115e+01)
|            ( QUESTION0_7_R 1 3.450e+03 2.399e+02 1.926e+02
|                ( QUESTION0_10_R 1 2.096e+03 1.863e+02 1.270e+02
|                    ( QUESTION0_11_R 1 7.956e+02 1.495e+02 4.900e+01
|                        ( - 3.628e+02 2 0 QUESTION0_12_R 1 7.258e+01 2.500e+01)
|                        ( - 2.833e+02 1 0))
|                    ( - 1.114e+03 2 0 QUESTION0_16_R 1 8.939e+01 7.800e+01))
|                ( SILENCE 1 1.114e+03 1.429e+02 6.564e+01
|                    ( - 6.610e+02 1 0)
|                    ( - 3.098e+02 1 0))))))
s>    ( QUESTION0_3_R 1 1.071e+04 4.940e+02 5.215e+02
s>        ( - 3.098e+03 2 0)
s>        ( QUESTION0_1_R 1 7.116e+03 4.106e+02 3.552e+02
s>            ( - 2.292e+03 1 0)
s>            ( QUESTION0_17_R 1 4.413e+03 3.122e+02 2.338e+02
s>                ( - 6.512e+02 3 0 WDBNDRY_E 0 1.315e+02 4.115e+01)
s>                ( QUESTION0_7_R 1 3.450e+03 2.399e+02 1.926e+02
s>                    ( QUESTION0_10_R 1 2.096e+03 1.863e+02 1.270e+02
s>                        ( QUESTION0_11_R 1 7.956e+02 1.495e+02 4.900e+01
s>                            ( - 3.628e+02 2 0 QUESTION0_12_R 1 7.258e+01 2.500e+01)
s>                            ( - 2.833e+02 1 0))
s>                        ( - 1.114e+03 2 0 QUESTION0_16_R 1 8.939e+01 7.800e+01))
s>                    ( SILENCE 1 1.114e+03 1.429e+02 6.564e+01
s>                        ( - 6.610e+02 1 0)
s>                        ( - 3.098e+02 1 0))))))INFO: dtree.c(1478): Final simple tree
|( QUESTION0 1 1.318e+04 5.728e+02 6.260e+02
|    ( QUESTION1 1 7.603e+03 2.594e+02 3.746e+02
|        ( WDBNDRY_B 0 6.260e+02 1.135e+02 3.950e+01
|            ( SILENCE -1 6.849e+01 3.904e+01 9.734e+00
|                ( - 2.475e+01 1 0)
|                ( - 4.706e+00 1 0))
|            ( - 4.441e+02 2 0))
|        ( WDBNDRY_B 0 6.718e+03 1.021e+02 3.351e+02
|            ( - 4.886e+01 1 0)
|            ( - 6.567e+03 2 0)))
|    ( QUESTION0_8_R 1 5.002e+03 4.202e+02 2.514e+02
|        ( - 2.330e+03 1 0)
|        ( QUESTION6 1 2.252e+03 2.396e+02 1.134e+02
|            ( - 4.459e+02 1 0)
|            ( - 1.567e+03 1 0))))
s>    ( QUESTION0 1 1.318e+04 5.728e+02 6.260e+02
s>        ( QUESTION1 1 7.603e+03 2.594e+02 3.746e+02
s>            ( WDBNDRY_B 0 6.260e+02 1.135e+02 3.950e+01
s>                ( SILENCE -1 6.849e+01 3.904e+01 9.734e+00
s>                    ( - 2.475e+01 1 0)
s>                    ( - 4.706e+00 1 0))
s>                ( - 4.441e+02 2 0))
s>            ( WDBNDRY_B 0 6.718e+03 1.021e+02 3.351e+02
s>                ( - 4.886e+01 1 0)
s>                ( - 6.567e+03 2 0)))
s>        ( QUESTION0_8_R 1 5.002e+03 4.202e+02 2.514e+02
s>            ( - 2.330e+03 1 0)
s>            ( QUESTION6 1 2.252e+03 2.396e+02 1.134e+02
s>                ( - 4.459e+02 1 0)
s>                ( - 1.567e+03 1 0))))INFO: dtree.c(1315): Comp split 1
INFO: dtree.c(1439): stop. leaf nodes are specific
INFO: dtree.c(1478): Final simple tree
|( QUESTION16 1 3.046e+03 2.778e+02 1.491e+02
|    ( - 1.567e+03 1 0)
|    ( QUESTION0_8_R 1 1.202e+03 1.859e+02 6.876e+01
|        ( WDBNDRY_B 0 5.700e+02 7.709e+01 3.576e+01
|            ( - 4.886e+01 1 0)
|            ( - 4.441e+02 2 0))
|        ( - 4.459e+02 1 0)))
s>    ( QUESTION16 1 3.046e+03 2.778e+02 1.491e+02
s>        ( - 1.567e+03 1 0)
s>        ( QUESTION0_8_R 1 1.202e+03 1.859e+02 6.876e+01
s>            ( WDBNDRY_B 0 5.700e+02 7.709e+01 3.576e+01
s>                ( - 4.886e+01 1 0)
s>                ( - 4.441e+02 2 0))
s>            ( - 4.459e+02 1 0)))INFO: dtree.c(1439): stop. leaf nodes are specific
INFO: dtree.c(1478): Final simple tree
|( QUESTION0 1 9.552e+03 4.654e+02 4.769e+02
|    ( WDBNDRY_B 0 6.757e+03 1.221e+02 3.389e+02
|        ( SILENCE -1 6.849e+01 3.904e+01 9.734e+00
|            ( - 2.475e+01 1 0)
|            ( - 4.706e+00 1 0))
|        ( - 6.567e+03 2 0))
|    ( - 2.330e+03 1 0))
s>    ( QUESTION0 1 9.552e+03 4.654e+02 4.769e+02
s>        ( WDBNDRY_B 0 6.757e+03 1.221e+02 3.389e+02
s>            ( SILENCE -1 6.849e+01 3.904e+01 9.734e+00
s>                ( - 2.475e+01 1 0)
s>                ( - 4.706e+00 1 0))
s>            ( - 6.567e+03 2 0))
s>        ( - 2.330e+03 1 0))INFO: dtree.c(1315): Comp split 2
INFO: dtree.c(1439): stop. leaf nodes are specific
INFO: dtree.c(1478): Final simple tree
|( QUESTION0_1_R 1 4.759e+03 3.589e+02 2.484e+02
|    ( - 2.292e+03 1 0)
|    ( QUESTION0_13_R 1 2.108e+03 1.891e+02 1.270e+02
|        ( QUESTION0_16_R 1 1.114e+03 8.939e+01 7.800e+01
|            ( - 8.618e+02 1 0)
|            ( - 1.632e+02 1 0))
|        ( QUESTION0_0_R 1 8.043e+02 1.317e+02 4.900e+01
|            ( - 3.098e+02 1 0)
|            ( QUESTION0_12_R 1 3.628e+02 7.258e+01 2.500e+01
|                ( - 9.070e+01 1 0)
|                ( - 1.995e+02 1 0)))))
s>    ( QUESTION0_1_R 1 4.759e+03 3.589e+02 2.484e+02
s>        ( - 2.292e+03 1 0)
s>        ( QUESTION0_13_R 1 2.108e+03 1.891e+02 1.270e+02
s>            ( QUESTION0_16_R 1 1.114e+03 8.939e+01 7.800e+01
s>                ( - 8.618e+02 1 0)
s>                ( - 1.632e+02 1 0))
s>            ( QUESTION0_0_R 1 8.043e+02 1.317e+02 4.900e+01
s>                ( - 3.098e+02 1 0)
s>                ( QUESTION0_12_R 1 3.628e+02 7.258e+01 2.500e+01
s>                    ( - 9.070e+01 1 0)
s>                    ( - 1.995e+02 1 0)))))INFO: dtree.c(1439): stop. leaf nodes are specific
INFO: dtree.c(1478): Final simple tree
|( QUESTION0_0_R 1 5.427e+03 3.652e+02 2.731e+02
|    ( - 3.098e+03 2 0)
|    ( QUESTION0_13_R 1 1.964e+03 2.258e+02 1.068e+02
|        ( WDBNDRY_E 0 6.512e+02 1.315e+02 4.115e+01
|            ( QUESTION0_18_R 1 3.424e+02 7.974e+01 2.700e+01
|                ( - 8.211e+01 1 0)
|                ( - 1.806e+02 1 0))
|            ( - 1.773e+02 1 0))
|        ( SILENCE 1 1.087e+03 1.428e+02 6.564e+01
|            ( - 6.610e+02 1 0)
|            ( - 2.833e+02 1 0))))
s>    ( QUESTION0_0_R 1 5.427e+03 3.652e+02 2.731e+02
s>        ( - 3.098e+03 2 0)
s>        ( QUESTION0_13_R 1 1.964e+03 2.258e+02 1.068e+02
s>            ( WDBNDRY_E 0 6.512e+02 1.315e+02 4.115e+01
s>                ( QUESTION0_18_R 1 3.424e+02 7.974e+01 2.700e+01
s>                    ( - 8.211e+01 1 0)
s>                    ( - 1.806e+02 1 0))
s>                ( - 1.773e+02 1 0))
s>            ( SILENCE 1 1.087e+03 1.428e+02 6.564e+01
s>                ( - 6.610e+02 1 0)
s>                ( - 2.833e+02 1 0))))INFO: dtree.c(1315): Comp split 3
INFO: dtree.c(1439): stop. leaf nodes are specific
INFO: dtree.c(1478): Final simple tree
|( WDBNDRY_B 0 2.391e+03 5.662e+01 1.427e+02
|    ( - 4.706e+00 1 0)
|    ( - 2.330e+03 1 0))
s>    ( WDBNDRY_B 0 2.391e+03 5.662e+01 1.427e+02
s>        ( - 4.706e+00 1 0)
s>        ( - 2.330e+03 1 0))INFO: dtree.c(1439): stop. leaf nodes are specific
INFO: dtree.c(1478): Final simple tree
|( WDBNDRY_B 0 6.688e+03 9.646e+01 3.341e+02
|    ( - 2.475e+01 1 0)
|    ( - 6.567e+03 2 0))
s>    ( WDBNDRY_B 0 6.688e+03 9.646e+01 3.341e+02
s>        ( - 2.475e+01 1 0)
s>        ( - 6.567e+03 2 0))INFO: dtree.c(1315): Comp split 4
INFO: dtree.c(1439): stop. leaf nodes are specific
INFO: dtree.c(1478): Final simple tree
|( QUESTION0_0_R 1 1.574e+03 1.504e+02 1.020e+02
|    ( - 3.098e+02 1 0)
|    ( QUESTION0_16_R 1 1.114e+03 8.939e+01 7.800e+01
|        ( - 8.618e+02 1 0)
|        ( - 1.632e+02 1 0)))
s>    ( QUESTION0_0_R 1 1.574e+03 1.504e+02 1.020e+02
s>        ( - 3.098e+02 1 0)
s>        ( QUESTION0_16_R 1 1.114e+03 8.939e+01 7.800e+01
s>            ( - 8.618e+02 1 0)
s>            ( - 1.632e+02 1 0)))INFO: dtree.c(1439): stop. leaf nodes are specific
INFO: dtree.c(1478): Final simple tree
|( QUESTION0_0_R 1 2.810e+03 1.549e+02 1.464e+02
|    ( - 2.292e+03 1 0)
|    ( QUESTION0_12_R 1 3.628e+02 7.258e+01 2.500e+01
|        ( - 9.070e+01 1 0)
|        ( - 1.995e+02 1 0)))
s>    ( QUESTION0_0_R 1 2.810e+03 1.549e+02 1.464e+02
s>        ( - 2.292e+03 1 0)
s>        ( QUESTION0_12_R 1 3.628e+02 7.258e+01 2.500e+01
s>            ( - 9.070e+01 1 0)
s>            ( - 1.995e+02 1 0)))INFO: dtree.c(1315): Comp split 5
INFO: dtree.c(1439): stop. leaf nodes are specific
INFO: dtree.c(1478): Final simple tree
|( QUESTION0_13_R 1 1.964e+03 2.258e+02 1.068e+02
|    ( WDBNDRY_E 0 6.512e+02 1.315e+02 4.115e+01
|        ( QUESTION0_18_R 1 3.424e+02 7.974e+01 2.700e+01
|            ( - 8.211e+01 1 0)
|            ( - 1.806e+02 1 0))
|        ( - 1.773e+02 1 0))
|    ( SILENCE 1 1.087e+03 1.428e+02 6.564e+01
|        ( - 6.610e+02 1 0)
|        ( - 2.833e+02 1 0)))
s>    ( QUESTION0_13_R 1 1.964e+03 2.258e+02 1.068e+02
s>        ( WDBNDRY_E 0 6.512e+02 1.315e+02 4.115e+01
s>            ( QUESTION0_18_R 1 3.424e+02 7.974e+01 2.700e+01
s>                ( - 8.211e+01 1 0)
s>                ( - 1.806e+02 1 0))
s>            ( - 1.773e+02 1 0))
s>        ( SILENCE 1 1.087e+03 1.428e+02 6.564e+01
s>            ( - 6.610e+02 1 0)
s>            ( - 2.833e+02 1 0)))INFO: dtree.c(1315): Comp split 6
INFO: dtree.c(1439): stop. leaf nodes are specific
INFO: dtree.c(1478): Final simple tree
|( QUESTION0_8_R 1 1.063e+03 1.733e+02 6.276e+01
|    ( - 4.441e+02 2 0)
|    ( - 4.459e+02 1 0))
s>    ( QUESTION0_8_R 1 1.063e+03 1.733e+02 6.276e+01
s>        ( - 4.441e+02 2 0)
s>        ( - 4.459e+02 1 0))INFO: dtree.c(1439): stop. leaf nodes are specific
INFO: dtree.c(1478): Final simple tree
|( WDBNDRY_B 0 1.702e+03 8.643e+01 8.637e+01
|    ( - 4.886e+01 1 0)
|    ( - 1.567e+03 1 0))
s>    ( WDBNDRY_B 0 1.702e+03 8.643e+01 8.637e+01
s>        ( - 4.886e+01 1 0)
s>        ( - 1.567e+03 1 0))INFO: dtree.c(1315): Comp split 7
INFO: dtree.c(1439): stop. leaf nodes are specific
INFO: dtree.c(1478): Final simple tree
|( WDBNDRY_E 0 6.512e+02 1.315e+02 4.115e+01
|    ( QUESTION0_18_R 1 3.424e+02 7.974e+01 2.700e+01
|        ( - 8.211e+01 1 0)
|        ( - 1.806e+02 1 0))
|    ( - 1.773e+02 1 0))
s>    ( WDBNDRY_E 0 6.512e+02 1.315e+02 4.115e+01
s>        ( QUESTION0_18_R 1 3.424e+02 7.974e+01 2.700e+01
s>            ( - 8.211e+01 1 0)
s>            ( - 1.806e+02 1 0))
s>        ( - 1.773e+02 1 0))INFO: dtree.c(1439): stop. leaf nodes are specific
INFO: dtree.c(1478): Final simple tree
|( SILENCE 1 1.087e+03 1.428e+02 6.564e+01
|    ( - 6.610e+02 1 0)
|    ( - 2.833e+02 1 0))
s>    ( SILENCE 1 1.087e+03 1.428e+02 6.564e+01
s>        ( - 6.610e+02 1 0)
s>        ( - 2.833e+02 1 0))INFO: dtree.c(1315): Comp split 8
INFO: dtree.c(1315): Comp split 9
INFO: dtree.c(1439): stop. leaf nodes are specific
INFO: dtree.c(1478): Final simple tree
|( QUESTION0_12_R 1 3.628e+02 7.258e+01 2.500e+01
|    ( - 9.070e+01 1 0)
|    ( - 1.995e+02 1 0))
s>    ( QUESTION0_12_R 1 3.628e+02 7.258e+01 2.500e+01
s>        ( - 9.070e+01 1 0)
s>        ( - 1.995e+02 1 0))INFO: dtree.c(1315): Comp split 10
INFO: dtree.c(1439): stop. leaf nodes are specific
INFO: dtree.c(1478): Final simple tree
|( QUESTION0_16_R 1 1.114e+03 8.939e+01 7.800e+01
|    ( - 8.618e+02 1 0)
|    ( - 1.632e+02 1 0))
s>    ( QUESTION0_16_R 1 1.114e+03 8.939e+01 7.800e+01
s>        ( - 8.618e+02 1 0)
s>        ( - 1.632e+02 1 0))INFO: dtree.c(1315): Comp split 11
INFO: dtree.c(1315): Comp split 12
INFO: dtree.c(1439): stop. leaf nodes are specific
INFO: dtree.c(1478): Final simple tree
|( QUESTION0_18_R 1 3.424e+02 7.974e+01 2.700e+01
|    ( - 8.211e+01 1 0)
|    ( - 1.806e+02 1 0))
s>    ( QUESTION0_18_R 1 3.424e+02 7.974e+01 2.700e+01
s>        ( - 8.211e+01 1 0)
s>        ( - 1.806e+02 1 0))INFO: dtree.c(1315): Comp split 13
INFO: dtree.c(1315): Comp split 14
INFO: dtree.c(1315): Comp split 15
INFO: dtree.c(1315): Comp split 16
INFO: dtree.c(1315): Comp split 17
INFO: dtree.c(1315): Comp split 18
INFO: dtree.c(1315): Comp split 19
INFO: dtree.c(1318): stop. leaf nodes are specific
Mon May 23 22:39:49 2022
