Current configuration:
[NAME]		[DEFLT]	[VALUE]
-allphones	no	no
-cntthresh	0.00001	1.000000e-05
-csplitmax	100	2000
-csplitmin	1	1
-csplitthr	8e-4	0.000000e+00
-example	no	no
-fullvar	no	no
-help		no	no
-meanfn			
-mixwfn			/home/rakha/Kuliah/Semester8/nlp/speech-sphinx/train-new-model/an4-master/model_parameters/an4.cd_ptm_untied/mixture_weights
-moddeffn		/home/rakha/Kuliah/Semester8/nlp/speech-sphinx/train-new-model/an4-master/model_architecture/an4.untied.mdef
-mwfloor	1e-4	1.000000e-08
-phone			P
-psetfn			/home/rakha/Kuliah/Semester8/nlp/speech-sphinx/train-new-model/an4-master/model_architecture/an4.tree_questions
-ssplitmax	5	7
-ssplitmin	1	1
-ssplitthr	8e-4	0.000000e+00
-state			0
-stwt			1.0,0.05,0.0,
-treefn			/home/rakha/Kuliah/Semester8/nlp/speech-sphinx/train-new-model/an4-master/trees/an4.unpruned/P-0.dtree
-ts2cbfn	.semi.	.semi.
-varfloor	0.00001	1.000000e-05
-varfn			

INFO: main.c(223): Reading: /home/rakha/Kuliah/Semester8/nlp/speech-sphinx/train-new-model/an4-master/model_architecture/an4.untied.mdef
INFO: model_def_io.c(573): Model definition info:
INFO: model_def_io.c(574): 1618 total models defined (34 base, 1584 tri)
INFO: model_def_io.c(575): 6472 total states
INFO: model_def_io.c(576): 4854 total tied states
INFO: model_def_io.c(577): 102 total tied CI states
INFO: model_def_io.c(578): 34 total tied transition matrices
INFO: model_def_io.c(579): 4 max state/model
INFO: model_def_io.c(580): 4 min state/model
INFO: main.c(242): Building trees for [P AA SIL e] through [P UW IY b]
INFO: main.c(269): Covering states |[3579 3629]| == 51
INFO: main.c(275): Reading: /home/rakha/Kuliah/Semester8/nlp/speech-sphinx/train-new-model/an4-master/model_parameters/an4.cd_ptm_untied/mixture_weights
INFO: s3mixw_io.c(173): Read /home/rakha/Kuliah/Semester8/nlp/speech-sphinx/train-new-model/an4-master/model_parameters/an4.cd_ptm_untied/mixture_weights [51x4x64 array]
INFO: main.c(311): 17 of 17 models have observation count greater than 0.000010
INFO: main.c(95): nrm stwt: 0.952 0.048 0.000 
INFO: main.c(411): 17-class entropy: 1.927848e+04
INFO: main.c(549): Reading: /home/rakha/Kuliah/Semester8/nlp/speech-sphinx/train-new-model/an4-master/model_architecture/an4.tree_questions
INFO: main.c(588): 180 total simple questions (172 phone; 8 word bndry)
INFO: main.c(590): 42 Left Only questions, and 42 Right Only questions
INFO: dtree.c(1478): Final simple tree
|( QUESTION0_0_R 1 2.358e+04 1.369e+03 1.167e+03
|    ( SILENCE -1 1.610e+04 5.722e+02 8.421e+02
|        ( - 5.783e+03 1 0)
|        ( QUESTION1 -1 9.747e+03 4.243e+02 5.170e+02
|            ( - 2.851e+03 2 0 WDBNDRY_B 0 4.241e+01 1.680e+02)
|            ( WDBNDRY_B 0 6.471e+03 3.318e+02 3.491e+02
|                ( QUESTION2_0_L -1 4.347e+03 2.624e+02 2.411e+02
|                    ( QUESTION2_4_L -1 2.608e+03 2.183e+02 1.480e+02
|                        ( - 1.027e+03 3 0 QUESTION16 -1 1.172e+02 6.400e+01)
|                        ( - 1.362e+03 4 0 QUESTION0 -1 1.271e+02 8.400e+01))
|                    ( - 1.477e+03 2 0 QUESTION2_12_L -1 1.286e+02 9.310e+01))
|                ( - 1.793e+03 1 0))))
|    ( QUESTION2_18_L -1 6.114e+03 3.791e+02 3.247e+02
|        ( - 3.772e+03 2 0 WDBNDRY_E 0 1.222e+02 2.103e+02)
|        ( - 1.962e+03 2 0 WDBNDRY_E 0 2.225e+01 1.144e+02)))
s>    ( QUESTION0_0_R 1 2.358e+04 1.369e+03 1.167e+03
s>        ( SILENCE -1 1.610e+04 5.722e+02 8.421e+02
s>            ( - 5.783e+03 1 0)
s>            ( QUESTION1 -1 9.747e+03 4.243e+02 5.170e+02
s>                ( - 2.851e+03 2 0 WDBNDRY_B 0 4.241e+01 1.680e+02)
s>                ( WDBNDRY_B 0 6.471e+03 3.318e+02 3.491e+02
s>                    ( QUESTION2_0_L -1 4.347e+03 2.624e+02 2.411e+02
s>                        ( QUESTION2_4_L -1 2.608e+03 2.183e+02 1.480e+02
s>                            ( - 1.027e+03 3 0 QUESTION16 -1 1.172e+02 6.400e+01)
s>                            ( - 1.362e+03 4 0 QUESTION0 -1 1.271e+02 8.400e+01))
s>                        ( - 1.477e+03 2 0 QUESTION2_12_L -1 1.286e+02 9.310e+01))
s>                    ( - 1.793e+03 1 0))))
s>        ( QUESTION2_18_L -1 6.114e+03 3.791e+02 3.247e+02
s>            ( - 3.772e+03 2 0 WDBNDRY_E 0 1.222e+02 2.103e+02)
s>            ( - 1.962e+03 2 0 WDBNDRY_E 0 2.225e+01 1.144e+02)))INFO: dtree.c(1315): Comp split 0
INFO: dtree.c(1478): Final simple tree
|( SILENCE -1 1.610e+04 5.722e+02 8.421e+02
|    ( - 5.783e+03 1 0)
|    ( QUESTION1 -1 9.747e+03 4.243e+02 5.170e+02
|        ( - 2.851e+03 2 0 WDBNDRY_B 0 4.241e+01 1.680e+02)
|        ( WDBNDRY_B 0 6.471e+03 3.318e+02 3.491e+02
|            ( QUESTION2_0_L -1 4.347e+03 2.624e+02 2.411e+02
|                ( QUESTION2_4_L -1 2.608e+03 2.183e+02 1.480e+02
|                    ( - 1.027e+03 3 0 QUESTION16 -1 1.172e+02 6.400e+01)
|                    ( QUESTION0 -1 1.362e+03 1.271e+02 8.400e+01
|                        ( - 5.810e+02 2 0)
|                        ( - 6.543e+02 2 0 QUESTION4 -1 5.621e+01 4.400e+01)))
|                ( QUESTION2_12_L -1 1.477e+03 1.286e+02 9.310e+01
|                    ( - 7.484e+02 1 0)
|                    ( - 5.998e+02 1 0)))
|            ( - 1.793e+03 1 0))))
s>    ( SILENCE -1 1.610e+04 5.722e+02 8.421e+02
s>        ( - 5.783e+03 1 0)
s>        ( QUESTION1 -1 9.747e+03 4.243e+02 5.170e+02
s>            ( - 2.851e+03 2 0 WDBNDRY_B 0 4.241e+01 1.680e+02)
s>            ( WDBNDRY_B 0 6.471e+03 3.318e+02 3.491e+02
s>                ( QUESTION2_0_L -1 4.347e+03 2.624e+02 2.411e+02
s>                    ( QUESTION2_4_L -1 2.608e+03 2.183e+02 1.480e+02
s>                        ( - 1.027e+03 3 0 QUESTION16 -1 1.172e+02 6.400e+01)
s>                        ( QUESTION0 -1 1.362e+03 1.271e+02 8.400e+01
s>                            ( - 5.810e+02 2 0)
s>                            ( - 6.543e+02 2 0 QUESTION4 -1 5.621e+01 4.400e+01)))
s>                    ( QUESTION2_12_L -1 1.477e+03 1.286e+02 9.310e+01
s>                        ( - 7.484e+02 1 0)
s>                        ( - 5.998e+02 1 0)))
s>                ( - 1.793e+03 1 0))))INFO: dtree.c(1439): stop. leaf nodes are specific
INFO: dtree.c(1478): Final simple tree
|( QUESTION2_18_L -1 6.114e+03 3.791e+02 3.247e+02
|    ( WDBNDRY_E 0 3.772e+03 1.222e+02 2.103e+02
|        ( - 3.499e+03 1 0)
|        ( - 1.515e+02 1 0))
|    ( WDBNDRY_E 0 1.962e+03 2.225e+01 1.144e+02
|        ( - 1.940e+03 1 0)
|        ( - 0.000e+00 1 0)))
s>    ( QUESTION2_18_L -1 6.114e+03 3.791e+02 3.247e+02
s>        ( WDBNDRY_E 0 3.772e+03 1.222e+02 2.103e+02
s>            ( - 3.499e+03 1 0)
s>            ( - 1.515e+02 1 0))
s>        ( WDBNDRY_E 0 1.962e+03 2.225e+01 1.144e+02
s>            ( - 1.940e+03 1 0)
s>            ( - 0.000e+00 1 0)))INFO: dtree.c(1315): Comp split 1
INFO: dtree.c(1439): stop. leaf nodes are specific
INFO: dtree.c(1478): Final simple tree
|( SILENCE -1 7.379e+03 2.341e+02 4.090e+02
|    ( - 5.783e+03 1 0)
|    ( QUESTION0 -1 1.362e+03 1.271e+02 8.400e+01
|        ( - 5.810e+02 2 0)
|        ( QUESTION4 -1 6.543e+02 5.621e+01 4.400e+01
|            ( - 5.364e+02 1 0)
|            ( - 6.168e+01 1 0))))
s>    ( SILENCE -1 7.379e+03 2.341e+02 4.090e+02
s>        ( - 5.783e+03 1 0)
s>        ( QUESTION0 -1 1.362e+03 1.271e+02 8.400e+01
s>            ( - 5.810e+02 2 0)
s>            ( QUESTION4 -1 6.543e+02 5.621e+01 4.400e+01
s>                ( - 5.364e+02 1 0)
s>                ( - 6.168e+01 1 0))))INFO: dtree.c(1478): Final simple tree
|( QUESTION1 -1 8.099e+03 4.126e+02 4.330e+02
|    ( WDBNDRY_B 0 2.851e+03 4.241e+01 1.680e+02
|        ( - 2.794e+03 1 0)
|        ( - 1.430e+01 1 0))
|    ( QUESTION2_4_L -1 4.836e+03 2.975e+02 2.651e+02
|        ( QUESTION16 -1 1.027e+03 1.172e+02 6.400e+01
|            ( - 6.669e+02 1 0)
|            ( QUESTION4 -1 2.428e+02 4.653e+01 1.900e+01
|                ( - 1.519e+02 1 0)
|                ( - 4.437e+01 1 0)))
|        ( WDBNDRY_B 0 3.511e+03 2.416e+02 2.011e+02
|            ( QUESTION2_12_L -1 1.477e+03 1.286e+02 9.310e+01
|                ( - 7.484e+02 1 0)
|                ( - 5.998e+02 1 0))
|            ( - 1.793e+03 1 0))))
s>    ( QUESTION1 -1 8.099e+03 4.126e+02 4.330e+02
s>        ( WDBNDRY_B 0 2.851e+03 4.241e+01 1.680e+02
s>            ( - 2.794e+03 1 0)
s>            ( - 1.430e+01 1 0))
s>        ( QUESTION2_4_L -1 4.836e+03 2.975e+02 2.651e+02
s>            ( QUESTION16 -1 1.027e+03 1.172e+02 6.400e+01
s>                ( - 6.669e+02 1 0)
s>                ( QUESTION4 -1 2.428e+02 4.653e+01 1.900e+01
s>                    ( - 1.519e+02 1 0)
s>                    ( - 4.437e+01 1 0)))
s>            ( WDBNDRY_B 0 3.511e+03 2.416e+02 2.011e+02
s>                ( QUESTION2_12_L -1 1.477e+03 1.286e+02 9.310e+01
s>                    ( - 7.484e+02 1 0)
s>                    ( - 5.998e+02 1 0))
s>                ( - 1.793e+03 1 0))))INFO: dtree.c(1315): Comp split 2
INFO: dtree.c(1439): stop. leaf nodes are specific
INFO: dtree.c(1478): Final simple tree
|( QUESTION2 -1 3.671e+03 2.426e+02 2.101e+02
|    ( QUESTION2_12_L -1 1.477e+03 1.286e+02 9.310e+01
|        ( - 7.484e+02 1 0)
|        ( - 5.998e+02 1 0))
|    ( QUESTION16 -1 1.951e+03 6.965e+01 1.170e+02
|        ( - 1.793e+03 1 0)
|        ( WDBNDRY_B 0 8.894e+01 3.027e+01 9.000e+00
|            ( - 4.437e+01 1 0)
|            ( - 1.430e+01 1 0))))
s>    ( QUESTION2 -1 3.671e+03 2.426e+02 2.101e+02
s>        ( QUESTION2_12_L -1 1.477e+03 1.286e+02 9.310e+01
s>            ( - 7.484e+02 1 0)
s>            ( - 5.998e+02 1 0))
s>        ( QUESTION16 -1 1.951e+03 6.965e+01 1.170e+02
s>            ( - 1.793e+03 1 0)
s>            ( WDBNDRY_B 0 8.894e+01 3.027e+01 9.000e+00
s>                ( - 4.437e+01 1 0)
s>                ( - 1.430e+01 1 0))))INFO: dtree.c(1439): stop. leaf nodes are specific
INFO: dtree.c(1478): Final simple tree
|( QUESTION0 -1 3.974e+03 2.668e+02 2.230e+02
|    ( - 2.794e+03 1 0)
|    ( QUESTION4 -1 9.134e+02 9.454e+01 5.800e+01
|        ( - 1.519e+02 1 0)
|        ( - 6.669e+02 1 0)))
s>    ( QUESTION0 -1 3.974e+03 2.668e+02 2.230e+02
s>        ( - 2.794e+03 1 0)
s>        ( QUESTION4 -1 9.134e+02 9.454e+01 5.800e+01
s>            ( - 1.519e+02 1 0)
s>            ( - 6.669e+02 1 0)))INFO: dtree.c(1315): Comp split 3
INFO: dtree.c(1439): stop. leaf nodes are specific
INFO: dtree.c(1478): Final simple tree
|( WDBNDRY_E 0 1.962e+03 2.225e+01 1.144e+02
|    ( - 1.940e+03 1 0)
|    ( - 0.000e+00 1 0))
s>    ( WDBNDRY_E 0 1.962e+03 2.225e+01 1.144e+02
s>        ( - 1.940e+03 1 0)
s>        ( - 0.000e+00 1 0))INFO: dtree.c(1439): stop. leaf nodes are specific
INFO: dtree.c(1478): Final simple tree
|( WDBNDRY_E 0 3.772e+03 1.222e+02 2.103e+02
|    ( - 3.499e+03 1 0)
|    ( - 1.515e+02 1 0))
s>    ( WDBNDRY_E 0 3.772e+03 1.222e+02 2.103e+02
s>        ( - 3.499e+03 1 0)
s>        ( - 1.515e+02 1 0))INFO: dtree.c(1315): Comp split 4
INFO: dtree.c(1439): stop. leaf nodes are specific
INFO: dtree.c(1478): Final simple tree
|( QUESTION4 -1 9.134e+02 9.454e+01 5.800e+01
|    ( - 1.519e+02 1 0)
|    ( - 6.669e+02 1 0))
s>    ( QUESTION4 -1 9.134e+02 9.454e+01 5.800e+01
s>        ( - 1.519e+02 1 0)
s>        ( - 6.669e+02 1 0))INFO: dtree.c(1315): Comp split 5
INFO: dtree.c(1439): stop. leaf nodes are specific
INFO: dtree.c(1478): Final simple tree
|( QUESTION16 -1 1.951e+03 6.965e+01 1.170e+02
|    ( - 1.793e+03 1 0)
|    ( WDBNDRY_B 0 8.894e+01 3.027e+01 9.000e+00
|        ( - 4.437e+01 1 0)
|        ( - 1.430e+01 1 0)))
s>    ( QUESTION16 -1 1.951e+03 6.965e+01 1.170e+02
s>        ( - 1.793e+03 1 0)
s>        ( WDBNDRY_B 0 8.894e+01 3.027e+01 9.000e+00
s>            ( - 4.437e+01 1 0)
s>            ( - 1.430e+01 1 0)))INFO: dtree.c(1439): stop. leaf nodes are specific
INFO: dtree.c(1478): Final simple tree
|( QUESTION2_12_L -1 1.477e+03 1.286e+02 9.310e+01
|    ( - 7.484e+02 1 0)
|    ( - 5.998e+02 1 0))
s>    ( QUESTION2_12_L -1 1.477e+03 1.286e+02 9.310e+01
s>        ( - 7.484e+02 1 0)
s>        ( - 5.998e+02 1 0))INFO: dtree.c(1315): Comp split 6
INFO: dtree.c(1439): stop. leaf nodes are specific
INFO: dtree.c(1478): Final simple tree
|( QUESTION0 -1 1.362e+03 1.271e+02 8.400e+01
|    ( - 5.810e+02 2 0)
|    ( QUESTION4 -1 6.543e+02 5.621e+01 4.400e+01
|        ( - 5.364e+02 1 0)
|        ( - 6.168e+01 1 0)))
s>    ( QUESTION0 -1 1.362e+03 1.271e+02 8.400e+01
s>        ( - 5.810e+02 2 0)
s>        ( QUESTION4 -1 6.543e+02 5.621e+01 4.400e+01
s>            ( - 5.364e+02 1 0)
s>            ( - 6.168e+01 1 0)))INFO: dtree.c(1315): Comp split 7
INFO: dtree.c(1315): Comp split 8
INFO: dtree.c(1439): stop. leaf nodes are specific
INFO: dtree.c(1478): Final simple tree
|( QUESTION4 -1 6.543e+02 5.621e+01 4.400e+01
|    ( - 5.364e+02 1 0)
|    ( - 6.168e+01 1 0))
s>    ( QUESTION4 -1 6.543e+02 5.621e+01 4.400e+01
s>        ( - 5.364e+02 1 0)
s>        ( - 6.168e+01 1 0))INFO: dtree.c(1315): Comp split 9
INFO: dtree.c(1315): Comp split 10
INFO: dtree.c(1315): Comp split 11
INFO: dtree.c(1439): stop. leaf nodes are specific
INFO: dtree.c(1478): Final simple tree
|( WDBNDRY_B 0 8.894e+01 3.027e+01 9.000e+00
|    ( - 4.437e+01 1 0)
|    ( - 1.430e+01 1 0))
s>    ( WDBNDRY_B 0 8.894e+01 3.027e+01 9.000e+00
s>        ( - 4.437e+01 1 0)
s>        ( - 1.430e+01 1 0))INFO: dtree.c(1315): Comp split 12
INFO: dtree.c(1315): Comp split 13
INFO: dtree.c(1315): Comp split 14
INFO: dtree.c(1315): Comp split 15
INFO: dtree.c(1318): stop. leaf nodes are specific
Mon May 23 22:39:52 2022
