Current configuration:
[NAME]		[DEFLT]	[VALUE]
-allphones	no	no
-cntthresh	0.00001	1.000000e-05
-csplitmax	100	2000
-csplitmin	1	1
-csplitthr	8e-4	0.000000e+00
-example	no	no
-fullvar	no	no
-help		no	no
-meanfn			
-mixwfn			/home/rakha/Kuliah/Semester8/nlp/speech-sphinx/train-new-model/an4-master/model_parameters/an4.cd_ptm_untied/mixture_weights
-moddeffn		/home/rakha/Kuliah/Semester8/nlp/speech-sphinx/train-new-model/an4-master/model_architecture/an4.untied.mdef
-mwfloor	1e-4	1.000000e-08
-phone			CH
-psetfn			/home/rakha/Kuliah/Semester8/nlp/speech-sphinx/train-new-model/an4-master/model_architecture/an4.tree_questions
-ssplitmax	5	7
-ssplitmin	1	1
-ssplitthr	8e-4	0.000000e+00
-state			0
-stwt			1.0,0.05,0.0,
-treefn			/home/rakha/Kuliah/Semester8/nlp/speech-sphinx/train-new-model/an4-master/trees/an4.unpruned/CH-0.dtree
-ts2cbfn	.semi.	.semi.
-varfloor	0.00001	1.000000e-05
-varfn			

INFO: main.c(223): Reading: /home/rakha/Kuliah/Semester8/nlp/speech-sphinx/train-new-model/an4-master/model_architecture/an4.untied.mdef
INFO: model_def_io.c(573): Model definition info:
INFO: model_def_io.c(574): 1618 total models defined (34 base, 1584 tri)
INFO: model_def_io.c(575): 6472 total states
INFO: model_def_io.c(576): 4854 total tied states
INFO: model_def_io.c(577): 102 total tied CI states
INFO: model_def_io.c(578): 34 total tied transition matrices
INFO: model_def_io.c(579): 4 max state/model
INFO: model_def_io.c(580): 4 min state/model
INFO: main.c(242): Building trees for [CH EY AA e] through [CH R TH e]
INFO: main.c(269): Covering states |[789 860]| == 72
INFO: main.c(275): Reading: /home/rakha/Kuliah/Semester8/nlp/speech-sphinx/train-new-model/an4-master/model_parameters/an4.cd_ptm_untied/mixture_weights
INFO: s3mixw_io.c(173): Read /home/rakha/Kuliah/Semester8/nlp/speech-sphinx/train-new-model/an4-master/model_parameters/an4.cd_ptm_untied/mixture_weights [72x4x64 array]
INFO: main.c(311): 24 of 24 models have observation count greater than 0.000010
INFO: main.c(95): nrm stwt: 0.952 0.048 0.000 
INFO: main.c(411): 24-class entropy: 1.811000e+04
INFO: main.c(549): Reading: /home/rakha/Kuliah/Semester8/nlp/speech-sphinx/train-new-model/an4-master/model_architecture/an4.tree_questions
INFO: main.c(588): 180 total simple questions (172 phone; 8 word bndry)
INFO: main.c(590): 42 Left Only questions, and 42 Right Only questions
INFO: dtree.c(1478): Final simple tree
|( SILENCE 1 2.086e+04 5.310e+02 1.056e+03
|    ( - 8.749e+03 1 0)
|    ( QUESTION0_2_R 1 1.158e+04 2.150e+02 6.001e+02
|        ( - 2.412e+03 2 0)
|        ( QUESTION0_9_R 1 8.958e+03 1.994e+02 4.693e+02
|            ( QUESTION0_15_R 1 3.645e+03 1.727e+02 1.982e+02
|                ( - 1.281e+03 7 0 QUESTION0_16_R 1 1.149e+02 7.500e+01)
|                ( QUESTION7 1 2.192e+03 1.407e+02 1.232e+02
|                    ( - 7.928e+02 3 0 QUESTION0_11_R 1 6.936e+01 4.800e+01)
|                    ( - 1.258e+03 3 0 QUESTION6 1 8.536e+01 7.519e+01)))
|            ( QUESTION2 1 5.113e+03 1.648e+02 2.711e+02
|                ( - 3.429e+03 3 0)
|                ( QUESTION0_0_R 1 1.519e+03 1.306e+02 8.880e+01
|                    ( - 8.281e+02 2 0 QUESTION0 1 8.169e+01 5.180e+01)
|                    ( - 5.606e+02 3 0 QUESTION0 1 9.537e+01 3.700e+01))))))
s>    ( SILENCE 1 2.086e+04 5.310e+02 1.056e+03
s>        ( - 8.749e+03 1 0)
s>        ( QUESTION0_2_R 1 1.158e+04 2.150e+02 6.001e+02
s>            ( - 2.412e+03 2 0)
s>            ( QUESTION0_9_R 1 8.958e+03 1.994e+02 4.693e+02
s>                ( QUESTION0_15_R 1 3.645e+03 1.727e+02 1.982e+02
s>                    ( - 1.281e+03 7 0 QUESTION0_16_R 1 1.149e+02 7.500e+01)
s>                    ( QUESTION7 1 2.192e+03 1.407e+02 1.232e+02
s>                        ( - 7.928e+02 3 0 QUESTION0_11_R 1 6.936e+01 4.800e+01)
s>                        ( - 1.258e+03 3 0 QUESTION6 1 8.536e+01 7.519e+01)))
s>                ( QUESTION2 1 5.113e+03 1.648e+02 2.711e+02
s>                    ( - 3.429e+03 3 0)
s>                    ( QUESTION0_0_R 1 1.519e+03 1.306e+02 8.880e+01
s>                        ( - 8.281e+02 2 0 QUESTION0 1 8.169e+01 5.180e+01)
s>                        ( - 5.606e+02 3 0 QUESTION0 1 9.537e+01 3.700e+01))))))INFO: dtree.c(1315): Comp split 0
INFO: dtree.c(1478): Final simple tree
|( QUESTION0_2_R 1 1.158e+04 2.150e+02 6.001e+02
|    ( - 2.412e+03 2 0)
|    ( QUESTION0_9_R 1 8.958e+03 1.994e+02 4.693e+02
|        ( QUESTION0_15_R 1 3.645e+03 1.727e+02 1.982e+02
|            ( QUESTION0_16_R 1 1.281e+03 1.149e+02 7.500e+01
|                ( - 8.450e+02 4 0 QUESTION0_17_R 1 7.427e+01 5.200e+01)
|                ( - 3.212e+02 3 0 QUESTION0_20_R 1 6.112e+01 2.300e+01))
|            ( QUESTION7 1 2.192e+03 1.407e+02 1.232e+02
|                ( - 7.928e+02 3 0 QUESTION0_11_R 1 6.936e+01 4.800e+01)
|                ( - 1.258e+03 3 0 QUESTION6 1 8.536e+01 7.519e+01)))
|        ( QUESTION2 1 5.113e+03 1.648e+02 2.711e+02
|            ( - 3.429e+03 3 0)
|            ( QUESTION0_0_R 1 1.519e+03 1.306e+02 8.880e+01
|                ( - 8.281e+02 2 0 QUESTION0 1 8.169e+01 5.180e+01)
|                ( - 5.606e+02 3 0 QUESTION0 1 9.537e+01 3.700e+01)))))
s>    ( QUESTION0_2_R 1 1.158e+04 2.150e+02 6.001e+02
s>        ( - 2.412e+03 2 0)
s>        ( QUESTION0_9_R 1 8.958e+03 1.994e+02 4.693e+02
s>            ( QUESTION0_15_R 1 3.645e+03 1.727e+02 1.982e+02
s>                ( QUESTION0_16_R 1 1.281e+03 1.149e+02 7.500e+01
s>                    ( - 8.450e+02 4 0 QUESTION0_17_R 1 7.427e+01 5.200e+01)
s>                    ( - 3.212e+02 3 0 QUESTION0_20_R 1 6.112e+01 2.300e+01))
s>                ( QUESTION7 1 2.192e+03 1.407e+02 1.232e+02
s>                    ( - 7.928e+02 3 0 QUESTION0_11_R 1 6.936e+01 4.800e+01)
s>                    ( - 1.258e+03 3 0 QUESTION6 1 8.536e+01 7.519e+01)))
s>            ( QUESTION2 1 5.113e+03 1.648e+02 2.711e+02
s>                ( - 3.429e+03 3 0)
s>                ( QUESTION0_0_R 1 1.519e+03 1.306e+02 8.880e+01
s>                    ( - 8.281e+02 2 0 QUESTION0 1 8.169e+01 5.180e+01)
s>                    ( - 5.606e+02 3 0 QUESTION0 1 9.537e+01 3.700e+01)))))INFO: dtree.c(1315): Comp split 1
INFO: dtree.c(1478): Final simple tree
|( QUESTION0_8_R 1 6.794e+03 1.694e+02 3.613e+02
|    ( - 3.429e+03 3 0)
|    ( QUESTION0_13_R 1 3.195e+03 1.368e+02 1.790e+02
|        ( QUESTION16 1 2.004e+03 1.303e+02 1.152e+02
|            ( - 9.462e+02 1 0)
|            ( QUESTION4 1 9.271e+02 7.914e+01 5.700e+01
|                ( - 2.073e+02 1 0)
|                ( QUESTION0_18_R 1 6.406e+02 6.535e+01 4.100e+01
|                    ( - 1.987e+02 2 0 QUESTION7 1 3.915e+01 1.500e+01)
|                    ( - 3.765e+02 2 0 QUESTION0_14_R 1 3.253e+01 2.600e+01))))
|        ( QUESTION0 1 1.055e+03 9.722e+01 6.380e+01
|            ( - 6.542e+02 1 0)
|            ( QUESTION0_0_R 1 3.035e+02 6.496e+01 2.100e+01
|                ( - 9.222e+01 1 0)
|                ( - 1.464e+02 1 0)))))
s>    ( QUESTION0_8_R 1 6.794e+03 1.694e+02 3.613e+02
s>        ( - 3.429e+03 3 0)
s>        ( QUESTION0_13_R 1 3.195e+03 1.368e+02 1.790e+02
s>            ( QUESTION16 1 2.004e+03 1.303e+02 1.152e+02
s>                ( - 9.462e+02 1 0)
s>                ( QUESTION4 1 9.271e+02 7.914e+01 5.700e+01
s>                    ( - 2.073e+02 1 0)
s>                    ( QUESTION0_18_R 1 6.406e+02 6.535e+01 4.100e+01
s>                        ( - 1.987e+02 2 0 QUESTION7 1 3.915e+01 1.500e+01)
s>                        ( - 3.765e+02 2 0 QUESTION0_14_R 1 3.253e+01 2.600e+01))))
s>            ( QUESTION0 1 1.055e+03 9.722e+01 6.380e+01
s>                ( - 6.542e+02 1 0)
s>                ( QUESTION0_0_R 1 3.035e+02 6.496e+01 2.100e+01
s>                    ( - 9.222e+01 1 0)
s>                    ( - 1.464e+02 1 0)))))INFO: dtree.c(1478): Final simple tree
|( QUESTION0_0_R 1 4.532e+03 1.814e+02 2.388e+02
|    ( - 2.412e+03 2 0)
|    ( QUESTION0_13_R 1 1.939e+03 1.454e+02 1.080e+02
|        ( QUESTION0_20_R 1 3.212e+02 6.112e+01 2.300e+01
|            ( - 1.013e+02 1 0)
|            ( - 1.588e+02 2 0 QUESTION0 -1 3.647e+01 1.300e+01))
|        ( QUESTION4 1 1.472e+03 1.410e+02 8.500e+01
|            ( - 2.864e+02 1 0)
|            ( QUESTION0 -1 1.045e+03 7.532e+01 6.300e+01
|                ( QUESTION0_8_R 1 8.771e+02 6.626e+01 5.400e+01
|                    ( - 1.788e+02 2 0)
|                    ( QUESTION0_11_R 1 6.320e+02 6.561e+01 3.900e+01
|                        ( - 1.949e+02 1 0)
|                        ( - 3.715e+02 1 0)))
|                ( - 9.227e+01 1 0)))))
s>    ( QUESTION0_0_R 1 4.532e+03 1.814e+02 2.388e+02
s>        ( - 2.412e+03 2 0)
s>        ( QUESTION0_13_R 1 1.939e+03 1.454e+02 1.080e+02
s>            ( QUESTION0_20_R 1 3.212e+02 6.112e+01 2.300e+01
s>                ( - 1.013e+02 1 0)
s>                ( - 1.588e+02 2 0 QUESTION0 -1 3.647e+01 1.300e+01))
s>            ( QUESTION4 1 1.472e+03 1.410e+02 8.500e+01
s>                ( - 2.864e+02 1 0)
s>                ( QUESTION0 -1 1.045e+03 7.532e+01 6.300e+01
s>                    ( QUESTION0_8_R 1 8.771e+02 6.626e+01 5.400e+01
s>                        ( - 1.788e+02 2 0)
s>                        ( QUESTION0_11_R 1 6.320e+02 6.561e+01 3.900e+01
s>                            ( - 1.949e+02 1 0)
s>                            ( - 3.715e+02 1 0)))
s>                    ( - 9.227e+01 1 0)))))INFO: dtree.c(1315): Comp split 2
INFO: dtree.c(1439): stop. leaf nodes are specific
INFO: dtree.c(1478): Final simple tree
|( QUESTION4 1 1.722e+03 1.374e+02 9.800e+01
|    ( - 2.864e+02 1 0)
|    ( QUESTION0_13_R 1 1.298e+03 9.484e+01 7.600e+01
|        ( QUESTION0 -1 1.588e+02 3.647e+01 1.300e+01
|            ( - 9.906e+01 1 0)
|            ( - 2.330e+01 1 0))
|        ( QUESTION0 -1 1.045e+03 7.532e+01 6.300e+01
|            ( QUESTION0_8_R 1 8.771e+02 6.626e+01 5.400e+01
|                ( - 1.788e+02 2 0)
|                ( QUESTION0_11_R 1 6.320e+02 6.561e+01 3.900e+01
|                    ( - 1.949e+02 1 0)
|                    ( - 3.715e+02 1 0)))
|            ( - 9.227e+01 1 0))))
s>    ( QUESTION4 1 1.722e+03 1.374e+02 9.800e+01
s>        ( - 2.864e+02 1 0)
s>        ( QUESTION0_13_R 1 1.298e+03 9.484e+01 7.600e+01
s>            ( QUESTION0 -1 1.588e+02 3.647e+01 1.300e+01
s>                ( - 9.906e+01 1 0)
s>                ( - 2.330e+01 1 0))
s>            ( QUESTION0 -1 1.045e+03 7.532e+01 6.300e+01
s>                ( QUESTION0_8_R 1 8.771e+02 6.626e+01 5.400e+01
s>                    ( - 1.788e+02 2 0)
s>                    ( QUESTION0_11_R 1 6.320e+02 6.561e+01 3.900e+01
s>                        ( - 1.949e+02 1 0)
s>                        ( - 3.715e+02 1 0)))
s>                ( - 9.227e+01 1 0))))INFO: dtree.c(1439): stop. leaf nodes are specific
INFO: dtree.c(1478): Final simple tree
|( QUESTION0_0_R 1 2.614e+03 1.006e+02 1.408e+02
|    ( - 2.412e+03 2 0)
|    ( - 1.013e+02 1 0))
s>    ( QUESTION0_0_R 1 2.614e+03 1.006e+02 1.408e+02
s>        ( - 2.412e+03 2 0)
s>        ( - 1.013e+02 1 0))INFO: dtree.c(1315): Comp split 3
INFO: dtree.c(1439): stop. leaf nodes are specific
INFO: dtree.c(1478): Final simple tree
|( QUESTION0_13_R 1 1.926e+03 1.223e+02 1.118e+02
|    ( QUESTION4 1 9.271e+02 7.914e+01 5.700e+01
|        ( - 2.073e+02 1 0)
|        ( QUESTION0_18_R 1 6.406e+02 6.535e+01 4.100e+01
|            ( QUESTION7 1 1.987e+02 3.915e+01 1.500e+01
|                ( - 9.261e+01 1 0)
|                ( - 6.696e+01 1 0))
|            ( QUESTION0_14_R 1 3.765e+02 3.253e+01 2.600e+01
|                ( - 4.012e+01 1 0)
|                ( - 3.039e+02 1 0))))
|    ( QUESTION0_0_R 1 8.764e+02 7.589e+01 5.480e+01
|        ( - 6.542e+02 1 0)
|        ( - 1.464e+02 1 0)))
s>    ( QUESTION0_13_R 1 1.926e+03 1.223e+02 1.118e+02
s>        ( QUESTION4 1 9.271e+02 7.914e+01 5.700e+01
s>            ( - 2.073e+02 1 0)
s>            ( QUESTION0_18_R 1 6.406e+02 6.535e+01 4.100e+01
s>                ( QUESTION7 1 1.987e+02 3.915e+01 1.500e+01
s>                    ( - 9.261e+01 1 0)
s>                    ( - 6.696e+01 1 0))
s>                ( QUESTION0_14_R 1 3.765e+02 3.253e+01 2.600e+01
s>                    ( - 4.012e+01 1 0)
s>                    ( - 3.039e+02 1 0))))
s>        ( QUESTION0_0_R 1 8.764e+02 7.589e+01 5.480e+01
s>            ( - 6.542e+02 1 0)
s>            ( - 1.464e+02 1 0)))INFO: dtree.c(1439): stop. leaf nodes are specific
INFO: dtree.c(1478): Final simple tree
|( QUESTION0_9_R 1 4.685e+03 1.306e+02 2.495e+02
|    ( - 9.462e+02 1 0)
|    ( QUESTION0_0_R 1 3.608e+03 8.735e+01 1.913e+02
|        ( - 9.222e+01 1 0)
|        ( - 3.429e+03 3 0)))
s>    ( QUESTION0_9_R 1 4.685e+03 1.306e+02 2.495e+02
s>        ( - 9.462e+02 1 0)
s>        ( QUESTION0_0_R 1 3.608e+03 8.735e+01 1.913e+02
s>            ( - 9.222e+01 1 0)
s>            ( - 3.429e+03 3 0)))INFO: dtree.c(1315): Comp split 4
INFO: dtree.c(1439): stop. leaf nodes are specific
INFO: dtree.c(1478): Final simple tree
|( QUESTION0 -1 1.117e+03 8.705e+01 6.700e+01
|    ( QUESTION0_8_R 1 8.771e+02 6.626e+01 5.400e+01
|        ( - 1.788e+02 2 0)
|        ( QUESTION0_11_R 1 6.320e+02 6.561e+01 3.900e+01
|            ( - 1.949e+02 1 0)
|            ( - 3.715e+02 1 0)))
|    ( QUESTION0_10_R 1 1.530e+02 3.746e+01 1.300e+01
|        ( - 9.227e+01 1 0)
|        ( - 2.330e+01 1 0)))
s>    ( QUESTION0 -1 1.117e+03 8.705e+01 6.700e+01
s>        ( QUESTION0_8_R 1 8.771e+02 6.626e+01 5.400e+01
s>            ( - 1.788e+02 2 0)
s>            ( QUESTION0_11_R 1 6.320e+02 6.561e+01 3.900e+01
s>                ( - 1.949e+02 1 0)
s>                ( - 3.715e+02 1 0)))
s>        ( QUESTION0_10_R 1 1.530e+02 3.746e+01 1.300e+01
s>            ( - 9.227e+01 1 0)
s>            ( - 2.330e+01 1 0)))INFO: dtree.c(1439): stop. leaf nodes are specific
INFO: dtree.c(1478): Final simple tree
|( QUESTION0_8_R 1 4.465e+02 6.105e+01 3.100e+01
|    ( - 2.864e+02 1 0)
|    ( - 9.906e+01 1 0))
s>    ( QUESTION0_8_R 1 4.465e+02 6.105e+01 3.100e+01
s>        ( - 2.864e+02 1 0)
s>        ( - 9.906e+01 1 0))INFO: dtree.c(1315): Comp split 5
INFO: dtree.c(1439): stop. leaf nodes are specific
INFO: dtree.c(1478): Final simple tree
|( QUESTION0_0_R 1 3.608e+03 8.735e+01 1.913e+02
|    ( - 9.222e+01 1 0)
|    ( - 3.429e+03 3 0))
s>    ( QUESTION0_0_R 1 3.608e+03 8.735e+01 1.913e+02
s>        ( - 9.222e+01 1 0)
s>        ( - 3.429e+03 3 0))INFO: dtree.c(1315): Comp split 6
INFO: dtree.c(1439): stop. leaf nodes are specific
INFO: dtree.c(1478): Final simple tree
|( QUESTION0_0_R 1 1.110e+03 7.949e+01 6.880e+01
|    ( - 6.542e+02 1 0)
|    ( QUESTION0_14_R 1 3.765e+02 3.253e+01 2.600e+01
|        ( - 4.012e+01 1 0)
|        ( - 3.039e+02 1 0)))
s>    ( QUESTION0_0_R 1 1.110e+03 7.949e+01 6.880e+01
s>        ( - 6.542e+02 1 0)
s>        ( QUESTION0_14_R 1 3.765e+02 3.253e+01 2.600e+01
s>            ( - 4.012e+01 1 0)
s>            ( - 3.039e+02 1 0)))INFO: dtree.c(1439): stop. leaf nodes are specific
INFO: dtree.c(1478): Final simple tree
|( QUESTION10 1 6.905e+02 7.963e+01 4.300e+01
|    ( QUESTION0_10_R 1 2.622e+02 4.889e+01 1.900e+01
|        ( - 1.464e+02 1 0)
|        ( - 6.696e+01 1 0))
|    ( QUESTION0_17_R 1 3.487e+02 4.878e+01 2.400e+01
|        ( - 9.261e+01 1 0)
|        ( - 2.073e+02 1 0)))
s>    ( QUESTION10 1 6.905e+02 7.963e+01 4.300e+01
s>        ( QUESTION0_10_R 1 2.622e+02 4.889e+01 1.900e+01
s>            ( - 1.464e+02 1 0)
s>            ( - 6.696e+01 1 0))
s>        ( QUESTION0_17_R 1 3.487e+02 4.878e+01 2.400e+01
s>            ( - 9.261e+01 1 0)
s>            ( - 2.073e+02 1 0)))INFO: dtree.c(1315): Comp split 7
INFO: dtree.c(1315): Comp split 8
INFO: dtree.c(1439): stop. leaf nodes are specific
INFO: dtree.c(1478): Final simple tree
|( QUESTION0_10_R 1 4.378e+02 4.300e+01 2.800e+01
|    ( - 3.715e+02 1 0)
|    ( - 2.330e+01 1 0))
s>    ( QUESTION0_10_R 1 4.378e+02 4.300e+01 2.800e+01
s>        ( - 3.715e+02 1 0)
s>        ( - 2.330e+01 1 0))INFO: dtree.c(1439): stop. leaf nodes are specific
INFO: dtree.c(1478): Final simple tree
|( QUESTION0 -1 5.846e+02 6.777e+01 3.900e+01
|    ( QUESTION0_8_R 1 4.246e+02 5.086e+01 3.000e+01
|        ( - 1.788e+02 2 0)
|        ( - 1.949e+02 1 0))
|    ( - 9.227e+01 1 0))
s>    ( QUESTION0 -1 5.846e+02 6.777e+01 3.900e+01
s>        ( QUESTION0_8_R 1 4.246e+02 5.086e+01 3.000e+01
s>            ( - 1.788e+02 2 0)
s>            ( - 1.949e+02 1 0))
s>        ( - 9.227e+01 1 0))INFO: dtree.c(1315): Comp split 9
INFO: dtree.c(1315): Comp split 10
INFO: dtree.c(1439): stop. leaf nodes are specific
INFO: dtree.c(1478): Final simple tree
|( QUESTION0_17_R 1 3.487e+02 4.878e+01 2.400e+01
|    ( - 9.261e+01 1 0)
|    ( - 2.073e+02 1 0))
s>    ( QUESTION0_17_R 1 3.487e+02 4.878e+01 2.400e+01
s>        ( - 9.261e+01 1 0)
s>        ( - 2.073e+02 1 0))INFO: dtree.c(1439): stop. leaf nodes are specific
INFO: dtree.c(1478): Final simple tree
|( QUESTION0_10_R 1 2.622e+02 4.889e+01 1.900e+01
|    ( - 1.464e+02 1 0)
|    ( - 6.696e+01 1 0))
s>    ( QUESTION0_10_R 1 2.622e+02 4.889e+01 1.900e+01
s>        ( - 1.464e+02 1 0)
s>        ( - 6.696e+01 1 0))INFO: dtree.c(1315): Comp split 11
INFO: dtree.c(1439): stop. leaf nodes are specific
INFO: dtree.c(1478): Final simple tree
|( QUESTION0_14_R 1 3.765e+02 3.253e+01 2.600e+01
|    ( - 4.012e+01 1 0)
|    ( - 3.039e+02 1 0))
s>    ( QUESTION0_14_R 1 3.765e+02 3.253e+01 2.600e+01
s>        ( - 4.012e+01 1 0)
s>        ( - 3.039e+02 1 0))INFO: dtree.c(1315): Comp split 12
INFO: dtree.c(1439): stop. leaf nodes are specific
INFO: dtree.c(1478): Final simple tree
|( QUESTION0_8_R 1 4.246e+02 5.086e+01 3.000e+01
|    ( - 1.788e+02 2 0)
|    ( - 1.949e+02 1 0))
s>    ( QUESTION0_8_R 1 4.246e+02 5.086e+01 3.000e+01
s>        ( - 1.788e+02 2 0)
s>        ( - 1.949e+02 1 0))INFO: dtree.c(1315): Comp split 13
INFO: dtree.c(1315): Comp split 14
INFO: dtree.c(1315): Comp split 15
INFO: dtree.c(1315): Comp split 16
INFO: dtree.c(1315): Comp split 17
INFO: dtree.c(1315): Comp split 18
INFO: dtree.c(1315): Comp split 19
INFO: dtree.c(1318): stop. leaf nodes are specific
Mon May 23 22:39:47 2022
