Current configuration:
[NAME]		[DEFLT]	[VALUE]
-allphones	no	no
-cntthresh	0.00001	1.000000e-05
-csplitmax	100	2000
-csplitmin	1	1
-csplitthr	8e-4	0.000000e+00
-example	no	no
-fullvar	no	no
-help		no	no
-meanfn			
-mixwfn			/home/rakha/Kuliah/Semester8/nlp/speech-sphinx/train-new-model/an4-master/model_parameters/an4.cd_ptm_untied/mixture_weights
-moddeffn		/home/rakha/Kuliah/Semester8/nlp/speech-sphinx/train-new-model/an4-master/model_architecture/an4.untied.mdef
-mwfloor	1e-4	1.000000e-08
-phone			AH
-psetfn			/home/rakha/Kuliah/Semester8/nlp/speech-sphinx/train-new-model/an4-master/model_architecture/an4.tree_questions
-ssplitmax	5	7
-ssplitmin	1	1
-ssplitthr	8e-4	0.000000e+00
-state			2
-stwt			1.0,0.05,0.0,
-treefn			/home/rakha/Kuliah/Semester8/nlp/speech-sphinx/train-new-model/an4-master/trees/an4.unpruned/AH-2.dtree
-ts2cbfn	.semi.	.semi.
-varfloor	0.00001	1.000000e-05
-varfn			

INFO: main.c(223): Reading: /home/rakha/Kuliah/Semester8/nlp/speech-sphinx/train-new-model/an4-master/model_architecture/an4.untied.mdef
INFO: model_def_io.c(573): Model definition info:
INFO: model_def_io.c(574): 1618 total models defined (34 base, 1584 tri)
INFO: model_def_io.c(575): 6472 total states
INFO: model_def_io.c(576): 4854 total tied states
INFO: model_def_io.c(577): 102 total tied CI states
INFO: model_def_io.c(578): 34 total tied transition matrices
INFO: model_def_io.c(579): 4 max state/model
INFO: model_def_io.c(580): 4 min state/model
INFO: main.c(242): Building trees for [AH AH AY s] through [AH Z N i]
INFO: main.c(269): Covering states |[177 470]| == 294
INFO: main.c(275): Reading: /home/rakha/Kuliah/Semester8/nlp/speech-sphinx/train-new-model/an4-master/model_parameters/an4.cd_ptm_untied/mixture_weights
INFO: s3mixw_io.c(173): Read /home/rakha/Kuliah/Semester8/nlp/speech-sphinx/train-new-model/an4-master/model_parameters/an4.cd_ptm_untied/mixture_weights [294x4x64 array]
INFO: main.c(311): 98 of 98 models have observation count greater than 0.000010
INFO: main.c(95): nrm stwt: 0.000 0.048 0.952 
INFO: main.c(411): 98-class entropy: 4.566837e+04
INFO: main.c(549): Reading: /home/rakha/Kuliah/Semester8/nlp/speech-sphinx/train-new-model/an4-master/model_architecture/an4.tree_questions
INFO: main.c(588): 180 total simple questions (172 phone; 8 word bndry)
INFO: main.c(590): 42 Left Only questions, and 42 Right Only questions
INFO: dtree.c(1478): Final simple tree
|( WDBNDRY_S 0 6.699e+04 5.223e+03 3.117e+03
|    ( SILENCE 1 3.876e+04 7.037e+02 2.016e+03
|        ( - 3.142e+03 5 0 QUESTION0 -1 2.363e+02 1.831e+02)
|        ( QUESTION2 1 3.491e+04 4.879e+02 1.833e+03
|            ( QUESTION2_3_L -1 1.072e+04 4.511e+02 5.655e+02
|                ( - 5.812e+03 10 0 QUESTION1 -1 2.636e+02 3.109e+02)
|                ( - 4.453e+03 10 0 QUESTION6 -1 2.789e+02 2.546e+02))
|            ( - 2.371e+04 55 0 QUESTION16 1 4.219e+02 1.267e+03)))
|    ( QUESTION0_1_R 1 2.301e+04 1.637e+03 1.101e+03
|        ( QUESTION0 -1 1.539e+04 8.964e+02 8.144e+02
|            ( - 7.891e+03 1 0)
|            ( - 6.606e+03 4 0 QUESTION2_2_L -1 2.169e+02 3.478e+02))
|        ( QUESTION20 -1 5.982e+03 4.571e+02 2.865e+02
|            ( - 1.222e+03 3 0 QUESTION0_17_R 1 3.848e+01 7.418e+01)
|            ( - 4.303e+03 10 0 QUESTION0_15_R 1 3.796e+02 2.124e+02))))
s>    ( WDBNDRY_S 0 6.699e+04 5.223e+03 3.117e+03
s>        ( SILENCE 1 3.876e+04 7.037e+02 2.016e+03
s>            ( - 3.142e+03 5 0 QUESTION0 -1 2.363e+02 1.831e+02)
s>            ( QUESTION2 1 3.491e+04 4.879e+02 1.833e+03
s>                ( QUESTION2_3_L -1 1.072e+04 4.511e+02 5.655e+02
s>                    ( - 5.812e+03 10 0 QUESTION1 -1 2.636e+02 3.109e+02)
s>                    ( - 4.453e+03 10 0 QUESTION6 -1 2.789e+02 2.546e+02))
s>                ( - 2.371e+04 55 0 QUESTION16 1 4.219e+02 1.267e+03)))
s>        ( QUESTION0_1_R 1 2.301e+04 1.637e+03 1.101e+03
s>            ( QUESTION0 -1 1.539e+04 8.964e+02 8.144e+02
s>                ( - 7.891e+03 1 0)
s>                ( - 6.606e+03 4 0 QUESTION2_2_L -1 2.169e+02 3.478e+02))
s>            ( QUESTION20 -1 5.982e+03 4.571e+02 2.865e+02
s>                ( - 1.222e+03 3 0 QUESTION0_17_R 1 3.848e+01 7.418e+01)
s>                ( - 4.303e+03 10 0 QUESTION0_15_R 1 3.796e+02 2.124e+02))))INFO: dtree.c(1315): Comp split 0
INFO: dtree.c(1478): Final simple tree
|( QUESTION0_1_R 1 2.301e+04 1.637e+03 1.101e+03
|    ( QUESTION0 -1 1.539e+04 8.964e+02 8.144e+02
|        ( - 7.891e+03 1 0)
|        ( QUESTION2_2_L -1 6.606e+03 2.169e+02 3.478e+02
|            ( - 5.890e+03 1 0)
|            ( - 4.993e+02 3 0 QUESTION6 -1 8.651e+01 2.990e+01)))
|    ( QUESTION20 -1 5.982e+03 4.571e+02 2.865e+02
|        ( - 1.222e+03 3 0 QUESTION0_17_R 1 3.848e+01 7.418e+01)
|        ( QUESTION0_15_R 1 4.303e+03 3.796e+02 2.124e+02
|            ( QUESTION0_16_R 1 2.079e+03 1.276e+02 1.100e+02
|                ( - 1.874e+03 1 0)
|                ( - 7.679e+01 1 0))
|            ( QUESTION7 -1 1.844e+03 1.301e+02 1.024e+02
|                ( - 1.531e+03 2 0 QUESTION0_0_R 1 5.330e+01 8.739e+01)
|                ( - 1.833e+02 6 0 QUESTION6 -1 5.384e+01 1.500e+01)))))
s>    ( QUESTION0_1_R 1 2.301e+04 1.637e+03 1.101e+03
s>        ( QUESTION0 -1 1.539e+04 8.964e+02 8.144e+02
s>            ( - 7.891e+03 1 0)
s>            ( QUESTION2_2_L -1 6.606e+03 2.169e+02 3.478e+02
s>                ( - 5.890e+03 1 0)
s>                ( - 4.993e+02 3 0 QUESTION6 -1 8.651e+01 2.990e+01)))
s>        ( QUESTION20 -1 5.982e+03 4.571e+02 2.865e+02
s>            ( - 1.222e+03 3 0 QUESTION0_17_R 1 3.848e+01 7.418e+01)
s>            ( QUESTION0_15_R 1 4.303e+03 3.796e+02 2.124e+02
s>                ( QUESTION0_16_R 1 2.079e+03 1.276e+02 1.100e+02
s>                    ( - 1.874e+03 1 0)
s>                    ( - 7.679e+01 1 0))
s>                ( QUESTION7 -1 1.844e+03 1.301e+02 1.024e+02
s>                    ( - 1.531e+03 2 0 QUESTION0_0_R 1 5.330e+01 8.739e+01)
s>                    ( - 1.833e+02 6 0 QUESTION6 -1 5.384e+01 1.500e+01)))))INFO: dtree.c(1478): Final simple tree
|( SILENCE 1 3.876e+04 7.037e+02 2.016e+03
|    ( - 3.142e+03 5 0 QUESTION0 -1 2.363e+02 1.831e+02)
|    ( QUESTION2 1 3.491e+04 4.879e+02 1.833e+03
|        ( QUESTION2_3_L -1 1.072e+04 4.511e+02 5.655e+02
|            ( - 5.812e+03 10 0 QUESTION1 -1 2.636e+02 3.109e+02)
|            ( - 4.453e+03 10 0 QUESTION6 -1 2.789e+02 2.546e+02))
|        ( QUESTION16 1 2.371e+04 4.219e+02 1.267e+03
|            ( QUESTION2_2_L -1 1.355e+04 4.016e+02 7.271e+02
|                ( QUESTION0 -1 9.960e+03 3.212e+02 5.482e+02
|                    ( - 5.794e+03 6 0 QUESTION0_0_R 1 2.965e+02 3.174e+02)
|                    ( - 3.845e+03 6 0 QUESTION16 -1 2.688e+02 2.309e+02))
|                ( - 3.186e+03 6 0 SILENCE -1 2.727e+02 1.789e+02))
|            ( QUESTION0_11_R 1 9.741e+03 2.976e+02 5.401e+02
|                ( - 1.116e+03 6 0 SILENCE -1 1.698e+02 7.182e+01)
|                ( - 8.327e+03 31 0 QUESTION4 1 2.626e+02 4.683e+02)))))
s>    ( SILENCE 1 3.876e+04 7.037e+02 2.016e+03
s>        ( - 3.142e+03 5 0 QUESTION0 -1 2.363e+02 1.831e+02)
s>        ( QUESTION2 1 3.491e+04 4.879e+02 1.833e+03
s>            ( QUESTION2_3_L -1 1.072e+04 4.511e+02 5.655e+02
s>                ( - 5.812e+03 10 0 QUESTION1 -1 2.636e+02 3.109e+02)
s>                ( - 4.453e+03 10 0 QUESTION6 -1 2.789e+02 2.546e+02))
s>            ( QUESTION16 1 2.371e+04 4.219e+02 1.267e+03
s>                ( QUESTION2_2_L -1 1.355e+04 4.016e+02 7.271e+02
s>                    ( QUESTION0 -1 9.960e+03 3.212e+02 5.482e+02
s>                        ( - 5.794e+03 6 0 QUESTION0_0_R 1 2.965e+02 3.174e+02)
s>                        ( - 3.845e+03 6 0 QUESTION16 -1 2.688e+02 2.309e+02))
s>                    ( - 3.186e+03 6 0 SILENCE -1 2.727e+02 1.789e+02))
s>                ( QUESTION0_11_R 1 9.741e+03 2.976e+02 5.401e+02
s>                    ( - 1.116e+03 6 0 SILENCE -1 1.698e+02 7.182e+01)
s>                    ( - 8.327e+03 31 0 QUESTION4 1 2.626e+02 4.683e+02)))))INFO: dtree.c(1315): Comp split 1
INFO: dtree.c(1478): Final simple tree
|( QUESTION20 -1 5.982e+03 4.571e+02 2.865e+02
|    ( QUESTION0_17_R 1 1.222e+03 3.848e+01 7.418e+01
|        ( - 1.175e+03 1 0)
|        ( - 7.905e+00 2 0 QUESTION0_0_R 1 7.905e+00 2.000e+00))
|    ( QUESTION0_15_R 1 4.303e+03 3.796e+02 2.124e+02
|        ( QUESTION0_16_R 1 2.079e+03 1.276e+02 1.100e+02
|            ( - 1.874e+03 1 0)
|            ( - 7.679e+01 1 0))
|        ( QUESTION7 -1 1.844e+03 1.301e+02 1.024e+02
|            ( QUESTION0_0_R 1 1.531e+03 5.330e+01 8.739e+01
|                ( - 1.463e+03 1 0)
|                ( - 1.469e+01 1 0))
|            ( QUESTION6 -1 1.833e+02 5.384e+01 1.500e+01
|                ( - 6.606e+01 2 0 WDBNDRY_B 0 2.448e+01 8.000e+00)
|                ( - 6.340e+01 4 0 WDBNDRY_I 0 2.051e+01 7.000e+00)))))
s>    ( QUESTION20 -1 5.982e+03 4.571e+02 2.865e+02
s>        ( QUESTION0_17_R 1 1.222e+03 3.848e+01 7.418e+01
s>            ( - 1.175e+03 1 0)
s>            ( - 7.905e+00 2 0 QUESTION0_0_R 1 7.905e+00 2.000e+00))
s>        ( QUESTION0_15_R 1 4.303e+03 3.796e+02 2.124e+02
s>            ( QUESTION0_16_R 1 2.079e+03 1.276e+02 1.100e+02
s>                ( - 1.874e+03 1 0)
s>                ( - 7.679e+01 1 0))
s>            ( QUESTION7 -1 1.844e+03 1.301e+02 1.024e+02
s>                ( QUESTION0_0_R 1 1.531e+03 5.330e+01 8.739e+01
s>                    ( - 1.463e+03 1 0)
s>                    ( - 1.469e+01 1 0))
s>                ( QUESTION6 -1 1.833e+02 5.384e+01 1.500e+01
s>                    ( - 6.606e+01 2 0 WDBNDRY_B 0 2.448e+01 8.000e+00)
s>                    ( - 6.340e+01 4 0 WDBNDRY_I 0 2.051e+01 7.000e+00)))))INFO: dtree.c(1439): stop. leaf nodes are specific
INFO: dtree.c(1478): Final simple tree
|( QUESTION0 -1 1.539e+04 8.964e+02 8.144e+02
|    ( - 7.891e+03 1 0)
|    ( QUESTION2_2_L -1 6.606e+03 2.169e+02 3.478e+02
|        ( - 5.890e+03 1 0)
|        ( QUESTION6 -1 4.993e+02 8.651e+01 2.990e+01
|            ( QUESTION7 -1 1.592e+02 2.821e+01 1.200e+01
|                ( - 8.595e+00 1 0)
|                ( - 1.224e+02 1 0))
|            ( - 2.536e+02 1 0))))
s>    ( QUESTION0 -1 1.539e+04 8.964e+02 8.144e+02
s>        ( - 7.891e+03 1 0)
s>        ( QUESTION2_2_L -1 6.606e+03 2.169e+02 3.478e+02
s>            ( - 5.890e+03 1 0)
s>            ( QUESTION6 -1 4.993e+02 8.651e+01 2.990e+01
s>                ( QUESTION7 -1 1.592e+02 2.821e+01 1.200e+01
s>                    ( - 8.595e+00 1 0)
s>                    ( - 1.224e+02 1 0))
s>                ( - 2.536e+02 1 0))))INFO: dtree.c(1315): Comp split 2
INFO: dtree.c(1439): stop. leaf nodes are specific
INFO: dtree.c(1478): Final simple tree
|( QUESTION2_2_L -1 6.606e+03 2.169e+02 3.478e+02
|    ( - 5.890e+03 1 0)
|    ( QUESTION6 -1 4.993e+02 8.651e+01 2.990e+01
|        ( QUESTION7 -1 1.592e+02 2.821e+01 1.200e+01
|            ( - 8.595e+00 1 0)
|            ( - 1.224e+02 1 0))
|        ( - 2.536e+02 1 0)))
s>    ( QUESTION2_2_L -1 6.606e+03 2.169e+02 3.478e+02
s>        ( - 5.890e+03 1 0)
s>        ( QUESTION6 -1 4.993e+02 8.651e+01 2.990e+01
s>            ( QUESTION7 -1 1.592e+02 2.821e+01 1.200e+01
s>                ( - 8.595e+00 1 0)
s>                ( - 1.224e+02 1 0))
s>            ( - 2.536e+02 1 0)))INFO: dtree.c(1315): Comp split 3
INFO: dtree.c(1478): Final simple tree
|( QUESTION2 1 3.491e+04 4.879e+02 1.833e+03
|    ( QUESTION2_3_L -1 1.072e+04 4.511e+02 5.655e+02
|        ( - 5.812e+03 10 0 QUESTION1 -1 2.636e+02 3.109e+02)
|        ( - 4.453e+03 10 0 QUESTION6 -1 2.789e+02 2.546e+02))
|    ( QUESTION16 1 2.371e+04 4.219e+02 1.267e+03
|        ( QUESTION2_2_L -1 1.355e+04 4.016e+02 7.271e+02
|            ( QUESTION0 -1 9.960e+03 3.212e+02 5.482e+02
|                ( QUESTION0_0_R 1 5.794e+03 2.965e+02 3.174e+02
|                    ( - 1.073e+03 1 0)
|                    ( - 4.424e+03 5 0 QUESTION1 -1 2.447e+02 2.451e+02))
|                ( - 3.845e+03 6 0 QUESTION16 -1 2.688e+02 2.309e+02))
|            ( - 3.186e+03 6 0 SILENCE -1 2.727e+02 1.789e+02))
|        ( QUESTION0_11_R 1 9.741e+03 2.976e+02 5.401e+02
|            ( - 1.116e+03 6 0 SILENCE -1 1.698e+02 7.182e+01)
|            ( - 8.327e+03 31 0 QUESTION4 1 2.626e+02 4.683e+02))))
s>    ( QUESTION2 1 3.491e+04 4.879e+02 1.833e+03
s>        ( QUESTION2_3_L -1 1.072e+04 4.511e+02 5.655e+02
s>            ( - 5.812e+03 10 0 QUESTION1 -1 2.636e+02 3.109e+02)
s>            ( - 4.453e+03 10 0 QUESTION6 -1 2.789e+02 2.546e+02))
s>        ( QUESTION16 1 2.371e+04 4.219e+02 1.267e+03
s>            ( QUESTION2_2_L -1 1.355e+04 4.016e+02 7.271e+02
s>                ( QUESTION0 -1 9.960e+03 3.212e+02 5.482e+02
s>                    ( QUESTION0_0_R 1 5.794e+03 2.965e+02 3.174e+02
s>                        ( - 1.073e+03 1 0)
s>                        ( - 4.424e+03 5 0 QUESTION1 -1 2.447e+02 2.451e+02))
s>                    ( - 3.845e+03 6 0 QUESTION16 -1 2.688e+02 2.309e+02))
s>                ( - 3.186e+03 6 0 SILENCE -1 2.727e+02 1.789e+02))
s>            ( QUESTION0_11_R 1 9.741e+03 2.976e+02 5.401e+02
s>                ( - 1.116e+03 6 0 SILENCE -1 1.698e+02 7.182e+01)
s>                ( - 8.327e+03 31 0 QUESTION4 1 2.626e+02 4.683e+02))))INFO: dtree.c(1439): stop. leaf nodes are specific
INFO: dtree.c(1478): Final simple tree
|( QUESTION0 -1 3.142e+03 2.363e+02 1.831e+02
|    ( QUESTION1 -1 1.861e+03 1.695e+02 1.133e+02
|        ( - 8.715e+02 1 0)
|        ( QUESTION2_0_L -1 8.203e+02 1.029e+02 5.564e+01
|            ( - 3.139e+02 1 0)
|            ( - 4.035e+02 1 0)))
|    ( QUESTION4 -1 1.044e+03 1.545e+01 6.978e+01
|        ( - 1.028e+03 1 0)
|        ( - 6.054e-01 1 0)))
s>    ( QUESTION0 -1 3.142e+03 2.363e+02 1.831e+02
s>        ( QUESTION1 -1 1.861e+03 1.695e+02 1.133e+02
s>            ( - 8.715e+02 1 0)
s>            ( QUESTION2_0_L -1 8.203e+02 1.029e+02 5.564e+01
s>                ( - 3.139e+02 1 0)
s>                ( - 4.035e+02 1 0)))
s>        ( QUESTION4 -1 1.044e+03 1.545e+01 6.978e+01
s>            ( - 1.028e+03 1 0)
s>            ( - 6.054e-01 1 0)))INFO: dtree.c(1315): Comp split 4
INFO: dtree.c(1478): Final simple tree
|( QUESTION2 1 2.220e+04 4.436e+02 1.199e+03
|    ( QUESTION6 -1 4.453e+03 2.789e+02 2.546e+02
|        ( - 1.379e+03 2 0)
|        ( - 2.795e+03 8 0 QUESTION2_2_L -1 2.193e+02 1.693e+02))
|    ( QUESTION16 1 1.731e+04 3.932e+02 9.443e+02
|        ( QUESTION0 -1 8.585e+03 3.153e+02 4.760e+02
|            ( - 4.424e+03 5 0 QUESTION1 -1 2.447e+02 2.451e+02)
|            ( QUESTION16 -1 3.845e+03 2.688e+02 2.309e+02
|                ( - 1.888e+03 3 0 QUESTION2_9_L -1 2.014e+02 1.209e+02)
|                ( - 1.689e+03 3 0 QUESTION0_0_R 1 1.137e+02 1.100e+02)))
|        ( QUESTION4 1 8.327e+03 2.626e+02 4.683e+02
|            ( - 2.492e+03 7 0 QUESTION2 -1 1.883e+02 1.435e+02)
|            ( QUESTION0_10_R 1 5.572e+03 2.591e+02 3.248e+02
|                ( - 1.945e+03 6 0 QUESTION4 -1 1.774e+02 1.204e+02)
|                ( - 3.368e+03 18 0 QUESTION10 -1 2.055e+02 2.044e+02)))))
s>    ( QUESTION2 1 2.220e+04 4.436e+02 1.199e+03
s>        ( QUESTION6 -1 4.453e+03 2.789e+02 2.546e+02
s>            ( - 1.379e+03 2 0)
s>            ( - 2.795e+03 8 0 QUESTION2_2_L -1 2.193e+02 1.693e+02))
s>        ( QUESTION16 1 1.731e+04 3.932e+02 9.443e+02
s>            ( QUESTION0 -1 8.585e+03 3.153e+02 4.760e+02
s>                ( - 4.424e+03 5 0 QUESTION1 -1 2.447e+02 2.451e+02)
s>                ( QUESTION16 -1 3.845e+03 2.688e+02 2.309e+02
s>                    ( - 1.888e+03 3 0 QUESTION2_9_L -1 2.014e+02 1.209e+02)
s>                    ( - 1.689e+03 3 0 QUESTION0_0_R 1 1.137e+02 1.100e+02)))
s>            ( QUESTION4 1 8.327e+03 2.626e+02 4.683e+02
s>                ( - 2.492e+03 7 0 QUESTION2 -1 1.883e+02 1.435e+02)
s>                ( QUESTION0_10_R 1 5.572e+03 2.591e+02 3.248e+02
s>                    ( - 1.945e+03 6 0 QUESTION4 -1 1.774e+02 1.204e+02)
s>                    ( - 3.368e+03 18 0 QUESTION10 -1 2.055e+02 2.044e+02)))))INFO: dtree.c(1478): Final simple tree
|( QUESTION0 1 1.218e+04 4.000e+02 6.338e+02
|    ( QUESTION1 -1 5.812e+03 2.636e+02 3.109e+02
|        ( - 3.715e+03 4 0 QUESTION0_0_R 1 1.440e+02 2.044e+02)
|        ( - 1.834e+03 6 0 QUESTION0_0_R 1 1.192e+02 1.064e+02))
|    ( QUESTION2_2_L -1 5.967e+03 3.859e+02 3.229e+02
|        ( QUESTION0_0_R 1 1.863e+03 1.976e+02 1.162e+02
|            ( - 1.073e+03 1 0)
|            ( - 5.919e+02 5 0 QUESTION0 -1 1.147e+02 4.399e+01))
|        ( SILENCE -1 3.718e+03 2.610e+02 2.067e+02
|            ( QUESTION0_13_R 1 1.939e+03 2.280e+02 1.136e+02
|                ( - 1.058e+03 1 0)
|                ( - 6.528e+02 2 0 QUESTION0_0_R 1 1.237e+02 4.483e+01))
|            ( QUESTION4 -1 1.518e+03 1.727e+02 9.310e+01
|                ( - 7.750e+02 1 0)
|                ( - 5.705e+02 3 0 QUESTION2_13_L -1 1.072e+02 4.010e+01)))))
s>    ( QUESTION0 1 1.218e+04 4.000e+02 6.338e+02
s>        ( QUESTION1 -1 5.812e+03 2.636e+02 3.109e+02
s>            ( - 3.715e+03 4 0 QUESTION0_0_R 1 1.440e+02 2.044e+02)
s>            ( - 1.834e+03 6 0 QUESTION0_0_R 1 1.192e+02 1.064e+02))
s>        ( QUESTION2_2_L -1 5.967e+03 3.859e+02 3.229e+02
s>            ( QUESTION0_0_R 1 1.863e+03 1.976e+02 1.162e+02
s>                ( - 1.073e+03 1 0)
s>                ( - 5.919e+02 5 0 QUESTION0 -1 1.147e+02 4.399e+01))
s>            ( SILENCE -1 3.718e+03 2.610e+02 2.067e+02
s>                ( QUESTION0_13_R 1 1.939e+03 2.280e+02 1.136e+02
s>                    ( - 1.058e+03 1 0)
s>                    ( - 6.528e+02 2 0 QUESTION0_0_R 1 1.237e+02 4.483e+01))
s>                ( QUESTION4 -1 1.518e+03 1.727e+02 9.310e+01
s>                    ( - 7.750e+02 1 0)
s>                    ( - 5.705e+02 3 0 QUESTION2_13_L -1 1.072e+02 4.010e+01)))))INFO: dtree.c(1315): Comp split 5
INFO: dtree.c(1478): Final simple tree
|( QUESTION16 -1 6.612e+03 3.084e+02 3.755e+02
|    ( QUESTION0_9_R 1 3.237e+03 2.043e+02 1.993e+02
|        ( QUESTION2_9_L -1 1.795e+03 1.981e+02 1.159e+02
|            ( - 7.871e+02 1 0)
|            ( - 8.094e+02 1 0))
|        ( - 1.238e+03 2 0 QUESTION0_0_R 1 7.213e+01 8.340e+01))
|    ( QUESTION5 -1 3.067e+03 2.557e+02 1.762e+02
|        ( - 1.379e+03 2 0)
|        ( QUESTION3 -1 1.432e+03 1.627e+02 9.089e+01
|            ( QUESTION2_1_L -1 3.942e+02 7.669e+01 3.098e+01
|                ( - 1.943e+02 2 0)
|                ( - 1.232e+02 1 0))
|            ( SILENCE -1 8.754e+02 9.494e+01 5.991e+01
|                ( - 5.930e+02 3 0)
|                ( - 1.874e+02 1 0)))))
s>    ( QUESTION16 -1 6.612e+03 3.084e+02 3.755e+02
s>        ( QUESTION0_9_R 1 3.237e+03 2.043e+02 1.993e+02
s>            ( QUESTION2_9_L -1 1.795e+03 1.981e+02 1.159e+02
s>                ( - 7.871e+02 1 0)
s>                ( - 8.094e+02 1 0))
s>            ( - 1.238e+03 2 0 QUESTION0_0_R 1 7.213e+01 8.340e+01))
s>        ( QUESTION5 -1 3.067e+03 2.557e+02 1.762e+02
s>            ( - 1.379e+03 2 0)
s>            ( QUESTION3 -1 1.432e+03 1.627e+02 9.089e+01
s>                ( QUESTION2_1_L -1 3.942e+02 7.669e+01 3.098e+01
s>                    ( - 1.943e+02 2 0)
s>                    ( - 1.232e+02 1 0))
s>                ( SILENCE -1 8.754e+02 9.494e+01 5.991e+01
s>                    ( - 5.930e+02 3 0)
s>                    ( - 1.874e+02 1 0)))))INFO: dtree.c(1478): Final simple tree
|( QUESTION16 1 1.510e+04 3.778e+02 8.234e+02
|    ( QUESTION1 -1 6.399e+03 2.918e+02 3.551e+02
|        ( - 2.923e+03 2 0)
|        ( QUESTION0 -1 3.185e+03 2.391e+02 1.915e+02
|            ( - 1.257e+03 3 0)
|            ( - 1.689e+03 3 0 QUESTION0_0_R 1 1.137e+02 1.100e+02)))
|    ( QUESTION4 1 8.327e+03 2.626e+02 4.683e+02
|        ( QUESTION2 -1 2.492e+03 1.883e+02 1.435e+02
|            ( - 1.055e+03 3 0 QUESTION0_0_R 1 1.125e+02 6.824e+01)
|            ( - 1.249e+03 4 0 QUESTION0 -1 6.065e+01 7.527e+01))
|        ( QUESTION0_10_R 1 5.572e+03 2.591e+02 3.248e+02
|            ( - 1.945e+03 6 0 QUESTION4 -1 1.774e+02 1.204e+02)
|            ( QUESTION10 -1 3.368e+03 2.055e+02 2.044e+02
|                ( - 9.468e+02 3 0 QUESTION0_9_R 1 1.430e+02 6.300e+01)
|                ( - 2.216e+03 15 0 QUESTION7 1 1.529e+02 1.414e+02)))))
s>    ( QUESTION16 1 1.510e+04 3.778e+02 8.234e+02
s>        ( QUESTION1 -1 6.399e+03 2.918e+02 3.551e+02
s>            ( - 2.923e+03 2 0)
s>            ( QUESTION0 -1 3.185e+03 2.391e+02 1.915e+02
s>                ( - 1.257e+03 3 0)
s>                ( - 1.689e+03 3 0 QUESTION0_0_R 1 1.137e+02 1.100e+02)))
s>        ( QUESTION4 1 8.327e+03 2.626e+02 4.683e+02
s>            ( QUESTION2 -1 2.492e+03 1.883e+02 1.435e+02
s>                ( - 1.055e+03 3 0 QUESTION0_0_R 1 1.125e+02 6.824e+01)
s>                ( - 1.249e+03 4 0 QUESTION0 -1 6.065e+01 7.527e+01))
s>            ( QUESTION0_10_R 1 5.572e+03 2.591e+02 3.248e+02
s>                ( - 1.945e+03 6 0 QUESTION4 -1 1.774e+02 1.204e+02)
s>                ( QUESTION10 -1 3.368e+03 2.055e+02 2.044e+02
s>                    ( - 9.468e+02 3 0 QUESTION0_9_R 1 1.430e+02 6.300e+01)
s>                    ( - 2.216e+03 15 0 QUESTION7 1 1.529e+02 1.414e+02)))))INFO: dtree.c(1315): Comp split 6
INFO: dtree.c(1439): stop. leaf nodes are specific
INFO: dtree.c(1478): Final simple tree
|( QUESTION0_8_R 1 1.245e+03 5.467e+01 7.518e+01
|    ( - 1.469e+01 1 0)
|    ( - 1.175e+03 1 0))
s>    ( QUESTION0_8_R 1 1.245e+03 5.467e+01 7.518e+01
s>        ( - 1.469e+01 1 0)
s>        ( - 1.175e+03 1 0))INFO: dtree.c(1478): Final simple tree
|( QUESTION0_15_R 1 4.269e+03 3.745e+02 2.114e+02
|    ( QUESTION0_17_R 1 2.101e+03 1.323e+02 1.110e+02
|        ( - 1.874e+03 1 0)
|        ( QUESTION0_16_R 1 9.395e+01 1.716e+01 1.100e+01
|            ( - 0.000e+00 1 0)
|            ( - 7.679e+01 1 0)))
|    ( QUESTION7 -1 1.794e+03 1.314e+02 1.004e+02
|        ( - 1.463e+03 1 0)
|        ( QUESTION6 -1 1.995e+02 5.796e+01 1.600e+01
|            ( WDBNDRY_B 0 6.606e+01 2.448e+01 8.000e+00
|                ( - 1.951e+01 1 0)
|                ( - 2.206e+01 1 0))
|            ( WDBNDRY_I 0 7.548e+01 2.309e+01 8.000e+00
|                ( - 3.337e+01 2 0 QUESTION0_0_R 1 9.499e+00 5.000e+00)
|                ( - 1.902e+01 3 0 WDBNDRY_B 0 1.102e+01 3.000e+00)))))
s>    ( QUESTION0_15_R 1 4.269e+03 3.745e+02 2.114e+02
s>        ( QUESTION0_17_R 1 2.101e+03 1.323e+02 1.110e+02
s>            ( - 1.874e+03 1 0)
s>            ( QUESTION0_16_R 1 9.395e+01 1.716e+01 1.100e+01
s>                ( - 0.000e+00 1 0)
s>                ( - 7.679e+01 1 0)))
s>        ( QUESTION7 -1 1.794e+03 1.314e+02 1.004e+02
s>            ( - 1.463e+03 1 0)
s>            ( QUESTION6 -1 1.995e+02 5.796e+01 1.600e+01
s>                ( WDBNDRY_B 0 6.606e+01 2.448e+01 8.000e+00
s>                    ( - 1.951e+01 1 0)
s>                    ( - 2.206e+01 1 0))
s>                ( WDBNDRY_I 0 7.548e+01 2.309e+01 8.000e+00
s>                    ( - 3.337e+01 2 0 QUESTION0_0_R 1 9.499e+00 5.000e+00)
s>                    ( - 1.902e+01 3 0 WDBNDRY_B 0 1.102e+01 3.000e+00)))))INFO: dtree.c(1315): Comp split 7
INFO: dtree.c(1439): stop. leaf nodes are specific
INFO: dtree.c(1478): Final simple tree
|( SILENCE -1 3.170e+03 2.496e+02 1.850e+02
|    ( - 1.058e+03 1 0)
|    ( QUESTION0_0_R 1 1.863e+03 1.976e+02 1.162e+02
|        ( - 1.073e+03 1 0)
|        ( QUESTION0 -1 5.919e+02 1.147e+02 4.399e+01
|            ( QUESTION0_12_R 1 3.195e+02 4.229e+01 2.500e+01
|                ( - 3.153e+01 1 0)
|                ( QUESTION1 -1 2.457e+02 3.882e+01 2.000e+01
|                    ( - 1.795e+02 1 0)
|                    ( - 2.741e+01 1 0)))
|            ( QUESTION4 -1 1.577e+02 4.362e+01 1.899e+01
|                ( - 8.911e+01 1 0)
|                ( - 2.496e+01 1 0)))))
s>    ( SILENCE -1 3.170e+03 2.496e+02 1.850e+02
s>        ( - 1.058e+03 1 0)
s>        ( QUESTION0_0_R 1 1.863e+03 1.976e+02 1.162e+02
s>            ( - 1.073e+03 1 0)
s>            ( QUESTION0 -1 5.919e+02 1.147e+02 4.399e+01
s>                ( QUESTION0_12_R 1 3.195e+02 4.229e+01 2.500e+01
s>                    ( - 3.153e+01 1 0)
s>                    ( QUESTION1 -1 2.457e+02 3.882e+01 2.000e+01
s>                        ( - 1.795e+02 1 0)
s>                        ( - 2.741e+01 1 0)))
s>                ( QUESTION4 -1 1.577e+02 4.362e+01 1.899e+01
s>                    ( - 8.911e+01 1 0)
s>                    ( - 2.496e+01 1 0)))))INFO: dtree.c(1478): Final simple tree
|( QUESTION0 -1 8.554e+03 3.713e+02 4.488e+02
|    ( QUESTION1 -1 6.510e+03 2.591e+02 3.490e+02
|        ( QUESTION0_0_R 1 3.715e+03 1.440e+02 2.044e+02
|            ( - 1.935e+02 1 0)
|            ( - 3.377e+03 3 0))
|        ( QUESTION0_8_R 1 2.536e+03 2.058e+02 1.445e+02
|            ( - 1.650e+03 5 0)
|            ( QUESTION2_13_L -1 6.801e+02 1.231e+02 4.610e+01
|                ( - 2.668e+02 1 0)
|                ( - 2.902e+02 2 0 QUESTION0_0_R 1 6.622e+01 2.400e+01))))
|    ( SILENCE -1 1.673e+03 2.025e+02 9.983e+01
|        ( QUESTION0_0_R 1 6.528e+02 1.237e+02 4.483e+01
|            ( - 1.746e+02 1 0)
|            ( - 3.545e+02 1 0))
|        ( - 8.177e+02 2 0 QUESTION0_14_R 1 3.482e+01 5.500e+01)))
s>    ( QUESTION0 -1 8.554e+03 3.713e+02 4.488e+02
s>        ( QUESTION1 -1 6.510e+03 2.591e+02 3.490e+02
s>            ( QUESTION0_0_R 1 3.715e+03 1.440e+02 2.044e+02
s>                ( - 1.935e+02 1 0)
s>                ( - 3.377e+03 3 0))
s>            ( QUESTION0_8_R 1 2.536e+03 2.058e+02 1.445e+02
s>                ( - 1.650e+03 5 0)
s>                ( QUESTION2_13_L -1 6.801e+02 1.231e+02 4.610e+01
s>                    ( - 2.668e+02 1 0)
s>                    ( - 2.902e+02 2 0 QUESTION0_0_R 1 6.622e+01 2.400e+01))))
s>        ( SILENCE -1 1.673e+03 2.025e+02 9.983e+01
s>            ( QUESTION0_0_R 1 6.528e+02 1.237e+02 4.483e+01
s>                ( - 1.746e+02 1 0)
s>                ( - 3.545e+02 1 0))
s>            ( - 8.177e+02 2 0 QUESTION0_14_R 1 3.482e+01 5.500e+01)))INFO: dtree.c(1315): Comp split 8
INFO: dtree.c(1478): Final simple tree
|( QUESTION16 1 6.856e+03 3.030e+02 3.959e+02
|    ( QUESTION0 -1 3.185e+03 2.391e+02 1.915e+02
|        ( - 1.257e+03 3 0)
|        ( QUESTION0_0_R 1 1.689e+03 1.137e+02 1.100e+02
|            ( - 1.999e+02 1 0)
|            ( - 1.376e+03 2 0 QUESTION4 -1 1.081e+02 8.903e+01)))
|    ( QUESTION10 -1 3.368e+03 2.055e+02 2.044e+02
|        ( QUESTION0_9_R 1 9.468e+02 1.430e+02 6.300e+01
|            ( - 4.022e+02 1 0)
|            ( - 4.015e+02 2 0 QUESTION0_0_R 1 9.862e+01 2.900e+01))
|        ( QUESTION7 1 2.216e+03 1.529e+02 1.414e+02
|            ( QUESTION16 -1 1.277e+03 1.426e+02 8.647e+01
|                ( - 3.542e+02 1 0)
|                ( - 7.807e+02 5 0 QUESTION2 -1 1.086e+02 5.581e+01))
|            ( - 7.858e+02 9 0 QUESTION0_8_R 1 1.052e+02 5.495e+01))))
s>    ( QUESTION16 1 6.856e+03 3.030e+02 3.959e+02
s>        ( QUESTION0 -1 3.185e+03 2.391e+02 1.915e+02
s>            ( - 1.257e+03 3 0)
s>            ( QUESTION0_0_R 1 1.689e+03 1.137e+02 1.100e+02
s>                ( - 1.999e+02 1 0)
s>                ( - 1.376e+03 2 0 QUESTION4 -1 1.081e+02 8.903e+01)))
s>        ( QUESTION10 -1 3.368e+03 2.055e+02 2.044e+02
s>            ( QUESTION0_9_R 1 9.468e+02 1.430e+02 6.300e+01
s>                ( - 4.022e+02 1 0)
s>                ( - 4.015e+02 2 0 QUESTION0_0_R 1 9.862e+01 2.900e+01))
s>            ( QUESTION7 1 2.216e+03 1.529e+02 1.414e+02
s>                ( QUESTION16 -1 1.277e+03 1.426e+02 8.647e+01
s>                    ( - 3.542e+02 1 0)
s>                    ( - 7.807e+02 5 0 QUESTION2 -1 1.086e+02 5.581e+01))
s>                ( - 7.858e+02 9 0 QUESTION0_8_R 1 1.052e+02 5.495e+01))))INFO: dtree.c(1478): Final simple tree
|( QUESTION0_13_R 1 7.862e+03 2.941e+02 4.275e+02
|    ( - 2.923e+03 2 0)
|    ( QUESTION1 -1 4.646e+03 2.298e+02 2.639e+02
|        ( QUESTION0_8_R 1 1.861e+03 1.679e+02 1.097e+02
|            ( - 1.160e+03 1 0)
|            ( - 5.324e+02 1 0))
|        ( QUESTION0_8_R 1 2.555e+03 1.718e+02 1.542e+02
|            ( - 8.453e+02 5 0 QUESTION0 -1 5.679e+01 5.655e+01)
|            ( QUESTION4 -1 1.538e+03 1.865e+02 9.763e+01
|                ( QUESTION2_1_L -1 5.019e+02 8.767e+01 3.998e+01
|                    ( - 1.206e+02 1 0)
|                    ( - 2.936e+02 1 0))
|                ( QUESTION2_0_L -1 8.499e+02 1.217e+02 5.765e+01
|                    ( - 4.478e+02 2 0 QUESTION0 -1 5.657e+01 3.597e+01)
|                    ( - 2.805e+02 2 0 SILENCE -1 6.148e+01 2.169e+01))))))
s>    ( QUESTION0_13_R 1 7.862e+03 2.941e+02 4.275e+02
s>        ( - 2.923e+03 2 0)
s>        ( QUESTION1 -1 4.646e+03 2.298e+02 2.639e+02
s>            ( QUESTION0_8_R 1 1.861e+03 1.679e+02 1.097e+02
s>                ( - 1.160e+03 1 0)
s>                ( - 5.324e+02 1 0))
s>            ( QUESTION0_8_R 1 2.555e+03 1.718e+02 1.542e+02
s>                ( - 8.453e+02 5 0 QUESTION0 -1 5.679e+01 5.655e+01)
s>                ( QUESTION4 -1 1.538e+03 1.865e+02 9.763e+01
s>                    ( QUESTION2_1_L -1 5.019e+02 8.767e+01 3.998e+01
s>                        ( - 1.206e+02 1 0)
s>                        ( - 2.936e+02 1 0))
s>                    ( QUESTION2_0_L -1 8.499e+02 1.217e+02 5.765e+01
s>                        ( - 4.478e+02 2 0 QUESTION0 -1 5.657e+01 3.597e+01)
s>                        ( - 2.805e+02 2 0 SILENCE -1 6.148e+01 2.169e+01))))))INFO: dtree.c(1315): Comp split 9
INFO: dtree.c(1439): stop. leaf nodes are specific
INFO: dtree.c(1478): Final simple tree
|( QUESTION2_0_L -1 2.128e+03 2.283e+02 1.238e+02
|    ( QUESTION0_14_R 1 9.678e+02 9.721e+01 6.300e+01
|        ( - 7.750e+02 1 0)
|        ( QUESTION0_0_R 1 9.564e+01 2.330e+01 1.000e+01
|            ( - 6.443e+01 1 0)
|            ( - 7.905e+00 1 0)))
|    ( QUESTION0_10_R 1 9.315e+02 1.447e+02 6.083e+01
|        ( - 3.545e+02 1 0)
|        ( SILENCE -1 4.323e+02 9.816e+01 3.300e+01
|            ( - 1.746e+02 1 0)
|            ( - 1.595e+02 1 0))))
s>    ( QUESTION2_0_L -1 2.128e+03 2.283e+02 1.238e+02
s>        ( QUESTION0_14_R 1 9.678e+02 9.721e+01 6.300e+01
s>            ( - 7.750e+02 1 0)
s>            ( QUESTION0_0_R 1 9.564e+01 2.330e+01 1.000e+01
s>                ( - 6.443e+01 1 0)
s>                ( - 7.905e+00 1 0)))
s>        ( QUESTION0_10_R 1 9.315e+02 1.447e+02 6.083e+01
s>            ( - 3.545e+02 1 0)
s>            ( SILENCE -1 4.323e+02 9.816e+01 3.300e+01
s>                ( - 1.746e+02 1 0)
s>                ( - 1.595e+02 1 0))))INFO: dtree.c(1439): stop. leaf nodes are specific
INFO: dtree.c(1478): Final simple tree
|( QUESTION1 -1 6.044e+03 2.847e+02 3.250e+02
|    ( QUESTION0_0_R 1 3.715e+03 1.440e+02 2.044e+02
|        ( - 1.935e+02 1 0)
|        ( - 3.377e+03 3 0))
|    ( QUESTION0_8_R 1 2.045e+03 1.278e+02 1.205e+02
|        ( - 1.650e+03 5 0)
|        ( - 2.668e+02 1 0)))
s>    ( QUESTION1 -1 6.044e+03 2.847e+02 3.250e+02
s>        ( QUESTION0_0_R 1 3.715e+03 1.440e+02 2.044e+02
s>            ( - 1.935e+02 1 0)
s>            ( - 3.377e+03 3 0))
s>        ( QUESTION0_8_R 1 2.045e+03 1.278e+02 1.205e+02
s>            ( - 1.650e+03 5 0)
s>            ( - 2.668e+02 1 0)))INFO: dtree.c(1315): Comp split 10
INFO: dtree.c(1439): stop. leaf nodes are specific
INFO: dtree.c(1478): Final simple tree
|( QUESTION0_17_R 1 2.170e+03 1.496e+02 1.140e+02
|    ( - 1.874e+03 1 0)
|    ( QUESTION1 -1 1.455e+02 3.765e+01 1.400e+01
|        ( WDBNDRY_E 0 8.879e+01 1.200e+01 1.100e+01
|            ( - 0.000e+00 1 0)
|            ( - 7.679e+01 1 0))
|        ( WDBNDRY_B 0 1.902e+01 1.102e+01 3.000e+00
|            ( QUESTION0_0_R 1 8.000e+00 8.000e+00 2.000e+00
|                ( - 0.000e+00 1 0)
|                ( - 0.000e+00 1 0))
|            ( - 0.000e+00 1 0))))
s>    ( QUESTION0_17_R 1 2.170e+03 1.496e+02 1.140e+02
s>        ( - 1.874e+03 1 0)
s>        ( QUESTION1 -1 1.455e+02 3.765e+01 1.400e+01
s>            ( WDBNDRY_E 0 8.879e+01 1.200e+01 1.100e+01
s>                ( - 0.000e+00 1 0)
s>                ( - 7.679e+01 1 0))
s>            ( WDBNDRY_B 0 1.902e+01 1.102e+01 3.000e+00
s>                ( QUESTION0_0_R 1 8.000e+00 8.000e+00 2.000e+00
s>                    ( - 0.000e+00 1 0)
s>                    ( - 0.000e+00 1 0))
s>                ( - 0.000e+00 1 0))))INFO: dtree.c(1439): stop. leaf nodes are specific
INFO: dtree.c(1478): Final simple tree
|( QUESTION7 -1 1.720e+03 1.136e+02 9.739e+01
|    ( - 1.463e+03 1 0)
|    ( QUESTION6 -1 1.436e+02 4.421e+01 1.300e+01
|        ( WDBNDRY_B 0 6.606e+01 2.448e+01 8.000e+00
|            ( - 1.951e+01 1 0)
|            ( - 2.206e+01 1 0))
|        ( QUESTION0_0_R 1 3.337e+01 9.499e+00 5.000e+00
|            ( - 0.000e+00 1 0)
|            ( - 2.387e+01 1 0))))
s>    ( QUESTION7 -1 1.720e+03 1.136e+02 9.739e+01
s>        ( - 1.463e+03 1 0)
s>        ( QUESTION6 -1 1.436e+02 4.421e+01 1.300e+01
s>            ( WDBNDRY_B 0 6.606e+01 2.448e+01 8.000e+00
s>                ( - 1.951e+01 1 0)
s>                ( - 2.206e+01 1 0))
s>            ( QUESTION0_0_R 1 3.337e+01 9.499e+00 5.000e+00
s>                ( - 0.000e+00 1 0)
s>                ( - 2.387e+01 1 0))))INFO: dtree.c(1315): Comp split 11
INFO: dtree.c(1439): stop. leaf nodes are specific
INFO: dtree.c(1478): Final simple tree
|( QUESTION6 -1 2.634e+03 2.523e+02 1.536e+02
|    ( - 1.379e+03 2 0)
|    ( QUESTION0_8_R 1 1.003e+03 9.271e+01 6.831e+01
|        ( - 1.232e+02 1 0)
|        ( - 7.871e+02 1 0)))
s>    ( QUESTION6 -1 2.634e+03 2.523e+02 1.536e+02
s>        ( - 1.379e+03 2 0)
s>        ( QUESTION0_8_R 1 1.003e+03 9.271e+01 6.831e+01
s>            ( - 1.232e+02 1 0)
s>            ( - 7.871e+02 1 0)))INFO: dtree.c(1439): stop. leaf nodes are specific
INFO: dtree.c(1478): Final simple tree
|( QUESTION5 -1 3.638e+03 2.339e+02 2.219e+02
|    ( QUESTION0_8_R 1 2.217e+03 1.705e+02 1.430e+02
|        ( - 1.147e+03 1 0)
|        ( QUESTION0_0_R 1 8.991e+02 7.094e+01 6.463e+01
|            ( - 1.879e+01 1 0)
|            ( - 8.094e+02 1 0)))
|    ( QUESTION3 -1 1.187e+03 1.172e+02 7.884e+01
|        ( - 1.943e+02 2 0)
|        ( SILENCE -1 8.754e+02 9.494e+01 5.991e+01
|            ( - 5.930e+02 3 0)
|            ( - 1.874e+02 1 0))))
s>    ( QUESTION5 -1 3.638e+03 2.339e+02 2.219e+02
s>        ( QUESTION0_8_R 1 2.217e+03 1.705e+02 1.430e+02
s>            ( - 1.147e+03 1 0)
s>            ( QUESTION0_0_R 1 8.991e+02 7.094e+01 6.463e+01
s>                ( - 1.879e+01 1 0)
s>                ( - 8.094e+02 1 0)))
s>        ( QUESTION3 -1 1.187e+03 1.172e+02 7.884e+01
s>            ( - 1.943e+02 2 0)
s>            ( SILENCE -1 8.754e+02 9.494e+01 5.991e+01
s>                ( - 5.930e+02 3 0)
s>                ( - 1.874e+02 1 0))))INFO: dtree.c(1315): Comp split 12
INFO: dtree.c(1439): stop. leaf nodes are specific
INFO: dtree.c(1478): Final simple tree
|( QUESTION0_14_R 1 2.175e+03 1.612e+02 1.406e+02
|    ( QUESTION4 -1 1.376e+03 1.081e+02 8.903e+01
|        ( - 4.866e+02 1 0)
|        ( - 7.808e+02 1 0))
|    ( QUESTION0_0_R 1 6.383e+02 8.429e+01 5.159e+01
|        ( - 1.999e+02 1 0)
|        ( - 3.542e+02 1 0)))
s>    ( QUESTION0_14_R 1 2.175e+03 1.612e+02 1.406e+02
s>        ( QUESTION4 -1 1.376e+03 1.081e+02 8.903e+01
s>            ( - 4.866e+02 1 0)
s>            ( - 7.808e+02 1 0))
s>        ( QUESTION0_0_R 1 6.383e+02 8.429e+01 5.159e+01
s>            ( - 1.999e+02 1 0)
s>            ( - 3.542e+02 1 0)))INFO: dtree.c(1478): Final simple tree
|( QUESTION2 -1 4.347e+03 2.420e+02 2.553e+02
|    ( QUESTION0_14_R 1 1.646e+03 1.431e+02 1.043e+02
|        ( - 1.257e+03 3 0)
|        ( - 2.461e+02 2 0 QUESTION0_18_R 1 4.763e+01 2.275e+01))
|    ( QUESTION0_18_R 1 2.459e+03 1.899e+02 1.510e+02
|        ( QUESTION10 -1 9.446e+02 1.110e+02 6.806e+01
|            ( - 4.022e+02 1 0)
|            ( - 4.313e+02 3 0 QUESTION6 -1 8.361e+01 3.406e+01))
|        ( QUESTION0_8_R 1 1.325e+03 1.558e+02 8.295e+01
|            ( QUESTION6 -1 4.209e+02 9.141e+01 3.095e+01
|                ( - 1.172e+02 1 0)
|                ( - 2.123e+02 4 0 QUESTION0 -1 2.388e+01 1.895e+01))
|            ( QUESTION16 -1 7.478e+02 1.031e+02 5.200e+01
|                ( - 1.005e+02 2 0 QUESTION2_9_L -1 2.779e+01 1.100e+01)
|                ( - 5.442e+02 4 0 QUESTION0 -1 7.871e+01 4.100e+01)))))
s>    ( QUESTION2 -1 4.347e+03 2.420e+02 2.553e+02
s>        ( QUESTION0_14_R 1 1.646e+03 1.431e+02 1.043e+02
s>            ( - 1.257e+03 3 0)
s>            ( - 2.461e+02 2 0 QUESTION0_18_R 1 4.763e+01 2.275e+01))
s>        ( QUESTION0_18_R 1 2.459e+03 1.899e+02 1.510e+02
s>            ( QUESTION10 -1 9.446e+02 1.110e+02 6.806e+01
s>                ( - 4.022e+02 1 0)
s>                ( - 4.313e+02 3 0 QUESTION6 -1 8.361e+01 3.406e+01))
s>            ( QUESTION0_8_R 1 1.325e+03 1.558e+02 8.295e+01
s>                ( QUESTION6 -1 4.209e+02 9.141e+01 3.095e+01
s>                    ( - 1.172e+02 1 0)
s>                    ( - 2.123e+02 4 0 QUESTION0 -1 2.388e+01 1.895e+01))
s>                ( QUESTION16 -1 7.478e+02 1.031e+02 5.200e+01
s>                    ( - 1.005e+02 2 0 QUESTION2_9_L -1 2.779e+01 1.100e+01)
s>                    ( - 5.442e+02 4 0 QUESTION0 -1 7.871e+01 4.100e+01)))))INFO: dtree.c(1315): Comp split 13
INFO: dtree.c(1439): stop. leaf nodes are specific
INFO: dtree.c(1478): Final simple tree
|( QUESTION0_8_R 1 2.177e+03 1.665e+02 1.289e+02
|    ( - 1.160e+03 1 0)
|    ( QUESTION2_0_L -1 8.499e+02 1.217e+02 5.765e+01
|        ( QUESTION0 -1 4.478e+02 5.657e+01 3.597e+01
|            ( - 1.036e+02 1 0)
|            ( - 2.876e+02 1 0))
|        ( SILENCE -1 2.805e+02 6.148e+01 2.169e+01
|            ( - 3.696e+01 1 0)
|            ( - 1.820e+02 1 0))))
s>    ( QUESTION0_8_R 1 2.177e+03 1.665e+02 1.289e+02
s>        ( - 1.160e+03 1 0)
s>        ( QUESTION2_0_L -1 8.499e+02 1.217e+02 5.765e+01
s>            ( QUESTION0 -1 4.478e+02 5.657e+01 3.597e+01
s>                ( - 1.036e+02 1 0)
s>                ( - 2.876e+02 1 0))
s>            ( SILENCE -1 2.805e+02 6.148e+01 2.169e+01
s>                ( - 3.696e+01 1 0)
s>                ( - 1.820e+02 1 0))))INFO: dtree.c(1478): Final simple tree
|( QUESTION0_13_R 1 5.356e+03 2.414e+02 2.986e+02
|    ( - 2.923e+03 2 0)
|    ( QUESTION1 -1 2.192e+03 1.826e+02 1.350e+02
|        ( - 5.324e+02 1 0)
|        ( QUESTION0_8_R 1 1.477e+03 1.301e+02 9.653e+01
|            ( QUESTION0 -1 8.453e+02 5.679e+01 5.655e+01
|                ( - 7.605e+02 2 0)
|                ( QUESTION6 -1 2.799e+01 1.311e+01 4.000e+00
|                    ( - 1.857e-01 1 0)
|                    ( QUESTION2_9_L -1 1.469e+01 8.971e+00 3.000e+00
|                        ( - 0.000e+00 1 0)
|                        ( - 5.714e+00 1 0))))
|            ( QUESTION2_1_L -1 5.019e+02 8.767e+01 3.998e+01
|                ( - 1.206e+02 1 0)
|                ( - 2.936e+02 1 0)))))
s>    ( QUESTION0_13_R 1 5.356e+03 2.414e+02 2.986e+02
s>        ( - 2.923e+03 2 0)
s>        ( QUESTION1 -1 2.192e+03 1.826e+02 1.350e+02
s>            ( - 5.324e+02 1 0)
s>            ( QUESTION0_8_R 1 1.477e+03 1.301e+02 9.653e+01
s>                ( QUESTION0 -1 8.453e+02 5.679e+01 5.655e+01
s>                    ( - 7.605e+02 2 0)
s>                    ( QUESTION6 -1 2.799e+01 1.311e+01 4.000e+00
s>                        ( - 1.857e-01 1 0)
s>                        ( QUESTION2_9_L -1 1.469e+01 8.971e+00 3.000e+00
s>                            ( - 0.000e+00 1 0)
s>                            ( - 5.714e+00 1 0))))
s>                ( QUESTION2_1_L -1 5.019e+02 8.767e+01 3.998e+01
s>                    ( - 1.206e+02 1 0)
s>                    ( - 2.936e+02 1 0)))))INFO: dtree.c(1315): Comp split 14
INFO: dtree.c(1439): stop. leaf nodes are specific
INFO: dtree.c(1478): Final simple tree
|( QUESTION0_8_R 1 2.375e+03 1.769e+02 1.366e+02
|    ( - 1.650e+03 5 0)
|    ( QUESTION0_0_R 1 5.480e+02 8.775e+01 3.818e+01
|        ( - 1.935e+02 1 0)
|        ( - 2.668e+02 1 0)))
s>    ( QUESTION0_8_R 1 2.375e+03 1.769e+02 1.366e+02
s>        ( - 1.650e+03 5 0)
s>        ( QUESTION0_0_R 1 5.480e+02 8.775e+01 3.818e+01
s>            ( - 1.935e+02 1 0)
s>            ( - 2.668e+02 1 0)))INFO: dtree.c(1315): Comp split 15
INFO: dtree.c(1478): Final simple tree
|( QUESTION6 -1 1.443e+03 1.288e+02 9.801e+01
|    ( QUESTION7 -1 6.407e+02 9.503e+01 4.800e+01
|        ( - 1.435e+02 1 0)
|        ( - 4.022e+02 1 0))
|    ( QUESTION0_15_R 1 6.731e+02 9.137e+01 5.001e+01
|        ( QUESTION0 -1 2.042e+02 5.013e+01 2.006e+01
|            ( - 1.253e+02 1 0)
|            ( - 2.882e+01 1 0))
|        ( QUESTION0_8_R 1 3.775e+02 6.473e+01 2.995e+01
|            ( QUESTION0 -1 2.123e+02 2.388e+01 1.895e+01
|                ( - 1.804e+02 2 0)
|                ( - 8.000e+00 2 0))
|            ( QUESTION2_9_L -1 1.005e+02 2.779e+01 1.100e+01
|                ( - 1.044e+01 1 0)
|                ( - 6.228e+01 1 0)))))
s>    ( QUESTION6 -1 1.443e+03 1.288e+02 9.801e+01
s>        ( QUESTION7 -1 6.407e+02 9.503e+01 4.800e+01
s>            ( - 1.435e+02 1 0)
s>            ( - 4.022e+02 1 0))
s>        ( QUESTION0_15_R 1 6.731e+02 9.137e+01 5.001e+01
s>            ( QUESTION0 -1 2.042e+02 5.013e+01 2.006e+01
s>                ( - 1.253e+02 1 0)
s>                ( - 2.882e+01 1 0))
s>            ( QUESTION0_8_R 1 3.775e+02 6.473e+01 2.995e+01
s>                ( QUESTION0 -1 2.123e+02 2.388e+01 1.895e+01
s>                    ( - 1.804e+02 2 0)
s>                    ( - 8.000e+00 2 0))
s>                ( QUESTION2_9_L -1 1.005e+02 2.779e+01 1.100e+01
s>                    ( - 1.044e+01 1 0)
s>                    ( - 6.228e+01 1 0)))))INFO: dtree.c(1478): Final simple tree
|( QUESTION16 1 2.625e+03 2.226e+02 1.573e+02
|    ( - 1.257e+03 3 0)
|    ( QUESTION0 -1 1.145e+03 1.292e+02 7.575e+01
|        ( QUESTION0_14_R 1 6.147e+02 9.218e+01 4.675e+01
|            ( - 1.299e+02 1 0)
|            ( QUESTION0_18_R 1 3.926e+02 6.871e+01 3.375e+01
|                ( - 1.739e+02 1 0)
|                ( QUESTION0_0_R 1 1.500e+02 4.166e+01 1.589e+01
|                    ( - 2.767e+01 1 0)
|                    ( QUESTION1 -1 8.069e+01 3.176e+01 9.892e+00
|                        ( - 2.432e+01 1 0)
|                        ( - 2.460e+01 1 0)))))
|        ( QUESTION0_0_R 1 4.015e+02 9.862e+01 2.900e+01
|            ( - 1.856e+02 1 0)
|            ( - 1.172e+02 1 0))))
s>    ( QUESTION16 1 2.625e+03 2.226e+02 1.573e+02
s>        ( - 1.257e+03 3 0)
s>        ( QUESTION0 -1 1.145e+03 1.292e+02 7.575e+01
s>            ( QUESTION0_14_R 1 6.147e+02 9.218e+01 4.675e+01
s>                ( - 1.299e+02 1 0)
s>                ( QUESTION0_18_R 1 3.926e+02 6.871e+01 3.375e+01
s>                    ( - 1.739e+02 1 0)
s>                    ( QUESTION0_0_R 1 1.500e+02 4.166e+01 1.589e+01
s>                        ( - 2.767e+01 1 0)
s>                        ( QUESTION1 -1 8.069e+01 3.176e+01 9.892e+00
s>                            ( - 2.432e+01 1 0)
s>                            ( - 2.460e+01 1 0)))))
s>            ( QUESTION0_0_R 1 4.015e+02 9.862e+01 2.900e+01
s>                ( - 1.856e+02 1 0)
s>                ( - 1.172e+02 1 0))))INFO: dtree.c(1315): Comp split 16
INFO: dtree.c(1439): stop. leaf nodes are specific
INFO: dtree.c(1478): Final simple tree
|( QUESTION0_8_R 1 1.003e+03 9.271e+01 6.831e+01
|    ( - 1.232e+02 1 0)
|    ( - 7.871e+02 1 0))
s>    ( QUESTION0_8_R 1 1.003e+03 9.271e+01 6.831e+01
s>        ( - 1.232e+02 1 0)
s>        ( - 7.871e+02 1 0))INFO: dtree.c(1315): Comp split 17
INFO: dtree.c(1439): stop. leaf nodes are specific
INFO: dtree.c(1478): Final simple tree
|( QUESTION0_0_R 1 1.863e+03 1.976e+02 1.162e+02
|    ( - 1.073e+03 1 0)
|    ( QUESTION0 -1 5.919e+02 1.147e+02 4.399e+01
|        ( QUESTION0_12_R 1 3.195e+02 4.229e+01 2.500e+01
|            ( - 3.153e+01 1 0)
|            ( QUESTION1 -1 2.457e+02 3.882e+01 2.000e+01
|                ( - 1.795e+02 1 0)
|                ( - 2.741e+01 1 0)))
|        ( QUESTION4 -1 1.577e+02 4.362e+01 1.899e+01
|            ( - 8.911e+01 1 0)
|            ( - 2.496e+01 1 0))))
s>    ( QUESTION0_0_R 1 1.863e+03 1.976e+02 1.162e+02
s>        ( - 1.073e+03 1 0)
s>        ( QUESTION0 -1 5.919e+02 1.147e+02 4.399e+01
s>            ( QUESTION0_12_R 1 3.195e+02 4.229e+01 2.500e+01
s>                ( - 3.153e+01 1 0)
s>                ( QUESTION1 -1 2.457e+02 3.882e+01 2.000e+01
s>                    ( - 1.795e+02 1 0)
s>                    ( - 2.741e+01 1 0)))
s>            ( QUESTION4 -1 1.577e+02 4.362e+01 1.899e+01
s>                ( - 8.911e+01 1 0)
s>                ( - 2.496e+01 1 0))))INFO: dtree.c(1315): Comp split 18
INFO: dtree.c(1439): stop. leaf nodes are specific
INFO: dtree.c(1478): Final simple tree
|( QUESTION1 -1 2.192e+03 1.826e+02 1.350e+02
|    ( - 5.324e+02 1 0)
|    ( QUESTION0_8_R 1 1.477e+03 1.301e+02 9.653e+01
|        ( QUESTION0 -1 8.453e+02 5.679e+01 5.655e+01
|            ( - 7.605e+02 2 0)
|            ( QUESTION6 -1 2.799e+01 1.311e+01 4.000e+00
|                ( - 1.857e-01 1 0)
|                ( QUESTION2_9_L -1 1.469e+01 8.971e+00 3.000e+00
|                    ( - 0.000e+00 1 0)
|                    ( - 5.714e+00 1 0))))
|        ( QUESTION2_1_L -1 5.019e+02 8.767e+01 3.998e+01
|            ( - 1.206e+02 1 0)
|            ( - 2.936e+02 1 0))))
s>    ( QUESTION1 -1 2.192e+03 1.826e+02 1.350e+02
s>        ( - 5.324e+02 1 0)
s>        ( QUESTION0_8_R 1 1.477e+03 1.301e+02 9.653e+01
s>            ( QUESTION0 -1 8.453e+02 5.679e+01 5.655e+01
s>                ( - 7.605e+02 2 0)
s>                ( QUESTION6 -1 2.799e+01 1.311e+01 4.000e+00
s>                    ( - 1.857e-01 1 0)
s>                    ( QUESTION2_9_L -1 1.469e+01 8.971e+00 3.000e+00
s>                        ( - 0.000e+00 1 0)
s>                        ( - 5.714e+00 1 0))))
s>            ( QUESTION2_1_L -1 5.019e+02 8.767e+01 3.998e+01
s>                ( - 1.206e+02 1 0)
s>                ( - 2.936e+02 1 0))))INFO: dtree.c(1315): Comp split 19
INFO: dtree.c(1439): stop. leaf nodes are specific
INFO: dtree.c(1478): Final simple tree
|( QUESTION3 -1 1.281e+03 1.359e+02 8.384e+01
|    ( QUESTION0_0_R 1 2.698e+02 5.669e+01 2.393e+01
|        ( - 1.879e+01 1 0)
|        ( - 1.943e+02 2 0))
|    ( SILENCE -1 8.754e+02 9.494e+01 5.991e+01
|        ( - 5.930e+02 3 0)
|        ( - 1.874e+02 1 0)))
s>    ( QUESTION3 -1 1.281e+03 1.359e+02 8.384e+01
s>        ( QUESTION0_0_R 1 2.698e+02 5.669e+01 2.393e+01
s>            ( - 1.879e+01 1 0)
s>            ( - 1.943e+02 2 0))
s>        ( SILENCE -1 8.754e+02 9.494e+01 5.991e+01
s>            ( - 5.930e+02 3 0)
s>            ( - 1.874e+02 1 0)))INFO: dtree.c(1439): stop. leaf nodes are specific
INFO: dtree.c(1478): Final simple tree
|( QUESTION0_8_R 1 2.118e+03 1.613e+02 1.380e+02
|    ( - 1.147e+03 1 0)
|    ( - 8.094e+02 1 0))
s>    ( QUESTION0_8_R 1 2.118e+03 1.613e+02 1.380e+02
s>        ( - 1.147e+03 1 0)
s>        ( - 8.094e+02 1 0))INFO: dtree.c(1315): Comp split 20
INFO: dtree.c(1439): stop. leaf nodes are specific
INFO: dtree.c(1478): Final simple tree
|( QUESTION1 -1 1.861e+03 1.695e+02 1.133e+02
|    ( - 8.715e+02 1 0)
|    ( QUESTION2_0_L -1 8.203e+02 1.029e+02 5.564e+01
|        ( - 3.139e+02 1 0)
|        ( - 4.035e+02 1 0)))
s>    ( QUESTION1 -1 1.861e+03 1.695e+02 1.133e+02
s>        ( - 8.715e+02 1 0)
s>        ( QUESTION2_0_L -1 8.203e+02 1.029e+02 5.564e+01
s>            ( - 3.139e+02 1 0)
s>            ( - 4.035e+02 1 0)))INFO: dtree.c(1439): stop. leaf nodes are specific
INFO: dtree.c(1478): Final simple tree
|( QUESTION4 -1 1.044e+03 1.545e+01 6.978e+01
|    ( - 1.028e+03 1 0)
|    ( - 6.054e-01 1 0))
s>    ( QUESTION4 -1 1.044e+03 1.545e+01 6.978e+01
s>        ( - 1.028e+03 1 0)
s>        ( - 6.054e-01 1 0))INFO: dtree.c(1315): Comp split 21
INFO: dtree.c(1439): stop. leaf nodes are specific
INFO: dtree.c(1478): Final simple tree
|( SILENCE -1 6.220e+02 1.192e+02 4.300e+01
|    ( - 1.746e+02 1 0)
|    ( QUESTION0_14_R 1 3.282e+02 7.306e+01 2.600e+01
|        ( - 1.595e+02 1 0)
|        ( QUESTION0_0_R 1 9.564e+01 2.330e+01 1.000e+01
|            ( - 6.443e+01 1 0)
|            ( - 7.905e+00 1 0))))
s>    ( SILENCE -1 6.220e+02 1.192e+02 4.300e+01
s>        ( - 1.746e+02 1 0)
s>        ( QUESTION0_14_R 1 3.282e+02 7.306e+01 2.600e+01
s>            ( - 1.595e+02 1 0)
s>            ( QUESTION0_0_R 1 9.564e+01 2.330e+01 1.000e+01
s>                ( - 6.443e+01 1 0)
s>                ( - 7.905e+00 1 0))))INFO: dtree.c(1439): stop. leaf nodes are specific
INFO: dtree.c(1478): Final simple tree
|( SILENCE -1 1.275e+03 1.456e+02 8.083e+01
|    ( - 3.545e+02 1 0)
|    ( - 7.750e+02 1 0))
s>    ( SILENCE -1 1.275e+03 1.456e+02 8.083e+01
s>        ( - 3.545e+02 1 0)
s>        ( - 7.750e+02 1 0))INFO: dtree.c(1315): Comp split 22
INFO: dtree.c(1439): stop. leaf nodes are specific
INFO: dtree.c(1478): Final simple tree
|( QUESTION2 -1 9.114e+02 1.211e+02 6.375e+01
|    ( QUESTION0_18_R 1 2.461e+02 4.763e+01 2.275e+01
|        ( - 1.739e+02 1 0)
|        ( - 2.460e+01 1 0))
|    ( QUESTION0 -1 5.442e+02 7.871e+01 4.100e+01
|        ( QUESTION0_14_R 1 2.798e+02 6.190e+01 2.400e+01
|            ( - 1.299e+02 1 0)
|            ( QUESTION0_0_R 1 8.801e+01 3.602e+01 1.100e+01
|                ( - 2.767e+01 1 0)
|                ( - 2.432e+01 1 0)))
|        ( - 1.856e+02 1 0)))
s>    ( QUESTION2 -1 9.114e+02 1.211e+02 6.375e+01
s>        ( QUESTION0_18_R 1 2.461e+02 4.763e+01 2.275e+01
s>            ( - 1.739e+02 1 0)
s>            ( - 2.460e+01 1 0))
s>        ( QUESTION0 -1 5.442e+02 7.871e+01 4.100e+01
s>            ( QUESTION0_14_R 1 2.798e+02 6.190e+01 2.400e+01
s>                ( - 1.299e+02 1 0)
s>                ( QUESTION0_0_R 1 8.801e+01 3.602e+01 1.100e+01
s>                    ( - 2.767e+01 1 0)
s>                    ( - 2.432e+01 1 0)))
s>            ( - 1.856e+02 1 0)))INFO: dtree.c(1439): stop. leaf nodes are specific
INFO: dtree.c(1478): Final simple tree
|( QUESTION0_8_R 1 1.491e+03 1.166e+02 9.352e+01
|    ( - 1.172e+02 1 0)
|    ( - 1.257e+03 3 0))
s>    ( QUESTION0_8_R 1 1.491e+03 1.166e+02 9.352e+01
s>        ( - 1.172e+02 1 0)
s>        ( - 1.257e+03 3 0))INFO: dtree.c(1315): Comp split 23
INFO: dtree.c(1439): stop. leaf nodes are specific
INFO: dtree.c(1478): Final simple tree
|( QUESTION6 -1 4.993e+02 8.651e+01 2.990e+01
|    ( QUESTION7 -1 1.592e+02 2.821e+01 1.200e+01
|        ( - 8.595e+00 1 0)
|        ( - 1.224e+02 1 0))
|    ( - 2.536e+02 1 0))
s>    ( QUESTION6 -1 4.993e+02 8.651e+01 2.990e+01
s>        ( QUESTION7 -1 1.592e+02 2.821e+01 1.200e+01
s>            ( - 8.595e+00 1 0)
s>            ( - 1.224e+02 1 0))
s>        ( - 2.536e+02 1 0))INFO: dtree.c(1315): Comp split 24
INFO: dtree.c(1439): stop. leaf nodes are specific
INFO: dtree.c(1478): Final simple tree
|( QUESTION0 -1 5.033e+02 9.460e+01 3.899e+01
|    ( QUESTION0_12_R 1 3.195e+02 4.229e+01 2.500e+01
|        ( - 3.153e+01 1 0)
|        ( QUESTION1 -1 2.457e+02 3.882e+01 2.000e+01
|            ( - 1.795e+02 1 0)
|            ( - 2.741e+01 1 0)))
|    ( - 8.911e+01 1 0))
s>    ( QUESTION0 -1 5.033e+02 9.460e+01 3.899e+01
s>        ( QUESTION0_12_R 1 3.195e+02 4.229e+01 2.500e+01
s>            ( - 3.153e+01 1 0)
s>            ( QUESTION1 -1 2.457e+02 3.882e+01 2.000e+01
s>                ( - 1.795e+02 1 0)
s>                ( - 2.741e+01 1 0)))
s>        ( - 8.911e+01 1 0))INFO: dtree.c(1439): stop. leaf nodes are specific
INFO: dtree.c(1478): Final simple tree
|( QUESTION0_0_R 1 1.149e+03 5.079e+01 7.721e+01
|    ( - 1.073e+03 1 0)
|    ( - 2.496e+01 1 0))
s>    ( QUESTION0_0_R 1 1.149e+03 5.079e+01 7.721e+01
s>        ( - 1.073e+03 1 0)
s>        ( - 2.496e+01 1 0))INFO: dtree.c(1315): Comp split 25
INFO: dtree.c(1439): stop. leaf nodes are specific
INFO: dtree.c(1478): Final simple tree
|( QUESTION0_8_R 1 1.168e+03 1.143e+02 7.853e+01
|    ( - 7.605e+02 2 0)
|    ( - 2.936e+02 1 0))
s>    ( QUESTION0_8_R 1 1.168e+03 1.143e+02 7.853e+01
s>        ( - 7.605e+02 2 0)
s>        ( - 2.936e+02 1 0))INFO: dtree.c(1439): stop. leaf nodes are specific
INFO: dtree.c(1478): Final simple tree
|( QUESTION0 -1 8.159e+02 9.392e+01 5.642e+01
|    ( - 5.324e+02 1 0)
|    ( QUESTION0_8_R 1 1.896e+02 4.100e+01 1.800e+01
|        ( QUESTION6 -1 2.799e+01 1.311e+01 4.000e+00
|            ( - 1.857e-01 1 0)
|            ( QUESTION2_9_L -1 1.469e+01 8.971e+00 3.000e+00
|                ( - 0.000e+00 1 0)
|                ( - 5.714e+00 1 0)))
|        ( - 1.206e+02 1 0)))
s>    ( QUESTION0 -1 8.159e+02 9.392e+01 5.642e+01
s>        ( - 5.324e+02 1 0)
s>        ( QUESTION0_8_R 1 1.896e+02 4.100e+01 1.800e+01
s>            ( QUESTION6 -1 2.799e+01 1.311e+01 4.000e+00
s>                ( - 1.857e-01 1 0)
s>                ( QUESTION2_9_L -1 1.469e+01 8.971e+00 3.000e+00
s>                    ( - 0.000e+00 1 0)
s>                    ( - 5.714e+00 1 0)))
s>            ( - 1.206e+02 1 0)))INFO: dtree.c(1315): Comp split 26
INFO: dtree.c(1439): stop. leaf nodes are specific
INFO: dtree.c(1478): Final simple tree
|( QUESTION0_0_R 1 7.212e+02 9.135e+01 5.165e+01
|    ( - 1.820e+02 1 0)
|    ( QUESTION0 -1 4.478e+02 5.657e+01 3.597e+01
|        ( - 1.036e+02 1 0)
|        ( - 2.876e+02 1 0)))
s>    ( QUESTION0_0_R 1 7.212e+02 9.135e+01 5.165e+01
s>        ( - 1.820e+02 1 0)
s>        ( QUESTION0 -1 4.478e+02 5.657e+01 3.597e+01
s>            ( - 1.036e+02 1 0)
s>            ( - 2.876e+02 1 0)))INFO: dtree.c(1439): stop. leaf nodes are specific
INFO: dtree.c(1478): Final simple tree
|( SILENCE -1 1.274e+03 7.685e+01 7.727e+01
|    ( - 3.696e+01 1 0)
|    ( - 1.160e+03 1 0))
s>    ( SILENCE -1 1.274e+03 7.685e+01 7.727e+01
s>        ( - 3.696e+01 1 0)
s>        ( - 1.160e+03 1 0))INFO: dtree.c(1315): Comp split 27
INFO: dtree.c(1439): stop. leaf nodes are specific
INFO: dtree.c(1478): Final simple tree
|( QUESTION0_0_R 1 5.480e+02 8.775e+01 3.818e+01
|    ( - 1.935e+02 1 0)
|    ( - 2.668e+02 1 0))
s>    ( QUESTION0_0_R 1 5.480e+02 8.775e+01 3.818e+01
s>        ( - 1.935e+02 1 0)
s>        ( - 2.668e+02 1 0))INFO: dtree.c(1315): Comp split 28
INFO: dtree.c(1439): stop. leaf nodes are specific
INFO: dtree.c(1478): Final simple tree
|( QUESTION2_0_L -1 8.203e+02 1.029e+02 5.564e+01
|    ( - 3.139e+02 1 0)
|    ( - 4.035e+02 1 0))
s>    ( QUESTION2_0_L -1 8.203e+02 1.029e+02 5.564e+01
s>        ( - 3.139e+02 1 0)
s>        ( - 4.035e+02 1 0))INFO: dtree.c(1315): Comp split 29
INFO: dtree.c(1315): Comp split 30
INFO: dtree.c(1439): stop. leaf nodes are specific
INFO: dtree.c(1478): Final simple tree
|( QUESTION0_0_R 1 6.383e+02 8.429e+01 5.159e+01
|    ( - 1.999e+02 1 0)
|    ( - 3.542e+02 1 0))
s>    ( QUESTION0_0_R 1 6.383e+02 8.429e+01 5.159e+01
s>        ( - 1.999e+02 1 0)
s>        ( - 3.542e+02 1 0))INFO: dtree.c(1439): stop. leaf nodes are specific
INFO: dtree.c(1478): Final simple tree
|( QUESTION4 -1 1.376e+03 1.081e+02 8.903e+01
|    ( - 4.866e+02 1 0)
|    ( - 7.808e+02 1 0))
s>    ( QUESTION4 -1 1.376e+03 1.081e+02 8.903e+01
s>        ( - 4.866e+02 1 0)
s>        ( - 7.808e+02 1 0))INFO: dtree.c(1315): Comp split 31
INFO: dtree.c(1439): stop. leaf nodes are specific
INFO: dtree.c(1478): Final simple tree
|( QUESTION0_18_R 1 3.068e+02 5.008e+01 2.875e+01
|    ( - 1.739e+02 1 0)
|    ( QUESTION0_0_R 1 8.283e+01 3.056e+01 1.089e+01
|        ( - 2.767e+01 1 0)
|        ( - 2.460e+01 1 0)))
s>    ( QUESTION0_18_R 1 3.068e+02 5.008e+01 2.875e+01
s>        ( - 1.739e+02 1 0)
s>        ( QUESTION0_0_R 1 8.283e+01 3.056e+01 1.089e+01
s>            ( - 2.767e+01 1 0)
s>            ( - 2.460e+01 1 0)))INFO: dtree.c(1439): stop. leaf nodes are specific
INFO: dtree.c(1478): Final simple tree
|( QUESTION0_14_R 1 4.522e+02 6.977e+01 3.500e+01
|    ( - 1.299e+02 1 0)
|    ( QUESTION0_0_R 1 2.525e+02 4.257e+01 2.200e+01
|        ( - 1.856e+02 1 0)
|        ( - 2.432e+01 1 0)))
s>    ( QUESTION0_14_R 1 4.522e+02 6.977e+01 3.500e+01
s>        ( - 1.299e+02 1 0)
s>        ( QUESTION0_0_R 1 2.525e+02 4.257e+01 2.200e+01
s>            ( - 1.856e+02 1 0)
s>            ( - 2.432e+01 1 0)))INFO: dtree.c(1315): Comp split 32
INFO: dtree.c(1439): stop. leaf nodes are specific
INFO: dtree.c(1478): Final simple tree
|( QUESTION1 -1 1.455e+02 3.765e+01 1.400e+01
|    ( WDBNDRY_E 0 8.879e+01 1.200e+01 1.100e+01
|        ( - 0.000e+00 1 0)
|        ( - 7.679e+01 1 0))
|    ( WDBNDRY_B 0 1.902e+01 1.102e+01 3.000e+00
|        ( QUESTION0_0_R 1 8.000e+00 8.000e+00 2.000e+00
|            ( - 0.000e+00 1 0)
|            ( - 0.000e+00 1 0))
|        ( - 0.000e+00 1 0)))
s>    ( QUESTION1 -1 1.455e+02 3.765e+01 1.400e+01
s>        ( WDBNDRY_E 0 8.879e+01 1.200e+01 1.100e+01
s>            ( - 0.000e+00 1 0)
s>            ( - 7.679e+01 1 0))
s>        ( WDBNDRY_B 0 1.902e+01 1.102e+01 3.000e+00
s>            ( QUESTION0_0_R 1 8.000e+00 8.000e+00 2.000e+00
s>                ( - 0.000e+00 1 0)
s>                ( - 0.000e+00 1 0))
s>            ( - 0.000e+00 1 0)))INFO: dtree.c(1315): Comp split 33
INFO: dtree.c(1315): Comp split 34
INFO: dtree.c(1439): stop. leaf nodes are specific
INFO: dtree.c(1478): Final simple tree
|( QUESTION6 -1 3.597e+02 7.765e+01 2.800e+01
|    ( - 1.435e+02 1 0)
|    ( QUESTION0_14_R 1 1.385e+02 4.741e+01 1.400e+01
|        ( - 6.228e+01 1 0)
|        ( - 2.882e+01 1 0)))
s>    ( QUESTION6 -1 3.597e+02 7.765e+01 2.800e+01
s>        ( - 1.435e+02 1 0)
s>        ( QUESTION0_14_R 1 1.385e+02 4.741e+01 1.400e+01
s>            ( - 6.228e+01 1 0)
s>            ( - 2.882e+01 1 0)))INFO: dtree.c(1439): stop. leaf nodes are specific
INFO: dtree.c(1478): Final simple tree
|( QUESTION0 -1 9.392e+02 9.679e+01 7.001e+01
|    ( QUESTION0_8_R 1 3.690e+02 6.333e+01 3.101e+01
|        ( - 1.804e+02 2 0)
|        ( - 1.253e+02 1 0))
|    ( QUESTION0_15_R 1 4.734e+02 3.789e+01 3.900e+01
|        ( - 4.022e+02 1 0)
|        ( QUESTION0_8_R 1 3.333e+01 1.488e+01 5.000e+00
|            ( - 8.000e+00 2 0)
|            ( - 1.044e+01 1 0))))
s>    ( QUESTION0 -1 9.392e+02 9.679e+01 7.001e+01
s>        ( QUESTION0_8_R 1 3.690e+02 6.333e+01 3.101e+01
s>            ( - 1.804e+02 2 0)
s>            ( - 1.253e+02 1 0))
s>        ( QUESTION0_15_R 1 4.734e+02 3.789e+01 3.900e+01
s>            ( - 4.022e+02 1 0)
s>            ( QUESTION0_8_R 1 3.333e+01 1.488e+01 5.000e+00
s>                ( - 8.000e+00 2 0)
s>                ( - 1.044e+01 1 0))))INFO: dtree.c(1315): Comp split 35
INFO: dtree.c(1439): stop. leaf nodes are specific
INFO: dtree.c(1478): Final simple tree
|( SILENCE -1 8.754e+02 9.494e+01 5.991e+01
|    ( - 5.930e+02 3 0)
|    ( - 1.874e+02 1 0))
s>    ( SILENCE -1 8.754e+02 9.494e+01 5.991e+01
s>        ( - 5.930e+02 3 0)
s>        ( - 1.874e+02 1 0))INFO: dtree.c(1439): stop. leaf nodes are specific
INFO: dtree.c(1478): Final simple tree
|( QUESTION0_0_R 1 2.698e+02 5.669e+01 2.393e+01
|    ( - 1.879e+01 1 0)
|    ( - 1.943e+02 2 0))
s>    ( QUESTION0_0_R 1 2.698e+02 5.669e+01 2.393e+01
s>        ( - 1.879e+01 1 0)
s>        ( - 1.943e+02 2 0))INFO: dtree.c(1315): Comp split 36
INFO: dtree.c(1439): stop. leaf nodes are specific
INFO: dtree.c(1478): Final simple tree
|( QUESTION0_14_R 1 3.282e+02 7.306e+01 2.600e+01
|    ( - 1.595e+02 1 0)
|    ( QUESTION0_0_R 1 9.564e+01 2.330e+01 1.000e+01
|        ( - 6.443e+01 1 0)
|        ( - 7.905e+00 1 0)))
s>    ( QUESTION0_14_R 1 3.282e+02 7.306e+01 2.600e+01
s>        ( - 1.595e+02 1 0)
s>        ( QUESTION0_0_R 1 9.564e+01 2.330e+01 1.000e+01
s>            ( - 6.443e+01 1 0)
s>            ( - 7.905e+00 1 0)))INFO: dtree.c(1315): Comp split 37
INFO: dtree.c(1315): Comp split 38
INFO: dtree.c(1315): Comp split 39
INFO: dtree.c(1439): stop. leaf nodes are specific
INFO: dtree.c(1478): Final simple tree
|( QUESTION6 -1 1.436e+02 4.421e+01 1.300e+01
|    ( WDBNDRY_B 0 6.606e+01 2.448e+01 8.000e+00
|        ( - 1.951e+01 1 0)
|        ( - 2.206e+01 1 0))
|    ( QUESTION0_0_R 1 3.337e+01 9.499e+00 5.000e+00
|        ( - 0.000e+00 1 0)
|        ( - 2.387e+01 1 0)))
s>    ( QUESTION6 -1 1.436e+02 4.421e+01 1.300e+01
s>        ( WDBNDRY_B 0 6.606e+01 2.448e+01 8.000e+00
s>            ( - 1.951e+01 1 0)
s>            ( - 2.206e+01 1 0))
s>        ( QUESTION0_0_R 1 3.337e+01 9.499e+00 5.000e+00
s>            ( - 0.000e+00 1 0)
s>            ( - 2.387e+01 1 0)))INFO: dtree.c(1315): Comp split 40
INFO: dtree.c(1315): Comp split 41
INFO: dtree.c(1315): Comp split 42
INFO: dtree.c(1439): stop. leaf nodes are specific
INFO: dtree.c(1478): Final simple tree
|( QUESTION0_8_R 1 5.590e+02 2.091e+01 4.042e+01
|    ( - 5.714e+00 1 0)
|    ( - 5.324e+02 1 0))
s>    ( QUESTION0_8_R 1 5.590e+02 2.091e+01 4.042e+01
s>        ( - 5.714e+00 1 0)
s>        ( - 5.324e+02 1 0))INFO: dtree.c(1439): stop. leaf nodes are specific
INFO: dtree.c(1478): Final simple tree
|( QUESTION0_8_R 1 1.573e+02 2.836e+01 1.600e+01
|    ( QUESTION6 -1 8.324e+00 8.138e+00 2.000e+00
|        ( - 1.857e-01 1 0)
|        ( - 0.000e+00 1 0))
|    ( - 1.206e+02 1 0))
s>    ( QUESTION0_8_R 1 1.573e+02 2.836e+01 1.600e+01
s>        ( QUESTION6 -1 8.324e+00 8.138e+00 2.000e+00
s>            ( - 1.857e-01 1 0)
s>            ( - 0.000e+00 1 0))
s>        ( - 1.206e+02 1 0))INFO: dtree.c(1315): Comp split 43
INFO: dtree.c(1439): stop. leaf nodes are specific
INFO: dtree.c(1478): Final simple tree
|( QUESTION0_8_R 1 4.043e+02 6.676e+01 3.301e+01
|    ( QUESTION0 -1 2.123e+02 2.388e+01 1.895e+01
|        ( - 1.804e+02 2 0)
|        ( - 8.000e+00 2 0))
|    ( - 1.253e+02 1 0))
s>    ( QUESTION0_8_R 1 4.043e+02 6.676e+01 3.301e+01
s>        ( QUESTION0 -1 2.123e+02 2.388e+01 1.895e+01
s>            ( - 1.804e+02 2 0)
s>            ( - 8.000e+00 2 0))
s>        ( - 1.253e+02 1 0))INFO: dtree.c(1439): stop. leaf nodes are specific
INFO: dtree.c(1478): Final simple tree
|( QUESTION0_14_R 1 4.354e+02 2.273e+01 3.700e+01
|    ( - 1.044e+01 1 0)
|    ( - 4.022e+02 1 0))
s>    ( QUESTION0_14_R 1 4.354e+02 2.273e+01 3.700e+01
s>        ( - 1.044e+01 1 0)
s>        ( - 4.022e+02 1 0))INFO: dtree.c(1315): Comp split 44
INFO: dtree.c(1315): Comp split 45
INFO: dtree.c(1439): stop. leaf nodes are specific
INFO: dtree.c(1478): Final simple tree
|( QUESTION0_12_R 1 3.195e+02 4.229e+01 2.500e+01
|    ( - 3.153e+01 1 0)
|    ( QUESTION1 -1 2.457e+02 3.882e+01 2.000e+01
|        ( - 1.795e+02 1 0)
|        ( - 2.741e+01 1 0)))
s>    ( QUESTION0_12_R 1 3.195e+02 4.229e+01 2.500e+01
s>        ( - 3.153e+01 1 0)
s>        ( QUESTION1 -1 2.457e+02 3.882e+01 2.000e+01
s>            ( - 1.795e+02 1 0)
s>            ( - 2.741e+01 1 0)))INFO: dtree.c(1315): Comp split 46
INFO: dtree.c(1315): Comp split 47
INFO: dtree.c(1439): stop. leaf nodes are specific
INFO: dtree.c(1478): Final simple tree
|( QUESTION0 -1 4.478e+02 5.657e+01 3.597e+01
|    ( - 1.036e+02 1 0)
|    ( - 2.876e+02 1 0))
s>    ( QUESTION0 -1 4.478e+02 5.657e+01 3.597e+01
s>        ( - 1.036e+02 1 0)
s>        ( - 2.876e+02 1 0))INFO: dtree.c(1315): Comp split 48
INFO: dtree.c(1315): Comp split 49
INFO: dtree.c(1439): stop. leaf nodes are specific
INFO: dtree.c(1478): Final simple tree
|( QUESTION7 -1 1.592e+02 2.821e+01 1.200e+01
|    ( - 8.595e+00 1 0)
|    ( - 1.224e+02 1 0))
s>    ( QUESTION7 -1 1.592e+02 2.821e+01 1.200e+01
s>        ( - 8.595e+00 1 0)
s>        ( - 1.224e+02 1 0))INFO: dtree.c(1315): Comp split 50
INFO: dtree.c(1315): Comp split 51
INFO: dtree.c(1439): stop. leaf nodes are specific
INFO: dtree.c(1478): Final simple tree
|( QUESTION0_14_R 1 1.385e+02 4.741e+01 1.400e+01
|    ( - 6.228e+01 1 0)
|    ( - 2.882e+01 1 0))
s>    ( QUESTION0_14_R 1 1.385e+02 4.741e+01 1.400e+01
s>        ( - 6.228e+01 1 0)
s>        ( - 2.882e+01 1 0))INFO: dtree.c(1315): Comp split 52
INFO: dtree.c(1315): Comp split 53
INFO: dtree.c(1439): stop. leaf nodes are specific
INFO: dtree.c(1478): Final simple tree
|( QUESTION0_0_R 1 9.564e+01 2.330e+01 1.000e+01
|    ( - 6.443e+01 1 0)
|    ( - 7.905e+00 1 0))
s>    ( QUESTION0_0_R 1 9.564e+01 2.330e+01 1.000e+01
s>        ( - 6.443e+01 1 0)
s>        ( - 7.905e+00 1 0))INFO: dtree.c(1315): Comp split 54
INFO: dtree.c(1439): stop. leaf nodes are specific
INFO: dtree.c(1478): Final simple tree
|( QUESTION0_0_R 1 2.525e+02 4.257e+01 2.200e+01
|    ( - 1.856e+02 1 0)
|    ( - 2.432e+01 1 0))
s>    ( QUESTION0_0_R 1 2.525e+02 4.257e+01 2.200e+01
s>        ( - 1.856e+02 1 0)
s>        ( - 2.432e+01 1 0))INFO: dtree.c(1315): Comp split 55
INFO: dtree.c(1439): stop. leaf nodes are specific
INFO: dtree.c(1478): Final simple tree
|( QUESTION0 -1 2.123e+02 2.388e+01 1.895e+01
|    ( - 1.804e+02 2 0)
|    ( - 8.000e+00 2 0))
s>    ( QUESTION0 -1 2.123e+02 2.388e+01 1.895e+01
s>        ( - 1.804e+02 2 0)
s>        ( - 8.000e+00 2 0))INFO: dtree.c(1315): Comp split 56
INFO: dtree.c(1315): Comp split 57
INFO: dtree.c(1315): Comp split 58
INFO: dtree.c(1315): Comp split 59
INFO: dtree.c(1439): stop. leaf nodes are specific
INFO: dtree.c(1478): Final simple tree
|( QUESTION0_12_R 1 8.882e+01 2.988e+01 9.000e+00
|    ( - 3.153e+01 1 0)
|    ( - 2.741e+01 1 0))
s>    ( QUESTION0_12_R 1 8.882e+01 2.988e+01 9.000e+00
s>        ( - 3.153e+01 1 0)
s>        ( - 2.741e+01 1 0))INFO: dtree.c(1315): Comp split 60
INFO: dtree.c(1439): stop. leaf nodes are specific
INFO: dtree.c(1478): Final simple tree
|( QUESTION0_0_R 1 2.312e+02 2.961e+01 2.386e+01
|    ( - 2.767e+01 1 0)
|    ( - 1.739e+02 1 0))
s>    ( QUESTION0_0_R 1 2.312e+02 2.961e+01 2.386e+01
s>        ( - 2.767e+01 1 0)
s>        ( - 1.739e+02 1 0))INFO: dtree.c(1315): Comp split 61
INFO: dtree.c(1315): Comp split 62
INFO: dtree.c(1315): Comp split 63
INFO: dtree.c(1439): stop. leaf nodes are specific
INFO: dtree.c(1478): Final simple tree
|( QUESTION0_0_R 1 3.337e+01 9.499e+00 5.000e+00
|    ( - 0.000e+00 1 0)
|    ( - 2.387e+01 1 0))
s>    ( QUESTION0_0_R 1 3.337e+01 9.499e+00 5.000e+00
s>        ( - 0.000e+00 1 0)
s>        ( - 2.387e+01 1 0))INFO: dtree.c(1439): stop. leaf nodes are specific
INFO: dtree.c(1478): Final simple tree
|( WDBNDRY_B 0 6.606e+01 2.448e+01 8.000e+00
|    ( - 1.951e+01 1 0)
|    ( - 2.206e+01 1 0))
s>    ( WDBNDRY_B 0 6.606e+01 2.448e+01 8.000e+00
s>        ( - 1.951e+01 1 0)
s>        ( - 2.206e+01 1 0))INFO: dtree.c(1315): Comp split 64
INFO: dtree.c(1315): Comp split 65
INFO: dtree.c(1439): stop. leaf nodes are specific
INFO: dtree.c(1478): Final simple tree
|( WDBNDRY_B 0 1.902e+01 1.102e+01 3.000e+00
|    ( QUESTION0_0_R 1 8.000e+00 8.000e+00 2.000e+00
|        ( - 0.000e+00 1 0)
|        ( - 0.000e+00 1 0))
|    ( - 0.000e+00 1 0))
s>    ( WDBNDRY_B 0 1.902e+01 1.102e+01 3.000e+00
s>        ( QUESTION0_0_R 1 8.000e+00 8.000e+00 2.000e+00
s>            ( - 0.000e+00 1 0)
s>            ( - 0.000e+00 1 0))
s>        ( - 0.000e+00 1 0))INFO: dtree.c(1439): stop. leaf nodes are specific
INFO: dtree.c(1478): Final simple tree
|( WDBNDRY_E 0 8.879e+01 1.200e+01 1.100e+01
|    ( - 0.000e+00 1 0)
|    ( - 7.679e+01 1 0))
s>    ( WDBNDRY_E 0 8.879e+01 1.200e+01 1.100e+01
s>        ( - 0.000e+00 1 0)
s>        ( - 7.679e+01 1 0))INFO: dtree.c(1315): Comp split 66
INFO: dtree.c(1315): Comp split 67
INFO: dtree.c(1315): Comp split 68
INFO: dtree.c(1439): stop. leaf nodes are specific
INFO: dtree.c(1478): Final simple tree
|( QUESTION6 -1 8.324e+00 8.138e+00 2.000e+00
|    ( - 1.857e-01 1 0)
|    ( - 0.000e+00 1 0))
s>    ( QUESTION6 -1 8.324e+00 8.138e+00 2.000e+00
s>        ( - 1.857e-01 1 0)
s>        ( - 0.000e+00 1 0))INFO: dtree.c(1315): Comp split 69
INFO: dtree.c(1315): Comp split 70
INFO: dtree.c(1315): Comp split 71
INFO: dtree.c(1315): Comp split 72
INFO: dtree.c(1315): Comp split 73
INFO: dtree.c(1315): Comp split 74
INFO: dtree.c(1315): Comp split 75
INFO: dtree.c(1315): Comp split 76
INFO: dtree.c(1315): Comp split 77
INFO: dtree.c(1439): stop. leaf nodes are specific
INFO: dtree.c(1478): Final simple tree
|( WDBNDRY_B 0 8.000e+00 8.000e+00 2.000e+00
|    ( - 0.000e+00 1 0)
|    ( - 0.000e+00 1 0))
s>    ( WDBNDRY_B 0 8.000e+00 8.000e+00 2.000e+00
s>        ( - 0.000e+00 1 0)
s>        ( - 0.000e+00 1 0))INFO: dtree.c(1315): Comp split 78
INFO: dtree.c(1315): Comp split 79
INFO: dtree.c(1315): Comp split 80
INFO: dtree.c(1315): Comp split 81
INFO: dtree.c(1318): stop. leaf nodes are specific
Mon May 23 22:39:47 2022
