Current configuration:
[NAME]		[DEFLT]	[VALUE]
-allphones	no	no
-cntthresh	0.00001	1.000000e-05
-csplitmax	100	2000
-csplitmin	1	1
-csplitthr	8e-4	0.000000e+00
-example	no	no
-fullvar	no	no
-help		no	no
-meanfn			
-mixwfn			/home/rakha/Kuliah/Semester8/nlp/speech-sphinx/train-new-model/an4-master/model_parameters/an4.cd_ptm_untied/mixture_weights
-moddeffn		/home/rakha/Kuliah/Semester8/nlp/speech-sphinx/train-new-model/an4-master/model_architecture/an4.untied.mdef
-mwfloor	1e-4	1.000000e-08
-phone			AA
-psetfn			/home/rakha/Kuliah/Semester8/nlp/speech-sphinx/train-new-model/an4-master/model_architecture/an4.tree_questions
-ssplitmax	5	7
-ssplitmin	1	1
-ssplitthr	8e-4	0.000000e+00
-state			2
-stwt			1.0,0.05,0.0,
-treefn			/home/rakha/Kuliah/Semester8/nlp/speech-sphinx/train-new-model/an4-master/trees/an4.unpruned/AA-2.dtree
-ts2cbfn	.semi.	.semi.
-varfloor	0.00001	1.000000e-05
-varfn			

INFO: main.c(223): Reading: /home/rakha/Kuliah/Semester8/nlp/speech-sphinx/train-new-model/an4-master/model_architecture/an4.untied.mdef
INFO: model_def_io.c(573): Model definition info:
INFO: model_def_io.c(574): 1618 total models defined (34 base, 1584 tri)
INFO: model_def_io.c(575): 6472 total states
INFO: model_def_io.c(576): 4854 total tied states
INFO: model_def_io.c(577): 102 total tied CI states
INFO: model_def_io.c(578): 34 total tied transition matrices
INFO: model_def_io.c(579): 4 max state/model
INFO: model_def_io.c(580): 4 min state/model
INFO: main.c(242): Building trees for [AA AH R b] through [AA UW R b]
INFO: main.c(269): Covering states |[102 161]| == 60
INFO: main.c(275): Reading: /home/rakha/Kuliah/Semester8/nlp/speech-sphinx/train-new-model/an4-master/model_parameters/an4.cd_ptm_untied/mixture_weights
INFO: s3mixw_io.c(173): Read /home/rakha/Kuliah/Semester8/nlp/speech-sphinx/train-new-model/an4-master/model_parameters/an4.cd_ptm_untied/mixture_weights [60x4x64 array]
INFO: main.c(311): 20 of 20 models have observation count greater than 0.000010
INFO: main.c(95): nrm stwt: 0.000 0.048 0.952 
INFO: main.c(411): 20-class entropy: 2.704527e+04
INFO: main.c(549): Reading: /home/rakha/Kuliah/Semester8/nlp/speech-sphinx/train-new-model/an4-master/model_architecture/an4.tree_questions
INFO: main.c(588): 180 total simple questions (172 phone; 8 word bndry)
INFO: main.c(590): 42 Left Only questions, and 42 Right Only questions
INFO: dtree.c(1478): Final simple tree
|( WDBNDRY_B 0 3.092e+04 7.629e+02 1.786e+03
|    ( QUESTION2 -1 2.855e+04 4.792e+02 1.684e+03
|        ( QUESTION2_0_L -1 1.472e+04 2.898e+02 8.772e+02
|            ( - 8.534e+03 3 0)
|            ( - 5.898e+03 2 0 QUESTION2_12_L -1 1.537e+02 3.533e+02))
|        ( QUESTION2_2_L -1 1.335e+04 3.129e+02 8.067e+02
|            ( QUESTION0 -1 1.015e+04 2.146e+02 6.213e+02
|                ( - 8.486e+03 2 0)
|                ( - 1.446e+03 3 0 QUESTION6 -1 1.284e+02 1.023e+02))
|            ( SILENCE -1 2.886e+03 2.306e+02 1.854e+02
|                ( - 1.578e+03 3 0 QUESTION0_0_R 1 1.654e+02 1.042e+02)
|                ( - 1.078e+03 3 0 QUESTION4 -1 8.163e+01 8.119e+01))))
|    ( QUESTION0_9_R 1 1.606e+03 2.346e+02 1.024e+02
|        ( - 5.435e+02 1 0)
|        ( - 8.274e+02 3 0 QUESTION7 -1 7.398e+01 6.361e+01)))
s>    ( WDBNDRY_B 0 3.092e+04 7.629e+02 1.786e+03
s>        ( QUESTION2 -1 2.855e+04 4.792e+02 1.684e+03
s>            ( QUESTION2_0_L -1 1.472e+04 2.898e+02 8.772e+02
s>                ( - 8.534e+03 3 0)
s>                ( - 5.898e+03 2 0 QUESTION2_12_L -1 1.537e+02 3.533e+02))
s>            ( QUESTION2_2_L -1 1.335e+04 3.129e+02 8.067e+02
s>                ( QUESTION0 -1 1.015e+04 2.146e+02 6.213e+02
s>                    ( - 8.486e+03 2 0)
s>                    ( - 1.446e+03 3 0 QUESTION6 -1 1.284e+02 1.023e+02))
s>                ( SILENCE -1 2.886e+03 2.306e+02 1.854e+02
s>                    ( - 1.578e+03 3 0 QUESTION0_0_R 1 1.654e+02 1.042e+02)
s>                    ( - 1.078e+03 3 0 QUESTION4 -1 8.163e+01 8.119e+01))))
s>        ( QUESTION0_9_R 1 1.606e+03 2.346e+02 1.024e+02
s>            ( - 5.435e+02 1 0)
s>            ( - 8.274e+02 3 0 QUESTION7 -1 7.398e+01 6.361e+01)))INFO: dtree.c(1315): Comp split 0
INFO: dtree.c(1478): Final simple tree
|( QUESTION2 -1 2.855e+04 4.792e+02 1.684e+03
|    ( QUESTION2_0_L -1 1.472e+04 2.898e+02 8.772e+02
|        ( - 8.534e+03 3 0)
|        ( QUESTION2_12_L -1 5.898e+03 1.537e+02 3.533e+02
|            ( - 3.517e+02 1 0)
|            ( - 5.393e+03 1 0)))
|    ( QUESTION2_2_L -1 1.335e+04 3.129e+02 8.067e+02
|        ( QUESTION0 -1 1.015e+04 2.146e+02 6.213e+02
|            ( - 8.486e+03 2 0)
|            ( - 1.446e+03 3 0 QUESTION6 -1 1.284e+02 1.023e+02))
|        ( SILENCE -1 2.886e+03 2.306e+02 1.854e+02
|            ( QUESTION0_0_R 1 1.578e+03 1.654e+02 1.042e+02
|                ( - 1.303e+03 1 0)
|                ( - 1.101e+02 2 0 QUESTION0_10_R 1 3.627e+01 1.000e+01))
|            ( - 1.078e+03 3 0 QUESTION4 -1 8.163e+01 8.119e+01))))
s>    ( QUESTION2 -1 2.855e+04 4.792e+02 1.684e+03
s>        ( QUESTION2_0_L -1 1.472e+04 2.898e+02 8.772e+02
s>            ( - 8.534e+03 3 0)
s>            ( QUESTION2_12_L -1 5.898e+03 1.537e+02 3.533e+02
s>                ( - 3.517e+02 1 0)
s>                ( - 5.393e+03 1 0)))
s>        ( QUESTION2_2_L -1 1.335e+04 3.129e+02 8.067e+02
s>            ( QUESTION0 -1 1.015e+04 2.146e+02 6.213e+02
s>                ( - 8.486e+03 2 0)
s>                ( - 1.446e+03 3 0 QUESTION6 -1 1.284e+02 1.023e+02))
s>            ( SILENCE -1 2.886e+03 2.306e+02 1.854e+02
s>                ( QUESTION0_0_R 1 1.578e+03 1.654e+02 1.042e+02
s>                    ( - 1.303e+03 1 0)
s>                    ( - 1.101e+02 2 0 QUESTION0_10_R 1 3.627e+01 1.000e+01))
s>                ( - 1.078e+03 3 0 QUESTION4 -1 8.163e+01 8.119e+01))))INFO: dtree.c(1439): stop. leaf nodes are specific
INFO: dtree.c(1478): Final simple tree
|( QUESTION0_9_R 1 1.606e+03 2.346e+02 1.024e+02
|    ( - 5.435e+02 1 0)
|    ( QUESTION7 -1 8.274e+02 7.398e+01 6.361e+01
|        ( - 5.978e+02 1 0)
|        ( QUESTION0_0_R 1 1.557e+02 3.251e+01 1.433e+01
|            ( - 1.038e+02 1 0)
|            ( - 1.933e+01 1 0))))
s>    ( QUESTION0_9_R 1 1.606e+03 2.346e+02 1.024e+02
s>        ( - 5.435e+02 1 0)
s>        ( QUESTION7 -1 8.274e+02 7.398e+01 6.361e+01
s>            ( - 5.978e+02 1 0)
s>            ( QUESTION0_0_R 1 1.557e+02 3.251e+01 1.433e+01
s>                ( - 1.038e+02 1 0)
s>                ( - 1.933e+01 1 0))))INFO: dtree.c(1315): Comp split 1
INFO: dtree.c(1439): stop. leaf nodes are specific
INFO: dtree.c(1478): Final simple tree
|( QUESTION2_10_L -1 1.506e+04 3.107e+02 8.872e+02
|    ( QUESTION2_12_L -1 5.898e+03 1.537e+02 3.533e+02
|        ( - 3.517e+02 1 0)
|        ( - 5.393e+03 1 0))
|    ( SILENCE -1 8.851e+03 2.074e+02 5.339e+02
|        ( QUESTION0_10_R 1 1.101e+02 3.627e+01 1.000e+01
|            ( - 4.403e+01 1 0)
|            ( - 2.981e+01 1 0))
|        ( - 8.534e+03 3 0)))
s>    ( QUESTION2_10_L -1 1.506e+04 3.107e+02 8.872e+02
s>        ( QUESTION2_12_L -1 5.898e+03 1.537e+02 3.533e+02
s>            ( - 3.517e+02 1 0)
s>            ( - 5.393e+03 1 0))
s>        ( SILENCE -1 8.851e+03 2.074e+02 5.339e+02
s>            ( QUESTION0_10_R 1 1.101e+02 3.627e+01 1.000e+01
s>                ( - 4.403e+01 1 0)
s>                ( - 2.981e+01 1 0))
s>            ( - 8.534e+03 3 0)))INFO: dtree.c(1439): stop. leaf nodes are specific
INFO: dtree.c(1478): Final simple tree
|( QUESTION2_1_L -1 1.300e+04 2.781e+02 7.967e+02
|    ( QUESTION4 -1 1.078e+03 8.163e+01 8.119e+01
|        ( - 7.924e+02 2 0)
|        ( - 2.037e+02 1 0))
|    ( QUESTION0 -1 1.165e+04 2.538e+02 7.155e+02
|        ( - 8.486e+03 2 0)
|        ( QUESTION5 -1 2.907e+03 1.865e+02 1.965e+02
|            ( QUESTION6 -1 1.228e+03 1.161e+02 8.832e+01
|                ( - 3.728e+02 1 0)
|                ( - 7.391e+02 1 0))
|            ( SILENCE -1 1.493e+03 7.025e+01 1.082e+02
|                ( - 1.303e+03 1 0)
|                ( - 1.200e+02 1 0)))))
s>    ( QUESTION2_1_L -1 1.300e+04 2.781e+02 7.967e+02
s>        ( QUESTION4 -1 1.078e+03 8.163e+01 8.119e+01
s>            ( - 7.924e+02 2 0)
s>            ( - 2.037e+02 1 0))
s>        ( QUESTION0 -1 1.165e+04 2.538e+02 7.155e+02
s>            ( - 8.486e+03 2 0)
s>            ( QUESTION5 -1 2.907e+03 1.865e+02 1.965e+02
s>                ( QUESTION6 -1 1.228e+03 1.161e+02 8.832e+01
s>                    ( - 3.728e+02 1 0)
s>                    ( - 7.391e+02 1 0))
s>                ( SILENCE -1 1.493e+03 7.025e+01 1.082e+02
s>                    ( - 1.303e+03 1 0)
s>                    ( - 1.200e+02 1 0)))))INFO: dtree.c(1315): Comp split 2
INFO: dtree.c(1439): stop. leaf nodes are specific
INFO: dtree.c(1478): Final simple tree
|( SILENCE -1 8.851e+03 2.074e+02 5.339e+02
|    ( QUESTION0_10_R 1 1.101e+02 3.627e+01 1.000e+01
|        ( - 4.403e+01 1 0)
|        ( - 2.981e+01 1 0))
|    ( - 8.534e+03 3 0))
s>    ( SILENCE -1 8.851e+03 2.074e+02 5.339e+02
s>        ( QUESTION0_10_R 1 1.101e+02 3.627e+01 1.000e+01
s>            ( - 4.403e+01 1 0)
s>            ( - 2.981e+01 1 0))
s>        ( - 8.534e+03 3 0))INFO: dtree.c(1439): stop. leaf nodes are specific
INFO: dtree.c(1478): Final simple tree
|( QUESTION2_12_L -1 5.898e+03 1.537e+02 3.533e+02
|    ( - 3.517e+02 1 0)
|    ( - 5.393e+03 1 0))
s>    ( QUESTION2_12_L -1 5.898e+03 1.537e+02 3.533e+02
s>        ( - 3.517e+02 1 0)
s>        ( - 5.393e+03 1 0))INFO: dtree.c(1315): Comp split 3
INFO: dtree.c(1439): stop. leaf nodes are specific
INFO: dtree.c(1478): Final simple tree
|( QUESTION0 -1 1.165e+04 2.538e+02 7.155e+02
|    ( - 8.486e+03 2 0)
|    ( QUESTION5 -1 2.907e+03 1.865e+02 1.965e+02
|        ( QUESTION6 -1 1.228e+03 1.161e+02 8.832e+01
|            ( - 3.728e+02 1 0)
|            ( - 7.391e+02 1 0))
|        ( SILENCE -1 1.493e+03 7.025e+01 1.082e+02
|            ( - 1.303e+03 1 0)
|            ( - 1.200e+02 1 0))))
s>    ( QUESTION0 -1 1.165e+04 2.538e+02 7.155e+02
s>        ( - 8.486e+03 2 0)
s>        ( QUESTION5 -1 2.907e+03 1.865e+02 1.965e+02
s>            ( QUESTION6 -1 1.228e+03 1.161e+02 8.832e+01
s>                ( - 3.728e+02 1 0)
s>                ( - 7.391e+02 1 0))
s>            ( SILENCE -1 1.493e+03 7.025e+01 1.082e+02
s>                ( - 1.303e+03 1 0)
s>                ( - 1.200e+02 1 0))))INFO: dtree.c(1439): stop. leaf nodes are specific
INFO: dtree.c(1478): Final simple tree
|( QUESTION4 -1 1.078e+03 8.163e+01 8.119e+01
|    ( - 7.924e+02 2 0)
|    ( - 2.037e+02 1 0))
s>    ( QUESTION4 -1 1.078e+03 8.163e+01 8.119e+01
s>        ( - 7.924e+02 2 0)
s>        ( - 2.037e+02 1 0))INFO: dtree.c(1315): Comp split 4
INFO: dtree.c(1439): stop. leaf nodes are specific
INFO: dtree.c(1478): Final simple tree
|( QUESTION5 -1 2.389e+03 1.570e+02 1.629e+02
|    ( - 7.391e+02 1 0)
|    ( SILENCE -1 1.493e+03 7.025e+01 1.082e+02
|        ( - 1.303e+03 1 0)
|        ( - 1.200e+02 1 0)))
s>    ( QUESTION5 -1 2.389e+03 1.570e+02 1.629e+02
s>        ( - 7.391e+02 1 0)
s>        ( SILENCE -1 1.493e+03 7.025e+01 1.082e+02
s>            ( - 1.303e+03 1 0)
s>            ( - 1.200e+02 1 0)))INFO: dtree.c(1439): stop. leaf nodes are specific
INFO: dtree.c(1478): Final simple tree
|( QUESTION0 -1 8.992e+03 1.334e+02 5.526e+02
|    ( - 8.486e+03 2 0)
|    ( - 3.728e+02 1 0))
s>    ( QUESTION0 -1 8.992e+03 1.334e+02 5.526e+02
s>        ( - 8.486e+03 2 0)
s>        ( - 3.728e+02 1 0))INFO: dtree.c(1315): Comp split 5
INFO: dtree.c(1439): stop. leaf nodes are specific
INFO: dtree.c(1478): Final simple tree
|( QUESTION7 -1 8.274e+02 7.398e+01 6.361e+01
|    ( - 5.978e+02 1 0)
|    ( QUESTION0_0_R 1 1.557e+02 3.251e+01 1.433e+01
|        ( - 1.038e+02 1 0)
|        ( - 1.933e+01 1 0)))
s>    ( QUESTION7 -1 8.274e+02 7.398e+01 6.361e+01
s>        ( - 5.978e+02 1 0)
s>        ( QUESTION0_0_R 1 1.557e+02 3.251e+01 1.433e+01
s>            ( - 1.038e+02 1 0)
s>            ( - 1.933e+01 1 0)))INFO: dtree.c(1315): Comp split 6
INFO: dtree.c(1439): stop. leaf nodes are specific
INFO: dtree.c(1478): Final simple tree
|( QUESTION0_10_R 1 1.101e+02 3.627e+01 1.000e+01
|    ( - 4.403e+01 1 0)
|    ( - 2.981e+01 1 0))
s>    ( QUESTION0_10_R 1 1.101e+02 3.627e+01 1.000e+01
s>        ( - 4.403e+01 1 0)
s>        ( - 2.981e+01 1 0))INFO: dtree.c(1315): Comp split 7
INFO: dtree.c(1439): stop. leaf nodes are specific
INFO: dtree.c(1478): Final simple tree
|( SILENCE -1 1.493e+03 7.025e+01 1.082e+02
|    ( - 1.303e+03 1 0)
|    ( - 1.200e+02 1 0))
s>    ( SILENCE -1 1.493e+03 7.025e+01 1.082e+02
s>        ( - 1.303e+03 1 0)
s>        ( - 1.200e+02 1 0))INFO: dtree.c(1315): Comp split 8
INFO: dtree.c(1315): Comp split 9
INFO: dtree.c(1315): Comp split 10
INFO: dtree.c(1315): Comp split 11
INFO: dtree.c(1439): stop. leaf nodes are specific
INFO: dtree.c(1478): Final simple tree
|( QUESTION0_0_R 1 1.557e+02 3.251e+01 1.433e+01
|    ( - 1.038e+02 1 0)
|    ( - 1.933e+01 1 0))
s>    ( QUESTION0_0_R 1 1.557e+02 3.251e+01 1.433e+01
s>        ( - 1.038e+02 1 0)
s>        ( - 1.933e+01 1 0))INFO: dtree.c(1315): Comp split 12
INFO: dtree.c(1315): Comp split 13
INFO: dtree.c(1315): Comp split 14
INFO: dtree.c(1315): Comp split 15
INFO: dtree.c(1318): stop. leaf nodes are specific
Mon May 23 22:39:45 2022
