Current configuration:
[NAME]		[DEFLT]	[VALUE]
-allphones	no	no
-cntthresh	0.00001	1.000000e-05
-csplitmax	100	2000
-csplitmin	1	1
-csplitthr	8e-4	0.000000e+00
-example	no	no
-fullvar	no	no
-help		no	no
-meanfn			
-mixwfn			/home/rakha/Kuliah/Semester8/nlp/speech-sphinx/train-new-model/an4-master/model_parameters/an4.cd_ptm_untied/mixture_weights
-moddeffn		/home/rakha/Kuliah/Semester8/nlp/speech-sphinx/train-new-model/an4-master/model_architecture/an4.untied.mdef
-mwfloor	1e-4	1.000000e-08
-phone			Z
-psetfn			/home/rakha/Kuliah/Semester8/nlp/speech-sphinx/train-new-model/an4-master/model_architecture/an4.tree_questions
-ssplitmax	5	7
-ssplitmin	1	1
-ssplitthr	8e-4	0.000000e+00
-state			2
-stwt			1.0,0.05,0.0,
-treefn			/home/rakha/Kuliah/Semester8/nlp/speech-sphinx/train-new-model/an4-master/trees/an4.unpruned/Z-2.dtree
-ts2cbfn	.semi.	.semi.
-varfloor	0.00001	1.000000e-05
-varfn			

INFO: main.c(223): Reading: /home/rakha/Kuliah/Semester8/nlp/speech-sphinx/train-new-model/an4-master/model_architecture/an4.untied.mdef
INFO: model_def_io.c(573): Model definition info:
INFO: model_def_io.c(574): 1618 total models defined (34 base, 1584 tri)
INFO: model_def_io.c(575): 6472 total states
INFO: model_def_io.c(576): 4854 total tied states
INFO: model_def_io.c(577): 102 total tied CI states
INFO: model_def_io.c(578): 34 total tied transition matrices
INFO: model_def_io.c(579): 4 max state/model
INFO: model_def_io.c(580): 4 min state/model
INFO: main.c(242): Building trees for [Z AH IY b] through [Z V IH b]
INFO: main.c(269): Covering states |[4779 4853]| == 75
INFO: main.c(275): Reading: /home/rakha/Kuliah/Semester8/nlp/speech-sphinx/train-new-model/an4-master/model_parameters/an4.cd_ptm_untied/mixture_weights
INFO: s3mixw_io.c(173): Read /home/rakha/Kuliah/Semester8/nlp/speech-sphinx/train-new-model/an4-master/model_parameters/an4.cd_ptm_untied/mixture_weights [75x4x64 array]
INFO: main.c(311): 25 of 25 models have observation count greater than 0.000010
INFO: main.c(95): nrm stwt: 0.000 0.048 0.952 
INFO: main.c(411): 25-class entropy: 6.871534e+03
INFO: main.c(549): Reading: /home/rakha/Kuliah/Semester8/nlp/speech-sphinx/train-new-model/an4-master/model_architecture/an4.tree_questions
INFO: main.c(588): 180 total simple questions (172 phone; 8 word bndry)
INFO: main.c(590): 42 Left Only questions, and 42 Right Only questions
INFO: dtree.c(1478): Final simple tree
|( QUESTION0_0_R 1 1.022e+04 6.048e+02 5.190e+02
|    ( QUESTION1 -1 5.676e+03 3.348e+02 3.019e+02
|        ( - 2.878e+03 2 0)
|        ( QUESTION2_1_L -1 2.463e+03 2.048e+02 1.430e+02
|            ( - 8.447e+02 3 0 QUESTION4 -1 8.718e+01 5.799e+01)
|            ( - 1.414e+03 9 0 QUESTION3 -1 1.358e+02 8.500e+01)))
|    ( QUESTION2 -1 3.935e+03 2.431e+02 2.171e+02
|        ( - 7.810e+02 3 0)
|        ( QUESTION4 -1 2.911e+03 2.231e+02 1.603e+02
|            ( QUESTION2_1_L -1 8.603e+02 1.479e+02 5.387e+01
|                ( - 2.038e+02 1 0)
|                ( - 5.086e+02 1 0))
|            ( QUESTION2_5_L -1 1.828e+03 1.675e+02 1.064e+02
|                ( - 6.439e+02 1 0)
|                ( - 1.016e+03 5 0 WDBNDRY_B 0 1.356e+02 6.143e+01)))))
s>    ( QUESTION0_0_R 1 1.022e+04 6.048e+02 5.190e+02
s>        ( QUESTION1 -1 5.676e+03 3.348e+02 3.019e+02
s>            ( - 2.878e+03 2 0)
s>            ( QUESTION2_1_L -1 2.463e+03 2.048e+02 1.430e+02
s>                ( - 8.447e+02 3 0 QUESTION4 -1 8.718e+01 5.799e+01)
s>                ( - 1.414e+03 9 0 QUESTION3 -1 1.358e+02 8.500e+01)))
s>        ( QUESTION2 -1 3.935e+03 2.431e+02 2.171e+02
s>            ( - 7.810e+02 3 0)
s>            ( QUESTION4 -1 2.911e+03 2.231e+02 1.603e+02
s>                ( QUESTION2_1_L -1 8.603e+02 1.479e+02 5.387e+01
s>                    ( - 2.038e+02 1 0)
s>                    ( - 5.086e+02 1 0))
s>                ( QUESTION2_5_L -1 1.828e+03 1.675e+02 1.064e+02
s>                    ( - 6.439e+02 1 0)
s>                    ( - 1.016e+03 5 0 WDBNDRY_B 0 1.356e+02 6.143e+01)))))INFO: dtree.c(1315): Comp split 0
INFO: dtree.c(1478): Final simple tree
|( QUESTION1 -1 6.045e+03 3.467e+02 3.199e+02
|    ( - 2.878e+03 2 0)
|    ( QUESTION2_1_L -1 2.820e+03 2.371e+02 1.610e+02
|        ( QUESTION0_0_R 1 1.170e+03 1.211e+02 7.598e+01
|            ( QUESTION4 -1 8.447e+02 8.718e+01 5.799e+01
|                ( - 6.674e+02 2 0)
|                ( - 9.011e+01 1 0))
|            ( - 2.038e+02 1 0))
|        ( QUESTION3 -1 1.414e+03 1.358e+02 8.500e+01
|            ( - 3.353e+02 3 0 QUESTION16 -1 6.528e+01 2.500e+01)
|            ( QUESTION2_0_L -1 9.426e+02 9.378e+01 6.000e+01
|                ( - 4.206e+02 3 0)
|                ( SILENCE -1 4.282e+02 7.680e+01 3.000e+01
|                    ( - 2.202e+02 1 0)
|                    ( - 1.312e+02 2 0 QUESTION2_12_L -1 4.546e+01 1.200e+01))))))
s>    ( QUESTION1 -1 6.045e+03 3.467e+02 3.199e+02
s>        ( - 2.878e+03 2 0)
s>        ( QUESTION2_1_L -1 2.820e+03 2.371e+02 1.610e+02
s>            ( QUESTION0_0_R 1 1.170e+03 1.211e+02 7.598e+01
s>                ( QUESTION4 -1 8.447e+02 8.718e+01 5.799e+01
s>                    ( - 6.674e+02 2 0)
s>                    ( - 9.011e+01 1 0))
s>                ( - 2.038e+02 1 0))
s>            ( QUESTION3 -1 1.414e+03 1.358e+02 8.500e+01
s>                ( - 3.353e+02 3 0 QUESTION16 -1 6.528e+01 2.500e+01)
s>                ( QUESTION2_0_L -1 9.426e+02 9.378e+01 6.000e+01
s>                    ( - 4.206e+02 3 0)
s>                    ( SILENCE -1 4.282e+02 7.680e+01 3.000e+01
s>                        ( - 2.202e+02 1 0)
s>                        ( - 1.312e+02 2 0 QUESTION2_12_L -1 4.546e+01 1.200e+01))))))INFO: dtree.c(1478): Final simple tree
|( QUESTION2 -1 3.517e+03 2.370e+02 1.991e+02
|    ( - 7.810e+02 3 0)
|    ( QUESTION2_5_L -1 2.499e+03 1.816e+02 1.423e+02
|        ( QUESTION4 -1 1.301e+03 1.488e+02 8.087e+01
|            ( - 5.086e+02 1 0)
|            ( - 6.439e+02 1 0))
|        ( WDBNDRY_B 0 1.016e+03 1.356e+02 6.143e+01
|            ( QUESTION6 -1 6.554e+02 8.305e+01 4.543e+01
|                ( - 2.643e+02 1 0)
|                ( QUESTION0 -1 3.081e+02 4.701e+01 2.500e+01
|                    ( - 1.604e+02 1 0)
|                    ( QUESTION17 -1 1.007e+02 1.705e+01 1.100e+01
|                        ( - 1.333e+00 1 0)
|                        ( - 8.233e+01 1 0))))
|            ( - 2.254e+02 1 0))))
s>    ( QUESTION2 -1 3.517e+03 2.370e+02 1.991e+02
s>        ( - 7.810e+02 3 0)
s>        ( QUESTION2_5_L -1 2.499e+03 1.816e+02 1.423e+02
s>            ( QUESTION4 -1 1.301e+03 1.488e+02 8.087e+01
s>                ( - 5.086e+02 1 0)
s>                ( - 6.439e+02 1 0))
s>            ( WDBNDRY_B 0 1.016e+03 1.356e+02 6.143e+01
s>                ( QUESTION6 -1 6.554e+02 8.305e+01 4.543e+01
s>                    ( - 2.643e+02 1 0)
s>                    ( QUESTION0 -1 3.081e+02 4.701e+01 2.500e+01
s>                        ( - 1.604e+02 1 0)
s>                        ( QUESTION17 -1 1.007e+02 1.705e+01 1.100e+01
s>                            ( - 1.333e+00 1 0)
s>                            ( - 8.233e+01 1 0))))
s>                ( - 2.254e+02 1 0))))INFO: dtree.c(1315): Comp split 1
INFO: dtree.c(1439): stop. leaf nodes are specific
INFO: dtree.c(1478): Final simple tree
|( QUESTION3 -1 2.324e+03 2.119e+02 1.360e+02
|    ( QUESTION0_0_R 1 1.170e+03 1.211e+02 7.598e+01
|        ( QUESTION4 -1 8.447e+02 8.718e+01 5.799e+01
|            ( - 6.674e+02 2 0)
|            ( - 9.011e+01 1 0))
|        ( - 2.038e+02 1 0))
|    ( QUESTION2_0_L -1 9.426e+02 9.378e+01 6.000e+01
|        ( - 4.206e+02 3 0)
|        ( SILENCE -1 4.282e+02 7.680e+01 3.000e+01
|            ( - 2.202e+02 1 0)
|            ( QUESTION2_12_L -1 1.312e+02 4.546e+01 1.200e+01
|                ( - 5.630e+01 1 0)
|                ( - 2.948e+01 1 0)))))
s>    ( QUESTION3 -1 2.324e+03 2.119e+02 1.360e+02
s>        ( QUESTION0_0_R 1 1.170e+03 1.211e+02 7.598e+01
s>            ( QUESTION4 -1 8.447e+02 8.718e+01 5.799e+01
s>                ( - 6.674e+02 2 0)
s>                ( - 9.011e+01 1 0))
s>            ( - 2.038e+02 1 0))
s>        ( QUESTION2_0_L -1 9.426e+02 9.378e+01 6.000e+01
s>            ( - 4.206e+02 3 0)
s>            ( SILENCE -1 4.282e+02 7.680e+01 3.000e+01
s>                ( - 2.202e+02 1 0)
s>                ( QUESTION2_12_L -1 1.312e+02 4.546e+01 1.200e+01
s>                    ( - 5.630e+01 1 0)
s>                    ( - 2.948e+01 1 0)))))INFO: dtree.c(1439): stop. leaf nodes are specific
INFO: dtree.c(1478): Final simple tree
|( QUESTION0 -1 3.374e+03 1.604e+02 1.839e+02
|    ( - 2.878e+03 2 0)
|    ( QUESTION16 -1 3.353e+02 6.528e+01 2.500e+01
|        ( - 1.354e+02 1 0)
|        ( QUESTION4 -1 1.346e+02 2.904e+01 1.200e+01
|            ( - 9.925e+01 1 0)
|            ( - 6.353e+00 1 0))))
s>    ( QUESTION0 -1 3.374e+03 1.604e+02 1.839e+02
s>        ( - 2.878e+03 2 0)
s>        ( QUESTION16 -1 3.353e+02 6.528e+01 2.500e+01
s>            ( - 1.354e+02 1 0)
s>            ( QUESTION4 -1 1.346e+02 2.904e+01 1.200e+01
s>                ( - 9.925e+01 1 0)
s>                ( - 6.353e+00 1 0))))INFO: dtree.c(1315): Comp split 2
INFO: dtree.c(1439): stop. leaf nodes are specific
INFO: dtree.c(1478): Final simple tree
|( QUESTION2_5_L -1 1.828e+03 1.675e+02 1.064e+02
|    ( - 6.439e+02 1 0)
|    ( WDBNDRY_B 0 1.016e+03 1.356e+02 6.143e+01
|        ( QUESTION6 -1 6.554e+02 8.305e+01 4.543e+01
|            ( - 2.643e+02 1 0)
|            ( QUESTION0 -1 3.081e+02 4.701e+01 2.500e+01
|                ( - 1.604e+02 1 0)
|                ( QUESTION17 -1 1.007e+02 1.705e+01 1.100e+01
|                    ( - 1.333e+00 1 0)
|                    ( - 8.233e+01 1 0))))
|        ( - 2.254e+02 1 0)))
s>    ( QUESTION2_5_L -1 1.828e+03 1.675e+02 1.064e+02
s>        ( - 6.439e+02 1 0)
s>        ( WDBNDRY_B 0 1.016e+03 1.356e+02 6.143e+01
s>            ( QUESTION6 -1 6.554e+02 8.305e+01 4.543e+01
s>                ( - 2.643e+02 1 0)
s>                ( QUESTION0 -1 3.081e+02 4.701e+01 2.500e+01
s>                    ( - 1.604e+02 1 0)
s>                    ( QUESTION17 -1 1.007e+02 1.705e+01 1.100e+01
s>                        ( - 1.333e+00 1 0)
s>                        ( - 8.233e+01 1 0))))
s>            ( - 2.254e+02 1 0)))INFO: dtree.c(1439): stop. leaf nodes are specific
INFO: dtree.c(1478): Final simple tree
|( QUESTION0 -1 1.442e+03 1.527e+02 9.270e+01
|    ( - 7.810e+02 3 0)
|    ( - 5.086e+02 1 0))
s>    ( QUESTION0 -1 1.442e+03 1.527e+02 9.270e+01
s>        ( - 7.810e+02 3 0)
s>        ( - 5.086e+02 1 0))INFO: dtree.c(1315): Comp split 3
INFO: dtree.c(1439): stop. leaf nodes are specific
INFO: dtree.c(1478): Final simple tree
|( QUESTION2_0_L -1 9.426e+02 9.378e+01 6.000e+01
|    ( - 4.206e+02 3 0)
|    ( SILENCE -1 4.282e+02 7.680e+01 3.000e+01
|        ( - 2.202e+02 1 0)
|        ( QUESTION2_12_L -1 1.312e+02 4.546e+01 1.200e+01
|            ( - 5.630e+01 1 0)
|            ( - 2.948e+01 1 0))))
s>    ( QUESTION2_0_L -1 9.426e+02 9.378e+01 6.000e+01
s>        ( - 4.206e+02 3 0)
s>        ( SILENCE -1 4.282e+02 7.680e+01 3.000e+01
s>            ( - 2.202e+02 1 0)
s>            ( QUESTION2_12_L -1 1.312e+02 4.546e+01 1.200e+01
s>                ( - 5.630e+01 1 0)
s>                ( - 2.948e+01 1 0))))INFO: dtree.c(1439): stop. leaf nodes are specific
INFO: dtree.c(1478): Final simple tree
|( QUESTION0_0_R 1 1.170e+03 1.211e+02 7.598e+01
|    ( QUESTION4 -1 8.447e+02 8.718e+01 5.799e+01
|        ( - 6.674e+02 2 0)
|        ( - 9.011e+01 1 0))
|    ( - 2.038e+02 1 0))
s>    ( QUESTION0_0_R 1 1.170e+03 1.211e+02 7.598e+01
s>        ( QUESTION4 -1 8.447e+02 8.718e+01 5.799e+01
s>            ( - 6.674e+02 2 0)
s>            ( - 9.011e+01 1 0))
s>        ( - 2.038e+02 1 0))INFO: dtree.c(1315): Comp split 4
INFO: dtree.c(1439): stop. leaf nodes are specific
INFO: dtree.c(1478): Final simple tree
|( QUESTION17 -1 6.661e+02 2.084e+01 4.599e+01
|    ( - 1.333e+00 1 0)
|    ( - 6.439e+02 1 0))
s>    ( QUESTION17 -1 6.661e+02 2.084e+01 4.599e+01
s>        ( - 1.333e+00 1 0)
s>        ( - 6.439e+02 1 0))INFO: dtree.c(1439): stop. leaf nodes are specific
INFO: dtree.c(1478): Final simple tree
|( WDBNDRY_B 0 9.912e+02 1.339e+02 6.043e+01
|    ( QUESTION6 -1 6.318e+02 8.190e+01 4.443e+01
|        ( - 2.643e+02 1 0)
|        ( QUESTION0 -1 2.856e+02 4.294e+01 2.400e+01
|            ( - 1.604e+02 1 0)
|            ( - 8.233e+01 1 0)))
|    ( - 2.254e+02 1 0))
s>    ( WDBNDRY_B 0 9.912e+02 1.339e+02 6.043e+01
s>        ( QUESTION6 -1 6.318e+02 8.190e+01 4.443e+01
s>            ( - 2.643e+02 1 0)
s>            ( QUESTION0 -1 2.856e+02 4.294e+01 2.400e+01
s>                ( - 1.604e+02 1 0)
s>                ( - 8.233e+01 1 0)))
s>        ( - 2.254e+02 1 0))INFO: dtree.c(1315): Comp split 5
INFO: dtree.c(1439): stop. leaf nodes are specific
INFO: dtree.c(1478): Final simple tree
|( QUESTION16 -1 3.353e+02 6.528e+01 2.500e+01
|    ( - 1.354e+02 1 0)
|    ( QUESTION4 -1 1.346e+02 2.904e+01 1.200e+01
|        ( - 9.925e+01 1 0)
|        ( - 6.353e+00 1 0)))
s>    ( QUESTION16 -1 3.353e+02 6.528e+01 2.500e+01
s>        ( - 1.354e+02 1 0)
s>        ( QUESTION4 -1 1.346e+02 2.904e+01 1.200e+01
s>            ( - 9.925e+01 1 0)
s>            ( - 6.353e+00 1 0)))INFO: dtree.c(1315): Comp split 6
INFO: dtree.c(1315): Comp split 7
INFO: dtree.c(1439): stop. leaf nodes are specific
INFO: dtree.c(1478): Final simple tree
|( QUESTION6 -1 6.318e+02 8.190e+01 4.443e+01
|    ( - 2.643e+02 1 0)
|    ( QUESTION0 -1 2.856e+02 4.294e+01 2.400e+01
|        ( - 1.604e+02 1 0)
|        ( - 8.233e+01 1 0)))
s>    ( QUESTION6 -1 6.318e+02 8.190e+01 4.443e+01
s>        ( - 2.643e+02 1 0)
s>        ( QUESTION0 -1 2.856e+02 4.294e+01 2.400e+01
s>            ( - 1.604e+02 1 0)
s>            ( - 8.233e+01 1 0)))INFO: dtree.c(1315): Comp split 8
INFO: dtree.c(1439): stop. leaf nodes are specific
INFO: dtree.c(1478): Final simple tree
|( QUESTION4 -1 8.447e+02 8.718e+01 5.799e+01
|    ( - 6.674e+02 2 0)
|    ( - 9.011e+01 1 0))
s>    ( QUESTION4 -1 8.447e+02 8.718e+01 5.799e+01
s>        ( - 6.674e+02 2 0)
s>        ( - 9.011e+01 1 0))INFO: dtree.c(1315): Comp split 9
INFO: dtree.c(1439): stop. leaf nodes are specific
INFO: dtree.c(1478): Final simple tree
|( SILENCE -1 3.326e+02 5.614e+01 2.500e+01
|    ( - 2.202e+02 1 0)
|    ( - 5.630e+01 1 0))
s>    ( SILENCE -1 3.326e+02 5.614e+01 2.500e+01
s>        ( - 2.202e+02 1 0)
s>        ( - 5.630e+01 1 0))INFO: dtree.c(1439): stop. leaf nodes are specific
INFO: dtree.c(1478): Final simple tree
|( QUESTION2_0_L -1 5.066e+02 5.655e+01 3.501e+01
|    ( - 4.206e+02 3 0)
|    ( - 2.948e+01 1 0))
s>    ( QUESTION2_0_L -1 5.066e+02 5.655e+01 3.501e+01
s>        ( - 4.206e+02 3 0)
s>        ( - 2.948e+01 1 0))INFO: dtree.c(1315): Comp split 10
INFO: dtree.c(1315): Comp split 11
INFO: dtree.c(1439): stop. leaf nodes are specific
INFO: dtree.c(1478): Final simple tree
|( QUESTION0 -1 2.856e+02 4.294e+01 2.400e+01
|    ( - 1.604e+02 1 0)
|    ( - 8.233e+01 1 0))
s>    ( QUESTION0 -1 2.856e+02 4.294e+01 2.400e+01
s>        ( - 1.604e+02 1 0)
s>        ( - 8.233e+01 1 0))INFO: dtree.c(1315): Comp split 12
INFO: dtree.c(1439): stop. leaf nodes are specific
INFO: dtree.c(1478): Final simple tree
|( QUESTION4 -1 1.346e+02 2.904e+01 1.200e+01
|    ( - 9.925e+01 1 0)
|    ( - 6.353e+00 1 0))
s>    ( QUESTION4 -1 1.346e+02 2.904e+01 1.200e+01
s>        ( - 9.925e+01 1 0)
s>        ( - 6.353e+00 1 0))INFO: dtree.c(1315): Comp split 13
INFO: dtree.c(1315): Comp split 14
INFO: dtree.c(1315): Comp split 15
INFO: dtree.c(1315): Comp split 16
INFO: dtree.c(1315): Comp split 17
INFO: dtree.c(1315): Comp split 18
INFO: dtree.c(1318): stop. leaf nodes are specific
Mon May 23 22:39:56 2022
