Current configuration:
[NAME]		[DEFLT]	[VALUE]
-allphones	no	no
-cntthresh	0.00001	1.000000e-05
-csplitmax	100	2000
-csplitmin	1	1
-csplitthr	8e-4	0.000000e+00
-example	no	no
-fullvar	no	no
-help		no	no
-meanfn			
-mixwfn			/home/rakha/Kuliah/Semester8/nlp/speech-sphinx/train-new-model/an4-master/model_parameters/an4.cd_ptm_untied/mixture_weights
-moddeffn		/home/rakha/Kuliah/Semester8/nlp/speech-sphinx/train-new-model/an4-master/model_architecture/an4.untied.mdef
-mwfloor	1e-4	1.000000e-08
-phone			V
-psetfn			/home/rakha/Kuliah/Semester8/nlp/speech-sphinx/train-new-model/an4-master/model_architecture/an4.tree_questions
-ssplitmax	5	7
-ssplitmin	1	1
-ssplitthr	8e-4	0.000000e+00
-state			1
-stwt			1.0,0.05,0.0,
-treefn			/home/rakha/Kuliah/Semester8/nlp/speech-sphinx/train-new-model/an4-master/trees/an4.unpruned/V-1.dtree
-ts2cbfn	.semi.	.semi.
-varfloor	0.00001	1.000000e-05
-varfn			

INFO: main.c(223): Reading: /home/rakha/Kuliah/Semester8/nlp/speech-sphinx/train-new-model/an4-master/model_architecture/an4.untied.mdef
INFO: model_def_io.c(573): Model definition info:
INFO: model_def_io.c(574): 1618 total models defined (34 base, 1584 tri)
INFO: model_def_io.c(575): 6472 total states
INFO: model_def_io.c(576): 4854 total tied states
INFO: model_def_io.c(577): 102 total tied CI states
INFO: model_def_io.c(578): 34 total tied transition matrices
INFO: model_def_io.c(579): 4 max state/model
INFO: model_def_io.c(580): 4 min state/model
INFO: main.c(242): Building trees for [V AH IY b] through [V T IY b]
INFO: main.c(269): Covering states |[4587 4670]| == 84
INFO: main.c(275): Reading: /home/rakha/Kuliah/Semester8/nlp/speech-sphinx/train-new-model/an4-master/model_parameters/an4.cd_ptm_untied/mixture_weights
INFO: s3mixw_io.c(173): Read /home/rakha/Kuliah/Semester8/nlp/speech-sphinx/train-new-model/an4-master/model_parameters/an4.cd_ptm_untied/mixture_weights [84x4x64 array]
INFO: main.c(311): 28 of 28 models have observation count greater than 0.000010
INFO: main.c(95): nrm stwt: 0.045 0.909 0.045 
INFO: main.c(411): 28-class entropy: 2.106817e+04
INFO: main.c(549): Reading: /home/rakha/Kuliah/Semester8/nlp/speech-sphinx/train-new-model/an4-master/model_architecture/an4.tree_questions
INFO: main.c(588): 180 total simple questions (172 phone; 8 word bndry)
INFO: main.c(590): 42 Left Only questions, and 42 Right Only questions
INFO: dtree.c(1478): Final simple tree
|( WDBNDRY_I 0 2.639e+04 1.634e+03 1.247e+03
|    ( - 8.181e+03 1 0)
|    ( QUESTION2_12_L -1 1.658e+04 7.282e+02 7.828e+02
|        ( QUESTION3 1 1.291e+04 4.092e+02 6.462e+02
|            ( QUESTION16 1 7.853e+03 2.571e+02 4.232e+02
|                ( - 9.716e+02 2 0 QUESTION0_14_R 1 8.323e+01 5.675e+01)
|                ( - 6.625e+03 6 0 QUESTION0_10_R 1 1.546e+02 3.664e+02))
|            ( SILENCE 1 4.651e+03 2.408e+02 2.230e+02
|                ( - 3.113e+03 1 0)
|                ( - 1.297e+03 3 0 WDBNDRY_B 0 1.571e+02 7.302e+01)))
|        ( QUESTION0 -1 2.935e+03 2.612e+02 1.366e+02
|            ( QUESTION1 -1 1.620e+03 1.799e+02 8.377e+01
|                ( - 6.040e+02 2 0)
|                ( - 8.359e+02 7 0 WDBNDRY_B 0 1.395e+02 4.598e+01))
|            ( - 1.054e+03 6 0 SILENCE -1 1.353e+02 5.283e+01))))
s>    ( WDBNDRY_I 0 2.639e+04 1.634e+03 1.247e+03
s>        ( - 8.181e+03 1 0)
s>        ( QUESTION2_12_L -1 1.658e+04 7.282e+02 7.828e+02
s>            ( QUESTION3 1 1.291e+04 4.092e+02 6.462e+02
s>                ( QUESTION16 1 7.853e+03 2.571e+02 4.232e+02
s>                    ( - 9.716e+02 2 0 QUESTION0_14_R 1 8.323e+01 5.675e+01)
s>                    ( - 6.625e+03 6 0 QUESTION0_10_R 1 1.546e+02 3.664e+02))
s>                ( SILENCE 1 4.651e+03 2.408e+02 2.230e+02
s>                    ( - 3.113e+03 1 0)
s>                    ( - 1.297e+03 3 0 WDBNDRY_B 0 1.571e+02 7.302e+01)))
s>            ( QUESTION0 -1 2.935e+03 2.612e+02 1.366e+02
s>                ( QUESTION1 -1 1.620e+03 1.799e+02 8.377e+01
s>                    ( - 6.040e+02 2 0)
s>                    ( - 8.359e+02 7 0 WDBNDRY_B 0 1.395e+02 4.598e+01))
s>                ( - 1.054e+03 6 0 SILENCE -1 1.353e+02 5.283e+01))))INFO: dtree.c(1315): Comp split 0
INFO: dtree.c(1478): Final simple tree
|( QUESTION2_12_L -1 1.658e+04 7.282e+02 7.828e+02
|    ( QUESTION3 1 1.291e+04 4.092e+02 6.462e+02
|        ( QUESTION16 1 7.853e+03 2.571e+02 4.232e+02
|            ( - 9.716e+02 2 0 QUESTION0_14_R 1 8.323e+01 5.675e+01)
|            ( - 6.625e+03 6 0 QUESTION0_10_R 1 1.546e+02 3.664e+02))
|        ( SILENCE 1 4.651e+03 2.408e+02 2.230e+02
|            ( - 3.113e+03 1 0)
|            ( WDBNDRY_B 0 1.297e+03 1.571e+02 7.302e+01
|                ( - 3.540e+02 1 0)
|                ( - 7.864e+02 2 0 QUESTION0_0_R 1 1.003e+02 4.798e+01))))
|    ( QUESTION0 -1 2.935e+03 2.612e+02 1.366e+02
|        ( QUESTION1 -1 1.620e+03 1.799e+02 8.377e+01
|            ( - 6.040e+02 2 0)
|            ( - 8.359e+02 7 0 WDBNDRY_B 0 1.395e+02 4.598e+01))
|        ( - 1.054e+03 6 0 SILENCE -1 1.353e+02 5.283e+01)))
s>    ( QUESTION2_12_L -1 1.658e+04 7.282e+02 7.828e+02
s>        ( QUESTION3 1 1.291e+04 4.092e+02 6.462e+02
s>            ( QUESTION16 1 7.853e+03 2.571e+02 4.232e+02
s>                ( - 9.716e+02 2 0 QUESTION0_14_R 1 8.323e+01 5.675e+01)
s>                ( - 6.625e+03 6 0 QUESTION0_10_R 1 1.546e+02 3.664e+02))
s>            ( SILENCE 1 4.651e+03 2.408e+02 2.230e+02
s>                ( - 3.113e+03 1 0)
s>                ( WDBNDRY_B 0 1.297e+03 1.571e+02 7.302e+01
s>                    ( - 3.540e+02 1 0)
s>                    ( - 7.864e+02 2 0 QUESTION0_0_R 1 1.003e+02 4.798e+01))))
s>        ( QUESTION0 -1 2.935e+03 2.612e+02 1.366e+02
s>            ( QUESTION1 -1 1.620e+03 1.799e+02 8.377e+01
s>                ( - 6.040e+02 2 0)
s>                ( - 8.359e+02 7 0 WDBNDRY_B 0 1.395e+02 4.598e+01))
s>            ( - 1.054e+03 6 0 SILENCE -1 1.353e+02 5.283e+01)))INFO: dtree.c(1315): Comp split 1
INFO: dtree.c(1478): Final simple tree
|( QUESTION3 1 1.291e+04 4.092e+02 6.462e+02
|    ( QUESTION16 1 7.853e+03 2.571e+02 4.232e+02
|        ( - 9.716e+02 2 0 QUESTION0_14_R 1 8.323e+01 5.675e+01)
|        ( QUESTION0_10_R 1 6.625e+03 1.546e+02 3.664e+02
|            ( - 4.158e+03 1 0)
|            ( QUESTION0_16_R 1 2.312e+03 1.477e+02 1.343e+02
|                ( QUESTION0_17_R 1 9.050e+02 1.027e+02 5.586e+01
|                    ( - 1.593e+02 1 0)
|                    ( - 6.430e+02 1 0))
|                ( - 1.259e+03 3 0 QUESTION0_0_R 1 9.766e+01 7.845e+01))))
|    ( SILENCE 1 4.651e+03 2.408e+02 2.230e+02
|        ( - 3.113e+03 1 0)
|        ( WDBNDRY_B 0 1.297e+03 1.571e+02 7.302e+01
|            ( - 3.540e+02 1 0)
|            ( - 7.864e+02 2 0 QUESTION0_0_R 1 1.003e+02 4.798e+01))))
s>    ( QUESTION3 1 1.291e+04 4.092e+02 6.462e+02
s>        ( QUESTION16 1 7.853e+03 2.571e+02 4.232e+02
s>            ( - 9.716e+02 2 0 QUESTION0_14_R 1 8.323e+01 5.675e+01)
s>            ( QUESTION0_10_R 1 6.625e+03 1.546e+02 3.664e+02
s>                ( - 4.158e+03 1 0)
s>                ( QUESTION0_16_R 1 2.312e+03 1.477e+02 1.343e+02
s>                    ( QUESTION0_17_R 1 9.050e+02 1.027e+02 5.586e+01
s>                        ( - 1.593e+02 1 0)
s>                        ( - 6.430e+02 1 0))
s>                    ( - 1.259e+03 3 0 QUESTION0_0_R 1 9.766e+01 7.845e+01))))
s>        ( SILENCE 1 4.651e+03 2.408e+02 2.230e+02
s>            ( - 3.113e+03 1 0)
s>            ( WDBNDRY_B 0 1.297e+03 1.571e+02 7.302e+01
s>                ( - 3.540e+02 1 0)
s>                ( - 7.864e+02 2 0 QUESTION0_0_R 1 1.003e+02 4.798e+01))))INFO: dtree.c(1478): Final simple tree
|( QUESTION0 -1 2.935e+03 2.612e+02 1.366e+02
|    ( QUESTION1 -1 1.620e+03 1.799e+02 8.377e+01
|        ( - 6.040e+02 2 0)
|        ( WDBNDRY_B 0 8.359e+02 1.395e+02 4.598e+01
|            ( - 4.022e+02 1 0)
|            ( QUESTION2_0_L -1 2.942e+02 6.820e+01 2.000e+01
|                ( QUESTION4 1 1.757e+02 4.043e+01 1.400e+01
|                    ( - 9.637e+01 3 0 QUESTION0_9_R 1 2.768e+01 9.000e+00)
|                    ( - 3.890e+01 2 0 SILENCE 1 1.338e+01 5.000e+00))
|                ( - 5.034e+01 1 0))))
|    ( SILENCE -1 1.054e+03 1.353e+02 5.283e+01
|        ( - 3.650e+02 1 0)
|        ( QUESTION4 -1 5.533e+02 9.089e+01 2.985e+01
|            ( - 3.220e+02 2 0)
|            ( - 1.404e+02 3 0 QUESTION2_9_L -1 3.787e+01 1.100e+01))))
s>    ( QUESTION0 -1 2.935e+03 2.612e+02 1.366e+02
s>        ( QUESTION1 -1 1.620e+03 1.799e+02 8.377e+01
s>            ( - 6.040e+02 2 0)
s>            ( WDBNDRY_B 0 8.359e+02 1.395e+02 4.598e+01
s>                ( - 4.022e+02 1 0)
s>                ( QUESTION2_0_L -1 2.942e+02 6.820e+01 2.000e+01
s>                    ( QUESTION4 1 1.757e+02 4.043e+01 1.400e+01
s>                        ( - 9.637e+01 3 0 QUESTION0_9_R 1 2.768e+01 9.000e+00)
s>                        ( - 3.890e+01 2 0 SILENCE 1 1.338e+01 5.000e+00))
s>                    ( - 5.034e+01 1 0))))
s>        ( SILENCE -1 1.054e+03 1.353e+02 5.283e+01
s>            ( - 3.650e+02 1 0)
s>            ( QUESTION4 -1 5.533e+02 9.089e+01 2.985e+01
s>                ( - 3.220e+02 2 0)
s>                ( - 1.404e+02 3 0 QUESTION2_9_L -1 3.787e+01 1.100e+01))))INFO: dtree.c(1315): Comp split 2
INFO: dtree.c(1439): stop. leaf nodes are specific
INFO: dtree.c(1478): Final simple tree
|( QUESTION0_10_R 1 6.625e+03 1.546e+02 3.664e+02
|    ( - 4.158e+03 1 0)
|    ( QUESTION0_16_R 1 2.312e+03 1.477e+02 1.343e+02
|        ( QUESTION0_17_R 1 9.050e+02 1.027e+02 5.586e+01
|            ( - 1.593e+02 1 0)
|            ( - 6.430e+02 1 0))
|        ( QUESTION0_0_R 1 1.259e+03 9.766e+01 7.845e+01
|            ( - 2.602e+02 1 0)
|            ( QUESTION0_8_R 1 9.010e+02 7.894e+01 6.120e+01
|                ( - 3.928e+02 1 0)
|                ( - 4.292e+02 1 0)))))
s>    ( QUESTION0_10_R 1 6.625e+03 1.546e+02 3.664e+02
s>        ( - 4.158e+03 1 0)
s>        ( QUESTION0_16_R 1 2.312e+03 1.477e+02 1.343e+02
s>            ( QUESTION0_17_R 1 9.050e+02 1.027e+02 5.586e+01
s>                ( - 1.593e+02 1 0)
s>                ( - 6.430e+02 1 0))
s>            ( QUESTION0_0_R 1 1.259e+03 9.766e+01 7.845e+01
s>                ( - 2.602e+02 1 0)
s>                ( QUESTION0_8_R 1 9.010e+02 7.894e+01 6.120e+01
s>                    ( - 3.928e+02 1 0)
s>                    ( - 4.292e+02 1 0)))))INFO: dtree.c(1439): stop. leaf nodes are specific
INFO: dtree.c(1478): Final simple tree
|( SILENCE 1 5.846e+03 2.971e+02 2.798e+02
|    ( - 3.113e+03 1 0)
|    ( QUESTION1 1 2.437e+03 1.971e+02 1.298e+02
|        ( WDBNDRY_B 0 7.798e+02 1.150e+02 4.803e+01
|            ( - 3.540e+02 1 0)
|            ( - 3.107e+02 1 0))
|        ( QUESTION0_15_R 1 1.460e+03 1.189e+02 8.174e+01
|            ( - 8.315e+02 1 0)
|            ( QUESTION0_0_R 1 5.094e+02 7.716e+01 3.098e+01
|                ( - 3.753e+02 1 0)
|                ( - 5.687e+01 1 0)))))
s>    ( SILENCE 1 5.846e+03 2.971e+02 2.798e+02
s>        ( - 3.113e+03 1 0)
s>        ( QUESTION1 1 2.437e+03 1.971e+02 1.298e+02
s>            ( WDBNDRY_B 0 7.798e+02 1.150e+02 4.803e+01
s>                ( - 3.540e+02 1 0)
s>                ( - 3.107e+02 1 0))
s>            ( QUESTION0_15_R 1 1.460e+03 1.189e+02 8.174e+01
s>                ( - 8.315e+02 1 0)
s>                ( QUESTION0_0_R 1 5.094e+02 7.716e+01 3.098e+01
s>                    ( - 3.753e+02 1 0)
s>                    ( - 5.687e+01 1 0)))))INFO: dtree.c(1315): Comp split 3
INFO: dtree.c(1439): stop. leaf nodes are specific
INFO: dtree.c(1478): Final simple tree
|( QUESTION1 1 2.437e+03 1.971e+02 1.298e+02
|    ( WDBNDRY_B 0 7.798e+02 1.150e+02 4.803e+01
|        ( - 3.540e+02 1 0)
|        ( - 3.107e+02 1 0))
|    ( QUESTION0_15_R 1 1.460e+03 1.189e+02 8.174e+01
|        ( - 8.315e+02 1 0)
|        ( QUESTION0_0_R 1 5.094e+02 7.716e+01 3.098e+01
|            ( - 3.753e+02 1 0)
|            ( - 5.687e+01 1 0))))
s>    ( QUESTION1 1 2.437e+03 1.971e+02 1.298e+02
s>        ( WDBNDRY_B 0 7.798e+02 1.150e+02 4.803e+01
s>            ( - 3.540e+02 1 0)
s>            ( - 3.107e+02 1 0))
s>        ( QUESTION0_15_R 1 1.460e+03 1.189e+02 8.174e+01
s>            ( - 8.315e+02 1 0)
s>            ( QUESTION0_0_R 1 5.094e+02 7.716e+01 3.098e+01
s>                ( - 3.753e+02 1 0)
s>                ( - 5.687e+01 1 0))))INFO: dtree.c(1315): Comp split 4
INFO: dtree.c(1478): Final simple tree
|( QUESTION2_0_L -1 1.494e+03 1.696e+02 7.283e+01
|    ( QUESTION4 -1 8.396e+02 1.279e+02 4.385e+01
|        ( - 3.220e+02 2 0)
|        ( QUESTION3 1 3.897e+02 7.416e+01 2.500e+01
|            ( QUESTION0_13_R 1 1.544e+02 3.471e+01 1.300e+01
|                ( - 1.921e+01 1 0)
|                ( - 1.004e+02 3 0 QUESTION0_0_R 1 2.780e+01 1.000e+01))
|            ( QUESTION16 -1 1.612e+02 4.339e+01 1.200e+01
|                ( QUESTION2_9_L -1 8.923e+01 3.078e+01 8.000e+00
|                    ( - 2.522e+01 1 0)
|                    ( - 3.322e+01 1 0))
|                ( - 2.854e+01 2 0 WDBNDRY_B 0 1.187e+01 4.000e+00))))
|    ( WDBNDRY_B 0 4.846e+02 6.923e+01 2.898e+01
|        ( - 3.650e+02 1 0)
|        ( - 5.034e+01 1 0)))
s>    ( QUESTION2_0_L -1 1.494e+03 1.696e+02 7.283e+01
s>        ( QUESTION4 -1 8.396e+02 1.279e+02 4.385e+01
s>            ( - 3.220e+02 2 0)
s>            ( QUESTION3 1 3.897e+02 7.416e+01 2.500e+01
s>                ( QUESTION0_13_R 1 1.544e+02 3.471e+01 1.300e+01
s>                    ( - 1.921e+01 1 0)
s>                    ( - 1.004e+02 3 0 QUESTION0_0_R 1 2.780e+01 1.000e+01))
s>                ( QUESTION16 -1 1.612e+02 4.339e+01 1.200e+01
s>                    ( QUESTION2_9_L -1 8.923e+01 3.078e+01 8.000e+00
s>                        ( - 2.522e+01 1 0)
s>                        ( - 3.322e+01 1 0))
s>                    ( - 2.854e+01 2 0 WDBNDRY_B 0 1.187e+01 4.000e+00))))
s>        ( WDBNDRY_B 0 4.846e+02 6.923e+01 2.898e+01
s>            ( - 3.650e+02 1 0)
s>            ( - 5.034e+01 1 0)))INFO: dtree.c(1439): stop. leaf nodes are specific
INFO: dtree.c(1478): Final simple tree
|( QUESTION1 -1 1.150e+03 1.442e+02 6.377e+01
|    ( - 6.040e+02 2 0)
|    ( - 4.022e+02 1 0))
s>    ( QUESTION1 -1 1.150e+03 1.442e+02 6.377e+01
s>        ( - 6.040e+02 2 0)
s>        ( - 4.022e+02 1 0))INFO: dtree.c(1315): Comp split 5
INFO: dtree.c(1439): stop. leaf nodes are specific
INFO: dtree.c(1478): Final simple tree
|( QUESTION0_8_R 1 9.147e+02 1.263e+02 5.403e+01
|    ( - 3.107e+02 1 0)
|    ( WDBNDRY_B 0 4.776e+02 6.677e+01 3.103e+01
|        ( - 3.540e+02 1 0)
|        ( - 5.687e+01 1 0)))
s>    ( QUESTION0_8_R 1 9.147e+02 1.263e+02 5.403e+01
s>        ( - 3.107e+02 1 0)
s>        ( WDBNDRY_B 0 4.776e+02 6.677e+01 3.103e+01
s>            ( - 3.540e+02 1 0)
s>            ( - 5.687e+01 1 0)))INFO: dtree.c(1439): stop. leaf nodes are specific
INFO: dtree.c(1478): Final simple tree
|( QUESTION0_0_R 1 1.315e+03 1.078e+02 7.574e+01
|    ( - 3.753e+02 1 0)
|    ( - 8.315e+02 1 0))
s>    ( QUESTION0_0_R 1 1.315e+03 1.078e+02 7.574e+01
s>        ( - 3.753e+02 1 0)
s>        ( - 8.315e+02 1 0))INFO: dtree.c(1315): Comp split 6
INFO: dtree.c(1439): stop. leaf nodes are specific
INFO: dtree.c(1478): Final simple tree
|( QUESTION4 -1 8.733e+02 1.203e+02 4.483e+01
|    ( - 3.220e+02 2 0)
|    ( SILENCE -1 4.309e+02 4.073e+01 2.598e+01
|        ( - 3.650e+02 1 0)
|        ( - 2.522e+01 1 0)))
s>    ( QUESTION4 -1 8.733e+02 1.203e+02 4.483e+01
s>        ( - 3.220e+02 2 0)
s>        ( SILENCE -1 4.309e+02 4.073e+01 2.598e+01
s>            ( - 3.650e+02 1 0)
s>            ( - 2.522e+01 1 0)))INFO: dtree.c(1478): Final simple tree
|( QUESTION2_3_L -1 4.303e+02 8.591e+01 2.800e+01
|    ( QUESTION4 1 1.757e+02 4.043e+01 1.400e+01
|        ( QUESTION0_9_R 1 9.637e+01 2.768e+01 9.000e+00
|            ( - 1.921e+01 1 0)
|            ( QUESTION0_0_R 1 4.948e+01 1.060e+01 6.000e+00
|                ( - 3.888e+01 1 0)
|                ( - 0.000e+00 1 0)))
|        ( SILENCE 1 3.890e+01 1.338e+01 5.000e+00
|            ( - 1.238e+00 1 0)
|            ( - 2.428e+01 1 0)))
|    ( QUESTION16 -1 1.687e+02 4.207e+01 1.400e+01
|        ( - 3.322e+01 1 0)
|        ( WDBNDRY_B 0 9.342e+01 2.764e+01 9.000e+00
|            ( - 1.544e+01 1 0)
|            ( - 5.034e+01 1 0))))
s>    ( QUESTION2_3_L -1 4.303e+02 8.591e+01 2.800e+01
s>        ( QUESTION4 1 1.757e+02 4.043e+01 1.400e+01
s>            ( QUESTION0_9_R 1 9.637e+01 2.768e+01 9.000e+00
s>                ( - 1.921e+01 1 0)
s>                ( QUESTION0_0_R 1 4.948e+01 1.060e+01 6.000e+00
s>                    ( - 3.888e+01 1 0)
s>                    ( - 0.000e+00 1 0)))
s>            ( SILENCE 1 3.890e+01 1.338e+01 5.000e+00
s>                ( - 1.238e+00 1 0)
s>                ( - 2.428e+01 1 0)))
s>        ( QUESTION16 -1 1.687e+02 4.207e+01 1.400e+01
s>            ( - 3.322e+01 1 0)
s>            ( WDBNDRY_B 0 9.342e+01 2.764e+01 9.000e+00
s>                ( - 1.544e+01 1 0)
s>                ( - 5.034e+01 1 0))))INFO: dtree.c(1315): Comp split 7
INFO: dtree.c(1439): stop. leaf nodes are specific
INFO: dtree.c(1478): Final simple tree
|( QUESTION0_16_R 1 1.536e+03 1.178e+02 9.145e+01
|    ( - 1.593e+02 1 0)
|    ( QUESTION0_0_R 1 1.259e+03 9.766e+01 7.845e+01
|        ( - 2.602e+02 1 0)
|        ( QUESTION0_8_R 1 9.010e+02 7.894e+01 6.120e+01
|            ( - 3.928e+02 1 0)
|            ( - 4.292e+02 1 0))))
s>    ( QUESTION0_16_R 1 1.536e+03 1.178e+02 9.145e+01
s>        ( - 1.593e+02 1 0)
s>        ( QUESTION0_0_R 1 1.259e+03 9.766e+01 7.845e+01
s>            ( - 2.602e+02 1 0)
s>            ( QUESTION0_8_R 1 9.010e+02 7.894e+01 6.120e+01
s>                ( - 3.928e+02 1 0)
s>                ( - 4.292e+02 1 0))))INFO: dtree.c(1439): stop. leaf nodes are specific
INFO: dtree.c(1478): Final simple tree
|( QUESTION0_10_R 1 4.904e+03 1.025e+02 2.750e+02
|    ( - 4.158e+03 1 0)
|    ( - 6.430e+02 1 0))
s>    ( QUESTION0_10_R 1 4.904e+03 1.025e+02 2.750e+02
s>        ( - 4.158e+03 1 0)
s>        ( - 6.430e+02 1 0))INFO: dtree.c(1315): Comp split 8
INFO: dtree.c(1315): Comp split 9
INFO: dtree.c(1439): stop. leaf nodes are specific
INFO: dtree.c(1478): Final simple tree
|( QUESTION0_8_R 1 9.010e+02 7.894e+01 6.120e+01
|    ( - 3.928e+02 1 0)
|    ( - 4.292e+02 1 0))
s>    ( QUESTION0_8_R 1 9.010e+02 7.894e+01 6.120e+01
s>        ( - 3.928e+02 1 0)
s>        ( - 4.292e+02 1 0))INFO: dtree.c(1439): stop. leaf nodes are specific
INFO: dtree.c(1478): Final simple tree
|( QUESTION0_0_R 1 5.027e+02 8.313e+01 3.025e+01
|    ( - 2.602e+02 1 0)
|    ( - 1.593e+02 1 0))
s>    ( QUESTION0_0_R 1 5.027e+02 8.313e+01 3.025e+01
s>        ( - 2.602e+02 1 0)
s>        ( - 1.593e+02 1 0))INFO: dtree.c(1315): Comp split 10
INFO: dtree.c(1439): stop. leaf nodes are specific
INFO: dtree.c(1478): Final simple tree
|( WDBNDRY_B 0 4.776e+02 6.677e+01 3.103e+01
|    ( - 3.540e+02 1 0)
|    ( - 5.687e+01 1 0))
s>    ( WDBNDRY_B 0 4.776e+02 6.677e+01 3.103e+01
s>        ( - 3.540e+02 1 0)
s>        ( - 5.687e+01 1 0))INFO: dtree.c(1315): Comp split 11
INFO: dtree.c(1439): stop. leaf nodes are specific
INFO: dtree.c(1478): Final simple tree
|( SILENCE -1 4.309e+02 4.073e+01 2.598e+01
|    ( - 3.650e+02 1 0)
|    ( - 2.522e+01 1 0))
s>    ( SILENCE -1 4.309e+02 4.073e+01 2.598e+01
s>        ( - 3.650e+02 1 0)
s>        ( - 2.522e+01 1 0))INFO: dtree.c(1315): Comp split 12
INFO: dtree.c(1315): Comp split 13
INFO: dtree.c(1315): Comp split 14
INFO: dtree.c(1439): stop. leaf nodes are specific
INFO: dtree.c(1478): Final simple tree
|( QUESTION0_0_R 1 1.728e+02 3.950e+01 1.500e+01
|    ( WDBNDRY_B 0 9.955e+01 2.744e+01 1.000e+01
|        ( - 3.322e+01 1 0)
|        ( - 3.888e+01 1 0))
|    ( QUESTION0_8_R 1 3.376e+01 9.478e+00 5.000e+00
|        ( - 0.000e+00 1 0)
|        ( - 2.428e+01 1 0)))
s>    ( QUESTION0_0_R 1 1.728e+02 3.950e+01 1.500e+01
s>        ( WDBNDRY_B 0 9.955e+01 2.744e+01 1.000e+01
s>            ( - 3.322e+01 1 0)
s>            ( - 3.888e+01 1 0))
s>        ( QUESTION0_8_R 1 3.376e+01 9.478e+00 5.000e+00
s>            ( - 0.000e+00 1 0)
s>            ( - 2.428e+01 1 0)))INFO: dtree.c(1439): stop. leaf nodes are specific
INFO: dtree.c(1478): Final simple tree
|( QUESTION0_8_R 1 1.704e+02 4.653e+01 1.300e+01
|    ( - 5.034e+01 1 0)
|    ( QUESTION0_7_R 1 7.358e+01 2.583e+01 7.000e+00
|        ( - 1.921e+01 1 0)
|        ( WDBNDRY_B 0 2.854e+01 1.187e+01 4.000e+00
|            ( - 1.544e+01 1 0)
|            ( - 1.238e+00 1 0))))
s>    ( QUESTION0_8_R 1 1.704e+02 4.653e+01 1.300e+01
s>        ( - 5.034e+01 1 0)
s>        ( QUESTION0_7_R 1 7.358e+01 2.583e+01 7.000e+00
s>            ( - 1.921e+01 1 0)
s>            ( WDBNDRY_B 0 2.854e+01 1.187e+01 4.000e+00
s>                ( - 1.544e+01 1 0)
s>                ( - 1.238e+00 1 0))))INFO: dtree.c(1315): Comp split 15
INFO: dtree.c(1315): Comp split 16
INFO: dtree.c(1315): Comp split 17
INFO: dtree.c(1315): Comp split 18
INFO: dtree.c(1439): stop. leaf nodes are specific
INFO: dtree.c(1478): Final simple tree
|( QUESTION0_7_R 1 7.358e+01 2.583e+01 7.000e+00
|    ( - 1.921e+01 1 0)
|    ( WDBNDRY_B 0 2.854e+01 1.187e+01 4.000e+00
|        ( - 1.544e+01 1 0)
|        ( - 1.238e+00 1 0)))
s>    ( QUESTION0_7_R 1 7.358e+01 2.583e+01 7.000e+00
s>        ( - 1.921e+01 1 0)
s>        ( WDBNDRY_B 0 2.854e+01 1.187e+01 4.000e+00
s>            ( - 1.544e+01 1 0)
s>            ( - 1.238e+00 1 0)))INFO: dtree.c(1315): Comp split 19
INFO: dtree.c(1315): Comp split 20
INFO: dtree.c(1439): stop. leaf nodes are specific
INFO: dtree.c(1478): Final simple tree
|( QUESTION0_8_R 1 3.376e+01 9.478e+00 5.000e+00
|    ( - 0.000e+00 1 0)
|    ( - 2.428e+01 1 0))
s>    ( QUESTION0_8_R 1 3.376e+01 9.478e+00 5.000e+00
s>        ( - 0.000e+00 1 0)
s>        ( - 2.428e+01 1 0))INFO: dtree.c(1439): stop. leaf nodes are specific
INFO: dtree.c(1478): Final simple tree
|( WDBNDRY_B 0 9.955e+01 2.744e+01 1.000e+01
|    ( - 3.322e+01 1 0)
|    ( - 3.888e+01 1 0))
s>    ( WDBNDRY_B 0 9.955e+01 2.744e+01 1.000e+01
s>        ( - 3.322e+01 1 0)
s>        ( - 3.888e+01 1 0))INFO: dtree.c(1315): Comp split 21
INFO: dtree.c(1315): Comp split 22
INFO: dtree.c(1439): stop. leaf nodes are specific
INFO: dtree.c(1478): Final simple tree
|( WDBNDRY_B 0 2.854e+01 1.187e+01 4.000e+00
|    ( - 1.544e+01 1 0)
|    ( - 1.238e+00 1 0))
s>    ( WDBNDRY_B 0 2.854e+01 1.187e+01 4.000e+00
s>        ( - 1.544e+01 1 0)
s>        ( - 1.238e+00 1 0))INFO: dtree.c(1315): Comp split 23
INFO: dtree.c(1315): Comp split 24
INFO: dtree.c(1315): Comp split 25
INFO: dtree.c(1318): stop. leaf nodes are specific
Mon May 23 22:39:55 2022
