Current configuration:
[NAME]		[DEFLT]	[VALUE]
-allphones	no	no
-cntthresh	0.00001	1.000000e-05
-csplitmax	100	2000
-csplitmin	1	1
-csplitthr	8e-4	0.000000e+00
-example	no	no
-fullvar	no	no
-help		no	no
-meanfn			
-mixwfn			/home/rakha/Kuliah/Semester8/nlp/speech-sphinx/train-new-model/an4-master/model_parameters/an4.cd_ptm_untied/mixture_weights
-moddeffn		/home/rakha/Kuliah/Semester8/nlp/speech-sphinx/train-new-model/an4-master/model_architecture/an4.untied.mdef
-mwfloor	1e-4	1.000000e-08
-phone			ER
-psetfn			/home/rakha/Kuliah/Semester8/nlp/speech-sphinx/train-new-model/an4-master/model_architecture/an4.tree_questions
-ssplitmax	5	7
-ssplitmin	1	1
-ssplitthr	8e-4	0.000000e+00
-state			2
-stwt			1.0,0.05,0.0,
-treefn			/home/rakha/Kuliah/Semester8/nlp/speech-sphinx/train-new-model/an4-master/trees/an4.unpruned/ER-2.dtree
-ts2cbfn	.semi.	.semi.
-varfloor	0.00001	1.000000e-05
-varfn			

INFO: main.c(223): Reading: /home/rakha/Kuliah/Semester8/nlp/speech-sphinx/train-new-model/an4-master/model_architecture/an4.untied.mdef
INFO: model_def_io.c(573): Model definition info:
INFO: model_def_io.c(574): 1618 total models defined (34 base, 1584 tri)
INFO: model_def_io.c(575): 6472 total states
INFO: model_def_io.c(576): 4854 total tied states
INFO: model_def_io.c(577): 102 total tied CI states
INFO: model_def_io.c(578): 34 total tied transition matrices
INFO: model_def_io.c(579): 4 max state/model
INFO: model_def_io.c(580): 4 min state/model
INFO: main.c(242): Building trees for [ER B EY e] through [ER TH T i]
INFO: main.c(269): Covering states |[1272 1325]| == 54
INFO: main.c(275): Reading: /home/rakha/Kuliah/Semester8/nlp/speech-sphinx/train-new-model/an4-master/model_parameters/an4.cd_ptm_untied/mixture_weights
INFO: s3mixw_io.c(173): Read /home/rakha/Kuliah/Semester8/nlp/speech-sphinx/train-new-model/an4-master/model_parameters/an4.cd_ptm_untied/mixture_weights [54x4x64 array]
INFO: main.c(311): 18 of 18 models have observation count greater than 0.000010
INFO: main.c(95): nrm stwt: 0.000 0.048 0.952 
INFO: main.c(411): 18-class entropy: 1.810177e+04
INFO: main.c(549): Reading: /home/rakha/Kuliah/Semester8/nlp/speech-sphinx/train-new-model/an4-master/model_architecture/an4.tree_questions
INFO: main.c(588): 180 total simple questions (172 phone; 8 word bndry)
INFO: main.c(590): 42 Left Only questions, and 42 Right Only questions
INFO: dtree.c(1478): Final simple tree
|( WDBNDRY_E 0 2.185e+04 8.405e+02 1.103e+03
|    ( QUESTION4 1 1.742e+04 4.208e+02 8.967e+02
|        ( QUESTION0_8_R 1 1.099e+04 4.341e+02 5.735e+02
|            ( - 6.079e+03 2 0 QUESTION4 -1 9.990e+01 3.263e+02)
|            ( QUESTION0_0_R 1 4.473e+03 2.763e+02 2.472e+02
|                ( - 1.331e+03 2 0 QUESTION4 -1 5.284e+01 8.296e+01)
|                ( - 2.866e+03 2 0 QUESTION4 -1 9.592e+01 1.642e+02)))
|        ( QUESTION6 1 6.009e+03 3.076e+02 3.232e+02
|            ( QUESTION0_10_R 1 2.706e+03 2.358e+02 1.476e+02
|                ( - 1.592e+03 2 0 QUESTION4 -1 9.050e+01 9.229e+01)
|                ( - 8.783e+02 3 0 QUESTION0_16_R 1 1.068e+02 5.530e+01))
|            ( - 2.996e+03 3 0 QUESTION0_8_R 1 1.707e+02 1.756e+02)))
|    ( QUESTION10 -1 3.592e+03 2.719e+02 2.060e+02
|        ( - 2.786e+03 2 0 QUESTION0_10_R 1 1.068e+02 1.715e+02)
|        ( - 5.334e+02 2 0 QUESTION0_8_R 1 1.002e+02 3.442e+01)))
s>    ( WDBNDRY_E 0 2.185e+04 8.405e+02 1.103e+03
s>        ( QUESTION4 1 1.742e+04 4.208e+02 8.967e+02
s>            ( QUESTION0_8_R 1 1.099e+04 4.341e+02 5.735e+02
s>                ( - 6.079e+03 2 0 QUESTION4 -1 9.990e+01 3.263e+02)
s>                ( QUESTION0_0_R 1 4.473e+03 2.763e+02 2.472e+02
s>                    ( - 1.331e+03 2 0 QUESTION4 -1 5.284e+01 8.296e+01)
s>                    ( - 2.866e+03 2 0 QUESTION4 -1 9.592e+01 1.642e+02)))
s>            ( QUESTION6 1 6.009e+03 3.076e+02 3.232e+02
s>                ( QUESTION0_10_R 1 2.706e+03 2.358e+02 1.476e+02
s>                    ( - 1.592e+03 2 0 QUESTION4 -1 9.050e+01 9.229e+01)
s>                    ( - 8.783e+02 3 0 QUESTION0_16_R 1 1.068e+02 5.530e+01))
s>                ( - 2.996e+03 3 0 QUESTION0_8_R 1 1.707e+02 1.756e+02)))
s>        ( QUESTION10 -1 3.592e+03 2.719e+02 2.060e+02
s>            ( - 2.786e+03 2 0 QUESTION0_10_R 1 1.068e+02 1.715e+02)
s>            ( - 5.334e+02 2 0 QUESTION0_8_R 1 1.002e+02 3.442e+01)))INFO: dtree.c(1315): Comp split 0
INFO: dtree.c(1478): Final simple tree
|( QUESTION4 1 1.742e+04 4.208e+02 8.967e+02
|    ( QUESTION0_8_R 1 1.099e+04 4.341e+02 5.735e+02
|        ( - 6.079e+03 2 0 QUESTION4 -1 9.990e+01 3.263e+02)
|        ( QUESTION0_0_R 1 4.473e+03 2.763e+02 2.472e+02
|            ( - 1.331e+03 2 0 QUESTION4 -1 5.284e+01 8.296e+01)
|            ( - 2.866e+03 2 0 QUESTION4 -1 9.592e+01 1.642e+02)))
|    ( QUESTION6 1 6.009e+03 3.076e+02 3.232e+02
|        ( QUESTION0_10_R 1 2.706e+03 2.358e+02 1.476e+02
|            ( - 1.592e+03 2 0 QUESTION4 -1 9.050e+01 9.229e+01)
|            ( QUESTION0_16_R 1 8.783e+02 1.068e+02 5.530e+01
|                ( - 1.056e+02 1 0)
|                ( - 6.659e+02 2 0 QUESTION4 -1 5.824e+01 4.330e+01)))
|        ( QUESTION0_8_R 1 2.996e+03 1.707e+02 1.756e+02
|            ( - 2.182e+03 2 0 QUESTION4 -1 7.698e+01 1.266e+02)
|            ( - 6.427e+02 1 0))))
s>    ( QUESTION4 1 1.742e+04 4.208e+02 8.967e+02
s>        ( QUESTION0_8_R 1 1.099e+04 4.341e+02 5.735e+02
s>            ( - 6.079e+03 2 0 QUESTION4 -1 9.990e+01 3.263e+02)
s>            ( QUESTION0_0_R 1 4.473e+03 2.763e+02 2.472e+02
s>                ( - 1.331e+03 2 0 QUESTION4 -1 5.284e+01 8.296e+01)
s>                ( - 2.866e+03 2 0 QUESTION4 -1 9.592e+01 1.642e+02)))
s>        ( QUESTION6 1 6.009e+03 3.076e+02 3.232e+02
s>            ( QUESTION0_10_R 1 2.706e+03 2.358e+02 1.476e+02
s>                ( - 1.592e+03 2 0 QUESTION4 -1 9.050e+01 9.229e+01)
s>                ( QUESTION0_16_R 1 8.783e+02 1.068e+02 5.530e+01
s>                    ( - 1.056e+02 1 0)
s>                    ( - 6.659e+02 2 0 QUESTION4 -1 5.824e+01 4.330e+01)))
s>            ( QUESTION0_8_R 1 2.996e+03 1.707e+02 1.756e+02
s>                ( - 2.182e+03 2 0 QUESTION4 -1 7.698e+01 1.266e+02)
s>                ( - 6.427e+02 1 0))))INFO: dtree.c(1439): stop. leaf nodes are specific
INFO: dtree.c(1478): Final simple tree
|( QUESTION10 -1 3.592e+03 2.719e+02 2.060e+02
|    ( QUESTION0_10_R 1 2.786e+03 1.068e+02 1.715e+02
|        ( - 1.110e+02 1 0)
|        ( - 2.568e+03 1 0))
|    ( QUESTION0_8_R 1 5.334e+02 1.002e+02 3.442e+01
|        ( - 1.075e+02 1 0)
|        ( - 3.257e+02 1 0)))
s>    ( QUESTION10 -1 3.592e+03 2.719e+02 2.060e+02
s>        ( QUESTION0_10_R 1 2.786e+03 1.068e+02 1.715e+02
s>            ( - 1.110e+02 1 0)
s>            ( - 2.568e+03 1 0))
s>        ( QUESTION0_8_R 1 5.334e+02 1.002e+02 3.442e+01
s>            ( - 1.075e+02 1 0)
s>            ( - 3.257e+02 1 0)))INFO: dtree.c(1315): Comp split 1
INFO: dtree.c(1439): stop. leaf nodes are specific
INFO: dtree.c(1478): Final simple tree
|( QUESTION0_8_R 1 6.309e+03 1.247e+02 3.383e+02
|    ( QUESTION4 -1 6.079e+03 9.990e+01 3.263e+02
|        ( - 5.925e+03 1 0)
|        ( - 5.319e+01 1 0))
|    ( - 1.056e+02 1 0))
s>    ( QUESTION0_8_R 1 6.309e+03 1.247e+02 3.383e+02
s>        ( QUESTION4 -1 6.079e+03 9.990e+01 3.263e+02
s>            ( - 5.925e+03 1 0)
s>            ( - 5.319e+01 1 0))
s>        ( - 1.056e+02 1 0))INFO: dtree.c(1478): Final simple tree
|( QUESTION4 1 1.064e+04 3.807e+02 5.584e+02
|    ( QUESTION0_0_R 1 4.473e+03 2.763e+02 2.472e+02
|        ( - 1.331e+03 2 0 QUESTION4 -1 5.284e+01 8.296e+01)
|        ( QUESTION4 -1 2.866e+03 9.592e+01 1.642e+02
|            ( - 2.673e+03 1 0)
|            ( - 9.722e+01 1 0)))
|    ( QUESTION6 1 5.783e+03 3.289e+02 3.112e+02
|        ( QUESTION0_10_R 1 2.459e+03 2.014e+02 1.356e+02
|            ( QUESTION4 -1 1.592e+03 9.050e+01 9.229e+01
|                ( - 1.437e+03 1 0)
|                ( - 6.415e+01 1 0))
|            ( - 6.659e+02 2 0 QUESTION4 -1 5.824e+01 4.330e+01))
|        ( QUESTION0_8_R 1 2.996e+03 1.707e+02 1.756e+02
|            ( - 2.182e+03 2 0 QUESTION4 -1 7.698e+01 1.266e+02)
|            ( - 6.427e+02 1 0))))
s>    ( QUESTION4 1 1.064e+04 3.807e+02 5.584e+02
s>        ( QUESTION0_0_R 1 4.473e+03 2.763e+02 2.472e+02
s>            ( - 1.331e+03 2 0 QUESTION4 -1 5.284e+01 8.296e+01)
s>            ( QUESTION4 -1 2.866e+03 9.592e+01 1.642e+02
s>                ( - 2.673e+03 1 0)
s>                ( - 9.722e+01 1 0)))
s>        ( QUESTION6 1 5.783e+03 3.289e+02 3.112e+02
s>            ( QUESTION0_10_R 1 2.459e+03 2.014e+02 1.356e+02
s>                ( QUESTION4 -1 1.592e+03 9.050e+01 9.229e+01
s>                    ( - 1.437e+03 1 0)
s>                    ( - 6.415e+01 1 0))
s>                ( - 6.659e+02 2 0 QUESTION4 -1 5.824e+01 4.330e+01))
s>            ( QUESTION0_8_R 1 2.996e+03 1.707e+02 1.756e+02
s>                ( - 2.182e+03 2 0 QUESTION4 -1 7.698e+01 1.266e+02)
s>                ( - 6.427e+02 1 0))))INFO: dtree.c(1315): Comp split 2
INFO: dtree.c(1439): stop. leaf nodes are specific
INFO: dtree.c(1478): Final simple tree
|( QUESTION0_16_R 1 3.924e+03 2.617e+02 2.145e+02
|    ( QUESTION4 -1 2.866e+03 9.592e+01 1.642e+02
|        ( - 2.673e+03 1 0)
|        ( - 9.722e+01 1 0))
|    ( QUESTION4 -1 7.960e+02 9.170e+01 5.030e+01
|        ( - 5.768e+02 1 0)
|        ( QUESTION0_10_R 1 1.275e+02 3.249e+01 1.200e+01
|            ( - 6.415e+01 1 0)
|            ( - 3.083e+01 1 0))))
s>    ( QUESTION0_16_R 1 3.924e+03 2.617e+02 2.145e+02
s>        ( QUESTION4 -1 2.866e+03 9.592e+01 1.642e+02
s>            ( - 2.673e+03 1 0)
s>            ( - 9.722e+01 1 0))
s>        ( QUESTION4 -1 7.960e+02 9.170e+01 5.030e+01
s>            ( - 5.768e+02 1 0)
s>            ( QUESTION0_10_R 1 1.275e+02 3.249e+01 1.200e+01
s>                ( - 6.415e+01 1 0)
s>                ( - 3.083e+01 1 0))))INFO: dtree.c(1439): stop. leaf nodes are specific
INFO: dtree.c(1478): Final simple tree
|( QUESTION0_0_R 1 6.303e+03 2.743e+02 3.438e+02
|    ( QUESTION4 -1 1.331e+03 5.284e+01 8.296e+01
|        ( - 1.236e+03 1 0)
|        ( - 4.233e+01 1 0))
|    ( QUESTION0_10_R 1 4.698e+03 2.660e+02 2.609e+02
|        ( - 1.437e+03 1 0)
|        ( QUESTION0_8_R 1 2.996e+03 1.707e+02 1.756e+02
|            ( QUESTION4 -1 2.182e+03 7.698e+01 1.266e+02
|                ( - 2.066e+03 1 0)
|                ( - 3.899e+01 1 0))
|            ( - 6.427e+02 1 0))))
s>    ( QUESTION0_0_R 1 6.303e+03 2.743e+02 3.438e+02
s>        ( QUESTION4 -1 1.331e+03 5.284e+01 8.296e+01
s>            ( - 1.236e+03 1 0)
s>            ( - 4.233e+01 1 0))
s>        ( QUESTION0_10_R 1 4.698e+03 2.660e+02 2.609e+02
s>            ( - 1.437e+03 1 0)
s>            ( QUESTION0_8_R 1 2.996e+03 1.707e+02 1.756e+02
s>                ( QUESTION4 -1 2.182e+03 7.698e+01 1.266e+02
s>                    ( - 2.066e+03 1 0)
s>                    ( - 3.899e+01 1 0))
s>                ( - 6.427e+02 1 0))))INFO: dtree.c(1315): Comp split 3
INFO: dtree.c(1439): stop. leaf nodes are specific
INFO: dtree.c(1478): Final simple tree
|( QUESTION0_8_R 1 2.996e+03 1.707e+02 1.756e+02
|    ( QUESTION4 -1 2.182e+03 7.698e+01 1.266e+02
|        ( - 2.066e+03 1 0)
|        ( - 3.899e+01 1 0))
|    ( - 6.427e+02 1 0))
s>    ( QUESTION0_8_R 1 2.996e+03 1.707e+02 1.756e+02
s>        ( QUESTION4 -1 2.182e+03 7.698e+01 1.266e+02
s>            ( - 2.066e+03 1 0)
s>            ( - 3.899e+01 1 0))
s>        ( - 6.427e+02 1 0))INFO: dtree.c(1439): stop. leaf nodes are specific
INFO: dtree.c(1478): Final simple tree
|( QUESTION0_0_R 1 2.997e+03 2.291e+02 1.683e+02
|    ( QUESTION4 -1 1.331e+03 5.284e+01 8.296e+01
|        ( - 1.236e+03 1 0)
|        ( - 4.233e+01 1 0))
|    ( - 1.437e+03 1 0))
s>    ( QUESTION0_0_R 1 2.997e+03 2.291e+02 1.683e+02
s>        ( QUESTION4 -1 1.331e+03 5.284e+01 8.296e+01
s>            ( - 1.236e+03 1 0)
s>            ( - 4.233e+01 1 0))
s>        ( - 1.437e+03 1 0))INFO: dtree.c(1315): Comp split 4
INFO: dtree.c(1439): stop. leaf nodes are specific
INFO: dtree.c(1478): Final simple tree
|( QUESTION0_13_R 1 7.466e+02 1.374e+02 4.535e+01
|    ( - 3.257e+02 1 0)
|    ( QUESTION0_8_R 1 2.835e+02 6.504e+01 2.135e+01
|        ( - 1.075e+02 1 0)
|        ( - 1.110e+02 1 0)))
s>    ( QUESTION0_13_R 1 7.466e+02 1.374e+02 4.535e+01
s>        ( - 3.257e+02 1 0)
s>        ( QUESTION0_8_R 1 2.835e+02 6.504e+01 2.135e+01
s>            ( - 1.075e+02 1 0)
s>            ( - 1.110e+02 1 0)))INFO: dtree.c(1315): Comp split 5
INFO: dtree.c(1439): stop. leaf nodes are specific
INFO: dtree.c(1478): Final simple tree
|( QUESTION4 -1 7.960e+02 9.170e+01 5.030e+01
|    ( - 5.768e+02 1 0)
|    ( QUESTION0_10_R 1 1.275e+02 3.249e+01 1.200e+01
|        ( - 6.415e+01 1 0)
|        ( - 3.083e+01 1 0)))
s>    ( QUESTION4 -1 7.960e+02 9.170e+01 5.030e+01
s>        ( - 5.768e+02 1 0)
s>        ( QUESTION0_10_R 1 1.275e+02 3.249e+01 1.200e+01
s>            ( - 6.415e+01 1 0)
s>            ( - 3.083e+01 1 0)))INFO: dtree.c(1439): stop. leaf nodes are specific
INFO: dtree.c(1478): Final simple tree
|( QUESTION4 -1 2.866e+03 9.592e+01 1.642e+02
|    ( - 2.673e+03 1 0)
|    ( - 9.722e+01 1 0))
s>    ( QUESTION4 -1 2.866e+03 9.592e+01 1.642e+02
s>        ( - 2.673e+03 1 0)
s>        ( - 9.722e+01 1 0))INFO: dtree.c(1315): Comp split 6
INFO: dtree.c(1439): stop. leaf nodes are specific
INFO: dtree.c(1478): Final simple tree
|( QUESTION4 -1 1.331e+03 5.284e+01 8.296e+01
|    ( - 1.236e+03 1 0)
|    ( - 4.233e+01 1 0))
s>    ( QUESTION4 -1 1.331e+03 5.284e+01 8.296e+01
s>        ( - 1.236e+03 1 0)
s>        ( - 4.233e+01 1 0))INFO: dtree.c(1315): Comp split 7
INFO: dtree.c(1439): stop. leaf nodes are specific
INFO: dtree.c(1478): Final simple tree
|( QUESTION4 -1 2.182e+03 7.698e+01 1.266e+02
|    ( - 2.066e+03 1 0)
|    ( - 3.899e+01 1 0))
s>    ( QUESTION4 -1 2.182e+03 7.698e+01 1.266e+02
s>        ( - 2.066e+03 1 0)
s>        ( - 3.899e+01 1 0))INFO: dtree.c(1315): Comp split 8
INFO: dtree.c(1439): stop. leaf nodes are specific
INFO: dtree.c(1478): Final simple tree
|( QUESTION0_8_R 1 2.262e+02 6.741e+01 1.900e+01
|    ( - 5.319e+01 1 0)
|    ( - 1.056e+02 1 0))
s>    ( QUESTION0_8_R 1 2.262e+02 6.741e+01 1.900e+01
s>        ( - 5.319e+01 1 0)
s>        ( - 1.056e+02 1 0))INFO: dtree.c(1315): Comp split 9
INFO: dtree.c(1439): stop. leaf nodes are specific
INFO: dtree.c(1478): Final simple tree
|( QUESTION0_8_R 1 2.835e+02 6.504e+01 2.135e+01
|    ( - 1.075e+02 1 0)
|    ( - 1.110e+02 1 0))
s>    ( QUESTION0_8_R 1 2.835e+02 6.504e+01 2.135e+01
s>        ( - 1.075e+02 1 0)
s>        ( - 1.110e+02 1 0))INFO: dtree.c(1315): Comp split 10
INFO: dtree.c(1315): Comp split 11
INFO: dtree.c(1439): stop. leaf nodes are specific
INFO: dtree.c(1478): Final simple tree
|( QUESTION0_10_R 1 1.275e+02 3.249e+01 1.200e+01
|    ( - 6.415e+01 1 0)
|    ( - 3.083e+01 1 0))
s>    ( QUESTION0_10_R 1 1.275e+02 3.249e+01 1.200e+01
s>        ( - 6.415e+01 1 0)
s>        ( - 3.083e+01 1 0))INFO: dtree.c(1315): Comp split 12
INFO: dtree.c(1315): Comp split 13
INFO: dtree.c(1315): Comp split 14
INFO: dtree.c(1315): Comp split 15
INFO: dtree.c(1315): Comp split 16
INFO: dtree.c(1315): Comp split 17
INFO: dtree.c(1318): stop. leaf nodes are specific
Mon May 23 22:39:47 2022
