Current configuration:
[NAME]		[DEFLT]	[VALUE]
-allphones	no	no
-cntthresh	0.00001	1.000000e-05
-csplitmax	100	2000
-csplitmin	1	1
-csplitthr	8e-4	0.000000e+00
-example	no	no
-fullvar	no	no
-help		no	no
-meanfn			
-mixwfn			/home/rakha/Kuliah/Semester8/nlp/speech-sphinx/train-new-model/an4-master/model_parameters/an4.cd_ptm_untied/mixture_weights
-moddeffn		/home/rakha/Kuliah/Semester8/nlp/speech-sphinx/train-new-model/an4-master/model_architecture/an4.untied.mdef
-mwfloor	1e-4	1.000000e-08
-phone			CH
-psetfn			/home/rakha/Kuliah/Semester8/nlp/speech-sphinx/train-new-model/an4-master/model_architecture/an4.tree_questions
-ssplitmax	5	7
-ssplitmin	1	1
-ssplitthr	8e-4	0.000000e+00
-state			2
-stwt			1.0,0.05,0.0,
-treefn			/home/rakha/Kuliah/Semester8/nlp/speech-sphinx/train-new-model/an4-master/trees/an4.unpruned/CH-2.dtree
-ts2cbfn	.semi.	.semi.
-varfloor	0.00001	1.000000e-05
-varfn			

INFO: main.c(223): Reading: /home/rakha/Kuliah/Semester8/nlp/speech-sphinx/train-new-model/an4-master/model_architecture/an4.untied.mdef
INFO: model_def_io.c(573): Model definition info:
INFO: model_def_io.c(574): 1618 total models defined (34 base, 1584 tri)
INFO: model_def_io.c(575): 6472 total states
INFO: model_def_io.c(576): 4854 total tied states
INFO: model_def_io.c(577): 102 total tied CI states
INFO: model_def_io.c(578): 34 total tied transition matrices
INFO: model_def_io.c(579): 4 max state/model
INFO: model_def_io.c(580): 4 min state/model
INFO: main.c(242): Building trees for [CH EY AA e] through [CH R TH e]
INFO: main.c(269): Covering states |[789 860]| == 72
INFO: main.c(275): Reading: /home/rakha/Kuliah/Semester8/nlp/speech-sphinx/train-new-model/an4-master/model_parameters/an4.cd_ptm_untied/mixture_weights
INFO: s3mixw_io.c(173): Read /home/rakha/Kuliah/Semester8/nlp/speech-sphinx/train-new-model/an4-master/model_parameters/an4.cd_ptm_untied/mixture_weights [72x4x64 array]
INFO: main.c(311): 24 of 24 models have observation count greater than 0.000010
INFO: main.c(95): nrm stwt: 0.000 0.048 0.952 
INFO: main.c(411): 24-class entropy: 2.393544e+04
INFO: main.c(549): Reading: /home/rakha/Kuliah/Semester8/nlp/speech-sphinx/train-new-model/an4-master/model_architecture/an4.tree_questions
INFO: main.c(588): 180 total simple questions (172 phone; 8 word bndry)
INFO: main.c(590): 42 Left Only questions, and 42 Right Only questions
INFO: dtree.c(1478): Final simple tree
|( SILENCE 1 2.892e+04 1.113e+03 1.369e+03
|    ( - 9.382e+03 1 0)
|    ( QUESTION0_8_R 1 1.842e+04 4.153e+02 8.609e+02
|        ( QUESTION2 1 8.929e+03 2.868e+02 4.317e+02
|            ( - 7.519e+03 3 0)
|            ( - 1.124e+03 3 0 QUESTION0 1 1.595e+02 6.732e+01))
|        ( QUESTION0_13_R 1 9.077e+03 3.440e+02 4.292e+02
|            ( QUESTION17 1 2.895e+03 2.990e+02 1.483e+02
|                ( - 7.873e+02 1 0)
|                ( - 1.809e+03 8 0 QUESTION0_17_R 1 2.252e+02 9.800e+01))
|            ( QUESTION0_2_R 1 5.838e+03 3.317e+02 2.809e+02
|                ( - 2.876e+03 2 0)
|                ( QUESTION0_0_R 1 2.630e+03 2.509e+02 1.344e+02
|                    ( - 1.280e+03 2 0 QUESTION0 1 1.639e+02 7.391e+01)
|                    ( - 1.100e+03 4 0 QUESTION0_11_R 1 1.451e+02 6.047e+01))))))
s>    ( SILENCE 1 2.892e+04 1.113e+03 1.369e+03
s>        ( - 9.382e+03 1 0)
s>        ( QUESTION0_8_R 1 1.842e+04 4.153e+02 8.609e+02
s>            ( QUESTION2 1 8.929e+03 2.868e+02 4.317e+02
s>                ( - 7.519e+03 3 0)
s>                ( - 1.124e+03 3 0 QUESTION0 1 1.595e+02 6.732e+01))
s>            ( QUESTION0_13_R 1 9.077e+03 3.440e+02 4.292e+02
s>                ( QUESTION17 1 2.895e+03 2.990e+02 1.483e+02
s>                    ( - 7.873e+02 1 0)
s>                    ( - 1.809e+03 8 0 QUESTION0_17_R 1 2.252e+02 9.800e+01))
s>                ( QUESTION0_2_R 1 5.838e+03 3.317e+02 2.809e+02
s>                    ( - 2.876e+03 2 0)
s>                    ( QUESTION0_0_R 1 2.630e+03 2.509e+02 1.344e+02
s>                        ( - 1.280e+03 2 0 QUESTION0 1 1.639e+02 7.391e+01)
s>                        ( - 1.100e+03 4 0 QUESTION0_11_R 1 1.451e+02 6.047e+01))))))INFO: dtree.c(1315): Comp split 0
INFO: dtree.c(1478): Final simple tree
|( QUESTION0_8_R 1 1.842e+04 4.153e+02 8.609e+02
|    ( QUESTION2 1 8.929e+03 2.868e+02 4.317e+02
|        ( - 7.519e+03 3 0)
|        ( - 1.124e+03 3 0 QUESTION0 1 1.595e+02 6.732e+01))
|    ( QUESTION0_13_R 1 9.077e+03 3.440e+02 4.292e+02
|        ( QUESTION17 1 2.895e+03 2.990e+02 1.483e+02
|            ( - 7.873e+02 1 0)
|            ( QUESTION0_17_R 1 1.809e+03 2.252e+02 9.800e+01
|                ( - 4.466e+02 3 0 QUESTION0_18_R 1 7.058e+01 2.900e+01)
|                ( - 1.137e+03 5 0 QUESTION0_19_R 1 1.421e+02 6.900e+01)))
|        ( QUESTION0_2_R 1 5.838e+03 3.317e+02 2.809e+02
|            ( - 2.876e+03 2 0)
|            ( QUESTION0_0_R 1 2.630e+03 2.509e+02 1.344e+02
|                ( - 1.280e+03 2 0 QUESTION0 1 1.639e+02 7.391e+01)
|                ( - 1.100e+03 4 0 QUESTION0_11_R 1 1.451e+02 6.047e+01)))))
s>    ( QUESTION0_8_R 1 1.842e+04 4.153e+02 8.609e+02
s>        ( QUESTION2 1 8.929e+03 2.868e+02 4.317e+02
s>            ( - 7.519e+03 3 0)
s>            ( - 1.124e+03 3 0 QUESTION0 1 1.595e+02 6.732e+01))
s>        ( QUESTION0_13_R 1 9.077e+03 3.440e+02 4.292e+02
s>            ( QUESTION17 1 2.895e+03 2.990e+02 1.483e+02
s>                ( - 7.873e+02 1 0)
s>                ( QUESTION0_17_R 1 1.809e+03 2.252e+02 9.800e+01
s>                    ( - 4.466e+02 3 0 QUESTION0_18_R 1 7.058e+01 2.900e+01)
s>                    ( - 1.137e+03 5 0 QUESTION0_19_R 1 1.421e+02 6.900e+01)))
s>            ( QUESTION0_2_R 1 5.838e+03 3.317e+02 2.809e+02
s>                ( - 2.876e+03 2 0)
s>                ( QUESTION0_0_R 1 2.630e+03 2.509e+02 1.344e+02
s>                    ( - 1.280e+03 2 0 QUESTION0 1 1.639e+02 7.391e+01)
s>                    ( - 1.100e+03 4 0 QUESTION0_11_R 1 1.451e+02 6.047e+01)))))INFO: dtree.c(1315): Comp split 1
INFO: dtree.c(1478): Final simple tree
|( QUESTION0_0_R 1 6.340e+03 3.059e+02 3.050e+02
|    ( - 2.876e+03 2 0)
|    ( QUESTION6 1 3.158e+03 2.783e+02 1.585e+02
|        ( QUESTION0_10_R 1 2.195e+03 1.910e+02 1.125e+02
|            ( QUESTION0_11_R 1 1.100e+03 1.451e+02 6.047e+01
|                ( QUESTION0_12_R 1 4.477e+02 8.451e+01 2.993e+01
|                    ( - 1.429e+02 1 0)
|                    ( - 2.202e+02 1 0))
|                ( - 5.068e+02 2 0 QUESTION0 -1 7.856e+01 3.054e+01))
|            ( QUESTION0_19_R 1 9.047e+02 1.359e+02 5.200e+01
|                ( - 2.116e+02 2 0 QUESTION0 -1 4.346e+01 1.700e+01)
|                ( - 5.573e+02 4 0 QUESTION0_18_R 1 8.064e+01 3.500e+01)))
|        ( QUESTION0_16_R 1 6.842e+02 9.415e+01 4.600e+01
|            ( - 2.992e+02 1 0)
|            ( - 2.908e+02 1 0))))
s>    ( QUESTION0_0_R 1 6.340e+03 3.059e+02 3.050e+02
s>        ( - 2.876e+03 2 0)
s>        ( QUESTION6 1 3.158e+03 2.783e+02 1.585e+02
s>            ( QUESTION0_10_R 1 2.195e+03 1.910e+02 1.125e+02
s>                ( QUESTION0_11_R 1 1.100e+03 1.451e+02 6.047e+01
s>                    ( QUESTION0_12_R 1 4.477e+02 8.451e+01 2.993e+01
s>                        ( - 1.429e+02 1 0)
s>                        ( - 2.202e+02 1 0))
s>                    ( - 5.068e+02 2 0 QUESTION0 -1 7.856e+01 3.054e+01))
s>                ( QUESTION0_19_R 1 9.047e+02 1.359e+02 5.200e+01
s>                    ( - 2.116e+02 2 0 QUESTION0 -1 4.346e+01 1.700e+01)
s>                    ( - 5.573e+02 4 0 QUESTION0_18_R 1 8.064e+01 3.500e+01)))
s>            ( QUESTION0_16_R 1 6.842e+02 9.415e+01 4.600e+01
s>                ( - 2.992e+02 1 0)
s>                ( - 2.908e+02 1 0))))INFO: dtree.c(1439): stop. leaf nodes are specific
INFO: dtree.c(1478): Final simple tree
|( QUESTION2 1 1.160e+04 3.620e+02 5.559e+02
|    ( - 7.519e+03 3 0)
|    ( QUESTION4 1 3.720e+03 3.414e+02 1.915e+02
|        ( QUESTION0_0_R 1 9.535e+02 1.380e+02 6.120e+01
|            ( - 2.830e+02 1 0)
|            ( - 5.326e+02 1 0))
|        ( QUESTION0_9_R 1 2.425e+03 2.180e+02 1.303e+02
|            ( - 7.873e+02 1 0)
|            ( QUESTION0_0_R 1 1.419e+03 1.547e+02 8.003e+01
|                ( - 8.329e+02 1 0)
|                ( - 4.317e+02 2 0)))))
s>    ( QUESTION2 1 1.160e+04 3.620e+02 5.559e+02
s>        ( - 7.519e+03 3 0)
s>        ( QUESTION4 1 3.720e+03 3.414e+02 1.915e+02
s>            ( QUESTION0_0_R 1 9.535e+02 1.380e+02 6.120e+01
s>                ( - 2.830e+02 1 0)
s>                ( - 5.326e+02 1 0))
s>            ( QUESTION0_9_R 1 2.425e+03 2.180e+02 1.303e+02
s>                ( - 7.873e+02 1 0)
s>                ( QUESTION0_0_R 1 1.419e+03 1.547e+02 8.003e+01
s>                    ( - 8.329e+02 1 0)
s>                    ( - 4.317e+02 2 0)))))INFO: dtree.c(1315): Comp split 2
INFO: dtree.c(1439): stop. leaf nodes are specific
INFO: dtree.c(1478): Final simple tree
|( QUESTION0_9_R 1 2.425e+03 2.180e+02 1.303e+02
|    ( - 7.873e+02 1 0)
|    ( QUESTION0_0_R 1 1.419e+03 1.547e+02 8.003e+01
|        ( - 8.329e+02 1 0)
|        ( - 4.317e+02 2 0)))
s>    ( QUESTION0_9_R 1 2.425e+03 2.180e+02 1.303e+02
s>        ( - 7.873e+02 1 0)
s>        ( QUESTION0_0_R 1 1.419e+03 1.547e+02 8.003e+01
s>            ( - 8.329e+02 1 0)
s>            ( - 4.317e+02 2 0)))INFO: dtree.c(1439): stop. leaf nodes are specific
INFO: dtree.c(1478): Final simple tree
|( QUESTION0 1 8.766e+03 2.935e+02 4.256e+02
|    ( - 7.519e+03 3 0)
|    ( QUESTION0_0_R 1 9.535e+02 1.380e+02 6.120e+01
|        ( - 2.830e+02 1 0)
|        ( - 5.326e+02 1 0)))
s>    ( QUESTION0 1 8.766e+03 2.935e+02 4.256e+02
s>        ( - 7.519e+03 3 0)
s>        ( QUESTION0_0_R 1 9.535e+02 1.380e+02 6.120e+01
s>            ( - 2.830e+02 1 0)
s>            ( - 5.326e+02 1 0)))INFO: dtree.c(1315): Comp split 3
INFO: dtree.c(1439): stop. leaf nodes are specific
INFO: dtree.c(1478): Final simple tree
|( QUESTION0_16_R 1 9.974e+02 1.174e+02 6.300e+01
|    ( - 2.992e+02 1 0)
|    ( QUESTION0_20_R 1 5.808e+02 7.844e+01 4.000e+01
|        ( - 2.908e+02 1 0)
|        ( QUESTION0 -1 2.116e+02 4.346e+01 1.700e+01
|            ( - 1.398e+02 1 0)
|            ( - 2.830e+01 1 0))))
s>    ( QUESTION0_16_R 1 9.974e+02 1.174e+02 6.300e+01
s>        ( - 2.992e+02 1 0)
s>        ( QUESTION0_20_R 1 5.808e+02 7.844e+01 4.000e+01
s>            ( - 2.908e+02 1 0)
s>            ( QUESTION0 -1 2.116e+02 4.346e+01 1.700e+01
s>                ( - 1.398e+02 1 0)
s>                ( - 2.830e+01 1 0))))INFO: dtree.c(1478): Final simple tree
|( QUESTION0_0_R 1 4.981e+03 2.939e+02 2.420e+02
|    ( - 2.876e+03 2 0)
|    ( QUESTION8 1 1.811e+03 1.709e+02 9.547e+01
|        ( QUESTION0_10_R 1 6.284e+02 1.025e+02 3.900e+01
|            ( - 2.202e+02 1 0)
|            ( - 3.057e+02 2 0 QUESTION0_18_R 1 4.193e+01 2.100e+01))
|        ( QUESTION7 1 1.012e+03 1.212e+02 5.647e+01
|            ( QUESTION0 -1 5.068e+02 7.856e+01 3.054e+01
|                ( - 3.429e+02 1 0)
|                ( - 8.537e+01 1 0))
|            ( QUESTION0_10_R 1 3.840e+02 6.099e+01 2.593e+01
|                ( - 1.429e+02 1 0)
|                ( QUESTION0_14_R 1 1.801e+02 4.352e+01 1.400e+01
|                    ( - 5.235e+01 1 0)
|                    ( - 8.424e+01 1 0))))))
s>    ( QUESTION0_0_R 1 4.981e+03 2.939e+02 2.420e+02
s>        ( - 2.876e+03 2 0)
s>        ( QUESTION8 1 1.811e+03 1.709e+02 9.547e+01
s>            ( QUESTION0_10_R 1 6.284e+02 1.025e+02 3.900e+01
s>                ( - 2.202e+02 1 0)
s>                ( - 3.057e+02 2 0 QUESTION0_18_R 1 4.193e+01 2.100e+01))
s>            ( QUESTION7 1 1.012e+03 1.212e+02 5.647e+01
s>                ( QUESTION0 -1 5.068e+02 7.856e+01 3.054e+01
s>                    ( - 3.429e+02 1 0)
s>                    ( - 8.537e+01 1 0))
s>                ( QUESTION0_10_R 1 3.840e+02 6.099e+01 2.593e+01
s>                    ( - 1.429e+02 1 0)
s>                    ( QUESTION0_14_R 1 1.801e+02 4.352e+01 1.400e+01
s>                        ( - 5.235e+01 1 0)
s>                        ( - 8.424e+01 1 0))))))INFO: dtree.c(1315): Comp split 4
INFO: dtree.c(1478): Final simple tree
|( QUESTION8 1 1.811e+03 1.709e+02 9.547e+01
|    ( QUESTION0_10_R 1 6.284e+02 1.025e+02 3.900e+01
|        ( - 2.202e+02 1 0)
|        ( QUESTION0_18_R 1 3.057e+02 4.193e+01 2.100e+01
|            ( - 3.357e+01 1 0)
|            ( - 2.302e+02 1 0)))
|    ( QUESTION7 1 1.012e+03 1.212e+02 5.647e+01
|        ( QUESTION0 -1 5.068e+02 7.856e+01 3.054e+01
|            ( - 3.429e+02 1 0)
|            ( - 8.537e+01 1 0))
|        ( QUESTION0_10_R 1 3.840e+02 6.099e+01 2.593e+01
|            ( - 1.429e+02 1 0)
|            ( QUESTION0_14_R 1 1.801e+02 4.352e+01 1.400e+01
|                ( - 5.235e+01 1 0)
|                ( - 8.424e+01 1 0)))))
s>    ( QUESTION8 1 1.811e+03 1.709e+02 9.547e+01
s>        ( QUESTION0_10_R 1 6.284e+02 1.025e+02 3.900e+01
s>            ( - 2.202e+02 1 0)
s>            ( QUESTION0_18_R 1 3.057e+02 4.193e+01 2.100e+01
s>                ( - 3.357e+01 1 0)
s>                ( - 2.302e+02 1 0)))
s>        ( QUESTION7 1 1.012e+03 1.212e+02 5.647e+01
s>            ( QUESTION0 -1 5.068e+02 7.856e+01 3.054e+01
s>                ( - 3.429e+02 1 0)
s>                ( - 8.537e+01 1 0))
s>            ( QUESTION0_10_R 1 3.840e+02 6.099e+01 2.593e+01
s>                ( - 1.429e+02 1 0)
s>                ( QUESTION0_14_R 1 1.801e+02 4.352e+01 1.400e+01
s>                    ( - 5.235e+01 1 0)
s>                    ( - 8.424e+01 1 0)))))INFO: dtree.c(1315): Comp split 5
INFO: dtree.c(1439): stop. leaf nodes are specific
INFO: dtree.c(1478): Final simple tree
|( QUESTION0_0_R 1 9.535e+02 1.380e+02 6.120e+01
|    ( - 2.830e+02 1 0)
|    ( - 5.326e+02 1 0))
s>    ( QUESTION0_0_R 1 9.535e+02 1.380e+02 6.120e+01
s>        ( - 2.830e+02 1 0)
s>        ( - 5.326e+02 1 0))INFO: dtree.c(1315): Comp split 6
INFO: dtree.c(1439): stop. leaf nodes are specific
INFO: dtree.c(1478): Final simple tree
|( QUESTION0_0_R 1 1.419e+03 1.547e+02 8.003e+01
|    ( - 8.329e+02 1 0)
|    ( - 4.317e+02 2 0))
s>    ( QUESTION0_0_R 1 1.419e+03 1.547e+02 8.003e+01
s>        ( - 8.329e+02 1 0)
s>        ( - 4.317e+02 2 0))INFO: dtree.c(1315): Comp split 7
INFO: dtree.c(1439): stop. leaf nodes are specific
INFO: dtree.c(1478): Final simple tree
|( QUESTION0 -1 6.247e+02 8.462e+01 3.654e+01
|    ( QUESTION0_10_R 1 4.547e+02 5.947e+01 2.854e+01
|        ( - 3.429e+02 1 0)
|        ( - 5.235e+01 1 0))
|    ( - 8.537e+01 1 0))
s>    ( QUESTION0 -1 6.247e+02 8.462e+01 3.654e+01
s>        ( QUESTION0_10_R 1 4.547e+02 5.947e+01 2.854e+01
s>            ( - 3.429e+02 1 0)
s>            ( - 5.235e+01 1 0))
s>        ( - 8.537e+01 1 0))INFO: dtree.c(1439): stop. leaf nodes are specific
INFO: dtree.c(1478): Final simple tree
|( QUESTION0_10_R 1 1.007e+03 1.125e+02 5.893e+01
|    ( QUESTION0_12_R 1 4.477e+02 8.451e+01 2.993e+01
|        ( - 1.429e+02 1 0)
|        ( - 2.202e+02 1 0))
|    ( QUESTION0_18_R 1 4.466e+02 7.058e+01 2.900e+01
|        ( QUESTION7 1 1.458e+02 2.798e+01 1.200e+01
|            ( - 3.357e+01 1 0)
|            ( - 8.424e+01 1 0))
|        ( - 2.302e+02 1 0)))
s>    ( QUESTION0_10_R 1 1.007e+03 1.125e+02 5.893e+01
s>        ( QUESTION0_12_R 1 4.477e+02 8.451e+01 2.993e+01
s>            ( - 1.429e+02 1 0)
s>            ( - 2.202e+02 1 0))
s>        ( QUESTION0_18_R 1 4.466e+02 7.058e+01 2.900e+01
s>            ( QUESTION7 1 1.458e+02 2.798e+01 1.200e+01
s>                ( - 3.357e+01 1 0)
s>                ( - 8.424e+01 1 0))
s>            ( - 2.302e+02 1 0)))INFO: dtree.c(1315): Comp split 8
INFO: dtree.c(1315): Comp split 9
INFO: dtree.c(1315): Comp split 10
INFO: dtree.c(1439): stop. leaf nodes are specific
INFO: dtree.c(1478): Final simple tree
|( QUESTION7 1 6.579e+02 7.851e+01 4.093e+01
|    ( QUESTION0_18_R 1 3.057e+02 4.193e+01 2.100e+01
|        ( - 3.357e+01 1 0)
|        ( - 2.302e+02 1 0))
|    ( QUESTION0_10_R 1 2.737e+02 4.655e+01 1.993e+01
|        ( - 1.429e+02 1 0)
|        ( - 8.424e+01 1 0)))
s>    ( QUESTION7 1 6.579e+02 7.851e+01 4.093e+01
s>        ( QUESTION0_18_R 1 3.057e+02 4.193e+01 2.100e+01
s>            ( - 3.357e+01 1 0)
s>            ( - 2.302e+02 1 0))
s>        ( QUESTION0_10_R 1 2.737e+02 4.655e+01 1.993e+01
s>            ( - 1.429e+02 1 0)
s>            ( - 8.424e+01 1 0)))INFO: dtree.c(1315): Comp split 11
INFO: dtree.c(1439): stop. leaf nodes are specific
INFO: dtree.c(1478): Final simple tree
|( QUESTION0_20_R 1 4.963e+02 6.570e+01 3.600e+01
|    ( - 2.908e+02 1 0)
|    ( - 1.398e+02 1 0))
s>    ( QUESTION0_20_R 1 4.963e+02 6.570e+01 3.600e+01
s>        ( - 2.908e+02 1 0)
s>        ( - 1.398e+02 1 0))INFO: dtree.c(1439): stop. leaf nodes are specific
INFO: dtree.c(1478): Final simple tree
|( QUESTION0_16_R 1 3.793e+02 5.182e+01 2.700e+01
|    ( - 2.992e+02 1 0)
|    ( - 2.830e+01 1 0))
s>    ( QUESTION0_16_R 1 3.793e+02 5.182e+01 2.700e+01
s>        ( - 2.992e+02 1 0)
s>        ( - 2.830e+01 1 0))INFO: dtree.c(1315): Comp split 12
INFO: dtree.c(1439): stop. leaf nodes are specific
INFO: dtree.c(1478): Final simple tree
|( QUESTION0_10_R 1 1.879e+02 5.022e+01 1.400e+01
|    ( - 8.537e+01 1 0)
|    ( - 5.235e+01 1 0))
s>    ( QUESTION0_10_R 1 1.879e+02 5.022e+01 1.400e+01
s>        ( - 8.537e+01 1 0)
s>        ( - 5.235e+01 1 0))INFO: dtree.c(1315): Comp split 13
INFO: dtree.c(1439): stop. leaf nodes are specific
INFO: dtree.c(1478): Final simple tree
|( QUESTION0_10_R 1 3.395e+02 5.083e+01 2.393e+01
|    ( - 1.429e+02 1 0)
|    ( QUESTION7 1 1.458e+02 2.798e+01 1.200e+01
|        ( - 3.357e+01 1 0)
|        ( - 8.424e+01 1 0)))
s>    ( QUESTION0_10_R 1 3.395e+02 5.083e+01 2.393e+01
s>        ( - 1.429e+02 1 0)
s>        ( QUESTION7 1 1.458e+02 2.798e+01 1.200e+01
s>            ( - 3.357e+01 1 0)
s>            ( - 8.424e+01 1 0)))INFO: dtree.c(1315): Comp split 14
INFO: dtree.c(1315): Comp split 15
INFO: dtree.c(1315): Comp split 16
INFO: dtree.c(1439): stop. leaf nodes are specific
INFO: dtree.c(1478): Final simple tree
|( QUESTION7 1 1.458e+02 2.798e+01 1.200e+01
|    ( - 3.357e+01 1 0)
|    ( - 8.424e+01 1 0))
s>    ( QUESTION7 1 1.458e+02 2.798e+01 1.200e+01
s>        ( - 3.357e+01 1 0)
s>        ( - 8.424e+01 1 0))INFO: dtree.c(1315): Comp split 17
INFO: dtree.c(1315): Comp split 18
INFO: dtree.c(1315): Comp split 19
INFO: dtree.c(1318): stop. leaf nodes are specific
Mon May 23 22:39:47 2022
