Current configuration:
[NAME]		[DEFLT]	[VALUE]
-allphones	no	no
-cntthresh	0.00001	1.000000e-05
-csplitmax	100	2000
-csplitmin	1	1
-csplitthr	8e-4	0.000000e+00
-example	no	no
-fullvar	no	no
-help		no	no
-meanfn			
-mixwfn			/home/rakha/Kuliah/Semester8/nlp/speech-sphinx/train-new-model/an4-master/model_parameters/an4.cd_ptm_untied/mixture_weights
-moddeffn		/home/rakha/Kuliah/Semester8/nlp/speech-sphinx/train-new-model/an4-master/model_architecture/an4.untied.mdef
-mwfloor	1e-4	1.000000e-08
-phone			EY
-psetfn			/home/rakha/Kuliah/Semester8/nlp/speech-sphinx/train-new-model/an4-master/model_architecture/an4.tree_questions
-ssplitmax	5	7
-ssplitmin	1	1
-ssplitthr	8e-4	0.000000e+00
-state			0
-stwt			1.0,0.05,0.0,
-treefn			/home/rakha/Kuliah/Semester8/nlp/speech-sphinx/train-new-model/an4-master/trees/an4.unpruned/EY-0.dtree
-ts2cbfn	.semi.	.semi.
-varfloor	0.00001	1.000000e-05
-varfn			

INFO: main.c(223): Reading: /home/rakha/Kuliah/Semester8/nlp/speech-sphinx/train-new-model/an4-master/model_architecture/an4.untied.mdef
INFO: model_def_io.c(573): Model definition info:
INFO: model_def_io.c(574): 1618 total models defined (34 base, 1584 tri)
INFO: model_def_io.c(575): 6472 total states
INFO: model_def_io.c(576): 4854 total tied states
INFO: model_def_io.c(577): 102 total tied CI states
INFO: model_def_io.c(578): 34 total tied transition matrices
INFO: model_def_io.c(579): 4 max state/model
INFO: model_def_io.c(580): 4 min state/model
INFO: main.c(242): Building trees for [EY AH CH b] through [EY V T b]
INFO: main.c(269): Covering states |[1326 1535]| == 210
INFO: main.c(275): Reading: /home/rakha/Kuliah/Semester8/nlp/speech-sphinx/train-new-model/an4-master/model_parameters/an4.cd_ptm_untied/mixture_weights
INFO: s3mixw_io.c(173): Read /home/rakha/Kuliah/Semester8/nlp/speech-sphinx/train-new-model/an4-master/model_parameters/an4.cd_ptm_untied/mixture_weights [210x4x64 array]
INFO: main.c(311): 70 of 70 models have observation count greater than 0.000010
INFO: main.c(95): nrm stwt: 0.952 0.048 0.000 
INFO: main.c(411): 70-class entropy: 5.363287e+04
INFO: main.c(549): Reading: /home/rakha/Kuliah/Semester8/nlp/speech-sphinx/train-new-model/an4-master/model_architecture/an4.tree_questions
INFO: main.c(588): 180 total simple questions (172 phone; 8 word bndry)
INFO: main.c(590): 42 Left Only questions, and 42 Right Only questions
INFO: dtree.c(1478): Final simple tree
|( WDBNDRY_B 0 6.933e+04 2.227e+03 3.124e+03
|    ( QUESTION1 -1 5.378e+04 1.189e+03 2.466e+03
|        ( QUESTION0_11_R 1 2.232e+04 5.959e+02 1.046e+03
|            ( - 1.494e+04 2 0)
|            ( - 6.787e+03 2 0))
|        ( QUESTION0 -1 3.027e+04 6.889e+02 1.420e+03
|            ( QUESTION2_0_L -1 8.756e+03 4.403e+02 4.281e+02
|                ( - 5.593e+03 6 0 QUESTION0_11_R 1 2.443e+02 2.851e+02)
|                ( - 2.723e+03 3 0 QUESTION2_12_L -1 2.752e+02 1.430e+02))
|            ( QUESTION17 -1 2.083e+04 5.048e+02 9.920e+02
|                ( - 2.518e+03 1 0)
|                ( - 1.781e+04 18 0 SILENCE -1 4.262e+02 8.508e+02))))
|    ( QUESTION7 -1 1.332e+04 9.911e+02 6.576e+02
|        ( - 7.201e+03 19 0 QUESTION0 1 2.280e+02 3.821e+02)
|        ( - 5.129e+03 19 0 WDBNDRY_E 0 3.533e+02 2.756e+02)))
s>    ( WDBNDRY_B 0 6.933e+04 2.227e+03 3.124e+03
s>        ( QUESTION1 -1 5.378e+04 1.189e+03 2.466e+03
s>            ( QUESTION0_11_R 1 2.232e+04 5.959e+02 1.046e+03
s>                ( - 1.494e+04 2 0)
s>                ( - 6.787e+03 2 0))
s>            ( QUESTION0 -1 3.027e+04 6.889e+02 1.420e+03
s>                ( QUESTION2_0_L -1 8.756e+03 4.403e+02 4.281e+02
s>                    ( - 5.593e+03 6 0 QUESTION0_11_R 1 2.443e+02 2.851e+02)
s>                    ( - 2.723e+03 3 0 QUESTION2_12_L -1 2.752e+02 1.430e+02))
s>                ( QUESTION17 -1 2.083e+04 5.048e+02 9.920e+02
s>                    ( - 2.518e+03 1 0)
s>                    ( - 1.781e+04 18 0 SILENCE -1 4.262e+02 8.508e+02))))
s>        ( QUESTION7 -1 1.332e+04 9.911e+02 6.576e+02
s>            ( - 7.201e+03 19 0 QUESTION0 1 2.280e+02 3.821e+02)
s>            ( - 5.129e+03 19 0 WDBNDRY_E 0 3.533e+02 2.756e+02)))INFO: dtree.c(1315): Comp split 0
INFO: dtree.c(1478): Final simple tree
|( QUESTION1 -1 5.378e+04 1.189e+03 2.466e+03
|    ( QUESTION0_11_R 1 2.232e+04 5.959e+02 1.046e+03
|        ( - 1.494e+04 2 0)
|        ( - 6.787e+03 2 0))
|    ( QUESTION0 -1 3.027e+04 6.889e+02 1.420e+03
|        ( QUESTION2_0_L -1 8.756e+03 4.403e+02 4.281e+02
|            ( - 5.593e+03 6 0 QUESTION0_11_R 1 2.443e+02 2.851e+02)
|            ( - 2.723e+03 3 0 QUESTION2_12_L -1 2.752e+02 1.430e+02))
|        ( QUESTION17 -1 2.083e+04 5.048e+02 9.920e+02
|            ( - 2.518e+03 1 0)
|            ( SILENCE -1 1.781e+04 4.262e+02 8.508e+02
|                ( - 4.231e+03 3 0 QUESTION7 1 2.287e+02 2.303e+02)
|                ( QUESTION6 -1 1.315e+04 3.713e+02 6.205e+02
|                    ( - 1.926e+03 4 0 QUESTION0_11_R 1 1.839e+02 1.024e+02)
|                    ( - 1.085e+04 11 0 QUESTION2_1_L -1 3.454e+02 5.181e+02))))))
s>    ( QUESTION1 -1 5.378e+04 1.189e+03 2.466e+03
s>        ( QUESTION0_11_R 1 2.232e+04 5.959e+02 1.046e+03
s>            ( - 1.494e+04 2 0)
s>            ( - 6.787e+03 2 0))
s>        ( QUESTION0 -1 3.027e+04 6.889e+02 1.420e+03
s>            ( QUESTION2_0_L -1 8.756e+03 4.403e+02 4.281e+02
s>                ( - 5.593e+03 6 0 QUESTION0_11_R 1 2.443e+02 2.851e+02)
s>                ( - 2.723e+03 3 0 QUESTION2_12_L -1 2.752e+02 1.430e+02))
s>            ( QUESTION17 -1 2.083e+04 5.048e+02 9.920e+02
s>                ( - 2.518e+03 1 0)
s>                ( SILENCE -1 1.781e+04 4.262e+02 8.508e+02
s>                    ( - 4.231e+03 3 0 QUESTION7 1 2.287e+02 2.303e+02)
s>                    ( QUESTION6 -1 1.315e+04 3.713e+02 6.205e+02
s>                        ( - 1.926e+03 4 0 QUESTION0_11_R 1 1.839e+02 1.024e+02)
s>                        ( - 1.085e+04 11 0 QUESTION2_1_L -1 3.454e+02 5.181e+02))))))INFO: dtree.c(1478): Final simple tree
|( QUESTION7 -1 1.332e+04 9.911e+02 6.576e+02
|    ( QUESTION0 1 7.201e+03 2.280e+02 3.821e+02
|        ( QUESTION1 1 2.604e+03 1.867e+02 1.452e+02
|            ( - 1.208e+03 3 0 QUESTION0_0_R 1 1.133e+02 7.419e+01)
|            ( - 1.210e+03 5 0 QUESTION0_0_R 1 1.264e+02 7.097e+01))
|        ( QUESTION16 1 4.369e+03 2.044e+02 2.369e+02
|            ( - 9.576e+02 2 0 QUESTION0_0_R 1 6.123e+01 5.945e+01)
|            ( - 3.207e+03 9 0 QUESTION0_7_R 1 1.732e+02 1.774e+02)))
|    ( WDBNDRY_E 0 5.129e+03 3.533e+02 2.756e+02
|        ( QUESTION0_8_R 1 3.644e+03 3.201e+02 1.942e+02
|            ( QUESTION2 1 1.106e+03 1.807e+02 6.269e+01
|                ( - 5.149e+02 1 0)
|                ( - 4.108e+02 3 0 QUESTION0 1 8.175e+01 2.869e+01))
|            ( - 2.217e+03 14 0 QUESTION0_13_R 1 1.676e+02 1.315e+02))
|        ( - 1.132e+03 1 0)))
s>    ( QUESTION7 -1 1.332e+04 9.911e+02 6.576e+02
s>        ( QUESTION0 1 7.201e+03 2.280e+02 3.821e+02
s>            ( QUESTION1 1 2.604e+03 1.867e+02 1.452e+02
s>                ( - 1.208e+03 3 0 QUESTION0_0_R 1 1.133e+02 7.419e+01)
s>                ( - 1.210e+03 5 0 QUESTION0_0_R 1 1.264e+02 7.097e+01))
s>            ( QUESTION16 1 4.369e+03 2.044e+02 2.369e+02
s>                ( - 9.576e+02 2 0 QUESTION0_0_R 1 6.123e+01 5.945e+01)
s>                ( - 3.207e+03 9 0 QUESTION0_7_R 1 1.732e+02 1.774e+02)))
s>        ( WDBNDRY_E 0 5.129e+03 3.533e+02 2.756e+02
s>            ( QUESTION0_8_R 1 3.644e+03 3.201e+02 1.942e+02
s>                ( QUESTION2 1 1.106e+03 1.807e+02 6.269e+01
s>                    ( - 5.149e+02 1 0)
s>                    ( - 4.108e+02 3 0 QUESTION0 1 8.175e+01 2.869e+01))
s>                ( - 2.217e+03 14 0 QUESTION0_13_R 1 1.676e+02 1.315e+02))
s>            ( - 1.132e+03 1 0)))INFO: dtree.c(1315): Comp split 1
INFO: dtree.c(1478): Final simple tree
|( QUESTION0 -1 3.027e+04 6.889e+02 1.420e+03
|    ( QUESTION2_0_L -1 8.756e+03 4.403e+02 4.281e+02
|        ( - 5.593e+03 6 0 QUESTION0_11_R 1 2.443e+02 2.851e+02)
|        ( QUESTION2_12_L -1 2.723e+03 2.752e+02 1.430e+02
|            ( - 1.998e+03 2 0 QUESTION0_11_R 1 2.254e+02 1.139e+02)
|            ( - 4.500e+02 1 0)))
|    ( QUESTION17 -1 2.083e+04 5.048e+02 9.920e+02
|        ( - 2.518e+03 1 0)
|        ( SILENCE -1 1.781e+04 4.262e+02 8.508e+02
|            ( - 4.231e+03 3 0 QUESTION7 1 2.287e+02 2.303e+02)
|            ( QUESTION6 -1 1.315e+04 3.713e+02 6.205e+02
|                ( - 1.926e+03 4 0 QUESTION0_11_R 1 1.839e+02 1.024e+02)
|                ( QUESTION2_1_L -1 1.085e+04 3.454e+02 5.181e+02
|                    ( - 4.815e+03 4 0 QUESTION0_11_R 1 2.636e+02 2.425e+02)
|                    ( - 5.693e+03 7 0 QUESTION4 -1 2.625e+02 2.756e+02))))))
s>    ( QUESTION0 -1 3.027e+04 6.889e+02 1.420e+03
s>        ( QUESTION2_0_L -1 8.756e+03 4.403e+02 4.281e+02
s>            ( - 5.593e+03 6 0 QUESTION0_11_R 1 2.443e+02 2.851e+02)
s>            ( QUESTION2_12_L -1 2.723e+03 2.752e+02 1.430e+02
s>                ( - 1.998e+03 2 0 QUESTION0_11_R 1 2.254e+02 1.139e+02)
s>                ( - 4.500e+02 1 0)))
s>        ( QUESTION17 -1 2.083e+04 5.048e+02 9.920e+02
s>            ( - 2.518e+03 1 0)
s>            ( SILENCE -1 1.781e+04 4.262e+02 8.508e+02
s>                ( - 4.231e+03 3 0 QUESTION7 1 2.287e+02 2.303e+02)
s>                ( QUESTION6 -1 1.315e+04 3.713e+02 6.205e+02
s>                    ( - 1.926e+03 4 0 QUESTION0_11_R 1 1.839e+02 1.024e+02)
s>                    ( QUESTION2_1_L -1 1.085e+04 3.454e+02 5.181e+02
s>                        ( - 4.815e+03 4 0 QUESTION0_11_R 1 2.636e+02 2.425e+02)
s>                        ( - 5.693e+03 7 0 QUESTION4 -1 2.625e+02 2.756e+02))))))INFO: dtree.c(1439): stop. leaf nodes are specific
INFO: dtree.c(1478): Final simple tree
|( QUESTION0_11_R 1 2.232e+04 5.959e+02 1.046e+03
|    ( - 1.494e+04 2 0)
|    ( - 6.787e+03 2 0))
s>    ( QUESTION0_11_R 1 2.232e+04 5.959e+02 1.046e+03
s>        ( - 1.494e+04 2 0)
s>        ( - 6.787e+03 2 0))INFO: dtree.c(1315): Comp split 2
INFO: dtree.c(1478): Final simple tree
|( QUESTION7 -1 8.064e+03 3.481e+02 4.161e+02
|    ( QUESTION0 1 7.201e+03 2.280e+02 3.821e+02
|        ( QUESTION1 1 2.604e+03 1.867e+02 1.452e+02
|            ( - 1.208e+03 3 0 QUESTION0_0_R 1 1.133e+02 7.419e+01)
|            ( QUESTION0_0_R 1 1.210e+03 1.264e+02 7.097e+01
|                ( - 3.793e+02 2 0)
|                ( - 7.039e+02 3 0)))
|        ( QUESTION16 1 4.369e+03 2.044e+02 2.369e+02
|            ( - 9.576e+02 2 0 QUESTION0_0_R 1 6.123e+01 5.945e+01)
|            ( QUESTION0_7_R 1 3.207e+03 1.732e+02 1.774e+02
|                ( QUESTION7 1 1.950e+03 1.316e+02 1.121e+02
|                    ( - 1.068e+03 3 0 QUESTION8 1 1.030e+02 6.421e+01)
|                    ( - 7.502e+02 4 0 QUESTION11 1 8.962e+01 4.785e+01))
|                ( - 1.084e+03 2 0 SILENCE 1 8.449e+01 6.539e+01))))
|    ( - 5.149e+02 1 0))
s>    ( QUESTION7 -1 8.064e+03 3.481e+02 4.161e+02
s>        ( QUESTION0 1 7.201e+03 2.280e+02 3.821e+02
s>            ( QUESTION1 1 2.604e+03 1.867e+02 1.452e+02
s>                ( - 1.208e+03 3 0 QUESTION0_0_R 1 1.133e+02 7.419e+01)
s>                ( QUESTION0_0_R 1 1.210e+03 1.264e+02 7.097e+01
s>                    ( - 3.793e+02 2 0)
s>                    ( - 7.039e+02 3 0)))
s>            ( QUESTION16 1 4.369e+03 2.044e+02 2.369e+02
s>                ( - 9.576e+02 2 0 QUESTION0_0_R 1 6.123e+01 5.945e+01)
s>                ( QUESTION0_7_R 1 3.207e+03 1.732e+02 1.774e+02
s>                    ( QUESTION7 1 1.950e+03 1.316e+02 1.121e+02
s>                        ( - 1.068e+03 3 0 QUESTION8 1 1.030e+02 6.421e+01)
s>                        ( - 7.502e+02 4 0 QUESTION11 1 8.962e+01 4.785e+01))
s>                    ( - 1.084e+03 2 0 SILENCE 1 8.449e+01 6.539e+01))))
s>        ( - 5.149e+02 1 0))INFO: dtree.c(1478): Final simple tree
|( QUESTION0_8_R 1 4.243e+03 3.074e+02 2.416e+02
|    ( WDBNDRY_E 0 1.718e+03 1.757e+02 1.101e+02
|        ( - 4.108e+02 3 0 QUESTION0 1 8.175e+01 2.869e+01)
|        ( - 1.132e+03 1 0))
|    ( QUESTION0_13_R 1 2.217e+03 1.676e+02 1.315e+02
|        ( QUESTION0_16_R 1 8.103e+02 1.054e+02 5.036e+01
|            ( - 3.548e+02 4 0 QUESTION0_18_R 1 7.455e+01 2.594e+01)
|            ( - 3.500e+02 2 0 QUESTION0_14_R 1 5.898e+01 2.442e+01))
|        ( QUESTION0 1 1.239e+03 1.393e+02 8.115e+01
|            ( QUESTION0_1_R 1 6.185e+02 8.525e+01 4.537e+01
|                ( - 1.564e+02 1 0)
|                ( - 3.769e+02 1 0))
|            ( QUESTION0_11_R 1 4.814e+02 9.335e+01 3.578e+01
|                ( - 1.943e+02 2 0 QUESTION0_12_R 1 4.336e+01 1.487e+01)
|                ( - 1.938e+02 4 0 QUESTION0_2_R 1 4.584e+01 2.091e+01)))))
s>    ( QUESTION0_8_R 1 4.243e+03 3.074e+02 2.416e+02
s>        ( WDBNDRY_E 0 1.718e+03 1.757e+02 1.101e+02
s>            ( - 4.108e+02 3 0 QUESTION0 1 8.175e+01 2.869e+01)
s>            ( - 1.132e+03 1 0))
s>        ( QUESTION0_13_R 1 2.217e+03 1.676e+02 1.315e+02
s>            ( QUESTION0_16_R 1 8.103e+02 1.054e+02 5.036e+01
s>                ( - 3.548e+02 4 0 QUESTION0_18_R 1 7.455e+01 2.594e+01)
s>                ( - 3.500e+02 2 0 QUESTION0_14_R 1 5.898e+01 2.442e+01))
s>            ( QUESTION0 1 1.239e+03 1.393e+02 8.115e+01
s>                ( QUESTION0_1_R 1 6.185e+02 8.525e+01 4.537e+01
s>                    ( - 1.564e+02 1 0)
s>                    ( - 3.769e+02 1 0))
s>                ( QUESTION0_11_R 1 4.814e+02 9.335e+01 3.578e+01
s>                    ( - 1.943e+02 2 0 QUESTION0_12_R 1 4.336e+01 1.487e+01)
s>                    ( - 1.938e+02 4 0 QUESTION0_2_R 1 4.584e+01 2.091e+01)))))INFO: dtree.c(1315): Comp split 3
INFO: dtree.c(1478): Final simple tree
|( SILENCE -1 1.855e+04 4.470e+02 8.799e+02
|    ( QUESTION7 1 4.231e+03 2.287e+02 2.303e+02
|        ( - 1.128e+03 1 0)
|        ( - 2.874e+03 2 0 QUESTION0_10_R 1 6.754e+01 1.593e+02))
|    ( QUESTION6 -1 1.387e+04 3.797e+02 6.496e+02
|        ( - 1.926e+03 4 0 QUESTION0_11_R 1 1.839e+02 1.024e+02)
|        ( QUESTION2_2_L -1 1.157e+04 3.664e+02 5.472e+02
|            ( QUESTION4 -1 5.693e+03 2.625e+02 2.756e+02
|                ( QUESTION0_11_R 1 3.514e+03 2.219e+02 1.755e+02
|                    ( - 4.191e+02 1 0)
|                    ( - 2.873e+03 1 0))
|                ( - 1.916e+03 5 0 QUESTION2_5_L -1 2.057e+02 1.002e+02))
|            ( QUESTION0_11_R 1 5.507e+03 3.009e+02 2.716e+02
|                ( - 1.920e+03 3 0 QUESTION0 -1 2.048e+02 1.011e+02)
|                ( - 3.285e+03 2 0)))))
s>    ( SILENCE -1 1.855e+04 4.470e+02 8.799e+02
s>        ( QUESTION7 1 4.231e+03 2.287e+02 2.303e+02
s>            ( - 1.128e+03 1 0)
s>            ( - 2.874e+03 2 0 QUESTION0_10_R 1 6.754e+01 1.593e+02))
s>        ( QUESTION6 -1 1.387e+04 3.797e+02 6.496e+02
s>            ( - 1.926e+03 4 0 QUESTION0_11_R 1 1.839e+02 1.024e+02)
s>            ( QUESTION2_2_L -1 1.157e+04 3.664e+02 5.472e+02
s>                ( QUESTION4 -1 5.693e+03 2.625e+02 2.756e+02
s>                    ( QUESTION0_11_R 1 3.514e+03 2.219e+02 1.755e+02
s>                        ( - 4.191e+02 1 0)
s>                        ( - 2.873e+03 1 0))
s>                    ( - 1.916e+03 5 0 QUESTION2_5_L -1 2.057e+02 1.002e+02))
s>                ( QUESTION0_11_R 1 5.507e+03 3.009e+02 2.716e+02
s>                    ( - 1.920e+03 3 0 QUESTION0 -1 2.048e+02 1.011e+02)
s>                    ( - 3.285e+03 2 0)))))INFO: dtree.c(1439): stop. leaf nodes are specific
INFO: dtree.c(1478): Final simple tree
|( QUESTION2_0_L -1 1.085e+04 4.925e+02 5.402e+02
|    ( QUESTION0_11_R 1 5.593e+03 2.443e+02 2.851e+02
|        ( - 7.008e+02 3 0)
|        ( - 4.648e+03 3 0))
|    ( QUESTION0_11_R 1 4.763e+03 2.723e+02 2.551e+02
|        ( - 1.138e+03 1 0)
|        ( QUESTION0 -1 3.352e+03 2.003e+02 1.872e+02
|            ( - 6.342e+02 1 0)
|            ( - 2.518e+03 1 0))))
s>    ( QUESTION2_0_L -1 1.085e+04 4.925e+02 5.402e+02
s>        ( QUESTION0_11_R 1 5.593e+03 2.443e+02 2.851e+02
s>            ( - 7.008e+02 3 0)
s>            ( - 4.648e+03 3 0))
s>        ( QUESTION0_11_R 1 4.763e+03 2.723e+02 2.551e+02
s>            ( - 1.138e+03 1 0)
s>            ( QUESTION0 -1 3.352e+03 2.003e+02 1.872e+02
s>                ( - 6.342e+02 1 0)
s>                ( - 2.518e+03 1 0))))INFO: dtree.c(1315): Comp split 4
INFO: dtree.c(1315): Comp split 5
INFO: dtree.c(1439): stop. leaf nodes are specific
INFO: dtree.c(1478): Final simple tree
|( QUESTION0_11_R 1 4.763e+03 2.723e+02 2.551e+02
|    ( - 1.138e+03 1 0)
|    ( QUESTION0 -1 3.352e+03 2.003e+02 1.872e+02
|        ( - 6.342e+02 1 0)
|        ( - 2.518e+03 1 0)))
s>    ( QUESTION0_11_R 1 4.763e+03 2.723e+02 2.551e+02
s>        ( - 1.138e+03 1 0)
s>        ( QUESTION0 -1 3.352e+03 2.003e+02 1.872e+02
s>            ( - 6.342e+02 1 0)
s>            ( - 2.518e+03 1 0)))INFO: dtree.c(1439): stop. leaf nodes are specific
INFO: dtree.c(1478): Final simple tree
|( QUESTION0_11_R 1 5.593e+03 2.443e+02 2.851e+02
|    ( - 7.008e+02 3 0)
|    ( - 4.648e+03 3 0))
s>    ( QUESTION0_11_R 1 5.593e+03 2.443e+02 2.851e+02
s>        ( - 7.008e+02 3 0)
s>        ( - 4.648e+03 3 0))INFO: dtree.c(1315): Comp split 6
INFO: dtree.c(1478): Final simple tree
|( QUESTION0_11_R 1 8.309e+03 3.223e+02 4.007e+02
|    ( QUESTION4 -1 2.916e+03 2.444e+02 1.471e+02
|        ( QUESTION2_1_L -1 1.854e+03 1.697e+02 1.010e+02
|            ( - 1.266e+03 2 0)
|            ( - 4.191e+02 1 0))
|        ( QUESTION0 -1 8.175e+02 1.329e+02 4.610e+01
|            ( - 4.500e+02 1 0)
|            ( - 2.346e+02 2 0 QUESTION2_9_L -1 3.426e+01 1.700e+01)))
|    ( QUESTION2_6_L -1 5.071e+03 2.323e+02 2.536e+02
|        ( QUESTION2_9_L -1 7.716e+02 8.374e+01 4.561e+01
|            ( - 6.128e+01 1 0)
|            ( - 6.265e+02 1 0))
|        ( QUESTION4 -1 4.067e+03 1.815e+02 2.080e+02
|            ( - 3.285e+03 2 0)
|            ( - 5.997e+02 1 0))))
s>    ( QUESTION0_11_R 1 8.309e+03 3.223e+02 4.007e+02
s>        ( QUESTION4 -1 2.916e+03 2.444e+02 1.471e+02
s>            ( QUESTION2_1_L -1 1.854e+03 1.697e+02 1.010e+02
s>                ( - 1.266e+03 2 0)
s>                ( - 4.191e+02 1 0))
s>            ( QUESTION0 -1 8.175e+02 1.329e+02 4.610e+01
s>                ( - 4.500e+02 1 0)
s>                ( - 2.346e+02 2 0 QUESTION2_9_L -1 3.426e+01 1.700e+01)))
s>        ( QUESTION2_6_L -1 5.071e+03 2.323e+02 2.536e+02
s>            ( QUESTION2_9_L -1 7.716e+02 8.374e+01 4.561e+01
s>                ( - 6.128e+01 1 0)
s>                ( - 6.265e+02 1 0))
s>            ( QUESTION4 -1 4.067e+03 1.815e+02 2.080e+02
s>                ( - 3.285e+03 2 0)
s>                ( - 5.997e+02 1 0))))INFO: dtree.c(1478): Final simple tree
|( SILENCE -1 9.772e+03 4.193e+02 4.792e+02
|    ( QUESTION7 1 4.231e+03 2.287e+02 2.303e+02
|        ( - 1.128e+03 1 0)
|        ( QUESTION0_10_R 1 2.874e+03 6.754e+01 1.593e+02
|            ( - 2.758e+03 1 0)
|            ( - 4.804e+01 1 0)))
|    ( QUESTION7 -1 5.122e+03 3.263e+02 2.488e+02
|        ( QUESTION0_11_R 1 1.720e+03 1.439e+02 9.336e+01
|            ( - 1.710e+02 1 0)
|            ( QUESTION8 -1 1.405e+03 1.192e+02 7.736e+01
|                ( - 9.392e+01 1 0)
|                ( - 1.192e+03 1 0)))
|        ( QUESTION0_11_R 1 3.076e+03 1.263e+02 1.555e+02
|            ( - 7.640e+01 1 0)
|            ( - 2.873e+03 1 0))))
s>    ( SILENCE -1 9.772e+03 4.193e+02 4.792e+02
s>        ( QUESTION7 1 4.231e+03 2.287e+02 2.303e+02
s>            ( - 1.128e+03 1 0)
s>            ( QUESTION0_10_R 1 2.874e+03 6.754e+01 1.593e+02
s>                ( - 2.758e+03 1 0)
s>                ( - 4.804e+01 1 0)))
s>        ( QUESTION7 -1 5.122e+03 3.263e+02 2.488e+02
s>            ( QUESTION0_11_R 1 1.720e+03 1.439e+02 9.336e+01
s>                ( - 1.710e+02 1 0)
s>                ( QUESTION8 -1 1.405e+03 1.192e+02 7.736e+01
s>                    ( - 9.392e+01 1 0)
s>                    ( - 1.192e+03 1 0)))
s>            ( QUESTION0_11_R 1 3.076e+03 1.263e+02 1.555e+02
s>                ( - 7.640e+01 1 0)
s>                ( - 2.873e+03 1 0))))INFO: dtree.c(1315): Comp split 7
INFO: dtree.c(1439): stop. leaf nodes are specific
INFO: dtree.c(1478): Final simple tree
|( QUESTION4 -1 4.567e+03 3.082e+02 2.238e+02
|    ( - 2.873e+03 1 0)
|    ( QUESTION0_11_R 1 1.386e+03 1.169e+02 7.736e+01
|        ( - 7.640e+01 1 0)
|        ( - 1.192e+03 1 0)))
s>    ( QUESTION4 -1 4.567e+03 3.082e+02 2.238e+02
s>        ( - 2.873e+03 1 0)
s>        ( QUESTION0_11_R 1 1.386e+03 1.169e+02 7.736e+01
s>            ( - 7.640e+01 1 0)
s>            ( - 1.192e+03 1 0)))INFO: dtree.c(1439): stop. leaf nodes are specific
INFO: dtree.c(1478): Final simple tree
|( QUESTION7 1 4.725e+03 2.401e+02 2.553e+02
|    ( SILENCE -1 1.316e+03 9.443e+01 8.000e+01
|        ( - 1.128e+03 1 0)
|        ( - 9.392e+01 1 0))
|    ( SILENCE -1 3.168e+03 1.235e+02 1.753e+02
|        ( QUESTION0_10_R 1 2.874e+03 6.754e+01 1.593e+02
|            ( - 2.758e+03 1 0)
|            ( - 4.804e+01 1 0))
|        ( - 1.710e+02 1 0)))
s>    ( QUESTION7 1 4.725e+03 2.401e+02 2.553e+02
s>        ( SILENCE -1 1.316e+03 9.443e+01 8.000e+01
s>            ( - 1.128e+03 1 0)
s>            ( - 9.392e+01 1 0))
s>        ( SILENCE -1 3.168e+03 1.235e+02 1.753e+02
s>            ( QUESTION0_10_R 1 2.874e+03 6.754e+01 1.593e+02
s>                ( - 2.758e+03 1 0)
s>                ( - 4.804e+01 1 0))
s>            ( - 1.710e+02 1 0)))INFO: dtree.c(1315): Comp split 8
INFO: dtree.c(1439): stop. leaf nodes are specific
INFO: dtree.c(1478): Final simple tree
|( QUESTION4 -1 4.067e+03 1.815e+02 2.080e+02
|    ( - 3.285e+03 2 0)
|    ( - 5.997e+02 1 0))
s>    ( QUESTION4 -1 4.067e+03 1.815e+02 2.080e+02
s>        ( - 3.285e+03 2 0)
s>        ( - 5.997e+02 1 0))INFO: dtree.c(1439): stop. leaf nodes are specific
INFO: dtree.c(1478): Final simple tree
|( QUESTION2_2_L -1 3.881e+03 2.647e+02 1.927e+02
|    ( QUESTION4 -1 1.696e+03 1.656e+02 9.161e+01
|        ( - 4.191e+02 1 0)
|        ( QUESTION2_9_L -1 1.111e+03 1.274e+02 6.261e+01
|            ( QUESTION0_11_R 1 3.139e+02 5.953e+01 2.212e+01
|                ( - 1.931e+02 1 0)
|                ( - 6.128e+01 1 0))
|            ( QUESTION0_11_R 1 6.695e+02 3.577e+01 4.049e+01
|                ( - 7.223e+00 1 0)
|                ( - 6.265e+02 1 0))))
|    ( QUESTION0 -1 1.920e+03 2.048e+02 1.011e+02
|        ( - 4.500e+02 1 0)
|        ( - 1.266e+03 2 0)))
s>    ( QUESTION2_2_L -1 3.881e+03 2.647e+02 1.927e+02
s>        ( QUESTION4 -1 1.696e+03 1.656e+02 9.161e+01
s>            ( - 4.191e+02 1 0)
s>            ( QUESTION2_9_L -1 1.111e+03 1.274e+02 6.261e+01
s>                ( QUESTION0_11_R 1 3.139e+02 5.953e+01 2.212e+01
s>                    ( - 1.931e+02 1 0)
s>                    ( - 6.128e+01 1 0))
s>                ( QUESTION0_11_R 1 6.695e+02 3.577e+01 4.049e+01
s>                    ( - 7.223e+00 1 0)
s>                    ( - 6.265e+02 1 0))))
s>        ( QUESTION0 -1 1.920e+03 2.048e+02 1.011e+02
s>            ( - 4.500e+02 1 0)
s>            ( - 1.266e+03 2 0)))INFO: dtree.c(1315): Comp split 9
INFO: dtree.c(1478): Final simple tree
|( QUESTION0 1 7.201e+03 2.280e+02 3.821e+02
|    ( QUESTION1 1 2.604e+03 1.867e+02 1.452e+02
|        ( QUESTION0_0_R 1 1.208e+03 1.133e+02 7.419e+01
|            ( - 6.453e+02 1 0)
|            ( - 4.494e+02 2 0))
|        ( QUESTION0_0_R 1 1.210e+03 1.264e+02 7.097e+01
|            ( - 3.793e+02 2 0)
|            ( - 7.039e+02 3 0)))
|    ( QUESTION16 1 4.369e+03 2.044e+02 2.369e+02
|        ( - 9.576e+02 2 0 QUESTION0_0_R 1 6.123e+01 5.945e+01)
|        ( QUESTION0_7_R 1 3.207e+03 1.732e+02 1.774e+02
|            ( QUESTION7 1 1.950e+03 1.316e+02 1.121e+02
|                ( - 1.068e+03 3 0 QUESTION8 1 1.030e+02 6.421e+01)
|                ( - 7.502e+02 4 0 QUESTION11 1 8.962e+01 4.785e+01))
|            ( - 1.084e+03 2 0 SILENCE 1 8.449e+01 6.539e+01))))
s>    ( QUESTION0 1 7.201e+03 2.280e+02 3.821e+02
s>        ( QUESTION1 1 2.604e+03 1.867e+02 1.452e+02
s>            ( QUESTION0_0_R 1 1.208e+03 1.133e+02 7.419e+01
s>                ( - 6.453e+02 1 0)
s>                ( - 4.494e+02 2 0))
s>            ( QUESTION0_0_R 1 1.210e+03 1.264e+02 7.097e+01
s>                ( - 3.793e+02 2 0)
s>                ( - 7.039e+02 3 0)))
s>        ( QUESTION16 1 4.369e+03 2.044e+02 2.369e+02
s>            ( - 9.576e+02 2 0 QUESTION0_0_R 1 6.123e+01 5.945e+01)
s>            ( QUESTION0_7_R 1 3.207e+03 1.732e+02 1.774e+02
s>                ( QUESTION7 1 1.950e+03 1.316e+02 1.121e+02
s>                    ( - 1.068e+03 3 0 QUESTION8 1 1.030e+02 6.421e+01)
s>                    ( - 7.502e+02 4 0 QUESTION11 1 8.962e+01 4.785e+01))
s>                ( - 1.084e+03 2 0 SILENCE 1 8.449e+01 6.539e+01))))INFO: dtree.c(1315): Comp split 10
INFO: dtree.c(1439): stop. leaf nodes are specific
INFO: dtree.c(1478): Final simple tree
|( WDBNDRY_E 0 1.462e+03 1.362e+02 1.023e+02
|    ( QUESTION0_2_R 1 1.938e+02 4.584e+01 2.091e+01
|        ( - 2.718e+01 1 0)
|        ( QUESTION6 -1 1.208e+02 3.446e+01 1.491e+01
|            ( - 1.642e+01 1 0)
|            ( QUESTION0_0_R 1 6.989e+01 1.017e+01 6.961e+00
|                ( - 5.914e+01 1 0)
|                ( - 5.840e-01 1 0))))
|    ( - 1.132e+03 1 0))
s>    ( WDBNDRY_E 0 1.462e+03 1.362e+02 1.023e+02
s>        ( QUESTION0_2_R 1 1.938e+02 4.584e+01 2.091e+01
s>            ( - 2.718e+01 1 0)
s>            ( QUESTION6 -1 1.208e+02 3.446e+01 1.491e+01
s>                ( - 1.642e+01 1 0)
s>                ( QUESTION0_0_R 1 6.989e+01 1.017e+01 6.961e+00
s>                    ( - 5.914e+01 1 0)
s>                    ( - 5.840e-01 1 0))))
s>        ( - 1.132e+03 1 0))INFO: dtree.c(1478): Final simple tree
|( QUESTION0_0_R 1 2.464e+03 1.842e+02 1.393e+02
|    ( QUESTION0_1_R 1 6.185e+02 8.525e+01 4.537e+01
|        ( - 1.564e+02 1 0)
|        ( - 3.769e+02 1 0))
|    ( QUESTION5 1 1.662e+03 1.547e+02 9.392e+01
|        ( QUESTION6 1 9.012e+02 1.027e+02 5.523e+01
|            ( QUESTION0_10_R 1 4.484e+02 8.240e+01 3.081e+01
|                ( - 1.943e+02 2 0 QUESTION0_12_R 1 4.336e+01 1.487e+01)
|                ( - 1.718e+02 3 0 QUESTION0_18_R 1 4.230e+01 1.594e+01))
|            ( - 3.500e+02 2 0 QUESTION0_14_R 1 5.898e+01 2.442e+01))
|        ( QUESTION0 1 6.057e+02 8.558e+01 3.869e+01
|            ( - 1.318e+02 2 0)
|            ( QUESTION0_8_R 1 3.883e+02 7.758e+01 2.769e+01
|                ( - 1.972e+02 1 0)
|                ( - 1.135e+02 1 0)))))
s>    ( QUESTION0_0_R 1 2.464e+03 1.842e+02 1.393e+02
s>        ( QUESTION0_1_R 1 6.185e+02 8.525e+01 4.537e+01
s>            ( - 1.564e+02 1 0)
s>            ( - 3.769e+02 1 0))
s>        ( QUESTION5 1 1.662e+03 1.547e+02 9.392e+01
s>            ( QUESTION6 1 9.012e+02 1.027e+02 5.523e+01
s>                ( QUESTION0_10_R 1 4.484e+02 8.240e+01 3.081e+01
s>                    ( - 1.943e+02 2 0 QUESTION0_12_R 1 4.336e+01 1.487e+01)
s>                    ( - 1.718e+02 3 0 QUESTION0_18_R 1 4.230e+01 1.594e+01))
s>                ( - 3.500e+02 2 0 QUESTION0_14_R 1 5.898e+01 2.442e+01))
s>            ( QUESTION0 1 6.057e+02 8.558e+01 3.869e+01
s>                ( - 1.318e+02 2 0)
s>                ( QUESTION0_8_R 1 3.883e+02 7.758e+01 2.769e+01
s>                    ( - 1.972e+02 1 0)
s>                    ( - 1.135e+02 1 0)))))INFO: dtree.c(1315): Comp split 11
INFO: dtree.c(1439): stop. leaf nodes are specific
INFO: dtree.c(1478): Final simple tree
|( QUESTION0_11_R 1 1.386e+03 1.169e+02 7.736e+01
|    ( - 7.640e+01 1 0)
|    ( - 1.192e+03 1 0))
s>    ( QUESTION0_11_R 1 1.386e+03 1.169e+02 7.736e+01
s>        ( - 7.640e+01 1 0)
s>        ( - 1.192e+03 1 0))INFO: dtree.c(1315): Comp split 12
INFO: dtree.c(1439): stop. leaf nodes are specific
INFO: dtree.c(1478): Final simple tree
|( QUESTION0 -1 2.112e+03 2.105e+02 1.102e+02
|    ( - 4.500e+02 1 0)
|    ( QUESTION4 -1 1.452e+03 9.095e+01 8.112e+01
|        ( - 1.266e+03 2 0)
|        ( QUESTION0_11_R 1 9.508e+01 2.659e+01 9.118e+00
|            ( - 7.223e+00 1 0)
|            ( - 6.128e+01 1 0))))
s>    ( QUESTION0 -1 2.112e+03 2.105e+02 1.102e+02
s>        ( - 4.500e+02 1 0)
s>        ( QUESTION4 -1 1.452e+03 9.095e+01 8.112e+01
s>            ( - 1.266e+03 2 0)
s>            ( QUESTION0_11_R 1 9.508e+01 2.659e+01 9.118e+00
s>                ( - 7.223e+00 1 0)
s>                ( - 6.128e+01 1 0))))INFO: dtree.c(1439): stop. leaf nodes are specific
INFO: dtree.c(1478): Final simple tree
|( QUESTION4 -1 1.495e+03 1.541e+02 8.249e+01
|    ( - 4.191e+02 1 0)
|    ( QUESTION0_11_R 1 9.217e+02 1.020e+02 5.349e+01
|        ( - 1.931e+02 1 0)
|        ( - 6.265e+02 1 0)))
s>    ( QUESTION4 -1 1.495e+03 1.541e+02 8.249e+01
s>        ( - 4.191e+02 1 0)
s>        ( QUESTION0_11_R 1 9.217e+02 1.020e+02 5.349e+01
s>            ( - 1.931e+02 1 0)
s>            ( - 6.265e+02 1 0)))INFO: dtree.c(1315): Comp split 13
INFO: dtree.c(1439): stop. leaf nodes are specific
INFO: dtree.c(1478): Final simple tree
|( QUESTION0 -1 3.352e+03 2.003e+02 1.872e+02
|    ( - 6.342e+02 1 0)
|    ( - 2.518e+03 1 0))
s>    ( QUESTION0 -1 3.352e+03 2.003e+02 1.872e+02
s>        ( - 6.342e+02 1 0)
s>        ( - 2.518e+03 1 0))INFO: dtree.c(1315): Comp split 14
INFO: dtree.c(1439): stop. leaf nodes are specific
INFO: dtree.c(1478): Final simple tree
|( QUESTION0_10_R 1 2.874e+03 6.754e+01 1.593e+02
|    ( - 2.758e+03 1 0)
|    ( - 4.804e+01 1 0))
s>    ( QUESTION0_10_R 1 2.874e+03 6.754e+01 1.593e+02
s>        ( - 2.758e+03 1 0)
s>        ( - 4.804e+01 1 0))INFO: dtree.c(1439): stop. leaf nodes are specific
INFO: dtree.c(1478): Final simple tree
|( SILENCE -1 1.592e+03 1.373e+02 9.600e+01
|    ( - 1.128e+03 1 0)
|    ( QUESTION0_11_R 1 3.270e+02 6.213e+01 2.500e+01
|        ( - 1.710e+02 1 0)
|        ( - 9.392e+01 1 0)))
s>    ( SILENCE -1 1.592e+03 1.373e+02 9.600e+01
s>        ( - 1.128e+03 1 0)
s>        ( QUESTION0_11_R 1 3.270e+02 6.213e+01 2.500e+01
s>            ( - 1.710e+02 1 0)
s>            ( - 9.392e+01 1 0)))INFO: dtree.c(1315): Comp split 15
INFO: dtree.c(1439): stop. leaf nodes are specific
INFO: dtree.c(1478): Final simple tree
|( QUESTION0_0_R 1 2.473e+03 1.832e+02 1.364e+02
|    ( QUESTION0_1_R 1 5.868e+02 7.608e+01 3.797e+01
|        ( - 1.313e+02 1 0)
|        ( - 3.793e+02 2 0))
|    ( SILENCE 1 1.703e+03 1.316e+02 9.839e+01
|        ( - 8.680e+02 1 0)
|        ( - 7.039e+02 3 0)))
s>    ( QUESTION0_0_R 1 2.473e+03 1.832e+02 1.364e+02
s>        ( QUESTION0_1_R 1 5.868e+02 7.608e+01 3.797e+01
s>            ( - 1.313e+02 1 0)
s>            ( - 3.793e+02 2 0))
s>        ( SILENCE 1 1.703e+03 1.316e+02 9.839e+01
s>            ( - 8.680e+02 1 0)
s>            ( - 7.039e+02 3 0)))INFO: dtree.c(1478): Final simple tree
|( QUESTION0 1 4.481e+03 1.955e+02 2.457e+02
|    ( QUESTION0_0_R 1 1.208e+03 1.133e+02 7.419e+01
|        ( - 6.453e+02 1 0)
|        ( - 4.494e+02 2 0))
|    ( QUESTION0_14_R 1 3.078e+03 1.732e+02 1.715e+02
|        ( - 8.574e+02 1 0)
|        ( QUESTION7 1 2.047e+03 1.268e+02 1.171e+02
|            ( QUESTION8 1 1.068e+03 1.030e+02 6.421e+01
|                ( - 4.365e+02 2 0 QUESTION0_10_R 1 5.223e+01 3.021e+01)
|                ( - 5.286e+02 1 0))
|            ( QUESTION11 1 8.521e+02 8.857e+01 5.285e+01
|                ( - 2.741e+02 2 0 QUESTION0_10_R 1 6.345e+01 1.985e+01)
|                ( QUESTION0_8_R 1 4.895e+02 7.065e+01 3.300e+01
|                    ( - 2.410e+02 1 0)
|                    ( - 1.778e+02 2 0 QUESTION0_0_R 1 4.825e+01 1.400e+01))))))
s>    ( QUESTION0 1 4.481e+03 1.955e+02 2.457e+02
s>        ( QUESTION0_0_R 1 1.208e+03 1.133e+02 7.419e+01
s>            ( - 6.453e+02 1 0)
s>            ( - 4.494e+02 2 0))
s>        ( QUESTION0_14_R 1 3.078e+03 1.732e+02 1.715e+02
s>            ( - 8.574e+02 1 0)
s>            ( QUESTION7 1 2.047e+03 1.268e+02 1.171e+02
s>                ( QUESTION8 1 1.068e+03 1.030e+02 6.421e+01
s>                    ( - 4.365e+02 2 0 QUESTION0_10_R 1 5.223e+01 3.021e+01)
s>                    ( - 5.286e+02 1 0))
s>                ( QUESTION11 1 8.521e+02 8.857e+01 5.285e+01
s>                    ( - 2.741e+02 2 0 QUESTION0_10_R 1 6.345e+01 1.985e+01)
s>                    ( QUESTION0_8_R 1 4.895e+02 7.065e+01 3.300e+01
s>                        ( - 2.410e+02 1 0)
s>                        ( - 1.778e+02 2 0 QUESTION0_0_R 1 4.825e+01 1.400e+01))))))INFO: dtree.c(1315): Comp split 16
INFO: dtree.c(1315): Comp split 17
INFO: dtree.c(1439): stop. leaf nodes are specific
INFO: dtree.c(1478): Final simple tree
|( QUESTION4 -1 1.309e+03 3.653e+01 7.400e+01
|    ( - 1.266e+03 2 0)
|    ( - 7.223e+00 1 0))
s>    ( QUESTION4 -1 1.309e+03 3.653e+01 7.400e+01
s>        ( - 1.266e+03 2 0)
s>        ( - 7.223e+00 1 0))INFO: dtree.c(1439): stop. leaf nodes are specific
INFO: dtree.c(1478): Final simple tree
|( QUESTION0_11_R 1 5.899e+02 7.864e+01 3.621e+01
|    ( - 4.500e+02 1 0)
|    ( - 6.128e+01 1 0))
s>    ( QUESTION0_11_R 1 5.899e+02 7.864e+01 3.621e+01
s>        ( - 4.500e+02 1 0)
s>        ( - 6.128e+01 1 0))INFO: dtree.c(1315): Comp split 18
INFO: dtree.c(1439): stop. leaf nodes are specific
INFO: dtree.c(1478): Final simple tree
|( QUESTION0 1 2.709e+03 1.698e+02 1.524e+02
|    ( QUESTION0_0_R 1 1.208e+03 1.133e+02 7.419e+01
|        ( - 6.453e+02 1 0)
|        ( - 4.494e+02 2 0))
|    ( QUESTION0_10_R 1 1.331e+03 1.137e+02 7.821e+01
|        ( QUESTION0_11_R 1 6.168e+02 5.436e+01 3.899e+01
|            ( - 3.383e+01 1 0)
|            ( - 5.286e+02 1 0))
|        ( QUESTION0_19_R 1 6.006e+02 7.714e+01 3.921e+01
|            ( - 9.055e+01 1 0)
|            ( QUESTION0_0_R 1 4.330e+02 4.347e+01 3.021e+01
|                ( - 3.904e+01 1 0)
|                ( - 3.504e+02 1 0)))))
s>    ( QUESTION0 1 2.709e+03 1.698e+02 1.524e+02
s>        ( QUESTION0_0_R 1 1.208e+03 1.133e+02 7.419e+01
s>            ( - 6.453e+02 1 0)
s>            ( - 4.494e+02 2 0))
s>        ( QUESTION0_10_R 1 1.331e+03 1.137e+02 7.821e+01
s>            ( QUESTION0_11_R 1 6.168e+02 5.436e+01 3.899e+01
s>                ( - 3.383e+01 1 0)
s>                ( - 5.286e+02 1 0))
s>            ( QUESTION0_19_R 1 6.006e+02 7.714e+01 3.921e+01
s>                ( - 9.055e+01 1 0)
s>                ( QUESTION0_0_R 1 4.330e+02 4.347e+01 3.021e+01
s>                    ( - 3.904e+01 1 0)
s>                    ( - 3.504e+02 1 0)))))INFO: dtree.c(1439): stop. leaf nodes are specific
INFO: dtree.c(1478): Final simple tree
|( QUESTION0_14_R 1 1.563e+03 1.178e+02 9.331e+01
|    ( - 8.574e+02 1 0)
|    ( QUESTION0_13_R 1 5.878e+02 7.465e+01 3.885e+01
|        ( - 9.924e+01 1 0)
|        ( QUESTION0_8_R 1 4.139e+02 6.150e+01 2.900e+01
|            ( - 2.410e+02 1 0)
|            ( - 1.114e+02 1 0))))
s>    ( QUESTION0_14_R 1 1.563e+03 1.178e+02 9.331e+01
s>        ( - 8.574e+02 1 0)
s>        ( QUESTION0_13_R 1 5.878e+02 7.465e+01 3.885e+01
s>            ( - 9.924e+01 1 0)
s>            ( QUESTION0_8_R 1 4.139e+02 6.150e+01 2.900e+01
s>                ( - 2.410e+02 1 0)
s>                ( - 1.114e+02 1 0))))INFO: dtree.c(1315): Comp split 19
INFO: dtree.c(1315): Comp split 20
INFO: dtree.c(1439): stop. leaf nodes are specific
INFO: dtree.c(1478): Final simple tree
|( QUESTION0 1 1.118e+03 1.414e+02 6.892e+01
|    ( QUESTION0_0_R 1 5.886e+02 7.987e+01 4.123e+01
|        ( - 3.769e+02 1 0)
|        ( - 1.318e+02 2 0))
|    ( QUESTION0_8_R 1 3.883e+02 7.758e+01 2.769e+01
|        ( - 1.972e+02 1 0)
|        ( - 1.135e+02 1 0)))
s>    ( QUESTION0 1 1.118e+03 1.414e+02 6.892e+01
s>        ( QUESTION0_0_R 1 5.886e+02 7.987e+01 4.123e+01
s>            ( - 3.769e+02 1 0)
s>            ( - 1.318e+02 2 0))
s>        ( QUESTION0_8_R 1 3.883e+02 7.758e+01 2.769e+01
s>            ( - 1.972e+02 1 0)
s>            ( - 1.135e+02 1 0)))INFO: dtree.c(1478): Final simple tree
|( QUESTION0_13_R 1 1.146e+03 1.171e+02 7.037e+01
|    ( QUESTION0_18_R 1 6.116e+02 9.222e+01 4.036e+01
|        ( QUESTION7 1 1.066e+02 2.640e+01 1.194e+01
|            ( - 5.421e+01 1 0)
|            ( - 2.597e+01 1 0))
|        ( QUESTION0_19_R 1 4.128e+02 6.529e+01 2.842e+01
|            ( - 9.086e+01 1 0)
|            ( QUESTION0_14_R 1 2.567e+02 3.364e+01 1.942e+01
|                ( - 2.001e+02 1 0)
|                ( - 2.289e+01 1 0))))
|    ( QUESTION0_0_R 1 4.173e+02 6.670e+01 3.001e+01
|        ( - 1.564e+02 1 0)
|        ( QUESTION0_12_R 1 1.943e+02 4.336e+01 1.487e+01
|            ( - 4.404e+01 1 0)
|            ( - 1.068e+02 1 0))))
s>    ( QUESTION0_13_R 1 1.146e+03 1.171e+02 7.037e+01
s>        ( QUESTION0_18_R 1 6.116e+02 9.222e+01 4.036e+01
s>            ( QUESTION7 1 1.066e+02 2.640e+01 1.194e+01
s>                ( - 5.421e+01 1 0)
s>                ( - 2.597e+01 1 0))
s>            ( QUESTION0_19_R 1 4.128e+02 6.529e+01 2.842e+01
s>                ( - 9.086e+01 1 0)
s>                ( QUESTION0_14_R 1 2.567e+02 3.364e+01 1.942e+01
s>                    ( - 2.001e+02 1 0)
s>                    ( - 2.289e+01 1 0))))
s>        ( QUESTION0_0_R 1 4.173e+02 6.670e+01 3.001e+01
s>            ( - 1.564e+02 1 0)
s>            ( QUESTION0_12_R 1 1.943e+02 4.336e+01 1.487e+01
s>                ( - 4.404e+01 1 0)
s>                ( - 1.068e+02 1 0))))INFO: dtree.c(1315): Comp split 21
INFO: dtree.c(1439): stop. leaf nodes are specific
INFO: dtree.c(1478): Final simple tree
|( SILENCE 1 1.703e+03 1.316e+02 9.839e+01
|    ( - 8.680e+02 1 0)
|    ( - 7.039e+02 3 0))
s>    ( SILENCE 1 1.703e+03 1.316e+02 9.839e+01
s>        ( - 8.680e+02 1 0)
s>        ( - 7.039e+02 3 0))INFO: dtree.c(1439): stop. leaf nodes are specific
INFO: dtree.c(1478): Final simple tree
|( QUESTION0_1_R 1 5.868e+02 7.608e+01 3.797e+01
|    ( - 1.313e+02 1 0)
|    ( - 3.793e+02 2 0))
s>    ( QUESTION0_1_R 1 5.868e+02 7.608e+01 3.797e+01
s>        ( - 1.313e+02 1 0)
s>        ( - 3.793e+02 2 0))INFO: dtree.c(1315): Comp split 22
INFO: dtree.c(1315): Comp split 23
INFO: dtree.c(1439): stop. leaf nodes are specific
INFO: dtree.c(1478): Final simple tree
|( QUESTION0_10_R 1 1.331e+03 1.137e+02 7.821e+01
|    ( QUESTION0_11_R 1 6.168e+02 5.436e+01 3.899e+01
|        ( - 3.383e+01 1 0)
|        ( - 5.286e+02 1 0))
|    ( QUESTION0_19_R 1 6.006e+02 7.714e+01 3.921e+01
|        ( - 9.055e+01 1 0)
|        ( QUESTION0_0_R 1 4.330e+02 4.347e+01 3.021e+01
|            ( - 3.904e+01 1 0)
|            ( - 3.504e+02 1 0))))
s>    ( QUESTION0_10_R 1 1.331e+03 1.137e+02 7.821e+01
s>        ( QUESTION0_11_R 1 6.168e+02 5.436e+01 3.899e+01
s>            ( - 3.383e+01 1 0)
s>            ( - 5.286e+02 1 0))
s>        ( QUESTION0_19_R 1 6.006e+02 7.714e+01 3.921e+01
s>            ( - 9.055e+01 1 0)
s>            ( QUESTION0_0_R 1 4.330e+02 4.347e+01 3.021e+01
s>                ( - 3.904e+01 1 0)
s>                ( - 3.504e+02 1 0))))INFO: dtree.c(1439): stop. leaf nodes are specific
INFO: dtree.c(1478): Final simple tree
|( QUESTION0_0_R 1 1.208e+03 1.133e+02 7.419e+01
|    ( - 6.453e+02 1 0)
|    ( - 4.494e+02 2 0))
s>    ( QUESTION0_0_R 1 1.208e+03 1.133e+02 7.419e+01
s>        ( - 6.453e+02 1 0)
s>        ( - 4.494e+02 2 0))INFO: dtree.c(1315): Comp split 24
INFO: dtree.c(1439): stop. leaf nodes are specific
INFO: dtree.c(1478): Final simple tree
|( QUESTION0_11_R 1 9.217e+02 1.020e+02 5.349e+01
|    ( - 1.931e+02 1 0)
|    ( - 6.265e+02 1 0))
s>    ( QUESTION0_11_R 1 9.217e+02 1.020e+02 5.349e+01
s>        ( - 1.931e+02 1 0)
s>        ( - 6.265e+02 1 0))INFO: dtree.c(1315): Comp split 25
INFO: dtree.c(1439): stop. leaf nodes are specific
INFO: dtree.c(1478): Final simple tree
|( QUESTION0_8_R 1 3.883e+02 7.758e+01 2.769e+01
|    ( - 1.972e+02 1 0)
|    ( - 1.135e+02 1 0))
s>    ( QUESTION0_8_R 1 3.883e+02 7.758e+01 2.769e+01
s>        ( - 1.972e+02 1 0)
s>        ( - 1.135e+02 1 0))INFO: dtree.c(1439): stop. leaf nodes are specific
INFO: dtree.c(1478): Final simple tree
|( QUESTION0_0_R 1 5.886e+02 7.987e+01 4.123e+01
|    ( - 3.769e+02 1 0)
|    ( - 1.318e+02 2 0))
s>    ( QUESTION0_0_R 1 5.886e+02 7.987e+01 4.123e+01
s>        ( - 3.769e+02 1 0)
s>        ( - 1.318e+02 2 0))INFO: dtree.c(1315): Comp split 26
INFO: dtree.c(1439): stop. leaf nodes are specific
INFO: dtree.c(1478): Final simple tree
|( QUESTION0_11_R 1 3.270e+02 6.213e+01 2.500e+01
|    ( - 1.710e+02 1 0)
|    ( - 9.392e+01 1 0))
s>    ( QUESTION0_11_R 1 3.270e+02 6.213e+01 2.500e+01
s>        ( - 1.710e+02 1 0)
s>        ( - 9.392e+01 1 0))INFO: dtree.c(1315): Comp split 27
INFO: dtree.c(1439): stop. leaf nodes are specific
INFO: dtree.c(1478): Final simple tree
|( QUESTION0_2_R 1 1.938e+02 4.584e+01 2.091e+01
|    ( - 2.718e+01 1 0)
|    ( QUESTION6 -1 1.208e+02 3.446e+01 1.491e+01
|        ( - 1.642e+01 1 0)
|        ( QUESTION0_0_R 1 6.989e+01 1.017e+01 6.961e+00
|            ( - 5.914e+01 1 0)
|            ( - 5.840e-01 1 0))))
s>    ( QUESTION0_2_R 1 1.938e+02 4.584e+01 2.091e+01
s>        ( - 2.718e+01 1 0)
s>        ( QUESTION6 -1 1.208e+02 3.446e+01 1.491e+01
s>            ( - 1.642e+01 1 0)
s>            ( QUESTION0_0_R 1 6.989e+01 1.017e+01 6.961e+00
s>                ( - 5.914e+01 1 0)
s>                ( - 5.840e-01 1 0))))INFO: dtree.c(1315): Comp split 28
INFO: dtree.c(1315): Comp split 29
INFO: dtree.c(1439): stop. leaf nodes are specific
INFO: dtree.c(1478): Final simple tree
|( QUESTION0_19_R 1 5.855e+02 7.070e+01 3.834e+01
|    ( - 9.086e+01 1 0)
|    ( QUESTION0_10_R 1 4.240e+02 6.045e+01 2.934e+01
|        ( - 1.068e+02 1 0)
|        ( QUESTION0_14_R 1 2.567e+02 3.364e+01 1.942e+01
|            ( - 2.001e+02 1 0)
|            ( - 2.289e+01 1 0))))
s>    ( QUESTION0_19_R 1 5.855e+02 7.070e+01 3.834e+01
s>        ( - 9.086e+01 1 0)
s>        ( QUESTION0_10_R 1 4.240e+02 6.045e+01 2.934e+01
s>            ( - 1.068e+02 1 0)
s>            ( QUESTION0_14_R 1 2.567e+02 3.364e+01 1.942e+01
s>                ( - 2.001e+02 1 0)
s>                ( - 2.289e+01 1 0))))INFO: dtree.c(1439): stop. leaf nodes are specific
INFO: dtree.c(1478): Final simple tree
|( QUESTION0_0_R 1 4.301e+02 7.750e+01 3.203e+01
|    ( - 1.564e+02 1 0)
|    ( QUESTION0_10_R 1 1.962e+02 4.561e+01 1.689e+01
|        ( - 4.404e+01 1 0)
|        ( QUESTION7 1 1.066e+02 2.640e+01 1.194e+01
|            ( - 5.421e+01 1 0)
|            ( - 2.597e+01 1 0))))
s>    ( QUESTION0_0_R 1 4.301e+02 7.750e+01 3.203e+01
s>        ( - 1.564e+02 1 0)
s>        ( QUESTION0_10_R 1 1.962e+02 4.561e+01 1.689e+01
s>            ( - 4.404e+01 1 0)
s>            ( QUESTION7 1 1.066e+02 2.640e+01 1.194e+01
s>                ( - 5.421e+01 1 0)
s>                ( - 2.597e+01 1 0))))INFO: dtree.c(1315): Comp split 30
INFO: dtree.c(1439): stop. leaf nodes are specific
INFO: dtree.c(1478): Final simple tree
|( QUESTION0_8_R 1 4.045e+02 6.425e+01 2.885e+01
|    ( - 2.410e+02 1 0)
|    ( - 9.924e+01 1 0))
s>    ( QUESTION0_8_R 1 4.045e+02 6.425e+01 2.885e+01
s>        ( - 2.410e+02 1 0)
s>        ( - 9.924e+01 1 0))INFO: dtree.c(1439): stop. leaf nodes are specific
INFO: dtree.c(1478): Final simple tree
|( QUESTION0_10_R 1 1.037e+03 6.818e+01 6.445e+01
|    ( - 1.114e+02 1 0)
|    ( - 8.574e+02 1 0))
s>    ( QUESTION0_10_R 1 1.037e+03 6.818e+01 6.445e+01
s>        ( - 1.114e+02 1 0)
s>        ( - 8.574e+02 1 0))INFO: dtree.c(1315): Comp split 31
INFO: dtree.c(1439): stop. leaf nodes are specific
INFO: dtree.c(1478): Final simple tree
|( QUESTION0_0_R 1 4.330e+02 4.347e+01 3.021e+01
|    ( - 3.904e+01 1 0)
|    ( - 3.504e+02 1 0))
s>    ( QUESTION0_0_R 1 4.330e+02 4.347e+01 3.021e+01
s>        ( - 3.904e+01 1 0)
s>        ( - 3.504e+02 1 0))INFO: dtree.c(1439): stop. leaf nodes are specific
INFO: dtree.c(1478): Final simple tree
|( QUESTION0_10_R 1 7.788e+02 7.141e+01 4.799e+01
|    ( QUESTION0_11_R 1 6.168e+02 5.436e+01 3.899e+01
|        ( - 3.383e+01 1 0)
|        ( - 5.286e+02 1 0))
|    ( - 9.055e+01 1 0))
s>    ( QUESTION0_10_R 1 7.788e+02 7.141e+01 4.799e+01
s>        ( QUESTION0_11_R 1 6.168e+02 5.436e+01 3.899e+01
s>            ( - 3.383e+01 1 0)
s>            ( - 5.286e+02 1 0))
s>        ( - 9.055e+01 1 0))INFO: dtree.c(1315): Comp split 32
INFO: dtree.c(1315): Comp split 33
INFO: dtree.c(1315): Comp split 34
INFO: dtree.c(1315): Comp split 35
INFO: dtree.c(1439): stop. leaf nodes are specific
INFO: dtree.c(1478): Final simple tree
|( QUESTION0_10_R 1 1.618e+02 3.737e+01 1.400e+01
|    ( - 3.383e+01 1 0)
|    ( - 9.055e+01 1 0))
s>    ( QUESTION0_10_R 1 1.618e+02 3.737e+01 1.400e+01
s>        ( - 3.383e+01 1 0)
s>        ( - 9.055e+01 1 0))INFO: dtree.c(1315): Comp split 36
INFO: dtree.c(1315): Comp split 37
INFO: dtree.c(1315): Comp split 38
INFO: dtree.c(1315): Comp split 39
INFO: dtree.c(1439): stop. leaf nodes are specific
INFO: dtree.c(1478): Final simple tree
|( QUESTION0_10_R 1 1.962e+02 4.561e+01 1.689e+01
|    ( - 4.404e+01 1 0)
|    ( QUESTION7 1 1.066e+02 2.640e+01 1.194e+01
|        ( - 5.421e+01 1 0)
|        ( - 2.597e+01 1 0)))
s>    ( QUESTION0_10_R 1 1.962e+02 4.561e+01 1.689e+01
s>        ( - 4.404e+01 1 0)
s>        ( QUESTION7 1 1.066e+02 2.640e+01 1.194e+01
s>            ( - 5.421e+01 1 0)
s>            ( - 2.597e+01 1 0)))INFO: dtree.c(1315): Comp split 40
INFO: dtree.c(1315): Comp split 41
INFO: dtree.c(1439): stop. leaf nodes are specific
INFO: dtree.c(1478): Final simple tree
|( QUESTION0_14_R 1 2.567e+02 3.364e+01 1.942e+01
|    ( - 2.001e+02 1 0)
|    ( - 2.289e+01 1 0))
s>    ( QUESTION0_14_R 1 2.567e+02 3.364e+01 1.942e+01
s>        ( - 2.001e+02 1 0)
s>        ( - 2.289e+01 1 0))INFO: dtree.c(1439): stop. leaf nodes are specific
INFO: dtree.c(1478): Final simple tree
|( QUESTION0_10_R 1 2.531e+02 5.534e+01 1.892e+01
|    ( - 1.068e+02 1 0)
|    ( - 9.086e+01 1 0))
s>    ( QUESTION0_10_R 1 2.531e+02 5.534e+01 1.892e+01
s>        ( - 1.068e+02 1 0)
s>        ( - 9.086e+01 1 0))INFO: dtree.c(1315): Comp split 42
INFO: dtree.c(1315): Comp split 43
INFO: dtree.c(1315): Comp split 44
INFO: dtree.c(1315): Comp split 45
INFO: dtree.c(1315): Comp split 46
INFO: dtree.c(1315): Comp split 47
INFO: dtree.c(1439): stop. leaf nodes are specific
INFO: dtree.c(1478): Final simple tree
|( QUESTION6 -1 1.208e+02 3.446e+01 1.491e+01
|    ( - 1.642e+01 1 0)
|    ( QUESTION0_0_R 1 6.989e+01 1.017e+01 6.961e+00
|        ( - 5.914e+01 1 0)
|        ( - 5.840e-01 1 0)))
s>    ( QUESTION6 -1 1.208e+02 3.446e+01 1.491e+01
s>        ( - 1.642e+01 1 0)
s>        ( QUESTION0_0_R 1 6.989e+01 1.017e+01 6.961e+00
s>            ( - 5.914e+01 1 0)
s>            ( - 5.840e-01 1 0)))INFO: dtree.c(1315): Comp split 48
INFO: dtree.c(1439): stop. leaf nodes are specific
INFO: dtree.c(1478): Final simple tree
|( QUESTION7 1 1.066e+02 2.640e+01 1.194e+01
|    ( - 5.421e+01 1 0)
|    ( - 2.597e+01 1 0))
s>    ( QUESTION7 1 1.066e+02 2.640e+01 1.194e+01
s>        ( - 5.421e+01 1 0)
s>        ( - 2.597e+01 1 0))INFO: dtree.c(1315): Comp split 49
INFO: dtree.c(1315): Comp split 50
INFO: dtree.c(1315): Comp split 51
INFO: dtree.c(1315): Comp split 52
INFO: dtree.c(1439): stop. leaf nodes are specific
INFO: dtree.c(1478): Final simple tree
|( QUESTION0_0_R 1 6.989e+01 1.017e+01 6.961e+00
|    ( - 5.914e+01 1 0)
|    ( - 5.840e-01 1 0))
s>    ( QUESTION0_0_R 1 6.989e+01 1.017e+01 6.961e+00
s>        ( - 5.914e+01 1 0)
s>        ( - 5.840e-01 1 0))INFO: dtree.c(1315): Comp split 53
INFO: dtree.c(1315): Comp split 54
INFO: dtree.c(1315): Comp split 55
INFO: dtree.c(1315): Comp split 56
INFO: dtree.c(1318): stop. leaf nodes are specific
Mon May 23 22:39:47 2022
