Current configuration:
[NAME]		[DEFLT]	[VALUE]
-allphones	no	no
-cntthresh	0.00001	1.000000e-05
-csplitmax	100	2000
-csplitmin	1	1
-csplitthr	8e-4	0.000000e+00
-example	no	no
-fullvar	no	no
-help		no	no
-meanfn			
-mixwfn			/home/rakha/Kuliah/Semester8/nlp/speech-sphinx/train-new-model/an4-master/model_parameters/an4.cd_ptm_untied/mixture_weights
-moddeffn		/home/rakha/Kuliah/Semester8/nlp/speech-sphinx/train-new-model/an4-master/model_architecture/an4.untied.mdef
-mwfloor	1e-4	1.000000e-08
-phone			AA
-psetfn			/home/rakha/Kuliah/Semester8/nlp/speech-sphinx/train-new-model/an4-master/model_architecture/an4.tree_questions
-ssplitmax	5	7
-ssplitmin	1	1
-ssplitthr	8e-4	0.000000e+00
-state			1
-stwt			1.0,0.05,0.0,
-treefn			/home/rakha/Kuliah/Semester8/nlp/speech-sphinx/train-new-model/an4-master/trees/an4.unpruned/AA-1.dtree
-ts2cbfn	.semi.	.semi.
-varfloor	0.00001	1.000000e-05
-varfn			

INFO: main.c(223): Reading: /home/rakha/Kuliah/Semester8/nlp/speech-sphinx/train-new-model/an4-master/model_architecture/an4.untied.mdef
INFO: model_def_io.c(573): Model definition info:
INFO: model_def_io.c(574): 1618 total models defined (34 base, 1584 tri)
INFO: model_def_io.c(575): 6472 total states
INFO: model_def_io.c(576): 4854 total tied states
INFO: model_def_io.c(577): 102 total tied CI states
INFO: model_def_io.c(578): 34 total tied transition matrices
INFO: model_def_io.c(579): 4 max state/model
INFO: model_def_io.c(580): 4 min state/model
INFO: main.c(242): Building trees for [AA AH R b] through [AA UW R b]
INFO: main.c(269): Covering states |[102 161]| == 60
INFO: main.c(275): Reading: /home/rakha/Kuliah/Semester8/nlp/speech-sphinx/train-new-model/an4-master/model_parameters/an4.cd_ptm_untied/mixture_weights
INFO: s3mixw_io.c(173): Read /home/rakha/Kuliah/Semester8/nlp/speech-sphinx/train-new-model/an4-master/model_parameters/an4.cd_ptm_untied/mixture_weights [60x4x64 array]
INFO: main.c(311): 20 of 20 models have observation count greater than 0.000010
INFO: main.c(95): nrm stwt: 0.045 0.909 0.045 
INFO: main.c(411): 20-class entropy: 3.638054e+04
INFO: main.c(549): Reading: /home/rakha/Kuliah/Semester8/nlp/speech-sphinx/train-new-model/an4-master/model_architecture/an4.tree_questions
INFO: main.c(588): 180 total simple questions (172 phone; 8 word bndry)
INFO: main.c(590): 42 Left Only questions, and 42 Right Only questions
INFO: dtree.c(1478): Final simple tree
|( QUESTION0 -1 4.087e+04 6.858e+02 2.199e+03
|    ( QUESTION2_13_L -1 3.226e+04 4.435e+02 1.754e+03
|        ( - 7.398e+03 1 0)
|        ( QUESTION1 -1 2.441e+04 4.865e+02 1.349e+03
|            ( - 1.074e+04 2 0)
|            ( - 1.319e+04 4 0 QUESTION2_0_L -1 2.086e+02 7.575e+02)))
|    ( WDBNDRY_B 0 7.926e+03 4.675e+02 4.448e+02
|        ( QUESTION2_1_L -1 5.443e+03 3.072e+02 3.184e+02
|            ( - 1.414e+03 3 0 QUESTION4 -1 1.191e+02 9.369e+01)
|            ( QUESTION5 -1 3.722e+03 2.589e+02 2.247e+02
|                ( - 1.387e+03 2 0 QUESTION6 -1 1.504e+02 9.591e+01)
|                ( - 2.076e+03 4 0 QUESTION0_0_R 1 1.344e+02 1.288e+02)))
|        ( QUESTION0_0_R 1 2.016e+03 2.398e+02 1.264e+02
|            ( - 7.427e+02 2 0 QUESTION6 -1 9.769e+01 5.233e+01)
|            ( - 1.033e+03 2 0 QUESTION0_8_R 1 3.725e+01 7.411e+01))))
s>    ( QUESTION0 -1 4.087e+04 6.858e+02 2.199e+03
s>        ( QUESTION2_13_L -1 3.226e+04 4.435e+02 1.754e+03
s>            ( - 7.398e+03 1 0)
s>            ( QUESTION1 -1 2.441e+04 4.865e+02 1.349e+03
s>                ( - 1.074e+04 2 0)
s>                ( - 1.319e+04 4 0 QUESTION2_0_L -1 2.086e+02 7.575e+02)))
s>        ( WDBNDRY_B 0 7.926e+03 4.675e+02 4.448e+02
s>            ( QUESTION2_1_L -1 5.443e+03 3.072e+02 3.184e+02
s>                ( - 1.414e+03 3 0 QUESTION4 -1 1.191e+02 9.369e+01)
s>                ( QUESTION5 -1 3.722e+03 2.589e+02 2.247e+02
s>                    ( - 1.387e+03 2 0 QUESTION6 -1 1.504e+02 9.591e+01)
s>                    ( - 2.076e+03 4 0 QUESTION0_0_R 1 1.344e+02 1.288e+02)))
s>            ( QUESTION0_0_R 1 2.016e+03 2.398e+02 1.264e+02
s>                ( - 7.427e+02 2 0 QUESTION6 -1 9.769e+01 5.233e+01)
s>                ( - 1.033e+03 2 0 QUESTION0_8_R 1 3.725e+01 7.411e+01))))INFO: dtree.c(1315): Comp split 0
INFO: dtree.c(1478): Final simple tree
|( QUESTION0 -1 1.903e+04 4.047e+02 1.076e+03
|    ( QUESTION2_0_L -1 1.319e+04 2.086e+02 7.575e+02
|        ( - 1.252e+04 3 0)
|        ( - 4.538e+02 1 0))
|    ( QUESTION2_1_L -1 5.443e+03 3.072e+02 3.184e+02
|        ( QUESTION4 -1 1.414e+03 1.191e+02 9.369e+01
|            ( - 9.020e+02 2 0)
|            ( - 3.925e+02 1 0))
|        ( QUESTION5 -1 3.722e+03 2.589e+02 2.247e+02
|            ( QUESTION6 -1 1.387e+03 1.504e+02 9.591e+01
|                ( - 4.500e+02 1 0)
|                ( - 7.868e+02 1 0))
|            ( QUESTION0_0_R 1 2.076e+03 1.344e+02 1.288e+02
|                ( - 1.859e+03 2 0 SILENCE -1 1.005e+02 1.218e+02)
|                ( - 8.230e+01 2 0 QUESTION0_10_R 1 2.713e+01 7.000e+00)))))
s>    ( QUESTION0 -1 1.903e+04 4.047e+02 1.076e+03
s>        ( QUESTION2_0_L -1 1.319e+04 2.086e+02 7.575e+02
s>            ( - 1.252e+04 3 0)
s>            ( - 4.538e+02 1 0))
s>        ( QUESTION2_1_L -1 5.443e+03 3.072e+02 3.184e+02
s>            ( QUESTION4 -1 1.414e+03 1.191e+02 9.369e+01
s>                ( - 9.020e+02 2 0)
s>                ( - 3.925e+02 1 0))
s>            ( QUESTION5 -1 3.722e+03 2.589e+02 2.247e+02
s>                ( QUESTION6 -1 1.387e+03 1.504e+02 9.591e+01
s>                    ( - 4.500e+02 1 0)
s>                    ( - 7.868e+02 1 0))
s>                ( QUESTION0_0_R 1 2.076e+03 1.344e+02 1.288e+02
s>                    ( - 1.859e+03 2 0 SILENCE -1 1.005e+02 1.218e+02)
s>                    ( - 8.230e+01 2 0 QUESTION0_10_R 1 2.713e+01 7.000e+00)))))INFO: dtree.c(1439): stop. leaf nodes are specific
INFO: dtree.c(1478): Final simple tree
|( QUESTION6 -1 2.112e+04 6.339e+02 1.123e+03
|    ( QUESTION0_0_R 1 1.828e+03 2.260e+02 1.188e+02
|        ( - 5.686e+02 1 0)
|        ( QUESTION0_8_R 1 1.033e+03 3.725e+01 7.411e+01
|            ( - 9.694e+00 1 0)
|            ( - 9.863e+02 1 0)))
|    ( QUESTION2 -1 1.866e+04 3.473e+02 1.005e+03
|        ( - 7.398e+03 1 0)
|        ( WDBNDRY_B 0 1.091e+04 9.582e+01 5.996e+02
|            ( - 1.074e+04 2 0)
|            ( - 7.637e+01 1 0))))
s>    ( QUESTION6 -1 2.112e+04 6.339e+02 1.123e+03
s>        ( QUESTION0_0_R 1 1.828e+03 2.260e+02 1.188e+02
s>            ( - 5.686e+02 1 0)
s>            ( QUESTION0_8_R 1 1.033e+03 3.725e+01 7.411e+01
s>                ( - 9.694e+00 1 0)
s>                ( - 9.863e+02 1 0)))
s>        ( QUESTION2 -1 1.866e+04 3.473e+02 1.005e+03
s>            ( - 7.398e+03 1 0)
s>            ( WDBNDRY_B 0 1.091e+04 9.582e+01 5.996e+02
s>                ( - 1.074e+04 2 0)
s>                ( - 7.637e+01 1 0))))INFO: dtree.c(1315): Comp split 1
INFO: dtree.c(1439): stop. leaf nodes are specific
INFO: dtree.c(1478): Final simple tree
|( QUESTION2 -1 1.866e+04 3.473e+02 1.005e+03
|    ( - 7.398e+03 1 0)
|    ( WDBNDRY_B 0 1.091e+04 9.582e+01 5.996e+02
|        ( - 1.074e+04 2 0)
|        ( - 7.637e+01 1 0)))
s>    ( QUESTION2 -1 1.866e+04 3.473e+02 1.005e+03
s>        ( - 7.398e+03 1 0)
s>        ( WDBNDRY_B 0 1.091e+04 9.582e+01 5.996e+02
s>            ( - 1.074e+04 2 0)
s>            ( - 7.637e+01 1 0)))INFO: dtree.c(1439): stop. leaf nodes are specific
INFO: dtree.c(1478): Final simple tree
|( QUESTION0_0_R 1 1.828e+03 2.260e+02 1.188e+02
|    ( - 5.686e+02 1 0)
|    ( QUESTION0_8_R 1 1.033e+03 3.725e+01 7.411e+01
|        ( - 9.694e+00 1 0)
|        ( - 9.863e+02 1 0)))
s>    ( QUESTION0_0_R 1 1.828e+03 2.260e+02 1.188e+02
s>        ( - 5.686e+02 1 0)
s>        ( QUESTION0_8_R 1 1.033e+03 3.725e+01 7.411e+01
s>            ( - 9.694e+00 1 0)
s>            ( - 9.863e+02 1 0)))INFO: dtree.c(1315): Comp split 2
INFO: dtree.c(1439): stop. leaf nodes are specific
INFO: dtree.c(1478): Final simple tree
|( QUESTION2_3_L -1 1.381e+04 2.144e+02 7.939e+02
|    ( - 1.252e+04 3 0)
|    ( QUESTION0 -1 1.069e+03 1.648e+02 7.225e+01
|        ( - 4.538e+02 1 0)
|        ( - 4.500e+02 1 0)))
s>    ( QUESTION2_3_L -1 1.381e+04 2.144e+02 7.939e+02
s>        ( - 1.252e+04 3 0)
s>        ( QUESTION0 -1 1.069e+03 1.648e+02 7.225e+01
s>            ( - 4.538e+02 1 0)
s>            ( - 4.500e+02 1 0)))INFO: dtree.c(1439): stop. leaf nodes are specific
INFO: dtree.c(1478): Final simple tree
|( SILENCE -1 4.815e+03 2.906e+02 2.819e+02
|    ( QUESTION0_0_R 1 1.832e+03 1.321e+02 1.148e+02
|        ( - 1.618e+03 1 0)
|        ( QUESTION0_10_R 1 8.230e+01 2.713e+01 7.000e+00
|            ( - 2.721e+01 1 0)
|            ( - 2.797e+01 1 0)))
|    ( QUESTION16 -1 2.692e+03 2.255e+02 1.671e+02
|        ( - 7.868e+02 1 0)
|        ( QUESTION2_1_L -1 1.679e+03 1.250e+02 1.077e+02
|            ( QUESTION4 -1 1.414e+03 1.191e+02 9.369e+01
|                ( - 9.020e+02 2 0)
|                ( - 3.925e+02 1 0))
|            ( - 1.408e+02 1 0))))
s>    ( SILENCE -1 4.815e+03 2.906e+02 2.819e+02
s>        ( QUESTION0_0_R 1 1.832e+03 1.321e+02 1.148e+02
s>            ( - 1.618e+03 1 0)
s>            ( QUESTION0_10_R 1 8.230e+01 2.713e+01 7.000e+00
s>                ( - 2.721e+01 1 0)
s>                ( - 2.797e+01 1 0)))
s>        ( QUESTION16 -1 2.692e+03 2.255e+02 1.671e+02
s>            ( - 7.868e+02 1 0)
s>            ( QUESTION2_1_L -1 1.679e+03 1.250e+02 1.077e+02
s>                ( QUESTION4 -1 1.414e+03 1.191e+02 9.369e+01
s>                    ( - 9.020e+02 2 0)
s>                    ( - 3.925e+02 1 0))
s>                ( - 1.408e+02 1 0))))INFO: dtree.c(1315): Comp split 3
INFO: dtree.c(1439): stop. leaf nodes are specific
INFO: dtree.c(1478): Final simple tree
|( WDBNDRY_B 0 1.091e+04 9.582e+01 5.996e+02
|    ( - 1.074e+04 2 0)
|    ( - 7.637e+01 1 0))
s>    ( WDBNDRY_B 0 1.091e+04 9.582e+01 5.996e+02
s>        ( - 1.074e+04 2 0)
s>        ( - 7.637e+01 1 0))INFO: dtree.c(1315): Comp split 4
INFO: dtree.c(1439): stop. leaf nodes are specific
INFO: dtree.c(1478): Final simple tree
|( QUESTION0_0_R 1 2.076e+03 1.344e+02 1.288e+02
|    ( SILENCE -1 1.859e+03 1.005e+02 1.218e+02
|        ( - 1.618e+03 1 0)
|        ( - 1.408e+02 1 0))
|    ( QUESTION0_10_R 1 8.230e+01 2.713e+01 7.000e+00
|        ( - 2.721e+01 1 0)
|        ( - 2.797e+01 1 0)))
s>    ( QUESTION0_0_R 1 2.076e+03 1.344e+02 1.288e+02
s>        ( SILENCE -1 1.859e+03 1.005e+02 1.218e+02
s>            ( - 1.618e+03 1 0)
s>            ( - 1.408e+02 1 0))
s>        ( QUESTION0_10_R 1 8.230e+01 2.713e+01 7.000e+00
s>            ( - 2.721e+01 1 0)
s>            ( - 2.797e+01 1 0)))INFO: dtree.c(1439): stop. leaf nodes are specific
INFO: dtree.c(1478): Final simple tree
|( QUESTION16 -1 2.414e+03 2.131e+02 1.531e+02
|    ( - 7.868e+02 1 0)
|    ( QUESTION4 -1 1.414e+03 1.191e+02 9.369e+01
|        ( - 9.020e+02 2 0)
|        ( - 3.925e+02 1 0)))
s>    ( QUESTION16 -1 2.414e+03 2.131e+02 1.531e+02
s>        ( - 7.868e+02 1 0)
s>        ( QUESTION4 -1 1.414e+03 1.191e+02 9.369e+01
s>            ( - 9.020e+02 2 0)
s>            ( - 3.925e+02 1 0)))INFO: dtree.c(1315): Comp split 5
INFO: dtree.c(1439): stop. leaf nodes are specific
INFO: dtree.c(1478): Final simple tree
|( QUESTION0_8_R 1 1.033e+03 3.725e+01 7.411e+01
|    ( - 9.694e+00 1 0)
|    ( - 9.863e+02 1 0))
s>    ( QUESTION0_8_R 1 1.033e+03 3.725e+01 7.411e+01
s>        ( - 9.694e+00 1 0)
s>        ( - 9.863e+02 1 0))INFO: dtree.c(1315): Comp split 6
INFO: dtree.c(1439): stop. leaf nodes are specific
INFO: dtree.c(1478): Final simple tree
|( QUESTION0 -1 1.069e+03 1.648e+02 7.225e+01
|    ( - 4.538e+02 1 0)
|    ( - 4.500e+02 1 0))
s>    ( QUESTION0 -1 1.069e+03 1.648e+02 7.225e+01
s>        ( - 4.538e+02 1 0)
s>        ( - 4.500e+02 1 0))INFO: dtree.c(1315): Comp split 7
INFO: dtree.c(1439): stop. leaf nodes are specific
INFO: dtree.c(1478): Final simple tree
|( QUESTION4 -1 1.414e+03 1.191e+02 9.369e+01
|    ( - 9.020e+02 2 0)
|    ( - 3.925e+02 1 0))
s>    ( QUESTION4 -1 1.414e+03 1.191e+02 9.369e+01
s>        ( - 9.020e+02 2 0)
s>        ( - 3.925e+02 1 0))INFO: dtree.c(1315): Comp split 8
INFO: dtree.c(1315): Comp split 9
INFO: dtree.c(1439): stop. leaf nodes are specific
INFO: dtree.c(1478): Final simple tree
|( SILENCE -1 2.963e+02 7.318e+01 2.100e+01
|    ( QUESTION0_10_R 1 8.230e+01 2.713e+01 7.000e+00
|        ( - 2.721e+01 1 0)
|        ( - 2.797e+01 1 0))
|    ( - 1.408e+02 1 0))
s>    ( SILENCE -1 2.963e+02 7.318e+01 2.100e+01
s>        ( QUESTION0_10_R 1 8.230e+01 2.713e+01 7.000e+00
s>            ( - 2.721e+01 1 0)
s>            ( - 2.797e+01 1 0))
s>        ( - 1.408e+02 1 0))INFO: dtree.c(1315): Comp split 10
INFO: dtree.c(1315): Comp split 11
INFO: dtree.c(1315): Comp split 12
INFO: dtree.c(1439): stop. leaf nodes are specific
INFO: dtree.c(1478): Final simple tree
|( QUESTION0_10_R 1 8.230e+01 2.713e+01 7.000e+00
|    ( - 2.721e+01 1 0)
|    ( - 2.797e+01 1 0))
s>    ( QUESTION0_10_R 1 8.230e+01 2.713e+01 7.000e+00
s>        ( - 2.721e+01 1 0)
s>        ( - 2.797e+01 1 0))INFO: dtree.c(1315): Comp split 13
INFO: dtree.c(1315): Comp split 14
INFO: dtree.c(1315): Comp split 15
INFO: dtree.c(1318): stop. leaf nodes are specific
Mon May 23 22:39:45 2022
