Current configuration:
[NAME]		[DEFLT]	[VALUE]
-allphones	no	no
-cntthresh	0.00001	1.000000e-05
-csplitmax	100	2000
-csplitmin	1	1
-csplitthr	8e-4	0.000000e+00
-example	no	no
-fullvar	no	no
-help		no	no
-meanfn			
-mixwfn			/home/rakha/Kuliah/Semester8/nlp/speech-sphinx/train-new-model/an4-master/model_parameters/an4.cd_ptm_untied/mixture_weights
-moddeffn		/home/rakha/Kuliah/Semester8/nlp/speech-sphinx/train-new-model/an4-master/model_architecture/an4.untied.mdef
-mwfloor	1e-4	1.000000e-08
-phone			HH
-psetfn			/home/rakha/Kuliah/Semester8/nlp/speech-sphinx/train-new-model/an4-master/model_architecture/an4.tree_questions
-ssplitmax	5	7
-ssplitmin	1	1
-ssplitthr	8e-4	0.000000e+00
-state			2
-stwt			1.0,0.05,0.0,
-treefn			/home/rakha/Kuliah/Semester8/nlp/speech-sphinx/train-new-model/an4-master/trees/an4.unpruned/HH-2.dtree
-ts2cbfn	.semi.	.semi.
-varfloor	0.00001	1.000000e-05
-varfn			

INFO: main.c(223): Reading: /home/rakha/Kuliah/Semester8/nlp/speech-sphinx/train-new-model/an4-master/model_architecture/an4.untied.mdef
INFO: model_def_io.c(573): Model definition info:
INFO: model_def_io.c(574): 1618 total models defined (34 base, 1584 tri)
INFO: model_def_io.c(575): 6472 total states
INFO: model_def_io.c(576): 4854 total tied states
INFO: model_def_io.c(577): 102 total tied CI states
INFO: model_def_io.c(578): 34 total tied transition matrices
INFO: model_def_io.c(579): 4 max state/model
INFO: model_def_io.c(580): 4 min state/model
INFO: main.c(242): Building trees for [HH AH AE b] through [HH V W b]
INFO: main.c(269): Covering states |[1746 1808]| == 63
INFO: main.c(275): Reading: /home/rakha/Kuliah/Semester8/nlp/speech-sphinx/train-new-model/an4-master/model_parameters/an4.cd_ptm_untied/mixture_weights
INFO: s3mixw_io.c(173): Read /home/rakha/Kuliah/Semester8/nlp/speech-sphinx/train-new-model/an4-master/model_parameters/an4.cd_ptm_untied/mixture_weights [63x4x64 array]
INFO: main.c(311): 21 of 21 models have observation count greater than 0.000010
INFO: main.c(95): nrm stwt: 0.000 0.048 0.952 
INFO: main.c(411): 21-class entropy: 1.361815e+04
INFO: main.c(549): Reading: /home/rakha/Kuliah/Semester8/nlp/speech-sphinx/train-new-model/an4-master/model_architecture/an4.tree_questions
INFO: main.c(588): 180 total simple questions (172 phone; 8 word bndry)
INFO: main.c(590): 42 Left Only questions, and 42 Right Only questions
INFO: dtree.c(1478): Final simple tree
|( QUESTION2_2_L -1 1.668e+04 7.815e+02 8.794e+02
|    ( QUESTION0 -1 9.296e+03 3.432e+02 5.045e+02
|        ( QUESTION1 -1 6.208e+03 2.584e+02 3.466e+02
|            ( - 2.780e+03 3 0)
|            ( - 3.170e+03 3 0))
|        ( QUESTION4 -1 2.745e+03 1.932e+02 1.579e+02
|            ( - 8.212e+02 2 0)
|            ( - 1.730e+03 4 0 QUESTION2_8_L -1 1.414e+02 1.054e+02)))
|    ( SILENCE -1 6.602e+03 2.446e+02 3.749e+02
|        ( QUESTION0_8_R 1 4.930e+03 2.118e+02 2.944e+02
|            ( - 4.549e+03 1 0)
|            ( - 1.692e+02 1 0))
|        ( QUESTION4 -1 1.428e+03 1.633e+02 8.058e+01
|            ( - 4.941e+02 2 0)
|            ( - 7.701e+02 5 0 QUESTION6 -1 9.372e+01 4.659e+01))))
s>    ( QUESTION2_2_L -1 1.668e+04 7.815e+02 8.794e+02
s>        ( QUESTION0 -1 9.296e+03 3.432e+02 5.045e+02
s>            ( QUESTION1 -1 6.208e+03 2.584e+02 3.466e+02
s>                ( - 2.780e+03 3 0)
s>                ( - 3.170e+03 3 0))
s>            ( QUESTION4 -1 2.745e+03 1.932e+02 1.579e+02
s>                ( - 8.212e+02 2 0)
s>                ( - 1.730e+03 4 0 QUESTION2_8_L -1 1.414e+02 1.054e+02)))
s>        ( SILENCE -1 6.602e+03 2.446e+02 3.749e+02
s>            ( QUESTION0_8_R 1 4.930e+03 2.118e+02 2.944e+02
s>                ( - 4.549e+03 1 0)
s>                ( - 1.692e+02 1 0))
s>            ( QUESTION4 -1 1.428e+03 1.633e+02 8.058e+01
s>                ( - 4.941e+02 2 0)
s>                ( - 7.701e+02 5 0 QUESTION6 -1 9.372e+01 4.659e+01))))INFO: dtree.c(1315): Comp split 0
INFO: dtree.c(1478): Final simple tree
|( QUESTION2_3_L -1 1.031e+04 3.502e+02 5.511e+02
|    ( QUESTION1 -1 6.208e+03 2.584e+02 3.466e+02
|        ( - 2.780e+03 3 0)
|        ( - 3.170e+03 3 0))
|    ( QUESTION2_2_L -1 3.751e+03 2.364e+02 2.045e+02
|        ( QUESTION4 -1 2.745e+03 1.932e+02 1.579e+02
|            ( - 8.212e+02 2 0)
|            ( QUESTION2_8_L -1 1.730e+03 1.414e+02 1.054e+02
|                ( - 8.984e+02 1 0)
|                ( - 6.903e+02 3 0 QUESTION6 -1 2.697e+01 4.711e+01)))
|        ( QUESTION6 -1 7.701e+02 9.372e+01 4.659e+01
|            ( - 4.013e+02 2 0)
|            ( QUESTION0 -1 2.751e+02 6.712e+01 1.908e+01
|                ( - 5.973e+01 2 0 QUESTION0_0_R 1 2.261e+01 6.000e+00)
|                ( - 1.483e+02 1 0)))))
s>    ( QUESTION2_3_L -1 1.031e+04 3.502e+02 5.511e+02
s>        ( QUESTION1 -1 6.208e+03 2.584e+02 3.466e+02
s>            ( - 2.780e+03 3 0)
s>            ( - 3.170e+03 3 0))
s>        ( QUESTION2_2_L -1 3.751e+03 2.364e+02 2.045e+02
s>            ( QUESTION4 -1 2.745e+03 1.932e+02 1.579e+02
s>                ( - 8.212e+02 2 0)
s>                ( QUESTION2_8_L -1 1.730e+03 1.414e+02 1.054e+02
s>                    ( - 8.984e+02 1 0)
s>                    ( - 6.903e+02 3 0 QUESTION6 -1 2.697e+01 4.711e+01)))
s>            ( QUESTION6 -1 7.701e+02 9.372e+01 4.659e+01
s>                ( - 4.013e+02 2 0)
s>                ( QUESTION0 -1 2.751e+02 6.712e+01 1.908e+01
s>                    ( - 5.973e+01 2 0 QUESTION0_0_R 1 2.261e+01 6.000e+00)
s>                    ( - 1.483e+02 1 0)))))INFO: dtree.c(1439): stop. leaf nodes are specific
INFO: dtree.c(1478): Final simple tree
|( QUESTION0_8_R 1 5.587e+03 2.120e+02 3.283e+02
|    ( SILENCE -1 5.206e+03 1.629e+02 3.155e+02
|        ( - 4.549e+03 1 0)
|        ( - 4.941e+02 2 0))
|    ( - 1.692e+02 1 0))
s>    ( QUESTION0_8_R 1 5.587e+03 2.120e+02 3.283e+02
s>        ( SILENCE -1 5.206e+03 1.629e+02 3.155e+02
s>            ( - 4.549e+03 1 0)
s>            ( - 4.941e+02 2 0))
s>        ( - 1.692e+02 1 0))INFO: dtree.c(1315): Comp split 1
INFO: dtree.c(1439): stop. leaf nodes are specific
INFO: dtree.c(1478): Final simple tree
|( QUESTION5 -1 2.912e+03 2.144e+02 1.639e+02
|    ( QUESTION2_8_L -1 1.730e+03 1.414e+02 1.054e+02
|        ( - 8.984e+02 1 0)
|        ( QUESTION6 -1 6.903e+02 2.697e+01 4.711e+01
|            ( - 1.404e+01 1 0)
|            ( - 6.493e+02 2 0)))
|    ( QUESTION0 -1 9.678e+02 8.688e+01 5.847e+01
|        ( QUESTION0_0_R 1 5.973e+01 2.261e+01 6.000e+00
|            ( - 8.000e+00 1 0)
|            ( - 2.912e+01 1 0))
|        ( - 8.212e+02 2 0)))
s>    ( QUESTION5 -1 2.912e+03 2.144e+02 1.639e+02
s>        ( QUESTION2_8_L -1 1.730e+03 1.414e+02 1.054e+02
s>            ( - 8.984e+02 1 0)
s>            ( QUESTION6 -1 6.903e+02 2.697e+01 4.711e+01
s>                ( - 1.404e+01 1 0)
s>                ( - 6.493e+02 2 0)))
s>        ( QUESTION0 -1 9.678e+02 8.688e+01 5.847e+01
s>            ( QUESTION0_0_R 1 5.973e+01 2.261e+01 6.000e+00
s>                ( - 8.000e+00 1 0)
s>                ( - 2.912e+01 1 0))
s>            ( - 8.212e+02 2 0)))INFO: dtree.c(1439): stop. leaf nodes are specific
INFO: dtree.c(1478): Final simple tree
|( QUESTION1 -1 7.038e+03 2.829e+02 3.872e+02
|    ( - 2.780e+03 3 0)
|    ( QUESTION0 -1 3.975e+03 1.793e+02 2.213e+02
|        ( - 3.170e+03 3 0)
|        ( QUESTION6 -1 6.257e+02 7.611e+01 4.059e+01
|            ( - 4.013e+02 2 0)
|            ( - 1.483e+02 1 0))))
s>    ( QUESTION1 -1 7.038e+03 2.829e+02 3.872e+02
s>        ( - 2.780e+03 3 0)
s>        ( QUESTION0 -1 3.975e+03 1.793e+02 2.213e+02
s>            ( - 3.170e+03 3 0)
s>            ( QUESTION6 -1 6.257e+02 7.611e+01 4.059e+01
s>                ( - 4.013e+02 2 0)
s>                ( - 1.483e+02 1 0))))INFO: dtree.c(1315): Comp split 2
INFO: dtree.c(1439): stop. leaf nodes are specific
INFO: dtree.c(1478): Final simple tree
|( QUESTION0 -1 3.975e+03 1.793e+02 2.213e+02
|    ( - 3.170e+03 3 0)
|    ( QUESTION6 -1 6.257e+02 7.611e+01 4.059e+01
|        ( - 4.013e+02 2 0)
|        ( - 1.483e+02 1 0)))
s>    ( QUESTION0 -1 3.975e+03 1.793e+02 2.213e+02
s>        ( - 3.170e+03 3 0)
s>        ( QUESTION6 -1 6.257e+02 7.611e+01 4.059e+01
s>            ( - 4.013e+02 2 0)
s>            ( - 1.483e+02 1 0)))INFO: dtree.c(1315): Comp split 3
INFO: dtree.c(1439): stop. leaf nodes are specific
INFO: dtree.c(1478): Final simple tree
|( SILENCE -1 7.846e+02 1.213e+02 4.689e+01
|    ( - 1.692e+02 1 0)
|    ( - 4.941e+02 2 0))
s>    ( SILENCE -1 7.846e+02 1.213e+02 4.689e+01
s>        ( - 1.692e+02 1 0)
s>        ( - 4.941e+02 2 0))INFO: dtree.c(1315): Comp split 4
INFO: dtree.c(1439): stop. leaf nodes are specific
INFO: dtree.c(1478): Final simple tree
|( QUESTION0 -1 9.678e+02 8.688e+01 5.847e+01
|    ( QUESTION0_0_R 1 5.973e+01 2.261e+01 6.000e+00
|        ( - 8.000e+00 1 0)
|        ( - 2.912e+01 1 0))
|    ( - 8.212e+02 2 0))
s>    ( QUESTION0 -1 9.678e+02 8.688e+01 5.847e+01
s>        ( QUESTION0_0_R 1 5.973e+01 2.261e+01 6.000e+00
s>            ( - 8.000e+00 1 0)
s>            ( - 2.912e+01 1 0))
s>        ( - 8.212e+02 2 0))INFO: dtree.c(1439): stop. leaf nodes are specific
INFO: dtree.c(1478): Final simple tree
|( QUESTION2_8_L -1 1.730e+03 1.414e+02 1.054e+02
|    ( - 8.984e+02 1 0)
|    ( QUESTION6 -1 6.903e+02 2.697e+01 4.711e+01
|        ( - 1.404e+01 1 0)
|        ( - 6.493e+02 2 0)))
s>    ( QUESTION2_8_L -1 1.730e+03 1.414e+02 1.054e+02
s>        ( - 8.984e+02 1 0)
s>        ( QUESTION6 -1 6.903e+02 2.697e+01 4.711e+01
s>            ( - 1.404e+01 1 0)
s>            ( - 6.493e+02 2 0)))INFO: dtree.c(1315): Comp split 5
INFO: dtree.c(1439): stop. leaf nodes are specific
INFO: dtree.c(1478): Final simple tree
|( QUESTION6 -1 6.257e+02 7.611e+01 4.059e+01
|    ( - 4.013e+02 2 0)
|    ( - 1.483e+02 1 0))
s>    ( QUESTION6 -1 6.257e+02 7.611e+01 4.059e+01
s>        ( - 4.013e+02 2 0)
s>        ( - 1.483e+02 1 0))INFO: dtree.c(1315): Comp split 6
INFO: dtree.c(1439): stop. leaf nodes are specific
INFO: dtree.c(1478): Final simple tree
|( QUESTION6 -1 6.903e+02 2.697e+01 4.711e+01
|    ( - 1.404e+01 1 0)
|    ( - 6.493e+02 2 0))
s>    ( QUESTION6 -1 6.903e+02 2.697e+01 4.711e+01
s>        ( - 1.404e+01 1 0)
s>        ( - 6.493e+02 2 0))INFO: dtree.c(1315): Comp split 7
INFO: dtree.c(1315): Comp split 8
INFO: dtree.c(1439): stop. leaf nodes are specific
INFO: dtree.c(1478): Final simple tree
|( QUESTION0_0_R 1 5.973e+01 2.261e+01 6.000e+00
|    ( - 8.000e+00 1 0)
|    ( - 2.912e+01 1 0))
s>    ( QUESTION0_0_R 1 5.973e+01 2.261e+01 6.000e+00
s>        ( - 8.000e+00 1 0)
s>        ( - 2.912e+01 1 0))INFO: dtree.c(1315): Comp split 9
INFO: dtree.c(1315): Comp split 10
INFO: dtree.c(1315): Comp split 11
INFO: dtree.c(1315): Comp split 12
INFO: dtree.c(1318): stop. leaf nodes are specific
Mon May 23 22:39:49 2022
