Current configuration:
[NAME]		[DEFLT]	[VALUE]
-allphones	no	no
-cntthresh	0.00001	1.000000e-05
-csplitmax	100	2000
-csplitmin	1	1
-csplitthr	8e-4	0.000000e+00
-example	no	no
-fullvar	no	no
-help		no	no
-meanfn			
-mixwfn			/home/rakha/Kuliah/Semester8/nlp/speech-sphinx/train-new-model/an4-master/model_parameters/an4.cd_ptm_untied/mixture_weights
-moddeffn		/home/rakha/Kuliah/Semester8/nlp/speech-sphinx/train-new-model/an4-master/model_architecture/an4.untied.mdef
-mwfloor	1e-4	1.000000e-08
-phone			OW
-psetfn			/home/rakha/Kuliah/Semester8/nlp/speech-sphinx/train-new-model/an4-master/model_architecture/an4.tree_questions
-ssplitmax	5	7
-ssplitmin	1	1
-ssplitthr	8e-4	0.000000e+00
-state			0
-stwt			1.0,0.05,0.0,
-treefn			/home/rakha/Kuliah/Semester8/nlp/speech-sphinx/train-new-model/an4-master/trees/an4.unpruned/OW-0.dtree
-ts2cbfn	.semi.	.semi.
-varfloor	0.00001	1.000000e-05
-varfn			

INFO: main.c(223): Reading: /home/rakha/Kuliah/Semester8/nlp/speech-sphinx/train-new-model/an4-master/model_architecture/an4.untied.mdef
INFO: model_def_io.c(573): Model definition info:
INFO: model_def_io.c(574): 1618 total models defined (34 base, 1584 tri)
INFO: model_def_io.c(575): 6472 total states
INFO: model_def_io.c(576): 4854 total tied states
INFO: model_def_io.c(577): 102 total tied CI states
INFO: model_def_io.c(578): 34 total tied transition matrices
INFO: model_def_io.c(579): 4 max state/model
INFO: model_def_io.c(580): 4 min state/model
INFO: main.c(242): Building trees for [OW AY AA s] through [OW V SIL s]
INFO: main.c(269): Covering states |[3225 3578]| == 354
INFO: main.c(275): Reading: /home/rakha/Kuliah/Semester8/nlp/speech-sphinx/train-new-model/an4-master/model_parameters/an4.cd_ptm_untied/mixture_weights
INFO: s3mixw_io.c(173): Read /home/rakha/Kuliah/Semester8/nlp/speech-sphinx/train-new-model/an4-master/model_parameters/an4.cd_ptm_untied/mixture_weights [354x4x64 array]
INFO: main.c(311): 118 of 118 models have observation count greater than 0.000010
INFO: main.c(95): nrm stwt: 0.952 0.048 0.000 
INFO: main.c(411): 118-class entropy: 3.093184e+04
INFO: main.c(549): Reading: /home/rakha/Kuliah/Semester8/nlp/speech-sphinx/train-new-model/an4-master/model_architecture/an4.tree_questions
INFO: main.c(588): 180 total simple questions (172 phone; 8 word bndry)
INFO: main.c(590): 42 Left Only questions, and 42 Right Only questions
INFO: dtree.c(1478): Final simple tree
|( WDBNDRY_E 0 4.978e+04 1.206e+03 2.287e+03
|    ( QUESTION20 -1 4.204e+03 4.611e+02 2.444e+02
|        ( - 1.295e+03 7 0 SILENCE 1 1.505e+02 7.669e+01)
|        ( - 2.448e+03 2 0 QUESTION4 -1 1.936e+02 1.677e+02))
|    ( QUESTION1 -1 4.437e+04 6.668e+02 2.043e+03
|        ( - 1.108e+04 18 0 QUESTION0_9_R 1 3.515e+02 5.417e+02)
|        ( QUESTION2_3_L -1 3.263e+04 6.066e+02 1.501e+03
|            ( - 6.579e+03 22 0 QUESTION0 1 3.169e+02 3.187e+02)
|            ( QUESTION2_5_L -1 2.544e+04 5.503e+02 1.183e+03
|                ( - 5.776e+03 15 0 QUESTION0_15_R 1 4.024e+02 2.907e+02)
|                ( QUESTION16 -1 1.911e+04 5.040e+02 8.919e+02
|                    ( - 5.320e+03 18 0 QUESTION0_8_R 1 3.293e+02 2.633e+02)
|                    ( QUESTION0_13_R 1 1.329e+04 4.080e+02 6.286e+02
|                        ( - 5.081e+03 11 0 QUESTION2_1_L -1 3.029e+02 2.449e+02)
|                        ( - 7.802e+03 25 0 QUESTION4 -1 3.462e+02 3.837e+02)))))))
s>    ( WDBNDRY_E 0 4.978e+04 1.206e+03 2.287e+03
s>        ( QUESTION20 -1 4.204e+03 4.611e+02 2.444e+02
s>            ( - 1.295e+03 7 0 SILENCE 1 1.505e+02 7.669e+01)
s>            ( - 2.448e+03 2 0 QUESTION4 -1 1.936e+02 1.677e+02))
s>        ( QUESTION1 -1 4.437e+04 6.668e+02 2.043e+03
s>            ( - 1.108e+04 18 0 QUESTION0_9_R 1 3.515e+02 5.417e+02)
s>            ( QUESTION2_3_L -1 3.263e+04 6.066e+02 1.501e+03
s>                ( - 6.579e+03 22 0 QUESTION0 1 3.169e+02 3.187e+02)
s>                ( QUESTION2_5_L -1 2.544e+04 5.503e+02 1.183e+03
s>                    ( - 5.776e+03 15 0 QUESTION0_15_R 1 4.024e+02 2.907e+02)
s>                    ( QUESTION16 -1 1.911e+04 5.040e+02 8.919e+02
s>                        ( - 5.320e+03 18 0 QUESTION0_8_R 1 3.293e+02 2.633e+02)
s>                        ( QUESTION0_13_R 1 1.329e+04 4.080e+02 6.286e+02
s>                            ( - 5.081e+03 11 0 QUESTION2_1_L -1 3.029e+02 2.449e+02)
s>                            ( - 7.802e+03 25 0 QUESTION4 -1 3.462e+02 3.837e+02)))))))INFO: dtree.c(1315): Comp split 0
INFO: dtree.c(1478): Final simple tree
|( QUESTION1 -1 4.437e+04 6.668e+02 2.043e+03
|    ( QUESTION0_9_R 1 1.108e+04 3.515e+02 5.417e+02
|        ( - 5.699e+03 7 0 QUESTION0_15_R 1 3.048e+02 2.884e+02)
|        ( - 5.025e+03 11 0 QUESTION3 1 3.147e+02 2.532e+02))
|    ( QUESTION2_3_L -1 3.263e+04 6.066e+02 1.501e+03
|        ( - 6.579e+03 22 0 QUESTION0 1 3.169e+02 3.187e+02)
|        ( QUESTION2_5_L -1 2.544e+04 5.503e+02 1.183e+03
|            ( QUESTION0_15_R 1 5.776e+03 4.024e+02 2.907e+02
|                ( - 1.985e+03 6 0 QUESTION10 1 2.422e+02 1.050e+02)
|                ( - 3.389e+03 9 0 QUESTION0_8_R 1 2.656e+02 1.857e+02))
|            ( QUESTION16 -1 1.911e+04 5.040e+02 8.919e+02
|                ( - 5.320e+03 18 0 QUESTION0_8_R 1 3.293e+02 2.633e+02)
|                ( QUESTION0_13_R 1 1.329e+04 4.080e+02 6.286e+02
|                    ( - 5.081e+03 11 0 QUESTION2_1_L -1 3.029e+02 2.449e+02)
|                    ( - 7.802e+03 25 0 QUESTION4 -1 3.462e+02 3.837e+02))))))
s>    ( QUESTION1 -1 4.437e+04 6.668e+02 2.043e+03
s>        ( QUESTION0_9_R 1 1.108e+04 3.515e+02 5.417e+02
s>            ( - 5.699e+03 7 0 QUESTION0_15_R 1 3.048e+02 2.884e+02)
s>            ( - 5.025e+03 11 0 QUESTION3 1 3.147e+02 2.532e+02))
s>        ( QUESTION2_3_L -1 3.263e+04 6.066e+02 1.501e+03
s>            ( - 6.579e+03 22 0 QUESTION0 1 3.169e+02 3.187e+02)
s>            ( QUESTION2_5_L -1 2.544e+04 5.503e+02 1.183e+03
s>                ( QUESTION0_15_R 1 5.776e+03 4.024e+02 2.907e+02
s>                    ( - 1.985e+03 6 0 QUESTION10 1 2.422e+02 1.050e+02)
s>                    ( - 3.389e+03 9 0 QUESTION0_8_R 1 2.656e+02 1.857e+02))
s>                ( QUESTION16 -1 1.911e+04 5.040e+02 8.919e+02
s>                    ( - 5.320e+03 18 0 QUESTION0_8_R 1 3.293e+02 2.633e+02)
s>                    ( QUESTION0_13_R 1 1.329e+04 4.080e+02 6.286e+02
s>                        ( - 5.081e+03 11 0 QUESTION2_1_L -1 3.029e+02 2.449e+02)
s>                        ( - 7.802e+03 25 0 QUESTION4 -1 3.462e+02 3.837e+02))))))INFO: dtree.c(1478): Final simple tree
|( QUESTION20 -1 4.204e+03 4.611e+02 2.444e+02
|    ( SILENCE 1 1.295e+03 1.505e+02 7.669e+01
|        ( - 6.789e+02 1 0)
|        ( QUESTION0_13_R 1 4.656e+02 1.054e+02 3.344e+01
|            ( QUESTION4 1 1.477e+02 4.093e+01 1.452e+01
|                ( - 7.156e+01 1 0)
|                ( - 3.519e+01 2 0 QUESTION0_16_R 1 9.358e+00 5.000e+00))
|            ( QUESTION4 1 2.125e+02 5.870e+01 1.891e+01
|                ( - 9.768e+01 1 0)
|                ( QUESTION0_8_R 1 5.612e+01 1.838e+01 6.911e+00
|                    ( - 2.974e+01 1 0)
|                    ( - 8.000e+00 1 0)))))
|    ( QUESTION4 -1 2.448e+03 1.936e+02 1.677e+02
|        ( - 1.953e+03 1 0)
|        ( - 3.022e+02 1 0)))
s>    ( QUESTION20 -1 4.204e+03 4.611e+02 2.444e+02
s>        ( SILENCE 1 1.295e+03 1.505e+02 7.669e+01
s>            ( - 6.789e+02 1 0)
s>            ( QUESTION0_13_R 1 4.656e+02 1.054e+02 3.344e+01
s>                ( QUESTION4 1 1.477e+02 4.093e+01 1.452e+01
s>                    ( - 7.156e+01 1 0)
s>                    ( - 3.519e+01 2 0 QUESTION0_16_R 1 9.358e+00 5.000e+00))
s>                ( QUESTION4 1 2.125e+02 5.870e+01 1.891e+01
s>                    ( - 9.768e+01 1 0)
s>                    ( QUESTION0_8_R 1 5.612e+01 1.838e+01 6.911e+00
s>                        ( - 2.974e+01 1 0)
s>                        ( - 8.000e+00 1 0)))))
s>        ( QUESTION4 -1 2.448e+03 1.936e+02 1.677e+02
s>            ( - 1.953e+03 1 0)
s>            ( - 3.022e+02 1 0)))INFO: dtree.c(1315): Comp split 1
INFO: dtree.c(1478): Final simple tree
|( QUESTION0 -1 1.228e+04 3.834e+02 5.820e+02
|    ( QUESTION0 1 6.579e+03 3.169e+02 3.187e+02
|        ( QUESTION0_0_R 1 2.820e+03 2.426e+02 1.439e+02
|            ( - 1.246e+03 2 0)
|            ( - 1.331e+03 6 0 QUESTION1 1 1.641e+02 7.280e+01))
|        ( QUESTION8 1 3.443e+03 2.713e+02 1.748e+02
|            ( - 1.483e+03 4 0 QUESTION0_18_R 1 1.237e+02 8.194e+01)
|            ( QUESTION0_14_R 1 1.688e+03 2.280e+02 9.282e+01
|                ( - 5.567e+02 3 0)
|                ( - 9.036e+02 7 0 QUESTION0_13_R 1 1.646e+02 5.651e+01))))
|    ( QUESTION0_8_R 1 5.320e+03 3.293e+02 2.633e+02
|        ( QUESTION2_9_L -1 1.841e+03 2.333e+02 9.789e+01
|            ( - 7.906e+02 2 0 QUESTION1 1 5.564e+01 4.589e+01)
|            ( - 8.171e+02 4 0 QUESTION2 1 1.431e+02 5.200e+01))
|        ( - 3.149e+03 12 0 QUESTION0_14_R 1 2.214e+02 1.654e+02)))
s>    ( QUESTION0 -1 1.228e+04 3.834e+02 5.820e+02
s>        ( QUESTION0 1 6.579e+03 3.169e+02 3.187e+02
s>            ( QUESTION0_0_R 1 2.820e+03 2.426e+02 1.439e+02
s>                ( - 1.246e+03 2 0)
s>                ( - 1.331e+03 6 0 QUESTION1 1 1.641e+02 7.280e+01))
s>            ( QUESTION8 1 3.443e+03 2.713e+02 1.748e+02
s>                ( - 1.483e+03 4 0 QUESTION0_18_R 1 1.237e+02 8.194e+01)
s>                ( QUESTION0_14_R 1 1.688e+03 2.280e+02 9.282e+01
s>                    ( - 5.567e+02 3 0)
s>                    ( - 9.036e+02 7 0 QUESTION0_13_R 1 1.646e+02 5.651e+01))))
s>        ( QUESTION0_8_R 1 5.320e+03 3.293e+02 2.633e+02
s>            ( QUESTION2_9_L -1 1.841e+03 2.333e+02 9.789e+01
s>                ( - 7.906e+02 2 0 QUESTION1 1 5.564e+01 4.589e+01)
s>                ( - 8.171e+02 4 0 QUESTION2 1 1.431e+02 5.200e+01))
s>            ( - 3.149e+03 12 0 QUESTION0_14_R 1 2.214e+02 1.654e+02)))INFO: dtree.c(1478): Final simple tree
|( QUESTION2_5_L -1 3.122e+04 5.675e+02 1.461e+03
|    ( QUESTION0_15_R 1 5.776e+03 4.024e+02 2.907e+02
|        ( - 1.985e+03 6 0 QUESTION10 1 2.422e+02 1.050e+02)
|        ( - 3.389e+03 9 0 QUESTION0_8_R 1 2.656e+02 1.857e+02))
|    ( QUESTION0 -1 2.487e+04 5.364e+02 1.170e+03
|        ( QUESTION0_9_R 1 1.151e+04 3.456e+02 5.637e+02
|            ( - 5.699e+03 7 0 QUESTION0_15_R 1 3.048e+02 2.884e+02)
|            ( QUESTION0 1 5.465e+03 3.240e+02 2.752e+02
|                ( - 3.297e+03 7 0 QUESTION0_0_R 1 2.179e+02 1.720e+02)
|                ( - 1.844e+03 6 0 SILENCE 1 2.057e+02 1.033e+02)))
|        ( QUESTION0_13_R 1 1.283e+04 4.156e+02 6.066e+02
|            ( - 5.081e+03 11 0 QUESTION2_1_L -1 3.029e+02 2.449e+02)
|            ( QUESTION0_9_R 1 7.330e+03 3.340e+02 3.617e+02
|                ( - 2.200e+03 6 0 QUESTION4 -1 2.315e+02 1.200e+02)
|                ( - 4.796e+03 17 0 QUESTION2 1 2.721e+02 2.417e+02)))))
s>    ( QUESTION2_5_L -1 3.122e+04 5.675e+02 1.461e+03
s>        ( QUESTION0_15_R 1 5.776e+03 4.024e+02 2.907e+02
s>            ( - 1.985e+03 6 0 QUESTION10 1 2.422e+02 1.050e+02)
s>            ( - 3.389e+03 9 0 QUESTION0_8_R 1 2.656e+02 1.857e+02))
s>        ( QUESTION0 -1 2.487e+04 5.364e+02 1.170e+03
s>            ( QUESTION0_9_R 1 1.151e+04 3.456e+02 5.637e+02
s>                ( - 5.699e+03 7 0 QUESTION0_15_R 1 3.048e+02 2.884e+02)
s>                ( QUESTION0 1 5.465e+03 3.240e+02 2.752e+02
s>                    ( - 3.297e+03 7 0 QUESTION0_0_R 1 2.179e+02 1.720e+02)
s>                    ( - 1.844e+03 6 0 SILENCE 1 2.057e+02 1.033e+02)))
s>            ( QUESTION0_13_R 1 1.283e+04 4.156e+02 6.066e+02
s>                ( - 5.081e+03 11 0 QUESTION2_1_L -1 3.029e+02 2.449e+02)
s>                ( QUESTION0_9_R 1 7.330e+03 3.340e+02 3.617e+02
s>                    ( - 2.200e+03 6 0 QUESTION4 -1 2.315e+02 1.200e+02)
s>                    ( - 4.796e+03 17 0 QUESTION2 1 2.721e+02 2.417e+02)))))INFO: dtree.c(1315): Comp split 2
INFO: dtree.c(1478): Final simple tree
|( QUESTION0_13_R 1 1.728e+04 4.408e+02 8.149e+02
|    ( QUESTION5 -1 7.347e+03 3.252e+02 3.499e+02
|        ( QUESTION6 1 2.469e+03 2.370e+02 1.250e+02
|            ( - 8.656e+02 5 0 QUESTION0_16_R 1 1.356e+02 5.000e+01)
|            ( - 1.367e+03 3 0 QUESTION0_14_R 1 1.475e+02 7.500e+01))
|        ( QUESTION2_1_L -1 4.553e+03 3.045e+02 2.249e+02
|            ( - 2.291e+03 4 0 QUESTION0_14_R 1 2.030e+02 1.169e+02)
|            ( - 1.957e+03 5 0 QUESTION0_16_R 1 2.149e+02 1.080e+02)))
|    ( QUESTION4 -1 9.487e+03 3.606e+02 4.650e+02
|        ( QUESTION7 1 3.061e+03 2.901e+02 1.569e+02
|            ( - 1.070e+03 1 0)
|            ( - 1.701e+03 6 0 QUESTION2 1 1.960e+02 8.994e+01))
|        ( QUESTION4 1 6.066e+03 2.904e+02 3.080e+02
|            ( - 1.917e+03 6 0 QUESTION0 -1 1.998e+02 1.073e+02)
|            ( - 3.859e+03 16 0 QUESTION2 1 2.232e+02 2.008e+02))))
s>    ( QUESTION0_13_R 1 1.728e+04 4.408e+02 8.149e+02
s>        ( QUESTION5 -1 7.347e+03 3.252e+02 3.499e+02
s>            ( QUESTION6 1 2.469e+03 2.370e+02 1.250e+02
s>                ( - 8.656e+02 5 0 QUESTION0_16_R 1 1.356e+02 5.000e+01)
s>                ( - 1.367e+03 3 0 QUESTION0_14_R 1 1.475e+02 7.500e+01))
s>            ( QUESTION2_1_L -1 4.553e+03 3.045e+02 2.249e+02
s>                ( - 2.291e+03 4 0 QUESTION0_14_R 1 2.030e+02 1.169e+02)
s>                ( - 1.957e+03 5 0 QUESTION0_16_R 1 2.149e+02 1.080e+02)))
s>        ( QUESTION4 -1 9.487e+03 3.606e+02 4.650e+02
s>            ( QUESTION7 1 3.061e+03 2.901e+02 1.569e+02
s>                ( - 1.070e+03 1 0)
s>                ( - 1.701e+03 6 0 QUESTION2 1 1.960e+02 8.994e+01))
s>            ( QUESTION4 1 6.066e+03 2.904e+02 3.080e+02
s>                ( - 1.917e+03 6 0 QUESTION0 -1 1.998e+02 1.073e+02)
s>                ( - 3.859e+03 16 0 QUESTION2 1 2.232e+02 2.008e+02))))INFO: dtree.c(1478): Final simple tree
|( QUESTION4 -1 1.318e+04 5.465e+02 6.461e+02
|    ( QUESTION0_8_R 1 2.908e+03 2.491e+02 1.657e+02
|        ( - 6.996e+02 2 0 QUESTION0 1 9.016e+01 5.301e+01)
|        ( - 1.959e+03 5 0 QUESTION0_10_R 1 1.780e+02 1.127e+02))
|    ( QUESTION16 1 9.727e+03 3.173e+02 4.804e+02
|        ( - 3.597e+03 3 0 QUESTION0_14_R 1 1.173e+02 1.884e+02)
|        ( QUESTION0_8_R 1 5.812e+03 2.739e+02 2.920e+02
|            ( QUESTION1 1 2.984e+03 2.250e+02 1.573e+02
|                ( - 1.470e+03 3 0)
|                ( - 1.289e+03 4 0 QUESTION1 -1 1.542e+02 7.369e+01))
|            ( QUESTION0_15_R 1 2.554e+03 2.324e+02 1.347e+02
|                ( - 1.054e+03 2 0 QUESTION0_17_R 1 1.754e+02 6.200e+01)
|                ( QUESTION0_10_R 1 1.268e+03 1.851e+02 7.270e+01
|                    ( - 3.462e+02 1 0)
|                    ( - 7.366e+02 3 0 QUESTION0_0_R 1 1.016e+02 4.465e+01))))))
s>    ( QUESTION4 -1 1.318e+04 5.465e+02 6.461e+02
s>        ( QUESTION0_8_R 1 2.908e+03 2.491e+02 1.657e+02
s>            ( - 6.996e+02 2 0 QUESTION0 1 9.016e+01 5.301e+01)
s>            ( - 1.959e+03 5 0 QUESTION0_10_R 1 1.780e+02 1.127e+02))
s>        ( QUESTION16 1 9.727e+03 3.173e+02 4.804e+02
s>            ( - 3.597e+03 3 0 QUESTION0_14_R 1 1.173e+02 1.884e+02)
s>            ( QUESTION0_8_R 1 5.812e+03 2.739e+02 2.920e+02
s>                ( QUESTION1 1 2.984e+03 2.250e+02 1.573e+02
s>                    ( - 1.470e+03 3 0)
s>                    ( - 1.289e+03 4 0 QUESTION1 -1 1.542e+02 7.369e+01))
s>                ( QUESTION0_15_R 1 2.554e+03 2.324e+02 1.347e+02
s>                    ( - 1.054e+03 2 0 QUESTION0_17_R 1 1.754e+02 6.200e+01)
s>                    ( QUESTION0_10_R 1 1.268e+03 1.851e+02 7.270e+01
s>                        ( - 3.462e+02 1 0)
s>                        ( - 7.366e+02 3 0 QUESTION0_0_R 1 1.016e+02 4.465e+01))))))INFO: dtree.c(1315): Comp split 3
INFO: dtree.c(1478): Final simple tree
|( QUESTION16 1 9.727e+03 3.173e+02 4.804e+02
|    ( - 3.597e+03 3 0 QUESTION0_14_R 1 1.173e+02 1.884e+02)
|    ( QUESTION0_8_R 1 5.812e+03 2.739e+02 2.920e+02
|        ( QUESTION1 1 2.984e+03 2.250e+02 1.573e+02
|            ( - 1.470e+03 3 0)
|            ( QUESTION1 -1 1.289e+03 1.542e+02 7.369e+01
|                ( - 8.786e+02 2 0)
|                ( - 2.567e+02 2 0 QUESTION0 -1 6.691e+01 2.000e+01)))
|        ( QUESTION0_15_R 1 2.554e+03 2.324e+02 1.347e+02
|            ( QUESTION0_17_R 1 1.054e+03 1.754e+02 6.200e+01
|                ( - 5.074e+02 1 0)
|                ( - 3.710e+02 1 0))
|            ( QUESTION0_10_R 1 1.268e+03 1.851e+02 7.270e+01
|                ( - 3.462e+02 1 0)
|                ( - 7.366e+02 3 0 QUESTION0_0_R 1 1.016e+02 4.465e+01)))))
s>    ( QUESTION16 1 9.727e+03 3.173e+02 4.804e+02
s>        ( - 3.597e+03 3 0 QUESTION0_14_R 1 1.173e+02 1.884e+02)
s>        ( QUESTION0_8_R 1 5.812e+03 2.739e+02 2.920e+02
s>            ( QUESTION1 1 2.984e+03 2.250e+02 1.573e+02
s>                ( - 1.470e+03 3 0)
s>                ( QUESTION1 -1 1.289e+03 1.542e+02 7.369e+01
s>                    ( - 8.786e+02 2 0)
s>                    ( - 2.567e+02 2 0 QUESTION0 -1 6.691e+01 2.000e+01)))
s>            ( QUESTION0_15_R 1 2.554e+03 2.324e+02 1.347e+02
s>                ( QUESTION0_17_R 1 1.054e+03 1.754e+02 6.200e+01
s>                    ( - 5.074e+02 1 0)
s>                    ( - 3.710e+02 1 0))
s>                ( QUESTION0_10_R 1 1.268e+03 1.851e+02 7.270e+01
s>                    ( - 3.462e+02 1 0)
s>                    ( - 7.366e+02 3 0 QUESTION0_0_R 1 1.016e+02 4.465e+01)))))INFO: dtree.c(1439): stop. leaf nodes are specific
INFO: dtree.c(1478): Final simple tree
|( QUESTION0_8_R 1 2.908e+03 2.491e+02 1.657e+02
|    ( QUESTION0 1 6.996e+02 9.016e+01 5.301e+01
|        ( - 7.062e+01 1 0)
|        ( - 5.388e+02 1 0))
|    ( QUESTION0_10_R 1 1.959e+03 1.780e+02 1.127e+02
|        ( - 6.396e+02 1 0)
|        ( SILENCE 1 1.142e+03 1.443e+02 6.901e+01
|            ( - 5.394e+02 1 0)
|            ( QUESTION0_2_R 1 4.578e+02 7.337e+01 3.100e+01
|                ( - 2.859e+02 1 0)
|                ( QUESTION0_0_R 1 9.858e+01 3.165e+01 9.999e+00
|                    ( - 4.443e+01 1 0)
|                    ( - 2.250e+01 1 0))))))
s>    ( QUESTION0_8_R 1 2.908e+03 2.491e+02 1.657e+02
s>        ( QUESTION0 1 6.996e+02 9.016e+01 5.301e+01
s>            ( - 7.062e+01 1 0)
s>            ( - 5.388e+02 1 0))
s>        ( QUESTION0_10_R 1 1.959e+03 1.780e+02 1.127e+02
s>            ( - 6.396e+02 1 0)
s>            ( SILENCE 1 1.142e+03 1.443e+02 6.901e+01
s>                ( - 5.394e+02 1 0)
s>                ( QUESTION0_2_R 1 4.578e+02 7.337e+01 3.100e+01
s>                    ( - 2.859e+02 1 0)
s>                    ( QUESTION0_0_R 1 9.858e+01 3.165e+01 9.999e+00
s>                        ( - 4.443e+01 1 0)
s>                        ( - 2.250e+01 1 0))))))INFO: dtree.c(1315): Comp split 4
INFO: dtree.c(1478): Final simple tree
|( QUESTION0_8_R 1 1.030e+04 3.921e+02 5.060e+02
|    ( QUESTION1 1 4.829e+03 2.904e+02 2.440e+02
|        ( - 9.165e+02 5 0 QUESTION2_1_L -1 1.427e+02 5.500e+01)
|        ( QUESTION3 -1 3.622e+03 2.329e+02 1.890e+02
|            ( - 1.278e+03 5 0 QUESTION0 1 1.559e+02 7.198e+01)
|            ( SILENCE -1 2.111e+03 1.906e+02 1.170e+02
|                ( - 1.236e+03 3 0 QUESTION0 1 1.012e+02 7.275e+01)
|                ( - 6.844e+02 1 0))))
|    ( QUESTION2_2_L -1 5.080e+03 2.696e+02 2.620e+02
|        ( QUESTION4 1 2.192e+03 1.985e+02 1.210e+02
|            ( - 7.230e+02 3 0 QUESTION0_0_R 1 1.268e+02 4.600e+01)
|            ( - 1.271e+03 7 0 QUESTION0_19_R 1 1.489e+02 7.500e+01))
|        ( QUESTION3 -1 2.618e+03 2.178e+02 1.410e+02
|            ( - 1.396e+03 7 0 QUESTION0_7_R 1 1.878e+02 7.796e+01)
|            ( - 1.005e+03 2 0 SILENCE -1 9.277e+01 6.300e+01))))
s>    ( QUESTION0_8_R 1 1.030e+04 3.921e+02 5.060e+02
s>        ( QUESTION1 1 4.829e+03 2.904e+02 2.440e+02
s>            ( - 9.165e+02 5 0 QUESTION2_1_L -1 1.427e+02 5.500e+01)
s>            ( QUESTION3 -1 3.622e+03 2.329e+02 1.890e+02
s>                ( - 1.278e+03 5 0 QUESTION0 1 1.559e+02 7.198e+01)
s>                ( SILENCE -1 2.111e+03 1.906e+02 1.170e+02
s>                    ( - 1.236e+03 3 0 QUESTION0 1 1.012e+02 7.275e+01)
s>                    ( - 6.844e+02 1 0))))
s>        ( QUESTION2_2_L -1 5.080e+03 2.696e+02 2.620e+02
s>            ( QUESTION4 1 2.192e+03 1.985e+02 1.210e+02
s>                ( - 7.230e+02 3 0 QUESTION0_0_R 1 1.268e+02 4.600e+01)
s>                ( - 1.271e+03 7 0 QUESTION0_19_R 1 1.489e+02 7.500e+01))
s>            ( QUESTION3 -1 2.618e+03 2.178e+02 1.410e+02
s>                ( - 1.396e+03 7 0 QUESTION0_7_R 1 1.878e+02 7.796e+01)
s>                ( - 1.005e+03 2 0 SILENCE -1 9.277e+01 6.300e+01))))INFO: dtree.c(1478): Final simple tree
|( QUESTION0_10_R 1 6.452e+03 3.617e+02 3.089e+02
|    ( - 1.070e+03 1 0)
|    ( QUESTION2_1_L -1 5.020e+03 2.792e+02 2.419e+02
|        ( QUESTION0_14_R 1 2.907e+03 2.404e+02 1.449e+02
|            ( - 1.781e+03 2 0)
|            ( QUESTION4 -1 8.858e+02 1.513e+02 5.100e+01
|                ( - 3.079e+02 2 0)
|                ( WDBNDRY_S 0 4.266e+02 9.954e+01 2.800e+01
|                    ( - 1.740e+02 1 0)
|                    ( - 1.530e+02 2 0 QUESTION0_18_R 1 3.535e+01 1.300e+01))))
|        ( QUESTION6 -1 1.834e+03 1.826e+02 9.700e+01
|            ( QUESTION0_14_R 1 9.260e+02 1.212e+02 5.300e+01
|                ( - 4.937e+02 1 0)
|                ( - 3.111e+02 2 0 QUESTION0_18_R 1 4.670e+01 2.200e+01))
|            ( - 7.255e+02 2 0 QUESTION0_16_R 1 8.901e+01 4.400e+01))))
s>    ( QUESTION0_10_R 1 6.452e+03 3.617e+02 3.089e+02
s>        ( - 1.070e+03 1 0)
s>        ( QUESTION2_1_L -1 5.020e+03 2.792e+02 2.419e+02
s>            ( QUESTION0_14_R 1 2.907e+03 2.404e+02 1.449e+02
s>                ( - 1.781e+03 2 0)
s>                ( QUESTION4 -1 8.858e+02 1.513e+02 5.100e+01
s>                    ( - 3.079e+02 2 0)
s>                    ( WDBNDRY_S 0 4.266e+02 9.954e+01 2.800e+01
s>                        ( - 1.740e+02 1 0)
s>                        ( - 1.530e+02 2 0 QUESTION0_18_R 1 3.535e+01 1.300e+01))))
s>            ( QUESTION6 -1 1.834e+03 1.826e+02 9.700e+01
s>                ( QUESTION0_14_R 1 9.260e+02 1.212e+02 5.300e+01
s>                    ( - 4.937e+02 1 0)
s>                    ( - 3.111e+02 2 0 QUESTION0_18_R 1 4.670e+01 2.200e+01))
s>                ( - 7.255e+02 2 0 QUESTION0_16_R 1 8.901e+01 4.400e+01))))INFO: dtree.c(1315): Comp split 5
INFO: dtree.c(1478): Final simple tree
|( QUESTION0 -1 4.344e+03 2.912e+02 2.219e+02
|    ( QUESTION0_13_R 1 9.036e+02 1.646e+02 5.651e+01
|        ( QUESTION0_16_R 1 3.533e+02 8.861e+01 2.581e+01
|            ( - 1.854e+02 2 0)
|            ( - 7.933e+01 2 0 QUESTION0_20_R 1 3.150e+01 1.120e+01))
|        ( - 3.857e+02 3 0 QUESTION0_8_R 1 7.853e+01 3.069e+01))
|    ( QUESTION0_14_R 1 3.149e+03 2.214e+02 1.654e+02
|        ( QUESTION2_9_L -1 1.876e+03 1.569e+02 1.046e+02
|            ( - 1.885e+02 1 0)
|            ( - 1.530e+03 1 0))
|        ( QUESTION0_13_R 1 1.052e+03 1.424e+02 6.077e+01
|            ( QUESTION7 1 5.085e+02 9.566e+01 3.374e+01
|                ( - 1.607e+02 3 0 QUESTION2_9_L -1 4.970e+01 1.500e+01)
|                ( - 2.521e+02 3 0 QUESTION0_20_R 1 5.756e+01 1.874e+01))
|            ( - 4.012e+02 4 0 QUESTION0_0_R 1 8.692e+01 2.702e+01))))
s>    ( QUESTION0 -1 4.344e+03 2.912e+02 2.219e+02
s>        ( QUESTION0_13_R 1 9.036e+02 1.646e+02 5.651e+01
s>            ( QUESTION0_16_R 1 3.533e+02 8.861e+01 2.581e+01
s>                ( - 1.854e+02 2 0)
s>                ( - 7.933e+01 2 0 QUESTION0_20_R 1 3.150e+01 1.120e+01))
s>            ( - 3.857e+02 3 0 QUESTION0_8_R 1 7.853e+01 3.069e+01))
s>        ( QUESTION0_14_R 1 3.149e+03 2.214e+02 1.654e+02
s>            ( QUESTION2_9_L -1 1.876e+03 1.569e+02 1.046e+02
s>                ( - 1.885e+02 1 0)
s>                ( - 1.530e+03 1 0))
s>            ( QUESTION0_13_R 1 1.052e+03 1.424e+02 6.077e+01
s>                ( QUESTION7 1 5.085e+02 9.566e+01 3.374e+01
s>                    ( - 1.607e+02 3 0 QUESTION2_9_L -1 4.970e+01 1.500e+01)
s>                    ( - 2.521e+02 3 0 QUESTION0_20_R 1 5.756e+01 1.874e+01))
s>                ( - 4.012e+02 4 0 QUESTION0_0_R 1 8.692e+01 2.702e+01))))INFO: dtree.c(1478): Final simple tree
|( QUESTION0_8_R 1 7.447e+03 3.212e+02 3.601e+02
|    ( QUESTION2 1 3.417e+03 2.724e+02 1.707e+02
|        ( QUESTION2_9_L -1 1.734e+03 2.110e+02 9.289e+01
|            ( - 7.245e+02 1 0)
|            ( QUESTION0 -1 7.989e+02 1.320e+02 5.000e+01
|                ( - 3.315e+02 2 0)
|                ( - 3.355e+02 2 0)))
|        ( QUESTION0 -1 1.411e+03 1.774e+02 7.780e+01
|            ( - 8.355e+02 4 0)
|            ( - 3.976e+02 3 0 QUESTION0 1 8.748e+01 2.800e+01)))
|    ( QUESTION0_0_R 1 3.708e+03 2.269e+02 1.894e+02
|        ( - 1.246e+03 2 0)
|        ( QUESTION0_14_R 1 2.235e+03 1.954e+02 1.183e+02
|            ( - 5.567e+02 3 0)
|            ( - 1.483e+03 4 0 QUESTION0_18_R 1 1.237e+02 8.194e+01))))
s>    ( QUESTION0_8_R 1 7.447e+03 3.212e+02 3.601e+02
s>        ( QUESTION2 1 3.417e+03 2.724e+02 1.707e+02
s>            ( QUESTION2_9_L -1 1.734e+03 2.110e+02 9.289e+01
s>                ( - 7.245e+02 1 0)
s>                ( QUESTION0 -1 7.989e+02 1.320e+02 5.000e+01
s>                    ( - 3.315e+02 2 0)
s>                    ( - 3.355e+02 2 0)))
s>            ( QUESTION0 -1 1.411e+03 1.774e+02 7.780e+01
s>                ( - 8.355e+02 4 0)
s>                ( - 3.976e+02 3 0 QUESTION0 1 8.748e+01 2.800e+01)))
s>        ( QUESTION0_0_R 1 3.708e+03 2.269e+02 1.894e+02
s>            ( - 1.246e+03 2 0)
s>            ( QUESTION0_14_R 1 2.235e+03 1.954e+02 1.183e+02
s>                ( - 5.567e+02 3 0)
s>                ( - 1.483e+03 4 0 QUESTION0_18_R 1 1.237e+02 8.194e+01))))INFO: dtree.c(1315): Comp split 6
INFO: dtree.c(1439): stop. leaf nodes are specific
INFO: dtree.c(1478): Final simple tree
|( QUESTION4 -1 2.546e+03 1.993e+02 1.726e+02
|    ( - 1.953e+03 1 0)
|    ( SILENCE 1 3.937e+02 6.177e+01 2.691e+01
|        ( - 3.022e+02 1 0)
|        ( - 2.974e+01 1 0)))
s>    ( QUESTION4 -1 2.546e+03 1.993e+02 1.726e+02
s>        ( - 1.953e+03 1 0)
s>        ( SILENCE 1 3.937e+02 6.177e+01 2.691e+01
s>            ( - 3.022e+02 1 0)
s>            ( - 2.974e+01 1 0)))INFO: dtree.c(1439): stop. leaf nodes are specific
INFO: dtree.c(1478): Final simple tree
|( SILENCE 1 1.192e+03 1.412e+02 7.178e+01
|    ( - 6.789e+02 1 0)
|    ( QUESTION0_13_R 1 3.724e+02 9.192e+01 2.852e+01
|        ( QUESTION4 1 1.477e+02 4.093e+01 1.452e+01
|            ( - 7.156e+01 1 0)
|            ( QUESTION0_16_R 1 3.519e+01 9.358e+00 5.000e+00
|                ( - 0.000e+00 1 0)
|                ( - 2.583e+01 1 0)))
|        ( QUESTION0_8_R 1 1.328e+02 2.713e+01 1.400e+01
|            ( - 9.768e+01 1 0)
|            ( - 8.000e+00 1 0))))
s>    ( SILENCE 1 1.192e+03 1.412e+02 7.178e+01
s>        ( - 6.789e+02 1 0)
s>        ( QUESTION0_13_R 1 3.724e+02 9.192e+01 2.852e+01
s>            ( QUESTION4 1 1.477e+02 4.093e+01 1.452e+01
s>                ( - 7.156e+01 1 0)
s>                ( QUESTION0_16_R 1 3.519e+01 9.358e+00 5.000e+00
s>                    ( - 0.000e+00 1 0)
s>                    ( - 2.583e+01 1 0)))
s>            ( QUESTION0_8_R 1 1.328e+02 2.713e+01 1.400e+01
s>                ( - 9.768e+01 1 0)
s>                ( - 8.000e+00 1 0))))INFO: dtree.c(1315): Comp split 7
INFO: dtree.c(1439): stop. leaf nodes are specific
INFO: dtree.c(1478): Final simple tree
|( QUESTION3 -1 3.622e+03 2.329e+02 1.890e+02
|    ( QUESTION0 1 1.278e+03 1.559e+02 7.198e+01
|        ( QUESTION4 -1 7.795e+02 1.221e+02 4.698e+01
|            ( - 4.014e+02 1 0)
|            ( - 2.561e+02 2 0))
|        ( QUESTION4 -1 3.428e+02 7.244e+01 2.500e+01
|            ( - 1.720e+02 1 0)
|            ( - 9.833e+01 1 0)))
|    ( SILENCE -1 2.111e+03 1.906e+02 1.170e+02
|        ( QUESTION0 1 1.236e+03 1.012e+02 7.275e+01
|            ( - 8.298e+02 2 0)
|            ( - 3.052e+02 1 0))
|        ( - 6.844e+02 1 0)))
s>    ( QUESTION3 -1 3.622e+03 2.329e+02 1.890e+02
s>        ( QUESTION0 1 1.278e+03 1.559e+02 7.198e+01
s>            ( QUESTION4 -1 7.795e+02 1.221e+02 4.698e+01
s>                ( - 4.014e+02 1 0)
s>                ( - 2.561e+02 2 0))
s>            ( QUESTION4 -1 3.428e+02 7.244e+01 2.500e+01
s>                ( - 1.720e+02 1 0)
s>                ( - 9.833e+01 1 0)))
s>        ( SILENCE -1 2.111e+03 1.906e+02 1.170e+02
s>            ( QUESTION0 1 1.236e+03 1.012e+02 7.275e+01
s>                ( - 8.298e+02 2 0)
s>                ( - 3.052e+02 1 0))
s>            ( - 6.844e+02 1 0)))INFO: dtree.c(1478): Final simple tree
|( QUESTION2_2_L -1 6.229e+03 2.785e+02 3.170e+02
|    ( QUESTION4 1 2.361e+03 2.089e+02 1.290e+02
|        ( - 7.230e+02 3 0 QUESTION0_0_R 1 1.268e+02 4.600e+01)
|        ( QUESTION0_19_R 1 1.429e+03 1.463e+02 8.300e+01
|            ( - 2.912e+02 2 0 QUESTION0_20_R 1 7.084e+01 2.500e+01)
|            ( - 9.915e+02 6 0 QUESTION5 -1 1.297e+02 5.800e+01)))
|    ( QUESTION3 -1 3.590e+03 2.510e+02 1.880e+02
|        ( QUESTION0_7_R 1 2.089e+03 2.184e+02 1.120e+02
|            ( QUESTION0_11_R 1 1.361e+03 1.560e+02 7.800e+01
|                ( - 5.982e+02 3 0 QUESTION0_12_R 1 9.002e+01 3.900e+01)
|                ( - 6.070e+02 4 0 QUESTION4 -1 8.864e+01 3.900e+01))
|            ( - 5.093e+02 3 0 QUESTION4 -1 1.015e+02 3.396e+01))
|        ( QUESTION0_9_R 1 1.250e+03 1.325e+02 7.600e+01
|            ( - 7.320e+02 1 0)
|            ( - 3.856e+02 2 0 SILENCE -1 7.655e+01 2.900e+01))))
s>    ( QUESTION2_2_L -1 6.229e+03 2.785e+02 3.170e+02
s>        ( QUESTION4 1 2.361e+03 2.089e+02 1.290e+02
s>            ( - 7.230e+02 3 0 QUESTION0_0_R 1 1.268e+02 4.600e+01)
s>            ( QUESTION0_19_R 1 1.429e+03 1.463e+02 8.300e+01
s>                ( - 2.912e+02 2 0 QUESTION0_20_R 1 7.084e+01 2.500e+01)
s>                ( - 9.915e+02 6 0 QUESTION5 -1 1.297e+02 5.800e+01)))
s>        ( QUESTION3 -1 3.590e+03 2.510e+02 1.880e+02
s>            ( QUESTION0_7_R 1 2.089e+03 2.184e+02 1.120e+02
s>                ( QUESTION0_11_R 1 1.361e+03 1.560e+02 7.800e+01
s>                    ( - 5.982e+02 3 0 QUESTION0_12_R 1 9.002e+01 3.900e+01)
s>                    ( - 6.070e+02 4 0 QUESTION4 -1 8.864e+01 3.900e+01))
s>                ( - 5.093e+02 3 0 QUESTION4 -1 1.015e+02 3.396e+01))
s>            ( QUESTION0_9_R 1 1.250e+03 1.325e+02 7.600e+01
s>                ( - 7.320e+02 1 0)
s>                ( - 3.856e+02 2 0 SILENCE -1 7.655e+01 2.900e+01))))INFO: dtree.c(1315): Comp split 8
INFO: dtree.c(1478): Final simple tree
|( QUESTION2_1_L -1 4.149e+03 2.604e+02 2.039e+02
|    ( WDBNDRY_S 0 2.054e+03 1.208e+02 1.069e+02
|        ( - 1.781e+03 2 0)
|        ( QUESTION0_18_R 1 1.530e+02 3.535e+01 1.300e+01
|            ( - 1.380e+01 1 0)
|            ( - 1.038e+02 1 0)))
|    ( QUESTION6 -1 1.834e+03 1.826e+02 9.700e+01
|        ( QUESTION0_14_R 1 9.260e+02 1.212e+02 5.300e+01
|            ( - 4.937e+02 1 0)
|            ( QUESTION0_18_R 1 3.111e+02 4.670e+01 2.200e+01
|                ( - 3.280e+01 1 0)
|                ( - 2.316e+02 1 0)))
|        ( QUESTION0_16_R 1 7.255e+02 8.901e+01 4.400e+01
|            ( - 5.002e+02 1 0)
|            ( - 1.362e+02 1 0))))
s>    ( QUESTION2_1_L -1 4.149e+03 2.604e+02 2.039e+02
s>        ( WDBNDRY_S 0 2.054e+03 1.208e+02 1.069e+02
s>            ( - 1.781e+03 2 0)
s>            ( QUESTION0_18_R 1 1.530e+02 3.535e+01 1.300e+01
s>                ( - 1.380e+01 1 0)
s>                ( - 1.038e+02 1 0)))
s>        ( QUESTION6 -1 1.834e+03 1.826e+02 9.700e+01
s>            ( QUESTION0_14_R 1 9.260e+02 1.212e+02 5.300e+01
s>                ( - 4.937e+02 1 0)
s>                ( QUESTION0_18_R 1 3.111e+02 4.670e+01 2.200e+01
s>                    ( - 3.280e+01 1 0)
s>                    ( - 2.316e+02 1 0)))
s>            ( QUESTION0_16_R 1 7.255e+02 8.901e+01 4.400e+01
s>                ( - 5.002e+02 1 0)
s>                ( - 1.362e+02 1 0))))INFO: dtree.c(1439): stop. leaf nodes are specific
INFO: dtree.c(1478): Final simple tree
|( QUESTION0_10_R 1 1.878e+03 2.114e+02 1.050e+02
|    ( - 1.070e+03 1 0)
|    ( QUESTION0_16_R 1 5.958e+02 1.139e+02 3.800e+01
|        ( - 3.079e+02 2 0)
|        ( - 1.740e+02 1 0)))
s>    ( QUESTION0_10_R 1 1.878e+03 2.114e+02 1.050e+02
s>        ( - 1.070e+03 1 0)
s>        ( QUESTION0_16_R 1 5.958e+02 1.139e+02 3.800e+01
s>            ( - 3.079e+02 2 0)
s>            ( - 1.740e+02 1 0)))INFO: dtree.c(1315): Comp split 9
INFO: dtree.c(1439): stop. leaf nodes are specific
INFO: dtree.c(1478): Final simple tree
|( QUESTION1 -1 1.839e+03 1.944e+02 9.865e+01
|    ( QUESTION0_15_R 1 1.271e+03 1.626e+02 7.264e+01
|        ( - 5.074e+02 1 0)
|        ( QUESTION0_0_R 1 6.013e+02 7.344e+01 3.864e+01
|            ( - 4.151e+02 1 0)
|            ( - 1.127e+02 1 0)))
|    ( QUESTION3 1 3.734e+02 8.776e+01 2.600e+01
|        ( - 1.548e+02 1 0)
|        ( SILENCE 1 1.309e+02 4.700e+01 1.200e+01
|            ( - 4.892e+01 1 0)
|            ( - 3.500e+01 1 0))))
s>    ( QUESTION1 -1 1.839e+03 1.944e+02 9.865e+01
s>        ( QUESTION0_15_R 1 1.271e+03 1.626e+02 7.264e+01
s>            ( - 5.074e+02 1 0)
s>            ( QUESTION0_0_R 1 6.013e+02 7.344e+01 3.864e+01
s>                ( - 4.151e+02 1 0)
s>                ( - 1.127e+02 1 0)))
s>        ( QUESTION3 1 3.734e+02 8.776e+01 2.600e+01
s>            ( - 1.548e+02 1 0)
s>            ( SILENCE 1 1.309e+02 4.700e+01 1.200e+01
s>                ( - 4.892e+01 1 0)
s>                ( - 3.500e+01 1 0))))INFO: dtree.c(1439): stop. leaf nodes are specific
INFO: dtree.c(1478): Final simple tree
|( QUESTION16 1 7.490e+03 2.898e+02 3.818e+02
|    ( QUESTION0_14_R 1 3.597e+03 1.173e+02 1.884e+02
|        ( - 3.387e+03 2 0)
|        ( - 9.334e+01 1 0))
|    ( QUESTION1 1 3.602e+03 2.475e+02 1.934e+02
|        ( - 1.470e+03 3 0)
|        ( QUESTION0_8_R 1 1.885e+03 1.609e+02 1.097e+02
|            ( - 8.786e+02 2 0)
|            ( QUESTION0_10_R 1 8.455e+02 1.283e+02 5.605e+01
|                ( - 3.462e+02 1 0)
|                ( - 3.710e+02 1 0)))))
s>    ( QUESTION16 1 7.490e+03 2.898e+02 3.818e+02
s>        ( QUESTION0_14_R 1 3.597e+03 1.173e+02 1.884e+02
s>            ( - 3.387e+03 2 0)
s>            ( - 9.334e+01 1 0))
s>        ( QUESTION1 1 3.602e+03 2.475e+02 1.934e+02
s>            ( - 1.470e+03 3 0)
s>            ( QUESTION0_8_R 1 1.885e+03 1.609e+02 1.097e+02
s>                ( - 8.786e+02 2 0)
s>                ( QUESTION0_10_R 1 8.455e+02 1.283e+02 5.605e+01
s>                    ( - 3.462e+02 1 0)
s>                    ( - 3.710e+02 1 0)))))INFO: dtree.c(1315): Comp split 10
INFO: dtree.c(1478): Final simple tree
|( QUESTION16 1 1.201e+03 1.905e+02 7.478e+01
|    ( QUESTION0_14_R 1 2.930e+02 6.555e+01 2.689e+01
|        ( - 1.885e+02 1 0)
|        ( - 3.899e+01 1 0))
|    ( QUESTION7 1 7.177e+02 1.260e+02 4.789e+01
|        ( QUESTION0_10_R 1 3.304e+02 7.985e+01 2.600e+01
|            ( - 8.984e+01 2 0)
|            ( QUESTION2_9_L -1 1.607e+02 4.970e+01 1.500e+01
|                ( - 1.259e+01 1 0)
|                ( QUESTION0_18_R 1 9.842e+01 2.706e+01 1.000e+01
|                    ( - 6.191e+01 1 0)
|                    ( - 9.449e+00 1 0))))
|        ( QUESTION0_8_R 1 2.613e+02 3.515e+01 2.190e+01
|            ( - 2.173e+02 1 0)
|            ( - 8.838e+00 1 0))))
s>    ( QUESTION16 1 1.201e+03 1.905e+02 7.478e+01
s>        ( QUESTION0_14_R 1 2.930e+02 6.555e+01 2.689e+01
s>            ( - 1.885e+02 1 0)
s>            ( - 3.899e+01 1 0))
s>        ( QUESTION7 1 7.177e+02 1.260e+02 4.789e+01
s>            ( QUESTION0_10_R 1 3.304e+02 7.985e+01 2.600e+01
s>                ( - 8.984e+01 2 0)
s>                ( QUESTION2_9_L -1 1.607e+02 4.970e+01 1.500e+01
s>                    ( - 1.259e+01 1 0)
s>                    ( QUESTION0_18_R 1 9.842e+01 2.706e+01 1.000e+01
s>                        ( - 6.191e+01 1 0)
s>                        ( - 9.449e+00 1 0))))
s>            ( QUESTION0_8_R 1 2.613e+02 3.515e+01 2.190e+01
s>                ( - 2.173e+02 1 0)
s>                ( - 8.838e+00 1 0))))INFO: dtree.c(1478): Final simple tree
|( QUESTION0_14_R 1 2.787e+03 1.950e+02 1.471e+02
|    ( - 1.530e+03 1 0)
|    ( QUESTION0_13_R 1 1.062e+03 1.457e+02 6.038e+01
|        ( QUESTION6 1 5.149e+02 8.006e+01 3.336e+01
|            ( QUESTION0_16_R 1 1.343e+02 3.818e+01 1.174e+01
|                ( - 5.075e+01 1 0)
|                ( - 4.533e+01 1 0))
|            ( QUESTION0_16_R 1 3.006e+02 5.494e+01 2.161e+01
|                ( - 1.854e+02 2 0)
|                ( - 6.027e+01 1 0)))
|        ( QUESTION0_0_R 1 4.012e+02 8.692e+01 2.702e+01
|            ( - 9.324e+01 1 0)
|            ( SILENCE 1 2.210e+02 5.555e+01 1.702e+01
|                ( - 8.239e+01 1 0)
|                ( - 8.310e+01 2 0 QUESTION2_9_L -1 2.736e+01 8.000e+00)))))
s>    ( QUESTION0_14_R 1 2.787e+03 1.950e+02 1.471e+02
s>        ( - 1.530e+03 1 0)
s>        ( QUESTION0_13_R 1 1.062e+03 1.457e+02 6.038e+01
s>            ( QUESTION6 1 5.149e+02 8.006e+01 3.336e+01
s>                ( QUESTION0_16_R 1 1.343e+02 3.818e+01 1.174e+01
s>                    ( - 5.075e+01 1 0)
s>                    ( - 4.533e+01 1 0))
s>                ( QUESTION0_16_R 1 3.006e+02 5.494e+01 2.161e+01
s>                    ( - 1.854e+02 2 0)
s>                    ( - 6.027e+01 1 0)))
s>            ( QUESTION0_0_R 1 4.012e+02 8.692e+01 2.702e+01
s>                ( - 9.324e+01 1 0)
s>                ( SILENCE 1 2.210e+02 5.555e+01 1.702e+01
s>                    ( - 8.239e+01 1 0)
s>                    ( - 8.310e+01 2 0 QUESTION2_9_L -1 2.736e+01 8.000e+00)))))INFO: dtree.c(1315): Comp split 11
INFO: dtree.c(1439): stop. leaf nodes are specific
INFO: dtree.c(1478): Final simple tree
|( QUESTION0_9_R 1 3.476e+03 2.314e+02 1.801e+02
|    ( QUESTION0_18_R 1 1.483e+03 1.237e+02 8.194e+01
|        ( - 1.185e+03 2 0)
|        ( QUESTION0_10_R 1 1.740e+02 3.718e+01 1.600e+01
|            ( - 1.730e+01 1 0)
|            ( - 1.195e+02 1 0)))
|    ( QUESTION0_0_R 1 1.762e+03 1.803e+02 9.811e+01
|        ( - 1.246e+03 2 0)
|        ( - 3.355e+02 2 0)))
s>    ( QUESTION0_9_R 1 3.476e+03 2.314e+02 1.801e+02
s>        ( QUESTION0_18_R 1 1.483e+03 1.237e+02 8.194e+01
s>            ( - 1.185e+03 2 0)
s>            ( QUESTION0_10_R 1 1.740e+02 3.718e+01 1.600e+01
s>                ( - 1.730e+01 1 0)
s>                ( - 1.195e+02 1 0)))
s>        ( QUESTION0_0_R 1 1.762e+03 1.803e+02 9.811e+01
s>            ( - 1.246e+03 2 0)
s>            ( - 3.355e+02 2 0)))INFO: dtree.c(1439): stop. leaf nodes are specific
INFO: dtree.c(1478): Final simple tree
|( QUESTION2 1 3.625e+03 2.631e+02 1.800e+02
|    ( QUESTION0 -1 1.205e+03 1.495e+02 6.589e+01
|        ( - 3.315e+02 2 0)
|        ( - 7.245e+02 1 0))
|    ( QUESTION0 1 2.157e+03 2.049e+02 1.141e+02
|        ( QUESTION0 -1 1.115e+03 1.408e+02 6.280e+01
|            ( - 8.355e+02 4 0)
|            ( QUESTION2_9_L -1 1.388e+02 3.555e+01 1.300e+01
|                ( - 1.040e+01 1 0)
|                ( - 9.288e+01 1 0)))
|        ( QUESTION0_8_R 1 8.366e+02 1.086e+02 5.131e+01
|            ( - 1.713e+02 1 0)
|            ( - 5.567e+02 3 0))))
s>    ( QUESTION2 1 3.625e+03 2.631e+02 1.800e+02
s>        ( QUESTION0 -1 1.205e+03 1.495e+02 6.589e+01
s>            ( - 3.315e+02 2 0)
s>            ( - 7.245e+02 1 0))
s>        ( QUESTION0 1 2.157e+03 2.049e+02 1.141e+02
s>            ( QUESTION0 -1 1.115e+03 1.408e+02 6.280e+01
s>                ( - 8.355e+02 4 0)
s>                ( QUESTION2_9_L -1 1.388e+02 3.555e+01 1.300e+01
s>                    ( - 1.040e+01 1 0)
s>                    ( - 9.288e+01 1 0)))
s>            ( QUESTION0_8_R 1 8.366e+02 1.086e+02 5.131e+01
s>                ( - 1.713e+02 1 0)
s>                ( - 5.567e+02 3 0))))INFO: dtree.c(1315): Comp split 12
INFO: dtree.c(1439): stop. leaf nodes are specific
INFO: dtree.c(1478): Final simple tree
|( QUESTION2_1_L -1 1.387e+03 1.551e+02 7.996e+01
|    ( QUESTION4 -1 5.093e+02 1.015e+02 3.396e+01
|        ( - 2.033e+02 1 0)
|        ( SILENCE 1 2.045e+02 4.364e+01 1.700e+01
|            ( - 3.441e+01 1 0)
|            ( - 1.264e+02 1 0)))
|    ( QUESTION0_0_R 1 7.230e+02 1.268e+02 4.600e+01
|        ( - 1.901e+02 2 0)
|        ( - 4.062e+02 1 0)))
s>    ( QUESTION2_1_L -1 1.387e+03 1.551e+02 7.996e+01
s>        ( QUESTION4 -1 5.093e+02 1.015e+02 3.396e+01
s>            ( - 2.033e+02 1 0)
s>            ( SILENCE 1 2.045e+02 4.364e+01 1.700e+01
s>                ( - 3.441e+01 1 0)
s>                ( - 1.264e+02 1 0)))
s>        ( QUESTION0_0_R 1 7.230e+02 1.268e+02 4.600e+01
s>            ( - 1.901e+02 2 0)
s>            ( - 4.062e+02 1 0)))INFO: dtree.c(1478): Final simple tree
|( QUESTION2_1_L -1 4.521e+03 2.597e+02 2.370e+02
|    ( QUESTION0_11_R 1 1.361e+03 1.560e+02 7.800e+01
|        ( QUESTION0_12_R 1 5.982e+02 9.002e+01 3.900e+01
|            ( - 1.791e+02 2 0 QUESTION4 -1 3.829e+01 1.500e+01)
|            ( - 3.291e+02 1 0))
|        ( - 6.070e+02 4 0 QUESTION4 -1 8.864e+01 3.900e+01))
|    ( QUESTION2_0_L -1 2.900e+03 2.214e+02 1.590e+02
|        ( QUESTION0_19_R 1 1.429e+03 1.463e+02 8.300e+01
|            ( - 2.912e+02 2 0 QUESTION0_20_R 1 7.084e+01 2.500e+01)
|            ( QUESTION5 -1 9.915e+02 1.297e+02 5.800e+01
|                ( - 3.471e+02 3 0 QUESTION0_8_R 1 6.932e+01 2.500e+01)
|                ( - 5.148e+02 3 0 SILENCE 1 6.882e+01 3.300e+01)))
|        ( QUESTION0_9_R 1 1.250e+03 1.325e+02 7.600e+01
|            ( - 7.320e+02 1 0)
|            ( - 3.856e+02 2 0 SILENCE -1 7.655e+01 2.900e+01))))
s>    ( QUESTION2_1_L -1 4.521e+03 2.597e+02 2.370e+02
s>        ( QUESTION0_11_R 1 1.361e+03 1.560e+02 7.800e+01
s>            ( QUESTION0_12_R 1 5.982e+02 9.002e+01 3.900e+01
s>                ( - 1.791e+02 2 0 QUESTION4 -1 3.829e+01 1.500e+01)
s>                ( - 3.291e+02 1 0))
s>            ( - 6.070e+02 4 0 QUESTION4 -1 8.864e+01 3.900e+01))
s>        ( QUESTION2_0_L -1 2.900e+03 2.214e+02 1.590e+02
s>            ( QUESTION0_19_R 1 1.429e+03 1.463e+02 8.300e+01
s>                ( - 2.912e+02 2 0 QUESTION0_20_R 1 7.084e+01 2.500e+01)
s>                ( QUESTION5 -1 9.915e+02 1.297e+02 5.800e+01
s>                    ( - 3.471e+02 3 0 QUESTION0_8_R 1 6.932e+01 2.500e+01)
s>                    ( - 5.148e+02 3 0 SILENCE 1 6.882e+01 3.300e+01)))
s>            ( QUESTION0_9_R 1 1.250e+03 1.325e+02 7.600e+01
s>                ( - 7.320e+02 1 0)
s>                ( - 3.856e+02 2 0 SILENCE -1 7.655e+01 2.900e+01))))INFO: dtree.c(1315): Comp split 13
INFO: dtree.c(1439): stop. leaf nodes are specific
INFO: dtree.c(1478): Final simple tree
|( QUESTION0_8_R 1 1.885e+03 1.609e+02 1.097e+02
|    ( - 8.786e+02 2 0)
|    ( QUESTION0_10_R 1 8.455e+02 1.283e+02 5.605e+01
|        ( - 3.462e+02 1 0)
|        ( - 3.710e+02 1 0)))
s>    ( QUESTION0_8_R 1 1.885e+03 1.609e+02 1.097e+02
s>        ( - 8.786e+02 2 0)
s>        ( QUESTION0_10_R 1 8.455e+02 1.283e+02 5.605e+01
s>            ( - 3.462e+02 1 0)
s>            ( - 3.710e+02 1 0)))INFO: dtree.c(1439): stop. leaf nodes are specific
INFO: dtree.c(1478): Final simple tree
|( QUESTION0_14_R 1 5.298e+03 2.409e+02 2.720e+02
|    ( - 3.387e+03 2 0)
|    ( QUESTION0_8_R 1 1.671e+03 1.073e+02 9.364e+01
|        ( - 1.470e+03 3 0)
|        ( - 9.334e+01 1 0)))
s>    ( QUESTION0_14_R 1 5.298e+03 2.409e+02 2.720e+02
s>        ( - 3.387e+03 2 0)
s>        ( QUESTION0_8_R 1 1.671e+03 1.073e+02 9.364e+01
s>            ( - 1.470e+03 3 0)
s>            ( - 9.334e+01 1 0)))INFO: dtree.c(1315): Comp split 14
INFO: dtree.c(1439): stop. leaf nodes are specific
INFO: dtree.c(1478): Final simple tree
|( QUESTION0 -1 1.275e+03 1.533e+02 6.889e+01
|    ( - 3.315e+02 2 0)
|    ( QUESTION1 1 7.906e+02 5.564e+01 4.589e+01
|        ( - 1.040e+01 1 0)
|        ( - 7.245e+02 1 0)))
s>    ( QUESTION0 -1 1.275e+03 1.533e+02 6.889e+01
s>        ( - 3.315e+02 2 0)
s>        ( QUESTION1 1 7.906e+02 5.564e+01 4.589e+01
s>            ( - 1.040e+01 1 0)
s>            ( - 7.245e+02 1 0)))INFO: dtree.c(1439): stop. leaf nodes are specific
INFO: dtree.c(1478): Final simple tree
|( QUESTION0 1 2.076e+03 1.957e+02 1.111e+02
|    ( QUESTION0 -1 1.043e+03 1.150e+02 5.980e+01
|        ( - 8.355e+02 4 0)
|        ( - 9.288e+01 1 0))
|    ( QUESTION0_8_R 1 8.366e+02 1.086e+02 5.131e+01
|        ( - 1.713e+02 1 0)
|        ( - 5.567e+02 3 0)))
s>    ( QUESTION0 1 2.076e+03 1.957e+02 1.111e+02
s>        ( QUESTION0 -1 1.043e+03 1.150e+02 5.980e+01
s>            ( - 8.355e+02 4 0)
s>            ( - 9.288e+01 1 0))
s>        ( QUESTION0_8_R 1 8.366e+02 1.086e+02 5.131e+01
s>            ( - 1.713e+02 1 0)
s>            ( - 5.567e+02 3 0)))INFO: dtree.c(1315): Comp split 15
INFO: dtree.c(1478): Final simple tree
|( QUESTION5 -1 2.035e+03 1.674e+02 1.110e+02
|    ( QUESTION0_11_R 1 7.654e+02 1.274e+02 4.700e+01
|        ( QUESTION0_12_R 1 3.830e+02 4.057e+01 2.700e+01
|            ( - 1.340e+01 1 0)
|            ( - 3.291e+02 1 0))
|        ( QUESTION0_8_R 1 2.550e+02 4.828e+01 2.000e+01
|            ( - 1.723e+02 1 0)
|            ( - 3.444e+01 1 0)))
|    ( QUESTION2_1_L -1 1.103e+03 1.227e+02 6.400e+01
|        ( QUESTION0_8_R 1 4.650e+02 7.432e+01 3.100e+01
|            ( - 2.633e+02 2 0)
|            ( - 1.274e+02 1 0))
|        ( SILENCE 1 5.148e+02 6.882e+01 3.300e+01
|            ( - 3.648e+02 2 0)
|            ( - 8.123e+01 1 0))))
s>    ( QUESTION5 -1 2.035e+03 1.674e+02 1.110e+02
s>        ( QUESTION0_11_R 1 7.654e+02 1.274e+02 4.700e+01
s>            ( QUESTION0_12_R 1 3.830e+02 4.057e+01 2.700e+01
s>                ( - 1.340e+01 1 0)
s>                ( - 3.291e+02 1 0))
s>            ( QUESTION0_8_R 1 2.550e+02 4.828e+01 2.000e+01
s>                ( - 1.723e+02 1 0)
s>                ( - 3.444e+01 1 0)))
s>        ( QUESTION2_1_L -1 1.103e+03 1.227e+02 6.400e+01
s>            ( QUESTION0_8_R 1 4.650e+02 7.432e+01 3.100e+01
s>                ( - 2.633e+02 2 0)
s>                ( - 1.274e+02 1 0))
s>            ( SILENCE 1 5.148e+02 6.882e+01 3.300e+01
s>                ( - 3.648e+02 2 0)
s>                ( - 8.123e+01 1 0))))INFO: dtree.c(1478): Final simple tree
|( QUESTION3 -1 2.213e+03 2.011e+02 1.260e+02
|    ( QUESTION0_13_R 1 7.619e+02 1.236e+02 5.000e+01
|        ( QUESTION0_20_R 1 2.912e+02 7.084e+01 2.500e+01
|            ( - 3.988e+01 1 0)
|            ( - 1.805e+02 1 0))
|        ( QUESTION0_8_R 1 3.471e+02 6.932e+01 2.500e+01
|            ( - 7.041e+01 1 0)
|            ( QUESTION0_0_R 1 2.073e+02 4.349e+01 1.700e+01
|                ( - 7.819e+01 1 0)
|                ( - 8.565e+01 1 0))))
|    ( QUESTION0_9_R 1 1.250e+03 1.325e+02 7.600e+01
|        ( - 7.320e+02 1 0)
|        ( SILENCE -1 3.856e+02 7.655e+01 2.900e+01
|            ( - 1.290e+02 1 0)
|            ( - 1.800e+02 1 0))))
s>    ( QUESTION3 -1 2.213e+03 2.011e+02 1.260e+02
s>        ( QUESTION0_13_R 1 7.619e+02 1.236e+02 5.000e+01
s>            ( QUESTION0_20_R 1 2.912e+02 7.084e+01 2.500e+01
s>                ( - 3.988e+01 1 0)
s>                ( - 1.805e+02 1 0))
s>            ( QUESTION0_8_R 1 3.471e+02 6.932e+01 2.500e+01
s>                ( - 7.041e+01 1 0)
s>                ( QUESTION0_0_R 1 2.073e+02 4.349e+01 1.700e+01
s>                    ( - 7.819e+01 1 0)
s>                    ( - 8.565e+01 1 0))))
s>        ( QUESTION0_9_R 1 1.250e+03 1.325e+02 7.600e+01
s>            ( - 7.320e+02 1 0)
s>            ( SILENCE -1 3.856e+02 7.655e+01 2.900e+01
s>                ( - 1.290e+02 1 0)
s>                ( - 1.800e+02 1 0))))INFO: dtree.c(1315): Comp split 16
INFO: dtree.c(1439): stop. leaf nodes are specific
INFO: dtree.c(1478): Final simple tree
|( QUESTION0_14_R 1 2.517e+03 1.801e+02 1.289e+02
|    ( - 1.781e+03 2 0)
|    ( WDBNDRY_S 0 5.559e+02 9.184e+01 3.500e+01
|        ( QUESTION0_18_R 1 3.111e+02 4.670e+01 2.200e+01
|            ( - 3.280e+01 1 0)
|            ( - 2.316e+02 1 0))
|        ( QUESTION0_18_R 1 1.530e+02 3.535e+01 1.300e+01
|            ( - 1.380e+01 1 0)
|            ( - 1.038e+02 1 0))))
s>    ( QUESTION0_14_R 1 2.517e+03 1.801e+02 1.289e+02
s>        ( - 1.781e+03 2 0)
s>        ( WDBNDRY_S 0 5.559e+02 9.184e+01 3.500e+01
s>            ( QUESTION0_18_R 1 3.111e+02 4.670e+01 2.200e+01
s>                ( - 3.280e+01 1 0)
s>                ( - 2.316e+02 1 0))
s>            ( QUESTION0_18_R 1 1.530e+02 3.535e+01 1.300e+01
s>                ( - 1.380e+01 1 0)
s>                ( - 1.038e+02 1 0))))INFO: dtree.c(1439): stop. leaf nodes are specific
INFO: dtree.c(1478): Final simple tree
|( QUESTION0_14_R 1 1.367e+03 1.475e+02 7.500e+01
|    ( - 4.937e+02 1 0)
|    ( QUESTION0_16_R 1 7.255e+02 8.901e+01 4.400e+01
|        ( - 5.002e+02 1 0)
|        ( - 1.362e+02 1 0)))
s>    ( QUESTION0_14_R 1 1.367e+03 1.475e+02 7.500e+01
s>        ( - 4.937e+02 1 0)
s>        ( QUESTION0_16_R 1 7.255e+02 8.901e+01 4.400e+01
s>            ( - 5.002e+02 1 0)
s>            ( - 1.362e+02 1 0)))INFO: dtree.c(1315): Comp split 17
INFO: dtree.c(1439): stop. leaf nodes are specific
INFO: dtree.c(1478): Final simple tree
|( SILENCE -1 1.618e+03 1.257e+02 9.276e+01
|    ( QUESTION0 1 1.236e+03 1.012e+02 7.275e+01
|        ( - 8.298e+02 2 0)
|        ( - 3.052e+02 1 0))
|    ( - 2.561e+02 2 0))
s>    ( SILENCE -1 1.618e+03 1.257e+02 9.276e+01
s>        ( QUESTION0 1 1.236e+03 1.012e+02 7.275e+01
s>            ( - 8.298e+02 2 0)
s>            ( - 3.052e+02 1 0))
s>        ( - 2.561e+02 2 0))INFO: dtree.c(1439): stop. leaf nodes are specific
INFO: dtree.c(1478): Final simple tree
|( QUESTION0 -1 1.742e+03 1.768e+02 9.626e+01
|    ( - 6.844e+02 1 0)
|    ( QUESTION0 1 8.809e+02 1.367e+02 5.198e+01
|        ( - 4.014e+02 1 0)
|        ( QUESTION4 -1 3.428e+02 7.244e+01 2.500e+01
|            ( - 1.720e+02 1 0)
|            ( - 9.833e+01 1 0))))
s>    ( QUESTION0 -1 1.742e+03 1.768e+02 9.626e+01
s>        ( - 6.844e+02 1 0)
s>        ( QUESTION0 1 8.809e+02 1.367e+02 5.198e+01
s>            ( - 4.014e+02 1 0)
s>            ( QUESTION4 -1 3.428e+02 7.244e+01 2.500e+01
s>                ( - 1.720e+02 1 0)
s>                ( - 9.833e+01 1 0))))INFO: dtree.c(1315): Comp split 18
INFO: dtree.c(1439): stop. leaf nodes are specific
INFO: dtree.c(1478): Final simple tree
|( QUESTION0_0_R 1 1.058e+03 1.324e+02 6.469e+01
|    ( - 2.859e+02 1 0)
|    ( - 6.396e+02 1 0))
s>    ( QUESTION0_0_R 1 1.058e+03 1.324e+02 6.469e+01
s>        ( - 2.859e+02 1 0)
s>        ( - 6.396e+02 1 0))INFO: dtree.c(1439): stop. leaf nodes are specific
INFO: dtree.c(1478): Final simple tree
|( QUESTION0_8_R 1 1.596e+03 1.784e+02 1.010e+02
|    ( QUESTION0 1 6.996e+02 9.016e+01 5.301e+01
|        ( - 7.062e+01 1 0)
|        ( - 5.388e+02 1 0))
|    ( SILENCE 1 7.178e+02 7.987e+01 4.801e+01
|        ( - 5.394e+02 1 0)
|        ( QUESTION0_0_R 1 9.858e+01 3.165e+01 9.999e+00
|            ( - 4.443e+01 1 0)
|            ( - 2.250e+01 1 0))))
s>    ( QUESTION0_8_R 1 1.596e+03 1.784e+02 1.010e+02
s>        ( QUESTION0 1 6.996e+02 9.016e+01 5.301e+01
s>            ( - 7.062e+01 1 0)
s>            ( - 5.388e+02 1 0))
s>        ( SILENCE 1 7.178e+02 7.987e+01 4.801e+01
s>            ( - 5.394e+02 1 0)
s>            ( QUESTION0_0_R 1 9.858e+01 3.165e+01 9.999e+00
s>                ( - 4.443e+01 1 0)
s>                ( - 2.250e+01 1 0))))INFO: dtree.c(1315): Comp split 19
INFO: dtree.c(1439): stop. leaf nodes are specific
INFO: dtree.c(1478): Final simple tree
|( QUESTION0_8_R 1 1.671e+03 1.073e+02 9.364e+01
|    ( - 1.470e+03 3 0)
|    ( - 9.334e+01 1 0))
s>    ( QUESTION0_8_R 1 1.671e+03 1.073e+02 9.364e+01
s>        ( - 1.470e+03 3 0)
s>        ( - 9.334e+01 1 0))INFO: dtree.c(1315): Comp split 20
INFO: dtree.c(1439): stop. leaf nodes are specific
INFO: dtree.c(1478): Final simple tree
|( QUESTION0_0_R 1 1.996e+03 1.970e+02 1.111e+02
|    ( - 1.246e+03 2 0)
|    ( QUESTION0_8_R 1 5.534e+02 9.843e+01 4.000e+01
|        ( - 3.355e+02 2 0)
|        ( - 1.195e+02 1 0)))
s>    ( QUESTION0_0_R 1 1.996e+03 1.970e+02 1.111e+02
s>        ( - 1.246e+03 2 0)
s>        ( QUESTION0_8_R 1 5.534e+02 9.843e+01 4.000e+01
s>            ( - 3.355e+02 2 0)
s>            ( - 1.195e+02 1 0)))INFO: dtree.c(1439): stop. leaf nodes are specific
INFO: dtree.c(1478): Final simple tree
|( QUESTION0_10_R 1 1.240e+03 3.793e+01 6.894e+01
|    ( - 1.730e+01 1 0)
|    ( - 1.185e+03 2 0))
s>    ( QUESTION0_10_R 1 1.240e+03 3.793e+01 6.894e+01
s>        ( - 1.730e+01 1 0)
s>        ( - 1.185e+03 2 0))INFO: dtree.c(1315): Comp split 21
INFO: dtree.c(1439): stop. leaf nodes are specific
INFO: dtree.c(1478): Final simple tree
|( QUESTION0_8_R 1 1.022e+03 1.265e+02 6.131e+01
|    ( QUESTION0 1 3.386e+02 7.437e+01 2.500e+01
|        ( - 9.288e+01 1 0)
|        ( - 1.713e+02 1 0))
|    ( - 5.567e+02 3 0))
s>    ( QUESTION0_8_R 1 1.022e+03 1.265e+02 6.131e+01
s>        ( QUESTION0 1 3.386e+02 7.437e+01 2.500e+01
s>            ( - 9.288e+01 1 0)
s>            ( - 1.713e+02 1 0))
s>        ( - 5.567e+02 3 0))INFO: dtree.c(1315): Comp split 22
INFO: dtree.c(1439): stop. leaf nodes are specific
INFO: dtree.c(1478): Final simple tree
|( QUESTION5 -1 8.611e+02 1.256e+02 5.700e+01
|    ( QUESTION0_8_R 1 3.471e+02 6.932e+01 2.500e+01
|        ( - 7.041e+01 1 0)
|        ( QUESTION0_0_R 1 2.073e+02 4.349e+01 1.700e+01
|            ( - 7.819e+01 1 0)
|            ( - 8.565e+01 1 0)))
|    ( SILENCE -1 3.884e+02 7.895e+01 3.200e+01
|        ( - 1.290e+02 1 0)
|        ( - 1.805e+02 1 0)))
s>    ( QUESTION5 -1 8.611e+02 1.256e+02 5.700e+01
s>        ( QUESTION0_8_R 1 3.471e+02 6.932e+01 2.500e+01
s>            ( - 7.041e+01 1 0)
s>            ( QUESTION0_0_R 1 2.073e+02 4.349e+01 1.700e+01
s>                ( - 7.819e+01 1 0)
s>                ( - 8.565e+01 1 0)))
s>        ( SILENCE -1 3.884e+02 7.895e+01 3.200e+01
s>            ( - 1.290e+02 1 0)
s>            ( - 1.805e+02 1 0)))INFO: dtree.c(1439): stop. leaf nodes are specific
INFO: dtree.c(1478): Final simple tree
|( SILENCE -1 1.134e+03 1.188e+02 6.900e+01
|    ( - 7.320e+02 1 0)
|    ( SILENCE 1 2.835e+02 6.359e+01 2.200e+01
|        ( - 1.800e+02 1 0)
|        ( - 3.988e+01 1 0)))
s>    ( SILENCE -1 1.134e+03 1.188e+02 6.900e+01
s>        ( - 7.320e+02 1 0)
s>        ( SILENCE 1 2.835e+02 6.359e+01 2.200e+01
s>            ( - 1.800e+02 1 0)
s>            ( - 3.988e+01 1 0)))INFO: dtree.c(1315): Comp split 23
INFO: dtree.c(1439): stop. leaf nodes are specific
INFO: dtree.c(1478): Final simple tree
|( QUESTION0_16_R 1 5.958e+02 1.139e+02 3.800e+01
|    ( - 3.079e+02 2 0)
|    ( - 1.740e+02 1 0))
s>    ( QUESTION0_16_R 1 5.958e+02 1.139e+02 3.800e+01
s>        ( - 3.079e+02 2 0)
s>        ( - 1.740e+02 1 0))INFO: dtree.c(1315): Comp split 24
INFO: dtree.c(1439): stop. leaf nodes are specific
INFO: dtree.c(1478): Final simple tree
|( QUESTION0_14_R 1 4.450e+02 9.455e+01 3.489e+01
|    ( - 1.885e+02 1 0)
|    ( QUESTION0_16_R 1 1.620e+02 6.105e+01 1.700e+01
|        ( - 6.191e+01 1 0)
|        ( - 3.899e+01 1 0)))
s>    ( QUESTION0_14_R 1 4.450e+02 9.455e+01 3.489e+01
s>        ( - 1.885e+02 1 0)
s>        ( QUESTION0_16_R 1 1.620e+02 6.105e+01 1.700e+01
s>            ( - 6.191e+01 1 0)
s>            ( - 3.899e+01 1 0)))INFO: dtree.c(1439): stop. leaf nodes are specific
INFO: dtree.c(1478): Final simple tree
|( QUESTION7 1 5.450e+02 1.006e+02 3.989e+01
|    ( QUESTION0_10_R 1 1.831e+02 5.114e+01 1.800e+01
|        ( - 8.984e+01 2 0)
|        ( QUESTION0_18_R 1 4.208e+01 2.004e+01 6.999e+00
|            ( - 1.259e+01 1 0)
|            ( - 9.449e+00 1 0)))
|    ( QUESTION0_8_R 1 2.613e+02 3.515e+01 2.190e+01
|        ( - 2.173e+02 1 0)
|        ( - 8.838e+00 1 0)))
s>    ( QUESTION7 1 5.450e+02 1.006e+02 3.989e+01
s>        ( QUESTION0_10_R 1 1.831e+02 5.114e+01 1.800e+01
s>            ( - 8.984e+01 2 0)
s>            ( QUESTION0_18_R 1 4.208e+01 2.004e+01 6.999e+00
s>                ( - 1.259e+01 1 0)
s>                ( - 9.449e+00 1 0)))
s>        ( QUESTION0_8_R 1 2.613e+02 3.515e+01 2.190e+01
s>            ( - 2.173e+02 1 0)
s>            ( - 8.838e+00 1 0)))INFO: dtree.c(1315): Comp split 25
INFO: dtree.c(1439): stop. leaf nodes are specific
INFO: dtree.c(1478): Final simple tree
|( QUESTION0_0_R 1 7.280e+02 1.034e+02 4.464e+01
|    ( - 4.151e+02 1 0)
|    ( QUESTION0_8_R 1 2.095e+02 6.175e+01 1.600e+01
|        ( - 3.500e+01 1 0)
|        ( - 1.127e+02 1 0)))
s>    ( QUESTION0_0_R 1 7.280e+02 1.034e+02 4.464e+01
s>        ( - 4.151e+02 1 0)
s>        ( QUESTION0_8_R 1 2.095e+02 6.175e+01 1.600e+01
s>            ( - 3.500e+01 1 0)
s>            ( - 1.127e+02 1 0)))INFO: dtree.c(1439): stop. leaf nodes are specific
INFO: dtree.c(1478): Final simple tree
|( QUESTION0_9_R 1 9.028e+02 1.327e+02 5.400e+01
|    ( - 5.074e+02 1 0)
|    ( SILENCE 1 2.628e+02 5.908e+01 2.000e+01
|        ( - 4.892e+01 1 0)
|        ( - 1.548e+02 1 0)))
s>    ( QUESTION0_9_R 1 9.028e+02 1.327e+02 5.400e+01
s>        ( - 5.074e+02 1 0)
s>        ( SILENCE 1 2.628e+02 5.908e+01 2.000e+01
s>            ( - 4.892e+01 1 0)
s>            ( - 1.548e+02 1 0)))INFO: dtree.c(1315): Comp split 26
INFO: dtree.c(1439): stop. leaf nodes are specific
INFO: dtree.c(1478): Final simple tree
|( SILENCE 1 1.709e+03 9.590e+01 9.579e+01
|    ( - 8.239e+01 1 0)
|    ( - 1.530e+03 1 0))
s>    ( SILENCE 1 1.709e+03 9.590e+01 9.579e+01
s>        ( - 8.239e+01 1 0)
s>        ( - 1.530e+03 1 0))INFO: dtree.c(1439): stop. leaf nodes are specific
INFO: dtree.c(1478): Final simple tree
|( QUESTION0_13_R 1 8.744e+02 1.197e+02 5.136e+01
|    ( QUESTION6 1 5.149e+02 8.006e+01 3.336e+01
|        ( QUESTION0_16_R 1 1.343e+02 3.818e+01 1.174e+01
|            ( - 5.075e+01 1 0)
|            ( - 4.533e+01 1 0))
|        ( QUESTION0_16_R 1 3.006e+02 5.494e+01 2.161e+01
|            ( - 1.854e+02 2 0)
|            ( - 6.027e+01 1 0)))
|    ( QUESTION2_9_L -1 2.397e+02 6.740e+01 1.800e+01
|        ( - 5.091e+01 1 0)
|        ( QUESTION0_0_R 1 1.214e+02 2.338e+01 1.200e+01
|            ( - 9.324e+01 1 0)
|            ( - 4.821e+00 1 0))))
s>    ( QUESTION0_13_R 1 8.744e+02 1.197e+02 5.136e+01
s>        ( QUESTION6 1 5.149e+02 8.006e+01 3.336e+01
s>            ( QUESTION0_16_R 1 1.343e+02 3.818e+01 1.174e+01
s>                ( - 5.075e+01 1 0)
s>                ( - 4.533e+01 1 0))
s>            ( QUESTION0_16_R 1 3.006e+02 5.494e+01 2.161e+01
s>                ( - 1.854e+02 2 0)
s>                ( - 6.027e+01 1 0)))
s>        ( QUESTION2_9_L -1 2.397e+02 6.740e+01 1.800e+01
s>            ( - 5.091e+01 1 0)
s>            ( QUESTION0_0_R 1 1.214e+02 2.338e+01 1.200e+01
s>                ( - 9.324e+01 1 0)
s>                ( - 4.821e+00 1 0))))INFO: dtree.c(1315): Comp split 27
INFO: dtree.c(1439): stop. leaf nodes are specific
INFO: dtree.c(1478): Final simple tree
|( SILENCE 1 3.937e+02 6.177e+01 2.691e+01
|    ( - 3.022e+02 1 0)
|    ( - 2.974e+01 1 0))
s>    ( SILENCE 1 3.937e+02 6.177e+01 2.691e+01
s>        ( - 3.022e+02 1 0)
s>        ( - 2.974e+01 1 0))INFO: dtree.c(1315): Comp split 28
INFO: dtree.c(1439): stop. leaf nodes are specific
INFO: dtree.c(1478): Final simple tree
|( QUESTION0_8_R 1 5.534e+02 9.843e+01 4.000e+01
|    ( - 3.355e+02 2 0)
|    ( - 1.195e+02 1 0))
s>    ( QUESTION0_8_R 1 5.534e+02 9.843e+01 4.000e+01
s>        ( - 3.355e+02 2 0)
s>        ( - 1.195e+02 1 0))INFO: dtree.c(1315): Comp split 29
INFO: dtree.c(1439): stop. leaf nodes are specific
INFO: dtree.c(1478): Final simple tree
|( QUESTION7 1 1.181e+03 1.329e+02 6.900e+01
|    ( QUESTION0_10_R 1 4.755e+02 6.523e+01 3.200e+01
|        ( - 3.291e+02 1 0)
|        ( - 8.123e+01 1 0))
|    ( SILENCE 1 5.726e+02 8.045e+01 3.700e+01
|        ( - 3.648e+02 2 0)
|        ( - 1.274e+02 1 0)))
s>    ( QUESTION7 1 1.181e+03 1.329e+02 6.900e+01
s>        ( QUESTION0_10_R 1 4.755e+02 6.523e+01 3.200e+01
s>            ( - 3.291e+02 1 0)
s>            ( - 8.123e+01 1 0))
s>        ( SILENCE 1 5.726e+02 8.045e+01 3.700e+01
s>            ( - 3.648e+02 2 0)
s>            ( - 1.274e+02 1 0)))INFO: dtree.c(1439): stop. leaf nodes are specific
INFO: dtree.c(1478): Final simple tree
|( QUESTION4 -1 6.644e+02 9.047e+01 4.200e+01
|    ( - 2.633e+02 2 0)
|    ( QUESTION0_8_R 1 3.106e+02 6.099e+01 2.300e+01
|        ( - 1.723e+02 1 0)
|        ( QUESTION0_11_R 1 7.729e+01 2.945e+01 8.000e+00
|            ( - 1.340e+01 1 0)
|            ( - 3.444e+01 1 0))))
s>    ( QUESTION4 -1 6.644e+02 9.047e+01 4.200e+01
s>        ( - 2.633e+02 2 0)
s>        ( QUESTION0_8_R 1 3.106e+02 6.099e+01 2.300e+01
s>            ( - 1.723e+02 1 0)
s>            ( QUESTION0_11_R 1 7.729e+01 2.945e+01 8.000e+00
s>                ( - 1.340e+01 1 0)
s>                ( - 3.444e+01 1 0))))INFO: dtree.c(1315): Comp split 30
INFO: dtree.c(1439): stop. leaf nodes are specific
INFO: dtree.c(1478): Final simple tree
|( QUESTION0_7_R 1 7.119e+02 1.012e+02 4.500e+01
|    ( - 4.062e+02 1 0)
|    ( SILENCE 1 2.045e+02 4.364e+01 1.700e+01
|        ( - 3.441e+01 1 0)
|        ( - 1.264e+02 1 0)))
s>    ( QUESTION0_7_R 1 7.119e+02 1.012e+02 4.500e+01
s>        ( - 4.062e+02 1 0)
s>        ( SILENCE 1 2.045e+02 4.364e+01 1.700e+01
s>            ( - 3.441e+01 1 0)
s>            ( - 1.264e+02 1 0)))INFO: dtree.c(1439): stop. leaf nodes are specific
INFO: dtree.c(1478): Final simple tree
|( SILENCE 1 4.943e+02 1.010e+02 3.496e+01
|    ( - 2.033e+02 1 0)
|    ( - 1.901e+02 2 0))
s>    ( SILENCE 1 4.943e+02 1.010e+02 3.496e+01
s>        ( - 2.033e+02 1 0)
s>        ( - 1.901e+02 2 0))INFO: dtree.c(1315): Comp split 31
INFO: dtree.c(1439): stop. leaf nodes are specific
INFO: dtree.c(1478): Final simple tree
|( WDBNDRY_S 0 5.559e+02 9.184e+01 3.500e+01
|    ( QUESTION0_18_R 1 3.111e+02 4.670e+01 2.200e+01
|        ( - 3.280e+01 1 0)
|        ( - 2.316e+02 1 0))
|    ( QUESTION0_18_R 1 1.530e+02 3.535e+01 1.300e+01
|        ( - 1.380e+01 1 0)
|        ( - 1.038e+02 1 0)))
s>    ( WDBNDRY_S 0 5.559e+02 9.184e+01 3.500e+01
s>        ( QUESTION0_18_R 1 3.111e+02 4.670e+01 2.200e+01
s>            ( - 3.280e+01 1 0)
s>            ( - 2.316e+02 1 0))
s>        ( QUESTION0_18_R 1 1.530e+02 3.535e+01 1.300e+01
s>            ( - 1.380e+01 1 0)
s>            ( - 1.038e+02 1 0)))INFO: dtree.c(1315): Comp split 32
INFO: dtree.c(1439): stop. leaf nodes are specific
INFO: dtree.c(1478): Final simple tree
|( SILENCE 1 7.178e+02 7.987e+01 4.801e+01
|    ( - 5.394e+02 1 0)
|    ( QUESTION0_0_R 1 9.858e+01 3.165e+01 9.999e+00
|        ( - 4.443e+01 1 0)
|        ( - 2.250e+01 1 0)))
s>    ( SILENCE 1 7.178e+02 7.987e+01 4.801e+01
s>        ( - 5.394e+02 1 0)
s>        ( QUESTION0_0_R 1 9.858e+01 3.165e+01 9.999e+00
s>            ( - 4.443e+01 1 0)
s>            ( - 2.250e+01 1 0)))INFO: dtree.c(1439): stop. leaf nodes are specific
INFO: dtree.c(1478): Final simple tree
|( QUESTION0 1 6.996e+02 9.016e+01 5.301e+01
|    ( - 7.062e+01 1 0)
|    ( - 5.388e+02 1 0))
s>    ( QUESTION0 1 6.996e+02 9.016e+01 5.301e+01
s>        ( - 7.062e+01 1 0)
s>        ( - 5.388e+02 1 0))INFO: dtree.c(1315): Comp split 33
INFO: dtree.c(1439): stop. leaf nodes are specific
INFO: dtree.c(1478): Final simple tree
|( QUESTION0 1 5.788e+02 7.917e+01 3.698e+01
|    ( - 4.014e+02 1 0)
|    ( - 9.833e+01 1 0))
s>    ( QUESTION0 1 5.788e+02 7.917e+01 3.698e+01
s>        ( - 4.014e+02 1 0)
s>        ( - 9.833e+01 1 0))INFO: dtree.c(1439): stop. leaf nodes are specific
INFO: dtree.c(1478): Final simple tree
|( QUESTION0 -1 9.862e+02 1.298e+02 5.927e+01
|    ( - 6.844e+02 1 0)
|    ( - 1.720e+02 1 0))
s>    ( QUESTION0 -1 9.862e+02 1.298e+02 5.927e+01
s>        ( - 6.844e+02 1 0)
s>        ( - 1.720e+02 1 0))INFO: dtree.c(1315): Comp split 34
INFO: dtree.c(1439): stop. leaf nodes are specific
INFO: dtree.c(1478): Final simple tree
|( QUESTION0_10_R 1 8.455e+02 1.283e+02 5.605e+01
|    ( - 3.462e+02 1 0)
|    ( - 3.710e+02 1 0))
s>    ( QUESTION0_10_R 1 8.455e+02 1.283e+02 5.605e+01
s>        ( - 3.462e+02 1 0)
s>        ( - 3.710e+02 1 0))INFO: dtree.c(1315): Comp split 35
INFO: dtree.c(1439): stop. leaf nodes are specific
INFO: dtree.c(1478): Final simple tree
|( QUESTION0 -1 3.903e+02 4.844e+01 2.600e+01
|    ( - 3.315e+02 2 0)
|    ( - 1.040e+01 1 0))
s>    ( QUESTION0 -1 3.903e+02 4.844e+01 2.600e+01
s>        ( - 3.315e+02 2 0)
s>        ( - 1.040e+01 1 0))INFO: dtree.c(1315): Comp split 36
INFO: dtree.c(1439): stop. leaf nodes are specific
INFO: dtree.c(1478): Final simple tree
|( QUESTION0_16_R 1 7.255e+02 8.901e+01 4.400e+01
|    ( - 5.002e+02 1 0)
|    ( - 1.362e+02 1 0))
s>    ( QUESTION0_16_R 1 7.255e+02 8.901e+01 4.400e+01
s>        ( - 5.002e+02 1 0)
s>        ( - 1.362e+02 1 0))INFO: dtree.c(1315): Comp split 37
INFO: dtree.c(1439): stop. leaf nodes are specific
INFO: dtree.c(1478): Final simple tree
|( QUESTION0_8_R 1 3.295e+02 8.411e+01 2.652e+01
|    ( - 9.768e+01 1 0)
|    ( QUESTION4 1 1.477e+02 4.093e+01 1.452e+01
|        ( - 7.156e+01 1 0)
|        ( QUESTION0_16_R 1 3.519e+01 9.358e+00 5.000e+00
|            ( - 0.000e+00 1 0)
|            ( - 2.583e+01 1 0))))
s>    ( QUESTION0_8_R 1 3.295e+02 8.411e+01 2.652e+01
s>        ( - 9.768e+01 1 0)
s>        ( QUESTION4 1 1.477e+02 4.093e+01 1.452e+01
s>            ( - 7.156e+01 1 0)
s>            ( QUESTION0_16_R 1 3.519e+01 9.358e+00 5.000e+00
s>                ( - 0.000e+00 1 0)
s>                ( - 2.583e+01 1 0))))INFO: dtree.c(1439): stop. leaf nodes are specific
INFO: dtree.c(1478): Final simple tree
|( SILENCE 1 7.213e+02 3.439e+01 4.526e+01
|    ( - 6.789e+02 1 0)
|    ( - 8.000e+00 1 0))
s>    ( SILENCE 1 7.213e+02 3.439e+01 4.526e+01
s>        ( - 6.789e+02 1 0)
s>        ( - 8.000e+00 1 0))INFO: dtree.c(1315): Comp split 38
INFO: dtree.c(1439): stop. leaf nodes are specific
INFO: dtree.c(1478): Final simple tree
|( QUESTION0_0_R 1 2.140e+02 4.791e+01 1.774e+01
|    ( - 9.324e+01 1 0)
|    ( QUESTION0_10_R 1 7.286e+01 2.271e+01 7.744e+00
|        ( - 4.821e+00 1 0)
|        ( - 4.533e+01 1 0)))
s>    ( QUESTION0_0_R 1 2.140e+02 4.791e+01 1.774e+01
s>        ( - 9.324e+01 1 0)
s>        ( QUESTION0_10_R 1 7.286e+01 2.271e+01 7.744e+00
s>            ( - 4.821e+00 1 0)
s>            ( - 4.533e+01 1 0)))INFO: dtree.c(1439): stop. leaf nodes are specific
INFO: dtree.c(1478): Final simple tree
|( QUESTION0_16_R 1 5.201e+02 8.750e+01 3.361e+01
|    ( QUESTION0_17_R 1 2.831e+02 4.696e+01 2.061e+01
|        ( - 5.075e+01 1 0)
|        ( - 1.854e+02 2 0))
|    ( QUESTION0_10_R 1 1.496e+02 3.839e+01 1.300e+01
|        ( - 5.091e+01 1 0)
|        ( - 6.027e+01 1 0)))
s>    ( QUESTION0_16_R 1 5.201e+02 8.750e+01 3.361e+01
s>        ( QUESTION0_17_R 1 2.831e+02 4.696e+01 2.061e+01
s>            ( - 5.075e+01 1 0)
s>            ( - 1.854e+02 2 0))
s>        ( QUESTION0_10_R 1 1.496e+02 3.839e+01 1.300e+01
s>            ( - 5.091e+01 1 0)
s>            ( - 6.027e+01 1 0)))INFO: dtree.c(1315): Comp split 39
INFO: dtree.c(1439): stop. leaf nodes are specific
INFO: dtree.c(1478): Final simple tree
|( SILENCE -1 4.158e+02 7.952e+01 3.000e+01
|    ( - 1.290e+02 1 0)
|    ( QUESTION0_0_R 1 2.073e+02 4.349e+01 1.700e+01
|        ( - 7.819e+01 1 0)
|        ( - 8.565e+01 1 0)))
s>    ( SILENCE -1 4.158e+02 7.952e+01 3.000e+01
s>        ( - 1.290e+02 1 0)
s>        ( QUESTION0_0_R 1 2.073e+02 4.349e+01 1.700e+01
s>            ( - 7.819e+01 1 0)
s>            ( - 8.565e+01 1 0)))INFO: dtree.c(1439): stop. leaf nodes are specific
INFO: dtree.c(1478): Final simple tree
|( QUESTION0_8_R 1 3.119e+02 6.101e+01 2.700e+01
|    ( - 7.041e+01 1 0)
|    ( - 1.805e+02 1 0))
s>    ( QUESTION0_8_R 1 3.119e+02 6.101e+01 2.700e+01
s>        ( - 7.041e+01 1 0)
s>        ( - 1.805e+02 1 0))INFO: dtree.c(1315): Comp split 40
INFO: dtree.c(1439): stop. leaf nodes are specific
INFO: dtree.c(1478): Final simple tree
|( SILENCE 1 5.726e+02 8.045e+01 3.700e+01
|    ( - 3.648e+02 2 0)
|    ( - 1.274e+02 1 0))
s>    ( SILENCE 1 5.726e+02 8.045e+01 3.700e+01
s>        ( - 3.648e+02 2 0)
s>        ( - 1.274e+02 1 0))INFO: dtree.c(1439): stop. leaf nodes are specific
INFO: dtree.c(1478): Final simple tree
|( QUESTION0_10_R 1 4.755e+02 6.523e+01 3.200e+01
|    ( - 3.291e+02 1 0)
|    ( - 8.123e+01 1 0))
s>    ( QUESTION0_10_R 1 4.755e+02 6.523e+01 3.200e+01
s>        ( - 3.291e+02 1 0)
s>        ( - 8.123e+01 1 0))INFO: dtree.c(1315): Comp split 41
INFO: dtree.c(1439): stop. leaf nodes are specific
INFO: dtree.c(1478): Final simple tree
|( SILENCE 1 2.628e+02 5.908e+01 2.000e+01
|    ( - 4.892e+01 1 0)
|    ( - 1.548e+02 1 0))
s>    ( SILENCE 1 2.628e+02 5.908e+01 2.000e+01
s>        ( - 4.892e+01 1 0)
s>        ( - 1.548e+02 1 0))INFO: dtree.c(1315): Comp split 42
INFO: dtree.c(1439): stop. leaf nodes are specific
INFO: dtree.c(1478): Final simple tree
|( SILENCE -1 6.556e+02 9.433e+01 4.300e+01
|    ( - 3.052e+02 1 0)
|    ( - 2.561e+02 2 0))
s>    ( SILENCE -1 6.556e+02 9.433e+01 4.300e+01
s>        ( - 3.052e+02 1 0)
s>        ( - 2.561e+02 2 0))INFO: dtree.c(1315): Comp split 43
INFO: dtree.c(1315): Comp split 44
INFO: dtree.c(1315): Comp split 45
INFO: dtree.c(1315): Comp split 46
INFO: dtree.c(1439): stop. leaf nodes are specific
INFO: dtree.c(1478): Final simple tree
|( QUESTION0 1 3.386e+02 7.437e+01 2.500e+01
|    ( - 9.288e+01 1 0)
|    ( - 1.713e+02 1 0))
s>    ( QUESTION0 1 3.386e+02 7.437e+01 2.500e+01
s>        ( - 9.288e+01 1 0)
s>        ( - 1.713e+02 1 0))INFO: dtree.c(1315): Comp split 47
INFO: dtree.c(1439): stop. leaf nodes are specific
INFO: dtree.c(1478): Final simple tree
|( SILENCE 1 2.835e+02 6.359e+01 2.200e+01
|    ( - 1.800e+02 1 0)
|    ( - 3.988e+01 1 0))
s>    ( SILENCE 1 2.835e+02 6.359e+01 2.200e+01
s>        ( - 1.800e+02 1 0)
s>        ( - 3.988e+01 1 0))INFO: dtree.c(1315): Comp split 48
INFO: dtree.c(1315): Comp split 49
INFO: dtree.c(1315): Comp split 50
INFO: dtree.c(1439): stop. leaf nodes are specific
INFO: dtree.c(1478): Final simple tree
|( QUESTION0_8_R 1 2.095e+02 6.175e+01 1.600e+01
|    ( - 3.500e+01 1 0)
|    ( - 1.127e+02 1 0))
s>    ( QUESTION0_8_R 1 2.095e+02 6.175e+01 1.600e+01
s>        ( - 3.500e+01 1 0)
s>        ( - 1.127e+02 1 0))INFO: dtree.c(1315): Comp split 51
INFO: dtree.c(1439): stop. leaf nodes are specific
INFO: dtree.c(1478): Final simple tree
|( SILENCE 1 2.045e+02 4.364e+01 1.700e+01
|    ( - 3.441e+01 1 0)
|    ( - 1.264e+02 1 0))
s>    ( SILENCE 1 2.045e+02 4.364e+01 1.700e+01
s>        ( - 3.441e+01 1 0)
s>        ( - 1.264e+02 1 0))INFO: dtree.c(1315): Comp split 52
INFO: dtree.c(1315): Comp split 53
INFO: dtree.c(1439): stop. leaf nodes are specific
INFO: dtree.c(1478): Final simple tree
|( QUESTION0_10_R 1 1.831e+02 5.114e+01 1.800e+01
|    ( - 8.984e+01 2 0)
|    ( QUESTION0_18_R 1 4.208e+01 2.004e+01 6.999e+00
|        ( - 1.259e+01 1 0)
|        ( - 9.449e+00 1 0)))
s>    ( QUESTION0_10_R 1 1.831e+02 5.114e+01 1.800e+01
s>        ( - 8.984e+01 2 0)
s>        ( QUESTION0_18_R 1 4.208e+01 2.004e+01 6.999e+00
s>            ( - 1.259e+01 1 0)
s>            ( - 9.449e+00 1 0)))INFO: dtree.c(1439): stop. leaf nodes are specific
INFO: dtree.c(1478): Final simple tree
|( QUESTION0_8_R 1 2.613e+02 3.515e+01 2.190e+01
|    ( - 2.173e+02 1 0)
|    ( - 8.838e+00 1 0))
s>    ( QUESTION0_8_R 1 2.613e+02 3.515e+01 2.190e+01
s>        ( - 2.173e+02 1 0)
s>        ( - 8.838e+00 1 0))INFO: dtree.c(1315): Comp split 54
INFO: dtree.c(1315): Comp split 55
INFO: dtree.c(1315): Comp split 56
INFO: dtree.c(1439): stop. leaf nodes are specific
INFO: dtree.c(1478): Final simple tree
|( QUESTION0_8_R 1 2.550e+02 4.828e+01 2.000e+01
|    ( - 1.723e+02 1 0)
|    ( - 3.444e+01 1 0))
s>    ( QUESTION0_8_R 1 2.550e+02 4.828e+01 2.000e+01
s>        ( - 1.723e+02 1 0)
s>        ( - 3.444e+01 1 0))INFO: dtree.c(1439): stop. leaf nodes are specific
INFO: dtree.c(1478): Final simple tree
|( QUESTION0_8_R 1 3.144e+02 3.764e+01 2.200e+01
|    ( - 2.633e+02 2 0)
|    ( - 1.340e+01 1 0))
s>    ( QUESTION0_8_R 1 3.144e+02 3.764e+01 2.200e+01
s>        ( - 2.633e+02 2 0)
s>        ( - 1.340e+01 1 0))INFO: dtree.c(1315): Comp split 57
INFO: dtree.c(1439): stop. leaf nodes are specific
INFO: dtree.c(1478): Final simple tree
|( QUESTION0_16_R 1 1.620e+02 6.105e+01 1.700e+01
|    ( - 6.191e+01 1 0)
|    ( - 3.899e+01 1 0))
s>    ( QUESTION0_16_R 1 1.620e+02 6.105e+01 1.700e+01
s>        ( - 6.191e+01 1 0)
s>        ( - 3.899e+01 1 0))INFO: dtree.c(1315): Comp split 58
INFO: dtree.c(1315): Comp split 59
INFO: dtree.c(1439): stop. leaf nodes are specific
INFO: dtree.c(1478): Final simple tree
|( QUESTION0_18_R 1 2.315e+02 5.585e+01 1.800e+01
|    ( WDBNDRY_S 0 7.185e+01 2.525e+01 8.000e+00
|        ( - 3.280e+01 1 0)
|        ( - 1.380e+01 1 0))
|    ( - 1.038e+02 1 0))
s>    ( QUESTION0_18_R 1 2.315e+02 5.585e+01 1.800e+01
s>        ( WDBNDRY_S 0 7.185e+01 2.525e+01 8.000e+00
s>            ( - 3.280e+01 1 0)
s>            ( - 1.380e+01 1 0))
s>        ( - 1.038e+02 1 0))INFO: dtree.c(1315): Comp split 60
INFO: dtree.c(1315): Comp split 61
INFO: dtree.c(1315): Comp split 62
INFO: dtree.c(1439): stop. leaf nodes are specific
INFO: dtree.c(1478): Final simple tree
|( QUESTION0_10_R 1 1.496e+02 3.839e+01 1.300e+01
|    ( - 5.091e+01 1 0)
|    ( - 6.027e+01 1 0))
s>    ( QUESTION0_10_R 1 1.496e+02 3.839e+01 1.300e+01
s>        ( - 5.091e+01 1 0)
s>        ( - 6.027e+01 1 0))INFO: dtree.c(1439): stop. leaf nodes are specific
INFO: dtree.c(1478): Final simple tree
|( QUESTION0_17_R 1 2.831e+02 4.696e+01 2.061e+01
|    ( - 5.075e+01 1 0)
|    ( - 1.854e+02 2 0))
s>    ( QUESTION0_17_R 1 2.831e+02 4.696e+01 2.061e+01
s>        ( - 5.075e+01 1 0)
s>        ( - 1.854e+02 2 0))INFO: dtree.c(1315): Comp split 63
INFO: dtree.c(1439): stop. leaf nodes are specific
INFO: dtree.c(1478): Final simple tree
|( QUESTION4 1 1.477e+02 4.093e+01 1.452e+01
|    ( - 7.156e+01 1 0)
|    ( QUESTION0_16_R 1 3.519e+01 9.358e+00 5.000e+00
|        ( - 0.000e+00 1 0)
|        ( - 2.583e+01 1 0)))
s>    ( QUESTION4 1 1.477e+02 4.093e+01 1.452e+01
s>        ( - 7.156e+01 1 0)
s>        ( QUESTION0_16_R 1 3.519e+01 9.358e+00 5.000e+00
s>            ( - 0.000e+00 1 0)
s>            ( - 2.583e+01 1 0)))INFO: dtree.c(1315): Comp split 64
INFO: dtree.c(1315): Comp split 65
INFO: dtree.c(1439): stop. leaf nodes are specific
INFO: dtree.c(1478): Final simple tree
|( QUESTION0_0_R 1 9.858e+01 3.165e+01 9.999e+00
|    ( - 4.443e+01 1 0)
|    ( - 2.250e+01 1 0))
s>    ( QUESTION0_0_R 1 9.858e+01 3.165e+01 9.999e+00
s>        ( - 4.443e+01 1 0)
s>        ( - 2.250e+01 1 0))INFO: dtree.c(1315): Comp split 66
INFO: dtree.c(1439): stop. leaf nodes are specific
INFO: dtree.c(1478): Final simple tree
|( QUESTION0_0_R 1 2.073e+02 4.349e+01 1.700e+01
|    ( - 7.819e+01 1 0)
|    ( - 8.565e+01 1 0))
s>    ( QUESTION0_0_R 1 2.073e+02 4.349e+01 1.700e+01
s>        ( - 7.819e+01 1 0)
s>        ( - 8.565e+01 1 0))INFO: dtree.c(1315): Comp split 67
INFO: dtree.c(1315): Comp split 68
INFO: dtree.c(1315): Comp split 69
INFO: dtree.c(1315): Comp split 70
INFO: dtree.c(1315): Comp split 71
INFO: dtree.c(1315): Comp split 72
INFO: dtree.c(1315): Comp split 73
INFO: dtree.c(1315): Comp split 74
INFO: dtree.c(1315): Comp split 75
INFO: dtree.c(1315): Comp split 76
INFO: dtree.c(1439): stop. leaf nodes are specific
INFO: dtree.c(1478): Final simple tree
|( WDBNDRY_S 0 7.185e+01 2.525e+01 8.000e+00
|    ( - 3.280e+01 1 0)
|    ( - 1.380e+01 1 0))
s>    ( WDBNDRY_S 0 7.185e+01 2.525e+01 8.000e+00
s>        ( - 3.280e+01 1 0)
s>        ( - 1.380e+01 1 0))INFO: dtree.c(1315): Comp split 77
INFO: dtree.c(1439): stop. leaf nodes are specific
INFO: dtree.c(1478): Final simple tree
|( QUESTION0_18_R 1 4.208e+01 2.004e+01 6.999e+00
|    ( - 1.259e+01 1 0)
|    ( - 9.449e+00 1 0))
s>    ( QUESTION0_18_R 1 4.208e+01 2.004e+01 6.999e+00
s>        ( - 1.259e+01 1 0)
s>        ( - 9.449e+00 1 0))INFO: dtree.c(1315): Comp split 78
INFO: dtree.c(1315): Comp split 79
INFO: dtree.c(1315): Comp split 80
INFO: dtree.c(1439): stop. leaf nodes are specific
INFO: dtree.c(1478): Final simple tree
|( QUESTION0_10_R 1 7.286e+01 2.271e+01 7.744e+00
|    ( - 4.821e+00 1 0)
|    ( - 4.533e+01 1 0))
s>    ( QUESTION0_10_R 1 7.286e+01 2.271e+01 7.744e+00
s>        ( - 4.821e+00 1 0)
s>        ( - 4.533e+01 1 0))INFO: dtree.c(1315): Comp split 81
INFO: dtree.c(1315): Comp split 82
INFO: dtree.c(1315): Comp split 83
INFO: dtree.c(1315): Comp split 84
INFO: dtree.c(1439): stop. leaf nodes are specific
INFO: dtree.c(1478): Final simple tree
|( QUESTION0_16_R 1 3.519e+01 9.358e+00 5.000e+00
|    ( - 0.000e+00 1 0)
|    ( - 2.583e+01 1 0))
s>    ( QUESTION0_16_R 1 3.519e+01 9.358e+00 5.000e+00
s>        ( - 0.000e+00 1 0)
s>        ( - 2.583e+01 1 0))INFO: dtree.c(1315): Comp split 85
INFO: dtree.c(1315): Comp split 86
INFO: dtree.c(1315): Comp split 87
INFO: dtree.c(1315): Comp split 88
INFO: dtree.c(1315): Comp split 89
INFO: dtree.c(1315): Comp split 90
INFO: dtree.c(1315): Comp split 91
INFO: dtree.c(1315): Comp split 92
INFO: dtree.c(1315): Comp split 93
INFO: dtree.c(1315): Comp split 94
INFO: dtree.c(1315): Comp split 95
INFO: dtree.c(1318): stop. leaf nodes are specific
Mon May 23 22:39:53 2022
