Current configuration:
[NAME]		[DEFLT]	[VALUE]
-allphones	no	no
-cntthresh	0.00001	1.000000e-05
-csplitmax	100	2000
-csplitmin	1	1
-csplitthr	8e-4	0.000000e+00
-example	no	no
-fullvar	no	no
-help		no	no
-meanfn			
-mixwfn			/home/rakha/Kuliah/Semester8/nlp/speech-sphinx/train-new-model/an4-master/model_parameters/an4.cd_ptm_untied/mixture_weights
-moddeffn		/home/rakha/Kuliah/Semester8/nlp/speech-sphinx/train-new-model/an4-master/model_architecture/an4.untied.mdef
-mwfloor	1e-4	1.000000e-08
-phone			S
-psetfn			/home/rakha/Kuliah/Semester8/nlp/speech-sphinx/train-new-model/an4-master/model_architecture/an4.tree_questions
-ssplitmax	5	7
-ssplitmin	1	1
-ssplitthr	8e-4	0.000000e+00
-state			1
-stwt			1.0,0.05,0.0,
-treefn			/home/rakha/Kuliah/Semester8/nlp/speech-sphinx/train-new-model/an4-master/trees/an4.unpruned/S-1.dtree
-ts2cbfn	.semi.	.semi.
-varfloor	0.00001	1.000000e-05
-varfn			

INFO: main.c(223): Reading: /home/rakha/Kuliah/Semester8/nlp/speech-sphinx/train-new-model/an4-master/model_architecture/an4.untied.mdef
INFO: model_def_io.c(573): Model definition info:
INFO: model_def_io.c(574): 1618 total models defined (34 base, 1584 tri)
INFO: model_def_io.c(575): 6472 total states
INFO: model_def_io.c(576): 4854 total tied states
INFO: model_def_io.c(577): 102 total tied CI states
INFO: model_def_io.c(578): 34 total tied transition matrices
INFO: model_def_io.c(579): 4 max state/model
INFO: model_def_io.c(580): 4 min state/model
INFO: main.c(242): Building trees for [S AA T i] through [S V IH b]
INFO: main.c(269): Covering states |[3759 4079]| == 321
INFO: main.c(275): Reading: /home/rakha/Kuliah/Semester8/nlp/speech-sphinx/train-new-model/an4-master/model_parameters/an4.cd_ptm_untied/mixture_weights
INFO: s3mixw_io.c(173): Read /home/rakha/Kuliah/Semester8/nlp/speech-sphinx/train-new-model/an4-master/model_parameters/an4.cd_ptm_untied/mixture_weights [321x4x64 array]
INFO: main.c(311): 107 of 107 models have observation count greater than 0.000010
INFO: main.c(95): nrm stwt: 0.045 0.909 0.045 
INFO: main.c(411): 107-class entropy: 8.492642e+04
INFO: main.c(549): Reading: /home/rakha/Kuliah/Semester8/nlp/speech-sphinx/train-new-model/an4-master/model_architecture/an4.tree_questions
INFO: main.c(588): 180 total simple questions (172 phone; 8 word bndry)
INFO: main.c(590): 42 Left Only questions, and 42 Right Only questions
INFO: dtree.c(1478): Final simple tree
|( WDBNDRY_B 0 1.048e+05 1.497e+03 5.414e+03
|    ( QUESTION0_10_R 1 5.278e+04 6.903e+02 2.765e+03
|        ( - 2.078e+03 1 0)
|        ( QUESTION0_0_R 1 5.001e+04 5.467e+02 2.638e+03
|            ( - 1.084e+04 13 0 SILENCE -1 3.226e+02 6.129e+02)
|            ( - 3.862e+04 32 0 QUESTION1 -1 4.533e+02 2.025e+03)))
|    ( QUESTION6 -1 5.056e+04 1.094e+03 2.649e+03
|        ( WDBNDRY_E 0 1.634e+04 8.003e+02 8.509e+02
|            ( SILENCE 1 1.402e+04 5.395e+02 7.523e+02
|                ( - 5.988e+03 1 0)
|                ( - 7.495e+03 20 0 QUESTION0_9_R 1 2.710e+02 3.888e+02))
|            ( - 1.515e+03 2 0 QUESTION0_10_R 1 3.081e+01 9.860e+01))
|        ( SILENCE 1 3.312e+04 5.976e+02 1.798e+03
|            ( - 7.522e+03 1 0)
|            ( - 2.500e+04 37 0 QUESTION0_10_R 1 4.888e+02 1.354e+03))))
s>    ( WDBNDRY_B 0 1.048e+05 1.497e+03 5.414e+03
s>        ( QUESTION0_10_R 1 5.278e+04 6.903e+02 2.765e+03
s>            ( - 2.078e+03 1 0)
s>            ( QUESTION0_0_R 1 5.001e+04 5.467e+02 2.638e+03
s>                ( - 1.084e+04 13 0 SILENCE -1 3.226e+02 6.129e+02)
s>                ( - 3.862e+04 32 0 QUESTION1 -1 4.533e+02 2.025e+03)))
s>        ( QUESTION6 -1 5.056e+04 1.094e+03 2.649e+03
s>            ( WDBNDRY_E 0 1.634e+04 8.003e+02 8.509e+02
s>                ( SILENCE 1 1.402e+04 5.395e+02 7.523e+02
s>                    ( - 5.988e+03 1 0)
s>                    ( - 7.495e+03 20 0 QUESTION0_9_R 1 2.710e+02 3.888e+02))
s>                ( - 1.515e+03 2 0 QUESTION0_10_R 1 3.081e+01 9.860e+01))
s>            ( SILENCE 1 3.312e+04 5.976e+02 1.798e+03
s>                ( - 7.522e+03 1 0)
s>                ( - 2.500e+04 37 0 QUESTION0_10_R 1 4.888e+02 1.354e+03))))INFO: dtree.c(1315): Comp split 0
INFO: dtree.c(1478): Final simple tree
|( WDBNDRY_E 0 7.595e+04 9.497e+02 3.992e+03
|    ( QUESTION0_10_R 1 2.449e+04 4.670e+02 1.333e+03
|        ( - 5.429e+03 6 0 QUESTION8 1 2.964e+02 3.127e+02)
|        ( QUESTION0 -1 1.859e+04 3.703e+02 1.020e+03
|            ( - 4.090e+03 12 0 QUESTION0_14_R 1 1.964e+02 2.430e+02)
|            ( - 1.413e+04 15 0 QUESTION0 1 2.961e+02 7.773e+02)))
|    ( QUESTION0_0_R 1 5.051e+04 5.521e+02 2.659e+03
|        ( SILENCE -1 1.084e+04 3.226e+02 6.129e+02
|            ( - 2.613e+03 1 0)
|            ( - 7.907e+03 12 0 QUESTION0 -1 2.416e+02 4.559e+02))
|        ( QUESTION1 -1 3.912e+04 4.507e+02 2.046e+03
|            ( - 8.377e+03 4 0 QUESTION0_8_R 1 2.082e+02 4.513e+02)
|            ( QUESTION4 -1 3.029e+04 4.423e+02 1.595e+03
|                ( - 9.070e+03 5 0 QUESTION0_8_R 1 2.062e+02 4.813e+02)
|                ( - 2.078e+04 27 0 QUESTION2_2_L -1 3.223e+02 1.113e+03)))))
s>    ( WDBNDRY_E 0 7.595e+04 9.497e+02 3.992e+03
s>        ( QUESTION0_10_R 1 2.449e+04 4.670e+02 1.333e+03
s>            ( - 5.429e+03 6 0 QUESTION8 1 2.964e+02 3.127e+02)
s>            ( QUESTION0 -1 1.859e+04 3.703e+02 1.020e+03
s>                ( - 4.090e+03 12 0 QUESTION0_14_R 1 1.964e+02 2.430e+02)
s>                ( - 1.413e+04 15 0 QUESTION0 1 2.961e+02 7.773e+02)))
s>        ( QUESTION0_0_R 1 5.051e+04 5.521e+02 2.659e+03
s>            ( SILENCE -1 1.084e+04 3.226e+02 6.129e+02
s>                ( - 2.613e+03 1 0)
s>                ( - 7.907e+03 12 0 QUESTION0 -1 2.416e+02 4.559e+02))
s>            ( QUESTION1 -1 3.912e+04 4.507e+02 2.046e+03
s>                ( - 8.377e+03 4 0 QUESTION0_8_R 1 2.082e+02 4.513e+02)
s>                ( QUESTION4 -1 3.029e+04 4.423e+02 1.595e+03
s>                    ( - 9.070e+03 5 0 QUESTION0_8_R 1 2.062e+02 4.813e+02)
s>                    ( - 2.078e+04 27 0 QUESTION2_2_L -1 3.223e+02 1.113e+03)))))INFO: dtree.c(1478): Final simple tree
|( WDBNDRY_E 0 2.723e+04 1.010e+03 1.422e+03
|    ( SILENCE 1 2.204e+04 6.116e+02 1.196e+03
|        ( QUESTION6 -1 1.394e+04 4.273e+02 8.074e+02
|            ( - 5.988e+03 1 0)
|            ( - 7.522e+03 1 0))
|        ( QUESTION0_9_R 1 7.495e+03 2.710e+02 3.888e+02
|            ( QUESTION0_19_R 1 3.836e+03 2.237e+02 2.072e+02
|                ( - 1.136e+03 2 0 QUESTION0_20_R 1 1.041e+02 7.171e+01)
|                ( - 2.477e+03 9 0 QUESTION4 1 1.908e+02 1.355e+02))
|            ( QUESTION1 1 3.387e+03 2.167e+02 1.817e+02
|                ( - 1.330e+03 2 0 QUESTION0_0_R 1 3.930e+01 7.548e+01)
|                ( - 1.841e+03 7 0 QUESTION0_0_R 1 1.474e+02 1.062e+02))))
|    ( WDBNDRY_B 0 4.179e+03 5.862e+02 2.258e+02
|        ( - 2.078e+03 1 0)
|        ( - 1.515e+03 2 0 QUESTION0_10_R 1 3.081e+01 9.860e+01)))
s>    ( WDBNDRY_E 0 2.723e+04 1.010e+03 1.422e+03
s>        ( SILENCE 1 2.204e+04 6.116e+02 1.196e+03
s>            ( QUESTION6 -1 1.394e+04 4.273e+02 8.074e+02
s>                ( - 5.988e+03 1 0)
s>                ( - 7.522e+03 1 0))
s>            ( QUESTION0_9_R 1 7.495e+03 2.710e+02 3.888e+02
s>                ( QUESTION0_19_R 1 3.836e+03 2.237e+02 2.072e+02
s>                    ( - 1.136e+03 2 0 QUESTION0_20_R 1 1.041e+02 7.171e+01)
s>                    ( - 2.477e+03 9 0 QUESTION4 1 1.908e+02 1.355e+02))
s>                ( QUESTION1 1 3.387e+03 2.167e+02 1.817e+02
s>                    ( - 1.330e+03 2 0 QUESTION0_0_R 1 3.930e+01 7.548e+01)
s>                    ( - 1.841e+03 7 0 QUESTION0_0_R 1 1.474e+02 1.062e+02))))
s>        ( WDBNDRY_B 0 4.179e+03 5.862e+02 2.258e+02
s>            ( - 2.078e+03 1 0)
s>            ( - 1.515e+03 2 0 QUESTION0_10_R 1 3.081e+01 9.860e+01)))INFO: dtree.c(1315): Comp split 1
INFO: dtree.c(1478): Final simple tree
|( QUESTION1 -1 4.204e+04 4.686e+02 2.203e+03
|    ( - 8.377e+03 4 0 QUESTION0_8_R 1 2.082e+02 4.513e+02)
|    ( QUESTION4 -1 3.319e+04 4.540e+02 1.752e+03
|        ( - 9.070e+03 5 0 QUESTION0_8_R 1 2.062e+02 4.813e+02)
|        ( QUESTION2_2_L -1 2.367e+04 3.728e+02 1.270e+03
|            ( QUESTION0_8_R 1 1.071e+04 2.493e+02 5.822e+02
|                ( QUESTION0 -1 6.622e+03 2.175e+02 3.726e+02
|                    ( - 4.465e+03 2 0)
|                    ( - 1.940e+03 3 0 QUESTION2_8_L -1 1.675e+02 1.168e+02))
|                ( - 3.842e+03 8 0 QUESTION0 -1 1.823e+02 2.096e+02))
|            ( QUESTION2_17_L -1 1.258e+04 3.027e+02 6.881e+02
|                ( - 3.536e+03 5 0 QUESTION0_8_R 1 1.886e+02 1.997e+02)
|                ( QUESTION0_9_R 1 8.746e+03 2.243e+02 4.884e+02
|                    ( - 2.098e+03 4 0 SILENCE -1 1.634e+02 1.174e+02)
|                    ( - 6.423e+03 6 0 QUESTION0_0_R 1 1.850e+02 3.710e+02))))))
s>    ( QUESTION1 -1 4.204e+04 4.686e+02 2.203e+03
s>        ( - 8.377e+03 4 0 QUESTION0_8_R 1 2.082e+02 4.513e+02)
s>        ( QUESTION4 -1 3.319e+04 4.540e+02 1.752e+03
s>            ( - 9.070e+03 5 0 QUESTION0_8_R 1 2.062e+02 4.813e+02)
s>            ( QUESTION2_2_L -1 2.367e+04 3.728e+02 1.270e+03
s>                ( QUESTION0_8_R 1 1.071e+04 2.493e+02 5.822e+02
s>                    ( QUESTION0 -1 6.622e+03 2.175e+02 3.726e+02
s>                        ( - 4.465e+03 2 0)
s>                        ( - 1.940e+03 3 0 QUESTION2_8_L -1 1.675e+02 1.168e+02))
s>                    ( - 3.842e+03 8 0 QUESTION0 -1 1.823e+02 2.096e+02))
s>                ( QUESTION2_17_L -1 1.258e+04 3.027e+02 6.881e+02
s>                    ( - 3.536e+03 5 0 QUESTION0_8_R 1 1.886e+02 1.997e+02)
s>                    ( QUESTION0_9_R 1 8.746e+03 2.243e+02 4.884e+02
s>                        ( - 2.098e+03 4 0 SILENCE -1 1.634e+02 1.174e+02)
s>                        ( - 6.423e+03 6 0 QUESTION0_0_R 1 1.850e+02 3.710e+02))))))INFO: dtree.c(1478): Final simple tree
|( QUESTION7 1 3.282e+04 5.384e+02 1.789e+03
|    ( QUESTION0_10_R 1 1.241e+04 3.642e+02 6.930e+02
|        ( QUESTION0_11_R 1 4.523e+03 2.747e+02 2.646e+02
|            ( - 2.116e+03 2 0 QUESTION0 -1 1.635e+02 1.301e+02)
|            ( - 2.131e+03 2 0 QUESTION0 -1 1.110e+02 1.346e+02))
|        ( - 7.527e+03 4 0 QUESTION0 -1 1.863e+02 4.283e+02))
|    ( QUESTION5 -1 1.987e+04 4.038e+02 1.096e+03
|        ( QUESTION0_0_R 1 7.960e+03 2.927e+02 4.420e+02
|            ( QUESTION0_3_R 1 3.206e+03 2.110e+02 1.892e+02
|                ( - 1.026e+03 2 0)
|                ( - 1.969e+03 5 0 QUESTION6 -1 1.395e+02 1.261e+02))
|            ( - 4.461e+03 10 0 QUESTION6 1 1.990e+02 2.528e+02))
|        ( QUESTION0_1_R 1 1.151e+04 2.710e+02 6.539e+02
|            ( - 7.259e+03 10 0 QUESTION0 -1 2.103e+02 4.189e+02)
|            ( - 3.977e+03 10 0 QUESTION0_14_R 1 2.049e+02 2.350e+02))))
s>    ( QUESTION7 1 3.282e+04 5.384e+02 1.789e+03
s>        ( QUESTION0_10_R 1 1.241e+04 3.642e+02 6.930e+02
s>            ( QUESTION0_11_R 1 4.523e+03 2.747e+02 2.646e+02
s>                ( - 2.116e+03 2 0 QUESTION0 -1 1.635e+02 1.301e+02)
s>                ( - 2.131e+03 2 0 QUESTION0 -1 1.110e+02 1.346e+02))
s>            ( - 7.527e+03 4 0 QUESTION0 -1 1.863e+02 4.283e+02))
s>        ( QUESTION5 -1 1.987e+04 4.038e+02 1.096e+03
s>            ( QUESTION0_0_R 1 7.960e+03 2.927e+02 4.420e+02
s>                ( QUESTION0_3_R 1 3.206e+03 2.110e+02 1.892e+02
s>                    ( - 1.026e+03 2 0)
s>                    ( - 1.969e+03 5 0 QUESTION6 -1 1.395e+02 1.261e+02))
s>                ( - 4.461e+03 10 0 QUESTION6 1 1.990e+02 2.528e+02))
s>            ( QUESTION0_1_R 1 1.151e+04 2.710e+02 6.539e+02
s>                ( - 7.259e+03 10 0 QUESTION0 -1 2.103e+02 4.189e+02)
s>                ( - 3.977e+03 10 0 QUESTION0_14_R 1 2.049e+02 2.350e+02))))INFO: dtree.c(1315): Comp split 2
INFO: dtree.c(1478): Final simple tree
|( WDBNDRY_I 0 8.735e+03 6.162e+02 4.367e+02
|    ( - 1.515e+03 2 0 QUESTION0_10_R 1 3.081e+01 9.860e+01)
|    ( WDBNDRY_B 0 6.603e+03 4.646e+02 3.381e+02
|        ( - 2.078e+03 1 0)
|        ( QUESTION0_9_R 1 4.060e+03 2.535e+02 2.109e+02
|            ( QUESTION4 1 2.477e+03 1.908e+02 1.355e+02
|                ( - 8.441e+02 1 0)
|                ( QUESTION7 1 1.442e+03 1.406e+02 8.314e+01
|                    ( QUESTION0_11_R 1 5.914e+02 9.173e+01 3.711e+01
|                        ( - 8.991e+01 1 0)
|                        ( - 4.098e+02 3 0 QUESTION0_10_R 1 3.304e+01 2.711e+01))
|                    ( QUESTION0_15_R 1 7.099e+02 1.046e+02 4.603e+01
|                        ( - 2.145e+02 1 0)
|                        ( - 3.908e+02 3 0 QUESTION6 1 6.398e+01 2.700e+01))))
|            ( - 1.330e+03 2 0 QUESTION0_0_R 1 3.930e+01 7.548e+01))))
s>    ( WDBNDRY_I 0 8.735e+03 6.162e+02 4.367e+02
s>        ( - 1.515e+03 2 0 QUESTION0_10_R 1 3.081e+01 9.860e+01)
s>        ( WDBNDRY_B 0 6.603e+03 4.646e+02 3.381e+02
s>            ( - 2.078e+03 1 0)
s>            ( QUESTION0_9_R 1 4.060e+03 2.535e+02 2.109e+02
s>                ( QUESTION4 1 2.477e+03 1.908e+02 1.355e+02
s>                    ( - 8.441e+02 1 0)
s>                    ( QUESTION7 1 1.442e+03 1.406e+02 8.314e+01
s>                        ( QUESTION0_11_R 1 5.914e+02 9.173e+01 3.711e+01
s>                            ( - 8.991e+01 1 0)
s>                            ( - 4.098e+02 3 0 QUESTION0_10_R 1 3.304e+01 2.711e+01))
s>                        ( QUESTION0_15_R 1 7.099e+02 1.046e+02 4.603e+01
s>                            ( - 2.145e+02 1 0)
s>                            ( - 3.908e+02 3 0 QUESTION6 1 6.398e+01 2.700e+01))))
s>                ( - 1.330e+03 2 0 QUESTION0_0_R 1 3.930e+01 7.548e+01))))INFO: dtree.c(1478): Final simple tree
|( QUESTION6 -1 1.749e+04 4.339e+02 9.853e+02
|    ( SILENCE 1 9.532e+03 3.549e+02 5.413e+02
|        ( - 5.988e+03 1 0)
|        ( QUESTION5 1 3.188e+03 2.123e+02 1.779e+02
|            ( QUESTION6 1 1.196e+03 1.127e+02 7.471e+01
|                ( - 6.447e+02 1 0)
|                ( - 4.386e+02 2 0 QUESTION0_0_R 1 3.491e+01 3.105e+01))
|            ( QUESTION0_0_R 1 1.780e+03 1.397e+02 1.032e+02
|                ( QUESTION0_1_R 1 3.777e+02 7.802e+01 2.400e+01
|                    ( - 1.787e+02 1 0)
|                    ( - 1.210e+02 2 0))
|                ( QUESTION0 1 1.263e+03 8.500e+01 7.917e+01
|                    ( - 9.725e+01 2 0)
|                    ( - 1.080e+03 1 0)))))
|    ( - 7.522e+03 1 0))
s>    ( QUESTION6 -1 1.749e+04 4.339e+02 9.853e+02
s>        ( SILENCE 1 9.532e+03 3.549e+02 5.413e+02
s>            ( - 5.988e+03 1 0)
s>            ( QUESTION5 1 3.188e+03 2.123e+02 1.779e+02
s>                ( QUESTION6 1 1.196e+03 1.127e+02 7.471e+01
s>                    ( - 6.447e+02 1 0)
s>                    ( - 4.386e+02 2 0 QUESTION0_0_R 1 3.491e+01 3.105e+01))
s>                ( QUESTION0_0_R 1 1.780e+03 1.397e+02 1.032e+02
s>                    ( QUESTION0_1_R 1 3.777e+02 7.802e+01 2.400e+01
s>                        ( - 1.787e+02 1 0)
s>                        ( - 1.210e+02 2 0))
s>                    ( QUESTION0 1 1.263e+03 8.500e+01 7.917e+01
s>                        ( - 9.725e+01 2 0)
s>                        ( - 1.080e+03 1 0)))))
s>        ( - 7.522e+03 1 0))INFO: dtree.c(1315): Comp split 3
INFO: dtree.c(1439): stop. leaf nodes are specific
INFO: dtree.c(1478): Final simple tree
|( WDBNDRY_E 0 2.115e+03 1.899e+02 1.257e+02
|    ( QUESTION0_10_R 1 4.098e+02 3.304e+01 2.711e+01
|        ( - 3.584e+02 1 0)
|        ( QUESTION0_18_R 1 1.833e+01 1.102e+01 3.000e+00
|            ( - 5.727e+00 1 0)
|            ( - 1.583e+00 1 0)))
|    ( QUESTION0_10_R 1 1.515e+03 3.081e+01 9.860e+01
|        ( - 1.484e+03 1 0)
|        ( - 3.636e-01 1 0)))
s>    ( WDBNDRY_E 0 2.115e+03 1.899e+02 1.257e+02
s>        ( QUESTION0_10_R 1 4.098e+02 3.304e+01 2.711e+01
s>            ( - 3.584e+02 1 0)
s>            ( QUESTION0_18_R 1 1.833e+01 1.102e+01 3.000e+00
s>                ( - 5.727e+00 1 0)
s>                ( - 1.583e+00 1 0)))
s>        ( QUESTION0_10_R 1 1.515e+03 3.081e+01 9.860e+01
s>            ( - 1.484e+03 1 0)
s>            ( - 3.636e-01 1 0)))INFO: dtree.c(1478): Final simple tree
|( WDBNDRY_B 0 5.983e+03 4.300e+02 3.110e+02
|    ( - 2.078e+03 1 0)
|    ( QUESTION4 1 3.475e+03 2.425e+02 1.838e+02
|        ( - 8.441e+02 1 0)
|        ( QUESTION0_9_R 1 2.388e+03 1.849e+02 1.315e+02
|            ( QUESTION0_15_R 1 8.732e+02 1.151e+02 5.603e+01
|                ( - 2.145e+02 1 0)
|                ( QUESTION6 1 5.436e+02 8.461e+01 3.700e+01
|                    ( QUESTION7 1 2.461e+02 4.227e+01 2.100e+01
|                        ( - 8.991e+01 1 0)
|                        ( - 1.139e+02 2 0 QUESTION0_10_R 1 2.968e+01 1.100e+01))
|                    ( - 2.129e+02 1 0)))
|            ( QUESTION0_0_R 1 1.330e+03 3.930e+01 7.548e+01
|                ( - 6.106e+00 1 0)
|                ( - 1.285e+03 1 0)))))
s>    ( WDBNDRY_B 0 5.983e+03 4.300e+02 3.110e+02
s>        ( - 2.078e+03 1 0)
s>        ( QUESTION4 1 3.475e+03 2.425e+02 1.838e+02
s>            ( - 8.441e+02 1 0)
s>            ( QUESTION0_9_R 1 2.388e+03 1.849e+02 1.315e+02
s>                ( QUESTION0_15_R 1 8.732e+02 1.151e+02 5.603e+01
s>                    ( - 2.145e+02 1 0)
s>                    ( QUESTION6 1 5.436e+02 8.461e+01 3.700e+01
s>                        ( QUESTION7 1 2.461e+02 4.227e+01 2.100e+01
s>                            ( - 8.991e+01 1 0)
s>                            ( - 1.139e+02 2 0 QUESTION0_10_R 1 2.968e+01 1.100e+01))
s>                        ( - 2.129e+02 1 0)))
s>                ( QUESTION0_0_R 1 1.330e+03 3.930e+01 7.548e+01
s>                    ( - 6.106e+00 1 0)
s>                    ( - 1.285e+03 1 0)))))INFO: dtree.c(1315): Comp split 4
INFO: dtree.c(1478): Final simple tree
|( QUESTION0 -1 1.376e+04 3.076e+02 7.800e+02
|    ( QUESTION0_1_R 1 1.005e+04 2.809e+02 5.744e+02
|        ( QUESTION2_12_L -1 5.796e+03 1.571e+02 3.394e+02
|            ( - 1.991e+03 1 0)
|            ( - 3.647e+03 7 0 QUESTION1 -1 1.400e+02 2.139e+02))
|        ( QUESTION0_14_R 1 3.977e+03 2.049e+02 2.350e+02
|            ( - 9.311e+02 1 0)
|            ( QUESTION0_10_R 1 2.841e+03 1.865e+02 1.711e+02
|                ( - 6.032e+02 1 0)
|                ( - 2.052e+03 8 0 QUESTION0 1 1.449e+02 1.280e+02))))
|    ( QUESTION16 -1 3.401e+03 2.051e+02 2.056e+02
|        ( - 1.386e+03 4 0 QUESTION0_1_R 1 1.145e+02 9.113e+01)
|        ( QUESTION2_1_L -1 1.810e+03 1.580e+02 1.145e+02
|            ( - 9.706e+02 2 0 QUESTION4 -1 9.884e+01 6.647e+01)
|            ( - 6.812e+02 1 0))))
s>    ( QUESTION0 -1 1.376e+04 3.076e+02 7.800e+02
s>        ( QUESTION0_1_R 1 1.005e+04 2.809e+02 5.744e+02
s>            ( QUESTION2_12_L -1 5.796e+03 1.571e+02 3.394e+02
s>                ( - 1.991e+03 1 0)
s>                ( - 3.647e+03 7 0 QUESTION1 -1 1.400e+02 2.139e+02))
s>            ( QUESTION0_14_R 1 3.977e+03 2.049e+02 2.350e+02
s>                ( - 9.311e+02 1 0)
s>                ( QUESTION0_10_R 1 2.841e+03 1.865e+02 1.711e+02
s>                    ( - 6.032e+02 1 0)
s>                    ( - 2.052e+03 8 0 QUESTION0 1 1.449e+02 1.280e+02))))
s>        ( QUESTION16 -1 3.401e+03 2.051e+02 2.056e+02
s>            ( - 1.386e+03 4 0 QUESTION0_1_R 1 1.145e+02 9.113e+01)
s>            ( QUESTION2_1_L -1 1.810e+03 1.580e+02 1.145e+02
s>                ( - 9.706e+02 2 0 QUESTION4 -1 9.884e+01 6.647e+01)
s>                ( - 6.812e+02 1 0))))INFO: dtree.c(1478): Final simple tree
|( QUESTION0_10_R 1 1.846e+04 4.070e+02 1.009e+03
|    ( QUESTION8 1 4.625e+03 2.791e+02 2.696e+02
|        ( QUESTION0 -1 2.116e+03 1.635e+02 1.301e+02
|            ( - 4.404e+02 1 0)
|            ( - 1.513e+03 1 0))
|        ( - 2.229e+03 3 0 QUESTION0 -1 1.011e+02 1.396e+02))
|    ( QUESTION0_16_R 1 1.343e+04 2.945e+02 7.392e+02
|        ( QUESTION0_18_R 1 7.935e+03 2.025e+02 4.513e+02
|            ( - 1.069e+03 3 0 QUESTION0 -1 1.481e+02 7.100e+01)
|            ( - 6.664e+03 2 0 QUESTION0 -1 1.137e+02 3.803e+02))
|        ( QUESTION0 1 5.200e+03 2.474e+02 2.879e+02
|            ( - 2.390e+03 5 0 QUESTION1 1 1.543e+02 1.371e+02)
|            ( QUESTION0_14_R 1 2.563e+03 2.010e+02 1.508e+02
|                ( - 1.488e+03 2 0 QUESTION6 1 1.245e+02 8.576e+01)
|                ( - 8.735e+02 3 0 QUESTION0_8_R 1 1.197e+02 6.500e+01)))))
s>    ( QUESTION0_10_R 1 1.846e+04 4.070e+02 1.009e+03
s>        ( QUESTION8 1 4.625e+03 2.791e+02 2.696e+02
s>            ( QUESTION0 -1 2.116e+03 1.635e+02 1.301e+02
s>                ( - 4.404e+02 1 0)
s>                ( - 1.513e+03 1 0))
s>            ( - 2.229e+03 3 0 QUESTION0 -1 1.011e+02 1.396e+02))
s>        ( QUESTION0_16_R 1 1.343e+04 2.945e+02 7.392e+02
s>            ( QUESTION0_18_R 1 7.935e+03 2.025e+02 4.513e+02
s>                ( - 1.069e+03 3 0 QUESTION0 -1 1.481e+02 7.100e+01)
s>                ( - 6.664e+03 2 0 QUESTION0 -1 1.137e+02 3.803e+02))
s>            ( QUESTION0 1 5.200e+03 2.474e+02 2.879e+02
s>                ( - 2.390e+03 5 0 QUESTION1 1 1.543e+02 1.371e+02)
s>                ( QUESTION0_14_R 1 2.563e+03 2.010e+02 1.508e+02
s>                    ( - 1.488e+03 2 0 QUESTION6 1 1.245e+02 8.576e+01)
s>                    ( - 8.735e+02 3 0 QUESTION0_8_R 1 1.197e+02 6.500e+01)))))INFO: dtree.c(1315): Comp split 5
INFO: dtree.c(1478): Final simple tree
|( QUESTION2_2_L -1 2.132e+04 3.541e+02 1.153e+03
|    ( QUESTION0_8_R 1 1.071e+04 2.493e+02 5.822e+02
|        ( QUESTION0 -1 6.622e+03 2.175e+02 3.726e+02
|            ( - 4.465e+03 2 0)
|            ( - 1.940e+03 3 0 QUESTION2_8_L -1 1.675e+02 1.168e+02))
|        ( QUESTION0 -1 3.842e+03 1.823e+02 2.096e+02
|            ( - 2.028e+03 3 0)
|            ( - 1.632e+03 5 0 QUESTION2_6_L -1 1.249e+02 9.267e+01)))
|    ( QUESTION2_17_L -1 1.025e+04 2.916e+02 5.707e+02
|        ( QUESTION0_8_R 1 3.536e+03 1.886e+02 1.997e+02
|            ( - 2.033e+03 2 0 QUESTION0 -1 1.285e+02 1.210e+02)
|            ( - 1.314e+03 3 0 WDBNDRY_B 0 1.144e+02 7.875e+01))
|        ( QUESTION0_0_R 1 6.423e+03 1.850e+02 3.710e+02
|            ( - 2.613e+03 1 0)
|            ( - 3.625e+03 5 0 SILENCE -1 1.546e+02 2.140e+02))))
s>    ( QUESTION2_2_L -1 2.132e+04 3.541e+02 1.153e+03
s>        ( QUESTION0_8_R 1 1.071e+04 2.493e+02 5.822e+02
s>            ( QUESTION0 -1 6.622e+03 2.175e+02 3.726e+02
s>                ( - 4.465e+03 2 0)
s>                ( - 1.940e+03 3 0 QUESTION2_8_L -1 1.675e+02 1.168e+02))
s>            ( QUESTION0 -1 3.842e+03 1.823e+02 2.096e+02
s>                ( - 2.028e+03 3 0)
s>                ( - 1.632e+03 5 0 QUESTION2_6_L -1 1.249e+02 9.267e+01)))
s>        ( QUESTION2_17_L -1 1.025e+04 2.916e+02 5.707e+02
s>            ( QUESTION0_8_R 1 3.536e+03 1.886e+02 1.997e+02
s>                ( - 2.033e+03 2 0 QUESTION0 -1 1.285e+02 1.210e+02)
s>                ( - 1.314e+03 3 0 WDBNDRY_B 0 1.144e+02 7.875e+01))
s>            ( QUESTION0_0_R 1 6.423e+03 1.850e+02 3.710e+02
s>                ( - 2.613e+03 1 0)
s>                ( - 3.625e+03 5 0 SILENCE -1 1.546e+02 2.140e+02))))INFO: dtree.c(1478): Final simple tree
|( QUESTION1 -1 2.018e+04 3.988e+02 1.050e+03
|    ( QUESTION0_8_R 1 8.377e+03 2.082e+02 4.513e+02
|        ( - 3.630e+03 2 0)
|        ( - 4.539e+03 2 0))
|    ( QUESTION2_2_L -1 1.141e+04 2.849e+02 5.987e+02
|        ( QUESTION0_8_R 1 7.501e+03 2.128e+02 4.021e+02
|            ( - 4.645e+03 1 0)
|            ( - 2.643e+03 1 0))
|        ( SILENCE -1 3.622e+03 1.850e+02 1.966e+02
|            ( - 1.418e+03 1 0)
|            ( QUESTION5 -1 2.018e+03 1.414e+02 1.111e+02
|                ( - 3.630e+02 1 0)
|                ( QUESTION0_8_R 1 1.514e+03 1.269e+02 8.517e+01
|                    ( - 5.201e+02 2 0)
|                    ( - 8.670e+02 3 0 QUESTION0 -1 6.694e+01 5.252e+01))))))
s>    ( QUESTION1 -1 2.018e+04 3.988e+02 1.050e+03
s>        ( QUESTION0_8_R 1 8.377e+03 2.082e+02 4.513e+02
s>            ( - 3.630e+03 2 0)
s>            ( - 4.539e+03 2 0))
s>        ( QUESTION2_2_L -1 1.141e+04 2.849e+02 5.987e+02
s>            ( QUESTION0_8_R 1 7.501e+03 2.128e+02 4.021e+02
s>                ( - 4.645e+03 1 0)
s>                ( - 2.643e+03 1 0))
s>            ( SILENCE -1 3.622e+03 1.850e+02 1.966e+02
s>                ( - 1.418e+03 1 0)
s>                ( QUESTION5 -1 2.018e+03 1.414e+02 1.111e+02
s>                    ( - 3.630e+02 1 0)
s>                    ( QUESTION0_8_R 1 1.514e+03 1.269e+02 8.517e+01
s>                        ( - 5.201e+02 2 0)
s>                        ( - 8.670e+02 3 0 QUESTION0 -1 6.694e+01 5.252e+01))))))INFO: dtree.c(1315): Comp split 6
INFO: dtree.c(1439): stop. leaf nodes are specific
INFO: dtree.c(1478): Final simple tree
|( SILENCE 1 7.146e+03 2.349e+02 4.211e+02
|    ( - 5.988e+03 1 0)
|    ( QUESTION0_0_R 1 9.229e+02 9.955e+01 5.767e+01
|        ( - 1.787e+02 1 0)
|        ( - 6.447e+02 1 0)))
s>    ( SILENCE 1 7.146e+03 2.349e+02 4.211e+02
s>        ( - 5.988e+03 1 0)
s>        ( QUESTION0_0_R 1 9.229e+02 9.955e+01 5.767e+01
s>            ( - 1.787e+02 1 0)
s>            ( - 6.447e+02 1 0)))INFO: dtree.c(1439): stop. leaf nodes are specific
INFO: dtree.c(1478): Final simple tree
|( SILENCE 1 9.896e+03 2.969e+02 5.642e+02
|    ( - 7.522e+03 1 0)
|    ( QUESTION0_8_R 1 2.077e+03 1.757e+02 1.202e+02
|        ( QUESTION0 1 1.263e+03 8.500e+01 7.917e+01
|            ( - 9.725e+01 2 0)
|            ( - 1.080e+03 1 0))
|        ( QUESTION0_0_R 1 6.385e+02 8.510e+01 4.105e+01
|            ( QUESTION0_3_R 1 1.665e+02 2.875e+01 1.300e+01
|                ( - 1.210e+02 2 0)
|                ( - 1.681e+01 1 0))
|            ( - 3.869e+02 1 0))))
s>    ( SILENCE 1 9.896e+03 2.969e+02 5.642e+02
s>        ( - 7.522e+03 1 0)
s>        ( QUESTION0_8_R 1 2.077e+03 1.757e+02 1.202e+02
s>            ( QUESTION0 1 1.263e+03 8.500e+01 7.917e+01
s>                ( - 9.725e+01 2 0)
s>                ( - 1.080e+03 1 0))
s>            ( QUESTION0_0_R 1 6.385e+02 8.510e+01 4.105e+01
s>                ( QUESTION0_3_R 1 1.665e+02 2.875e+01 1.300e+01
s>                    ( - 1.210e+02 2 0)
s>                    ( - 1.681e+01 1 0))
s>                ( - 3.869e+02 1 0))))INFO: dtree.c(1315): Comp split 7
INFO: dtree.c(1478): Final simple tree
|( QUESTION4 1 3.475e+03 2.425e+02 1.838e+02
|    ( - 8.441e+02 1 0)
|    ( QUESTION0_9_R 1 2.388e+03 1.849e+02 1.315e+02
|        ( QUESTION0_15_R 1 8.732e+02 1.151e+02 5.603e+01
|            ( - 2.145e+02 1 0)
|            ( QUESTION6 1 5.436e+02 8.461e+01 3.700e+01
|                ( QUESTION7 1 2.461e+02 4.227e+01 2.100e+01
|                    ( - 8.991e+01 1 0)
|                    ( QUESTION0_10_R 1 1.139e+02 2.968e+01 1.100e+01
|                        ( - 3.969e+01 1 0)
|                        ( - 4.452e+01 1 0)))
|                ( - 2.129e+02 1 0)))
|        ( QUESTION0_0_R 1 1.330e+03 3.930e+01 7.548e+01
|            ( - 6.106e+00 1 0)
|            ( - 1.285e+03 1 0))))
s>    ( QUESTION4 1 3.475e+03 2.425e+02 1.838e+02
s>        ( - 8.441e+02 1 0)
s>        ( QUESTION0_9_R 1 2.388e+03 1.849e+02 1.315e+02
s>            ( QUESTION0_15_R 1 8.732e+02 1.151e+02 5.603e+01
s>                ( - 2.145e+02 1 0)
s>                ( QUESTION6 1 5.436e+02 8.461e+01 3.700e+01
s>                    ( QUESTION7 1 2.461e+02 4.227e+01 2.100e+01
s>                        ( - 8.991e+01 1 0)
s>                        ( QUESTION0_10_R 1 1.139e+02 2.968e+01 1.100e+01
s>                            ( - 3.969e+01 1 0)
s>                            ( - 4.452e+01 1 0)))
s>                    ( - 2.129e+02 1 0)))
s>            ( QUESTION0_0_R 1 1.330e+03 3.930e+01 7.548e+01
s>                ( - 6.106e+00 1 0)
s>                ( - 1.285e+03 1 0))))INFO: dtree.c(1315): Comp split 8
INFO: dtree.c(1478): Final simple tree
|( QUESTION0_16_R 1 1.343e+04 2.945e+02 7.392e+02
|    ( QUESTION0_18_R 1 7.935e+03 2.025e+02 4.513e+02
|        ( QUESTION0 -1 1.069e+03 1.481e+02 7.100e+01
|            ( - 2.421e+02 1 0)
|            ( - 6.786e+02 2 0 QUESTION7 1 9.821e+01 4.900e+01))
|        ( - 6.664e+03 2 0 QUESTION0 -1 1.137e+02 3.803e+02))
|    ( QUESTION0 1 5.200e+03 2.474e+02 2.879e+02
|        ( QUESTION1 1 2.390e+03 1.543e+02 1.371e+02
|            ( - 1.048e+03 2 0)
|            ( - 1.188e+03 3 0 QUESTION0_0_R 1 8.293e+01 7.111e+01))
|        ( QUESTION0_14_R 1 2.563e+03 2.010e+02 1.508e+02
|            ( QUESTION6 1 1.488e+03 1.245e+02 8.576e+01
|                ( - 1.768e+02 1 0)
|                ( - 1.187e+03 1 0))
|            ( - 8.735e+02 3 0 QUESTION0_8_R 1 1.197e+02 6.500e+01))))
s>    ( QUESTION0_16_R 1 1.343e+04 2.945e+02 7.392e+02
s>        ( QUESTION0_18_R 1 7.935e+03 2.025e+02 4.513e+02
s>            ( QUESTION0 -1 1.069e+03 1.481e+02 7.100e+01
s>                ( - 2.421e+02 1 0)
s>                ( - 6.786e+02 2 0 QUESTION7 1 9.821e+01 4.900e+01))
s>            ( - 6.664e+03 2 0 QUESTION0 -1 1.137e+02 3.803e+02))
s>        ( QUESTION0 1 5.200e+03 2.474e+02 2.879e+02
s>            ( QUESTION1 1 2.390e+03 1.543e+02 1.371e+02
s>                ( - 1.048e+03 2 0)
s>                ( - 1.188e+03 3 0 QUESTION0_0_R 1 8.293e+01 7.111e+01))
s>            ( QUESTION0_14_R 1 2.563e+03 2.010e+02 1.508e+02
s>                ( QUESTION6 1 1.488e+03 1.245e+02 8.576e+01
s>                    ( - 1.768e+02 1 0)
s>                    ( - 1.187e+03 1 0))
s>                ( - 8.735e+02 3 0 QUESTION0_8_R 1 1.197e+02 6.500e+01))))INFO: dtree.c(1439): stop. leaf nodes are specific
INFO: dtree.c(1478): Final simple tree
|( QUESTION8 1 4.625e+03 2.791e+02 2.696e+02
|    ( QUESTION0 -1 2.116e+03 1.635e+02 1.301e+02
|        ( - 4.404e+02 1 0)
|        ( - 1.513e+03 1 0))
|    ( QUESTION0 -1 2.229e+03 1.011e+02 1.396e+02
|        ( - 6.407e+01 1 0)
|        ( QUESTION0_11_R 1 2.064e+03 7.591e+01 1.306e+02
|            ( - 3.198e+01 1 0)
|            ( - 1.956e+03 1 0))))
s>    ( QUESTION8 1 4.625e+03 2.791e+02 2.696e+02
s>        ( QUESTION0 -1 2.116e+03 1.635e+02 1.301e+02
s>            ( - 4.404e+02 1 0)
s>            ( - 1.513e+03 1 0))
s>        ( QUESTION0 -1 2.229e+03 1.011e+02 1.396e+02
s>            ( - 6.407e+01 1 0)
s>            ( QUESTION0_11_R 1 2.064e+03 7.591e+01 1.306e+02
s>                ( - 3.198e+01 1 0)
s>                ( - 1.956e+03 1 0))))INFO: dtree.c(1315): Comp split 9
INFO: dtree.c(1478): Final simple tree
|( QUESTION2_2_L -1 1.141e+04 2.849e+02 5.987e+02
|    ( QUESTION0_8_R 1 7.501e+03 2.128e+02 4.021e+02
|        ( - 4.645e+03 1 0)
|        ( - 2.643e+03 1 0))
|    ( SILENCE -1 3.622e+03 1.850e+02 1.966e+02
|        ( - 1.418e+03 1 0)
|        ( QUESTION5 -1 2.018e+03 1.414e+02 1.111e+02
|            ( - 3.630e+02 1 0)
|            ( QUESTION0_8_R 1 1.514e+03 1.269e+02 8.517e+01
|                ( - 5.201e+02 2 0)
|                ( QUESTION0 -1 8.670e+02 6.694e+01 5.252e+01
|                    ( WDBNDRY_B 0 7.596e+01 2.326e+01 6.000e+00
|                        ( - 4.478e+01 1 0)
|                        ( - 7.923e+00 1 0))
|                    ( - 7.241e+02 1 0))))))
s>    ( QUESTION2_2_L -1 1.141e+04 2.849e+02 5.987e+02
s>        ( QUESTION0_8_R 1 7.501e+03 2.128e+02 4.021e+02
s>            ( - 4.645e+03 1 0)
s>            ( - 2.643e+03 1 0))
s>        ( SILENCE -1 3.622e+03 1.850e+02 1.966e+02
s>            ( - 1.418e+03 1 0)
s>            ( QUESTION5 -1 2.018e+03 1.414e+02 1.111e+02
s>                ( - 3.630e+02 1 0)
s>                ( QUESTION0_8_R 1 1.514e+03 1.269e+02 8.517e+01
s>                    ( - 5.201e+02 2 0)
s>                    ( QUESTION0 -1 8.670e+02 6.694e+01 5.252e+01
s>                        ( WDBNDRY_B 0 7.596e+01 2.326e+01 6.000e+00
s>                            ( - 4.478e+01 1 0)
s>                            ( - 7.923e+00 1 0))
s>                        ( - 7.241e+02 1 0))))))INFO: dtree.c(1439): stop. leaf nodes are specific
INFO: dtree.c(1478): Final simple tree
|( QUESTION0_8_R 1 8.377e+03 2.082e+02 4.513e+02
|    ( - 3.630e+03 2 0)
|    ( - 4.539e+03 2 0))
s>    ( QUESTION0_8_R 1 8.377e+03 2.082e+02 4.513e+02
s>        ( - 3.630e+03 2 0)
s>        ( - 4.539e+03 2 0))INFO: dtree.c(1315): Comp split 10
INFO: dtree.c(1439): stop. leaf nodes are specific
INFO: dtree.c(1478): Final simple tree
|( QUESTION0_0_R 1 6.423e+03 1.850e+02 3.710e+02
|    ( - 2.613e+03 1 0)
|    ( SILENCE -1 3.625e+03 1.546e+02 2.140e+02
|        ( - 2.416e+03 1 0)
|        ( QUESTION7 -1 1.054e+03 6.842e+01 6.700e+01
|            ( QUESTION8 -1 8.652e+02 3.254e+01 5.600e+01
|                ( - 8.364e+00 1 0)
|                ( - 8.243e+02 1 0))
|            ( QUESTION0 -1 1.205e+02 3.829e+01 1.100e+01
|                ( - 3.746e+01 1 0)
|                ( - 4.476e+01 1 0)))))
s>    ( QUESTION0_0_R 1 6.423e+03 1.850e+02 3.710e+02
s>        ( - 2.613e+03 1 0)
s>        ( SILENCE -1 3.625e+03 1.546e+02 2.140e+02
s>            ( - 2.416e+03 1 0)
s>            ( QUESTION7 -1 1.054e+03 6.842e+01 6.700e+01
s>                ( QUESTION8 -1 8.652e+02 3.254e+01 5.600e+01
s>                    ( - 8.364e+00 1 0)
s>                    ( - 8.243e+02 1 0))
s>                ( QUESTION0 -1 1.205e+02 3.829e+01 1.100e+01
s>                    ( - 3.746e+01 1 0)
s>                    ( - 4.476e+01 1 0)))))INFO: dtree.c(1478): Final simple tree
|( QUESTION2_3_L -1 1.452e+04 2.779e+02 7.819e+02
|    ( QUESTION0_8_R 1 6.810e+03 2.066e+02 3.777e+02
|        ( - 4.465e+03 2 0)
|        ( - 2.139e+03 4 0 WDBNDRY_B 0 6.775e+01 1.219e+02))
|    ( QUESTION16 -1 7.429e+03 2.389e+02 4.042e+02
|        ( QUESTION0_8_R 1 6.366e+03 2.068e+02 3.553e+02
|            ( QUESTION17 -1 3.487e+03 1.822e+02 2.059e+02
|                ( - 1.618e+03 1 0)
|                ( QUESTION2_5_L -1 1.687e+03 1.423e+02 1.048e+02
|                    ( - 6.254e+02 1 0)
|                    ( - 9.196e+02 1 0)))
|            ( QUESTION17 -1 2.672e+03 1.820e+02 1.494e+02
|                ( - 1.150e+03 2 0 WDBNDRY_B 0 6.706e+01 7.175e+01)
|                ( - 1.340e+03 3 0 QUESTION2_5_L -1 1.114e+02 7.767e+01)))
|        ( - 8.246e+02 4 0 QUESTION0 -1 1.147e+02 4.887e+01)))
s>    ( QUESTION2_3_L -1 1.452e+04 2.779e+02 7.819e+02
s>        ( QUESTION0_8_R 1 6.810e+03 2.066e+02 3.777e+02
s>            ( - 4.465e+03 2 0)
s>            ( - 2.139e+03 4 0 WDBNDRY_B 0 6.775e+01 1.219e+02))
s>        ( QUESTION16 -1 7.429e+03 2.389e+02 4.042e+02
s>            ( QUESTION0_8_R 1 6.366e+03 2.068e+02 3.553e+02
s>                ( QUESTION17 -1 3.487e+03 1.822e+02 2.059e+02
s>                    ( - 1.618e+03 1 0)
s>                    ( QUESTION2_5_L -1 1.687e+03 1.423e+02 1.048e+02
s>                        ( - 6.254e+02 1 0)
s>                        ( - 9.196e+02 1 0)))
s>                ( QUESTION17 -1 2.672e+03 1.820e+02 1.494e+02
s>                    ( - 1.150e+03 2 0 WDBNDRY_B 0 6.706e+01 7.175e+01)
s>                    ( - 1.340e+03 3 0 QUESTION2_5_L -1 1.114e+02 7.767e+01)))
s>            ( - 8.246e+02 4 0 QUESTION0 -1 1.147e+02 4.887e+01)))INFO: dtree.c(1315): Comp split 11
INFO: dtree.c(1439): stop. leaf nodes are specific
INFO: dtree.c(1478): Final simple tree
|( WDBNDRY_B 0 6.570e+03 1.741e+02 3.825e+02
|    ( QUESTION2_12_L -1 5.530e+03 1.550e+02 3.234e+02
|        ( - 1.991e+03 1 0)
|        ( QUESTION1 -1 3.384e+03 1.411e+02 1.979e+02
|            ( - 1.233e+03 2 0)
|            ( QUESTION2_0_L -1 2.010e+03 1.299e+02 1.187e+02
|                ( - 4.389e+02 3 0)
|                ( - 1.441e+03 1 0))))
|    ( QUESTION0_0_R 1 8.656e+02 9.257e+01 5.901e+01
|        ( - 1.698e+02 1 0)
|        ( - 6.032e+02 1 0)))
s>    ( WDBNDRY_B 0 6.570e+03 1.741e+02 3.825e+02
s>        ( QUESTION2_12_L -1 5.530e+03 1.550e+02 3.234e+02
s>            ( - 1.991e+03 1 0)
s>            ( QUESTION1 -1 3.384e+03 1.411e+02 1.979e+02
s>                ( - 1.233e+03 2 0)
s>                ( QUESTION2_0_L -1 2.010e+03 1.299e+02 1.187e+02
s>                    ( - 4.389e+02 3 0)
s>                    ( - 1.441e+03 1 0))))
s>        ( QUESTION0_0_R 1 8.656e+02 9.257e+01 5.901e+01
s>            ( - 1.698e+02 1 0)
s>            ( - 6.032e+02 1 0)))INFO: dtree.c(1478): Final simple tree
|( QUESTION0 -1 6.853e+03 2.785e+02 3.976e+02
|    ( QUESTION0_14_R 1 3.173e+03 1.908e+02 1.920e+02
|        ( - 9.311e+02 1 0)
|        ( QUESTION0 1 2.052e+03 1.449e+02 1.280e+02
|            ( QUESTION0_0_R 1 1.276e+03 1.214e+02 8.605e+01
|                ( - 7.511e+02 2 0)
|                ( - 4.040e+02 3 0))
|            ( - 6.302e+02 3 0 QUESTION0_8_R 1 9.735e+01 4.200e+01)))
|    ( QUESTION16 -1 3.401e+03 2.051e+02 2.056e+02
|        ( QUESTION0_1_R 1 1.386e+03 1.145e+02 9.113e+01
|            ( - 1.071e+03 3 0 WDBNDRY_B 0 8.001e+01 7.413e+01)
|            ( - 2.009e+02 1 0))
|        ( QUESTION2_1_L -1 1.810e+03 1.580e+02 1.145e+02
|            ( - 9.706e+02 2 0 QUESTION4 -1 9.884e+01 6.647e+01)
|            ( - 6.812e+02 1 0))))
s>    ( QUESTION0 -1 6.853e+03 2.785e+02 3.976e+02
s>        ( QUESTION0_14_R 1 3.173e+03 1.908e+02 1.920e+02
s>            ( - 9.311e+02 1 0)
s>            ( QUESTION0 1 2.052e+03 1.449e+02 1.280e+02
s>                ( QUESTION0_0_R 1 1.276e+03 1.214e+02 8.605e+01
s>                    ( - 7.511e+02 2 0)
s>                    ( - 4.040e+02 3 0))
s>                ( - 6.302e+02 3 0 QUESTION0_8_R 1 9.735e+01 4.200e+01)))
s>        ( QUESTION16 -1 3.401e+03 2.051e+02 2.056e+02
s>            ( QUESTION0_1_R 1 1.386e+03 1.145e+02 9.113e+01
s>                ( - 1.071e+03 3 0 WDBNDRY_B 0 8.001e+01 7.413e+01)
s>                ( - 2.009e+02 1 0))
s>            ( QUESTION2_1_L -1 1.810e+03 1.580e+02 1.145e+02
s>                ( - 9.706e+02 2 0 QUESTION4 -1 9.884e+01 6.647e+01)
s>                ( - 6.812e+02 1 0))))INFO: dtree.c(1315): Comp split 12
INFO: dtree.c(1439): stop. leaf nodes are specific
INFO: dtree.c(1478): Final simple tree
|( QUESTION2_6_L -1 2.310e+03 1.503e+02 1.265e+02
|    ( QUESTION6 -1 1.228e+03 1.118e+02 7.367e+01
|        ( QUESTION0_8_R 1 2.781e+02 5.715e+01 2.200e+01
|            ( - 1.273e+02 1 0)
|            ( - 9.365e+01 1 0))
|        ( QUESTION2_9_L -1 8.384e+02 1.136e+02 5.167e+01
|            ( - 9.769e+01 1 0)
|            ( - 6.270e+02 1 0)))
|    ( QUESTION0_13_R 1 9.314e+02 1.096e+02 5.287e+01
|        ( - 3.901e+02 1 0)
|        ( WDBNDRY_B 0 4.317e+02 7.369e+01 2.687e+01
|            ( - 2.873e+02 1 0)
|            ( - 7.068e+01 1 0))))
s>    ( QUESTION2_6_L -1 2.310e+03 1.503e+02 1.265e+02
s>        ( QUESTION6 -1 1.228e+03 1.118e+02 7.367e+01
s>            ( QUESTION0_8_R 1 2.781e+02 5.715e+01 2.200e+01
s>                ( - 1.273e+02 1 0)
s>                ( - 9.365e+01 1 0))
s>            ( QUESTION2_9_L -1 8.384e+02 1.136e+02 5.167e+01
s>                ( - 9.769e+01 1 0)
s>                ( - 6.270e+02 1 0)))
s>        ( QUESTION0_13_R 1 9.314e+02 1.096e+02 5.287e+01
s>            ( - 3.901e+02 1 0)
s>            ( WDBNDRY_B 0 4.317e+02 7.369e+01 2.687e+01
s>                ( - 2.873e+02 1 0)
s>                ( - 7.068e+01 1 0))))INFO: dtree.c(1478): Final simple tree
|( QUESTION2_3_L -1 1.189e+04 2.584e+02 6.554e+02
|    ( QUESTION0_8_R 1 6.810e+03 2.066e+02 3.777e+02
|        ( - 4.465e+03 2 0)
|        ( WDBNDRY_B 0 2.139e+03 6.775e+01 1.219e+02
|            ( - 2.028e+03 3 0)
|            ( - 4.308e+01 1 0)))
|    ( QUESTION17 -1 4.818e+03 1.963e+02 2.776e+02
|        ( QUESTION0_8_R 1 2.935e+03 1.669e+02 1.728e+02
|            ( - 1.618e+03 1 0)
|            ( WDBNDRY_B 0 1.150e+03 6.706e+01 7.175e+01
|                ( - 1.019e+03 1 0)
|                ( - 6.443e+01 1 0)))
|        ( QUESTION2_5_L -1 1.687e+03 1.423e+02 1.048e+02
|            ( - 6.254e+02 1 0)
|            ( - 9.196e+02 1 0))))
s>    ( QUESTION2_3_L -1 1.189e+04 2.584e+02 6.554e+02
s>        ( QUESTION0_8_R 1 6.810e+03 2.066e+02 3.777e+02
s>            ( - 4.465e+03 2 0)
s>            ( WDBNDRY_B 0 2.139e+03 6.775e+01 1.219e+02
s>                ( - 2.028e+03 3 0)
s>                ( - 4.308e+01 1 0)))
s>        ( QUESTION17 -1 4.818e+03 1.963e+02 2.776e+02
s>            ( QUESTION0_8_R 1 2.935e+03 1.669e+02 1.728e+02
s>                ( - 1.618e+03 1 0)
s>                ( WDBNDRY_B 0 1.150e+03 6.706e+01 7.175e+01
s>                    ( - 1.019e+03 1 0)
s>                    ( - 6.443e+01 1 0)))
s>            ( QUESTION2_5_L -1 1.687e+03 1.423e+02 1.048e+02
s>                ( - 6.254e+02 1 0)
s>                ( - 9.196e+02 1 0))))INFO: dtree.c(1315): Comp split 13
INFO: dtree.c(1439): stop. leaf nodes are specific
INFO: dtree.c(1478): Final simple tree
|( QUESTION7 1 7.844e+03 1.893e+02 4.417e+02
|    ( QUESTION0_18_R 1 7.126e+03 1.367e+02 4.063e+02
|        ( - 3.255e+02 1 0)
|        ( QUESTION0 -1 6.664e+03 1.137e+02 3.803e+02
|            ( - 1.185e+02 1 0)
|            ( - 6.431e+03 1 0)))
|    ( QUESTION0_14_R 1 5.293e+02 9.752e+01 3.538e+01
|        ( - 1.768e+02 1 0)
|        ( - 2.549e+02 1 0)))
s>    ( QUESTION7 1 7.844e+03 1.893e+02 4.417e+02
s>        ( QUESTION0_18_R 1 7.126e+03 1.367e+02 4.063e+02
s>            ( - 3.255e+02 1 0)
s>            ( QUESTION0 -1 6.664e+03 1.137e+02 3.803e+02
s>                ( - 1.185e+02 1 0)
s>                ( - 6.431e+03 1 0)))
s>        ( QUESTION0_14_R 1 5.293e+02 9.752e+01 3.538e+01
s>            ( - 1.768e+02 1 0)
s>            ( - 2.549e+02 1 0)))INFO: dtree.c(1478): Final simple tree
|( QUESTION0 1 5.280e+03 2.686e+02 2.975e+02
|    ( QUESTION1 1 2.390e+03 1.543e+02 1.371e+02
|        ( - 1.048e+03 2 0)
|        ( QUESTION0_0_R 1 1.188e+03 8.293e+01 7.111e+01
|            ( - 1.026e+03 2 0)
|            ( - 7.903e+01 1 0)))
|    ( QUESTION0_14_R 1 2.622e+03 2.079e+02 1.604e+02
|        ( - 1.187e+03 1 0)
|        ( QUESTION0_19_R 1 1.227e+03 1.312e+02 8.700e+01
|            ( QUESTION0_20_R 1 3.777e+02 5.824e+01 3.200e+01
|                ( - 2.225e+02 1 0)
|                ( - 9.699e+01 1 0))
|            ( QUESTION0_8_R 1 7.184e+02 1.002e+02 5.500e+01
|                ( - 3.761e+02 1 0)
|                ( - 2.421e+02 1 0)))))
s>    ( QUESTION0 1 5.280e+03 2.686e+02 2.975e+02
s>        ( QUESTION1 1 2.390e+03 1.543e+02 1.371e+02
s>            ( - 1.048e+03 2 0)
s>            ( QUESTION0_0_R 1 1.188e+03 8.293e+01 7.111e+01
s>                ( - 1.026e+03 2 0)
s>                ( - 7.903e+01 1 0)))
s>        ( QUESTION0_14_R 1 2.622e+03 2.079e+02 1.604e+02
s>            ( - 1.187e+03 1 0)
s>            ( QUESTION0_19_R 1 1.227e+03 1.312e+02 8.700e+01
s>                ( QUESTION0_20_R 1 3.777e+02 5.824e+01 3.200e+01
s>                    ( - 2.225e+02 1 0)
s>                    ( - 9.699e+01 1 0))
s>                ( QUESTION0_8_R 1 7.184e+02 1.002e+02 5.500e+01
s>                    ( - 3.761e+02 1 0)
s>                    ( - 2.421e+02 1 0)))))INFO: dtree.c(1315): Comp split 14
INFO: dtree.c(1439): stop. leaf nodes are specific
INFO: dtree.c(1478): Final simple tree
|( QUESTION0_8_R 1 2.077e+03 1.757e+02 1.202e+02
|    ( QUESTION0 1 1.263e+03 8.500e+01 7.917e+01
|        ( - 9.725e+01 2 0)
|        ( - 1.080e+03 1 0))
|    ( QUESTION0_0_R 1 6.385e+02 8.510e+01 4.105e+01
|        ( QUESTION0_3_R 1 1.665e+02 2.875e+01 1.300e+01
|            ( - 1.210e+02 2 0)
|            ( - 1.681e+01 1 0))
|        ( - 3.869e+02 1 0)))
s>    ( QUESTION0_8_R 1 2.077e+03 1.757e+02 1.202e+02
s>        ( QUESTION0 1 1.263e+03 8.500e+01 7.917e+01
s>            ( - 9.725e+01 2 0)
s>            ( - 1.080e+03 1 0))
s>        ( QUESTION0_0_R 1 6.385e+02 8.510e+01 4.105e+01
s>            ( QUESTION0_3_R 1 1.665e+02 2.875e+01 1.300e+01
s>                ( - 1.210e+02 2 0)
s>                ( - 1.681e+01 1 0))
s>            ( - 3.869e+02 1 0)))INFO: dtree.c(1315): Comp split 15
INFO: dtree.c(1439): stop. leaf nodes are specific
INFO: dtree.c(1478): Final simple tree
|( QUESTION0_11_R 1 2.556e+03 1.597e+02 1.596e+02
|    ( - 4.404e+02 1 0)
|    ( - 1.956e+03 1 0))
s>    ( QUESTION0_11_R 1 2.556e+03 1.597e+02 1.596e+02
s>        ( - 4.404e+02 1 0)
s>        ( - 1.956e+03 1 0))INFO: dtree.c(1439): stop. leaf nodes are specific
INFO: dtree.c(1478): Final simple tree
|( QUESTION8 1 1.774e+03 1.366e+02 1.101e+02
|    ( - 1.513e+03 1 0)
|    ( QUESTION0_11_R 1 1.246e+02 2.856e+01 1.400e+01
|        ( - 3.198e+01 1 0)
|        ( - 6.407e+01 1 0)))
s>    ( QUESTION8 1 1.774e+03 1.366e+02 1.101e+02
s>        ( - 1.513e+03 1 0)
s>        ( QUESTION0_11_R 1 1.246e+02 2.856e+01 1.400e+01
s>            ( - 3.198e+01 1 0)
s>            ( - 6.407e+01 1 0)))INFO: dtree.c(1315): Comp split 16
INFO: dtree.c(1439): stop. leaf nodes are specific
INFO: dtree.c(1478): Final simple tree
|( QUESTION0_8_R 1 1.383e+03 1.409e+02 9.500e+01
|    ( QUESTION0 1 5.216e+02 6.648e+01 4.100e+01
|        ( - 7.903e+01 1 0)
|        ( - 3.761e+02 1 0))
|    ( QUESTION0_16_R 1 7.201e+02 1.002e+02 5.400e+01
|        ( - 2.421e+02 1 0)
|        ( QUESTION0_20_R 1 3.777e+02 5.824e+01 3.200e+01
|            ( - 2.225e+02 1 0)
|            ( - 9.699e+01 1 0))))
s>    ( QUESTION0_8_R 1 1.383e+03 1.409e+02 9.500e+01
s>        ( QUESTION0 1 5.216e+02 6.648e+01 4.100e+01
s>            ( - 7.903e+01 1 0)
s>            ( - 3.761e+02 1 0))
s>        ( QUESTION0_16_R 1 7.201e+02 1.002e+02 5.400e+01
s>            ( - 2.421e+02 1 0)
s>            ( QUESTION0_20_R 1 3.777e+02 5.824e+01 3.200e+01
s>                ( - 2.225e+02 1 0)
s>                ( - 9.699e+01 1 0))))INFO: dtree.c(1439): stop. leaf nodes are specific
INFO: dtree.c(1478): Final simple tree
|( QUESTION0_9_R 1 3.611e+03 2.030e+02 2.025e+02
|    ( - 1.187e+03 1 0)
|    ( QUESTION0_0_R 1 2.221e+03 1.477e+02 1.291e+02
|        ( - 1.026e+03 2 0)
|        ( - 1.048e+03 2 0)))
s>    ( QUESTION0_9_R 1 3.611e+03 2.030e+02 2.025e+02
s>        ( - 1.187e+03 1 0)
s>        ( QUESTION0_0_R 1 2.221e+03 1.477e+02 1.291e+02
s>            ( - 1.026e+03 2 0)
s>            ( - 1.048e+03 2 0)))INFO: dtree.c(1315): Comp split 17
INFO: dtree.c(1439): stop. leaf nodes are specific
INFO: dtree.c(1478): Final simple tree
|( QUESTION0_8_R 1 7.548e+03 2.153e+02 4.041e+02
|    ( - 4.645e+03 1 0)
|    ( WDBNDRY_B 0 2.688e+03 3.740e+01 1.499e+02
|        ( - 2.643e+03 1 0)
|        ( - 7.923e+00 1 0)))
s>    ( QUESTION0_8_R 1 7.548e+03 2.153e+02 4.041e+02
s>        ( - 4.645e+03 1 0)
s>        ( WDBNDRY_B 0 2.688e+03 3.740e+01 1.499e+02
s>            ( - 2.643e+03 1 0)
s>            ( - 7.923e+00 1 0)))INFO: dtree.c(1439): stop. leaf nodes are specific
INFO: dtree.c(1478): Final simple tree
|( SILENCE -1 3.574e+03 1.830e+02 1.946e+02
|    ( - 1.418e+03 1 0)
|    ( QUESTION5 -1 1.972e+03 1.395e+02 1.091e+02
|        ( - 3.630e+02 1 0)
|        ( QUESTION0_8_R 1 1.470e+03 1.267e+02 8.317e+01
|            ( - 5.201e+02 2 0)
|            ( QUESTION0 -1 8.232e+02 5.434e+01 5.052e+01
|                ( - 4.478e+01 1 0)
|                ( - 7.241e+02 1 0)))))
s>    ( SILENCE -1 3.574e+03 1.830e+02 1.946e+02
s>        ( - 1.418e+03 1 0)
s>        ( QUESTION5 -1 1.972e+03 1.395e+02 1.091e+02
s>            ( - 3.630e+02 1 0)
s>            ( QUESTION0_8_R 1 1.470e+03 1.267e+02 8.317e+01
s>                ( - 5.201e+02 2 0)
s>                ( QUESTION0 -1 8.232e+02 5.434e+01 5.052e+01
s>                    ( - 4.478e+01 1 0)
s>                    ( - 7.241e+02 1 0)))))INFO: dtree.c(1315): Comp split 18
INFO: dtree.c(1439): stop. leaf nodes are specific
INFO: dtree.c(1478): Final simple tree
|( QUESTION16 -1 3.401e+03 2.051e+02 2.056e+02
|    ( QUESTION0_1_R 1 1.386e+03 1.145e+02 9.113e+01
|        ( WDBNDRY_B 0 1.071e+03 8.001e+01 7.413e+01
|            ( QUESTION2_9_L -1 1.942e+02 4.005e+01 1.801e+01
|                ( - 2.879e+01 1 0)
|                ( - 1.254e+02 1 0))
|            ( - 7.964e+02 1 0))
|        ( - 2.009e+02 1 0))
|    ( QUESTION2_1_L -1 1.810e+03 1.580e+02 1.145e+02
|        ( QUESTION4 -1 9.706e+02 9.884e+01 6.647e+01
|            ( - 4.278e+02 1 0)
|            ( - 4.440e+02 1 0))
|        ( - 6.812e+02 1 0)))
s>    ( QUESTION16 -1 3.401e+03 2.051e+02 2.056e+02
s>        ( QUESTION0_1_R 1 1.386e+03 1.145e+02 9.113e+01
s>            ( WDBNDRY_B 0 1.071e+03 8.001e+01 7.413e+01
s>                ( QUESTION2_9_L -1 1.942e+02 4.005e+01 1.801e+01
s>                    ( - 2.879e+01 1 0)
s>                    ( - 1.254e+02 1 0))
s>                ( - 7.964e+02 1 0))
s>            ( - 2.009e+02 1 0))
s>        ( QUESTION2_1_L -1 1.810e+03 1.580e+02 1.145e+02
s>            ( QUESTION4 -1 9.706e+02 9.884e+01 6.647e+01
s>                ( - 4.278e+02 1 0)
s>                ( - 4.440e+02 1 0))
s>            ( - 6.812e+02 1 0)))INFO: dtree.c(1439): stop. leaf nodes are specific
INFO: dtree.c(1478): Final simple tree
|( QUESTION0_14_R 1 3.173e+03 1.908e+02 1.920e+02
|    ( - 9.311e+02 1 0)
|    ( QUESTION0 1 2.052e+03 1.449e+02 1.280e+02
|        ( QUESTION0_0_R 1 1.276e+03 1.214e+02 8.605e+01
|            ( - 7.511e+02 2 0)
|            ( - 4.040e+02 3 0))
|        ( QUESTION0_8_R 1 6.302e+02 9.735e+01 4.200e+01
|            ( - 1.855e+02 1 0)
|            ( QUESTION0_0_R 1 3.474e+02 7.068e+01 2.600e+01
|                ( - 1.742e+02 1 0)
|                ( - 1.025e+02 1 0)))))
s>    ( QUESTION0_14_R 1 3.173e+03 1.908e+02 1.920e+02
s>        ( - 9.311e+02 1 0)
s>        ( QUESTION0 1 2.052e+03 1.449e+02 1.280e+02
s>            ( QUESTION0_0_R 1 1.276e+03 1.214e+02 8.605e+01
s>                ( - 7.511e+02 2 0)
s>                ( - 4.040e+02 3 0))
s>            ( QUESTION0_8_R 1 6.302e+02 9.735e+01 4.200e+01
s>                ( - 1.855e+02 1 0)
s>                ( QUESTION0_0_R 1 3.474e+02 7.068e+01 2.600e+01
s>                    ( - 1.742e+02 1 0)
s>                    ( - 1.025e+02 1 0)))))INFO: dtree.c(1315): Comp split 19
INFO: dtree.c(1439): stop. leaf nodes are specific
INFO: dtree.c(1478): Final simple tree
|( QUESTION17 -1 4.818e+03 1.963e+02 2.776e+02
|    ( QUESTION0_8_R 1 2.935e+03 1.669e+02 1.728e+02
|        ( - 1.618e+03 1 0)
|        ( WDBNDRY_B 0 1.150e+03 6.706e+01 7.175e+01
|            ( - 1.019e+03 1 0)
|            ( - 6.443e+01 1 0)))
|    ( QUESTION2_5_L -1 1.687e+03 1.423e+02 1.048e+02
|        ( - 6.254e+02 1 0)
|        ( - 9.196e+02 1 0)))
s>    ( QUESTION17 -1 4.818e+03 1.963e+02 2.776e+02
s>        ( QUESTION0_8_R 1 2.935e+03 1.669e+02 1.728e+02
s>            ( - 1.618e+03 1 0)
s>            ( WDBNDRY_B 0 1.150e+03 6.706e+01 7.175e+01
s>                ( - 1.019e+03 1 0)
s>                ( - 6.443e+01 1 0)))
s>        ( QUESTION2_5_L -1 1.687e+03 1.423e+02 1.048e+02
s>            ( - 6.254e+02 1 0)
s>            ( - 9.196e+02 1 0)))INFO: dtree.c(1439): stop. leaf nodes are specific
INFO: dtree.c(1478): Final simple tree
|( QUESTION0_8_R 1 6.810e+03 2.066e+02 3.777e+02
|    ( - 4.465e+03 2 0)
|    ( WDBNDRY_B 0 2.139e+03 6.775e+01 1.219e+02
|        ( - 2.028e+03 3 0)
|        ( - 4.308e+01 1 0)))
s>    ( QUESTION0_8_R 1 6.810e+03 2.066e+02 3.777e+02
s>        ( - 4.465e+03 2 0)
s>        ( WDBNDRY_B 0 2.139e+03 6.775e+01 1.219e+02
s>            ( - 2.028e+03 3 0)
s>            ( - 4.308e+01 1 0)))INFO: dtree.c(1315): Comp split 20
INFO: dtree.c(1439): stop. leaf nodes are specific
INFO: dtree.c(1478): Final simple tree
|( QUESTION0_8_R 1 2.342e+03 1.844e+02 1.295e+02
|    ( - 1.285e+03 1 0)
|    ( QUESTION0_15_R 1 8.732e+02 1.151e+02 5.603e+01
|        ( - 2.145e+02 1 0)
|        ( QUESTION6 1 5.436e+02 8.461e+01 3.700e+01
|            ( QUESTION7 1 2.461e+02 4.227e+01 2.100e+01
|                ( - 8.991e+01 1 0)
|                ( QUESTION0_10_R 1 1.139e+02 2.968e+01 1.100e+01
|                    ( - 3.969e+01 1 0)
|                    ( - 4.452e+01 1 0)))
|            ( - 2.129e+02 1 0))))
s>    ( QUESTION0_8_R 1 2.342e+03 1.844e+02 1.295e+02
s>        ( - 1.285e+03 1 0)
s>        ( QUESTION0_15_R 1 8.732e+02 1.151e+02 5.603e+01
s>            ( - 2.145e+02 1 0)
s>            ( QUESTION6 1 5.436e+02 8.461e+01 3.700e+01
s>                ( QUESTION7 1 2.461e+02 4.227e+01 2.100e+01
s>                    ( - 8.991e+01 1 0)
s>                    ( QUESTION0_10_R 1 1.139e+02 2.968e+01 1.100e+01
s>                        ( - 3.969e+01 1 0)
s>                        ( - 4.452e+01 1 0)))
s>                ( - 2.129e+02 1 0))))INFO: dtree.c(1439): stop. leaf nodes are specific
INFO: dtree.c(1478): Final simple tree
|( QUESTION0_0_R 1 8.850e+02 3.477e+01 5.433e+01
|    ( - 6.106e+00 1 0)
|    ( - 8.441e+02 1 0))
s>    ( QUESTION0_0_R 1 8.850e+02 3.477e+01 5.433e+01
s>        ( - 6.106e+00 1 0)
s>        ( - 8.441e+02 1 0))INFO: dtree.c(1315): Comp split 21
INFO: dtree.c(1439): stop. leaf nodes are specific
INFO: dtree.c(1478): Final simple tree
|( QUESTION0_0_R 1 9.229e+02 9.955e+01 5.767e+01
|    ( - 1.787e+02 1 0)
|    ( - 6.447e+02 1 0))
s>    ( QUESTION0_0_R 1 9.229e+02 9.955e+01 5.767e+01
s>        ( - 1.787e+02 1 0)
s>        ( - 6.447e+02 1 0))INFO: dtree.c(1315): Comp split 22
INFO: dtree.c(1439): stop. leaf nodes are specific
INFO: dtree.c(1478): Final simple tree
|( QUESTION0_3_R 1 1.734e+03 1.387e+02 1.120e+02
|    ( - 7.511e+02 2 0)
|    ( QUESTION0_8_R 1 8.443e+02 9.294e+01 6.000e+01
|        ( - 4.040e+02 3 0)
|        ( QUESTION0_0_R 1 3.474e+02 7.068e+01 2.600e+01
|            ( - 1.742e+02 1 0)
|            ( - 1.025e+02 1 0))))
s>    ( QUESTION0_3_R 1 1.734e+03 1.387e+02 1.120e+02
s>        ( - 7.511e+02 2 0)
s>        ( QUESTION0_8_R 1 8.443e+02 9.294e+01 6.000e+01
s>            ( - 4.040e+02 3 0)
s>            ( QUESTION0_0_R 1 3.474e+02 7.068e+01 2.600e+01
s>                ( - 1.742e+02 1 0)
s>                ( - 1.025e+02 1 0))))INFO: dtree.c(1439): stop. leaf nodes are specific
INFO: dtree.c(1478): Final simple tree
|( QUESTION0_8_R 1 1.221e+03 1.044e+02 7.993e+01
|    ( - 1.855e+02 1 0)
|    ( - 9.311e+02 1 0))
s>    ( QUESTION0_8_R 1 1.221e+03 1.044e+02 7.993e+01
s>        ( - 1.855e+02 1 0)
s>        ( - 9.311e+02 1 0))INFO: dtree.c(1315): Comp split 23
INFO: dtree.c(1439): stop. leaf nodes are specific
INFO: dtree.c(1478): Final simple tree
|( QUESTION7 1 1.195e+03 1.337e+02 7.438e+01
|    ( QUESTION0_18_R 1 5.319e+02 8.793e+01 3.900e+01
|        ( - 3.255e+02 1 0)
|        ( - 1.185e+02 1 0))
|    ( QUESTION0_14_R 1 5.293e+02 9.752e+01 3.538e+01
|        ( - 1.768e+02 1 0)
|        ( - 2.549e+02 1 0)))
s>    ( QUESTION7 1 1.195e+03 1.337e+02 7.438e+01
s>        ( QUESTION0_18_R 1 5.319e+02 8.793e+01 3.900e+01
s>            ( - 3.255e+02 1 0)
s>            ( - 1.185e+02 1 0))
s>        ( QUESTION0_14_R 1 5.293e+02 9.752e+01 3.538e+01
s>            ( - 1.768e+02 1 0)
s>            ( - 2.549e+02 1 0)))INFO: dtree.c(1315): Comp split 24
INFO: dtree.c(1439): stop. leaf nodes are specific
INFO: dtree.c(1478): Final simple tree
|( WDBNDRY_B 0 2.688e+03 3.740e+01 1.499e+02
|    ( - 2.643e+03 1 0)
|    ( - 7.923e+00 1 0))
s>    ( WDBNDRY_B 0 2.688e+03 3.740e+01 1.499e+02
s>        ( - 2.643e+03 1 0)
s>        ( - 7.923e+00 1 0))INFO: dtree.c(1315): Comp split 25
INFO: dtree.c(1315): Comp split 26
INFO: dtree.c(1439): stop. leaf nodes are specific
INFO: dtree.c(1478): Final simple tree
|( WDBNDRY_B 0 4.575e+03 6.727e+01 2.608e+02
|    ( - 4.465e+03 2 0)
|    ( - 4.308e+01 1 0))
s>    ( WDBNDRY_B 0 4.575e+03 6.727e+01 2.608e+02
s>        ( - 4.465e+03 2 0)
s>        ( - 4.308e+01 1 0))INFO: dtree.c(1315): Comp split 27
INFO: dtree.c(1439): stop. leaf nodes are specific
INFO: dtree.c(1478): Final simple tree
|( QUESTION1 -1 2.801e+03 1.268e+02 1.659e+02
|    ( - 1.233e+03 2 0)
|    ( - 1.441e+03 1 0))
s>    ( QUESTION1 -1 2.801e+03 1.268e+02 1.659e+02
s>        ( - 1.233e+03 2 0)
s>        ( - 1.441e+03 1 0))INFO: dtree.c(1439): stop. leaf nodes are specific
INFO: dtree.c(1478): Final simple tree
|( QUESTION0_0_R 1 3.564e+03 1.467e+02 2.166e+02
|    ( QUESTION2_0_L -1 2.814e+03 1.282e+02 1.735e+02
|        ( WDBNDRY_B 0 6.942e+02 8.554e+01 4.800e+01
|            ( - 4.389e+02 3 0)
|            ( - 1.698e+02 1 0))
|        ( - 1.991e+03 1 0))
|    ( - 6.032e+02 1 0))
s>    ( QUESTION0_0_R 1 3.564e+03 1.467e+02 2.166e+02
s>        ( QUESTION2_0_L -1 2.814e+03 1.282e+02 1.735e+02
s>            ( WDBNDRY_B 0 6.942e+02 8.554e+01 4.800e+01
s>                ( - 4.389e+02 3 0)
s>                ( - 1.698e+02 1 0))
s>            ( - 1.991e+03 1 0))
s>        ( - 6.032e+02 1 0))INFO: dtree.c(1315): Comp split 28
INFO: dtree.c(1439): stop. leaf nodes are specific
INFO: dtree.c(1478): Final simple tree
|( QUESTION0_1_R 1 1.386e+03 1.145e+02 9.113e+01
|    ( WDBNDRY_B 0 1.071e+03 8.001e+01 7.413e+01
|        ( QUESTION2_9_L -1 1.942e+02 4.005e+01 1.801e+01
|            ( - 2.879e+01 1 0)
|            ( - 1.254e+02 1 0))
|        ( - 7.964e+02 1 0))
|    ( - 2.009e+02 1 0))
s>    ( QUESTION0_1_R 1 1.386e+03 1.145e+02 9.113e+01
s>        ( WDBNDRY_B 0 1.071e+03 8.001e+01 7.413e+01
s>            ( QUESTION2_9_L -1 1.942e+02 4.005e+01 1.801e+01
s>                ( - 2.879e+01 1 0)
s>                ( - 1.254e+02 1 0))
s>            ( - 7.964e+02 1 0))
s>        ( - 2.009e+02 1 0))INFO: dtree.c(1439): stop. leaf nodes are specific
INFO: dtree.c(1478): Final simple tree
|( QUESTION2_1_L -1 1.810e+03 1.580e+02 1.145e+02
|    ( QUESTION4 -1 9.706e+02 9.884e+01 6.647e+01
|        ( - 4.278e+02 1 0)
|        ( - 4.440e+02 1 0))
|    ( - 6.812e+02 1 0))
s>    ( QUESTION2_1_L -1 1.810e+03 1.580e+02 1.145e+02
s>        ( QUESTION4 -1 9.706e+02 9.884e+01 6.647e+01
s>            ( - 4.278e+02 1 0)
s>            ( - 4.440e+02 1 0))
s>        ( - 6.812e+02 1 0))INFO: dtree.c(1315): Comp split 29
INFO: dtree.c(1439): stop. leaf nodes are specific
INFO: dtree.c(1478): Final simple tree
|( WDBNDRY_E 0 1.513e+03 2.364e+01 9.960e+01
|    ( - 5.727e+00 1 0)
|    ( - 1.484e+03 1 0))
s>    ( WDBNDRY_E 0 1.513e+03 2.364e+01 9.960e+01
s>        ( - 5.727e+00 1 0)
s>        ( - 1.484e+03 1 0))INFO: dtree.c(1439): stop. leaf nodes are specific
INFO: dtree.c(1478): Final simple tree
|( QUESTION0_10_R 1 3.970e+02 2.819e+01 2.611e+01
|    ( - 3.584e+02 1 0)
|    ( WDBNDRY_E 0 1.043e+01 8.483e+00 2.000e+00
|        ( - 1.583e+00 1 0)
|        ( - 3.636e-01 1 0)))
s>    ( QUESTION0_10_R 1 3.970e+02 2.819e+01 2.611e+01
s>        ( - 3.584e+02 1 0)
s>        ( WDBNDRY_E 0 1.043e+01 8.483e+00 2.000e+00
s>            ( - 1.583e+00 1 0)
s>            ( - 3.636e-01 1 0)))INFO: dtree.c(1315): Comp split 30
INFO: dtree.c(1439): stop. leaf nodes are specific
INFO: dtree.c(1478): Final simple tree
|( QUESTION0_0_R 1 2.221e+03 1.477e+02 1.291e+02
|    ( - 1.026e+03 2 0)
|    ( - 1.048e+03 2 0))
s>    ( QUESTION0_0_R 1 2.221e+03 1.477e+02 1.291e+02
s>        ( - 1.026e+03 2 0)
s>        ( - 1.048e+03 2 0))INFO: dtree.c(1315): Comp split 31
INFO: dtree.c(1439): stop. leaf nodes are specific
INFO: dtree.c(1478): Final simple tree
|( QUESTION2_5_L -1 1.829e+03 1.481e+02 1.118e+02
|    ( - 6.254e+02 1 0)
|    ( WDBNDRY_B 0 1.055e+03 7.133e+01 6.885e+01
|        ( - 9.196e+02 1 0)
|        ( - 6.443e+01 1 0)))
s>    ( QUESTION2_5_L -1 1.829e+03 1.481e+02 1.118e+02
s>        ( - 6.254e+02 1 0)
s>        ( WDBNDRY_B 0 1.055e+03 7.133e+01 6.885e+01
s>            ( - 9.196e+02 1 0)
s>            ( - 6.443e+01 1 0)))INFO: dtree.c(1439): stop. leaf nodes are specific
INFO: dtree.c(1478): Final simple tree
|( QUESTION0_8_R 1 2.793e+03 1.562e+02 1.658e+02
|    ( - 1.618e+03 1 0)
|    ( - 1.019e+03 1 0))
s>    ( QUESTION0_8_R 1 2.793e+03 1.562e+02 1.658e+02
s>        ( - 1.618e+03 1 0)
s>        ( - 1.019e+03 1 0))INFO: dtree.c(1315): Comp split 32
INFO: dtree.c(1439): stop. leaf nodes are specific
INFO: dtree.c(1478): Final simple tree
|( SILENCE -1 2.513e+03 5.197e+01 1.530e+02
|    ( - 2.416e+03 1 0)
|    ( - 4.476e+01 1 0))
s>    ( SILENCE -1 2.513e+03 5.197e+01 1.530e+02
s>        ( - 2.416e+03 1 0)
s>        ( - 4.476e+01 1 0))INFO: dtree.c(1439): stop. leaf nodes are specific
INFO: dtree.c(1478): Final simple tree
|( SILENCE -1 3.716e+03 1.468e+02 2.180e+02
|    ( - 2.613e+03 1 0)
|    ( QUESTION0 -1 9.562e+02 5.350e+01 6.100e+01
|        ( - 3.746e+01 1 0)
|        ( QUESTION8 -1 8.652e+02 3.254e+01 5.600e+01
|            ( - 8.364e+00 1 0)
|            ( - 8.243e+02 1 0))))
s>    ( SILENCE -1 3.716e+03 1.468e+02 2.180e+02
s>        ( - 2.613e+03 1 0)
s>        ( QUESTION0 -1 9.562e+02 5.350e+01 6.100e+01
s>            ( - 3.746e+01 1 0)
s>            ( QUESTION8 -1 8.652e+02 3.254e+01 5.600e+01
s>                ( - 8.364e+00 1 0)
s>                ( - 8.243e+02 1 0))))INFO: dtree.c(1315): Comp split 33
INFO: dtree.c(1439): stop. leaf nodes are specific
INFO: dtree.c(1478): Final simple tree
|( QUESTION6 -1 6.022e+02 9.892e+01 4.000e+01
|    ( QUESTION0_8_R 1 2.781e+02 5.715e+01 2.200e+01
|        ( - 1.273e+02 1 0)
|        ( - 9.365e+01 1 0))
|    ( WDBNDRY_B 0 2.252e+02 5.680e+01 1.800e+01
|        ( - 9.769e+01 1 0)
|        ( - 7.068e+01 1 0)))
s>    ( QUESTION6 -1 6.022e+02 9.892e+01 4.000e+01
s>        ( QUESTION0_8_R 1 2.781e+02 5.715e+01 2.200e+01
s>            ( - 1.273e+02 1 0)
s>            ( - 9.365e+01 1 0))
s>        ( WDBNDRY_B 0 2.252e+02 5.680e+01 1.800e+01
s>            ( - 9.769e+01 1 0)
s>            ( - 7.068e+01 1 0)))INFO: dtree.c(1439): stop. leaf nodes are specific
INFO: dtree.c(1478): Final simple tree
|( QUESTION2_6_L -1 1.519e+03 1.200e+02 8.654e+01
|    ( - 6.270e+02 1 0)
|    ( QUESTION0_8_R 1 7.725e+02 9.508e+01 4.587e+01
|        ( - 2.873e+02 1 0)
|        ( - 3.901e+02 1 0)))
s>    ( QUESTION2_6_L -1 1.519e+03 1.200e+02 8.654e+01
s>        ( - 6.270e+02 1 0)
s>        ( QUESTION0_8_R 1 7.725e+02 9.508e+01 4.587e+01
s>            ( - 2.873e+02 1 0)
s>            ( - 3.901e+02 1 0)))INFO: dtree.c(1315): Comp split 34
INFO: dtree.c(1439): stop. leaf nodes are specific
INFO: dtree.c(1478): Final simple tree
|( SILENCE -1 2.287e+03 1.450e+02 1.320e+02
|    ( - 1.418e+03 1 0)
|    ( - 7.241e+02 1 0))
s>    ( SILENCE -1 2.287e+03 1.450e+02 1.320e+02
s>        ( - 1.418e+03 1 0)
s>        ( - 7.241e+02 1 0))INFO: dtree.c(1439): stop. leaf nodes are specific
INFO: dtree.c(1478): Final simple tree
|( QUESTION5 -1 1.101e+03 1.186e+02 6.261e+01
|    ( - 3.630e+02 1 0)
|    ( QUESTION0_8_R 1 6.189e+02 5.409e+01 3.665e+01
|        ( - 5.201e+02 2 0)
|        ( - 4.478e+01 1 0)))
s>    ( QUESTION5 -1 1.101e+03 1.186e+02 6.261e+01
s>        ( - 3.630e+02 1 0)
s>        ( QUESTION0_8_R 1 6.189e+02 5.409e+01 3.665e+01
s>            ( - 5.201e+02 2 0)
s>            ( - 4.478e+01 1 0)))INFO: dtree.c(1315): Comp split 35
INFO: dtree.c(1439): stop. leaf nodes are specific
INFO: dtree.c(1478): Final simple tree
|( QUESTION0_15_R 1 8.732e+02 1.151e+02 5.603e+01
|    ( - 2.145e+02 1 0)
|    ( QUESTION6 1 5.436e+02 8.461e+01 3.700e+01
|        ( QUESTION7 1 2.461e+02 4.227e+01 2.100e+01
|            ( - 8.991e+01 1 0)
|            ( QUESTION0_10_R 1 1.139e+02 2.968e+01 1.100e+01
|                ( - 3.969e+01 1 0)
|                ( - 4.452e+01 1 0)))
|        ( - 2.129e+02 1 0)))
s>    ( QUESTION0_15_R 1 8.732e+02 1.151e+02 5.603e+01
s>        ( - 2.145e+02 1 0)
s>        ( QUESTION6 1 5.436e+02 8.461e+01 3.700e+01
s>            ( QUESTION7 1 2.461e+02 4.227e+01 2.100e+01
s>                ( - 8.991e+01 1 0)
s>                ( QUESTION0_10_R 1 1.139e+02 2.968e+01 1.100e+01
s>                    ( - 3.969e+01 1 0)
s>                    ( - 4.452e+01 1 0)))
s>            ( - 2.129e+02 1 0)))INFO: dtree.c(1315): Comp split 36
INFO: dtree.c(1439): stop. leaf nodes are specific
INFO: dtree.c(1478): Final simple tree
|( QUESTION0_0_R 1 6.385e+02 8.510e+01 4.105e+01
|    ( QUESTION0_3_R 1 1.665e+02 2.875e+01 1.300e+01
|        ( - 1.210e+02 2 0)
|        ( - 1.681e+01 1 0))
|    ( - 3.869e+02 1 0))
s>    ( QUESTION0_0_R 1 6.385e+02 8.510e+01 4.105e+01
s>        ( QUESTION0_3_R 1 1.665e+02 2.875e+01 1.300e+01
s>            ( - 1.210e+02 2 0)
s>            ( - 1.681e+01 1 0))
s>        ( - 3.869e+02 1 0))INFO: dtree.c(1439): stop. leaf nodes are specific
INFO: dtree.c(1478): Final simple tree
|( QUESTION0 1 1.263e+03 8.500e+01 7.917e+01
|    ( - 9.725e+01 2 0)
|    ( - 1.080e+03 1 0))
s>    ( QUESTION0 1 1.263e+03 8.500e+01 7.917e+01
s>        ( - 9.725e+01 2 0)
s>        ( - 1.080e+03 1 0))INFO: dtree.c(1315): Comp split 37
INFO: dtree.c(1315): Comp split 38
INFO: dtree.c(1439): stop. leaf nodes are specific
INFO: dtree.c(1478): Final simple tree
|( QUESTION4 -1 9.706e+02 9.884e+01 6.647e+01
|    ( - 4.278e+02 1 0)
|    ( - 4.440e+02 1 0))
s>    ( QUESTION4 -1 9.706e+02 9.884e+01 6.647e+01
s>        ( - 4.278e+02 1 0)
s>        ( - 4.440e+02 1 0))INFO: dtree.c(1315): Comp split 39
INFO: dtree.c(1315): Comp split 40
INFO: dtree.c(1439): stop. leaf nodes are specific
INFO: dtree.c(1478): Final simple tree
|( SILENCE -1 2.743e+03 6.476e+01 1.640e+02
|    ( - 2.613e+03 1 0)
|    ( QUESTION0 -1 6.543e+01 1.961e+01 7.000e+00
|        ( - 3.746e+01 1 0)
|        ( - 8.364e+00 1 0)))
s>    ( SILENCE -1 2.743e+03 6.476e+01 1.640e+02
s>        ( - 2.613e+03 1 0)
s>        ( QUESTION0 -1 6.543e+01 1.961e+01 7.000e+00
s>            ( - 3.746e+01 1 0)
s>            ( - 8.364e+00 1 0)))INFO: dtree.c(1315): Comp split 41
INFO: dtree.c(1439): stop. leaf nodes are specific
INFO: dtree.c(1478): Final simple tree
|( WDBNDRY_B 0 1.055e+03 7.133e+01 6.885e+01
|    ( - 9.196e+02 1 0)
|    ( - 6.443e+01 1 0))
s>    ( WDBNDRY_B 0 1.055e+03 7.133e+01 6.885e+01
s>        ( - 9.196e+02 1 0)
s>        ( - 6.443e+01 1 0))INFO: dtree.c(1315): Comp split 42
INFO: dtree.c(1315): Comp split 43
INFO: dtree.c(1439): stop. leaf nodes are specific
INFO: dtree.c(1478): Final simple tree
|( QUESTION2_0_L -1 2.814e+03 1.282e+02 1.735e+02
|    ( WDBNDRY_B 0 6.942e+02 8.554e+01 4.800e+01
|        ( - 4.389e+02 3 0)
|        ( - 1.698e+02 1 0))
|    ( - 1.991e+03 1 0))
s>    ( QUESTION2_0_L -1 2.814e+03 1.282e+02 1.735e+02
s>        ( WDBNDRY_B 0 6.942e+02 8.554e+01 4.800e+01
s>            ( - 4.389e+02 3 0)
s>            ( - 1.698e+02 1 0))
s>        ( - 1.991e+03 1 0))INFO: dtree.c(1315): Comp split 44
INFO: dtree.c(1439): stop. leaf nodes are specific
INFO: dtree.c(1478): Final simple tree
|( QUESTION0_18_R 1 4.611e+02 8.768e+01 3.600e+01
|    ( - 2.549e+02 1 0)
|    ( - 1.185e+02 1 0))
s>    ( QUESTION0_18_R 1 4.611e+02 8.768e+01 3.600e+01
s>        ( - 2.549e+02 1 0)
s>        ( - 1.185e+02 1 0))INFO: dtree.c(1439): stop. leaf nodes are specific
INFO: dtree.c(1478): Final simple tree
|( QUESTION0_14_R 1 5.879e+02 8.564e+01 3.838e+01
|    ( - 1.768e+02 1 0)
|    ( - 3.255e+02 1 0))
s>    ( QUESTION0_14_R 1 5.879e+02 8.564e+01 3.838e+01
s>        ( - 1.768e+02 1 0)
s>        ( - 3.255e+02 1 0))INFO: dtree.c(1315): Comp split 45
INFO: dtree.c(1315): Comp split 46
INFO: dtree.c(1439): stop. leaf nodes are specific
INFO: dtree.c(1478): Final simple tree
|( QUESTION0_0_R 1 6.508e+02 7.265e+01 4.900e+01
|    ( - 1.742e+02 1 0)
|    ( - 4.040e+02 3 0))
s>    ( QUESTION0_0_R 1 6.508e+02 7.265e+01 4.900e+01
s>        ( - 1.742e+02 1 0)
s>        ( - 4.040e+02 3 0))INFO: dtree.c(1439): stop. leaf nodes are specific
INFO: dtree.c(1478): Final simple tree
|( QUESTION0_0_R 1 9.418e+02 8.820e+01 6.305e+01
|    ( - 7.511e+02 2 0)
|    ( - 1.025e+02 1 0))
s>    ( QUESTION0_0_R 1 9.418e+02 8.820e+01 6.305e+01
s>        ( - 7.511e+02 2 0)
s>        ( - 1.025e+02 1 0))INFO: dtree.c(1315): Comp split 47
INFO: dtree.c(1439): stop. leaf nodes are specific
INFO: dtree.c(1478): Final simple tree
|( QUESTION0_16_R 1 7.201e+02 1.002e+02 5.400e+01
|    ( - 2.421e+02 1 0)
|    ( QUESTION0_20_R 1 3.777e+02 5.824e+01 3.200e+01
|        ( - 2.225e+02 1 0)
|        ( - 9.699e+01 1 0)))
s>    ( QUESTION0_16_R 1 7.201e+02 1.002e+02 5.400e+01
s>        ( - 2.421e+02 1 0)
s>        ( QUESTION0_20_R 1 3.777e+02 5.824e+01 3.200e+01
s>            ( - 2.225e+02 1 0)
s>            ( - 9.699e+01 1 0)))INFO: dtree.c(1439): stop. leaf nodes are specific
INFO: dtree.c(1478): Final simple tree
|( QUESTION0 1 5.216e+02 6.648e+01 4.100e+01
|    ( - 7.903e+01 1 0)
|    ( - 3.761e+02 1 0))
s>    ( QUESTION0 1 5.216e+02 6.648e+01 4.100e+01
s>        ( - 7.903e+01 1 0)
s>        ( - 3.761e+02 1 0))INFO: dtree.c(1315): Comp split 48
INFO: dtree.c(1439): stop. leaf nodes are specific
INFO: dtree.c(1478): Final simple tree
|( QUESTION0_11_R 1 1.246e+02 2.856e+01 1.400e+01
|    ( - 3.198e+01 1 0)
|    ( - 6.407e+01 1 0))
s>    ( QUESTION0_11_R 1 1.246e+02 2.856e+01 1.400e+01
s>        ( - 3.198e+01 1 0)
s>        ( - 6.407e+01 1 0))INFO: dtree.c(1315): Comp split 49
INFO: dtree.c(1439): stop. leaf nodes are specific
INFO: dtree.c(1478): Final simple tree
|( WDBNDRY_B 0 6.942e+02 8.554e+01 4.800e+01
|    ( - 4.389e+02 3 0)
|    ( - 1.698e+02 1 0))
s>    ( WDBNDRY_B 0 6.942e+02 8.554e+01 4.800e+01
s>        ( - 4.389e+02 3 0)
s>        ( - 1.698e+02 1 0))INFO: dtree.c(1315): Comp split 50
INFO: dtree.c(1315): Comp split 51
INFO: dtree.c(1439): stop. leaf nodes are specific
INFO: dtree.c(1478): Final simple tree
|( QUESTION0_8_R 1 7.725e+02 9.508e+01 4.587e+01
|    ( - 2.873e+02 1 0)
|    ( - 3.901e+02 1 0))
s>    ( QUESTION0_8_R 1 7.725e+02 9.508e+01 4.587e+01
s>        ( - 2.873e+02 1 0)
s>        ( - 3.901e+02 1 0))INFO: dtree.c(1315): Comp split 52
INFO: dtree.c(1439): stop. leaf nodes are specific
INFO: dtree.c(1478): Final simple tree
|( QUESTION0_8_R 1 6.189e+02 5.409e+01 3.665e+01
|    ( - 5.201e+02 2 0)
|    ( - 4.478e+01 1 0))
s>    ( QUESTION0_8_R 1 6.189e+02 5.409e+01 3.665e+01
s>        ( - 5.201e+02 2 0)
s>        ( - 4.478e+01 1 0))INFO: dtree.c(1315): Comp split 53
INFO: dtree.c(1439): stop. leaf nodes are specific
INFO: dtree.c(1478): Final simple tree
|( QUESTION6 1 5.436e+02 8.461e+01 3.700e+01
|    ( QUESTION7 1 2.461e+02 4.227e+01 2.100e+01
|        ( - 8.991e+01 1 0)
|        ( QUESTION0_10_R 1 1.139e+02 2.968e+01 1.100e+01
|            ( - 3.969e+01 1 0)
|            ( - 4.452e+01 1 0)))
|    ( - 2.129e+02 1 0))
s>    ( QUESTION6 1 5.436e+02 8.461e+01 3.700e+01
s>        ( QUESTION7 1 2.461e+02 4.227e+01 2.100e+01
s>            ( - 8.991e+01 1 0)
s>            ( QUESTION0_10_R 1 1.139e+02 2.968e+01 1.100e+01
s>                ( - 3.969e+01 1 0)
s>                ( - 4.452e+01 1 0)))
s>        ( - 2.129e+02 1 0))INFO: dtree.c(1315): Comp split 54
INFO: dtree.c(1439): stop. leaf nodes are specific
INFO: dtree.c(1478): Final simple tree
|( WDBNDRY_B 0 1.071e+03 8.001e+01 7.413e+01
|    ( QUESTION2_9_L -1 1.942e+02 4.005e+01 1.801e+01
|        ( - 2.879e+01 1 0)
|        ( - 1.254e+02 1 0))
|    ( - 7.964e+02 1 0))
s>    ( WDBNDRY_B 0 1.071e+03 8.001e+01 7.413e+01
s>        ( QUESTION2_9_L -1 1.942e+02 4.005e+01 1.801e+01
s>            ( - 2.879e+01 1 0)
s>            ( - 1.254e+02 1 0))
s>        ( - 7.964e+02 1 0))INFO: dtree.c(1315): Comp split 55
INFO: dtree.c(1315): Comp split 56
INFO: dtree.c(1439): stop. leaf nodes are specific
INFO: dtree.c(1478): Final simple tree
|( QUESTION0_20_R 1 3.777e+02 5.824e+01 3.200e+01
|    ( - 2.225e+02 1 0)
|    ( - 9.699e+01 1 0))
s>    ( QUESTION0_20_R 1 3.777e+02 5.824e+01 3.200e+01
s>        ( - 2.225e+02 1 0)
s>        ( - 9.699e+01 1 0))INFO: dtree.c(1315): Comp split 57
INFO: dtree.c(1315): Comp split 58
INFO: dtree.c(1439): stop. leaf nodes are specific
INFO: dtree.c(1478): Final simple tree
|( WDBNDRY_B 0 2.252e+02 5.680e+01 1.800e+01
|    ( - 9.769e+01 1 0)
|    ( - 7.068e+01 1 0))
s>    ( WDBNDRY_B 0 2.252e+02 5.680e+01 1.800e+01
s>        ( - 9.769e+01 1 0)
s>        ( - 7.068e+01 1 0))INFO: dtree.c(1439): stop. leaf nodes are specific
INFO: dtree.c(1478): Final simple tree
|( QUESTION0_8_R 1 2.781e+02 5.715e+01 2.200e+01
|    ( - 1.273e+02 1 0)
|    ( - 9.365e+01 1 0))
s>    ( QUESTION0_8_R 1 2.781e+02 5.715e+01 2.200e+01
s>        ( - 1.273e+02 1 0)
s>        ( - 9.365e+01 1 0))INFO: dtree.c(1315): Comp split 59
INFO: dtree.c(1315): Comp split 60
INFO: dtree.c(1315): Comp split 61
INFO: dtree.c(1315): Comp split 62
INFO: dtree.c(1315): Comp split 63
INFO: dtree.c(1315): Comp split 64
INFO: dtree.c(1315): Comp split 65
INFO: dtree.c(1439): stop. leaf nodes are specific
INFO: dtree.c(1478): Final simple tree
|( QUESTION0_3_R 1 1.665e+02 2.875e+01 1.300e+01
|    ( - 1.210e+02 2 0)
|    ( - 1.681e+01 1 0))
s>    ( QUESTION0_3_R 1 1.665e+02 2.875e+01 1.300e+01
s>        ( - 1.210e+02 2 0)
s>        ( - 1.681e+01 1 0))INFO: dtree.c(1315): Comp split 66
INFO: dtree.c(1315): Comp split 67
INFO: dtree.c(1439): stop. leaf nodes are specific
INFO: dtree.c(1478): Final simple tree
|( QUESTION7 1 2.461e+02 4.227e+01 2.100e+01
|    ( - 8.991e+01 1 0)
|    ( QUESTION0_10_R 1 1.139e+02 2.968e+01 1.100e+01
|        ( - 3.969e+01 1 0)
|        ( - 4.452e+01 1 0)))
s>    ( QUESTION7 1 2.461e+02 4.227e+01 2.100e+01
s>        ( - 8.991e+01 1 0)
s>        ( QUESTION0_10_R 1 1.139e+02 2.968e+01 1.100e+01
s>            ( - 3.969e+01 1 0)
s>            ( - 4.452e+01 1 0)))INFO: dtree.c(1315): Comp split 68
INFO: dtree.c(1439): stop. leaf nodes are specific
INFO: dtree.c(1478): Final simple tree
|( QUESTION2_9_L -1 1.942e+02 4.005e+01 1.801e+01
|    ( - 2.879e+01 1 0)
|    ( - 1.254e+02 1 0))
s>    ( QUESTION2_9_L -1 1.942e+02 4.005e+01 1.801e+01
s>        ( - 2.879e+01 1 0)
s>        ( - 1.254e+02 1 0))INFO: dtree.c(1315): Comp split 69
INFO: dtree.c(1315): Comp split 70
INFO: dtree.c(1315): Comp split 71
INFO: dtree.c(1315): Comp split 72
INFO: dtree.c(1315): Comp split 73
INFO: dtree.c(1439): stop. leaf nodes are specific
INFO: dtree.c(1478): Final simple tree
|( QUESTION0 -1 6.543e+01 1.961e+01 7.000e+00
|    ( - 3.746e+01 1 0)
|    ( - 8.364e+00 1 0))
s>    ( QUESTION0 -1 6.543e+01 1.961e+01 7.000e+00
s>        ( - 3.746e+01 1 0)
s>        ( - 8.364e+00 1 0))INFO: dtree.c(1315): Comp split 74
INFO: dtree.c(1315): Comp split 75
INFO: dtree.c(1315): Comp split 76
INFO: dtree.c(1315): Comp split 77
INFO: dtree.c(1315): Comp split 78
INFO: dtree.c(1315): Comp split 79
INFO: dtree.c(1439): stop. leaf nodes are specific
INFO: dtree.c(1478): Final simple tree
|( QUESTION0_10_R 1 1.139e+02 2.968e+01 1.100e+01
|    ( - 3.969e+01 1 0)
|    ( - 4.452e+01 1 0))
s>    ( QUESTION0_10_R 1 1.139e+02 2.968e+01 1.100e+01
s>        ( - 3.969e+01 1 0)
s>        ( - 4.452e+01 1 0))INFO: dtree.c(1315): Comp split 80
INFO: dtree.c(1315): Comp split 81
INFO: dtree.c(1315): Comp split 82
INFO: dtree.c(1315): Comp split 83
INFO: dtree.c(1315): Comp split 84
INFO: dtree.c(1315): Comp split 85
INFO: dtree.c(1315): Comp split 86
INFO: dtree.c(1439): stop. leaf nodes are specific
INFO: dtree.c(1478): Final simple tree
|( WDBNDRY_E 0 1.043e+01 8.483e+00 2.000e+00
|    ( - 1.583e+00 1 0)
|    ( - 3.636e-01 1 0))
s>    ( WDBNDRY_E 0 1.043e+01 8.483e+00 2.000e+00
s>        ( - 1.583e+00 1 0)
s>        ( - 3.636e-01 1 0))INFO: dtree.c(1315): Comp split 87
INFO: dtree.c(1315): Comp split 88
INFO: dtree.c(1315): Comp split 89
INFO: dtree.c(1315): Comp split 90
INFO: dtree.c(1318): stop. leaf nodes are specific
Mon May 23 22:39:54 2022
