Current configuration:
[NAME]		[DEFLT]	[VALUE]
-allphones	no	no
-cntthresh	0.00001	1.000000e-05
-csplitmax	100	2000
-csplitmin	1	1
-csplitthr	8e-4	0.000000e+00
-example	no	no
-fullvar	no	no
-help		no	no
-meanfn			
-mixwfn			/home/rakha/Kuliah/Semester8/nlp/speech-sphinx/train-new-model/an4-master/model_parameters/an4.cd_ptm_untied/mixture_weights
-moddeffn		/home/rakha/Kuliah/Semester8/nlp/speech-sphinx/train-new-model/an4-master/model_architecture/an4.untied.mdef
-mwfloor	1e-4	1.000000e-08
-phone			W
-psetfn			/home/rakha/Kuliah/Semester8/nlp/speech-sphinx/train-new-model/an4-master/model_architecture/an4.tree_questions
-ssplitmax	5	7
-ssplitmin	1	1
-ssplitthr	8e-4	0.000000e+00
-state			1
-stwt			1.0,0.05,0.0,
-treefn			/home/rakha/Kuliah/Semester8/nlp/speech-sphinx/train-new-model/an4-master/trees/an4.unpruned/W-1.dtree
-ts2cbfn	.semi.	.semi.
-varfloor	0.00001	1.000000e-05
-varfn			

INFO: main.c(223): Reading: /home/rakha/Kuliah/Semester8/nlp/speech-sphinx/train-new-model/an4-master/model_architecture/an4.untied.mdef
INFO: model_def_io.c(573): Model definition info:
INFO: model_def_io.c(574): 1618 total models defined (34 base, 1584 tri)
INFO: model_def_io.c(575): 6472 total states
INFO: model_def_io.c(576): 4854 total tied states
INFO: model_def_io.c(577): 102 total tied CI states
INFO: model_def_io.c(578): 34 total tied transition matrices
INFO: model_def_io.c(579): 4 max state/model
INFO: model_def_io.c(580): 4 min state/model
INFO: main.c(242): Building trees for [W AH AY b] through [W UW AY b]
INFO: main.c(269): Covering states |[4671 4724]| == 54
INFO: main.c(275): Reading: /home/rakha/Kuliah/Semester8/nlp/speech-sphinx/train-new-model/an4-master/model_parameters/an4.cd_ptm_untied/mixture_weights
INFO: s3mixw_io.c(173): Read /home/rakha/Kuliah/Semester8/nlp/speech-sphinx/train-new-model/an4-master/model_parameters/an4.cd_ptm_untied/mixture_weights [54x4x64 array]
INFO: main.c(311): 18 of 18 models have observation count greater than 0.000010
INFO: main.c(95): nrm stwt: 0.045 0.909 0.045 
INFO: main.c(411): 18-class entropy: 1.840516e+04
INFO: main.c(549): Reading: /home/rakha/Kuliah/Semester8/nlp/speech-sphinx/train-new-model/an4-master/model_architecture/an4.tree_questions
INFO: main.c(588): 180 total simple questions (172 phone; 8 word bndry)
INFO: main.c(590): 42 Left Only questions, and 42 Right Only questions
INFO: dtree.c(1478): Final simple tree
|( QUESTION0_8_R 1 2.140e+04 9.774e+02 1.165e+03
|    ( - 1.309e+04 1 0)
|    ( QUESTION7 -1 7.335e+03 6.633e+02 3.695e+02
|        ( - 2.023e+03 2 0 WDBNDRY_B 0 4.542e+01 1.129e+02)
|        ( QUESTION1 -1 4.648e+03 2.105e+02 2.566e+02
|            ( - 1.328e+03 2 0)
|            ( QUESTION2_4_L -1 3.110e+03 1.805e+02 1.813e+02
|                ( QUESTION16 -1 9.929e+02 9.690e+01 6.823e+01
|                    ( - 6.311e+02 2 0 QUESTION2_9_L -1 6.579e+01 4.703e+01)
|                    ( - 2.648e+02 2 0 QUESTION4 -1 4.934e+01 2.121e+01))
|                ( QUESTION2_0_L -1 1.936e+03 1.277e+02 1.130e+02
|                    ( QUESTION0 -1 1.135e+03 9.408e+01 7.005e+01
|                        ( - 7.827e+02 3 0)
|                        ( - 2.580e+02 2 0))
|                    ( - 6.737e+02 4 0 QUESTION2_13_L -1 7.781e+01 4.299e+01))))))
s>    ( QUESTION0_8_R 1 2.140e+04 9.774e+02 1.165e+03
s>        ( - 1.309e+04 1 0)
s>        ( QUESTION7 -1 7.335e+03 6.633e+02 3.695e+02
s>            ( - 2.023e+03 2 0 WDBNDRY_B 0 4.542e+01 1.129e+02)
s>            ( QUESTION1 -1 4.648e+03 2.105e+02 2.566e+02
s>                ( - 1.328e+03 2 0)
s>                ( QUESTION2_4_L -1 3.110e+03 1.805e+02 1.813e+02
s>                    ( QUESTION16 -1 9.929e+02 9.690e+01 6.823e+01
s>                        ( - 6.311e+02 2 0 QUESTION2_9_L -1 6.579e+01 4.703e+01)
s>                        ( - 2.648e+02 2 0 QUESTION4 -1 4.934e+01 2.121e+01))
s>                    ( QUESTION2_0_L -1 1.936e+03 1.277e+02 1.130e+02
s>                        ( QUESTION0 -1 1.135e+03 9.408e+01 7.005e+01
s>                            ( - 7.827e+02 3 0)
s>                            ( - 2.580e+02 2 0))
s>                        ( - 6.737e+02 4 0 QUESTION2_13_L -1 7.781e+01 4.299e+01))))))INFO: dtree.c(1315): Comp split 0
INFO: dtree.c(1478): Final simple tree
|( QUESTION7 -1 7.335e+03 6.633e+02 3.695e+02
|    ( - 2.023e+03 2 0 WDBNDRY_B 0 4.542e+01 1.129e+02)
|    ( QUESTION1 -1 4.648e+03 2.105e+02 2.566e+02
|        ( - 1.328e+03 2 0)
|        ( QUESTION2_4_L -1 3.110e+03 1.805e+02 1.813e+02
|            ( QUESTION16 -1 9.929e+02 9.690e+01 6.823e+01
|                ( - 6.311e+02 2 0 QUESTION2_9_L -1 6.579e+01 4.703e+01)
|                ( - 2.648e+02 2 0 QUESTION4 -1 4.934e+01 2.121e+01))
|            ( QUESTION2_0_L -1 1.936e+03 1.277e+02 1.130e+02
|                ( QUESTION0 -1 1.135e+03 9.408e+01 7.005e+01
|                    ( - 7.827e+02 3 0)
|                    ( - 2.580e+02 2 0))
|                ( QUESTION2_13_L -1 6.737e+02 7.781e+01 4.299e+01
|                    ( - 3.285e+02 2 0 WDBNDRY_B 0 5.930e+01 2.199e+01)
|                    ( - 2.674e+02 2 0 SILENCE -1 5.571e+01 2.100e+01))))))
s>    ( QUESTION7 -1 7.335e+03 6.633e+02 3.695e+02
s>        ( - 2.023e+03 2 0 WDBNDRY_B 0 4.542e+01 1.129e+02)
s>        ( QUESTION1 -1 4.648e+03 2.105e+02 2.566e+02
s>            ( - 1.328e+03 2 0)
s>            ( QUESTION2_4_L -1 3.110e+03 1.805e+02 1.813e+02
s>                ( QUESTION16 -1 9.929e+02 9.690e+01 6.823e+01
s>                    ( - 6.311e+02 2 0 QUESTION2_9_L -1 6.579e+01 4.703e+01)
s>                    ( - 2.648e+02 2 0 QUESTION4 -1 4.934e+01 2.121e+01))
s>                ( QUESTION2_0_L -1 1.936e+03 1.277e+02 1.130e+02
s>                    ( QUESTION0 -1 1.135e+03 9.408e+01 7.005e+01
s>                        ( - 7.827e+02 3 0)
s>                        ( - 2.580e+02 2 0))
s>                    ( QUESTION2_13_L -1 6.737e+02 7.781e+01 4.299e+01
s>                        ( - 3.285e+02 2 0 WDBNDRY_B 0 5.930e+01 2.199e+01)
s>                        ( - 2.674e+02 2 0 SILENCE -1 5.571e+01 2.100e+01))))))INFO: dtree.c(1315): Comp split 1
INFO: dtree.c(1478): Final simple tree
|( QUESTION1 -1 4.648e+03 2.105e+02 2.566e+02
|    ( - 1.328e+03 2 0)
|    ( QUESTION2_4_L -1 3.110e+03 1.805e+02 1.813e+02
|        ( QUESTION16 -1 9.929e+02 9.690e+01 6.823e+01
|            ( QUESTION2_9_L -1 6.311e+02 6.579e+01 4.703e+01
|                ( - 8.203e+01 1 0)
|                ( - 4.833e+02 1 0))
|            ( - 2.648e+02 2 0 QUESTION4 -1 4.934e+01 2.121e+01))
|        ( QUESTION2_0_L -1 1.936e+03 1.277e+02 1.130e+02
|            ( QUESTION0 -1 1.135e+03 9.408e+01 7.005e+01
|                ( - 7.827e+02 3 0)
|                ( - 2.580e+02 2 0))
|            ( QUESTION2_13_L -1 6.737e+02 7.781e+01 4.299e+01
|                ( - 3.285e+02 2 0 WDBNDRY_B 0 5.930e+01 2.199e+01)
|                ( - 2.674e+02 2 0 SILENCE -1 5.571e+01 2.100e+01)))))
s>    ( QUESTION1 -1 4.648e+03 2.105e+02 2.566e+02
s>        ( - 1.328e+03 2 0)
s>        ( QUESTION2_4_L -1 3.110e+03 1.805e+02 1.813e+02
s>            ( QUESTION16 -1 9.929e+02 9.690e+01 6.823e+01
s>                ( QUESTION2_9_L -1 6.311e+02 6.579e+01 4.703e+01
s>                    ( - 8.203e+01 1 0)
s>                    ( - 4.833e+02 1 0))
s>                ( - 2.648e+02 2 0 QUESTION4 -1 4.934e+01 2.121e+01))
s>            ( QUESTION2_0_L -1 1.936e+03 1.277e+02 1.130e+02
s>                ( QUESTION0 -1 1.135e+03 9.408e+01 7.005e+01
s>                    ( - 7.827e+02 3 0)
s>                    ( - 2.580e+02 2 0))
s>                ( QUESTION2_13_L -1 6.737e+02 7.781e+01 4.299e+01
s>                    ( - 3.285e+02 2 0 WDBNDRY_B 0 5.930e+01 2.199e+01)
s>                    ( - 2.674e+02 2 0 SILENCE -1 5.571e+01 2.100e+01)))))INFO: dtree.c(1439): stop. leaf nodes are specific
INFO: dtree.c(1478): Final simple tree
|( WDBNDRY_B 0 2.023e+03 4.542e+01 1.129e+02
|    ( - 2.157e+01 1 0)
|    ( - 1.956e+03 1 0))
s>    ( WDBNDRY_B 0 2.023e+03 4.542e+01 1.129e+02
s>        ( - 2.157e+01 1 0)
s>        ( - 1.956e+03 1 0))INFO: dtree.c(1315): Comp split 2
INFO: dtree.c(1439): stop. leaf nodes are specific
INFO: dtree.c(1478): Final simple tree
|( QUESTION0 -1 1.968e+03 1.569e+02 1.133e+02
|    ( - 1.328e+03 2 0)
|    ( - 4.833e+02 1 0))
s>    ( QUESTION0 -1 1.968e+03 1.569e+02 1.133e+02
s>        ( - 1.328e+03 2 0)
s>        ( - 4.833e+02 1 0))INFO: dtree.c(1478): Final simple tree
|( QUESTION0 -1 2.465e+03 1.370e+02 1.433e+02
|    ( QUESTION2_0_L -1 1.334e+03 1.106e+02 7.777e+01
|        ( - 7.827e+02 3 0)
|        ( WDBNDRY_B 0 4.409e+02 6.857e+01 2.799e+01
|            ( QUESTION2_12_L -1 3.389e+02 5.161e+01 2.199e+01
|                ( - 5.153e+01 1 0)
|                ( - 2.357e+02 1 0))
|            ( - 3.343e+01 1 0)))
|    ( QUESTION2_2_L -1 9.939e+02 1.127e+02 6.548e+01
|        ( QUESTION6 -1 4.025e+02 6.428e+01 3.021e+01
|            ( - 1.182e+02 1 0)
|            ( - 2.200e+02 2 0 QUESTION4 -1 4.066e+01 1.918e+01))
|        ( SILENCE -1 4.788e+02 6.057e+01 3.527e+01
|            ( - 1.602e+02 1 0)
|            ( - 2.580e+02 2 0))))
s>    ( QUESTION0 -1 2.465e+03 1.370e+02 1.433e+02
s>        ( QUESTION2_0_L -1 1.334e+03 1.106e+02 7.777e+01
s>            ( - 7.827e+02 3 0)
s>            ( WDBNDRY_B 0 4.409e+02 6.857e+01 2.799e+01
s>                ( QUESTION2_12_L -1 3.389e+02 5.161e+01 2.199e+01
s>                    ( - 5.153e+01 1 0)
s>                    ( - 2.357e+02 1 0))
s>                ( - 3.343e+01 1 0)))
s>        ( QUESTION2_2_L -1 9.939e+02 1.127e+02 6.548e+01
s>            ( QUESTION6 -1 4.025e+02 6.428e+01 3.021e+01
s>                ( - 1.182e+02 1 0)
s>                ( - 2.200e+02 2 0 QUESTION4 -1 4.066e+01 1.918e+01))
s>            ( SILENCE -1 4.788e+02 6.057e+01 3.527e+01
s>                ( - 1.602e+02 1 0)
s>                ( - 2.580e+02 2 0))))INFO: dtree.c(1315): Comp split 3
INFO: dtree.c(1439): stop. leaf nodes are specific
INFO: dtree.c(1478): Final simple tree
|( QUESTION2_3_L -1 1.225e+03 1.121e+02 7.496e+01
|    ( - 7.827e+02 3 0)
|    ( QUESTION0 -1 3.298e+02 5.830e+01 2.518e+01
|        ( - 5.153e+01 1 0)
|        ( QUESTION4 -1 2.200e+02 4.066e+01 1.918e+01
|            ( - 9.728e+01 1 0)
|            ( - 8.203e+01 1 0))))
s>    ( QUESTION2_3_L -1 1.225e+03 1.121e+02 7.496e+01
s>        ( - 7.827e+02 3 0)
s>        ( QUESTION0 -1 3.298e+02 5.830e+01 2.518e+01
s>            ( - 5.153e+01 1 0)
s>            ( QUESTION4 -1 2.200e+02 4.066e+01 1.918e+01
s>                ( - 9.728e+01 1 0)
s>                ( - 8.203e+01 1 0))))INFO: dtree.c(1439): stop. leaf nodes are specific
INFO: dtree.c(1478): Final simple tree
|( QUESTION0 -1 1.082e+03 9.502e+01 6.829e+01
|    ( WDBNDRY_B 0 3.285e+02 5.930e+01 2.199e+01
|        ( - 2.357e+02 1 0)
|        ( - 3.343e+01 1 0))
|    ( QUESTION4 -1 6.585e+02 6.804e+01 4.630e+01
|        ( - 2.580e+02 2 0)
|        ( SILENCE -1 3.325e+02 5.403e+01 2.602e+01
|            ( - 1.602e+02 1 0)
|            ( - 1.182e+02 1 0))))
s>    ( QUESTION0 -1 1.082e+03 9.502e+01 6.829e+01
s>        ( WDBNDRY_B 0 3.285e+02 5.930e+01 2.199e+01
s>            ( - 2.357e+02 1 0)
s>            ( - 3.343e+01 1 0))
s>        ( QUESTION4 -1 6.585e+02 6.804e+01 4.630e+01
s>            ( - 2.580e+02 2 0)
s>            ( SILENCE -1 3.325e+02 5.403e+01 2.602e+01
s>                ( - 1.602e+02 1 0)
s>                ( - 1.182e+02 1 0))))INFO: dtree.c(1315): Comp split 4
INFO: dtree.c(1315): Comp split 5
INFO: dtree.c(1439): stop. leaf nodes are specific
INFO: dtree.c(1478): Final simple tree
|( QUESTION0 -1 3.298e+02 5.830e+01 2.518e+01
|    ( - 5.153e+01 1 0)
|    ( QUESTION4 -1 2.200e+02 4.066e+01 1.918e+01
|        ( - 9.728e+01 1 0)
|        ( - 8.203e+01 1 0)))
s>    ( QUESTION0 -1 3.298e+02 5.830e+01 2.518e+01
s>        ( - 5.153e+01 1 0)
s>        ( QUESTION4 -1 2.200e+02 4.066e+01 1.918e+01
s>            ( - 9.728e+01 1 0)
s>            ( - 8.203e+01 1 0)))INFO: dtree.c(1315): Comp split 6
INFO: dtree.c(1439): stop. leaf nodes are specific
INFO: dtree.c(1478): Final simple tree
|( WDBNDRY_B 0 5.035e+02 6.614e+01 3.302e+01
|    ( QUESTION0 -1 4.040e+02 5.000e+01 2.702e+01
|        ( - 2.357e+02 1 0)
|        ( - 1.182e+02 1 0))
|    ( - 3.343e+01 1 0))
s>    ( WDBNDRY_B 0 5.035e+02 6.614e+01 3.302e+01
s>        ( QUESTION0 -1 4.040e+02 5.000e+01 2.702e+01
s>            ( - 2.357e+02 1 0)
s>            ( - 1.182e+02 1 0))
s>        ( - 3.343e+01 1 0))INFO: dtree.c(1439): stop. leaf nodes are specific
INFO: dtree.c(1478): Final simple tree
|( SILENCE -1 4.788e+02 6.057e+01 3.527e+01
|    ( - 1.602e+02 1 0)
|    ( - 2.580e+02 2 0))
s>    ( SILENCE -1 4.788e+02 6.057e+01 3.527e+01
s>        ( - 1.602e+02 1 0)
s>        ( - 2.580e+02 2 0))INFO: dtree.c(1315): Comp split 7
INFO: dtree.c(1439): stop. leaf nodes are specific
INFO: dtree.c(1478): Final simple tree
|( WDBNDRY_B 0 1.999e+02 4.822e+01 1.702e+01
|    ( - 1.182e+02 1 0)
|    ( - 3.343e+01 1 0))
s>    ( WDBNDRY_B 0 1.999e+02 4.822e+01 1.702e+01
s>        ( - 1.182e+02 1 0)
s>        ( - 3.343e+01 1 0))INFO: dtree.c(1315): Comp split 8
INFO: dtree.c(1315): Comp split 9
INFO: dtree.c(1439): stop. leaf nodes are specific
INFO: dtree.c(1478): Final simple tree
|( QUESTION4 -1 2.200e+02 4.066e+01 1.918e+01
|    ( - 9.728e+01 1 0)
|    ( - 8.203e+01 1 0))
s>    ( QUESTION4 -1 2.200e+02 4.066e+01 1.918e+01
s>        ( - 9.728e+01 1 0)
s>        ( - 8.203e+01 1 0))INFO: dtree.c(1315): Comp split 10
INFO: dtree.c(1315): Comp split 11
INFO: dtree.c(1315): Comp split 12
INFO: dtree.c(1315): Comp split 13
INFO: dtree.c(1318): stop. leaf nodes are specific
Mon May 23 22:39:54 2022
