Current configuration:
[NAME]		[DEFLT]	[VALUE]
-allphones	no	no
-cntthresh	0.00001	1.000000e-05
-csplitmax	100	2000
-csplitmin	1	1
-csplitthr	8e-4	0.000000e+00
-example	no	no
-fullvar	no	no
-help		no	no
-meanfn			
-mixwfn			/home/rakha/Kuliah/Semester8/nlp/speech-sphinx/train-new-model/an4-master/model_parameters/an4.cd_ptm_untied/mixture_weights
-moddeffn		/home/rakha/Kuliah/Semester8/nlp/speech-sphinx/train-new-model/an4-master/model_architecture/an4.untied.mdef
-mwfloor	1e-4	1.000000e-08
-phone			AY
-psetfn			/home/rakha/Kuliah/Semester8/nlp/speech-sphinx/train-new-model/an4-master/model_architecture/an4.tree_questions
-ssplitmax	5	7
-ssplitmin	1	1
-ssplitthr	8e-4	0.000000e+00
-state			0
-stwt			1.0,0.05,0.0,
-treefn			/home/rakha/Kuliah/Semester8/nlp/speech-sphinx/train-new-model/an4-master/trees/an4.unpruned/AY-0.dtree
-ts2cbfn	.semi.	.semi.
-varfloor	0.00001	1.000000e-05
-varfn			

INFO: main.c(223): Reading: /home/rakha/Kuliah/Semester8/nlp/speech-sphinx/train-new-model/an4-master/model_architecture/an4.untied.mdef
INFO: model_def_io.c(573): Model definition info:
INFO: model_def_io.c(574): 1618 total models defined (34 base, 1584 tri)
INFO: model_def_io.c(575): 6472 total states
INFO: model_def_io.c(576): 4854 total tied states
INFO: model_def_io.c(577): 102 total tied CI states
INFO: model_def_io.c(578): 34 total tied transition matrices
INFO: model_def_io.c(579): 4 max state/model
INFO: model_def_io.c(580): 4 min state/model
INFO: main.c(242): Building trees for [AY AH EH s] through [AY W Z e]
INFO: main.c(269): Covering states |[480 734]| == 255
INFO: main.c(275): Reading: /home/rakha/Kuliah/Semester8/nlp/speech-sphinx/train-new-model/an4-master/model_parameters/an4.cd_ptm_untied/mixture_weights
INFO: s3mixw_io.c(173): Read /home/rakha/Kuliah/Semester8/nlp/speech-sphinx/train-new-model/an4-master/model_parameters/an4.cd_ptm_untied/mixture_weights [255x4x64 array]
INFO: main.c(311): 85 of 85 models have observation count greater than 0.000010
INFO: main.c(95): nrm stwt: 0.952 0.048 0.000 
INFO: main.c(411): 85-class entropy: 5.649400e+04
INFO: main.c(549): Reading: /home/rakha/Kuliah/Semester8/nlp/speech-sphinx/train-new-model/an4-master/model_architecture/an4.tree_questions
INFO: main.c(588): 180 total simple questions (172 phone; 8 word bndry)
INFO: main.c(590): 42 Left Only questions, and 42 Right Only questions
INFO: dtree.c(1478): Final simple tree
|( QUESTION2_2_L -1 7.391e+04 3.097e+03 3.485e+03
|    ( WDBNDRY_I 0 4.242e+04 1.867e+03 1.968e+03
|        ( - 1.126e+04 1 0)
|        ( QUESTION1 -1 2.929e+04 9.105e+02 1.377e+03
|            ( QUESTION0_14_R 1 1.732e+04 5.805e+02 8.365e+02
|                ( - 4.177e+03 2 0)
|                ( - 1.257e+04 12 0 QUESTION0_9_R 1 3.079e+02 6.157e+02))
|            ( QUESTION16 -1 1.106e+04 4.120e+02 5.407e+02
|                ( - 3.393e+03 11 0 QUESTION0_8_R 1 2.826e+02 1.789e+02)
|                ( - 7.253e+03 21 0 QUESTION0 -1 3.392e+02 3.618e+02))))
|    ( WDBNDRY_S 0 2.839e+04 1.172e+03 1.517e+03
|        ( - 3.495e+03 17 0 QUESTION16 1 2.803e+02 1.811e+02)
|        ( WDBNDRY_E 0 2.372e+04 8.625e+02 1.336e+03
|            ( - 4.528e+03 20 0 SILENCE 1 2.727e+02 2.708e+02)
|            ( - 1.833e+04 1 0))))
s>    ( QUESTION2_2_L -1 7.391e+04 3.097e+03 3.485e+03
s>        ( WDBNDRY_I 0 4.242e+04 1.867e+03 1.968e+03
s>            ( - 1.126e+04 1 0)
s>            ( QUESTION1 -1 2.929e+04 9.105e+02 1.377e+03
s>                ( QUESTION0_14_R 1 1.732e+04 5.805e+02 8.365e+02
s>                    ( - 4.177e+03 2 0)
s>                    ( - 1.257e+04 12 0 QUESTION0_9_R 1 3.079e+02 6.157e+02))
s>                ( QUESTION16 -1 1.106e+04 4.120e+02 5.407e+02
s>                    ( - 3.393e+03 11 0 QUESTION0_8_R 1 2.826e+02 1.789e+02)
s>                    ( - 7.253e+03 21 0 QUESTION0 -1 3.392e+02 3.618e+02))))
s>        ( WDBNDRY_S 0 2.839e+04 1.172e+03 1.517e+03
s>            ( - 3.495e+03 17 0 QUESTION16 1 2.803e+02 1.811e+02)
s>            ( WDBNDRY_E 0 2.372e+04 8.625e+02 1.336e+03
s>                ( - 4.528e+03 20 0 SILENCE 1 2.727e+02 2.708e+02)
s>                ( - 1.833e+04 1 0))))INFO: dtree.c(1315): Comp split 0
INFO: dtree.c(1478): Final simple tree
|( WDBNDRY_E 0 2.372e+04 8.625e+02 1.336e+03
|    ( SILENCE 1 4.528e+03 2.727e+02 2.708e+02
|        ( - 1.649e+03 1 0)
|        ( QUESTION7 1 2.607e+03 1.541e+02 1.661e+02
|            ( QUESTION0_18_R 1 6.979e+02 1.267e+02 4.815e+01
|                ( - 2.030e+02 1 0)
|                ( QUESTION8 1 3.683e+02 8.889e+01 2.900e+01
|                    ( - 1.734e+02 2 0 QUESTION0_10_R 1 5.718e+01 1.700e+01)
|                    ( - 1.060e+02 1 0)))
|            ( QUESTION0_14_R 1 1.755e+03 1.252e+02 1.179e+02
|                ( - 6.855e+02 2 0 QUESTION6 1 5.621e+01 5.141e+01)
|                ( QUESTION1 1 9.439e+02 1.132e+02 6.650e+01
|                    ( - 3.298e+02 3 0 QUESTION0_0_R 1 4.913e+01 2.731e+01)
|                    ( - 5.009e+02 10 0 QUESTION0_9_R 1 7.421e+01 3.919e+01)))))
|    ( - 1.833e+04 1 0))
s>    ( WDBNDRY_E 0 2.372e+04 8.625e+02 1.336e+03
s>        ( SILENCE 1 4.528e+03 2.727e+02 2.708e+02
s>            ( - 1.649e+03 1 0)
s>            ( QUESTION7 1 2.607e+03 1.541e+02 1.661e+02
s>                ( QUESTION0_18_R 1 6.979e+02 1.267e+02 4.815e+01
s>                    ( - 2.030e+02 1 0)
s>                    ( QUESTION8 1 3.683e+02 8.889e+01 2.900e+01
s>                        ( - 1.734e+02 2 0 QUESTION0_10_R 1 5.718e+01 1.700e+01)
s>                        ( - 1.060e+02 1 0)))
s>                ( QUESTION0_14_R 1 1.755e+03 1.252e+02 1.179e+02
s>                    ( - 6.855e+02 2 0 QUESTION6 1 5.621e+01 5.141e+01)
s>                    ( QUESTION1 1 9.439e+02 1.132e+02 6.650e+01
s>                        ( - 3.298e+02 3 0 QUESTION0_0_R 1 4.913e+01 2.731e+01)
s>                        ( - 5.009e+02 10 0 QUESTION0_9_R 1 7.421e+01 3.919e+01)))))
s>        ( - 1.833e+04 1 0))INFO: dtree.c(1478): Final simple tree
|( WDBNDRY_I 0 4.636e+04 1.948e+03 2.149e+03
|    ( - 1.126e+04 1 0)
|    ( QUESTION1 -1 3.315e+04 9.046e+02 1.558e+03
|        ( QUESTION0_14_R 1 1.732e+04 5.805e+02 8.365e+02
|            ( - 4.177e+03 2 0)
|            ( QUESTION0_9_R 1 1.257e+04 3.079e+02 6.157e+02
|                ( - 9.716e+03 6 0 QUESTION0_10_R 1 2.592e+02 4.826e+02)
|                ( - 2.543e+03 6 0 QUESTION0_0_R 1 2.624e+02 1.331e+02)))
|        ( QUESTION16 -1 1.492e+04 4.617e+02 7.218e+02
|            ( - 3.393e+03 11 0 QUESTION0_8_R 1 2.826e+02 1.789e+02)
|            ( QUESTION2_3_L -1 1.107e+04 3.815e+02 5.429e+02
|                ( - 3.611e+03 11 0 QUESTION16 1 2.721e+02 1.893e+02)
|                ( QUESTION2_5_L -1 7.078e+03 3.098e+02 3.536e+02
|                    ( - 2.354e+03 5 0 SILENCE 1 2.216e+02 1.275e+02)
|                    ( - 4.414e+03 22 0 QUESTION16 1 3.038e+02 2.261e+02))))))
s>    ( WDBNDRY_I 0 4.636e+04 1.948e+03 2.149e+03
s>        ( - 1.126e+04 1 0)
s>        ( QUESTION1 -1 3.315e+04 9.046e+02 1.558e+03
s>            ( QUESTION0_14_R 1 1.732e+04 5.805e+02 8.365e+02
s>                ( - 4.177e+03 2 0)
s>                ( QUESTION0_9_R 1 1.257e+04 3.079e+02 6.157e+02
s>                    ( - 9.716e+03 6 0 QUESTION0_10_R 1 2.592e+02 4.826e+02)
s>                    ( - 2.543e+03 6 0 QUESTION0_0_R 1 2.624e+02 1.331e+02)))
s>            ( QUESTION16 -1 1.492e+04 4.617e+02 7.218e+02
s>                ( - 3.393e+03 11 0 QUESTION0_8_R 1 2.826e+02 1.789e+02)
s>                ( QUESTION2_3_L -1 1.107e+04 3.815e+02 5.429e+02
s>                    ( - 3.611e+03 11 0 QUESTION16 1 2.721e+02 1.893e+02)
s>                    ( QUESTION2_5_L -1 7.078e+03 3.098e+02 3.536e+02
s>                        ( - 2.354e+03 5 0 SILENCE 1 2.216e+02 1.275e+02)
s>                        ( - 4.414e+03 22 0 QUESTION16 1 3.038e+02 2.261e+02))))))INFO: dtree.c(1315): Comp split 1
INFO: dtree.c(1478): Final simple tree
|( QUESTION1 -1 3.315e+04 9.046e+02 1.558e+03
|    ( QUESTION0_14_R 1 1.732e+04 5.805e+02 8.365e+02
|        ( - 4.177e+03 2 0)
|        ( QUESTION0_9_R 1 1.257e+04 3.079e+02 6.157e+02
|            ( - 9.716e+03 6 0 QUESTION0_10_R 1 2.592e+02 4.826e+02)
|            ( - 2.543e+03 6 0 QUESTION0_0_R 1 2.624e+02 1.331e+02)))
|    ( QUESTION16 -1 1.492e+04 4.617e+02 7.218e+02
|        ( - 3.393e+03 11 0 QUESTION0_8_R 1 2.826e+02 1.789e+02)
|        ( QUESTION2_3_L -1 1.107e+04 3.815e+02 5.429e+02
|            ( - 3.611e+03 11 0 QUESTION16 1 2.721e+02 1.893e+02)
|            ( QUESTION2_5_L -1 7.078e+03 3.098e+02 3.536e+02
|                ( - 2.354e+03 5 0 SILENCE 1 2.216e+02 1.275e+02)
|                ( QUESTION16 1 4.414e+03 3.038e+02 2.261e+02
|                    ( - 1.134e+03 5 0 QUESTION4 -1 1.314e+02 6.713e+01)
|                    ( - 2.977e+03 17 0 QUESTION0 -1 2.034e+02 1.590e+02))))))
s>    ( QUESTION1 -1 3.315e+04 9.046e+02 1.558e+03
s>        ( QUESTION0_14_R 1 1.732e+04 5.805e+02 8.365e+02
s>            ( - 4.177e+03 2 0)
s>            ( QUESTION0_9_R 1 1.257e+04 3.079e+02 6.157e+02
s>                ( - 9.716e+03 6 0 QUESTION0_10_R 1 2.592e+02 4.826e+02)
s>                ( - 2.543e+03 6 0 QUESTION0_0_R 1 2.624e+02 1.331e+02)))
s>        ( QUESTION16 -1 1.492e+04 4.617e+02 7.218e+02
s>            ( - 3.393e+03 11 0 QUESTION0_8_R 1 2.826e+02 1.789e+02)
s>            ( QUESTION2_3_L -1 1.107e+04 3.815e+02 5.429e+02
s>                ( - 3.611e+03 11 0 QUESTION16 1 2.721e+02 1.893e+02)
s>                ( QUESTION2_5_L -1 7.078e+03 3.098e+02 3.536e+02
s>                    ( - 2.354e+03 5 0 SILENCE 1 2.216e+02 1.275e+02)
s>                    ( QUESTION16 1 4.414e+03 3.038e+02 2.261e+02
s>                        ( - 1.134e+03 5 0 QUESTION4 -1 1.314e+02 6.713e+01)
s>                        ( - 2.977e+03 17 0 QUESTION0 -1 2.034e+02 1.590e+02))))))INFO: dtree.c(1315): Comp split 2
INFO: dtree.c(1478): Final simple tree
|( QUESTION1 -1 1.595e+04 4.059e+02 7.747e+02
|    ( QUESTION0_9_R 1 1.257e+04 3.079e+02 6.157e+02
|        ( QUESTION0_10_R 1 9.716e+03 2.592e+02 4.826e+02
|            ( QUESTION0_11_R 1 8.332e+03 1.487e+02 4.138e+02
|                ( - 2.853e+02 1 0)
|                ( - 7.898e+03 1 0))
|            ( - 1.125e+03 4 0 QUESTION0_18_R 1 1.214e+02 6.878e+01))
|        ( QUESTION0_0_R 1 2.543e+03 2.624e+02 1.331e+02
|            ( - 1.326e+03 2 0 QUESTION0_1_R 1 7.542e+01 7.600e+01)
|            ( - 9.546e+02 4 0 QUESTION3 1 1.353e+02 5.707e+01)))
|    ( QUESTION0 -1 2.977e+03 2.034e+02 1.590e+02
|        ( - 4.534e+02 2 0 QUESTION0_10_R 1 9.439e+01 3.100e+01)
|        ( QUESTION0_10_R 1 2.320e+03 1.864e+02 1.280e+02
|            ( - 7.979e+02 6 0 QUESTION8 1 1.145e+02 5.000e+01)
|            ( - 1.336e+03 9 0 QUESTION4 1 1.355e+02 7.800e+01))))
s>    ( QUESTION1 -1 1.595e+04 4.059e+02 7.747e+02
s>        ( QUESTION0_9_R 1 1.257e+04 3.079e+02 6.157e+02
s>            ( QUESTION0_10_R 1 9.716e+03 2.592e+02 4.826e+02
s>                ( QUESTION0_11_R 1 8.332e+03 1.487e+02 4.138e+02
s>                    ( - 2.853e+02 1 0)
s>                    ( - 7.898e+03 1 0))
s>                ( - 1.125e+03 4 0 QUESTION0_18_R 1 1.214e+02 6.878e+01))
s>            ( QUESTION0_0_R 1 2.543e+03 2.624e+02 1.331e+02
s>                ( - 1.326e+03 2 0 QUESTION0_1_R 1 7.542e+01 7.600e+01)
s>                ( - 9.546e+02 4 0 QUESTION3 1 1.353e+02 5.707e+01)))
s>        ( QUESTION0 -1 2.977e+03 2.034e+02 1.590e+02
s>            ( - 4.534e+02 2 0 QUESTION0_10_R 1 9.439e+01 3.100e+01)
s>            ( QUESTION0_10_R 1 2.320e+03 1.864e+02 1.280e+02
s>                ( - 7.979e+02 6 0 QUESTION8 1 1.145e+02 5.000e+01)
s>                ( - 1.336e+03 9 0 QUESTION4 1 1.355e+02 7.800e+01))))INFO: dtree.c(1478): Final simple tree
|( QUESTION1 -1 1.622e+04 5.085e+02 7.837e+02
|    ( - 4.177e+03 2 0)
|    ( QUESTION16 -1 1.153e+04 4.188e+02 5.628e+02
|        ( QUESTION0_8_R 1 3.393e+03 2.826e+02 1.789e+02
|            ( - 1.269e+03 3 0 QUESTION2_9_L -1 1.246e+02 8.068e+01)
|            ( - 1.841e+03 8 0 QUESTION0_14_R 1 2.123e+02 9.822e+01))
|        ( QUESTION2_3_L -1 7.720e+03 3.623e+02 3.839e+02
|            ( QUESTION16 1 3.611e+03 2.721e+02 1.893e+02
|                ( - 2.127e+03 2 0)
|                ( - 1.212e+03 9 0 QUESTION10 1 1.652e+02 7.214e+01))
|            ( QUESTION2_5_L -1 3.747e+03 2.599e+02 1.946e+02
|                ( SILENCE 1 2.354e+03 2.216e+02 1.275e+02
|                    ( - 4.083e+02 1 0)
|                    ( - 1.724e+03 4 0 QUESTION4 1 1.745e+02 9.547e+01))
|                ( - 1.134e+03 5 0 QUESTION4 -1 1.314e+02 6.713e+01)))))
s>    ( QUESTION1 -1 1.622e+04 5.085e+02 7.837e+02
s>        ( - 4.177e+03 2 0)
s>        ( QUESTION16 -1 1.153e+04 4.188e+02 5.628e+02
s>            ( QUESTION0_8_R 1 3.393e+03 2.826e+02 1.789e+02
s>                ( - 1.269e+03 3 0 QUESTION2_9_L -1 1.246e+02 8.068e+01)
s>                ( - 1.841e+03 8 0 QUESTION0_14_R 1 2.123e+02 9.822e+01))
s>            ( QUESTION2_3_L -1 7.720e+03 3.623e+02 3.839e+02
s>                ( QUESTION16 1 3.611e+03 2.721e+02 1.893e+02
s>                    ( - 2.127e+03 2 0)
s>                    ( - 1.212e+03 9 0 QUESTION10 1 1.652e+02 7.214e+01))
s>                ( QUESTION2_5_L -1 3.747e+03 2.599e+02 1.946e+02
s>                    ( SILENCE 1 2.354e+03 2.216e+02 1.275e+02
s>                        ( - 4.083e+02 1 0)
s>                        ( - 1.724e+03 4 0 QUESTION4 1 1.745e+02 9.547e+01))
s>                    ( - 1.134e+03 5 0 QUESTION4 -1 1.314e+02 6.713e+01)))))INFO: dtree.c(1315): Comp split 3
INFO: dtree.c(1478): Final simple tree
|( SILENCE 1 4.528e+03 2.727e+02 2.708e+02
|    ( - 1.649e+03 1 0)
|    ( QUESTION7 1 2.607e+03 1.541e+02 1.661e+02
|        ( QUESTION0_18_R 1 6.979e+02 1.267e+02 4.815e+01
|            ( - 2.030e+02 1 0)
|            ( QUESTION8 1 3.683e+02 8.889e+01 2.900e+01
|                ( - 1.734e+02 2 0 QUESTION0_10_R 1 5.718e+01 1.700e+01)
|                ( - 1.060e+02 1 0)))
|        ( QUESTION0_14_R 1 1.755e+03 1.252e+02 1.179e+02
|            ( - 6.855e+02 2 0 QUESTION6 1 5.621e+01 5.141e+01)
|            ( QUESTION1 1 9.439e+02 1.132e+02 6.650e+01
|                ( - 3.298e+02 3 0 QUESTION0_0_R 1 4.913e+01 2.731e+01)
|                ( QUESTION0_9_R 1 5.009e+02 7.421e+01 3.919e+01
|                    ( - 2.141e+02 4 0 QUESTION0_19_R 1 4.841e+01 1.913e+01)
|                    ( - 2.126e+02 6 0 QUESTION4 1 4.962e+01 2.006e+01))))))
s>    ( SILENCE 1 4.528e+03 2.727e+02 2.708e+02
s>        ( - 1.649e+03 1 0)
s>        ( QUESTION7 1 2.607e+03 1.541e+02 1.661e+02
s>            ( QUESTION0_18_R 1 6.979e+02 1.267e+02 4.815e+01
s>                ( - 2.030e+02 1 0)
s>                ( QUESTION8 1 3.683e+02 8.889e+01 2.900e+01
s>                    ( - 1.734e+02 2 0 QUESTION0_10_R 1 5.718e+01 1.700e+01)
s>                    ( - 1.060e+02 1 0)))
s>            ( QUESTION0_14_R 1 1.755e+03 1.252e+02 1.179e+02
s>                ( - 6.855e+02 2 0 QUESTION6 1 5.621e+01 5.141e+01)
s>                ( QUESTION1 1 9.439e+02 1.132e+02 6.650e+01
s>                    ( - 3.298e+02 3 0 QUESTION0_0_R 1 4.913e+01 2.731e+01)
s>                    ( QUESTION0_9_R 1 5.009e+02 7.421e+01 3.919e+01
s>                        ( - 2.141e+02 4 0 QUESTION0_19_R 1 4.841e+01 1.913e+01)
s>                        ( - 2.126e+02 6 0 QUESTION4 1 4.962e+01 2.006e+01))))))INFO: dtree.c(1315): Comp split 4
INFO: dtree.c(1478): Final simple tree
|( QUESTION0_8_R 1 5.516e+03 3.399e+02 2.830e+02
|    ( QUESTION0 -1 1.707e+03 1.432e+02 1.055e+02
|        ( - 2.943e+02 2 0 QUESTION0 1 6.196e+01 2.482e+01)
|        ( - 1.269e+03 3 0 QUESTION2_9_L -1 1.246e+02 8.068e+01))
|    ( QUESTION5 -1 3.470e+03 2.797e+02 1.775e+02
|        ( QUESTION0_14_R 1 1.841e+03 2.123e+02 9.822e+01
|            ( - 5.960e+02 1 0)
|            ( QUESTION2_9_L -1 1.032e+03 1.560e+02 6.041e+01
|                ( - 3.296e+02 3 0 QUESTION0_19_R 1 8.326e+01 2.592e+01)
|                ( - 5.468e+02 4 0 QUESTION0_0_R 1 6.774e+01 3.449e+01)))
|        ( SILENCE 1 1.349e+03 1.883e+02 7.933e+01
|            ( - 4.083e+02 1 0)
|            ( QUESTION0_10_R 1 7.526e+02 1.355e+02 4.733e+01
|                ( - 1.835e+02 2 0 WDBNDRY_E 0 5.514e+01 1.633e+01)
|                ( - 4.336e+02 5 0 QUESTION0_1_R 1 7.144e+01 3.100e+01)))))
s>    ( QUESTION0_8_R 1 5.516e+03 3.399e+02 2.830e+02
s>        ( QUESTION0 -1 1.707e+03 1.432e+02 1.055e+02
s>            ( - 2.943e+02 2 0 QUESTION0 1 6.196e+01 2.482e+01)
s>            ( - 1.269e+03 3 0 QUESTION2_9_L -1 1.246e+02 8.068e+01))
s>        ( QUESTION5 -1 3.470e+03 2.797e+02 1.775e+02
s>            ( QUESTION0_14_R 1 1.841e+03 2.123e+02 9.822e+01
s>                ( - 5.960e+02 1 0)
s>                ( QUESTION2_9_L -1 1.032e+03 1.560e+02 6.041e+01
s>                    ( - 3.296e+02 3 0 QUESTION0_19_R 1 8.326e+01 2.592e+01)
s>                    ( - 5.468e+02 4 0 QUESTION0_0_R 1 6.774e+01 3.449e+01)))
s>            ( SILENCE 1 1.349e+03 1.883e+02 7.933e+01
s>                ( - 4.083e+02 1 0)
s>                ( QUESTION0_10_R 1 7.526e+02 1.355e+02 4.733e+01
s>                    ( - 1.835e+02 2 0 WDBNDRY_E 0 5.514e+01 1.633e+01)
s>                    ( - 4.336e+02 5 0 QUESTION0_1_R 1 7.144e+01 3.100e+01)))))INFO: dtree.c(1478): Final simple tree
|( QUESTION2_3_L -1 1.015e+04 4.268e+02 5.006e+02
|    ( QUESTION1 -1 6.637e+03 3.329e+02 3.380e+02
|        ( - 4.177e+03 2 0)
|        ( - 2.127e+03 2 0))
|    ( QUESTION2_5_L -1 3.088e+03 2.303e+02 1.626e+02
|        ( QUESTION4 1 1.724e+03 1.745e+02 9.547e+01
|            ( - 3.986e+02 1 0)
|            ( QUESTION0_8_R 1 1.151e+03 1.319e+02 6.751e+01
|                ( - 2.110e+02 1 0)
|                ( - 8.078e+02 2 0 QUESTION0_0_R 1 8.996e+01 4.951e+01)))
|        ( QUESTION4 -1 1.134e+03 1.314e+02 6.713e+01
|            ( - 4.741e+02 2 0)
|            ( QUESTION0 -1 5.281e+02 1.001e+02 3.600e+01
|                ( - 1.404e+02 1 0)
|                ( - 2.877e+02 2 0 SILENCE -1 5.374e+01 2.300e+01)))))
s>    ( QUESTION2_3_L -1 1.015e+04 4.268e+02 5.006e+02
s>        ( QUESTION1 -1 6.637e+03 3.329e+02 3.380e+02
s>            ( - 4.177e+03 2 0)
s>            ( - 2.127e+03 2 0))
s>        ( QUESTION2_5_L -1 3.088e+03 2.303e+02 1.626e+02
s>            ( QUESTION4 1 1.724e+03 1.745e+02 9.547e+01
s>                ( - 3.986e+02 1 0)
s>                ( QUESTION0_8_R 1 1.151e+03 1.319e+02 6.751e+01
s>                    ( - 2.110e+02 1 0)
s>                    ( - 8.078e+02 2 0 QUESTION0_0_R 1 8.996e+01 4.951e+01)))
s>            ( QUESTION4 -1 1.134e+03 1.314e+02 6.713e+01
s>                ( - 4.741e+02 2 0)
s>                ( QUESTION0 -1 5.281e+02 1.001e+02 3.600e+01
s>                    ( - 1.404e+02 1 0)
s>                    ( - 2.877e+02 2 0 SILENCE -1 5.374e+01 2.300e+01)))))INFO: dtree.c(1315): Comp split 5
INFO: dtree.c(1478): Final simple tree
|( QUESTION2_2_L -1 3.516e+03 2.542e+02 1.851e+02
|    ( QUESTION0_8_R 1 1.540e+03 1.845e+02 8.607e+01
|        ( QUESTION1 1 7.522e+02 1.250e+02 4.607e+01
|            ( - 2.107e+02 1 0)
|            ( - 4.165e+02 3 0 QUESTION0 1 7.629e+01 2.807e+01))
|        ( SILENCE 1 6.036e+02 1.004e+02 4.000e+01
|            ( - 3.242e+02 2 0 QUESTION0 -1 7.511e+01 2.500e+01)
|            ( - 1.789e+02 2 0 QUESTION0_11_R 1 5.459e+01 1.500e+01)))
|    ( QUESTION0_15_R 1 1.721e+03 1.626e+02 9.900e+01
|        ( - 2.806e+02 2 0 SILENCE -1 6.356e+01 2.200e+01)
|        ( QUESTION4 -1 1.278e+03 1.352e+02 7.700e+01
|            ( QUESTION7 1 6.481e+02 9.494e+01 4.200e+01
|                ( - 1.545e+02 1 0)
|                ( - 3.987e+02 4 0 QUESTION0_8_R 1 8.847e+01 2.800e+01))
|            ( - 4.950e+02 4 0 QUESTION0_10_R 1 7.169e+01 3.500e+01))))
s>    ( QUESTION2_2_L -1 3.516e+03 2.542e+02 1.851e+02
s>        ( QUESTION0_8_R 1 1.540e+03 1.845e+02 8.607e+01
s>            ( QUESTION1 1 7.522e+02 1.250e+02 4.607e+01
s>                ( - 2.107e+02 1 0)
s>                ( - 4.165e+02 3 0 QUESTION0 1 7.629e+01 2.807e+01))
s>            ( SILENCE 1 6.036e+02 1.004e+02 4.000e+01
s>                ( - 3.242e+02 2 0 QUESTION0 -1 7.511e+01 2.500e+01)
s>                ( - 1.789e+02 2 0 QUESTION0_11_R 1 5.459e+01 1.500e+01)))
s>        ( QUESTION0_15_R 1 1.721e+03 1.626e+02 9.900e+01
s>            ( - 2.806e+02 2 0 SILENCE -1 6.356e+01 2.200e+01)
s>            ( QUESTION4 -1 1.278e+03 1.352e+02 7.700e+01
s>                ( QUESTION7 1 6.481e+02 9.494e+01 4.200e+01
s>                    ( - 1.545e+02 1 0)
s>                    ( - 3.987e+02 4 0 QUESTION0_8_R 1 8.847e+01 2.800e+01))
s>                ( - 4.950e+02 4 0 QUESTION0_10_R 1 7.169e+01 3.500e+01))))INFO: dtree.c(1478): Final simple tree
|( QUESTION0_10_R 1 1.195e+04 3.126e+02 5.896e+02
|    ( QUESTION0_11_R 1 8.706e+03 2.093e+02 4.308e+02
|        ( QUESTION1 -1 5.989e+02 1.245e+02 3.902e+01
|            ( - 2.853e+02 1 0)
|            ( - 1.891e+02 1 0))
|        ( - 7.898e+03 1 0))
|    ( QUESTION0_0_R 1 2.929e+03 2.107e+02 1.588e+02
|        ( - 1.326e+03 2 0 QUESTION0_1_R 1 7.542e+01 7.600e+01)
|        ( QUESTION0_18_R 1 1.392e+03 1.331e+02 8.278e+01
|            ( - 2.798e+02 1 0)
|            ( QUESTION0_17_R 1 9.791e+02 1.185e+02 5.901e+01
|                ( - 4.988e+02 1 0)
|                ( QUESTION1 -1 3.619e+02 7.804e+01 2.600e+01
|                    ( - 1.140e+02 2 0)
|                    ( - 1.698e+02 1 0))))))
s>    ( QUESTION0_10_R 1 1.195e+04 3.126e+02 5.896e+02
s>        ( QUESTION0_11_R 1 8.706e+03 2.093e+02 4.308e+02
s>            ( QUESTION1 -1 5.989e+02 1.245e+02 3.902e+01
s>                ( - 2.853e+02 1 0)
s>                ( - 1.891e+02 1 0))
s>            ( - 7.898e+03 1 0))
s>        ( QUESTION0_0_R 1 2.929e+03 2.107e+02 1.588e+02
s>            ( - 1.326e+03 2 0 QUESTION0_1_R 1 7.542e+01 7.600e+01)
s>            ( QUESTION0_18_R 1 1.392e+03 1.331e+02 8.278e+01
s>                ( - 2.798e+02 1 0)
s>                ( QUESTION0_17_R 1 9.791e+02 1.185e+02 5.901e+01
s>                    ( - 4.988e+02 1 0)
s>                    ( QUESTION1 -1 3.619e+02 7.804e+01 2.600e+01
s>                        ( - 1.140e+02 2 0)
s>                        ( - 1.698e+02 1 0))))))INFO: dtree.c(1315): Comp split 6
INFO: dtree.c(1439): stop. leaf nodes are specific
INFO: dtree.c(1478): Final simple tree
|( QUESTION1 -1 4.449e+03 1.311e+02 2.339e+02
|    ( - 4.177e+03 2 0)
|    ( - 1.404e+02 1 0))
s>    ( QUESTION1 -1 4.449e+03 1.311e+02 2.339e+02
s>        ( - 4.177e+03 2 0)
s>        ( - 1.404e+02 1 0))INFO: dtree.c(1478): Final simple tree
|( QUESTION0 -1 5.263e+03 3.198e+02 2.668e+02
|    ( - 2.127e+03 2 0)
|    ( QUESTION2_5_L -1 2.816e+03 2.243e+02 1.496e+02
|        ( QUESTION4 1 1.724e+03 1.745e+02 9.547e+01
|            ( - 3.986e+02 1 0)
|            ( QUESTION0_8_R 1 1.151e+03 1.319e+02 6.751e+01
|                ( - 2.110e+02 1 0)
|                ( QUESTION0_0_R 1 8.078e+02 8.996e+01 4.951e+01
|                    ( - 1.025e+02 1 0)
|                    ( - 6.153e+02 1 0))))
|        ( QUESTION4 -1 8.682e+02 1.065e+02 5.413e+01
|            ( - 4.741e+02 2 0)
|            ( SILENCE -1 2.877e+02 5.374e+01 2.300e+01
|                ( - 3.951e+01 1 0)
|                ( - 1.944e+02 1 0)))))
s>    ( QUESTION0 -1 5.263e+03 3.198e+02 2.668e+02
s>        ( - 2.127e+03 2 0)
s>        ( QUESTION2_5_L -1 2.816e+03 2.243e+02 1.496e+02
s>            ( QUESTION4 1 1.724e+03 1.745e+02 9.547e+01
s>                ( - 3.986e+02 1 0)
s>                ( QUESTION0_8_R 1 1.151e+03 1.319e+02 6.751e+01
s>                    ( - 2.110e+02 1 0)
s>                    ( QUESTION0_0_R 1 8.078e+02 8.996e+01 4.951e+01
s>                        ( - 1.025e+02 1 0)
s>                        ( - 6.153e+02 1 0))))
s>            ( QUESTION4 -1 8.682e+02 1.065e+02 5.413e+01
s>                ( - 4.741e+02 2 0)
s>                ( SILENCE -1 2.877e+02 5.374e+01 2.300e+01
s>                    ( - 3.951e+01 1 0)
s>                    ( - 1.944e+02 1 0)))))INFO: dtree.c(1315): Comp split 7
INFO: dtree.c(1478): Final simple tree
|( QUESTION0_4_R 1 2.481e+03 2.162e+02 1.292e+02
|    ( - 4.132e+02 1 0)
|    ( QUESTION7 1 1.851e+03 1.917e+02 1.017e+02
|        ( QUESTION8 1 2.589e+02 5.085e+01 2.292e+01
|            ( - 9.101e+01 2 0 QUESTION0_10_R 1 3.028e+01 9.919e+00)
|            ( - 1.171e+02 1 0))
|        ( QUESTION0 -1 1.400e+03 1.617e+02 7.881e+01
|            ( QUESTION0_1_R 1 4.336e+02 7.144e+01 3.100e+01
|                ( - 1.141e+02 1 0)
|                ( QUESTION0_14_R 1 2.480e+02 4.769e+01 1.900e+01
|                    ( - 1.025e+02 2 0)
|                    ( - 9.777e+01 2 0 WDBNDRY_E 0 3.173e+01 9.000e+00)))
|            ( QUESTION0_14_R 1 8.052e+02 9.714e+01 4.781e+01
|                ( - 5.960e+02 1 0)
|                ( - 1.120e+02 3 0 QUESTION0_13_R 1 3.324e+01 1.000e+01)))))
s>    ( QUESTION0_4_R 1 2.481e+03 2.162e+02 1.292e+02
s>        ( - 4.132e+02 1 0)
s>        ( QUESTION7 1 1.851e+03 1.917e+02 1.017e+02
s>            ( QUESTION8 1 2.589e+02 5.085e+01 2.292e+01
s>                ( - 9.101e+01 2 0 QUESTION0_10_R 1 3.028e+01 9.919e+00)
s>                ( - 1.171e+02 1 0))
s>            ( QUESTION0 -1 1.400e+03 1.617e+02 7.881e+01
s>                ( QUESTION0_1_R 1 4.336e+02 7.144e+01 3.100e+01
s>                    ( - 1.141e+02 1 0)
s>                    ( QUESTION0_14_R 1 2.480e+02 4.769e+01 1.900e+01
s>                        ( - 1.025e+02 2 0)
s>                        ( - 9.777e+01 2 0 WDBNDRY_E 0 3.173e+01 9.000e+00)))
s>                ( QUESTION0_14_R 1 8.052e+02 9.714e+01 4.781e+01
s>                    ( - 5.960e+02 1 0)
s>                    ( - 1.120e+02 3 0 QUESTION0_13_R 1 3.324e+01 1.000e+01)))))INFO: dtree.c(1478): Final simple tree
|( QUESTION0_8_R 1 2.655e+03 2.511e+02 1.538e+02
|    ( QUESTION0 -1 1.707e+03 1.432e+02 1.055e+02
|        ( QUESTION0 1 2.943e+02 6.196e+01 2.482e+01
|            ( - 1.729e+02 1 0)
|            ( - 5.947e+01 1 0))
|        ( QUESTION2_9_L -1 1.269e+03 1.246e+02 8.068e+01
|            ( - 3.287e+02 1 0)
|            ( QUESTION0 1 8.161e+02 8.770e+01 5.368e+01
|                ( - 6.305e+01 1 0)
|                ( - 6.654e+02 1 0))))
|    ( SILENCE 1 6.968e+02 1.049e+02 4.833e+01
|        ( - 4.083e+02 1 0)
|        ( WDBNDRY_E 0 1.835e+02 5.514e+01 1.633e+01
|            ( - 2.566e+01 1 0)
|            ( - 1.027e+02 1 0))))
s>    ( QUESTION0_8_R 1 2.655e+03 2.511e+02 1.538e+02
s>        ( QUESTION0 -1 1.707e+03 1.432e+02 1.055e+02
s>            ( QUESTION0 1 2.943e+02 6.196e+01 2.482e+01
s>                ( - 1.729e+02 1 0)
s>                ( - 5.947e+01 1 0))
s>            ( QUESTION2_9_L -1 1.269e+03 1.246e+02 8.068e+01
s>                ( - 3.287e+02 1 0)
s>                ( QUESTION0 1 8.161e+02 8.770e+01 5.368e+01
s>                    ( - 6.305e+01 1 0)
s>                    ( - 6.654e+02 1 0))))
s>        ( SILENCE 1 6.968e+02 1.049e+02 4.833e+01
s>            ( - 4.083e+02 1 0)
s>            ( WDBNDRY_E 0 1.835e+02 5.514e+01 1.633e+01
s>                ( - 2.566e+01 1 0)
s>                ( - 1.027e+02 1 0))))INFO: dtree.c(1315): Comp split 8
INFO: dtree.c(1439): stop. leaf nodes are specific
INFO: dtree.c(1478): Final simple tree
|( QUESTION0_0_R 1 2.580e+03 1.947e+02 1.400e+02
|    ( QUESTION0_1_R 1 1.326e+03 7.542e+01 7.600e+01
|        ( - 1.164e+03 1 0)
|        ( - 8.644e+01 1 0))
|    ( QUESTION0_10_R 1 1.059e+03 1.264e+02 6.401e+01
|        ( - 1.891e+02 1 0)
|        ( QUESTION0_17_R 1 7.437e+02 7.505e+01 4.701e+01
|            ( - 4.988e+02 1 0)
|            ( - 1.698e+02 1 0))))
s>    ( QUESTION0_0_R 1 2.580e+03 1.947e+02 1.400e+02
s>        ( QUESTION0_1_R 1 1.326e+03 7.542e+01 7.600e+01
s>            ( - 1.164e+03 1 0)
s>            ( - 8.644e+01 1 0))
s>        ( QUESTION0_10_R 1 1.059e+03 1.264e+02 6.401e+01
s>            ( - 1.891e+02 1 0)
s>            ( QUESTION0_17_R 1 7.437e+02 7.505e+01 4.701e+01
s>                ( - 4.988e+02 1 0)
s>                ( - 1.698e+02 1 0))))INFO: dtree.c(1439): stop. leaf nodes are specific
INFO: dtree.c(1478): Final simple tree
|( QUESTION0_10_R 1 9.017e+03 2.255e+02 4.496e+02
|    ( QUESTION0_11_R 1 8.332e+03 1.487e+02 4.138e+02
|        ( - 2.853e+02 1 0)
|        ( - 7.898e+03 1 0))
|    ( QUESTION0_17_R 1 4.603e+02 6.648e+01 3.577e+01
|        ( - 2.798e+02 1 0)
|        ( - 1.140e+02 2 0)))
s>    ( QUESTION0_10_R 1 9.017e+03 2.255e+02 4.496e+02
s>        ( QUESTION0_11_R 1 8.332e+03 1.487e+02 4.138e+02
s>            ( - 2.853e+02 1 0)
s>            ( - 7.898e+03 1 0))
s>        ( QUESTION0_17_R 1 4.603e+02 6.648e+01 3.577e+01
s>            ( - 2.798e+02 1 0)
s>            ( - 1.140e+02 2 0)))INFO: dtree.c(1315): Comp split 9
INFO: dtree.c(1439): stop. leaf nodes are specific
INFO: dtree.c(1478): Final simple tree
|( QUESTION0_8_R 1 2.503e+03 1.657e+02 1.352e+02
|    ( - 2.110e+02 1 0)
|    ( - 2.127e+03 2 0))
s>    ( QUESTION0_8_R 1 2.503e+03 1.657e+02 1.352e+02
s>        ( - 2.110e+02 1 0)
s>        ( - 2.127e+03 2 0))INFO: dtree.c(1439): stop. leaf nodes are specific
INFO: dtree.c(1478): Final simple tree
|( QUESTION2_5_L -1 2.435e+03 2.038e+02 1.316e+02
|    ( QUESTION0_9_R 1 1.363e+03 1.683e+02 7.747e+01
|        ( - 6.153e+02 1 0)
|        ( QUESTION0_0_R 1 5.798e+02 7.867e+01 3.797e+01
|            ( - 1.025e+02 1 0)
|            ( - 3.986e+02 1 0)))
|    ( QUESTION4 -1 8.682e+02 1.065e+02 5.413e+01
|        ( - 4.741e+02 2 0)
|        ( SILENCE -1 2.877e+02 5.374e+01 2.300e+01
|            ( - 3.951e+01 1 0)
|            ( - 1.944e+02 1 0))))
s>    ( QUESTION2_5_L -1 2.435e+03 2.038e+02 1.316e+02
s>        ( QUESTION0_9_R 1 1.363e+03 1.683e+02 7.747e+01
s>            ( - 6.153e+02 1 0)
s>            ( QUESTION0_0_R 1 5.798e+02 7.867e+01 3.797e+01
s>                ( - 1.025e+02 1 0)
s>                ( - 3.986e+02 1 0)))
s>        ( QUESTION4 -1 8.682e+02 1.065e+02 5.413e+01
s>            ( - 4.741e+02 2 0)
s>            ( SILENCE -1 2.877e+02 5.374e+01 2.300e+01
s>                ( - 3.951e+01 1 0)
s>                ( - 1.944e+02 1 0))))INFO: dtree.c(1315): Comp split 10
INFO: dtree.c(1478): Final simple tree
|( QUESTION4 -1 1.566e+03 1.417e+02 9.200e+01
|    ( QUESTION7 1 6.481e+02 9.494e+01 4.200e+01
|        ( - 1.545e+02 1 0)
|        ( QUESTION0_8_R 1 3.987e+02 8.847e+01 2.800e+01
|            ( - 1.147e+02 2 0 QUESTION0 1 3.427e+01 1.100e+01)
|            ( - 1.955e+02 2 0 QUESTION0_0_R 1 4.135e+01 1.700e+01)))
|    ( QUESTION0_10_R 1 7.766e+02 1.094e+02 5.000e+01
|        ( QUESTION7 -1 3.956e+02 7.146e+01 2.800e+01
|            ( - 4.333e+01 1 0)
|            ( QUESTION0_11_R 1 2.808e+02 4.980e+01 2.200e+01
|                ( - 2.909e+01 1 0)
|                ( SILENCE -1 2.019e+02 4.864e+01 1.700e+01
|                    ( - 5.801e+01 1 0)
|                    ( - 9.527e+01 1 0))))
|        ( - 2.716e+02 2 0 SILENCE -1 4.255e+01 2.200e+01)))
s>    ( QUESTION4 -1 1.566e+03 1.417e+02 9.200e+01
s>        ( QUESTION7 1 6.481e+02 9.494e+01 4.200e+01
s>            ( - 1.545e+02 1 0)
s>            ( QUESTION0_8_R 1 3.987e+02 8.847e+01 2.800e+01
s>                ( - 1.147e+02 2 0 QUESTION0 1 3.427e+01 1.100e+01)
s>                ( - 1.955e+02 2 0 QUESTION0_0_R 1 4.135e+01 1.700e+01)))
s>        ( QUESTION0_10_R 1 7.766e+02 1.094e+02 5.000e+01
s>            ( QUESTION7 -1 3.956e+02 7.146e+01 2.800e+01
s>                ( - 4.333e+01 1 0)
s>                ( QUESTION0_11_R 1 2.808e+02 4.980e+01 2.200e+01
s>                    ( - 2.909e+01 1 0)
s>                    ( SILENCE -1 2.019e+02 4.864e+01 1.700e+01
s>                        ( - 5.801e+01 1 0)
s>                        ( - 9.527e+01 1 0))))
s>            ( - 2.716e+02 2 0 SILENCE -1 4.255e+01 2.200e+01)))INFO: dtree.c(1478): Final simple tree
|( QUESTION0_8_R 1 1.664e+03 1.923e+02 9.307e+01
|    ( QUESTION1 1 7.522e+02 1.250e+02 4.607e+01
|        ( - 2.107e+02 1 0)
|        ( QUESTION0 1 4.165e+02 7.629e+01 2.807e+01
|            ( QUESTION0 -1 1.065e+02 3.759e+01 9.000e+00
|                ( - 4.559e+01 1 0)
|                ( - 2.337e+01 1 0))
|            ( - 2.336e+02 1 0)))
|    ( SILENCE 1 7.191e+02 1.143e+02 4.700e+01
|        ( QUESTION0 -1 3.242e+02 7.511e+01 2.500e+01
|            ( - 1.621e+02 1 0)
|            ( - 8.701e+01 1 0))
|        ( SILENCE -1 2.806e+02 6.356e+01 2.200e+01
|            ( - 9.615e+01 1 0)
|            ( - 1.209e+02 1 0))))
s>    ( QUESTION0_8_R 1 1.664e+03 1.923e+02 9.307e+01
s>        ( QUESTION1 1 7.522e+02 1.250e+02 4.607e+01
s>            ( - 2.107e+02 1 0)
s>            ( QUESTION0 1 4.165e+02 7.629e+01 2.807e+01
s>                ( QUESTION0 -1 1.065e+02 3.759e+01 9.000e+00
s>                    ( - 4.559e+01 1 0)
s>                    ( - 2.337e+01 1 0))
s>                ( - 2.336e+02 1 0)))
s>        ( SILENCE 1 7.191e+02 1.143e+02 4.700e+01
s>            ( QUESTION0 -1 3.242e+02 7.511e+01 2.500e+01
s>                ( - 1.621e+02 1 0)
s>                ( - 8.701e+01 1 0))
s>            ( SILENCE -1 2.806e+02 6.356e+01 2.200e+01
s>                ( - 9.615e+01 1 0)
s>                ( - 1.209e+02 1 0))))INFO: dtree.c(1315): Comp split 11
INFO: dtree.c(1478): Final simple tree
|( QUESTION7 1 2.607e+03 1.541e+02 1.661e+02
|    ( QUESTION0_18_R 1 6.979e+02 1.267e+02 4.815e+01
|        ( - 2.030e+02 1 0)
|        ( QUESTION8 1 3.683e+02 8.889e+01 2.900e+01
|            ( QUESTION0_10_R 1 1.734e+02 5.718e+01 1.700e+01
|                ( - 5.726e+01 1 0)
|                ( - 5.891e+01 1 0))
|            ( - 1.060e+02 1 0)))
|    ( QUESTION0_14_R 1 1.755e+03 1.252e+02 1.179e+02
|        ( - 6.855e+02 2 0 QUESTION6 1 5.621e+01 5.141e+01)
|        ( QUESTION1 1 9.439e+02 1.132e+02 6.650e+01
|            ( - 3.298e+02 3 0 QUESTION0_0_R 1 4.913e+01 2.731e+01)
|            ( QUESTION0_9_R 1 5.009e+02 7.421e+01 3.919e+01
|                ( - 2.141e+02 4 0 QUESTION0_19_R 1 4.841e+01 1.913e+01)
|                ( - 2.126e+02 6 0 QUESTION4 1 4.962e+01 2.006e+01)))))
s>    ( QUESTION7 1 2.607e+03 1.541e+02 1.661e+02
s>        ( QUESTION0_18_R 1 6.979e+02 1.267e+02 4.815e+01
s>            ( - 2.030e+02 1 0)
s>            ( QUESTION8 1 3.683e+02 8.889e+01 2.900e+01
s>                ( QUESTION0_10_R 1 1.734e+02 5.718e+01 1.700e+01
s>                    ( - 5.726e+01 1 0)
s>                    ( - 5.891e+01 1 0))
s>                ( - 1.060e+02 1 0)))
s>        ( QUESTION0_14_R 1 1.755e+03 1.252e+02 1.179e+02
s>            ( - 6.855e+02 2 0 QUESTION6 1 5.621e+01 5.141e+01)
s>            ( QUESTION1 1 9.439e+02 1.132e+02 6.650e+01
s>                ( - 3.298e+02 3 0 QUESTION0_0_R 1 4.913e+01 2.731e+01)
s>                ( QUESTION0_9_R 1 5.009e+02 7.421e+01 3.919e+01
s>                    ( - 2.141e+02 4 0 QUESTION0_19_R 1 4.841e+01 1.913e+01)
s>                    ( - 2.126e+02 6 0 QUESTION4 1 4.962e+01 2.006e+01)))))INFO: dtree.c(1315): Comp split 12
INFO: dtree.c(1478): Final simple tree
|( QUESTION0 -1 1.400e+03 1.617e+02 7.881e+01
|    ( QUESTION0_1_R 1 4.336e+02 7.144e+01 3.100e+01
|        ( - 1.141e+02 1 0)
|        ( QUESTION0_14_R 1 2.480e+02 4.769e+01 1.900e+01
|            ( - 1.025e+02 2 0)
|            ( WDBNDRY_E 0 9.777e+01 3.173e+01 9.000e+00
|                ( - 2.402e+01 1 0)
|                ( - 4.202e+01 1 0))))
|    ( QUESTION0_14_R 1 8.052e+02 9.714e+01 4.781e+01
|        ( - 5.960e+02 1 0)
|        ( QUESTION0_13_R 1 1.120e+02 3.324e+01 1.000e+01
|            ( - 5.509e+01 1 0)
|            ( SILENCE 1 2.364e+01 1.133e+01 3.000e+00
|                ( - 8.707e+00 1 0)
|                ( - 3.607e+00 1 0)))))
s>    ( QUESTION0 -1 1.400e+03 1.617e+02 7.881e+01
s>        ( QUESTION0_1_R 1 4.336e+02 7.144e+01 3.100e+01
s>            ( - 1.141e+02 1 0)
s>            ( QUESTION0_14_R 1 2.480e+02 4.769e+01 1.900e+01
s>                ( - 1.025e+02 2 0)
s>                ( WDBNDRY_E 0 9.777e+01 3.173e+01 9.000e+00
s>                    ( - 2.402e+01 1 0)
s>                    ( - 4.202e+01 1 0))))
s>        ( QUESTION0_14_R 1 8.052e+02 9.714e+01 4.781e+01
s>            ( - 5.960e+02 1 0)
s>            ( QUESTION0_13_R 1 1.120e+02 3.324e+01 1.000e+01
s>                ( - 5.509e+01 1 0)
s>                ( SILENCE 1 2.364e+01 1.133e+01 3.000e+00
s>                    ( - 8.707e+00 1 0)
s>                    ( - 3.607e+00 1 0)))))INFO: dtree.c(1439): stop. leaf nodes are specific
INFO: dtree.c(1478): Final simple tree
|( QUESTION0_0_R 1 8.077e+02 1.356e+02 5.041e+01
|    ( - 4.132e+02 1 0)
|    ( QUESTION8 1 2.589e+02 5.085e+01 2.292e+01
|        ( QUESTION0_10_R 1 9.101e+01 3.028e+01 9.919e+00
|            ( - 2.032e+01 1 0)
|            ( - 4.041e+01 1 0))
|        ( - 1.171e+02 1 0)))
s>    ( QUESTION0_0_R 1 8.077e+02 1.356e+02 5.041e+01
s>        ( - 4.132e+02 1 0)
s>        ( QUESTION8 1 2.589e+02 5.085e+01 2.292e+01
s>            ( QUESTION0_10_R 1 9.101e+01 3.028e+01 9.919e+00
s>                ( - 2.032e+01 1 0)
s>                ( - 4.041e+01 1 0))
s>            ( - 1.171e+02 1 0)))INFO: dtree.c(1315): Comp split 13
INFO: dtree.c(1439): stop. leaf nodes are specific
INFO: dtree.c(1478): Final simple tree
|( QUESTION0_10_R 1 8.588e+02 1.132e+02 5.779e+01
|    ( - 2.853e+02 1 0)
|    ( QUESTION0_17_R 1 4.603e+02 6.648e+01 3.577e+01
|        ( - 2.798e+02 1 0)
|        ( - 1.140e+02 2 0)))
s>    ( QUESTION0_10_R 1 8.588e+02 1.132e+02 5.779e+01
s>        ( - 2.853e+02 1 0)
s>        ( QUESTION0_17_R 1 4.603e+02 6.648e+01 3.577e+01
s>            ( - 2.798e+02 1 0)
s>            ( - 1.140e+02 2 0)))INFO: dtree.c(1315): Comp split 14
INFO: dtree.c(1439): stop. leaf nodes are specific
INFO: dtree.c(1478): Final simple tree
|( SILENCE 1 7.539e+02 1.212e+02 5.033e+01
|    ( - 4.083e+02 1 0)
|    ( QUESTION0_8_R 1 2.244e+02 5.866e+01 1.833e+01
|        ( - 6.305e+01 1 0)
|        ( - 1.027e+02 1 0)))
s>    ( SILENCE 1 7.539e+02 1.212e+02 5.033e+01
s>        ( - 4.083e+02 1 0)
s>        ( QUESTION0_8_R 1 2.244e+02 5.866e+01 1.833e+01
s>            ( - 6.305e+01 1 0)
s>            ( - 1.027e+02 1 0)))INFO: dtree.c(1439): stop. leaf nodes are specific
INFO: dtree.c(1478): Final simple tree
|( QUESTION0 -1 1.646e+03 1.463e+02 1.035e+02
|    ( QUESTION4 1 3.771e+02 7.312e+01 3.082e+01
|        ( - 5.947e+01 1 0)
|        ( WDBNDRY_E 0 2.446e+02 4.600e+01 2.300e+01
|            ( - 2.566e+01 1 0)
|            ( - 1.729e+02 1 0)))
|    ( QUESTION2_9_L -1 1.123e+03 1.289e+02 7.268e+01
|        ( - 3.287e+02 1 0)
|        ( - 6.654e+02 1 0)))
s>    ( QUESTION0 -1 1.646e+03 1.463e+02 1.035e+02
s>        ( QUESTION4 1 3.771e+02 7.312e+01 3.082e+01
s>            ( - 5.947e+01 1 0)
s>            ( WDBNDRY_E 0 2.446e+02 4.600e+01 2.300e+01
s>                ( - 2.566e+01 1 0)
s>                ( - 1.729e+02 1 0)))
s>        ( QUESTION2_9_L -1 1.123e+03 1.289e+02 7.268e+01
s>            ( - 3.287e+02 1 0)
s>            ( - 6.654e+02 1 0)))INFO: dtree.c(1315): Comp split 15
INFO: dtree.c(1439): stop. leaf nodes are specific
INFO: dtree.c(1478): Final simple tree
|( QUESTION0_9_R 1 1.599e+03 1.542e+02 9.209e+01
|    ( QUESTION4 -1 7.657e+02 9.717e+01 4.713e+01
|        ( - 4.741e+02 2 0)
|        ( - 1.944e+02 1 0))
|    ( QUESTION0_0_R 1 6.794e+02 9.135e+01 4.497e+01
|        ( SILENCE -1 1.894e+02 4.745e+01 1.700e+01
|            ( - 3.951e+01 1 0)
|            ( - 1.025e+02 1 0))
|        ( - 3.986e+02 1 0)))
s>    ( QUESTION0_9_R 1 1.599e+03 1.542e+02 9.209e+01
s>        ( QUESTION4 -1 7.657e+02 9.717e+01 4.713e+01
s>            ( - 4.741e+02 2 0)
s>            ( - 1.944e+02 1 0))
s>        ( QUESTION0_0_R 1 6.794e+02 9.135e+01 4.497e+01
s>            ( SILENCE -1 1.894e+02 4.745e+01 1.700e+01
s>                ( - 3.951e+01 1 0)
s>                ( - 1.025e+02 1 0))
s>            ( - 3.986e+02 1 0)))INFO: dtree.c(1315): Comp split 16
INFO: dtree.c(1439): stop. leaf nodes are specific
INFO: dtree.c(1478): Final simple tree
|( QUESTION0_11_R 1 5.474e+02 7.651e+01 3.900e+01
|    ( QUESTION4 -1 1.454e+02 4.254e+01 1.300e+01
|        ( - 7.378e+01 1 0)
|        ( - 2.909e+01 1 0))
|    ( QUESTION5 -1 3.255e+02 5.248e+01 2.600e+01
|        ( - 9.527e+01 1 0)
|        ( SILENCE -1 1.777e+02 3.938e+01 1.600e+01
|            ( - 5.801e+01 1 0)
|            ( - 8.033e+01 1 0))))
s>    ( QUESTION0_11_R 1 5.474e+02 7.651e+01 3.900e+01
s>        ( QUESTION4 -1 1.454e+02 4.254e+01 1.300e+01
s>            ( - 7.378e+01 1 0)
s>            ( - 2.909e+01 1 0))
s>        ( QUESTION5 -1 3.255e+02 5.248e+01 2.600e+01
s>            ( - 9.527e+01 1 0)
s>            ( SILENCE -1 1.777e+02 3.938e+01 1.600e+01
s>                ( - 5.801e+01 1 0)
s>                ( - 8.033e+01 1 0))))INFO: dtree.c(1439): stop. leaf nodes are specific
INFO: dtree.c(1478): Final simple tree
|( QUESTION4 -1 8.116e+02 1.139e+02 5.300e+01
|    ( QUESTION0_8_R 1 3.290e+02 5.979e+01 2.500e+01
|        ( QUESTION0 1 1.147e+02 3.427e+01 1.100e+01
|            ( - 2.473e+01 1 0)
|            ( - 5.572e+01 1 0))
|        ( - 1.545e+02 1 0))
|    ( SILENCE -1 3.688e+02 5.410e+01 2.800e+01
|        ( - 1.550e+02 1 0)
|        ( QUESTION0_8_R 1 1.596e+02 4.225e+01 1.400e+01
|            ( - 7.407e+01 1 0)
|            ( - 4.333e+01 1 0))))
s>    ( QUESTION4 -1 8.116e+02 1.139e+02 5.300e+01
s>        ( QUESTION0_8_R 1 3.290e+02 5.979e+01 2.500e+01
s>            ( QUESTION0 1 1.147e+02 3.427e+01 1.100e+01
s>                ( - 2.473e+01 1 0)
s>                ( - 5.572e+01 1 0))
s>            ( - 1.545e+02 1 0))
s>        ( SILENCE -1 3.688e+02 5.410e+01 2.800e+01
s>            ( - 1.550e+02 1 0)
s>            ( QUESTION0_8_R 1 1.596e+02 4.225e+01 1.400e+01
s>                ( - 7.407e+01 1 0)
s>                ( - 4.333e+01 1 0))))INFO: dtree.c(1315): Comp split 17
INFO: dtree.c(1439): stop. leaf nodes are specific
INFO: dtree.c(1478): Final simple tree
|( SILENCE 1 6.581e+02 1.189e+02 4.200e+01
|    ( QUESTION0 -1 3.242e+02 7.511e+01 2.500e+01
|        ( - 1.621e+02 1 0)
|        ( - 8.701e+01 1 0))
|    ( QUESTION0_8_R 1 2.149e+02 4.844e+01 1.700e+01
|        ( - 4.559e+01 1 0)
|        ( - 1.209e+02 1 0)))
s>    ( SILENCE 1 6.581e+02 1.189e+02 4.200e+01
s>        ( QUESTION0 -1 3.242e+02 7.511e+01 2.500e+01
s>            ( - 1.621e+02 1 0)
s>            ( - 8.701e+01 1 0))
s>        ( QUESTION0_8_R 1 2.149e+02 4.844e+01 1.700e+01
s>            ( - 4.559e+01 1 0)
s>            ( - 1.209e+02 1 0)))INFO: dtree.c(1439): stop. leaf nodes are specific
INFO: dtree.c(1478): Final simple tree
|( QUESTION0 1 8.002e+02 1.237e+02 5.107e+01
|    ( QUESTION0 -1 2.865e+02 5.239e+01 2.200e+01
|        ( - 2.107e+02 1 0)
|        ( - 2.337e+01 1 0))
|    ( SILENCE -1 3.900e+02 6.022e+01 2.907e+01
|        ( - 9.615e+01 1 0)
|        ( - 2.336e+02 1 0)))
s>    ( QUESTION0 1 8.002e+02 1.237e+02 5.107e+01
s>        ( QUESTION0 -1 2.865e+02 5.239e+01 2.200e+01
s>            ( - 2.107e+02 1 0)
s>            ( - 2.337e+01 1 0))
s>        ( SILENCE -1 3.900e+02 6.022e+01 2.907e+01
s>            ( - 9.615e+01 1 0)
s>            ( - 2.336e+02 1 0)))INFO: dtree.c(1315): Comp split 18
INFO: dtree.c(1439): stop. leaf nodes are specific
INFO: dtree.c(1478): Final simple tree
|( QUESTION0_10_R 1 1.059e+03 1.264e+02 6.401e+01
|    ( - 1.891e+02 1 0)
|    ( QUESTION0_17_R 1 7.437e+02 7.505e+01 4.701e+01
|        ( - 4.988e+02 1 0)
|        ( - 1.698e+02 1 0)))
s>    ( QUESTION0_10_R 1 1.059e+03 1.264e+02 6.401e+01
s>        ( - 1.891e+02 1 0)
s>        ( QUESTION0_17_R 1 7.437e+02 7.505e+01 4.701e+01
s>            ( - 4.988e+02 1 0)
s>            ( - 1.698e+02 1 0)))INFO: dtree.c(1439): stop. leaf nodes are specific
INFO: dtree.c(1478): Final simple tree
|( QUESTION0_1_R 1 1.326e+03 7.542e+01 7.600e+01
|    ( - 1.164e+03 1 0)
|    ( - 8.644e+01 1 0))
s>    ( QUESTION0_1_R 1 1.326e+03 7.542e+01 7.600e+01
s>        ( - 1.164e+03 1 0)
s>        ( - 8.644e+01 1 0))INFO: dtree.c(1315): Comp split 19
INFO: dtree.c(1478): Final simple tree
|( QUESTION7 1 9.698e+02 1.294e+02 6.634e+01
|    ( QUESTION0_10_R 1 3.395e+02 7.929e+01 2.715e+01
|        ( - 5.726e+01 1 0)
|        ( - 2.030e+02 1 0))
|    ( QUESTION0_9_R 1 5.009e+02 7.421e+01 3.919e+01
|        ( QUESTION0_19_R 1 2.141e+02 4.841e+01 1.913e+01
|            ( QUESTION0_20_R 1 8.569e+01 2.908e+01 1.014e+01
|                ( - 3.392e+01 1 0)
|                ( - 2.269e+01 1 0))
|            ( - 7.996e+01 2 0 QUESTION0_10_R 1 2.602e+01 8.999e+00))
|        ( QUESTION4 1 2.126e+02 4.962e+01 2.006e+01
|            ( - 2.642e+01 1 0)
|            ( QUESTION0_0_R 1 1.366e+02 3.426e+01 1.406e+01
|                ( - 2.699e+01 2 0 QUESTION0_3_R 1 1.028e+01 4.000e+00)
|                ( - 7.536e+01 3 0)))))
s>    ( QUESTION7 1 9.698e+02 1.294e+02 6.634e+01
s>        ( QUESTION0_10_R 1 3.395e+02 7.929e+01 2.715e+01
s>            ( - 5.726e+01 1 0)
s>            ( - 2.030e+02 1 0))
s>        ( QUESTION0_9_R 1 5.009e+02 7.421e+01 3.919e+01
s>            ( QUESTION0_19_R 1 2.141e+02 4.841e+01 1.913e+01
s>                ( QUESTION0_20_R 1 8.569e+01 2.908e+01 1.014e+01
s>                    ( - 3.392e+01 1 0)
s>                    ( - 2.269e+01 1 0))
s>                ( - 7.996e+01 2 0 QUESTION0_10_R 1 2.602e+01 8.999e+00))
s>            ( QUESTION4 1 2.126e+02 4.962e+01 2.006e+01
s>                ( - 2.642e+01 1 0)
s>                ( QUESTION0_0_R 1 1.366e+02 3.426e+01 1.406e+01
s>                    ( - 2.699e+01 2 0 QUESTION0_3_R 1 1.028e+01 4.000e+00)
s>                    ( - 7.536e+01 3 0)))))INFO: dtree.c(1439): stop. leaf nodes are specific
INFO: dtree.c(1478): Final simple tree
|( QUESTION6 1 1.451e+03 1.321e+02 9.972e+01
|    ( QUESTION0_15_R 1 2.927e+02 7.183e+01 2.500e+01
|        ( - 5.891e+01 1 0)
|        ( QUESTION0_10_R 1 1.620e+02 3.570e+01 1.600e+01
|            ( - 1.060e+02 1 0)
|            ( - 2.024e+01 1 0)))
|    ( QUESTION0_9_R 1 1.026e+03 8.770e+01 7.472e+01
|        ( - 6.090e+02 1 0)
|        ( QUESTION0_0_R 1 3.298e+02 4.913e+01 2.731e+01
|            ( - 4.370e+01 1 0)
|            ( - 2.370e+02 2 0))))
s>    ( QUESTION6 1 1.451e+03 1.321e+02 9.972e+01
s>        ( QUESTION0_15_R 1 2.927e+02 7.183e+01 2.500e+01
s>            ( - 5.891e+01 1 0)
s>            ( QUESTION0_10_R 1 1.620e+02 3.570e+01 1.600e+01
s>                ( - 1.060e+02 1 0)
s>                ( - 2.024e+01 1 0)))
s>        ( QUESTION0_9_R 1 1.026e+03 8.770e+01 7.472e+01
s>            ( - 6.090e+02 1 0)
s>            ( QUESTION0_0_R 1 3.298e+02 4.913e+01 2.731e+01
s>                ( - 4.370e+01 1 0)
s>                ( - 2.370e+02 2 0))))INFO: dtree.c(1315): Comp split 20
INFO: dtree.c(1315): Comp split 21
INFO: dtree.c(1439): stop. leaf nodes are specific
INFO: dtree.c(1478): Final simple tree
|( QUESTION4 1 8.182e+02 1.156e+02 5.782e+01
|    ( QUESTION0 -1 4.581e+02 6.985e+01 3.482e+01
|        ( - 5.947e+01 1 0)
|        ( - 3.287e+02 1 0))
|    ( WDBNDRY_E 0 2.446e+02 4.600e+01 2.300e+01
|        ( - 2.566e+01 1 0)
|        ( - 1.729e+02 1 0)))
s>    ( QUESTION4 1 8.182e+02 1.156e+02 5.782e+01
s>        ( QUESTION0 -1 4.581e+02 6.985e+01 3.482e+01
s>            ( - 5.947e+01 1 0)
s>            ( - 3.287e+02 1 0))
s>        ( WDBNDRY_E 0 2.446e+02 4.600e+01 2.300e+01
s>            ( - 2.566e+01 1 0)
s>            ( - 1.729e+02 1 0)))INFO: dtree.c(1315): Comp split 22
INFO: dtree.c(1439): stop. leaf nodes are specific
INFO: dtree.c(1478): Final simple tree
|( QUESTION0_0_R 1 4.811e+02 7.898e+01 3.300e+01
|    ( QUESTION0_1_R 1 1.960e+02 3.987e+01 1.700e+01
|        ( - 1.141e+02 1 0)
|        ( - 4.202e+01 1 0))
|    ( QUESTION0_14_R 1 2.061e+02 5.050e+01 1.600e+01
|        ( - 1.025e+02 2 0)
|        ( WDBNDRY_E 0 5.304e+01 2.031e+01 6.000e+00
|            ( - 2.402e+01 1 0)
|            ( - 8.707e+00 1 0))))
s>    ( QUESTION0_0_R 1 4.811e+02 7.898e+01 3.300e+01
s>        ( QUESTION0_1_R 1 1.960e+02 3.987e+01 1.700e+01
s>            ( - 1.141e+02 1 0)
s>            ( - 4.202e+01 1 0))
s>        ( QUESTION0_14_R 1 2.061e+02 5.050e+01 1.600e+01
s>            ( - 1.025e+02 2 0)
s>            ( WDBNDRY_E 0 5.304e+01 2.031e+01 6.000e+00
s>                ( - 2.402e+01 1 0)
s>                ( - 8.707e+00 1 0))))INFO: dtree.c(1439): stop. leaf nodes are specific
INFO: dtree.c(1478): Final simple tree
|( QUESTION0_14_R 1 7.574e+02 8.627e+01 4.581e+01
|    ( - 5.960e+02 1 0)
|    ( QUESTION0_10_R 1 7.511e+01 1.641e+01 8.000e+00
|        ( - 3.607e+00 1 0)
|        ( - 5.509e+01 1 0)))
s>    ( QUESTION0_14_R 1 7.574e+02 8.627e+01 4.581e+01
s>        ( - 5.960e+02 1 0)
s>        ( QUESTION0_10_R 1 7.511e+01 1.641e+01 8.000e+00
s>            ( - 3.607e+00 1 0)
s>            ( - 5.509e+01 1 0)))INFO: dtree.c(1315): Comp split 23
INFO: dtree.c(1439): stop. leaf nodes are specific
INFO: dtree.c(1478): Final simple tree
|( QUESTION0_0_R 1 6.794e+02 9.135e+01 4.497e+01
|    ( SILENCE -1 1.894e+02 4.745e+01 1.700e+01
|        ( - 3.951e+01 1 0)
|        ( - 1.025e+02 1 0))
|    ( - 3.986e+02 1 0))
s>    ( QUESTION0_0_R 1 6.794e+02 9.135e+01 4.497e+01
s>        ( SILENCE -1 1.894e+02 4.745e+01 1.700e+01
s>            ( - 3.951e+01 1 0)
s>            ( - 1.025e+02 1 0))
s>        ( - 3.986e+02 1 0))INFO: dtree.c(1439): stop. leaf nodes are specific
INFO: dtree.c(1478): Final simple tree
|( QUESTION4 -1 7.657e+02 9.717e+01 4.713e+01
|    ( - 4.741e+02 2 0)
|    ( - 1.944e+02 1 0))
s>    ( QUESTION4 -1 7.657e+02 9.717e+01 4.713e+01
s>        ( - 4.741e+02 2 0)
s>        ( - 1.944e+02 1 0))INFO: dtree.c(1315): Comp split 24
INFO: dtree.c(1439): stop. leaf nodes are specific
INFO: dtree.c(1478): Final simple tree
|( QUESTION0_16_R 1 4.901e+02 9.218e+01 4.021e+01
|    ( - 2.030e+02 1 0)
|    ( QUESTION0 1 1.950e+02 5.620e+01 2.106e+01
|        ( - 7.536e+01 3 0)
|        ( QUESTION0_8_R 1 6.343e+01 1.432e+01 1.100e+01
|            ( - 2.642e+01 1 0)
|            ( - 2.269e+01 1 0))))
s>    ( QUESTION0_16_R 1 4.901e+02 9.218e+01 4.021e+01
s>        ( - 2.030e+02 1 0)
s>        ( QUESTION0 1 1.950e+02 5.620e+01 2.106e+01
s>            ( - 7.536e+01 3 0)
s>            ( QUESTION0_8_R 1 6.343e+01 1.432e+01 1.100e+01
s>                ( - 2.642e+01 1 0)
s>                ( - 2.269e+01 1 0))))INFO: dtree.c(1439): stop. leaf nodes are specific
INFO: dtree.c(1478): Final simple tree
|( QUESTION10 1 3.365e+02 6.624e+01 2.613e+01
|    ( QUESTION0_10_R 1 7.996e+01 2.602e+01 8.999e+00
|        ( - 3.116e+01 1 0)
|        ( - 2.278e+01 1 0))
|    ( QUESTION16 1 1.903e+02 4.227e+01 1.714e+01
|        ( QUESTION0_0_R 1 7.823e+01 2.760e+01 8.135e+00
|            ( - 1.671e+01 1 0)
|            ( - 3.392e+01 1 0))
|        ( QUESTION0_0_R 1 6.981e+01 1.254e+01 9.000e+00
|            ( - 0.000e+00 1 0)
|            ( - 5.726e+01 1 0))))
s>    ( QUESTION10 1 3.365e+02 6.624e+01 2.613e+01
s>        ( QUESTION0_10_R 1 7.996e+01 2.602e+01 8.999e+00
s>            ( - 3.116e+01 1 0)
s>            ( - 2.278e+01 1 0))
s>        ( QUESTION16 1 1.903e+02 4.227e+01 1.714e+01
s>            ( QUESTION0_0_R 1 7.823e+01 2.760e+01 8.135e+00
s>                ( - 1.671e+01 1 0)
s>                ( - 3.392e+01 1 0))
s>            ( QUESTION0_0_R 1 6.981e+01 1.254e+01 9.000e+00
s>                ( - 0.000e+00 1 0)
s>                ( - 5.726e+01 1 0))))INFO: dtree.c(1315): Comp split 25
INFO: dtree.c(1439): stop. leaf nodes are specific
INFO: dtree.c(1478): Final simple tree
|( QUESTION8 1 2.589e+02 5.085e+01 2.292e+01
|    ( QUESTION0_10_R 1 9.101e+01 3.028e+01 9.919e+00
|        ( - 2.032e+01 1 0)
|        ( - 4.041e+01 1 0))
|    ( - 1.171e+02 1 0))
s>    ( QUESTION8 1 2.589e+02 5.085e+01 2.292e+01
s>        ( QUESTION0_10_R 1 9.101e+01 3.028e+01 9.919e+00
s>            ( - 2.032e+01 1 0)
s>            ( - 4.041e+01 1 0))
s>        ( - 1.171e+02 1 0))INFO: dtree.c(1315): Comp split 26
INFO: dtree.c(1439): stop. leaf nodes are specific
INFO: dtree.c(1478): Final simple tree
|( QUESTION0_9_R 1 1.026e+03 8.770e+01 7.472e+01
|    ( - 6.090e+02 1 0)
|    ( QUESTION0_0_R 1 3.298e+02 4.913e+01 2.731e+01
|        ( - 4.370e+01 1 0)
|        ( - 2.370e+02 2 0)))
s>    ( QUESTION0_9_R 1 1.026e+03 8.770e+01 7.472e+01
s>        ( - 6.090e+02 1 0)
s>        ( QUESTION0_0_R 1 3.298e+02 4.913e+01 2.731e+01
s>            ( - 4.370e+01 1 0)
s>            ( - 2.370e+02 2 0)))INFO: dtree.c(1439): stop. leaf nodes are specific
INFO: dtree.c(1478): Final simple tree
|( QUESTION0_15_R 1 2.927e+02 7.183e+01 2.500e+01
|    ( - 5.891e+01 1 0)
|    ( QUESTION0_10_R 1 1.620e+02 3.570e+01 1.600e+01
|        ( - 1.060e+02 1 0)
|        ( - 2.024e+01 1 0)))
s>    ( QUESTION0_15_R 1 2.927e+02 7.183e+01 2.500e+01
s>        ( - 5.891e+01 1 0)
s>        ( QUESTION0_10_R 1 1.620e+02 3.570e+01 1.600e+01
s>            ( - 1.060e+02 1 0)
s>            ( - 2.024e+01 1 0)))INFO: dtree.c(1315): Comp split 27
INFO: dtree.c(1315): Comp split 28
INFO: dtree.c(1439): stop. leaf nodes are specific
INFO: dtree.c(1478): Final simple tree
|( QUESTION0_17_R 1 7.437e+02 7.505e+01 4.701e+01
|    ( - 4.988e+02 1 0)
|    ( - 1.698e+02 1 0))
s>    ( QUESTION0_17_R 1 7.437e+02 7.505e+01 4.701e+01
s>        ( - 4.988e+02 1 0)
s>        ( - 1.698e+02 1 0))INFO: dtree.c(1315): Comp split 29
INFO: dtree.c(1439): stop. leaf nodes are specific
INFO: dtree.c(1478): Final simple tree
|( SILENCE -1 3.900e+02 6.022e+01 2.907e+01
|    ( - 9.615e+01 1 0)
|    ( - 2.336e+02 1 0))
s>    ( SILENCE -1 3.900e+02 6.022e+01 2.907e+01
s>        ( - 9.615e+01 1 0)
s>        ( - 2.336e+02 1 0))INFO: dtree.c(1439): stop. leaf nodes are specific
INFO: dtree.c(1478): Final simple tree
|( QUESTION0 -1 2.865e+02 5.239e+01 2.200e+01
|    ( - 2.107e+02 1 0)
|    ( - 2.337e+01 1 0))
s>    ( QUESTION0 -1 2.865e+02 5.239e+01 2.200e+01
s>        ( - 2.107e+02 1 0)
s>        ( - 2.337e+01 1 0))INFO: dtree.c(1315): Comp split 30
INFO: dtree.c(1439): stop. leaf nodes are specific
INFO: dtree.c(1478): Final simple tree
|( QUESTION0_8_R 1 2.244e+02 5.866e+01 1.833e+01
|    ( - 6.305e+01 1 0)
|    ( - 1.027e+02 1 0))
s>    ( QUESTION0_8_R 1 2.244e+02 5.866e+01 1.833e+01
s>        ( - 6.305e+01 1 0)
s>        ( - 1.027e+02 1 0))INFO: dtree.c(1315): Comp split 31
INFO: dtree.c(1439): stop. leaf nodes are specific
INFO: dtree.c(1478): Final simple tree
|( QUESTION0_8_R 1 2.149e+02 4.844e+01 1.700e+01
|    ( - 4.559e+01 1 0)
|    ( - 1.209e+02 1 0))
s>    ( QUESTION0_8_R 1 2.149e+02 4.844e+01 1.700e+01
s>        ( - 4.559e+01 1 0)
s>        ( - 1.209e+02 1 0))INFO: dtree.c(1439): stop. leaf nodes are specific
INFO: dtree.c(1478): Final simple tree
|( QUESTION0 -1 3.242e+02 7.511e+01 2.500e+01
|    ( - 1.621e+02 1 0)
|    ( - 8.701e+01 1 0))
s>    ( QUESTION0 -1 3.242e+02 7.511e+01 2.500e+01
s>        ( - 1.621e+02 1 0)
s>        ( - 8.701e+01 1 0))INFO: dtree.c(1315): Comp split 32
INFO: dtree.c(1439): stop. leaf nodes are specific
INFO: dtree.c(1478): Final simple tree
|( WDBNDRY_E 0 4.077e+02 5.331e+01 3.300e+01
|    ( - 2.566e+01 1 0)
|    ( - 3.287e+02 1 0))
s>    ( WDBNDRY_E 0 4.077e+02 5.331e+01 3.300e+01
s>        ( - 2.566e+01 1 0)
s>        ( - 3.287e+02 1 0))INFO: dtree.c(1439): stop. leaf nodes are specific
INFO: dtree.c(1478): Final simple tree
|( QUESTION0 1 2.943e+02 6.196e+01 2.482e+01
|    ( - 1.729e+02 1 0)
|    ( - 5.947e+01 1 0))
s>    ( QUESTION0 1 2.943e+02 6.196e+01 2.482e+01
s>        ( - 1.729e+02 1 0)
s>        ( - 5.947e+01 1 0))INFO: dtree.c(1315): Comp split 33
INFO: dtree.c(1439): stop. leaf nodes are specific
INFO: dtree.c(1478): Final simple tree
|( SILENCE -1 3.688e+02 5.410e+01 2.800e+01
|    ( - 1.550e+02 1 0)
|    ( QUESTION0_8_R 1 1.596e+02 4.225e+01 1.400e+01
|        ( - 7.407e+01 1 0)
|        ( - 4.333e+01 1 0)))
s>    ( SILENCE -1 3.688e+02 5.410e+01 2.800e+01
s>        ( - 1.550e+02 1 0)
s>        ( QUESTION0_8_R 1 1.596e+02 4.225e+01 1.400e+01
s>            ( - 7.407e+01 1 0)
s>            ( - 4.333e+01 1 0)))INFO: dtree.c(1439): stop. leaf nodes are specific
INFO: dtree.c(1478): Final simple tree
|( QUESTION0_8_R 1 3.290e+02 5.979e+01 2.500e+01
|    ( QUESTION0 1 1.147e+02 3.427e+01 1.100e+01
|        ( - 2.473e+01 1 0)
|        ( - 5.572e+01 1 0))
|    ( - 1.545e+02 1 0))
s>    ( QUESTION0_8_R 1 3.290e+02 5.979e+01 2.500e+01
s>        ( QUESTION0 1 1.147e+02 3.427e+01 1.100e+01
s>            ( - 2.473e+01 1 0)
s>            ( - 5.572e+01 1 0))
s>        ( - 1.545e+02 1 0))INFO: dtree.c(1315): Comp split 34
INFO: dtree.c(1439): stop. leaf nodes are specific
INFO: dtree.c(1478): Final simple tree
|( QUESTION0_17_R 1 4.603e+02 6.648e+01 3.577e+01
|    ( - 2.798e+02 1 0)
|    ( - 1.140e+02 2 0))
s>    ( QUESTION0_17_R 1 4.603e+02 6.648e+01 3.577e+01
s>        ( - 2.798e+02 1 0)
s>        ( - 1.140e+02 2 0))INFO: dtree.c(1315): Comp split 35
INFO: dtree.c(1315): Comp split 36
INFO: dtree.c(1439): stop. leaf nodes are specific
INFO: dtree.c(1478): Final simple tree
|( QUESTION4 -1 2.378e+02 4.812e+01 2.000e+01
|    ( - 7.378e+01 1 0)
|    ( SILENCE -1 1.159e+02 2.877e+01 1.200e+01
|        ( - 5.801e+01 1 0)
|        ( - 2.909e+01 1 0)))
s>    ( QUESTION4 -1 2.378e+02 4.812e+01 2.000e+01
s>        ( - 7.378e+01 1 0)
s>        ( SILENCE -1 1.159e+02 2.877e+01 1.200e+01
s>            ( - 5.801e+01 1 0)
s>            ( - 2.909e+01 1 0)))INFO: dtree.c(1439): stop. leaf nodes are specific
INFO: dtree.c(1478): Final simple tree
|( QUESTION0_0_R 1 2.153e+02 3.966e+01 1.900e+01
|    ( - 8.033e+01 1 0)
|    ( - 9.527e+01 1 0))
s>    ( QUESTION0_0_R 1 2.153e+02 3.966e+01 1.900e+01
s>        ( - 8.033e+01 1 0)
s>        ( - 9.527e+01 1 0))INFO: dtree.c(1315): Comp split 37
INFO: dtree.c(1439): stop. leaf nodes are specific
INFO: dtree.c(1478): Final simple tree
|( QUESTION0 1 1.950e+02 5.620e+01 2.106e+01
|    ( - 7.536e+01 3 0)
|    ( QUESTION0_8_R 1 6.343e+01 1.432e+01 1.100e+01
|        ( - 2.642e+01 1 0)
|        ( - 2.269e+01 1 0)))
s>    ( QUESTION0 1 1.950e+02 5.620e+01 2.106e+01
s>        ( - 7.536e+01 3 0)
s>        ( QUESTION0_8_R 1 6.343e+01 1.432e+01 1.100e+01
s>            ( - 2.642e+01 1 0)
s>            ( - 2.269e+01 1 0)))INFO: dtree.c(1315): Comp split 38
INFO: dtree.c(1439): stop. leaf nodes are specific
INFO: dtree.c(1478): Final simple tree
|( SILENCE -1 1.894e+02 4.745e+01 1.700e+01
|    ( - 3.951e+01 1 0)
|    ( - 1.025e+02 1 0))
s>    ( SILENCE -1 1.894e+02 4.745e+01 1.700e+01
s>        ( - 3.951e+01 1 0)
s>        ( - 1.025e+02 1 0))INFO: dtree.c(1315): Comp split 39
INFO: dtree.c(1439): stop. leaf nodes are specific
INFO: dtree.c(1478): Final simple tree
|( QUESTION0_0_R 1 3.298e+02 4.913e+01 2.731e+01
|    ( - 4.370e+01 1 0)
|    ( - 2.370e+02 2 0))
s>    ( QUESTION0_0_R 1 3.298e+02 4.913e+01 2.731e+01
s>        ( - 4.370e+01 1 0)
s>        ( - 2.370e+02 2 0))INFO: dtree.c(1315): Comp split 40
INFO: dtree.c(1439): stop. leaf nodes are specific
INFO: dtree.c(1478): Final simple tree
|( QUESTION0_10_R 1 7.511e+01 1.641e+01 8.000e+00
|    ( - 3.607e+00 1 0)
|    ( - 5.509e+01 1 0))
s>    ( QUESTION0_10_R 1 7.511e+01 1.641e+01 8.000e+00
s>        ( - 3.607e+00 1 0)
s>        ( - 5.509e+01 1 0))INFO: dtree.c(1315): Comp split 41
INFO: dtree.c(1439): stop. leaf nodes are specific
INFO: dtree.c(1478): Final simple tree
|( QUESTION0_14_R 1 2.061e+02 5.050e+01 1.600e+01
|    ( - 1.025e+02 2 0)
|    ( WDBNDRY_E 0 5.304e+01 2.031e+01 6.000e+00
|        ( - 2.402e+01 1 0)
|        ( - 8.707e+00 1 0)))
s>    ( QUESTION0_14_R 1 2.061e+02 5.050e+01 1.600e+01
s>        ( - 1.025e+02 2 0)
s>        ( WDBNDRY_E 0 5.304e+01 2.031e+01 6.000e+00
s>            ( - 2.402e+01 1 0)
s>            ( - 8.707e+00 1 0)))INFO: dtree.c(1439): stop. leaf nodes are specific
INFO: dtree.c(1478): Final simple tree
|( QUESTION0_1_R 1 1.960e+02 3.987e+01 1.700e+01
|    ( - 1.141e+02 1 0)
|    ( - 4.202e+01 1 0))
s>    ( QUESTION0_1_R 1 1.960e+02 3.987e+01 1.700e+01
s>        ( - 1.141e+02 1 0)
s>        ( - 4.202e+01 1 0))INFO: dtree.c(1315): Comp split 42
INFO: dtree.c(1315): Comp split 43
INFO: dtree.c(1315): Comp split 44
INFO: dtree.c(1315): Comp split 45
INFO: dtree.c(1439): stop. leaf nodes are specific
INFO: dtree.c(1478): Final simple tree
|( QUESTION0_0_R 1 1.147e+02 3.043e+01 1.200e+01
|    ( QUESTION0_3_R 1 2.699e+01 1.028e+01 4.000e+00
|        ( - 0.000e+00 1 0)
|        ( - 1.671e+01 1 0))
|    ( - 5.726e+01 1 0))
s>    ( QUESTION0_0_R 1 1.147e+02 3.043e+01 1.200e+01
s>        ( QUESTION0_3_R 1 2.699e+01 1.028e+01 4.000e+00
s>            ( - 0.000e+00 1 0)
s>            ( - 1.671e+01 1 0))
s>        ( - 5.726e+01 1 0))INFO: dtree.c(1439): stop. leaf nodes are specific
INFO: dtree.c(1478): Final simple tree
|( QUESTION0_19_R 1 1.494e+02 3.556e+01 1.413e+01
|    ( - 3.392e+01 1 0)
|    ( QUESTION0_10_R 1 7.996e+01 2.602e+01 8.999e+00
|        ( - 3.116e+01 1 0)
|        ( - 2.278e+01 1 0)))
s>    ( QUESTION0_19_R 1 1.494e+02 3.556e+01 1.413e+01
s>        ( - 3.392e+01 1 0)
s>        ( QUESTION0_10_R 1 7.996e+01 2.602e+01 8.999e+00
s>            ( - 3.116e+01 1 0)
s>            ( - 2.278e+01 1 0)))INFO: dtree.c(1315): Comp split 46
INFO: dtree.c(1439): stop. leaf nodes are specific
INFO: dtree.c(1478): Final simple tree
|( QUESTION0_10_R 1 1.620e+02 3.570e+01 1.600e+01
|    ( - 1.060e+02 1 0)
|    ( - 2.024e+01 1 0))
s>    ( QUESTION0_10_R 1 1.620e+02 3.570e+01 1.600e+01
s>        ( - 1.060e+02 1 0)
s>        ( - 2.024e+01 1 0))INFO: dtree.c(1315): Comp split 47
INFO: dtree.c(1315): Comp split 48
INFO: dtree.c(1315): Comp split 49
INFO: dtree.c(1315): Comp split 50
INFO: dtree.c(1439): stop. leaf nodes are specific
INFO: dtree.c(1478): Final simple tree
|( QUESTION0 1 1.147e+02 3.427e+01 1.100e+01
|    ( - 2.473e+01 1 0)
|    ( - 5.572e+01 1 0))
s>    ( QUESTION0 1 1.147e+02 3.427e+01 1.100e+01
s>        ( - 2.473e+01 1 0)
s>        ( - 5.572e+01 1 0))INFO: dtree.c(1315): Comp split 51
INFO: dtree.c(1315): Comp split 52
INFO: dtree.c(1439): stop. leaf nodes are specific
INFO: dtree.c(1478): Final simple tree
|( QUESTION0_8_R 1 6.343e+01 1.432e+01 1.100e+01
|    ( - 2.642e+01 1 0)
|    ( - 2.269e+01 1 0))
s>    ( QUESTION0_8_R 1 6.343e+01 1.432e+01 1.100e+01
s>        ( - 2.642e+01 1 0)
s>        ( - 2.269e+01 1 0))INFO: dtree.c(1315): Comp split 53
INFO: dtree.c(1439): stop. leaf nodes are specific
INFO: dtree.c(1478): Final simple tree
|( QUESTION0_8_R 1 1.596e+02 4.225e+01 1.400e+01
|    ( - 7.407e+01 1 0)
|    ( - 4.333e+01 1 0))
s>    ( QUESTION0_8_R 1 1.596e+02 4.225e+01 1.400e+01
s>        ( - 7.407e+01 1 0)
s>        ( - 4.333e+01 1 0))INFO: dtree.c(1315): Comp split 54
INFO: dtree.c(1315): Comp split 55
INFO: dtree.c(1315): Comp split 56
INFO: dtree.c(1439): stop. leaf nodes are specific
INFO: dtree.c(1478): Final simple tree
|( QUESTION0_10_R 1 9.101e+01 3.028e+01 9.919e+00
|    ( - 2.032e+01 1 0)
|    ( - 4.041e+01 1 0))
s>    ( QUESTION0_10_R 1 9.101e+01 3.028e+01 9.919e+00
s>        ( - 2.032e+01 1 0)
s>        ( - 4.041e+01 1 0))INFO: dtree.c(1315): Comp split 57
INFO: dtree.c(1439): stop. leaf nodes are specific
INFO: dtree.c(1478): Final simple tree
|( WDBNDRY_E 0 5.304e+01 2.031e+01 6.000e+00
|    ( - 2.402e+01 1 0)
|    ( - 8.707e+00 1 0))
s>    ( WDBNDRY_E 0 5.304e+01 2.031e+01 6.000e+00
s>        ( - 2.402e+01 1 0)
s>        ( - 8.707e+00 1 0))INFO: dtree.c(1315): Comp split 58
INFO: dtree.c(1315): Comp split 59
INFO: dtree.c(1315): Comp split 60
INFO: dtree.c(1439): stop. leaf nodes are specific
INFO: dtree.c(1478): Final simple tree
|( SILENCE -1 1.159e+02 2.877e+01 1.200e+01
|    ( - 5.801e+01 1 0)
|    ( - 2.909e+01 1 0))
s>    ( SILENCE -1 1.159e+02 2.877e+01 1.200e+01
s>        ( - 5.801e+01 1 0)
s>        ( - 2.909e+01 1 0))INFO: dtree.c(1315): Comp split 61
INFO: dtree.c(1315): Comp split 62
INFO: dtree.c(1315): Comp split 63
INFO: dtree.c(1315): Comp split 64
INFO: dtree.c(1315): Comp split 65
INFO: dtree.c(1315): Comp split 66
INFO: dtree.c(1439): stop. leaf nodes are specific
INFO: dtree.c(1478): Final simple tree
|( QUESTION0_10_R 1 7.996e+01 2.602e+01 8.999e+00
|    ( - 3.116e+01 1 0)
|    ( - 2.278e+01 1 0))
s>    ( QUESTION0_10_R 1 7.996e+01 2.602e+01 8.999e+00
s>        ( - 3.116e+01 1 0)
s>        ( - 2.278e+01 1 0))INFO: dtree.c(1315): Comp split 67
INFO: dtree.c(1315): Comp split 68
INFO: dtree.c(1439): stop. leaf nodes are specific
INFO: dtree.c(1478): Final simple tree
|( QUESTION0_3_R 1 2.699e+01 1.028e+01 4.000e+00
|    ( - 0.000e+00 1 0)
|    ( - 1.671e+01 1 0))
s>    ( QUESTION0_3_R 1 2.699e+01 1.028e+01 4.000e+00
s>        ( - 0.000e+00 1 0)
s>        ( - 1.671e+01 1 0))INFO: dtree.c(1315): Comp split 69
INFO: dtree.c(1315): Comp split 70
INFO: dtree.c(1315): Comp split 71
INFO: dtree.c(1315): Comp split 72
INFO: dtree.c(1315): Comp split 73
INFO: dtree.c(1315): Comp split 74
INFO: dtree.c(1315): Comp split 75
INFO: dtree.c(1315): Comp split 76
INFO: dtree.c(1318): stop. leaf nodes are specific
Mon May 23 22:39:46 2022
