Current configuration:
[NAME]		[DEFLT]	[VALUE]
-allphones	no	no
-cntthresh	0.00001	1.000000e-05
-csplitmax	100	2000
-csplitmin	1	1
-csplitthr	8e-4	0.000000e+00
-example	no	no
-fullvar	no	no
-help		no	no
-meanfn			
-mixwfn			/home/rakha/Kuliah/Semester8/nlp/speech-sphinx/train-new-model/an4-master/model_parameters/an4.cd_ptm_untied/mixture_weights
-moddeffn		/home/rakha/Kuliah/Semester8/nlp/speech-sphinx/train-new-model/an4-master/model_architecture/an4.untied.mdef
-mwfloor	1e-4	1.000000e-08
-phone			K
-psetfn			/home/rakha/Kuliah/Semester8/nlp/speech-sphinx/train-new-model/an4-master/model_architecture/an4.tree_questions
-ssplitmax	5	7
-ssplitmin	1	1
-ssplitthr	8e-4	0.000000e+00
-state			1
-stwt			1.0,0.05,0.0,
-treefn			/home/rakha/Kuliah/Semester8/nlp/speech-sphinx/train-new-model/an4-master/trees/an4.unpruned/K-1.dtree
-ts2cbfn	.semi.	.semi.
-varfloor	0.00001	1.000000e-05
-varfn			

INFO: main.c(223): Reading: /home/rakha/Kuliah/Semester8/nlp/speech-sphinx/train-new-model/an4-master/model_architecture/an4.untied.mdef
INFO: model_def_io.c(573): Model definition info:
INFO: model_def_io.c(574): 1618 total models defined (34 base, 1584 tri)
INFO: model_def_io.c(575): 6472 total states
INFO: model_def_io.c(576): 4854 total tied states
INFO: model_def_io.c(577): 102 total tied CI states
INFO: model_def_io.c(578): 34 total tied transition matrices
INFO: model_def_io.c(579): 4 max state/model
INFO: model_def_io.c(580): 4 min state/model
INFO: main.c(242): Building trees for [K AA T i] through [K UW Y b]
INFO: main.c(269): Covering states |[2733 2825]| == 93
INFO: main.c(275): Reading: /home/rakha/Kuliah/Semester8/nlp/speech-sphinx/train-new-model/an4-master/model_parameters/an4.cd_ptm_untied/mixture_weights
INFO: s3mixw_io.c(173): Read /home/rakha/Kuliah/Semester8/nlp/speech-sphinx/train-new-model/an4-master/model_parameters/an4.cd_ptm_untied/mixture_weights [93x4x64 array]
INFO: main.c(311): 31 of 31 models have observation count greater than 0.000010
INFO: main.c(95): nrm stwt: 0.045 0.909 0.045 
INFO: main.c(411): 31-class entropy: 1.917530e+04
INFO: main.c(549): Reading: /home/rakha/Kuliah/Semester8/nlp/speech-sphinx/train-new-model/an4-master/model_architecture/an4.tree_questions
INFO: main.c(588): 180 total simple questions (172 phone; 8 word bndry)
INFO: main.c(590): 42 Left Only questions, and 42 Right Only questions
INFO: dtree.c(1478): Final simple tree
|( QUESTION1 1 2.311e+04 1.666e+03 1.151e+03
|    ( QUESTION1 -1 5.686e+03 2.163e+02 3.064e+02
|        ( - 1.903e+03 4 0)
|        ( QUESTION2_3_L -1 3.567e+03 1.692e+02 1.971e+02
|            ( - 6.895e+02 5 0)
|            ( QUESTION2_1_L -1 2.708e+03 1.572e+02 1.511e+02
|                ( - 7.015e+02 5 0 QUESTION4 -1 4.797e+01 4.500e+01)
|                ( QUESTION2_12_L -1 1.849e+03 1.216e+02 1.061e+02
|                    ( - 2.954e+02 2 0)
|                    ( QUESTION16 -1 1.432e+03 1.107e+02 8.610e+01
|                        ( - 6.684e+02 4 0 QUESTION2_9_L -1 5.954e+01 4.184e+01)
|                        ( - 6.533e+02 6 0 SILENCE -1 6.673e+01 4.426e+01))))))
|    ( QUESTION2_18_L -1 1.576e+04 2.466e+02 8.446e+02
|        ( - 2.189e+03 3 0 QUESTION4 1 9.818e+01 1.189e+02)
|        ( - 1.332e+04 2 0 WDBNDRY_B 0 5.433e+01 7.257e+02)))
s>    ( QUESTION1 1 2.311e+04 1.666e+03 1.151e+03
s>        ( QUESTION1 -1 5.686e+03 2.163e+02 3.064e+02
s>            ( - 1.903e+03 4 0)
s>            ( QUESTION2_3_L -1 3.567e+03 1.692e+02 1.971e+02
s>                ( - 6.895e+02 5 0)
s>                ( QUESTION2_1_L -1 2.708e+03 1.572e+02 1.511e+02
s>                    ( - 7.015e+02 5 0 QUESTION4 -1 4.797e+01 4.500e+01)
s>                    ( QUESTION2_12_L -1 1.849e+03 1.216e+02 1.061e+02
s>                        ( - 2.954e+02 2 0)
s>                        ( QUESTION16 -1 1.432e+03 1.107e+02 8.610e+01
s>                            ( - 6.684e+02 4 0 QUESTION2_9_L -1 5.954e+01 4.184e+01)
s>                            ( - 6.533e+02 6 0 SILENCE -1 6.673e+01 4.426e+01))))))
s>        ( QUESTION2_18_L -1 1.576e+04 2.466e+02 8.446e+02
s>            ( - 2.189e+03 3 0 QUESTION4 1 9.818e+01 1.189e+02)
s>            ( - 1.332e+04 2 0 WDBNDRY_B 0 5.433e+01 7.257e+02)))INFO: dtree.c(1315): Comp split 0
INFO: dtree.c(1478): Final simple tree
|( QUESTION1 -1 5.686e+03 2.163e+02 3.064e+02
|    ( - 1.903e+03 4 0)
|    ( QUESTION2_3_L -1 3.567e+03 1.692e+02 1.971e+02
|        ( - 6.895e+02 5 0)
|        ( QUESTION2_1_L -1 2.708e+03 1.572e+02 1.511e+02
|            ( - 7.015e+02 5 0 QUESTION4 -1 4.797e+01 4.500e+01)
|            ( QUESTION2_12_L -1 1.849e+03 1.216e+02 1.061e+02
|                ( - 2.954e+02 2 0)
|                ( QUESTION16 -1 1.432e+03 1.107e+02 8.610e+01
|                    ( QUESTION2_9_L -1 6.684e+02 5.954e+01 4.184e+01
|                        ( - 3.874e+01 2 0)
|                        ( - 5.701e+02 2 0))
|                    ( SILENCE -1 6.533e+02 6.673e+01 4.426e+01
|                        ( - 3.530e+02 2 0)
|                        ( - 2.337e+02 4 0 QUESTION5 -1 4.485e+01 1.800e+01)))))))
s>    ( QUESTION1 -1 5.686e+03 2.163e+02 3.064e+02
s>        ( - 1.903e+03 4 0)
s>        ( QUESTION2_3_L -1 3.567e+03 1.692e+02 1.971e+02
s>            ( - 6.895e+02 5 0)
s>            ( QUESTION2_1_L -1 2.708e+03 1.572e+02 1.511e+02
s>                ( - 7.015e+02 5 0 QUESTION4 -1 4.797e+01 4.500e+01)
s>                ( QUESTION2_12_L -1 1.849e+03 1.216e+02 1.061e+02
s>                    ( - 2.954e+02 2 0)
s>                    ( QUESTION16 -1 1.432e+03 1.107e+02 8.610e+01
s>                        ( QUESTION2_9_L -1 6.684e+02 5.954e+01 4.184e+01
s>                            ( - 3.874e+01 2 0)
s>                            ( - 5.701e+02 2 0))
s>                        ( SILENCE -1 6.533e+02 6.673e+01 4.426e+01
s>                            ( - 3.530e+02 2 0)
s>                            ( - 2.337e+02 4 0 QUESTION5 -1 4.485e+01 1.800e+01)))))))INFO: dtree.c(1439): stop. leaf nodes are specific
INFO: dtree.c(1478): Final simple tree
|( QUESTION2_18_L -1 1.576e+04 2.466e+02 8.446e+02
|    ( QUESTION4 1 2.189e+03 9.818e+01 1.189e+02
|        ( - 2.038e+03 1 0)
|        ( QUESTION0_8_R 1 5.335e+01 1.913e+01 5.000e+00
|            ( - 1.310e+01 1 0)
|            ( - 2.111e+01 1 0)))
|    ( WDBNDRY_B 0 1.332e+04 5.433e+01 7.257e+02
|        ( - 1.443e+01 1 0)
|        ( - 1.325e+04 1 0)))
s>    ( QUESTION2_18_L -1 1.576e+04 2.466e+02 8.446e+02
s>        ( QUESTION4 1 2.189e+03 9.818e+01 1.189e+02
s>            ( - 2.038e+03 1 0)
s>            ( QUESTION0_8_R 1 5.335e+01 1.913e+01 5.000e+00
s>                ( - 1.310e+01 1 0)
s>                ( - 2.111e+01 1 0)))
s>        ( WDBNDRY_B 0 1.332e+04 5.433e+01 7.257e+02
s>            ( - 1.443e+01 1 0)
s>            ( - 1.325e+04 1 0)))INFO: dtree.c(1315): Comp split 1
INFO: dtree.c(1439): stop. leaf nodes are specific
INFO: dtree.c(1478): Final simple tree
|( QUESTION0 -1 1.607e+03 1.308e+02 9.600e+01
|    ( - 6.895e+02 5 0)
|    ( QUESTION4 -1 7.870e+02 6.413e+01 5.000e+01
|        ( - 6.258e+02 4 0)
|        ( QUESTION6 -1 9.716e+01 3.062e+01 9.000e+00
|            ( - 2.780e+01 1 0)
|            ( - 3.874e+01 2 0))))
s>    ( QUESTION0 -1 1.607e+03 1.308e+02 9.600e+01
s>        ( - 6.895e+02 5 0)
s>        ( QUESTION4 -1 7.870e+02 6.413e+01 5.000e+01
s>            ( - 6.258e+02 4 0)
s>            ( QUESTION6 -1 9.716e+01 3.062e+01 9.000e+00
s>                ( - 2.780e+01 1 0)
s>                ( - 3.874e+01 2 0))))INFO: dtree.c(1439): stop. leaf nodes are specific
INFO: dtree.c(1478): Final simple tree
|( QUESTION1 -1 3.816e+03 1.612e+02 2.104e+02
|    ( - 1.903e+03 4 0)
|    ( QUESTION2_12_L -1 1.752e+03 1.236e+02 1.011e+02
|        ( - 2.954e+02 2 0)
|        ( QUESTION16 -1 1.333e+03 1.091e+02 8.110e+01
|            ( - 5.701e+02 2 0)
|            ( SILENCE -1 6.533e+02 6.673e+01 4.426e+01
|                ( - 3.530e+02 2 0)
|                ( QUESTION5 -1 2.337e+02 4.485e+01 1.800e+01
|                    ( - 7.022e+01 2 0)
|                    ( QUESTION0 -1 1.186e+02 1.993e+01 1.100e+01
|                        ( - 8.546e+01 1 0)
|                        ( - 1.321e+01 1 0)))))))
s>    ( QUESTION1 -1 3.816e+03 1.612e+02 2.104e+02
s>        ( - 1.903e+03 4 0)
s>        ( QUESTION2_12_L -1 1.752e+03 1.236e+02 1.011e+02
s>            ( - 2.954e+02 2 0)
s>            ( QUESTION16 -1 1.333e+03 1.091e+02 8.110e+01
s>                ( - 5.701e+02 2 0)
s>                ( SILENCE -1 6.533e+02 6.673e+01 4.426e+01
s>                    ( - 3.530e+02 2 0)
s>                    ( QUESTION5 -1 2.337e+02 4.485e+01 1.800e+01
s>                        ( - 7.022e+01 2 0)
s>                        ( QUESTION0 -1 1.186e+02 1.993e+01 1.100e+01
s>                            ( - 8.546e+01 1 0)
s>                            ( - 1.321e+01 1 0)))))))INFO: dtree.c(1315): Comp split 2
INFO: dtree.c(1439): stop. leaf nodes are specific
INFO: dtree.c(1478): Final simple tree
|( QUESTION4 1 2.189e+03 9.818e+01 1.189e+02
|    ( - 2.038e+03 1 0)
|    ( QUESTION0_8_R 1 5.335e+01 1.913e+01 5.000e+00
|        ( - 1.310e+01 1 0)
|        ( - 2.111e+01 1 0)))
s>    ( QUESTION4 1 2.189e+03 9.818e+01 1.189e+02
s>        ( - 2.038e+03 1 0)
s>        ( QUESTION0_8_R 1 5.335e+01 1.913e+01 5.000e+00
s>            ( - 1.310e+01 1 0)
s>            ( - 2.111e+01 1 0)))INFO: dtree.c(1439): stop. leaf nodes are specific
INFO: dtree.c(1478): Final simple tree
|( WDBNDRY_B 0 1.332e+04 5.433e+01 7.257e+02
|    ( - 1.443e+01 1 0)
|    ( - 1.325e+04 1 0))
s>    ( WDBNDRY_B 0 1.332e+04 5.433e+01 7.257e+02
s>        ( - 1.443e+01 1 0)
s>        ( - 1.325e+04 1 0))INFO: dtree.c(1315): Comp split 3
INFO: dtree.c(1439): stop. leaf nodes are specific
INFO: dtree.c(1478): Final simple tree
|( SILENCE -1 2.357e+03 1.007e+02 1.355e+02
|    ( - 3.530e+02 2 0)
|    ( - 1.903e+03 4 0))
s>    ( SILENCE -1 2.357e+03 1.007e+02 1.355e+02
s>        ( - 3.530e+02 2 0)
s>        ( - 1.903e+03 4 0))INFO: dtree.c(1439): stop. leaf nodes are specific
INFO: dtree.c(1478): Final simple tree
|( QUESTION2_12_L -1 1.295e+03 1.091e+02 7.484e+01
|    ( - 2.954e+02 2 0)
|    ( QUESTION16 -1 8.903e+02 8.647e+01 5.484e+01
|        ( - 5.701e+02 2 0)
|        ( QUESTION5 -1 2.337e+02 4.485e+01 1.800e+01
|            ( - 7.022e+01 2 0)
|            ( QUESTION0 -1 1.186e+02 1.993e+01 1.100e+01
|                ( - 8.546e+01 1 0)
|                ( - 1.321e+01 1 0)))))
s>    ( QUESTION2_12_L -1 1.295e+03 1.091e+02 7.484e+01
s>        ( - 2.954e+02 2 0)
s>        ( QUESTION16 -1 8.903e+02 8.647e+01 5.484e+01
s>            ( - 5.701e+02 2 0)
s>            ( QUESTION5 -1 2.337e+02 4.485e+01 1.800e+01
s>                ( - 7.022e+01 2 0)
s>                ( QUESTION0 -1 1.186e+02 1.993e+01 1.100e+01
s>                    ( - 8.546e+01 1 0)
s>                    ( - 1.321e+01 1 0)))))INFO: dtree.c(1315): Comp split 4
INFO: dtree.c(1439): stop. leaf nodes are specific
INFO: dtree.c(1478): Final simple tree
|( QUESTION4 -1 7.104e+02 4.593e+01 4.600e+01
|    ( - 6.258e+02 4 0)
|    ( - 3.874e+01 2 0))
s>    ( QUESTION4 -1 7.104e+02 4.593e+01 4.600e+01
s>        ( - 6.258e+02 4 0)
s>        ( - 3.874e+01 2 0))INFO: dtree.c(1439): stop. leaf nodes are specific
INFO: dtree.c(1478): Final simple tree
|( QUESTION0 -1 7.658e+02 4.842e+01 4.999e+01
|    ( - 6.895e+02 5 0)
|    ( - 2.780e+01 1 0))
s>    ( QUESTION0 -1 7.658e+02 4.842e+01 4.999e+01
s>        ( - 6.895e+02 5 0)
s>        ( - 2.780e+01 1 0))INFO: dtree.c(1315): Comp split 5
INFO: dtree.c(1439): stop. leaf nodes are specific
INFO: dtree.c(1478): Final simple tree
|( QUESTION5 -1 7.548e+02 6.604e+01 4.784e+01
|    ( - 5.701e+02 2 0)
|    ( QUESTION0 -1 1.186e+02 1.993e+01 1.100e+01
|        ( - 8.546e+01 1 0)
|        ( - 1.321e+01 1 0)))
s>    ( QUESTION5 -1 7.548e+02 6.604e+01 4.784e+01
s>        ( - 5.701e+02 2 0)
s>        ( QUESTION0 -1 1.186e+02 1.993e+01 1.100e+01
s>            ( - 8.546e+01 1 0)
s>            ( - 1.321e+01 1 0)))INFO: dtree.c(1439): stop. leaf nodes are specific
INFO: dtree.c(1478): Final simple tree
|( QUESTION0 -1 4.238e+02 5.823e+01 2.700e+01
|    ( - 2.954e+02 2 0)
|    ( - 7.022e+01 2 0))
s>    ( QUESTION0 -1 4.238e+02 5.823e+01 2.700e+01
s>        ( - 2.954e+02 2 0)
s>        ( - 7.022e+01 2 0))INFO: dtree.c(1315): Comp split 6
INFO: dtree.c(1315): Comp split 7
INFO: dtree.c(1439): stop. leaf nodes are specific
INFO: dtree.c(1478): Final simple tree
|( QUESTION0_8_R 1 5.335e+01 1.913e+01 5.000e+00
|    ( - 1.310e+01 1 0)
|    ( - 2.111e+01 1 0))
s>    ( QUESTION0_8_R 1 5.335e+01 1.913e+01 5.000e+00
s>        ( - 1.310e+01 1 0)
s>        ( - 2.111e+01 1 0))INFO: dtree.c(1315): Comp split 8
INFO: dtree.c(1439): stop. leaf nodes are specific
INFO: dtree.c(1478): Final simple tree
|( QUESTION0 -1 1.186e+02 1.993e+01 1.100e+01
|    ( - 8.546e+01 1 0)
|    ( - 1.321e+01 1 0))
s>    ( QUESTION0 -1 1.186e+02 1.993e+01 1.100e+01
s>        ( - 8.546e+01 1 0)
s>        ( - 1.321e+01 1 0))INFO: dtree.c(1315): Comp split 9
INFO: dtree.c(1315): Comp split 10
INFO: dtree.c(1315): Comp split 11
INFO: dtree.c(1315): Comp split 12
INFO: dtree.c(1315): Comp split 13
INFO: dtree.c(1315): Comp split 14
INFO: dtree.c(1315): Comp split 15
INFO: dtree.c(1318): stop. leaf nodes are specific
Mon May 23 22:39:49 2022
