Current configuration:
[NAME]		[DEFLT]	[VALUE]
-allphones	no	no
-cntthresh	0.00001	1.000000e-05
-csplitmax	100	2000
-csplitmin	1	1
-csplitthr	8e-4	0.000000e+00
-example	no	no
-fullvar	no	no
-help		no	no
-meanfn			
-mixwfn			/home/rakha/Kuliah/Semester8/nlp/speech-sphinx/train-new-model/an4-master/model_parameters/an4.cd_ptm_untied/mixture_weights
-moddeffn		/home/rakha/Kuliah/Semester8/nlp/speech-sphinx/train-new-model/an4-master/model_architecture/an4.untied.mdef
-mwfloor	1e-4	1.000000e-08
-phone			IH
-psetfn			/home/rakha/Kuliah/Semester8/nlp/speech-sphinx/train-new-model/an4-master/model_architecture/an4.tree_questions
-ssplitmax	5	7
-ssplitmin	1	1
-ssplitthr	8e-4	0.000000e+00
-state			0
-stwt			1.0,0.05,0.0,
-treefn			/home/rakha/Kuliah/Semester8/nlp/speech-sphinx/train-new-model/an4-master/trees/an4.unpruned/IH-0.dtree
-ts2cbfn	.semi.	.semi.
-varfloor	0.00001	1.000000e-05
-varfn			

INFO: main.c(223): Reading: /home/rakha/Kuliah/Semester8/nlp/speech-sphinx/train-new-model/an4-master/model_architecture/an4.untied.mdef
INFO: model_def_io.c(573): Model definition info:
INFO: model_def_io.c(574): 1618 total models defined (34 base, 1584 tri)
INFO: model_def_io.c(575): 6472 total states
INFO: model_def_io.c(576): 4854 total tied states
INFO: model_def_io.c(577): 102 total tied CI states
INFO: model_def_io.c(578): 34 total tied transition matrices
INFO: model_def_io.c(579): 4 max state/model
INFO: model_def_io.c(580): 4 min state/model
INFO: main.c(242): Building trees for [IH D S i] through [IH Z R i]
INFO: main.c(269): Covering states |[1809 1835]| == 27
INFO: main.c(275): Reading: /home/rakha/Kuliah/Semester8/nlp/speech-sphinx/train-new-model/an4-master/model_parameters/an4.cd_ptm_untied/mixture_weights
INFO: s3mixw_io.c(173): Read /home/rakha/Kuliah/Semester8/nlp/speech-sphinx/train-new-model/an4-master/model_parameters/an4.cd_ptm_untied/mixture_weights [27x4x64 array]
INFO: main.c(311): 9 of 9 models have observation count greater than 0.000010
INFO: main.c(95): nrm stwt: 0.952 0.048 0.000 
INFO: main.c(411): 9-class entropy: 2.083439e+04
INFO: main.c(549): Reading: /home/rakha/Kuliah/Semester8/nlp/speech-sphinx/train-new-model/an4-master/model_architecture/an4.tree_questions
INFO: main.c(588): 180 total simple questions (172 phone; 8 word bndry)
INFO: main.c(590): 42 Left Only questions, and 42 Right Only questions
INFO: dtree.c(1478): Final simple tree
|( QUESTION2_1_L -1 2.429e+04 1.785e+03 1.222e+03
|    ( QUESTION0_10_R 1 1.729e+04 6.128e+02 9.472e+02
|        ( - 1.382e+04 1 0)
|        ( QUESTION0_8_R 1 2.850e+03 2.668e+01 1.675e+02
|            ( - 6.200e-01 1 0)
|            ( - 2.822e+03 1 0)))
|    ( WDBNDRY_B 0 5.222e+03 6.319e+02 2.751e+02
|        ( QUESTION0_5_R 1 3.013e+03 1.594e+02 1.885e+02
|            ( QUESTION3 -1 2.119e+02 4.425e+01 1.700e+01
|                ( - 1.323e+02 1 0)
|                ( - 3.532e+01 2 0 SILENCE -1 1.165e+01 5.000e+00))
|            ( - 2.641e+03 1 0))
|        ( QUESTION0_0_R 1 1.578e+03 1.868e+02 8.662e+01
|            ( - 1.061e+03 1 0)
|            ( - 3.296e+02 1 0))))
s>    ( QUESTION2_1_L -1 2.429e+04 1.785e+03 1.222e+03
s>        ( QUESTION0_10_R 1 1.729e+04 6.128e+02 9.472e+02
s>            ( - 1.382e+04 1 0)
s>            ( QUESTION0_8_R 1 2.850e+03 2.668e+01 1.675e+02
s>                ( - 6.200e-01 1 0)
s>                ( - 2.822e+03 1 0)))
s>        ( WDBNDRY_B 0 5.222e+03 6.319e+02 2.751e+02
s>            ( QUESTION0_5_R 1 3.013e+03 1.594e+02 1.885e+02
s>                ( QUESTION3 -1 2.119e+02 4.425e+01 1.700e+01
s>                    ( - 1.323e+02 1 0)
s>                    ( - 3.532e+01 2 0 SILENCE -1 1.165e+01 5.000e+00))
s>                ( - 2.641e+03 1 0))
s>            ( QUESTION0_0_R 1 1.578e+03 1.868e+02 8.662e+01
s>                ( - 1.061e+03 1 0)
s>                ( - 3.296e+02 1 0))))INFO: dtree.c(1315): Comp split 0
INFO: dtree.c(1439): stop. leaf nodes are specific
INFO: dtree.c(1478): Final simple tree
|( QUESTION0_6_R 1 3.628e+03 3.016e+02 2.122e+02
|    ( - 2.641e+03 1 0)
|    ( WDBNDRY_B 0 6.848e+02 1.255e+02 4.071e+01
|        ( QUESTION3 -1 2.119e+02 4.425e+01 1.700e+01
|            ( - 1.323e+02 1 0)
|            ( SILENCE -1 3.532e+01 1.165e+01 5.000e+00
|                ( - 2.367e+01 1 0)
|                ( - 0.000e+00 1 0)))
|        ( QUESTION0_8_R 1 3.474e+02 1.721e+01 2.371e+01
|            ( - 6.200e-01 1 0)
|            ( - 3.296e+02 1 0))))
s>    ( QUESTION0_6_R 1 3.628e+03 3.016e+02 2.122e+02
s>        ( - 2.641e+03 1 0)
s>        ( WDBNDRY_B 0 6.848e+02 1.255e+02 4.071e+01
s>            ( QUESTION3 -1 2.119e+02 4.425e+01 1.700e+01
s>                ( - 1.323e+02 1 0)
s>                ( SILENCE -1 3.532e+01 1.165e+01 5.000e+00
s>                    ( - 2.367e+01 1 0)
s>                    ( - 0.000e+00 1 0)))
s>            ( QUESTION0_8_R 1 3.474e+02 1.721e+01 2.371e+01
s>                ( - 6.200e-01 1 0)
s>                ( - 3.296e+02 1 0))))INFO: dtree.c(1439): stop. leaf nodes are specific
INFO: dtree.c(1478): Final simple tree
|( QUESTION0_10_R 1 1.880e+04 6.751e+02 1.010e+03
|    ( - 1.382e+04 1 0)
|    ( QUESTION0_0_R 1 4.305e+03 4.214e+02 2.304e+02
|        ( - 1.061e+03 1 0)
|        ( - 2.822e+03 1 0)))
s>    ( QUESTION0_10_R 1 1.880e+04 6.751e+02 1.010e+03
s>        ( - 1.382e+04 1 0)
s>        ( QUESTION0_0_R 1 4.305e+03 4.214e+02 2.304e+02
s>            ( - 1.061e+03 1 0)
s>            ( - 2.822e+03 1 0)))INFO: dtree.c(1315): Comp split 1
INFO: dtree.c(1439): stop. leaf nodes are specific
INFO: dtree.c(1478): Final simple tree
|( QUESTION0_0_R 1 4.305e+03 4.214e+02 2.304e+02
|    ( - 1.061e+03 1 0)
|    ( - 2.822e+03 1 0))
s>    ( QUESTION0_0_R 1 4.305e+03 4.214e+02 2.304e+02
s>        ( - 1.061e+03 1 0)
s>        ( - 2.822e+03 1 0))INFO: dtree.c(1315): Comp split 2
INFO: dtree.c(1315): Comp split 3
INFO: dtree.c(1439): stop. leaf nodes are specific
INFO: dtree.c(1478): Final simple tree
|( SILENCE -1 2.656e+03 1.431e+01 1.725e+02
|    ( - 2.641e+03 1 0)
|    ( - 0.000e+00 1 0))
s>    ( SILENCE -1 2.656e+03 1.431e+01 1.725e+02
s>        ( - 2.641e+03 1 0)
s>        ( - 0.000e+00 1 0))INFO: dtree.c(1439): stop. leaf nodes are specific
INFO: dtree.c(1478): Final simple tree
|( WDBNDRY_B 0 6.670e+02 1.244e+02 3.971e+01
|    ( SILENCE -1 1.952e+02 3.922e+01 1.600e+01
|        ( - 2.367e+01 1 0)
|        ( - 1.323e+02 1 0))
|    ( QUESTION0_8_R 1 3.474e+02 1.721e+01 2.371e+01
|        ( - 6.200e-01 1 0)
|        ( - 3.296e+02 1 0)))
s>    ( WDBNDRY_B 0 6.670e+02 1.244e+02 3.971e+01
s>        ( SILENCE -1 1.952e+02 3.922e+01 1.600e+01
s>            ( - 2.367e+01 1 0)
s>            ( - 1.323e+02 1 0))
s>        ( QUESTION0_8_R 1 3.474e+02 1.721e+01 2.371e+01
s>            ( - 6.200e-01 1 0)
s>            ( - 3.296e+02 1 0)))INFO: dtree.c(1315): Comp split 4
INFO: dtree.c(1439): stop. leaf nodes are specific
INFO: dtree.c(1478): Final simple tree
|( QUESTION0_8_R 1 3.474e+02 1.721e+01 2.371e+01
|    ( - 6.200e-01 1 0)
|    ( - 3.296e+02 1 0))
s>    ( QUESTION0_8_R 1 3.474e+02 1.721e+01 2.371e+01
s>        ( - 6.200e-01 1 0)
s>        ( - 3.296e+02 1 0))INFO: dtree.c(1439): stop. leaf nodes are specific
INFO: dtree.c(1478): Final simple tree
|( SILENCE -1 1.952e+02 3.922e+01 1.600e+01
|    ( - 2.367e+01 1 0)
|    ( - 1.323e+02 1 0))
s>    ( SILENCE -1 1.952e+02 3.922e+01 1.600e+01
s>        ( - 2.367e+01 1 0)
s>        ( - 1.323e+02 1 0))INFO: dtree.c(1315): Comp split 5
INFO: dtree.c(1315): Comp split 6
INFO: dtree.c(1315): Comp split 7
INFO: dtree.c(1315): Comp split 8
INFO: dtree.c(1318): stop. leaf nodes are specific
Mon May 23 22:39:48 2022
