Current configuration:
[NAME]		[DEFLT]	[VALUE]
-allphones	no	no
-cntthresh	0.00001	1.000000e-05
-csplitmax	100	2000
-csplitmin	1	1
-csplitthr	8e-4	0.000000e+00
-example	no	no
-fullvar	no	no
-help		no	no
-meanfn			
-mixwfn			/home/rakha/Kuliah/Semester8/nlp/speech-sphinx/train-new-model/an4-master/model_parameters/an4.cd_ptm_untied/mixture_weights
-moddeffn		/home/rakha/Kuliah/Semester8/nlp/speech-sphinx/train-new-model/an4-master/model_architecture/an4.untied.mdef
-mwfloor	1e-4	1.000000e-08
-phone			AH
-psetfn			/home/rakha/Kuliah/Semester8/nlp/speech-sphinx/train-new-model/an4-master/model_architecture/an4.tree_questions
-ssplitmax	5	7
-ssplitmin	1	1
-ssplitthr	8e-4	0.000000e+00
-state			1
-stwt			1.0,0.05,0.0,
-treefn			/home/rakha/Kuliah/Semester8/nlp/speech-sphinx/train-new-model/an4-master/trees/an4.unpruned/AH-1.dtree
-ts2cbfn	.semi.	.semi.
-varfloor	0.00001	1.000000e-05
-varfn			

INFO: main.c(223): Reading: /home/rakha/Kuliah/Semester8/nlp/speech-sphinx/train-new-model/an4-master/model_architecture/an4.untied.mdef
INFO: model_def_io.c(573): Model definition info:
INFO: model_def_io.c(574): 1618 total models defined (34 base, 1584 tri)
INFO: model_def_io.c(575): 6472 total states
INFO: model_def_io.c(576): 4854 total tied states
INFO: model_def_io.c(577): 102 total tied CI states
INFO: model_def_io.c(578): 34 total tied transition matrices
INFO: model_def_io.c(579): 4 max state/model
INFO: model_def_io.c(580): 4 min state/model
INFO: main.c(242): Building trees for [AH AH AY s] through [AH Z N i]
INFO: main.c(269): Covering states |[177 470]| == 294
INFO: main.c(275): Reading: /home/rakha/Kuliah/Semester8/nlp/speech-sphinx/train-new-model/an4-master/model_parameters/an4.cd_ptm_untied/mixture_weights
INFO: s3mixw_io.c(173): Read /home/rakha/Kuliah/Semester8/nlp/speech-sphinx/train-new-model/an4-master/model_parameters/an4.cd_ptm_untied/mixture_weights [294x4x64 array]
INFO: main.c(311): 98 of 98 models have observation count greater than 0.000010
INFO: main.c(95): nrm stwt: 0.045 0.909 0.045 
INFO: main.c(411): 98-class entropy: 3.681890e+04
INFO: main.c(549): Reading: /home/rakha/Kuliah/Semester8/nlp/speech-sphinx/train-new-model/an4-master/model_architecture/an4.tree_questions
INFO: main.c(588): 180 total simple questions (172 phone; 8 word bndry)
INFO: main.c(590): 42 Left Only questions, and 42 Right Only questions
INFO: dtree.c(1478): Final simple tree
|( WDBNDRY_S 0 5.606e+04 6.031e+03 2.778e+03
|    ( SILENCE 1 2.762e+04 4.332e+02 1.721e+03
|        ( - 2.251e+03 5 0 QUESTION2 -1 1.687e+02 1.439e+02)
|        ( QUESTION1 -1 2.494e+04 3.974e+02 1.577e+03
|            ( - 1.040e+04 17 0 QUESTION0_9_R 1 2.984e+02 7.151e+02)
|            ( - 1.414e+04 58 0 QUESTION2_3_L -1 3.328e+02 8.621e+02)))
|    ( QUESTION2 -1 2.240e+04 1.671e+03 1.057e+03
|        ( - 6.353e+03 2 0 WDBNDRY_B 0 2.745e+01 3.720e+02)
|        ( QUESTION0_1_R 1 1.438e+04 1.192e+03 6.847e+02
|            ( - 6.615e+03 4 0 QUESTION2_2_L -1 2.627e+02 3.656e+02)
|            ( QUESTION20 -1 6.571e+03 5.228e+02 3.191e+02
|                ( - 1.189e+03 3 0 QUESTION0_17_R 1 3.693e+01 7.390e+01)
|                ( QUESTION0_13_R 1 4.860e+03 4.615e+02 2.452e+02
|                    ( - 2.250e+03 2 0 QUESTION0_16_R 1 8.348e+01 1.252e+02)
|                    ( - 2.148e+03 7 0 QUESTION7 -1 1.189e+02 1.200e+02))))))
s>    ( WDBNDRY_S 0 5.606e+04 6.031e+03 2.778e+03
s>        ( SILENCE 1 2.762e+04 4.332e+02 1.721e+03
s>            ( - 2.251e+03 5 0 QUESTION2 -1 1.687e+02 1.439e+02)
s>            ( QUESTION1 -1 2.494e+04 3.974e+02 1.577e+03
s>                ( - 1.040e+04 17 0 QUESTION0_9_R 1 2.984e+02 7.151e+02)
s>                ( - 1.414e+04 58 0 QUESTION2_3_L -1 3.328e+02 8.621e+02)))
s>        ( QUESTION2 -1 2.240e+04 1.671e+03 1.057e+03
s>            ( - 6.353e+03 2 0 WDBNDRY_B 0 2.745e+01 3.720e+02)
s>            ( QUESTION0_1_R 1 1.438e+04 1.192e+03 6.847e+02
s>                ( - 6.615e+03 4 0 QUESTION2_2_L -1 2.627e+02 3.656e+02)
s>                ( QUESTION20 -1 6.571e+03 5.228e+02 3.191e+02
s>                    ( - 1.189e+03 3 0 QUESTION0_17_R 1 3.693e+01 7.390e+01)
s>                    ( QUESTION0_13_R 1 4.860e+03 4.615e+02 2.452e+02
s>                        ( - 2.250e+03 2 0 QUESTION0_16_R 1 8.348e+01 1.252e+02)
s>                        ( - 2.148e+03 7 0 QUESTION7 -1 1.189e+02 1.200e+02))))))INFO: dtree.c(1315): Comp split 0
INFO: dtree.c(1478): Final simple tree
|( QUESTION2 -1 2.240e+04 1.671e+03 1.057e+03
|    ( - 6.353e+03 2 0 WDBNDRY_B 0 2.745e+01 3.720e+02)
|    ( QUESTION0_1_R 1 1.438e+04 1.192e+03 6.847e+02
|        ( QUESTION2_2_L -1 6.615e+03 2.627e+02 3.656e+02
|            ( - 5.740e+03 1 0)
|            ( QUESTION6 -1 6.122e+02 1.016e+02 3.710e+01
|                ( - 1.821e+02 2 0 QUESTION7 -1 4.726e+01 1.400e+01)
|                ( - 3.285e+02 1 0)))
|        ( QUESTION20 -1 6.571e+03 5.228e+02 3.191e+02
|            ( - 1.189e+03 3 0 QUESTION0_17_R 1 3.693e+01 7.390e+01)
|            ( QUESTION0_13_R 1 4.860e+03 4.615e+02 2.452e+02
|                ( - 2.250e+03 2 0 QUESTION0_16_R 1 8.348e+01 1.252e+02)
|                ( QUESTION7 -1 2.148e+03 1.189e+02 1.200e+02
|                    ( - 1.877e+03 2 0 QUESTION0_0_R 1 4.245e+01 1.080e+02)
|                    ( - 1.514e+02 5 0 QUESTION0_0_R 1 4.393e+01 1.200e+01))))))
s>    ( QUESTION2 -1 2.240e+04 1.671e+03 1.057e+03
s>        ( - 6.353e+03 2 0 WDBNDRY_B 0 2.745e+01 3.720e+02)
s>        ( QUESTION0_1_R 1 1.438e+04 1.192e+03 6.847e+02
s>            ( QUESTION2_2_L -1 6.615e+03 2.627e+02 3.656e+02
s>                ( - 5.740e+03 1 0)
s>                ( QUESTION6 -1 6.122e+02 1.016e+02 3.710e+01
s>                    ( - 1.821e+02 2 0 QUESTION7 -1 4.726e+01 1.400e+01)
s>                    ( - 3.285e+02 1 0)))
s>            ( QUESTION20 -1 6.571e+03 5.228e+02 3.191e+02
s>                ( - 1.189e+03 3 0 QUESTION0_17_R 1 3.693e+01 7.390e+01)
s>                ( QUESTION0_13_R 1 4.860e+03 4.615e+02 2.452e+02
s>                    ( - 2.250e+03 2 0 QUESTION0_16_R 1 8.348e+01 1.252e+02)
s>                    ( QUESTION7 -1 2.148e+03 1.189e+02 1.200e+02
s>                        ( - 1.877e+03 2 0 QUESTION0_0_R 1 4.245e+01 1.080e+02)
s>                        ( - 1.514e+02 5 0 QUESTION0_0_R 1 4.393e+01 1.200e+01))))))INFO: dtree.c(1478): Final simple tree
|( SILENCE 1 2.762e+04 4.332e+02 1.721e+03
|    ( - 2.251e+03 5 0 QUESTION2 -1 1.687e+02 1.439e+02)
|    ( QUESTION1 -1 2.494e+04 3.974e+02 1.577e+03
|        ( QUESTION0_9_R 1 1.040e+04 2.984e+02 7.151e+02
|            ( - 4.867e+03 8 0 QUESTION0_10_R 1 1.748e+02 3.489e+02)
|            ( - 5.233e+03 9 0 QUESTION2 1 2.198e+02 3.662e+02))
|        ( QUESTION2_3_L -1 1.414e+04 3.328e+02 8.621e+02
|            ( - 3.781e+03 15 0 QUESTION0_13_R 1 2.196e+02 2.396e+02)
|            ( QUESTION2 1 1.003e+04 3.071e+02 6.224e+02
|                ( - 2.446e+03 10 0 QUESTION6 -1 1.983e+02 1.684e+02)
|                ( SILENCE -1 7.276e+03 2.813e+02 4.540e+02
|                    ( - 1.136e+03 4 0 QUESTION0_10_R 1 1.289e+02 8.112e+01)
|                    ( QUESTION2_9_L -1 5.859e+03 2.384e+02 3.729e+02
|                        ( - 9.642e+02 7 0 QUESTION0_14_R 1 1.268e+02 6.626e+01)
|                        ( - 4.656e+03 22 0 QUESTION6 1 2.096e+02 3.066e+02)))))))
s>    ( SILENCE 1 2.762e+04 4.332e+02 1.721e+03
s>        ( - 2.251e+03 5 0 QUESTION2 -1 1.687e+02 1.439e+02)
s>        ( QUESTION1 -1 2.494e+04 3.974e+02 1.577e+03
s>            ( QUESTION0_9_R 1 1.040e+04 2.984e+02 7.151e+02
s>                ( - 4.867e+03 8 0 QUESTION0_10_R 1 1.748e+02 3.489e+02)
s>                ( - 5.233e+03 9 0 QUESTION2 1 2.198e+02 3.662e+02))
s>            ( QUESTION2_3_L -1 1.414e+04 3.328e+02 8.621e+02
s>                ( - 3.781e+03 15 0 QUESTION0_13_R 1 2.196e+02 2.396e+02)
s>                ( QUESTION2 1 1.003e+04 3.071e+02 6.224e+02
s>                    ( - 2.446e+03 10 0 QUESTION6 -1 1.983e+02 1.684e+02)
s>                    ( SILENCE -1 7.276e+03 2.813e+02 4.540e+02
s>                        ( - 1.136e+03 4 0 QUESTION0_10_R 1 1.289e+02 8.112e+01)
s>                        ( QUESTION2_9_L -1 5.859e+03 2.384e+02 3.729e+02
s>                            ( - 9.642e+02 7 0 QUESTION0_14_R 1 1.268e+02 6.626e+01)
s>                            ( - 4.656e+03 22 0 QUESTION6 1 2.096e+02 3.066e+02)))))))INFO: dtree.c(1315): Comp split 1
INFO: dtree.c(1478): Final simple tree
|( QUESTION0_1_R 1 1.438e+04 1.192e+03 6.847e+02
|    ( QUESTION2_2_L -1 6.615e+03 2.627e+02 3.656e+02
|        ( - 5.740e+03 1 0)
|        ( QUESTION6 -1 6.122e+02 1.016e+02 3.710e+01
|            ( - 1.821e+02 2 0 QUESTION7 -1 4.726e+01 1.400e+01)
|            ( - 3.285e+02 1 0)))
|    ( QUESTION20 -1 6.571e+03 5.228e+02 3.191e+02
|        ( - 1.189e+03 3 0 QUESTION0_17_R 1 3.693e+01 7.390e+01)
|        ( QUESTION0_13_R 1 4.860e+03 4.615e+02 2.452e+02
|            ( QUESTION0_16_R 1 2.250e+03 8.348e+01 1.252e+02
|                ( - 2.121e+03 1 0)
|                ( - 4.621e+01 1 0))
|            ( QUESTION7 -1 2.148e+03 1.189e+02 1.200e+02
|                ( - 1.877e+03 2 0 QUESTION0_0_R 1 4.245e+01 1.080e+02)
|                ( - 1.514e+02 5 0 QUESTION0_0_R 1 4.393e+01 1.200e+01)))))
s>    ( QUESTION0_1_R 1 1.438e+04 1.192e+03 6.847e+02
s>        ( QUESTION2_2_L -1 6.615e+03 2.627e+02 3.656e+02
s>            ( - 5.740e+03 1 0)
s>            ( QUESTION6 -1 6.122e+02 1.016e+02 3.710e+01
s>                ( - 1.821e+02 2 0 QUESTION7 -1 4.726e+01 1.400e+01)
s>                ( - 3.285e+02 1 0)))
s>        ( QUESTION20 -1 6.571e+03 5.228e+02 3.191e+02
s>            ( - 1.189e+03 3 0 QUESTION0_17_R 1 3.693e+01 7.390e+01)
s>            ( QUESTION0_13_R 1 4.860e+03 4.615e+02 2.452e+02
s>                ( QUESTION0_16_R 1 2.250e+03 8.348e+01 1.252e+02
s>                    ( - 2.121e+03 1 0)
s>                    ( - 4.621e+01 1 0))
s>                ( QUESTION7 -1 2.148e+03 1.189e+02 1.200e+02
s>                    ( - 1.877e+03 2 0 QUESTION0_0_R 1 4.245e+01 1.080e+02)
s>                    ( - 1.514e+02 5 0 QUESTION0_0_R 1 4.393e+01 1.200e+01)))))INFO: dtree.c(1439): stop. leaf nodes are specific
INFO: dtree.c(1478): Final simple tree
|( WDBNDRY_B 0 6.353e+03 2.745e+01 3.720e+02
|    ( - 0.000e+00 1 0)
|    ( - 6.326e+03 1 0))
s>    ( WDBNDRY_B 0 6.353e+03 2.745e+01 3.720e+02
s>        ( - 0.000e+00 1 0)
s>        ( - 6.326e+03 1 0))INFO: dtree.c(1315): Comp split 2
INFO: dtree.c(1478): Final simple tree
|( QUESTION0_16_R 1 6.916e+03 5.265e+02 3.331e+02
|    ( QUESTION6 -1 3.742e+03 4.517e+02 1.931e+02
|        ( - 2.121e+03 1 0)
|        ( - 1.170e+03 2 0 QUESTION0_17_R 1 2.401e+01 7.290e+01))
|    ( QUESTION0_2_R 1 2.647e+03 2.339e+02 1.400e+02
|        ( QUESTION7 -1 1.971e+03 7.552e+01 1.130e+02
|            ( - 1.827e+03 1 0)
|            ( - 6.918e+01 4 0 QUESTION11 -1 2.466e+01 7.000e+00))
|        ( QUESTION2_0_L -1 4.422e+02 9.780e+01 2.700e+01
|            ( QUESTION0_9_R 1 1.474e+02 3.911e+01 1.200e+01
|                ( - 5.728e+01 2 0 WDBNDRY_E 0 1.107e+01 6.000e+00)
|                ( - 5.104e+01 2 0 QUESTION0_0_R 1 2.202e+01 6.000e+00))
|            ( QUESTION0_0_R 1 1.970e+02 4.093e+01 1.500e+01
|                ( - 1.142e+02 1 0)
|                ( - 4.191e+01 1 0)))))
s>    ( QUESTION0_16_R 1 6.916e+03 5.265e+02 3.331e+02
s>        ( QUESTION6 -1 3.742e+03 4.517e+02 1.931e+02
s>            ( - 2.121e+03 1 0)
s>            ( - 1.170e+03 2 0 QUESTION0_17_R 1 2.401e+01 7.290e+01))
s>        ( QUESTION0_2_R 1 2.647e+03 2.339e+02 1.400e+02
s>            ( QUESTION7 -1 1.971e+03 7.552e+01 1.130e+02
s>                ( - 1.827e+03 1 0)
s>                ( - 6.918e+01 4 0 QUESTION11 -1 2.466e+01 7.000e+00))
s>            ( QUESTION2_0_L -1 4.422e+02 9.780e+01 2.700e+01
s>                ( QUESTION0_9_R 1 1.474e+02 3.911e+01 1.200e+01
s>                    ( - 5.728e+01 2 0 WDBNDRY_E 0 1.107e+01 6.000e+00)
s>                    ( - 5.104e+01 2 0 QUESTION0_0_R 1 2.202e+01 6.000e+00))
s>                ( QUESTION0_0_R 1 1.970e+02 4.093e+01 1.500e+01
s>                    ( - 1.142e+02 1 0)
s>                    ( - 4.191e+01 1 0)))))INFO: dtree.c(1439): stop. leaf nodes are specific
INFO: dtree.c(1478): Final simple tree
|( QUESTION2_1_L -1 6.269e+03 2.001e+02 3.516e+02
|    ( - 3.285e+02 1 0)
|    ( - 5.740e+03 1 0))
s>    ( QUESTION2_1_L -1 6.269e+03 2.001e+02 3.516e+02
s>        ( - 3.285e+02 1 0)
s>        ( - 5.740e+03 1 0))INFO: dtree.c(1315): Comp split 3
INFO: dtree.c(1439): stop. leaf nodes are specific
INFO: dtree.c(1478): Final simple tree
|( QUESTION0_16_R 1 2.418e+03 1.495e+02 1.322e+02
|    ( - 2.121e+03 1 0)
|    ( QUESTION0_9_R 1 1.474e+02 3.911e+01 1.200e+01
|        ( WDBNDRY_E 0 5.728e+01 1.107e+01 6.000e+00
|            ( - 0.000e+00 1 0)
|            ( - 4.621e+01 1 0))
|        ( QUESTION0_0_R 1 5.104e+01 2.202e+01 6.000e+00
|            ( - 2.070e+01 1 0)
|            ( - 8.319e+00 1 0))))
s>    ( QUESTION0_16_R 1 2.418e+03 1.495e+02 1.322e+02
s>        ( - 2.121e+03 1 0)
s>        ( QUESTION0_9_R 1 1.474e+02 3.911e+01 1.200e+01
s>            ( WDBNDRY_E 0 5.728e+01 1.107e+01 6.000e+00
s>                ( - 0.000e+00 1 0)
s>                ( - 4.621e+01 1 0))
s>            ( QUESTION0_0_R 1 5.104e+01 2.202e+01 6.000e+00
s>                ( - 2.070e+01 1 0)
s>                ( - 8.319e+00 1 0))))INFO: dtree.c(1478): Final simple tree
|( QUESTION20 -1 3.963e+03 4.603e+02 2.009e+02
|    ( QUESTION0_17_R 1 1.189e+03 3.693e+01 7.390e+01
|        ( - 1.146e+03 1 0)
|        ( - 6.182e+00 2 0 QUESTION0_0_R 1 6.182e+00 2.000e+00))
|    ( QUESTION2_0_L -1 2.313e+03 1.802e+02 1.270e+02
|        ( WDBNDRY_B 0 1.847e+03 2.009e+01 1.070e+02
|            ( - 3.636e-01 1 0)
|            ( - 1.827e+03 1 0))
|        ( QUESTION0_1_R 1 2.862e+02 5.749e+01 2.000e+01
|            ( - 1.142e+02 1 0)
|            ( QUESTION0_0_R 1 1.146e+02 3.647e+01 1.000e+01
|                ( WDBNDRY_B 0 3.619e+01 1.208e+01 5.000e+00
|                    ( - 1.113e+00 1 0)
|                    ( - 2.300e+01 1 0))
|                ( - 4.191e+01 1 0)))))
s>    ( QUESTION20 -1 3.963e+03 4.603e+02 2.009e+02
s>        ( QUESTION0_17_R 1 1.189e+03 3.693e+01 7.390e+01
s>            ( - 1.146e+03 1 0)
s>            ( - 6.182e+00 2 0 QUESTION0_0_R 1 6.182e+00 2.000e+00))
s>        ( QUESTION2_0_L -1 2.313e+03 1.802e+02 1.270e+02
s>            ( WDBNDRY_B 0 1.847e+03 2.009e+01 1.070e+02
s>                ( - 3.636e-01 1 0)
s>                ( - 1.827e+03 1 0))
s>            ( QUESTION0_1_R 1 2.862e+02 5.749e+01 2.000e+01
s>                ( - 1.142e+02 1 0)
s>                ( QUESTION0_0_R 1 1.146e+02 3.647e+01 1.000e+01
s>                    ( WDBNDRY_B 0 3.619e+01 1.208e+01 5.000e+00
s>                        ( - 1.113e+00 1 0)
s>                        ( - 2.300e+01 1 0))
s>                    ( - 4.191e+01 1 0)))))INFO: dtree.c(1315): Comp split 4
INFO: dtree.c(1478): Final simple tree
|( QUESTION0_9_R 1 1.810e+04 3.408e+02 1.190e+03
|    ( QUESTION0 -1 8.904e+03 2.686e+02 5.953e+02
|        ( - 5.318e+03 10 0 QUESTION6 1 1.758e+02 3.768e+02)
|        ( QUESTION2_6_L -1 3.317e+03 2.001e+02 2.185e+02
|            ( - 2.224e+03 6 0 QUESTION6 1 1.619e+02 1.614e+02)
|            ( - 8.931e+02 7 0 QUESTION2_1_L -1 1.072e+02 5.710e+01)))
|    ( QUESTION6 -1 8.857e+03 2.677e+02 5.949e+02
|        ( - 1.272e+03 6 0 QUESTION2 1 1.562e+02 8.670e+01)
|        ( QUESTION4 1 7.317e+03 2.417e+02 5.082e+02
|            ( - 1.462e+03 3 0 QUESTION1 -1 1.078e+02 1.235e+02)
|            ( QUESTION1 -1 5.613e+03 2.093e+02 3.848e+02
|                ( QUESTION2 1 3.817e+03 1.879e+02 2.651e+02
|                    ( - 2.637e+03 4 0 QUESTION0_0_R 1 8.429e+01 1.893e+02)
|                    ( - 9.929e+02 4 0 QUESTION0_2_R 1 9.725e+01 7.583e+01))
|                ( - 1.586e+03 9 0 QUESTION4 -1 1.248e+02 1.197e+02)))))
s>    ( QUESTION0_9_R 1 1.810e+04 3.408e+02 1.190e+03
s>        ( QUESTION0 -1 8.904e+03 2.686e+02 5.953e+02
s>            ( - 5.318e+03 10 0 QUESTION6 1 1.758e+02 3.768e+02)
s>            ( QUESTION2_6_L -1 3.317e+03 2.001e+02 2.185e+02
s>                ( - 2.224e+03 6 0 QUESTION6 1 1.619e+02 1.614e+02)
s>                ( - 8.931e+02 7 0 QUESTION2_1_L -1 1.072e+02 5.710e+01)))
s>        ( QUESTION6 -1 8.857e+03 2.677e+02 5.949e+02
s>            ( - 1.272e+03 6 0 QUESTION2 1 1.562e+02 8.670e+01)
s>            ( QUESTION4 1 7.317e+03 2.417e+02 5.082e+02
s>                ( - 1.462e+03 3 0 QUESTION1 -1 1.078e+02 1.235e+02)
s>                ( QUESTION1 -1 5.613e+03 2.093e+02 3.848e+02
s>                    ( QUESTION2 1 3.817e+03 1.879e+02 2.651e+02
s>                        ( - 2.637e+03 4 0 QUESTION0_0_R 1 8.429e+01 1.893e+02)
s>                        ( - 9.929e+02 4 0 QUESTION0_2_R 1 9.725e+01 7.583e+01))
s>                    ( - 1.586e+03 9 0 QUESTION4 -1 1.248e+02 1.197e+02)))))INFO: dtree.c(1478): Final simple tree
|( QUESTION0_7_R 1 8.995e+03 4.105e+02 5.309e+02
|    ( QUESTION0_13_R 1 6.079e+03 2.598e+02 3.740e+02
|        ( QUESTION0 -1 2.597e+03 2.192e+02 1.547e+02
|            ( - 1.175e+03 5 0 QUESTION0_14_R 1 1.327e+02 7.907e+01)
|            ( - 1.203e+03 4 0 SILENCE -1 1.216e+02 7.567e+01))
|        ( QUESTION2 1 3.222e+03 2.138e+02 2.193e+02
|            ( - 1.553e+03 5 0)
|            ( QUESTION0_8_R 1 1.455e+03 1.476e+02 1.062e+02
|                ( - 4.623e+02 5 0 QUESTION0 -1 4.997e+01 3.449e+01)
|                ( - 8.449e+02 5 0 SILENCE -1 1.239e+02 7.174e+01))))
|    ( QUESTION2_0_L -1 2.506e+03 1.728e+02 1.569e+02
|        ( QUESTION4 -1 1.919e+03 1.361e+02 1.259e+02
|            ( - 4.368e+02 1 0)
|            ( - 1.346e+03 4 0 QUESTION2 -1 1.188e+02 9.093e+01))
|        ( - 4.147e+02 2 0 SILENCE -1 7.876e+01 3.100e+01)))
s>    ( QUESTION0_7_R 1 8.995e+03 4.105e+02 5.309e+02
s>        ( QUESTION0_13_R 1 6.079e+03 2.598e+02 3.740e+02
s>            ( QUESTION0 -1 2.597e+03 2.192e+02 1.547e+02
s>                ( - 1.175e+03 5 0 QUESTION0_14_R 1 1.327e+02 7.907e+01)
s>                ( - 1.203e+03 4 0 SILENCE -1 1.216e+02 7.567e+01))
s>            ( QUESTION2 1 3.222e+03 2.138e+02 2.193e+02
s>                ( - 1.553e+03 5 0)
s>                ( QUESTION0_8_R 1 1.455e+03 1.476e+02 1.062e+02
s>                    ( - 4.623e+02 5 0 QUESTION0 -1 4.997e+01 3.449e+01)
s>                    ( - 8.449e+02 5 0 SILENCE -1 1.239e+02 7.174e+01))))
s>        ( QUESTION2_0_L -1 2.506e+03 1.728e+02 1.569e+02
s>            ( QUESTION4 -1 1.919e+03 1.361e+02 1.259e+02
s>                ( - 4.368e+02 1 0)
s>                ( - 1.346e+03 4 0 QUESTION2 -1 1.188e+02 9.093e+01))
s>            ( - 4.147e+02 2 0 SILENCE -1 7.876e+01 3.100e+01)))INFO: dtree.c(1315): Comp split 5
INFO: dtree.c(1439): stop. leaf nodes are specific
INFO: dtree.c(1478): Final simple tree
|( QUESTION2_0_L -1 2.313e+03 1.802e+02 1.270e+02
|    ( WDBNDRY_B 0 1.847e+03 2.009e+01 1.070e+02
|        ( - 3.636e-01 1 0)
|        ( - 1.827e+03 1 0))
|    ( QUESTION0_1_R 1 2.862e+02 5.749e+01 2.000e+01
|        ( - 1.142e+02 1 0)
|        ( QUESTION0_0_R 1 1.146e+02 3.647e+01 1.000e+01
|            ( WDBNDRY_B 0 3.619e+01 1.208e+01 5.000e+00
|                ( - 1.113e+00 1 0)
|                ( - 2.300e+01 1 0))
|            ( - 4.191e+01 1 0))))
s>    ( QUESTION2_0_L -1 2.313e+03 1.802e+02 1.270e+02
s>        ( WDBNDRY_B 0 1.847e+03 2.009e+01 1.070e+02
s>            ( - 3.636e-01 1 0)
s>            ( - 1.827e+03 1 0))
s>        ( QUESTION0_1_R 1 2.862e+02 5.749e+01 2.000e+01
s>            ( - 1.142e+02 1 0)
s>            ( QUESTION0_0_R 1 1.146e+02 3.647e+01 1.000e+01
s>                ( WDBNDRY_B 0 3.619e+01 1.208e+01 5.000e+00
s>                    ( - 1.113e+00 1 0)
s>                    ( - 2.300e+01 1 0))
s>                ( - 4.191e+01 1 0))))INFO: dtree.c(1439): stop. leaf nodes are specific
INFO: dtree.c(1478): Final simple tree
|( QUESTION0_17_R 1 1.189e+03 3.693e+01 7.390e+01
|    ( - 1.146e+03 1 0)
|    ( QUESTION0_0_R 1 6.182e+00 6.182e+00 2.000e+00
|        ( - 0.000e+00 1 0)
|        ( - 0.000e+00 1 0)))
s>    ( QUESTION0_17_R 1 1.189e+03 3.693e+01 7.390e+01
s>        ( - 1.146e+03 1 0)
s>        ( QUESTION0_0_R 1 6.182e+00 6.182e+00 2.000e+00
s>            ( - 0.000e+00 1 0)
s>            ( - 0.000e+00 1 0)))INFO: dtree.c(1315): Comp split 6
INFO: dtree.c(1478): Final simple tree
|( QUESTION0_13_R 1 6.079e+03 2.598e+02 3.740e+02
|    ( QUESTION0 -1 2.597e+03 2.192e+02 1.547e+02
|        ( QUESTION0_14_R 1 1.175e+03 1.327e+02 7.907e+01
|            ( - 7.885e+02 3 0)
|            ( - 2.534e+02 2 0 QUESTION0_18_R 1 3.787e+01 2.312e+01))
|        ( SILENCE -1 1.203e+03 1.216e+02 7.567e+01
|            ( - 5.767e+02 1 0)
|            ( - 5.050e+02 3 0 QUESTION6 1 8.484e+01 3.374e+01)))
|    ( QUESTION2 1 3.222e+03 2.138e+02 2.193e+02
|        ( - 1.553e+03 5 0)
|        ( QUESTION0_8_R 1 1.455e+03 1.476e+02 1.062e+02
|            ( - 4.623e+02 5 0 QUESTION0 -1 4.997e+01 3.449e+01)
|            ( SILENCE -1 8.449e+02 1.239e+02 7.174e+01
|                ( - 2.981e+02 2 0 QUESTION0_11_R 1 3.606e+01 3.019e+01)
|                ( - 4.229e+02 3 0 QUESTION0 -1 5.869e+01 4.155e+01)))))
s>    ( QUESTION0_13_R 1 6.079e+03 2.598e+02 3.740e+02
s>        ( QUESTION0 -1 2.597e+03 2.192e+02 1.547e+02
s>            ( QUESTION0_14_R 1 1.175e+03 1.327e+02 7.907e+01
s>                ( - 7.885e+02 3 0)
s>                ( - 2.534e+02 2 0 QUESTION0_18_R 1 3.787e+01 2.312e+01))
s>            ( SILENCE -1 1.203e+03 1.216e+02 7.567e+01
s>                ( - 5.767e+02 1 0)
s>                ( - 5.050e+02 3 0 QUESTION6 1 8.484e+01 3.374e+01)))
s>        ( QUESTION2 1 3.222e+03 2.138e+02 2.193e+02
s>            ( - 1.553e+03 5 0)
s>            ( QUESTION0_8_R 1 1.455e+03 1.476e+02 1.062e+02
s>                ( - 4.623e+02 5 0 QUESTION0 -1 4.997e+01 3.449e+01)
s>                ( SILENCE -1 8.449e+02 1.239e+02 7.174e+01
s>                    ( - 2.981e+02 2 0 QUESTION0_11_R 1 3.606e+01 3.019e+01)
s>                    ( - 4.229e+02 3 0 QUESTION0 -1 5.869e+01 4.155e+01)))))INFO: dtree.c(1439): stop. leaf nodes are specific
INFO: dtree.c(1478): Final simple tree
|( QUESTION2_0_L -1 2.506e+03 1.728e+02 1.569e+02
|    ( QUESTION4 -1 1.919e+03 1.361e+02 1.259e+02
|        ( - 4.368e+02 1 0)
|        ( QUESTION2 -1 1.346e+03 1.188e+02 9.093e+01
|            ( SILENCE 1 3.419e+02 5.563e+01 2.900e+01
|                ( - 2.621e+02 1 0)
|                ( - 2.415e+01 1 0))
|            ( QUESTION0 -1 8.850e+02 3.283e+01 6.193e+01
|                ( - 8.506e+02 1 0)
|                ( - 1.530e+00 1 0))))
|    ( SILENCE -1 4.147e+02 7.876e+01 3.100e+01
|        ( - 6.142e+01 1 0)
|        ( - 2.745e+02 1 0)))
s>    ( QUESTION2_0_L -1 2.506e+03 1.728e+02 1.569e+02
s>        ( QUESTION4 -1 1.919e+03 1.361e+02 1.259e+02
s>            ( - 4.368e+02 1 0)
s>            ( QUESTION2 -1 1.346e+03 1.188e+02 9.093e+01
s>                ( SILENCE 1 3.419e+02 5.563e+01 2.900e+01
s>                    ( - 2.621e+02 1 0)
s>                    ( - 2.415e+01 1 0))
s>                ( QUESTION0 -1 8.850e+02 3.283e+01 6.193e+01
s>                    ( - 8.506e+02 1 0)
s>                    ( - 1.530e+00 1 0))))
s>        ( SILENCE -1 4.147e+02 7.876e+01 3.100e+01
s>            ( - 6.142e+01 1 0)
s>            ( - 2.745e+02 1 0)))INFO: dtree.c(1315): Comp split 7
INFO: dtree.c(1478): Final simple tree
|( QUESTION6 -1 5.333e+03 2.410e+02 3.393e+02
|    ( QUESTION2 1 1.383e+03 1.609e+02 9.170e+01
|        ( - 7.338e+02 2 0)
|        ( QUESTION0 1 4.885e+02 9.477e+01 3.795e+01
|            ( - 2.597e+02 2 0 QUESTION0_0_R 1 5.733e+01 2.700e+01)
|            ( - 1.340e+02 4 0 QUESTION16 1 3.486e+01 1.095e+01)))
|    ( QUESTION0_9_R 1 3.709e+03 2.247e+02 2.476e+02
|        ( - 7.764e+02 5 0 QUESTION0_10_R 1 9.269e+01 5.210e+01)
|        ( QUESTION2_2_L -1 2.708e+03 1.462e+02 1.955e+02
|            ( QUESTION5 -1 1.983e+03 1.199e+02 1.463e+02
|                ( - 7.334e+02 2 0 QUESTION0_0_R 1 5.316e+01 5.655e+01)
|                ( QUESTION1 1 1.129e+03 1.029e+02 8.979e+01
|                    ( - 3.008e+02 3 0 QUESTION0_0_R 1 5.452e+01 2.705e+01)
|                    ( - 7.255e+02 2 0 QUESTION0_0_R 1 5.986e+01 6.274e+01)))
|            ( - 5.789e+02 6 0 QUESTION3 -1 8.215e+01 4.916e+01))))
s>    ( QUESTION6 -1 5.333e+03 2.410e+02 3.393e+02
s>        ( QUESTION2 1 1.383e+03 1.609e+02 9.170e+01
s>            ( - 7.338e+02 2 0)
s>            ( QUESTION0 1 4.885e+02 9.477e+01 3.795e+01
s>                ( - 2.597e+02 2 0 QUESTION0_0_R 1 5.733e+01 2.700e+01)
s>                ( - 1.340e+02 4 0 QUESTION16 1 3.486e+01 1.095e+01)))
s>        ( QUESTION0_9_R 1 3.709e+03 2.247e+02 2.476e+02
s>            ( - 7.764e+02 5 0 QUESTION0_10_R 1 9.269e+01 5.210e+01)
s>            ( QUESTION2_2_L -1 2.708e+03 1.462e+02 1.955e+02
s>                ( QUESTION5 -1 1.983e+03 1.199e+02 1.463e+02
s>                    ( - 7.334e+02 2 0 QUESTION0_0_R 1 5.316e+01 5.655e+01)
s>                    ( QUESTION1 1 1.129e+03 1.029e+02 8.979e+01
s>                        ( - 3.008e+02 3 0 QUESTION0_0_R 1 5.452e+01 2.705e+01)
s>                        ( - 7.255e+02 2 0 QUESTION0_0_R 1 5.986e+01 6.274e+01)))
s>                ( - 5.789e+02 6 0 QUESTION3 -1 8.215e+01 4.916e+01))))INFO: dtree.c(1478): Final simple tree
|( QUESTION0_13_R 1 1.238e+04 3.098e+02 8.509e+02
|    ( QUESTION0 -1 6.562e+03 2.120e+02 4.532e+02
|        ( QUESTION6 1 4.282e+03 1.495e+02 2.993e+02
|            ( - 4.354e+02 3 0 QUESTION0_18_R 1 1.034e+02 4.194e+01)
|            ( - 3.697e+03 4 0 QUESTION1 -1 1.097e+02 2.573e+02))
|        ( QUESTION6 1 2.068e+03 1.338e+02 1.539e+02
|            ( - 4.575e+02 3 0 QUESTION0_14_R 1 6.503e+01 3.577e+01)
|            ( - 1.477e+03 2 0 QUESTION6 -1 1.288e+02 1.181e+02)))
|    ( QUESTION0_8_R 1 5.509e+03 2.413e+02 3.977e+02
|        ( QUESTION0 1 3.865e+03 1.912e+02 2.785e+02
|            ( - 2.431e+03 3 0)
|            ( - 1.242e+03 2 0 QUESTION0 -1 2.703e+01 1.021e+02))
|        ( QUESTION0_11_R 1 1.403e+03 1.499e+02 1.192e+02
|            ( - 3.887e+02 3 0 QUESTION0 -1 8.163e+01 3.348e+01)
|            ( - 8.640e+02 3 0 QUESTION0_0_R 1 9.213e+01 8.571e+01))))
s>    ( QUESTION0_13_R 1 1.238e+04 3.098e+02 8.509e+02
s>        ( QUESTION0 -1 6.562e+03 2.120e+02 4.532e+02
s>            ( QUESTION6 1 4.282e+03 1.495e+02 2.993e+02
s>                ( - 4.354e+02 3 0 QUESTION0_18_R 1 1.034e+02 4.194e+01)
s>                ( - 3.697e+03 4 0 QUESTION1 -1 1.097e+02 2.573e+02))
s>            ( QUESTION6 1 2.068e+03 1.338e+02 1.539e+02
s>                ( - 4.575e+02 3 0 QUESTION0_14_R 1 6.503e+01 3.577e+01)
s>                ( - 1.477e+03 2 0 QUESTION6 -1 1.288e+02 1.181e+02)))
s>        ( QUESTION0_8_R 1 5.509e+03 2.413e+02 3.977e+02
s>            ( QUESTION0 1 3.865e+03 1.912e+02 2.785e+02
s>                ( - 2.431e+03 3 0)
s>                ( - 1.242e+03 2 0 QUESTION0 -1 2.703e+01 1.021e+02))
s>            ( QUESTION0_11_R 1 1.403e+03 1.499e+02 1.192e+02
s>                ( - 3.887e+02 3 0 QUESTION0 -1 8.163e+01 3.348e+01)
s>                ( - 8.640e+02 3 0 QUESTION0_0_R 1 9.213e+01 8.571e+01))))INFO: dtree.c(1315): Comp split 8
INFO: dtree.c(1439): stop. leaf nodes are specific
INFO: dtree.c(1478): Final simple tree
|( QUESTION0_8_R 1 5.173e+03 2.259e+02 3.802e+02
|    ( - 2.431e+03 3 0)
|    ( QUESTION16 -1 2.515e+03 1.755e+02 2.038e+02
|        ( - 8.335e+02 1 0)
|        ( QUESTION1 -1 1.506e+03 1.430e+02 1.305e+02
|            ( QUESTION0_0_R 1 6.659e+02 6.713e+01 6.440e+01
|                ( - 1.210e+02 1 0)
|                ( - 4.777e+02 1 0))
|            ( QUESTION0_0_R 1 6.973e+02 6.786e+01 6.611e+01
|                ( - 1.152e+02 1 0)
|                ( - 5.142e+02 1 0)))))
s>    ( QUESTION0_8_R 1 5.173e+03 2.259e+02 3.802e+02
s>        ( - 2.431e+03 3 0)
s>        ( QUESTION16 -1 2.515e+03 1.755e+02 2.038e+02
s>            ( - 8.335e+02 1 0)
s>            ( QUESTION1 -1 1.506e+03 1.430e+02 1.305e+02
s>                ( QUESTION0_0_R 1 6.659e+02 6.713e+01 6.440e+01
s>                    ( - 1.210e+02 1 0)
s>                    ( - 4.777e+02 1 0))
s>                ( QUESTION0_0_R 1 6.973e+02 6.786e+01 6.611e+01
s>                    ( - 1.152e+02 1 0)
s>                    ( - 5.142e+02 1 0)))))INFO: dtree.c(1478): Final simple tree
|( QUESTION0_13_R 1 6.857e+03 2.187e+02 4.707e+02
|    ( QUESTION6 1 4.867e+03 1.854e+02 3.351e+02
|        ( QUESTION0_18_R 1 9.849e+02 9.846e+01 7.771e+01
|            ( QUESTION0 -1 6.384e+02 9.951e+01 5.271e+01
|                ( - 1.837e+02 1 0)
|                ( - 3.552e+02 2 0 QUESTION6 -1 6.596e+01 2.877e+01))
|            ( - 2.481e+02 3 0 QUESTION0 -1 6.246e+01 2.500e+01))
|        ( QUESTION1 -1 3.697e+03 1.097e+02 2.573e+02
|            ( - 3.250e+03 2 0)
|            ( - 3.366e+02 2 0 QUESTION2_12_L -1 6.817e+01 2.790e+01)))
|    ( QUESTION0_8_R 1 1.771e+03 1.405e+02 1.356e+02
|        ( - 1.242e+03 2 0 QUESTION0 -1 2.703e+01 1.021e+02)
|        ( QUESTION0 -1 3.887e+02 8.163e+01 3.348e+01
|            ( - 2.574e+02 2 0 QUESTION0_12_R 1 4.250e+01 2.600e+01)
|            ( - 4.976e+01 1 0))))
s>    ( QUESTION0_13_R 1 6.857e+03 2.187e+02 4.707e+02
s>        ( QUESTION6 1 4.867e+03 1.854e+02 3.351e+02
s>            ( QUESTION0_18_R 1 9.849e+02 9.846e+01 7.771e+01
s>                ( QUESTION0 -1 6.384e+02 9.951e+01 5.271e+01
s>                    ( - 1.837e+02 1 0)
s>                    ( - 3.552e+02 2 0 QUESTION6 -1 6.596e+01 2.877e+01))
s>                ( - 2.481e+02 3 0 QUESTION0 -1 6.246e+01 2.500e+01))
s>            ( QUESTION1 -1 3.697e+03 1.097e+02 2.573e+02
s>                ( - 3.250e+03 2 0)
s>                ( - 3.366e+02 2 0 QUESTION2_12_L -1 6.817e+01 2.790e+01)))
s>        ( QUESTION0_8_R 1 1.771e+03 1.405e+02 1.356e+02
s>            ( - 1.242e+03 2 0 QUESTION0 -1 2.703e+01 1.021e+02)
s>            ( QUESTION0 -1 3.887e+02 8.163e+01 3.348e+01
s>                ( - 2.574e+02 2 0 QUESTION0_12_R 1 4.250e+01 2.600e+01)
s>                ( - 4.976e+01 1 0))))INFO: dtree.c(1315): Comp split 9
INFO: dtree.c(1478): Final simple tree
|( SILENCE -1 2.273e+03 1.800e+02 1.403e+02
|    ( QUESTION0_10_R 1 9.936e+02 1.187e+02 7.212e+01
|        ( QUESTION0_11_R 1 2.981e+02 3.606e+01 3.019e+01
|            ( - 2.526e+02 1 0)
|            ( - 9.442e+00 1 0))
|        ( - 5.767e+02 1 0))
|    ( QUESTION0_14_R 1 1.099e+03 1.495e+02 6.823e+01
|        ( QUESTION6 1 4.107e+02 4.954e+01 2.874e+01
|            ( - 1.347e+01 1 0)
|            ( - 3.477e+02 1 0))
|        ( QUESTION0 -1 5.393e+02 7.220e+01 3.949e+01
|            ( - 3.952e+02 2 0)
|            ( QUESTION0_8_R 1 7.192e+01 3.036e+01 8.000e+00
|                ( - 1.711e+01 3 0 QUESTION0 1 9.110e+00 3.000e+00)
|                ( - 2.445e+01 1 0)))))
s>    ( SILENCE -1 2.273e+03 1.800e+02 1.403e+02
s>        ( QUESTION0_10_R 1 9.936e+02 1.187e+02 7.212e+01
s>            ( QUESTION0_11_R 1 2.981e+02 3.606e+01 3.019e+01
s>                ( - 2.526e+02 1 0)
s>                ( - 9.442e+00 1 0))
s>            ( - 5.767e+02 1 0))
s>        ( QUESTION0_14_R 1 1.099e+03 1.495e+02 6.823e+01
s>            ( QUESTION6 1 4.107e+02 4.954e+01 2.874e+01
s>                ( - 1.347e+01 1 0)
s>                ( - 3.477e+02 1 0))
s>            ( QUESTION0 -1 5.393e+02 7.220e+01 3.949e+01
s>                ( - 3.952e+02 2 0)
s>                ( QUESTION0_8_R 1 7.192e+01 3.036e+01 8.000e+00
s>                    ( - 1.711e+01 3 0 QUESTION0 1 9.110e+00 3.000e+00)
s>                    ( - 2.445e+01 1 0)))))INFO: dtree.c(1439): stop. leaf nodes are specific
INFO: dtree.c(1478): Final simple tree
|( QUESTION0_13_R 1 3.497e+03 2.229e+02 2.337e+02
|    ( QUESTION0_14_R 1 1.175e+03 1.327e+02 7.907e+01
|        ( - 7.885e+02 3 0)
|        ( QUESTION0_18_R 1 2.534e+02 3.787e+01 2.312e+01
|            ( - 1.864e+02 1 0)
|            ( - 2.905e+01 1 0)))
|    ( QUESTION0_8_R 1 2.100e+03 1.237e+02 1.546e+02
|        ( - 1.553e+03 5 0)
|        ( QUESTION0 -1 4.229e+02 5.869e+01 4.155e+01
|            ( QUESTION0_11_R 1 8.150e+01 3.201e+01 1.204e+01
|                ( - 1.566e+01 1 0)
|                ( - 3.383e+01 1 0))
|            ( - 2.827e+02 1 0))))
s>    ( QUESTION0_13_R 1 3.497e+03 2.229e+02 2.337e+02
s>        ( QUESTION0_14_R 1 1.175e+03 1.327e+02 7.907e+01
s>            ( - 7.885e+02 3 0)
s>            ( QUESTION0_18_R 1 2.534e+02 3.787e+01 2.312e+01
s>                ( - 1.864e+02 1 0)
s>                ( - 2.905e+01 1 0)))
s>        ( QUESTION0_8_R 1 2.100e+03 1.237e+02 1.546e+02
s>            ( - 1.553e+03 5 0)
s>            ( QUESTION0 -1 4.229e+02 5.869e+01 4.155e+01
s>                ( QUESTION0_11_R 1 8.150e+01 3.201e+01 1.204e+01
s>                    ( - 1.566e+01 1 0)
s>                    ( - 3.383e+01 1 0))
s>                ( - 2.827e+02 1 0))))INFO: dtree.c(1315): Comp split 10
INFO: dtree.c(1478): Final simple tree
|( QUESTION2_2_L -1 2.708e+03 1.462e+02 1.955e+02
|    ( QUESTION5 -1 1.983e+03 1.199e+02 1.463e+02
|        ( QUESTION0_0_R 1 7.334e+02 5.316e+01 5.655e+01
|            ( - 1.806e+01 1 0)
|            ( - 6.622e+02 1 0))
|        ( QUESTION1 1 1.129e+03 1.029e+02 8.979e+01
|            ( QUESTION0_0_R 1 3.008e+02 5.452e+01 2.705e+01
|                ( - 5.686e+01 1 0)
|                ( - 1.894e+02 2 0))
|            ( QUESTION0_0_R 1 7.255e+02 5.986e+01 6.274e+01
|                ( - 5.948e+02 1 0)
|                ( - 7.083e+01 1 0))))
|    ( QUESTION3 -1 5.789e+02 8.215e+01 4.916e+01
|        ( - 1.848e+02 2 0)
|        ( - 3.120e+02 4 0 SILENCE -1 3.890e+01 2.909e+01)))
s>    ( QUESTION2_2_L -1 2.708e+03 1.462e+02 1.955e+02
s>        ( QUESTION5 -1 1.983e+03 1.199e+02 1.463e+02
s>            ( QUESTION0_0_R 1 7.334e+02 5.316e+01 5.655e+01
s>                ( - 1.806e+01 1 0)
s>                ( - 6.622e+02 1 0))
s>            ( QUESTION1 1 1.129e+03 1.029e+02 8.979e+01
s>                ( QUESTION0_0_R 1 3.008e+02 5.452e+01 2.705e+01
s>                    ( - 5.686e+01 1 0)
s>                    ( - 1.894e+02 2 0))
s>                ( QUESTION0_0_R 1 7.255e+02 5.986e+01 6.274e+01
s>                    ( - 5.948e+02 1 0)
s>                    ( - 7.083e+01 1 0))))
s>        ( QUESTION3 -1 5.789e+02 8.215e+01 4.916e+01
s>            ( - 1.848e+02 2 0)
s>            ( - 3.120e+02 4 0 SILENCE -1 3.890e+01 2.909e+01)))INFO: dtree.c(1478): Final simple tree
|( QUESTION0_8_R 1 2.328e+03 1.762e+02 1.438e+02
|    ( QUESTION2 1 9.333e+02 1.081e+02 6.570e+01
|        ( - 7.338e+02 2 0)
|        ( - 9.131e+01 2 0 QUESTION0 1 3.009e+01 1.195e+01))
|    ( QUESTION4 -1 1.219e+03 1.227e+02 7.810e+01
|        ( QUESTION0_10_R 1 7.764e+02 9.269e+01 5.210e+01
|            ( QUESTION2_1_L -1 3.606e+02 6.463e+01 2.900e+01
|                ( - 5.098e+01 1 0)
|                ( QUESTION0_11_R 1 2.450e+02 3.719e+01 2.200e+01
|                    ( - 1.374e+01 1 0)
|                    ( - 1.941e+02 1 0)))
|            ( - 3.231e+02 2 0 QUESTION2_1_L -1 3.015e+01 2.310e+01))
|        ( QUESTION0_1_R 1 3.198e+02 6.829e+01 2.600e+01
|            ( - 1.454e+02 1 0)
|            ( - 1.061e+02 3 0 QUESTION0_0_R 1 2.856e+01 9.000e+00))))
s>    ( QUESTION0_8_R 1 2.328e+03 1.762e+02 1.438e+02
s>        ( QUESTION2 1 9.333e+02 1.081e+02 6.570e+01
s>            ( - 7.338e+02 2 0)
s>            ( - 9.131e+01 2 0 QUESTION0 1 3.009e+01 1.195e+01))
s>        ( QUESTION4 -1 1.219e+03 1.227e+02 7.810e+01
s>            ( QUESTION0_10_R 1 7.764e+02 9.269e+01 5.210e+01
s>                ( QUESTION2_1_L -1 3.606e+02 6.463e+01 2.900e+01
s>                    ( - 5.098e+01 1 0)
s>                    ( QUESTION0_11_R 1 2.450e+02 3.719e+01 2.200e+01
s>                        ( - 1.374e+01 1 0)
s>                        ( - 1.941e+02 1 0)))
s>                ( - 3.231e+02 2 0 QUESTION2_1_L -1 3.015e+01 2.310e+01))
s>            ( QUESTION0_1_R 1 3.198e+02 6.829e+01 2.600e+01
s>                ( - 1.454e+02 1 0)
s>                ( - 1.061e+02 3 0 QUESTION0_0_R 1 2.856e+01 9.000e+00))))INFO: dtree.c(1315): Comp split 11
INFO: dtree.c(1439): stop. leaf nodes are specific
INFO: dtree.c(1478): Final simple tree
|( QUESTION1 -1 1.506e+03 1.430e+02 1.305e+02
|    ( QUESTION0_0_R 1 6.659e+02 6.713e+01 6.440e+01
|        ( - 1.210e+02 1 0)
|        ( - 4.777e+02 1 0))
|    ( QUESTION0_0_R 1 6.973e+02 6.786e+01 6.611e+01
|        ( - 1.152e+02 1 0)
|        ( - 5.142e+02 1 0)))
s>    ( QUESTION1 -1 1.506e+03 1.430e+02 1.305e+02
s>        ( QUESTION0_0_R 1 6.659e+02 6.713e+01 6.440e+01
s>            ( - 1.210e+02 1 0)
s>            ( - 4.777e+02 1 0))
s>        ( QUESTION0_0_R 1 6.973e+02 6.786e+01 6.611e+01
s>            ( - 1.152e+02 1 0)
s>            ( - 5.142e+02 1 0)))INFO: dtree.c(1439): stop. leaf nodes are specific
INFO: dtree.c(1478): Final simple tree
|( QUESTION0_8_R 1 3.410e+03 1.448e+02 2.497e+02
|    ( - 2.431e+03 3 0)
|    ( - 8.335e+02 1 0))
s>    ( QUESTION0_8_R 1 3.410e+03 1.448e+02 2.497e+02
s>        ( - 2.431e+03 3 0)
s>        ( - 8.335e+02 1 0))INFO: dtree.c(1315): Comp split 12
INFO: dtree.c(1478): Final simple tree
|( QUESTION6 1 4.779e+03 1.702e+02 3.332e+02
|    ( QUESTION0_18_R 1 1.358e+03 1.262e+02 1.037e+02
|        ( QUESTION0 -1 6.384e+02 9.951e+01 5.271e+01
|            ( - 1.837e+02 1 0)
|            ( QUESTION6 -1 3.552e+02 6.596e+01 2.877e+01
|                ( - 1.203e+02 1 0)
|                ( - 1.690e+02 1 0)))
|        ( QUESTION0_10_R 1 5.939e+02 8.846e+01 5.100e+01
|            ( QUESTION0_12_R 1 2.574e+02 4.250e+01 2.600e+01
|                ( - 4.287e+01 1 0)
|                ( - 1.720e+02 1 0))
|            ( QUESTION0 -1 2.481e+02 6.246e+01 2.500e+01
|                ( - 1.483e+02 2 0 QUESTION0_14_R 1 3.005e+01 1.800e+01)
|                ( - 3.728e+01 1 0))))
|    ( - 3.250e+03 2 0))
s>    ( QUESTION6 1 4.779e+03 1.702e+02 3.332e+02
s>        ( QUESTION0_18_R 1 1.358e+03 1.262e+02 1.037e+02
s>            ( QUESTION0 -1 6.384e+02 9.951e+01 5.271e+01
s>                ( - 1.837e+02 1 0)
s>                ( QUESTION6 -1 3.552e+02 6.596e+01 2.877e+01
s>                    ( - 1.203e+02 1 0)
s>                    ( - 1.690e+02 1 0)))
s>            ( QUESTION0_10_R 1 5.939e+02 8.846e+01 5.100e+01
s>                ( QUESTION0_12_R 1 2.574e+02 4.250e+01 2.600e+01
s>                    ( - 4.287e+01 1 0)
s>                    ( - 1.720e+02 1 0))
s>                ( QUESTION0 -1 2.481e+02 6.246e+01 2.500e+01
s>                    ( - 1.483e+02 2 0 QUESTION0_14_R 1 3.005e+01 1.800e+01)
s>                    ( - 3.728e+01 1 0))))
s>        ( - 3.250e+03 2 0))INFO: dtree.c(1439): stop. leaf nodes are specific
INFO: dtree.c(1478): Final simple tree
|( QUESTION1 -1 1.838e+03 1.200e+02 1.375e+02
|    ( - 1.215e+03 1 0)
|    ( QUESTION2_13_L -1 5.028e+02 1.112e+02 3.638e+01
|        ( - 2.029e+02 1 0)
|        ( QUESTION0_10_R 1 1.887e+02 5.749e+01 1.448e+01
|            ( - 4.976e+01 1 0)
|            ( QUESTION0_8_R 1 8.143e+01 1.555e+01 7.000e+00
|                ( - 3.636e-01 1 0)
|                ( - 6.553e+01 1 0)))))
s>    ( QUESTION1 -1 1.838e+03 1.200e+02 1.375e+02
s>        ( - 1.215e+03 1 0)
s>        ( QUESTION2_13_L -1 5.028e+02 1.112e+02 3.638e+01
s>            ( - 2.029e+02 1 0)
s>            ( QUESTION0_10_R 1 1.887e+02 5.749e+01 1.448e+01
s>                ( - 4.976e+01 1 0)
s>                ( QUESTION0_8_R 1 8.143e+01 1.555e+01 7.000e+00
s>                    ( - 3.636e-01 1 0)
s>                    ( - 6.553e+01 1 0)))))INFO: dtree.c(1315): Comp split 13
INFO: dtree.c(1439): stop. leaf nodes are specific
INFO: dtree.c(1478): Final simple tree
|( QUESTION0_8_R 1 2.100e+03 1.237e+02 1.546e+02
|    ( - 1.553e+03 5 0)
|    ( QUESTION0 -1 4.229e+02 5.869e+01 4.155e+01
|        ( QUESTION0_11_R 1 8.150e+01 3.201e+01 1.204e+01
|            ( - 1.566e+01 1 0)
|            ( - 3.383e+01 1 0))
|        ( - 2.827e+02 1 0)))
s>    ( QUESTION0_8_R 1 2.100e+03 1.237e+02 1.546e+02
s>        ( - 1.553e+03 5 0)
s>        ( QUESTION0 -1 4.229e+02 5.869e+01 4.155e+01
s>            ( QUESTION0_11_R 1 8.150e+01 3.201e+01 1.204e+01
s>                ( - 1.566e+01 1 0)
s>                ( - 3.383e+01 1 0))
s>            ( - 2.827e+02 1 0)))INFO: dtree.c(1439): stop. leaf nodes are specific
INFO: dtree.c(1478): Final simple tree
|( QUESTION0_14_R 1 1.175e+03 1.327e+02 7.907e+01
|    ( - 7.885e+02 3 0)
|    ( QUESTION0_18_R 1 2.534e+02 3.787e+01 2.312e+01
|        ( - 1.864e+02 1 0)
|        ( - 2.905e+01 1 0)))
s>    ( QUESTION0_14_R 1 1.175e+03 1.327e+02 7.907e+01
s>        ( - 7.885e+02 3 0)
s>        ( QUESTION0_18_R 1 2.534e+02 3.787e+01 2.312e+01
s>            ( - 1.864e+02 1 0)
s>            ( - 2.905e+01 1 0)))INFO: dtree.c(1315): Comp split 14
INFO: dtree.c(1315): Comp split 15
INFO: dtree.c(1439): stop. leaf nodes are specific
INFO: dtree.c(1478): Final simple tree
|( QUESTION0_13_R 1 8.892e+02 1.002e+02 6.210e+01
|    ( QUESTION2_1_L -1 3.231e+02 3.015e+01 2.310e+01
|        ( - 3.967e+01 1 0)
|        ( - 2.533e+02 1 0))
|    ( QUESTION7 1 4.659e+02 8.818e+01 3.900e+01
|        ( - 1.941e+02 1 0)
|        ( QUESTION0_0_R 1 1.837e+02 2.455e+01 2.000e+01
|            ( - 1.454e+02 1 0)
|            ( - 1.374e+01 1 0))))
s>    ( QUESTION0_13_R 1 8.892e+02 1.002e+02 6.210e+01
s>        ( QUESTION2_1_L -1 3.231e+02 3.015e+01 2.310e+01
s>            ( - 3.967e+01 1 0)
s>            ( - 2.533e+02 1 0))
s>        ( QUESTION7 1 4.659e+02 8.818e+01 3.900e+01
s>            ( - 1.941e+02 1 0)
s>            ( QUESTION0_0_R 1 1.837e+02 2.455e+01 2.000e+01
s>                ( - 1.454e+02 1 0)
s>                ( - 1.374e+01 1 0))))INFO: dtree.c(1439): stop. leaf nodes are specific
INFO: dtree.c(1478): Final simple tree
|( QUESTION2 1 1.242e+03 1.228e+02 8.170e+01
|    ( - 7.338e+02 2 0)
|    ( QUESTION0 1 3.852e+02 7.897e+01 2.795e+01
|        ( - 5.694e+01 1 0)
|        ( QUESTION0_10_R 1 2.493e+02 6.422e+01 1.795e+01
|            ( - 5.098e+01 1 0)
|            ( QUESTION16 1 1.340e+02 3.486e+01 1.095e+01
|                ( QUESTION0_0_R 1 5.899e+01 2.072e+01 6.000e+00
|                    ( - 3.177e+01 1 0)
|                    ( - 6.501e+00 1 0))
|                ( QUESTION0_8_R 1 4.020e+01 1.695e+01 4.951e+00
|                    ( - 4.279e+00 1 0)
|                    ( - 1.897e+01 1 0))))))
s>    ( QUESTION2 1 1.242e+03 1.228e+02 8.170e+01
s>        ( - 7.338e+02 2 0)
s>        ( QUESTION0 1 3.852e+02 7.897e+01 2.795e+01
s>            ( - 5.694e+01 1 0)
s>            ( QUESTION0_10_R 1 2.493e+02 6.422e+01 1.795e+01
s>                ( - 5.098e+01 1 0)
s>                ( QUESTION16 1 1.340e+02 3.486e+01 1.095e+01
s>                    ( QUESTION0_0_R 1 5.899e+01 2.072e+01 6.000e+00
s>                        ( - 3.177e+01 1 0)
s>                        ( - 6.501e+00 1 0))
s>                    ( QUESTION0_8_R 1 4.020e+01 1.695e+01 4.951e+00
s>                        ( - 4.279e+00 1 0)
s>                        ( - 1.897e+01 1 0))))))INFO: dtree.c(1315): Comp split 16
INFO: dtree.c(1439): stop. leaf nodes are specific
INFO: dtree.c(1478): Final simple tree
|( QUESTION2_10_L -1 8.579e+02 1.017e+02 6.000e+01
|    ( - 2.745e+02 1 0)
|    ( SILENCE 1 4.816e+02 9.196e+01 3.800e+01
|        ( - 2.621e+02 1 0)
|        ( SILENCE -1 1.275e+02 4.196e+01 1.300e+01
|            ( - 6.142e+01 1 0)
|            ( - 2.415e+01 1 0))))
s>    ( QUESTION2_10_L -1 8.579e+02 1.017e+02 6.000e+01
s>        ( - 2.745e+02 1 0)
s>        ( SILENCE 1 4.816e+02 9.196e+01 3.800e+01
s>            ( - 2.621e+02 1 0)
s>            ( SILENCE -1 1.275e+02 4.196e+01 1.300e+01
s>                ( - 6.142e+01 1 0)
s>                ( - 2.415e+01 1 0))))INFO: dtree.c(1439): stop. leaf nodes are specific
INFO: dtree.c(1478): Final simple tree
|( QUESTION4 -1 1.452e+03 1.301e+02 9.693e+01
|    ( - 4.368e+02 1 0)
|    ( QUESTION0 -1 8.850e+02 3.283e+01 6.193e+01
|        ( - 8.506e+02 1 0)
|        ( - 1.530e+00 1 0)))
s>    ( QUESTION4 -1 1.452e+03 1.301e+02 9.693e+01
s>        ( - 4.368e+02 1 0)
s>        ( QUESTION0 -1 8.850e+02 3.283e+01 6.193e+01
s>            ( - 8.506e+02 1 0)
s>            ( - 1.530e+00 1 0)))INFO: dtree.c(1315): Comp split 17
INFO: dtree.c(1439): stop. leaf nodes are specific
INFO: dtree.c(1478): Final simple tree
|( QUESTION0_10_R 1 1.029e+03 9.651e+01 7.977e+01
|    ( QUESTION0_12_R 1 2.574e+02 4.250e+01 2.600e+01
|        ( - 4.287e+01 1 0)
|        ( - 1.720e+02 1 0))
|    ( QUESTION6 -1 6.752e+02 7.355e+01 5.377e+01
|        ( - 1.203e+02 1 0)
|        ( QUESTION0_18_R 1 4.814e+02 6.438e+01 4.277e+01
|            ( - 1.690e+02 1 0)
|            ( QUESTION0 -1 2.481e+02 6.246e+01 2.500e+01
|                ( QUESTION0_14_R 1 1.483e+02 3.005e+01 1.800e+01
|                    ( - 3.836e+01 1 0)
|                    ( - 7.990e+01 1 0))
|                ( - 3.728e+01 1 0)))))
s>    ( QUESTION0_10_R 1 1.029e+03 9.651e+01 7.977e+01
s>        ( QUESTION0_12_R 1 2.574e+02 4.250e+01 2.600e+01
s>            ( - 4.287e+01 1 0)
s>            ( - 1.720e+02 1 0))
s>        ( QUESTION6 -1 6.752e+02 7.355e+01 5.377e+01
s>            ( - 1.203e+02 1 0)
s>            ( QUESTION0_18_R 1 4.814e+02 6.438e+01 4.277e+01
s>                ( - 1.690e+02 1 0)
s>                ( QUESTION0 -1 2.481e+02 6.246e+01 2.500e+01
s>                    ( QUESTION0_14_R 1 1.483e+02 3.005e+01 1.800e+01
s>                        ( - 3.836e+01 1 0)
s>                        ( - 7.990e+01 1 0))
s>                    ( - 3.728e+01 1 0)))))INFO: dtree.c(1439): stop. leaf nodes are specific
INFO: dtree.c(1478): Final simple tree
|( QUESTION0_14_R 1 3.556e+03 1.217e+02 2.534e+02
|    ( - 3.250e+03 2 0)
|    ( - 1.837e+02 1 0))
s>    ( QUESTION0_14_R 1 3.556e+03 1.217e+02 2.534e+02
s>        ( - 3.250e+03 2 0)
s>        ( - 1.837e+02 1 0))INFO: dtree.c(1315): Comp split 18
INFO: dtree.c(1439): stop. leaf nodes are specific
INFO: dtree.c(1478): Final simple tree
|( QUESTION0_13_R 1 4.613e+02 6.522e+01 3.074e+01
|    ( - 3.477e+02 1 0)
|    ( SILENCE -1 4.840e+01 2.185e+01 6.000e+00
|        ( - 9.442e+00 1 0)
|        ( QUESTION0 1 1.711e+01 9.110e+00 3.000e+00
|            ( - 8.000e+00 2 0)
|            ( - 0.000e+00 1 0))))
s>    ( QUESTION0_13_R 1 4.613e+02 6.522e+01 3.074e+01
s>        ( - 3.477e+02 1 0)
s>        ( SILENCE -1 4.840e+01 2.185e+01 6.000e+00
s>            ( - 9.442e+00 1 0)
s>            ( QUESTION0 1 1.711e+01 9.110e+00 3.000e+00
s>                ( - 8.000e+00 2 0)
s>                ( - 0.000e+00 1 0))))INFO: dtree.c(1439): stop. leaf nodes are specific
INFO: dtree.c(1478): Final simple tree
|( QUESTION0_13_R 1 1.620e+03 1.442e+02 1.096e+02
|    ( SILENCE -1 7.132e+02 6.401e+01 5.093e+01
|        ( - 5.767e+02 1 0)
|        ( QUESTION0_14_R 1 7.248e+01 3.457e+01 9.000e+00
|            ( - 1.347e+01 1 0)
|            ( - 2.445e+01 1 0)))
|    ( SILENCE -1 7.626e+02 1.148e+02 5.868e+01
|        ( - 2.526e+02 1 0)
|        ( - 3.952e+02 2 0)))
s>    ( QUESTION0_13_R 1 1.620e+03 1.442e+02 1.096e+02
s>        ( SILENCE -1 7.132e+02 6.401e+01 5.093e+01
s>            ( - 5.767e+02 1 0)
s>            ( QUESTION0_14_R 1 7.248e+01 3.457e+01 9.000e+00
s>                ( - 1.347e+01 1 0)
s>                ( - 2.445e+01 1 0)))
s>        ( SILENCE -1 7.626e+02 1.148e+02 5.868e+01
s>            ( - 2.526e+02 1 0)
s>            ( - 3.952e+02 2 0)))INFO: dtree.c(1315): Comp split 19
INFO: dtree.c(1439): stop. leaf nodes are specific
INFO: dtree.c(1478): Final simple tree
|( QUESTION0_1_R 1 2.862e+02 5.749e+01 2.000e+01
|    ( - 1.142e+02 1 0)
|    ( QUESTION0_0_R 1 1.146e+02 3.647e+01 1.000e+01
|        ( WDBNDRY_B 0 3.619e+01 1.208e+01 5.000e+00
|            ( - 1.113e+00 1 0)
|            ( - 2.300e+01 1 0))
|        ( - 4.191e+01 1 0)))
s>    ( QUESTION0_1_R 1 2.862e+02 5.749e+01 2.000e+01
s>        ( - 1.142e+02 1 0)
s>        ( QUESTION0_0_R 1 1.146e+02 3.647e+01 1.000e+01
s>            ( WDBNDRY_B 0 3.619e+01 1.208e+01 5.000e+00
s>                ( - 1.113e+00 1 0)
s>                ( - 2.300e+01 1 0))
s>            ( - 4.191e+01 1 0)))INFO: dtree.c(1439): stop. leaf nodes are specific
INFO: dtree.c(1478): Final simple tree
|( WDBNDRY_B 0 1.847e+03 2.009e+01 1.070e+02
|    ( - 3.636e-01 1 0)
|    ( - 1.827e+03 1 0))
s>    ( WDBNDRY_B 0 1.847e+03 2.009e+01 1.070e+02
s>        ( - 3.636e-01 1 0)
s>        ( - 1.827e+03 1 0))INFO: dtree.c(1315): Comp split 20
INFO: dtree.c(1439): stop. leaf nodes are specific
INFO: dtree.c(1478): Final simple tree
|( QUESTION0_2_R 1 8.389e+02 7.964e+01 7.174e+01
|    ( - 5.948e+02 1 0)
|    ( QUESTION0_0_R 1 1.645e+02 3.676e+01 2.296e+01
|        ( - 5.686e+01 1 0)
|        ( - 7.083e+01 1 0)))
s>    ( QUESTION0_2_R 1 8.389e+02 7.964e+01 7.174e+01
s>        ( - 5.948e+02 1 0)
s>        ( QUESTION0_0_R 1 1.645e+02 3.676e+01 2.296e+01
s>            ( - 5.686e+01 1 0)
s>            ( - 7.083e+01 1 0)))INFO: dtree.c(1439): stop. leaf nodes are specific
INFO: dtree.c(1478): Final simple tree
|( QUESTION3 -1 1.695e+03 1.145e+02 1.238e+02
|    ( QUESTION2_9_L -1 9.951e+02 8.439e+01 7.662e+01
|        ( - 6.622e+02 1 0)
|        ( QUESTION0_0_R 1 2.486e+02 4.568e+01 2.507e+01
|            ( - 1.806e+01 1 0)
|            ( - 1.848e+02 2 0)))
|    ( QUESTION1 -1 5.852e+02 8.380e+01 4.713e+01
|        ( - 1.894e+02 2 0)
|        ( SILENCE -1 3.120e+02 3.890e+01 2.909e+01
|            ( - 2.104e+02 3 0)
|            ( - 6.269e+01 1 0))))
s>    ( QUESTION3 -1 1.695e+03 1.145e+02 1.238e+02
s>        ( QUESTION2_9_L -1 9.951e+02 8.439e+01 7.662e+01
s>            ( - 6.622e+02 1 0)
s>            ( QUESTION0_0_R 1 2.486e+02 4.568e+01 2.507e+01
s>                ( - 1.806e+01 1 0)
s>                ( - 1.848e+02 2 0)))
s>        ( QUESTION1 -1 5.852e+02 8.380e+01 4.713e+01
s>            ( - 1.894e+02 2 0)
s>            ( SILENCE -1 3.120e+02 3.890e+01 2.909e+01
s>                ( - 2.104e+02 3 0)
s>                ( - 6.269e+01 1 0))))INFO: dtree.c(1315): Comp split 21
INFO: dtree.c(1439): stop. leaf nodes are specific
INFO: dtree.c(1478): Final simple tree
|( QUESTION0_9_R 1 1.474e+02 3.911e+01 1.200e+01
|    ( WDBNDRY_E 0 5.728e+01 1.107e+01 6.000e+00
|        ( - 0.000e+00 1 0)
|        ( - 4.621e+01 1 0))
|    ( QUESTION0_0_R 1 5.104e+01 2.202e+01 6.000e+00
|        ( - 2.070e+01 1 0)
|        ( - 8.319e+00 1 0)))
s>    ( QUESTION0_9_R 1 1.474e+02 3.911e+01 1.200e+01
s>        ( WDBNDRY_E 0 5.728e+01 1.107e+01 6.000e+00
s>            ( - 0.000e+00 1 0)
s>            ( - 4.621e+01 1 0))
s>        ( QUESTION0_0_R 1 5.104e+01 2.202e+01 6.000e+00
s>            ( - 2.070e+01 1 0)
s>            ( - 8.319e+00 1 0)))INFO: dtree.c(1315): Comp split 22
INFO: dtree.c(1439): stop. leaf nodes are specific
INFO: dtree.c(1478): Final simple tree
|( SILENCE -1 8.275e+02 1.151e+02 6.268e+01
|    ( - 2.526e+02 1 0)
|    ( QUESTION0_8_R 1 4.597e+02 5.105e+01 3.549e+01
|        ( - 3.952e+02 2 0)
|        ( - 1.347e+01 1 0)))
s>    ( SILENCE -1 8.275e+02 1.151e+02 6.268e+01
s>        ( - 2.526e+02 1 0)
s>        ( QUESTION0_8_R 1 4.597e+02 5.105e+01 3.549e+01
s>            ( - 3.952e+02 2 0)
s>            ( - 1.347e+01 1 0)))INFO: dtree.c(1439): stop. leaf nodes are specific
INFO: dtree.c(1478): Final simple tree
|( SILENCE -1 6.475e+02 4.629e+01 4.693e+01
|    ( - 5.767e+02 1 0)
|    ( - 2.445e+01 1 0))
s>    ( SILENCE -1 6.475e+02 4.629e+01 4.693e+01
s>        ( - 5.767e+02 1 0)
s>        ( - 2.445e+01 1 0))INFO: dtree.c(1315): Comp split 23
INFO: dtree.c(1439): stop. leaf nodes are specific
INFO: dtree.c(1478): Final simple tree
|( QUESTION0_10_R 1 1.887e+02 5.749e+01 1.448e+01
|    ( - 4.976e+01 1 0)
|    ( QUESTION0_8_R 1 8.143e+01 1.555e+01 7.000e+00
|        ( - 3.636e-01 1 0)
|        ( - 6.553e+01 1 0)))
s>    ( QUESTION0_10_R 1 1.887e+02 5.749e+01 1.448e+01
s>        ( - 4.976e+01 1 0)
s>        ( QUESTION0_8_R 1 8.143e+01 1.555e+01 7.000e+00
s>            ( - 3.636e-01 1 0)
s>            ( - 6.553e+01 1 0)))INFO: dtree.c(1439): stop. leaf nodes are specific
INFO: dtree.c(1478): Final simple tree
|( QUESTION0_8_R 1 1.504e+03 8.640e+01 1.230e+02
|    ( - 1.215e+03 1 0)
|    ( - 2.029e+02 1 0))
s>    ( QUESTION0_8_R 1 1.504e+03 8.640e+01 1.230e+02
s>        ( - 1.215e+03 1 0)
s>        ( - 2.029e+02 1 0))INFO: dtree.c(1315): Comp split 24
INFO: dtree.c(1315): Comp split 25
INFO: dtree.c(1439): stop. leaf nodes are specific
INFO: dtree.c(1478): Final simple tree
|( QUESTION0_0_R 1 6.973e+02 6.786e+01 6.611e+01
|    ( - 1.152e+02 1 0)
|    ( - 5.142e+02 1 0))
s>    ( QUESTION0_0_R 1 6.973e+02 6.786e+01 6.611e+01
s>        ( - 1.152e+02 1 0)
s>        ( - 5.142e+02 1 0))INFO: dtree.c(1439): stop. leaf nodes are specific
INFO: dtree.c(1478): Final simple tree
|( QUESTION0_0_R 1 6.659e+02 6.713e+01 6.440e+01
|    ( - 1.210e+02 1 0)
|    ( - 4.777e+02 1 0))
s>    ( QUESTION0_0_R 1 6.659e+02 6.713e+01 6.440e+01
s>        ( - 1.210e+02 1 0)
s>        ( - 4.777e+02 1 0))INFO: dtree.c(1315): Comp split 26
INFO: dtree.c(1439): stop. leaf nodes are specific
INFO: dtree.c(1478): Final simple tree
|( QUESTION0 1 2.212e+02 6.562e+01 1.895e+01
|    ( - 5.694e+01 1 0)
|    ( QUESTION0_0_R 1 9.864e+01 2.668e+01 8.951e+00
|        ( - 3.177e+01 1 0)
|        ( QUESTION0_8_R 1 4.020e+01 1.695e+01 4.951e+00
|            ( - 4.279e+00 1 0)
|            ( - 1.897e+01 1 0))))
s>    ( QUESTION0 1 2.212e+02 6.562e+01 1.895e+01
s>        ( - 5.694e+01 1 0)
s>        ( QUESTION0_0_R 1 9.864e+01 2.668e+01 8.951e+00
s>            ( - 3.177e+01 1 0)
s>            ( QUESTION0_8_R 1 4.020e+01 1.695e+01 4.951e+00
s>                ( - 4.279e+00 1 0)
s>                ( - 1.897e+01 1 0))))INFO: dtree.c(1439): stop. leaf nodes are specific
INFO: dtree.c(1478): Final simple tree
|( QUESTION0_8_R 1 8.824e+02 6.629e+01 6.275e+01
|    ( - 7.338e+02 2 0)
|    ( QUESTION0_10_R 1 8.231e+01 2.483e+01 9.000e+00
|        ( - 5.098e+01 1 0)
|        ( - 6.501e+00 1 0)))
s>    ( QUESTION0_8_R 1 8.824e+02 6.629e+01 6.275e+01
s>        ( - 7.338e+02 2 0)
s>        ( QUESTION0_10_R 1 8.231e+01 2.483e+01 9.000e+00
s>            ( - 5.098e+01 1 0)
s>            ( - 6.501e+00 1 0)))INFO: dtree.c(1315): Comp split 27
INFO: dtree.c(1439): stop. leaf nodes are specific
INFO: dtree.c(1478): Final simple tree
|( QUESTION0_18_R 1 2.534e+02 3.787e+01 2.312e+01
|    ( - 1.864e+02 1 0)
|    ( - 2.905e+01 1 0))
s>    ( QUESTION0_18_R 1 2.534e+02 3.787e+01 2.312e+01
s>        ( - 1.864e+02 1 0)
s>        ( - 2.905e+01 1 0))INFO: dtree.c(1315): Comp split 28
INFO: dtree.c(1439): stop. leaf nodes are specific
INFO: dtree.c(1478): Final simple tree
|( QUESTION0 -1 8.850e+02 3.283e+01 6.193e+01
|    ( - 8.506e+02 1 0)
|    ( - 1.530e+00 1 0))
s>    ( QUESTION0 -1 8.850e+02 3.283e+01 6.193e+01
s>        ( - 8.506e+02 1 0)
s>        ( - 1.530e+00 1 0))INFO: dtree.c(1315): Comp split 29
INFO: dtree.c(1439): stop. leaf nodes are specific
INFO: dtree.c(1478): Final simple tree
|( QUESTION0_18_R 1 4.604e+02 5.972e+01 4.577e+01
|    ( - 1.690e+02 1 0)
|    ( QUESTION0_15_R 1 2.317e+02 4.221e+01 2.800e+01
|        ( - 7.990e+01 1 0)
|        ( QUESTION0_10_R 1 1.096e+02 2.834e+01 1.600e+01
|            ( - 4.287e+01 1 0)
|            ( - 3.836e+01 1 0))))
s>    ( QUESTION0_18_R 1 4.604e+02 5.972e+01 4.577e+01
s>        ( - 1.690e+02 1 0)
s>        ( QUESTION0_15_R 1 2.317e+02 4.221e+01 2.800e+01
s>            ( - 7.990e+01 1 0)
s>            ( QUESTION0_10_R 1 1.096e+02 2.834e+01 1.600e+01
s>                ( - 4.287e+01 1 0)
s>                ( - 3.836e+01 1 0))))INFO: dtree.c(1439): stop. leaf nodes are specific
INFO: dtree.c(1478): Final simple tree
|( QUESTION0_10_R 1 4.438e+02 7.176e+01 3.400e+01
|    ( - 1.720e+02 1 0)
|    ( QUESTION0_14_R 1 2.000e+02 4.245e+01 1.800e+01
|        ( - 3.728e+01 1 0)
|        ( - 1.203e+02 1 0)))
s>    ( QUESTION0_10_R 1 4.438e+02 7.176e+01 3.400e+01
s>        ( - 1.720e+02 1 0)
s>        ( QUESTION0_14_R 1 2.000e+02 4.245e+01 1.800e+01
s>            ( - 3.728e+01 1 0)
s>            ( - 1.203e+02 1 0)))INFO: dtree.c(1315): Comp split 30
INFO: dtree.c(1439): stop. leaf nodes are specific
INFO: dtree.c(1478): Final simple tree
|( QUESTION0 -1 4.229e+02 5.869e+01 4.155e+01
|    ( QUESTION0_11_R 1 8.150e+01 3.201e+01 1.204e+01
|        ( - 1.566e+01 1 0)
|        ( - 3.383e+01 1 0))
|    ( - 2.827e+02 1 0))
s>    ( QUESTION0 -1 4.229e+02 5.869e+01 4.155e+01
s>        ( QUESTION0_11_R 1 8.150e+01 3.201e+01 1.204e+01
s>            ( - 1.566e+01 1 0)
s>            ( - 3.383e+01 1 0))
s>        ( - 2.827e+02 1 0))INFO: dtree.c(1315): Comp split 31
INFO: dtree.c(1315): Comp split 32
INFO: dtree.c(1439): stop. leaf nodes are specific
INFO: dtree.c(1478): Final simple tree
|( SILENCE -1 3.962e+02 7.266e+01 3.400e+01
|    ( - 6.142e+01 1 0)
|    ( - 2.621e+02 1 0))
s>    ( SILENCE -1 3.962e+02 7.266e+01 3.400e+01
s>        ( - 6.142e+01 1 0)
s>        ( - 2.621e+02 1 0))INFO: dtree.c(1439): stop. leaf nodes are specific
INFO: dtree.c(1478): Final simple tree
|( SILENCE 1 3.414e+02 4.274e+01 2.600e+01
|    ( - 2.745e+02 1 0)
|    ( - 2.415e+01 1 0))
s>    ( SILENCE 1 3.414e+02 4.274e+01 2.600e+01
s>        ( - 2.745e+02 1 0)
s>        ( - 2.415e+01 1 0))INFO: dtree.c(1315): Comp split 33
INFO: dtree.c(1439): stop. leaf nodes are specific
INFO: dtree.c(1478): Final simple tree
|( QUESTION0_8_R 1 4.597e+02 5.105e+01 3.549e+01
|    ( - 3.952e+02 2 0)
|    ( - 1.347e+01 1 0))
s>    ( QUESTION0_8_R 1 4.597e+02 5.105e+01 3.549e+01
s>        ( - 3.952e+02 2 0)
s>        ( - 1.347e+01 1 0))INFO: dtree.c(1315): Comp split 34
INFO: dtree.c(1439): stop. leaf nodes are specific
INFO: dtree.c(1478): Final simple tree
|( QUESTION1 -1 5.852e+02 8.380e+01 4.713e+01
|    ( - 1.894e+02 2 0)
|    ( SILENCE -1 3.120e+02 3.890e+01 2.909e+01
|        ( - 2.104e+02 3 0)
|        ( - 6.269e+01 1 0)))
s>    ( QUESTION1 -1 5.852e+02 8.380e+01 4.713e+01
s>        ( - 1.894e+02 2 0)
s>        ( SILENCE -1 3.120e+02 3.890e+01 2.909e+01
s>            ( - 2.104e+02 3 0)
s>            ( - 6.269e+01 1 0)))INFO: dtree.c(1439): stop. leaf nodes are specific
INFO: dtree.c(1478): Final simple tree
|( QUESTION2_9_L -1 9.951e+02 8.439e+01 7.662e+01
|    ( - 6.622e+02 1 0)
|    ( QUESTION0_0_R 1 2.486e+02 4.568e+01 2.507e+01
|        ( - 1.806e+01 1 0)
|        ( - 1.848e+02 2 0)))
s>    ( QUESTION2_9_L -1 9.951e+02 8.439e+01 7.662e+01
s>        ( - 6.622e+02 1 0)
s>        ( QUESTION0_0_R 1 2.486e+02 4.568e+01 2.507e+01
s>            ( - 1.806e+01 1 0)
s>            ( - 1.848e+02 2 0)))INFO: dtree.c(1315): Comp split 35
INFO: dtree.c(1439): stop. leaf nodes are specific
INFO: dtree.c(1478): Final simple tree
|( QUESTION0_0_R 1 2.560e+02 3.739e+01 2.100e+01
|    ( - 1.454e+02 1 0)
|    ( QUESTION0_10_R 1 7.317e+01 1.975e+01 4.000e+00
|        ( - 1.374e+01 1 0)
|        ( - 3.967e+01 1 0)))
s>    ( QUESTION0_0_R 1 2.560e+02 3.739e+01 2.100e+01
s>        ( - 1.454e+02 1 0)
s>        ( QUESTION0_10_R 1 7.317e+01 1.975e+01 4.000e+00
s>            ( - 1.374e+01 1 0)
s>            ( - 3.967e+01 1 0)))INFO: dtree.c(1439): stop. leaf nodes are specific
INFO: dtree.c(1478): Final simple tree
|( QUESTION0_10_R 1 5.236e+02 7.630e+01 4.110e+01
|    ( - 1.941e+02 1 0)
|    ( - 2.533e+02 1 0))
s>    ( QUESTION0_10_R 1 5.236e+02 7.630e+01 4.110e+01
s>        ( - 1.941e+02 1 0)
s>        ( - 2.533e+02 1 0))INFO: dtree.c(1315): Comp split 36
INFO: dtree.c(1315): Comp split 37
INFO: dtree.c(1439): stop. leaf nodes are specific
INFO: dtree.c(1478): Final simple tree
|( QUESTION0_0_R 1 2.486e+02 4.568e+01 2.507e+01
|    ( - 1.806e+01 1 0)
|    ( - 1.848e+02 2 0))
s>    ( QUESTION0_0_R 1 2.486e+02 4.568e+01 2.507e+01
s>        ( - 1.806e+01 1 0)
s>        ( - 1.848e+02 2 0))INFO: dtree.c(1315): Comp split 38
INFO: dtree.c(1439): stop. leaf nodes are specific
INFO: dtree.c(1478): Final simple tree
|( SILENCE -1 3.120e+02 3.890e+01 2.909e+01
|    ( - 2.104e+02 3 0)
|    ( - 6.269e+01 1 0))
s>    ( SILENCE -1 3.120e+02 3.890e+01 2.909e+01
s>        ( - 2.104e+02 3 0)
s>        ( - 6.269e+01 1 0))INFO: dtree.c(1315): Comp split 39
INFO: dtree.c(1439): stop. leaf nodes are specific
INFO: dtree.c(1478): Final simple tree
|( QUESTION0_0_R 1 1.645e+02 3.676e+01 2.296e+01
|    ( - 5.686e+01 1 0)
|    ( - 7.083e+01 1 0))
s>    ( QUESTION0_0_R 1 1.645e+02 3.676e+01 2.296e+01
s>        ( - 5.686e+01 1 0)
s>        ( - 7.083e+01 1 0))INFO: dtree.c(1315): Comp split 40
INFO: dtree.c(1315): Comp split 41
INFO: dtree.c(1315): Comp split 42
INFO: dtree.c(1439): stop. leaf nodes are specific
INFO: dtree.c(1478): Final simple tree
|( QUESTION0_14_R 1 2.000e+02 4.245e+01 1.800e+01
|    ( - 3.728e+01 1 0)
|    ( - 1.203e+02 1 0))
s>    ( QUESTION0_14_R 1 2.000e+02 4.245e+01 1.800e+01
s>        ( - 3.728e+01 1 0)
s>        ( - 1.203e+02 1 0))INFO: dtree.c(1315): Comp split 43
INFO: dtree.c(1315): Comp split 44
INFO: dtree.c(1315): Comp split 45
INFO: dtree.c(1439): stop. leaf nodes are specific
INFO: dtree.c(1478): Final simple tree
|( QUESTION0_10_R 1 1.601e+02 3.729e+01 2.200e+01
|    ( - 4.287e+01 1 0)
|    ( - 7.990e+01 1 0))
s>    ( QUESTION0_10_R 1 1.601e+02 3.729e+01 2.200e+01
s>        ( - 4.287e+01 1 0)
s>        ( - 7.990e+01 1 0))INFO: dtree.c(1439): stop. leaf nodes are specific
INFO: dtree.c(1478): Final simple tree
|( QUESTION0_14_R 1 2.333e+02 2.598e+01 2.377e+01
|    ( - 3.836e+01 1 0)
|    ( - 1.690e+02 1 0))
s>    ( QUESTION0_14_R 1 2.333e+02 2.598e+01 2.377e+01
s>        ( - 3.836e+01 1 0)
s>        ( - 1.690e+02 1 0))INFO: dtree.c(1315): Comp split 46
INFO: dtree.c(1439): stop. leaf nodes are specific
INFO: dtree.c(1478): Final simple tree
|( QUESTION0_10_R 1 8.231e+01 2.483e+01 9.000e+00
|    ( - 5.098e+01 1 0)
|    ( - 6.501e+00 1 0))
s>    ( QUESTION0_10_R 1 8.231e+01 2.483e+01 9.000e+00
s>        ( - 5.098e+01 1 0)
s>        ( - 6.501e+00 1 0))INFO: dtree.c(1315): Comp split 47
INFO: dtree.c(1439): stop. leaf nodes are specific
INFO: dtree.c(1478): Final simple tree
|( QUESTION0_0_R 1 9.864e+01 2.668e+01 8.951e+00
|    ( - 3.177e+01 1 0)
|    ( QUESTION0_8_R 1 4.020e+01 1.695e+01 4.951e+00
|        ( - 4.279e+00 1 0)
|        ( - 1.897e+01 1 0)))
s>    ( QUESTION0_0_R 1 9.864e+01 2.668e+01 8.951e+00
s>        ( - 3.177e+01 1 0)
s>        ( QUESTION0_8_R 1 4.020e+01 1.695e+01 4.951e+00
s>            ( - 4.279e+00 1 0)
s>            ( - 1.897e+01 1 0)))INFO: dtree.c(1315): Comp split 48
INFO: dtree.c(1439): stop. leaf nodes are specific
INFO: dtree.c(1478): Final simple tree
|( SILENCE -1 4.840e+01 2.185e+01 6.000e+00
|    ( - 9.442e+00 1 0)
|    ( QUESTION0 1 1.711e+01 9.110e+00 3.000e+00
|        ( - 8.000e+00 2 0)
|        ( - 0.000e+00 1 0)))
s>    ( SILENCE -1 4.840e+01 2.185e+01 6.000e+00
s>        ( - 9.442e+00 1 0)
s>        ( QUESTION0 1 1.711e+01 9.110e+00 3.000e+00
s>            ( - 8.000e+00 2 0)
s>            ( - 0.000e+00 1 0)))INFO: dtree.c(1315): Comp split 49
INFO: dtree.c(1439): stop. leaf nodes are specific
INFO: dtree.c(1478): Final simple tree
|( QUESTION0_11_R 1 8.150e+01 3.201e+01 1.204e+01
|    ( - 1.566e+01 1 0)
|    ( - 3.383e+01 1 0))
s>    ( QUESTION0_11_R 1 8.150e+01 3.201e+01 1.204e+01
s>        ( - 1.566e+01 1 0)
s>        ( - 3.383e+01 1 0))INFO: dtree.c(1315): Comp split 50
INFO: dtree.c(1439): stop. leaf nodes are specific
INFO: dtree.c(1478): Final simple tree
|( QUESTION0_8_R 1 8.143e+01 1.555e+01 7.000e+00
|    ( - 3.636e-01 1 0)
|    ( - 6.553e+01 1 0))
s>    ( QUESTION0_8_R 1 8.143e+01 1.555e+01 7.000e+00
s>        ( - 3.636e-01 1 0)
s>        ( - 6.553e+01 1 0))INFO: dtree.c(1315): Comp split 51
INFO: dtree.c(1439): stop. leaf nodes are specific
INFO: dtree.c(1478): Final simple tree
|( QUESTION0_0_R 1 1.146e+02 3.647e+01 1.000e+01
|    ( WDBNDRY_B 0 3.619e+01 1.208e+01 5.000e+00
|        ( - 1.113e+00 1 0)
|        ( - 2.300e+01 1 0))
|    ( - 4.191e+01 1 0))
s>    ( QUESTION0_0_R 1 1.146e+02 3.647e+01 1.000e+01
s>        ( WDBNDRY_B 0 3.619e+01 1.208e+01 5.000e+00
s>            ( - 1.113e+00 1 0)
s>            ( - 2.300e+01 1 0))
s>        ( - 4.191e+01 1 0))INFO: dtree.c(1315): Comp split 52
INFO: dtree.c(1315): Comp split 53
INFO: dtree.c(1315): Comp split 54
INFO: dtree.c(1315): Comp split 55
INFO: dtree.c(1315): Comp split 56
INFO: dtree.c(1315): Comp split 57
INFO: dtree.c(1439): stop. leaf nodes are specific
INFO: dtree.c(1478): Final simple tree
|( QUESTION0_0_R 1 5.104e+01 2.202e+01 6.000e+00
|    ( - 2.070e+01 1 0)
|    ( - 8.319e+00 1 0))
s>    ( QUESTION0_0_R 1 5.104e+01 2.202e+01 6.000e+00
s>        ( - 2.070e+01 1 0)
s>        ( - 8.319e+00 1 0))INFO: dtree.c(1439): stop. leaf nodes are specific
INFO: dtree.c(1478): Final simple tree
|( WDBNDRY_E 0 5.728e+01 1.107e+01 6.000e+00
|    ( - 0.000e+00 1 0)
|    ( - 4.621e+01 1 0))
s>    ( WDBNDRY_E 0 5.728e+01 1.107e+01 6.000e+00
s>        ( - 0.000e+00 1 0)
s>        ( - 4.621e+01 1 0))INFO: dtree.c(1315): Comp split 58
INFO: dtree.c(1315): Comp split 59
INFO: dtree.c(1315): Comp split 60
INFO: dtree.c(1439): stop. leaf nodes are specific
INFO: dtree.c(1478): Final simple tree
|( QUESTION0_10_R 1 7.317e+01 1.975e+01 4.000e+00
|    ( - 1.374e+01 1 0)
|    ( - 3.967e+01 1 0))
s>    ( QUESTION0_10_R 1 7.317e+01 1.975e+01 4.000e+00
s>        ( - 1.374e+01 1 0)
s>        ( - 3.967e+01 1 0))INFO: dtree.c(1315): Comp split 61
INFO: dtree.c(1315): Comp split 62
INFO: dtree.c(1439): stop. leaf nodes are specific
INFO: dtree.c(1478): Final simple tree
|( QUESTION0_0_R 1 6.182e+00 6.182e+00 2.000e+00
|    ( - 0.000e+00 1 0)
|    ( - 0.000e+00 1 0))
s>    ( QUESTION0_0_R 1 6.182e+00 6.182e+00 2.000e+00
s>        ( - 0.000e+00 1 0)
s>        ( - 0.000e+00 1 0))INFO: dtree.c(1315): Comp split 63
INFO: dtree.c(1315): Comp split 64
INFO: dtree.c(1439): stop. leaf nodes are specific
INFO: dtree.c(1478): Final simple tree
|( WDBNDRY_B 0 3.619e+01 1.208e+01 5.000e+00
|    ( - 1.113e+00 1 0)
|    ( - 2.300e+01 1 0))
s>    ( WDBNDRY_B 0 3.619e+01 1.208e+01 5.000e+00
s>        ( - 1.113e+00 1 0)
s>        ( - 2.300e+01 1 0))INFO: dtree.c(1315): Comp split 65
INFO: dtree.c(1315): Comp split 66
INFO: dtree.c(1315): Comp split 67
INFO: dtree.c(1315): Comp split 68
INFO: dtree.c(1439): stop. leaf nodes are specific
INFO: dtree.c(1478): Final simple tree
|( QUESTION0_8_R 1 4.020e+01 1.695e+01 4.951e+00
|    ( - 4.279e+00 1 0)
|    ( - 1.897e+01 1 0))
s>    ( QUESTION0_8_R 1 4.020e+01 1.695e+01 4.951e+00
s>        ( - 4.279e+00 1 0)
s>        ( - 1.897e+01 1 0))INFO: dtree.c(1315): Comp split 69
INFO: dtree.c(1315): Comp split 70
INFO: dtree.c(1315): Comp split 71
INFO: dtree.c(1315): Comp split 72
INFO: dtree.c(1439): stop. leaf nodes are specific
INFO: dtree.c(1478): Final simple tree
|( QUESTION0 1 1.711e+01 9.110e+00 3.000e+00
|    ( - 8.000e+00 2 0)
|    ( - 0.000e+00 1 0))
s>    ( QUESTION0 1 1.711e+01 9.110e+00 3.000e+00
s>        ( - 8.000e+00 2 0)
s>        ( - 0.000e+00 1 0))INFO: dtree.c(1315): Comp split 73
INFO: dtree.c(1315): Comp split 74
INFO: dtree.c(1315): Comp split 75
INFO: dtree.c(1315): Comp split 76
INFO: dtree.c(1315): Comp split 77
INFO: dtree.c(1315): Comp split 78
INFO: dtree.c(1315): Comp split 79
INFO: dtree.c(1315): Comp split 80
INFO: dtree.c(1315): Comp split 81
INFO: dtree.c(1318): stop. leaf nodes are specific
Mon May 23 22:39:46 2022
