Current configuration:
[NAME]		[DEFLT]	[VALUE]
-allphones	no	no
-cntthresh	0.00001	1.000000e-05
-csplitmax	100	2000
-csplitmin	1	1
-csplitthr	8e-4	0.000000e+00
-example	no	no
-fullvar	no	no
-help		no	no
-meanfn			
-mixwfn			/home/rakha/Kuliah/Semester8/nlp/speech-sphinx/train-new-model/an4-master/model_parameters/an4.cd_ptm_untied/mixture_weights
-moddeffn		/home/rakha/Kuliah/Semester8/nlp/speech-sphinx/train-new-model/an4-master/model_architecture/an4.untied.mdef
-mwfloor	1e-4	1.000000e-08
-phone			R
-psetfn			/home/rakha/Kuliah/Semester8/nlp/speech-sphinx/train-new-model/an4-master/model_architecture/an4.tree_questions
-ssplitmax	5	7
-ssplitmin	1	1
-ssplitthr	8e-4	0.000000e+00
-state			2
-stwt			1.0,0.05,0.0,
-treefn			/home/rakha/Kuliah/Semester8/nlp/speech-sphinx/train-new-model/an4-master/trees/an4.unpruned/R-2.dtree
-ts2cbfn	.semi.	.semi.
-varfloor	0.00001	1.000000e-05
-varfn			

INFO: main.c(223): Reading: /home/rakha/Kuliah/Semester8/nlp/speech-sphinx/train-new-model/an4-master/model_architecture/an4.untied.mdef
INFO: model_def_io.c(573): Model definition info:
INFO: model_def_io.c(574): 1618 total models defined (34 base, 1584 tri)
INFO: model_def_io.c(575): 6472 total states
INFO: model_def_io.c(576): 4854 total tied states
INFO: model_def_io.c(577): 102 total tied CI states
INFO: model_def_io.c(578): 34 total tied transition matrices
INFO: model_def_io.c(579): 4 max state/model
INFO: model_def_io.c(580): 4 min state/model
INFO: main.c(242): Building trees for [R AA AA e] through [R TH IY i]
INFO: main.c(269): Covering states |[3630 3758]| == 129
INFO: main.c(275): Reading: /home/rakha/Kuliah/Semester8/nlp/speech-sphinx/train-new-model/an4-master/model_parameters/an4.cd_ptm_untied/mixture_weights
INFO: s3mixw_io.c(173): Read /home/rakha/Kuliah/Semester8/nlp/speech-sphinx/train-new-model/an4-master/model_parameters/an4.cd_ptm_untied/mixture_weights [129x4x64 array]
INFO: main.c(311): 43 of 43 models have observation count greater than 0.000010
INFO: main.c(95): nrm stwt: 0.000 0.048 0.952 
INFO: main.c(411): 43-class entropy: 4.234273e+04
INFO: main.c(549): Reading: /home/rakha/Kuliah/Semester8/nlp/speech-sphinx/train-new-model/an4-master/model_architecture/an4.tree_questions
INFO: main.c(588): 180 total simple questions (172 phone; 8 word bndry)
INFO: main.c(590): 42 Left Only questions, and 42 Right Only questions
INFO: dtree.c(1478): Final simple tree
|( QUESTION0 -1 5.786e+04 3.243e+03 2.707e+03
|    ( SILENCE 1 4.281e+04 1.358e+03 2.090e+03
|        ( - 7.682e+03 2 0)
|        ( QUESTION6 1 3.377e+04 1.032e+03 1.625e+03
|            ( - 1.097e+04 15 0 QUESTION7 1 5.513e+02 5.678e+02)
|            ( QUESTION4 1 2.177e+04 7.207e+02 1.057e+03
|                ( - 3.723e+03 4 0 QUESTION0_8_R 1 3.205e+02 2.079e+02)
|                ( QUESTION0_3_R 1 1.733e+04 5.930e+02 8.493e+02
|                    ( - 5.432e+03 3 0)
|                    ( - 1.130e+04 11 0 QUESTION1 1 4.771e+02 5.562e+02)))))
|    ( QUESTION2 1 1.181e+04 1.031e+03 6.170e+02
|        ( - 3.931e+03 4 0 QUESTION0_0_R 1 4.720e+02 2.124e+02)
|        ( QUESTION0_0_R 1 6.847e+03 7.361e+02 4.046e+02
|            ( - 4.234e+03 2 0 QUESTION6 -1 1.205e+02 2.547e+02)
|            ( - 1.876e+03 2 0 WDBNDRY_B 0 2.311e+02 1.499e+02))))
s>    ( QUESTION0 -1 5.786e+04 3.243e+03 2.707e+03
s>        ( SILENCE 1 4.281e+04 1.358e+03 2.090e+03
s>            ( - 7.682e+03 2 0)
s>            ( QUESTION6 1 3.377e+04 1.032e+03 1.625e+03
s>                ( - 1.097e+04 15 0 QUESTION7 1 5.513e+02 5.678e+02)
s>                ( QUESTION4 1 2.177e+04 7.207e+02 1.057e+03
s>                    ( - 3.723e+03 4 0 QUESTION0_8_R 1 3.205e+02 2.079e+02)
s>                    ( QUESTION0_3_R 1 1.733e+04 5.930e+02 8.493e+02
s>                        ( - 5.432e+03 3 0)
s>                        ( - 1.130e+04 11 0 QUESTION1 1 4.771e+02 5.562e+02)))))
s>        ( QUESTION2 1 1.181e+04 1.031e+03 6.170e+02
s>            ( - 3.931e+03 4 0 QUESTION0_0_R 1 4.720e+02 2.124e+02)
s>            ( QUESTION0_0_R 1 6.847e+03 7.361e+02 4.046e+02
s>                ( - 4.234e+03 2 0 QUESTION6 -1 1.205e+02 2.547e+02)
s>                ( - 1.876e+03 2 0 WDBNDRY_B 0 2.311e+02 1.499e+02))))INFO: dtree.c(1315): Comp split 0
INFO: dtree.c(1478): Final simple tree
|( SILENCE 1 4.281e+04 1.358e+03 2.090e+03
|    ( - 7.682e+03 2 0)
|    ( QUESTION6 1 3.377e+04 1.032e+03 1.625e+03
|        ( QUESTION7 1 1.097e+04 5.513e+02 5.678e+02
|            ( - 4.878e+03 7 0 QUESTION0_10_R 1 3.245e+02 2.685e+02)
|            ( - 5.542e+03 8 0 QUESTION0_10_R 1 2.809e+02 2.993e+02))
|        ( QUESTION4 1 2.177e+04 7.207e+02 1.057e+03
|            ( - 3.723e+03 4 0 QUESTION0_8_R 1 3.205e+02 2.079e+02)
|            ( QUESTION0_3_R 1 1.733e+04 5.930e+02 8.493e+02
|                ( - 5.432e+03 3 0)
|                ( QUESTION1 1 1.130e+04 4.771e+02 5.562e+02
|                    ( - 4.324e+03 4 0 QUESTION0_0_R 1 2.413e+02 2.248e+02)
|                    ( QUESTION0_14_R 1 6.500e+03 4.008e+02 3.314e+02
|                        ( - 2.297e+03 1 0)
|                        ( - 3.802e+03 6 0 QUESTION0_9_R 1 3.562e+02 2.022e+02)))))))
s>    ( SILENCE 1 4.281e+04 1.358e+03 2.090e+03
s>        ( - 7.682e+03 2 0)
s>        ( QUESTION6 1 3.377e+04 1.032e+03 1.625e+03
s>            ( QUESTION7 1 1.097e+04 5.513e+02 5.678e+02
s>                ( - 4.878e+03 7 0 QUESTION0_10_R 1 3.245e+02 2.685e+02)
s>                ( - 5.542e+03 8 0 QUESTION0_10_R 1 2.809e+02 2.993e+02))
s>            ( QUESTION4 1 2.177e+04 7.207e+02 1.057e+03
s>                ( - 3.723e+03 4 0 QUESTION0_8_R 1 3.205e+02 2.079e+02)
s>                ( QUESTION0_3_R 1 1.733e+04 5.930e+02 8.493e+02
s>                    ( - 5.432e+03 3 0)
s>                    ( QUESTION1 1 1.130e+04 4.771e+02 5.562e+02
s>                        ( - 4.324e+03 4 0 QUESTION0_0_R 1 2.413e+02 2.248e+02)
s>                        ( QUESTION0_14_R 1 6.500e+03 4.008e+02 3.314e+02
s>                            ( - 2.297e+03 1 0)
s>                            ( - 3.802e+03 6 0 QUESTION0_9_R 1 3.562e+02 2.022e+02)))))))INFO: dtree.c(1478): Final simple tree
|( QUESTION2 1 1.181e+04 1.031e+03 6.170e+02
|    ( QUESTION0_0_R 1 3.931e+03 4.720e+02 2.124e+02
|        ( - 1.623e+03 1 0)
|        ( WDBNDRY_B 0 1.835e+03 4.303e+01 1.105e+02
|            ( - 1.784e+03 1 0)
|            ( QUESTION7 -1 8.000e+00 8.000e+00 2.000e+00
|                ( - 0.000e+00 1 0)
|                ( - 0.000e+00 1 0))))
|    ( QUESTION0_0_R 1 6.847e+03 7.361e+02 4.046e+02
|        ( QUESTION6 -1 4.234e+03 1.205e+02 2.547e+02
|            ( - 3.959e+03 1 0)
|            ( - 1.553e+02 1 0))
|        ( WDBNDRY_B 0 1.876e+03 2.311e+02 1.499e+02
|            ( - 4.574e+02 1 0)
|            ( - 1.188e+03 1 0))))
s>    ( QUESTION2 1 1.181e+04 1.031e+03 6.170e+02
s>        ( QUESTION0_0_R 1 3.931e+03 4.720e+02 2.124e+02
s>            ( - 1.623e+03 1 0)
s>            ( WDBNDRY_B 0 1.835e+03 4.303e+01 1.105e+02
s>                ( - 1.784e+03 1 0)
s>                ( QUESTION7 -1 8.000e+00 8.000e+00 2.000e+00
s>                    ( - 0.000e+00 1 0)
s>                    ( - 0.000e+00 1 0))))
s>        ( QUESTION0_0_R 1 6.847e+03 7.361e+02 4.046e+02
s>            ( QUESTION6 -1 4.234e+03 1.205e+02 2.547e+02
s>                ( - 3.959e+03 1 0)
s>                ( - 1.553e+02 1 0))
s>            ( WDBNDRY_B 0 1.876e+03 2.311e+02 1.499e+02
s>                ( - 4.574e+02 1 0)
s>                ( - 1.188e+03 1 0))))INFO: dtree.c(1315): Comp split 1
INFO: dtree.c(1478): Final simple tree
|( QUESTION5 1 2.025e+04 7.229e+02 1.000e+03
|    ( QUESTION7 1 1.097e+04 5.513e+02 5.678e+02
|        ( QUESTION0_10_R 1 4.878e+03 3.245e+02 2.685e+02
|            ( WDBNDRY_E 0 3.689e+03 2.624e+02 2.146e+02
|                ( - 1.883e+03 3 0 QUESTION0_11_R 1 1.352e+02 1.163e+02)
|                ( - 1.544e+03 2 0))
|            ( - 8.642e+02 2 0 QUESTION0_18_R 1 1.448e+02 5.389e+01))
|        ( QUESTION0_10_R 1 5.542e+03 2.809e+02 2.993e+02
|            ( - 4.514e+03 2 0 WDBNDRY_E 0 9.595e+01 2.525e+02)
|            ( - 7.462e+02 6 0 QUESTION0_19_R 1 7.556e+01 4.683e+01)))
|    ( QUESTION0 1 8.554e+03 5.062e+02 4.327e+02
|        ( - 4.324e+03 4 0 QUESTION0_0_R 1 2.413e+02 2.248e+02)
|        ( QUESTION0_8_R 1 3.723e+03 3.205e+02 2.079e+02
|            ( - 2.298e+03 2 0)
|            ( - 1.105e+03 2 0 QUESTION0_0_R 1 1.696e+02 7.210e+01))))
s>    ( QUESTION5 1 2.025e+04 7.229e+02 1.000e+03
s>        ( QUESTION7 1 1.097e+04 5.513e+02 5.678e+02
s>            ( QUESTION0_10_R 1 4.878e+03 3.245e+02 2.685e+02
s>                ( WDBNDRY_E 0 3.689e+03 2.624e+02 2.146e+02
s>                    ( - 1.883e+03 3 0 QUESTION0_11_R 1 1.352e+02 1.163e+02)
s>                    ( - 1.544e+03 2 0))
s>                ( - 8.642e+02 2 0 QUESTION0_18_R 1 1.448e+02 5.389e+01))
s>            ( QUESTION0_10_R 1 5.542e+03 2.809e+02 2.993e+02
s>                ( - 4.514e+03 2 0 WDBNDRY_E 0 9.595e+01 2.525e+02)
s>                ( - 7.462e+02 6 0 QUESTION0_19_R 1 7.556e+01 4.683e+01)))
s>        ( QUESTION0 1 8.554e+03 5.062e+02 4.327e+02
s>            ( - 4.324e+03 4 0 QUESTION0_0_R 1 2.413e+02 2.248e+02)
s>            ( QUESTION0_8_R 1 3.723e+03 3.205e+02 2.079e+02
s>                ( - 2.298e+03 2 0)
s>                ( - 1.105e+03 2 0 QUESTION0_0_R 1 1.696e+02 7.210e+01))))INFO: dtree.c(1439): stop. leaf nodes are specific
INFO: dtree.c(1478): Final simple tree
|( SILENCE 1 2.114e+04 1.003e+03 1.090e+03
|    ( - 7.682e+03 2 0)
|    ( QUESTION0_3_R 1 1.246e+04 5.266e+02 6.245e+02
|        ( - 5.432e+03 3 0)
|        ( QUESTION0_14_R 1 6.500e+03 4.008e+02 3.314e+02
|            ( - 2.297e+03 1 0)
|            ( QUESTION0_9_R 1 3.802e+03 3.562e+02 2.022e+02
|                ( - 1.215e+03 2 0)
|                ( QUESTION0_0_R 1 2.231e+03 8.245e+01 1.223e+02
|                    ( - 2.105e+01 1 0)
|                    ( - 2.127e+03 3 0))))))
s>    ( SILENCE 1 2.114e+04 1.003e+03 1.090e+03
s>        ( - 7.682e+03 2 0)
s>        ( QUESTION0_3_R 1 1.246e+04 5.266e+02 6.245e+02
s>            ( - 5.432e+03 3 0)
s>            ( QUESTION0_14_R 1 6.500e+03 4.008e+02 3.314e+02
s>                ( - 2.297e+03 1 0)
s>                ( QUESTION0_9_R 1 3.802e+03 3.562e+02 2.022e+02
s>                    ( - 1.215e+03 2 0)
s>                    ( QUESTION0_0_R 1 2.231e+03 8.245e+01 1.223e+02
s>                        ( - 2.105e+01 1 0)
s>                        ( - 2.127e+03 3 0))))))INFO: dtree.c(1315): Comp split 2
INFO: dtree.c(1439): stop. leaf nodes are specific
INFO: dtree.c(1478): Final simple tree
|( QUESTION0_0_R 1 6.847e+03 7.361e+02 4.046e+02
|    ( QUESTION6 -1 4.234e+03 1.205e+02 2.547e+02
|        ( - 3.959e+03 1 0)
|        ( - 1.553e+02 1 0))
|    ( WDBNDRY_B 0 1.876e+03 2.311e+02 1.499e+02
|        ( - 4.574e+02 1 0)
|        ( - 1.188e+03 1 0)))
s>    ( QUESTION0_0_R 1 6.847e+03 7.361e+02 4.046e+02
s>        ( QUESTION6 -1 4.234e+03 1.205e+02 2.547e+02
s>            ( - 3.959e+03 1 0)
s>            ( - 1.553e+02 1 0))
s>        ( WDBNDRY_B 0 1.876e+03 2.311e+02 1.499e+02
s>            ( - 4.574e+02 1 0)
s>            ( - 1.188e+03 1 0)))INFO: dtree.c(1439): stop. leaf nodes are specific
INFO: dtree.c(1478): Final simple tree
|( QUESTION0_0_R 1 3.931e+03 4.720e+02 2.124e+02
|    ( - 1.623e+03 1 0)
|    ( WDBNDRY_B 0 1.835e+03 4.303e+01 1.105e+02
|        ( - 1.784e+03 1 0)
|        ( QUESTION7 -1 8.000e+00 8.000e+00 2.000e+00
|            ( - 0.000e+00 1 0)
|            ( - 0.000e+00 1 0))))
s>    ( QUESTION0_0_R 1 3.931e+03 4.720e+02 2.124e+02
s>        ( - 1.623e+03 1 0)
s>        ( WDBNDRY_B 0 1.835e+03 4.303e+01 1.105e+02
s>            ( - 1.784e+03 1 0)
s>            ( QUESTION7 -1 8.000e+00 8.000e+00 2.000e+00
s>                ( - 0.000e+00 1 0)
s>                ( - 0.000e+00 1 0))))INFO: dtree.c(1315): Comp split 3
INFO: dtree.c(1439): stop. leaf nodes are specific
INFO: dtree.c(1478): Final simple tree
|( QUESTION0_3_R 1 1.246e+04 5.266e+02 6.245e+02
|    ( - 5.432e+03 3 0)
|    ( QUESTION0_14_R 1 6.500e+03 4.008e+02 3.314e+02
|        ( - 2.297e+03 1 0)
|        ( QUESTION0_9_R 1 3.802e+03 3.562e+02 2.022e+02
|            ( - 1.215e+03 2 0)
|            ( QUESTION0_0_R 1 2.231e+03 8.245e+01 1.223e+02
|                ( - 2.105e+01 1 0)
|                ( - 2.127e+03 3 0)))))
s>    ( QUESTION0_3_R 1 1.246e+04 5.266e+02 6.245e+02
s>        ( - 5.432e+03 3 0)
s>        ( QUESTION0_14_R 1 6.500e+03 4.008e+02 3.314e+02
s>            ( - 2.297e+03 1 0)
s>            ( QUESTION0_9_R 1 3.802e+03 3.562e+02 2.022e+02
s>                ( - 1.215e+03 2 0)
s>                ( QUESTION0_0_R 1 2.231e+03 8.245e+01 1.223e+02
s>                    ( - 2.105e+01 1 0)
s>                    ( - 2.127e+03 3 0)))))INFO: dtree.c(1315): Comp split 4
INFO: dtree.c(1478): Final simple tree
|( QUESTION0 1 9.570e+03 5.441e+02 4.795e+02
|    ( QUESTION0_0_R 1 4.324e+03 2.413e+02 2.248e+02
|        ( - 3.665e+03 1 0)
|        ( - 4.180e+02 3 0))
|    ( QUESTION0_16_R 1 4.702e+03 3.270e+02 2.547e+02
|        ( QUESTION0_17_R 1 7.368e+02 6.830e+01 5.392e+01
|            ( - 2.097e+01 2 0)
|            ( - 6.476e+02 1 0))
|        ( QUESTION0_8_R 1 3.638e+03 2.544e+02 2.008e+02
|            ( - 2.298e+03 2 0)
|            ( QUESTION0_0_R 1 1.085e+03 1.407e+02 6.500e+01
|                ( - 3.092e+02 2 0 QUESTION0_1_R 1 2.145e+01 2.300e+01)
|                ( WDBNDRY_E 0 6.354e+02 3.645e+01 4.200e+01
|                    ( - 5.950e+02 2 0)
|                    ( - 4.000e+00 1 0))))))
s>    ( QUESTION0 1 9.570e+03 5.441e+02 4.795e+02
s>        ( QUESTION0_0_R 1 4.324e+03 2.413e+02 2.248e+02
s>            ( - 3.665e+03 1 0)
s>            ( - 4.180e+02 3 0))
s>        ( QUESTION0_16_R 1 4.702e+03 3.270e+02 2.547e+02
s>            ( QUESTION0_17_R 1 7.368e+02 6.830e+01 5.392e+01
s>                ( - 2.097e+01 2 0)
s>                ( - 6.476e+02 1 0))
s>            ( QUESTION0_8_R 1 3.638e+03 2.544e+02 2.008e+02
s>                ( - 2.298e+03 2 0)
s>                ( QUESTION0_0_R 1 1.085e+03 1.407e+02 6.500e+01
s>                    ( - 3.092e+02 2 0 QUESTION0_1_R 1 2.145e+01 2.300e+01)
s>                    ( WDBNDRY_E 0 6.354e+02 3.645e+01 4.200e+01
s>                        ( - 5.950e+02 2 0)
s>                        ( - 4.000e+00 1 0))))))INFO: dtree.c(1439): stop. leaf nodes are specific
INFO: dtree.c(1478): Final simple tree
|( QUESTION0_12_R 1 9.935e+03 5.428e+02 5.209e+02
|    ( WDBNDRY_E 0 4.514e+03 9.595e+01 2.525e+02
|        ( - 4.350e+03 1 0)
|        ( - 6.838e+01 1 0))
|    ( QUESTION0_10_R 1 4.878e+03 3.245e+02 2.685e+02
|        ( WDBNDRY_E 0 3.689e+03 2.624e+02 2.146e+02
|            ( QUESTION0_11_R 1 1.883e+03 1.352e+02 1.163e+02
|                ( - 6.515e+02 1 0)
|                ( - 1.096e+03 2 0))
|            ( - 1.544e+03 2 0))
|        ( QUESTION0_18_R 1 8.642e+02 1.448e+02 5.389e+01
|            ( - 4.118e+02 1 0)
|            ( - 3.076e+02 1 0))))
s>    ( QUESTION0_12_R 1 9.935e+03 5.428e+02 5.209e+02
s>        ( WDBNDRY_E 0 4.514e+03 9.595e+01 2.525e+02
s>            ( - 4.350e+03 1 0)
s>            ( - 6.838e+01 1 0))
s>        ( QUESTION0_10_R 1 4.878e+03 3.245e+02 2.685e+02
s>            ( WDBNDRY_E 0 3.689e+03 2.624e+02 2.146e+02
s>                ( QUESTION0_11_R 1 1.883e+03 1.352e+02 1.163e+02
s>                    ( - 6.515e+02 1 0)
s>                    ( - 1.096e+03 2 0))
s>                ( - 1.544e+03 2 0))
s>            ( QUESTION0_18_R 1 8.642e+02 1.448e+02 5.389e+01
s>                ( - 4.118e+02 1 0)
s>                ( - 3.076e+02 1 0))))INFO: dtree.c(1315): Comp split 5
INFO: dtree.c(1439): stop. leaf nodes are specific
INFO: dtree.c(1478): Final simple tree
|( WDBNDRY_B 0 1.876e+03 2.311e+02 1.499e+02
|    ( - 4.574e+02 1 0)
|    ( - 1.188e+03 1 0))
s>    ( WDBNDRY_B 0 1.876e+03 2.311e+02 1.499e+02
s>        ( - 4.574e+02 1 0)
s>        ( - 1.188e+03 1 0))INFO: dtree.c(1439): stop. leaf nodes are specific
INFO: dtree.c(1478): Final simple tree
|( QUESTION6 -1 4.234e+03 1.205e+02 2.547e+02
|    ( - 3.959e+03 1 0)
|    ( - 1.553e+02 1 0))
s>    ( QUESTION6 -1 4.234e+03 1.205e+02 2.547e+02
s>        ( - 3.959e+03 1 0)
s>        ( - 1.553e+02 1 0))INFO: dtree.c(1315): Comp split 6
INFO: dtree.c(1439): stop. leaf nodes are specific
INFO: dtree.c(1478): Final simple tree
|( QUESTION0_10_R 1 4.832e+03 1.742e+02 2.705e+02
|    ( - 4.350e+03 1 0)
|    ( - 3.076e+02 1 0))
s>    ( QUESTION0_10_R 1 4.832e+03 1.742e+02 2.705e+02
s>        ( - 4.350e+03 1 0)
s>        ( - 3.076e+02 1 0))INFO: dtree.c(1439): stop. leaf nodes are specific
INFO: dtree.c(1478): Final simple tree
|( WDBNDRY_E 0 4.451e+03 2.722e+02 2.505e+02
|    ( QUESTION0_10_R 1 2.487e+03 1.920e+02 1.452e+02
|        ( QUESTION0_11_R 1 1.883e+03 1.352e+02 1.163e+02
|            ( - 6.515e+02 1 0)
|            ( - 1.096e+03 2 0))
|        ( - 4.118e+02 1 0))
|    ( QUESTION0_11_R 1 1.692e+03 7.971e+01 1.052e+02
|        ( - 6.838e+01 1 0)
|        ( - 1.544e+03 2 0)))
s>    ( WDBNDRY_E 0 4.451e+03 2.722e+02 2.505e+02
s>        ( QUESTION0_10_R 1 2.487e+03 1.920e+02 1.452e+02
s>            ( QUESTION0_11_R 1 1.883e+03 1.352e+02 1.163e+02
s>                ( - 6.515e+02 1 0)
s>                ( - 1.096e+03 2 0))
s>            ( - 4.118e+02 1 0))
s>        ( QUESTION0_11_R 1 1.692e+03 7.971e+01 1.052e+02
s>            ( - 6.838e+01 1 0)
s>            ( - 1.544e+03 2 0)))INFO: dtree.c(1315): Comp split 7
INFO: dtree.c(1439): stop. leaf nodes are specific
INFO: dtree.c(1478): Final simple tree
|( QUESTION0_9_R 1 3.802e+03 3.562e+02 2.022e+02
|    ( - 1.215e+03 2 0)
|    ( QUESTION0_0_R 1 2.231e+03 8.245e+01 1.223e+02
|        ( - 2.105e+01 1 0)
|        ( - 2.127e+03 3 0)))
s>    ( QUESTION0_9_R 1 3.802e+03 3.562e+02 2.022e+02
s>        ( - 1.215e+03 2 0)
s>        ( QUESTION0_0_R 1 2.231e+03 8.245e+01 1.223e+02
s>            ( - 2.105e+01 1 0)
s>            ( - 2.127e+03 3 0)))INFO: dtree.c(1439): stop. leaf nodes are specific
INFO: dtree.c(1478): Final simple tree
|( QUESTION0_0_R 1 8.107e+03 3.780e+02 4.223e+02
|    ( - 5.432e+03 3 0)
|    ( - 2.297e+03 1 0))
s>    ( QUESTION0_0_R 1 8.107e+03 3.780e+02 4.223e+02
s>        ( - 5.432e+03 3 0)
s>        ( - 2.297e+03 1 0))INFO: dtree.c(1315): Comp split 8
INFO: dtree.c(1439): stop. leaf nodes are specific
INFO: dtree.c(1478): Final simple tree
|( QUESTION0_16_R 1 4.702e+03 3.270e+02 2.547e+02
|    ( QUESTION0_17_R 1 7.368e+02 6.830e+01 5.392e+01
|        ( - 2.097e+01 2 0)
|        ( - 6.476e+02 1 0))
|    ( QUESTION0_8_R 1 3.638e+03 2.544e+02 2.008e+02
|        ( - 2.298e+03 2 0)
|        ( QUESTION0_0_R 1 1.085e+03 1.407e+02 6.500e+01
|            ( QUESTION0_1_R 1 3.092e+02 2.145e+01 2.300e+01
|                ( - 2.878e+02 1 0)
|                ( - 0.000e+00 1 0))
|            ( WDBNDRY_E 0 6.354e+02 3.645e+01 4.200e+01
|                ( - 5.950e+02 2 0)
|                ( - 4.000e+00 1 0)))))
s>    ( QUESTION0_16_R 1 4.702e+03 3.270e+02 2.547e+02
s>        ( QUESTION0_17_R 1 7.368e+02 6.830e+01 5.392e+01
s>            ( - 2.097e+01 2 0)
s>            ( - 6.476e+02 1 0))
s>        ( QUESTION0_8_R 1 3.638e+03 2.544e+02 2.008e+02
s>            ( - 2.298e+03 2 0)
s>            ( QUESTION0_0_R 1 1.085e+03 1.407e+02 6.500e+01
s>                ( QUESTION0_1_R 1 3.092e+02 2.145e+01 2.300e+01
s>                    ( - 2.878e+02 1 0)
s>                    ( - 0.000e+00 1 0))
s>                ( WDBNDRY_E 0 6.354e+02 3.645e+01 4.200e+01
s>                    ( - 5.950e+02 2 0)
s>                    ( - 4.000e+00 1 0)))))INFO: dtree.c(1439): stop. leaf nodes are specific
INFO: dtree.c(1478): Final simple tree
|( QUESTION0_0_R 1 4.324e+03 2.413e+02 2.248e+02
|    ( - 3.665e+03 1 0)
|    ( - 4.180e+02 3 0))
s>    ( QUESTION0_0_R 1 4.324e+03 2.413e+02 2.248e+02
s>        ( - 3.665e+03 1 0)
s>        ( - 4.180e+02 3 0))INFO: dtree.c(1315): Comp split 9
INFO: dtree.c(1439): stop. leaf nodes are specific
INFO: dtree.c(1478): Final simple tree
|( WDBNDRY_B 0 1.835e+03 4.303e+01 1.105e+02
|    ( - 1.784e+03 1 0)
|    ( QUESTION7 -1 8.000e+00 8.000e+00 2.000e+00
|        ( - 0.000e+00 1 0)
|        ( - 0.000e+00 1 0)))
s>    ( WDBNDRY_B 0 1.835e+03 4.303e+01 1.105e+02
s>        ( - 1.784e+03 1 0)
s>        ( QUESTION7 -1 8.000e+00 8.000e+00 2.000e+00
s>            ( - 0.000e+00 1 0)
s>            ( - 0.000e+00 1 0)))INFO: dtree.c(1315): Comp split 10
INFO: dtree.c(1315): Comp split 11
INFO: dtree.c(1439): stop. leaf nodes are specific
INFO: dtree.c(1478): Final simple tree
|( QUESTION0_0_R 1 2.231e+03 8.245e+01 1.223e+02
|    ( - 2.105e+01 1 0)
|    ( - 2.127e+03 3 0))
s>    ( QUESTION0_0_R 1 2.231e+03 8.245e+01 1.223e+02
s>        ( - 2.105e+01 1 0)
s>        ( - 2.127e+03 3 0))INFO: dtree.c(1315): Comp split 12
INFO: dtree.c(1439): stop. leaf nodes are specific
INFO: dtree.c(1478): Final simple tree
|( QUESTION4 1 7.977e+02 8.972e+01 5.692e+01
|    ( - 6.476e+02 1 0)
|    ( QUESTION0_16_R 1 6.040e+01 2.441e+01 6.828e+00
|        ( - 2.097e+01 2 0)
|        ( WDBNDRY_E 0 1.502e+01 1.102e+01 3.000e+00
|            ( - 0.000e+00 1 0)
|            ( - 4.000e+00 1 0))))
s>    ( QUESTION4 1 7.977e+02 8.972e+01 5.692e+01
s>        ( - 6.476e+02 1 0)
s>        ( QUESTION0_16_R 1 6.040e+01 2.441e+01 6.828e+00
s>            ( - 2.097e+01 2 0)
s>            ( WDBNDRY_E 0 1.502e+01 1.102e+01 3.000e+00
s>                ( - 0.000e+00 1 0)
s>                ( - 4.000e+00 1 0))))INFO: dtree.c(1439): stop. leaf nodes are specific
INFO: dtree.c(1478): Final simple tree
|( QUESTION0_8_R 1 3.565e+03 2.547e+02 1.978e+02
|    ( - 2.298e+03 2 0)
|    ( QUESTION0_0_R 1 1.013e+03 1.298e+02 6.200e+01
|        ( - 2.878e+02 1 0)
|        ( - 5.950e+02 2 0)))
s>    ( QUESTION0_8_R 1 3.565e+03 2.547e+02 1.978e+02
s>        ( - 2.298e+03 2 0)
s>        ( QUESTION0_0_R 1 1.013e+03 1.298e+02 6.200e+01
s>            ( - 2.878e+02 1 0)
s>            ( - 5.950e+02 2 0)))INFO: dtree.c(1315): Comp split 13
INFO: dtree.c(1439): stop. leaf nodes are specific
INFO: dtree.c(1478): Final simple tree
|( QUESTION0_10_R 1 2.626e+03 1.931e+02 1.522e+02
|    ( QUESTION8 1 2.021e+03 1.378e+02 1.233e+02
|        ( - 6.515e+02 1 0)
|        ( WDBNDRY_E 0 1.231e+03 6.682e+01 8.028e+01
|            ( - 1.096e+03 2 0)
|            ( - 6.838e+01 1 0)))
|    ( - 4.118e+02 1 0))
s>    ( QUESTION0_10_R 1 2.626e+03 1.931e+02 1.522e+02
s>        ( QUESTION8 1 2.021e+03 1.378e+02 1.233e+02
s>            ( - 6.515e+02 1 0)
s>            ( WDBNDRY_E 0 1.231e+03 6.682e+01 8.028e+01
s>                ( - 1.096e+03 2 0)
s>                ( - 6.838e+01 1 0)))
s>        ( - 4.118e+02 1 0))INFO: dtree.c(1315): Comp split 14
INFO: dtree.c(1439): stop. leaf nodes are specific
INFO: dtree.c(1478): Final simple tree
|( QUESTION0_0_R 1 1.013e+03 1.298e+02 6.200e+01
|    ( - 2.878e+02 1 0)
|    ( - 5.950e+02 2 0))
s>    ( QUESTION0_0_R 1 1.013e+03 1.298e+02 6.200e+01
s>        ( - 2.878e+02 1 0)
s>        ( - 5.950e+02 2 0))INFO: dtree.c(1315): Comp split 15
INFO: dtree.c(1315): Comp split 16
INFO: dtree.c(1315): Comp split 17
INFO: dtree.c(1439): stop. leaf nodes are specific
INFO: dtree.c(1478): Final simple tree
|( QUESTION8 1 2.021e+03 1.378e+02 1.233e+02
|    ( - 6.515e+02 1 0)
|    ( WDBNDRY_E 0 1.231e+03 6.682e+01 8.028e+01
|        ( - 1.096e+03 2 0)
|        ( - 6.838e+01 1 0)))
s>    ( QUESTION8 1 2.021e+03 1.378e+02 1.233e+02
s>        ( - 6.515e+02 1 0)
s>        ( WDBNDRY_E 0 1.231e+03 6.682e+01 8.028e+01
s>            ( - 1.096e+03 2 0)
s>            ( - 6.838e+01 1 0)))INFO: dtree.c(1315): Comp split 18
INFO: dtree.c(1315): Comp split 19
INFO: dtree.c(1439): stop. leaf nodes are specific
INFO: dtree.c(1478): Final simple tree
|( WDBNDRY_E 0 1.231e+03 6.682e+01 8.028e+01
|    ( - 1.096e+03 2 0)
|    ( - 6.838e+01 1 0))
s>    ( WDBNDRY_E 0 1.231e+03 6.682e+01 8.028e+01
s>        ( - 1.096e+03 2 0)
s>        ( - 6.838e+01 1 0))INFO: dtree.c(1315): Comp split 20
INFO: dtree.c(1315): Comp split 21
INFO: dtree.c(1315): Comp split 22
INFO: dtree.c(1439): stop. leaf nodes are specific
INFO: dtree.c(1478): Final simple tree
|( QUESTION0_16_R 1 6.040e+01 2.441e+01 6.828e+00
|    ( - 2.097e+01 2 0)
|    ( WDBNDRY_E 0 1.502e+01 1.102e+01 3.000e+00
|        ( - 0.000e+00 1 0)
|        ( - 4.000e+00 1 0)))
s>    ( QUESTION0_16_R 1 6.040e+01 2.441e+01 6.828e+00
s>        ( - 2.097e+01 2 0)
s>        ( WDBNDRY_E 0 1.502e+01 1.102e+01 3.000e+00
s>            ( - 0.000e+00 1 0)
s>            ( - 4.000e+00 1 0)))INFO: dtree.c(1315): Comp split 23
INFO: dtree.c(1315): Comp split 24
INFO: dtree.c(1315): Comp split 25
INFO: dtree.c(1439): stop. leaf nodes are specific
INFO: dtree.c(1478): Final simple tree
|( QUESTION7 -1 8.000e+00 8.000e+00 2.000e+00
|    ( - 0.000e+00 1 0)
|    ( - 0.000e+00 1 0))
s>    ( QUESTION7 -1 8.000e+00 8.000e+00 2.000e+00
s>        ( - 0.000e+00 1 0)
s>        ( - 0.000e+00 1 0))INFO: dtree.c(1315): Comp split 26
INFO: dtree.c(1439): stop. leaf nodes are specific
INFO: dtree.c(1478): Final simple tree
|( WDBNDRY_E 0 1.502e+01 1.102e+01 3.000e+00
|    ( - 0.000e+00 1 0)
|    ( - 4.000e+00 1 0))
s>    ( WDBNDRY_E 0 1.502e+01 1.102e+01 3.000e+00
s>        ( - 0.000e+00 1 0)
s>        ( - 4.000e+00 1 0))INFO: dtree.c(1315): Comp split 27
INFO: dtree.c(1315): Comp split 28
INFO: dtree.c(1315): Comp split 29
INFO: dtree.c(1318): stop. leaf nodes are specific
Mon May 23 22:39:53 2022
