Current configuration:
[NAME]		[DEFLT]	[VALUE]
-allphones	no	no
-cntthresh	0.00001	1.000000e-05
-csplitmax	100	2000
-csplitmin	1	1
-csplitthr	8e-4	0.000000e+00
-example	no	no
-fullvar	no	no
-help		no	no
-meanfn			
-mixwfn			/home/rakha/Kuliah/Semester8/nlp/speech-sphinx/train-new-model/an4-master/model_parameters/an4.cd_ptm_untied/mixture_weights
-moddeffn		/home/rakha/Kuliah/Semester8/nlp/speech-sphinx/train-new-model/an4-master/model_architecture/an4.untied.mdef
-mwfloor	1e-4	1.000000e-08
-phone			ER
-psetfn			/home/rakha/Kuliah/Semester8/nlp/speech-sphinx/train-new-model/an4-master/model_architecture/an4.tree_questions
-ssplitmax	5	7
-ssplitmin	1	1
-ssplitthr	8e-4	0.000000e+00
-state			1
-stwt			1.0,0.05,0.0,
-treefn			/home/rakha/Kuliah/Semester8/nlp/speech-sphinx/train-new-model/an4-master/trees/an4.unpruned/ER-1.dtree
-ts2cbfn	.semi.	.semi.
-varfloor	0.00001	1.000000e-05
-varfn			

INFO: main.c(223): Reading: /home/rakha/Kuliah/Semester8/nlp/speech-sphinx/train-new-model/an4-master/model_architecture/an4.untied.mdef
INFO: model_def_io.c(573): Model definition info:
INFO: model_def_io.c(574): 1618 total models defined (34 base, 1584 tri)
INFO: model_def_io.c(575): 6472 total states
INFO: model_def_io.c(576): 4854 total tied states
INFO: model_def_io.c(577): 102 total tied CI states
INFO: model_def_io.c(578): 34 total tied transition matrices
INFO: model_def_io.c(579): 4 max state/model
INFO: model_def_io.c(580): 4 min state/model
INFO: main.c(242): Building trees for [ER B EY e] through [ER TH T i]
INFO: main.c(269): Covering states |[1272 1325]| == 54
INFO: main.c(275): Reading: /home/rakha/Kuliah/Semester8/nlp/speech-sphinx/train-new-model/an4-master/model_parameters/an4.cd_ptm_untied/mixture_weights
INFO: s3mixw_io.c(173): Read /home/rakha/Kuliah/Semester8/nlp/speech-sphinx/train-new-model/an4-master/model_parameters/an4.cd_ptm_untied/mixture_weights [54x4x64 array]
INFO: main.c(311): 18 of 18 models have observation count greater than 0.000010
INFO: main.c(95): nrm stwt: 0.045 0.909 0.045 
INFO: main.c(411): 18-class entropy: 1.250809e+04
INFO: main.c(549): Reading: /home/rakha/Kuliah/Semester8/nlp/speech-sphinx/train-new-model/an4-master/model_architecture/an4.tree_questions
INFO: main.c(588): 180 total simple questions (172 phone; 8 word bndry)
INFO: main.c(590): 42 Left Only questions, and 42 Right Only questions
INFO: dtree.c(1478): Final simple tree
|( QUESTION2_2_L -1 1.500e+04 4.893e+02 8.034e+02
|    ( QUESTION4 1 1.050e+04 2.680e+02 5.694e+02
|        ( QUESTION0_8_R 1 7.171e+03 2.512e+02 3.912e+02
|            ( - 3.183e+03 1 0)
|            ( QUESTION0_0_R 1 3.736e+03 1.630e+02 2.148e+02
|                ( - 8.371e+02 1 0)
|                ( - 2.736e+03 1 0)))
|        ( QUESTION6 1 3.062e+03 1.652e+02 1.783e+02
|            ( - 1.570e+03 3 0 QUESTION0_10_R 1 1.403e+02 9.513e+01)
|            ( - 1.327e+03 2 0 QUESTION0_8_R 1 9.932e+01 8.316e+01)))
|    ( QUESTION10 -1 4.007e+03 3.408e+02 2.340e+02
|        ( - 2.566e+03 2 0 QUESTION0_10_R 1 9.997e+01 1.675e+02)
|        ( QUESTION5 1 1.101e+03 1.685e+02 6.650e+01
|            ( - 3.991e+02 3 0 WDBNDRY_E 0 6.529e+01 2.692e+01)
|            ( - 5.329e+02 5 0 WDBNDRY_E 0 8.020e+01 3.958e+01))))
s>    ( QUESTION2_2_L -1 1.500e+04 4.893e+02 8.034e+02
s>        ( QUESTION4 1 1.050e+04 2.680e+02 5.694e+02
s>            ( QUESTION0_8_R 1 7.171e+03 2.512e+02 3.912e+02
s>                ( - 3.183e+03 1 0)
s>                ( QUESTION0_0_R 1 3.736e+03 1.630e+02 2.148e+02
s>                    ( - 8.371e+02 1 0)
s>                    ( - 2.736e+03 1 0)))
s>            ( QUESTION6 1 3.062e+03 1.652e+02 1.783e+02
s>                ( - 1.570e+03 3 0 QUESTION0_10_R 1 1.403e+02 9.513e+01)
s>                ( - 1.327e+03 2 0 QUESTION0_8_R 1 9.932e+01 8.316e+01)))
s>        ( QUESTION10 -1 4.007e+03 3.408e+02 2.340e+02
s>            ( - 2.566e+03 2 0 QUESTION0_10_R 1 9.997e+01 1.675e+02)
s>            ( QUESTION5 1 1.101e+03 1.685e+02 6.650e+01
s>                ( - 3.991e+02 3 0 WDBNDRY_E 0 6.529e+01 2.692e+01)
s>                ( - 5.329e+02 5 0 WDBNDRY_E 0 8.020e+01 3.958e+01))))INFO: dtree.c(1315): Comp split 0
INFO: dtree.c(1478): Final simple tree
|( QUESTION4 1 1.050e+04 2.680e+02 5.694e+02
|    ( QUESTION0_8_R 1 7.171e+03 2.512e+02 3.912e+02
|        ( - 3.183e+03 1 0)
|        ( QUESTION0_0_R 1 3.736e+03 1.630e+02 2.148e+02
|            ( - 8.371e+02 1 0)
|            ( - 2.736e+03 1 0)))
|    ( QUESTION6 1 3.062e+03 1.652e+02 1.783e+02
|        ( QUESTION0_10_R 1 1.570e+03 1.403e+02 9.513e+01
|            ( - 9.163e+02 1 0)
|            ( QUESTION0_16_R 1 5.130e+02 3.979e+01 3.606e+01
|                ( - 3.016e+01 1 0)
|                ( - 4.431e+02 1 0)))
|        ( QUESTION0_8_R 1 1.327e+03 9.932e+01 8.316e+01
|            ( - 8.989e+02 1 0)
|            ( - 3.286e+02 1 0))))
s>    ( QUESTION4 1 1.050e+04 2.680e+02 5.694e+02
s>        ( QUESTION0_8_R 1 7.171e+03 2.512e+02 3.912e+02
s>            ( - 3.183e+03 1 0)
s>            ( QUESTION0_0_R 1 3.736e+03 1.630e+02 2.148e+02
s>                ( - 8.371e+02 1 0)
s>                ( - 2.736e+03 1 0)))
s>        ( QUESTION6 1 3.062e+03 1.652e+02 1.783e+02
s>            ( QUESTION0_10_R 1 1.570e+03 1.403e+02 9.513e+01
s>                ( - 9.163e+02 1 0)
s>                ( QUESTION0_16_R 1 5.130e+02 3.979e+01 3.606e+01
s>                    ( - 3.016e+01 1 0)
s>                    ( - 4.431e+02 1 0)))
s>            ( QUESTION0_8_R 1 1.327e+03 9.932e+01 8.316e+01
s>                ( - 8.989e+02 1 0)
s>                ( - 3.286e+02 1 0))))INFO: dtree.c(1478): Final simple tree
|( QUESTION10 -1 4.007e+03 3.408e+02 2.340e+02
|    ( QUESTION0_10_R 1 2.566e+03 9.997e+01 1.675e+02
|        ( - 2.032e+02 1 0)
|        ( - 2.262e+03 1 0))
|    ( QUESTION5 1 1.101e+03 1.685e+02 6.650e+01
|        ( WDBNDRY_E 0 3.991e+02 6.529e+01 2.692e+01
|            ( - 5.071e+01 2 0 QUESTION0_10_R 1 1.879e+01 5.000e+00)
|            ( - 2.831e+02 1 0))
|        ( WDBNDRY_E 0 5.329e+02 8.020e+01 3.958e+01
|            ( QUESTION0_9_R 1 2.417e+02 5.398e+01 2.100e+01
|                ( - 1.117e+02 1 0)
|                ( QUESTION0_0_R 1 7.597e+01 3.259e+01 8.000e+00
|                    ( - 1.766e+01 1 0)
|                    ( - 2.572e+01 2 0 QUESTION0 1 1.201e+01 4.000e+00)))
|            ( - 2.110e+02 1 0))))
s>    ( QUESTION10 -1 4.007e+03 3.408e+02 2.340e+02
s>        ( QUESTION0_10_R 1 2.566e+03 9.997e+01 1.675e+02
s>            ( - 2.032e+02 1 0)
s>            ( - 2.262e+03 1 0))
s>        ( QUESTION5 1 1.101e+03 1.685e+02 6.650e+01
s>            ( WDBNDRY_E 0 3.991e+02 6.529e+01 2.692e+01
s>                ( - 5.071e+01 2 0 QUESTION0_10_R 1 1.879e+01 5.000e+00)
s>                ( - 2.831e+02 1 0))
s>            ( WDBNDRY_E 0 5.329e+02 8.020e+01 3.958e+01
s>                ( QUESTION0_9_R 1 2.417e+02 5.398e+01 2.100e+01
s>                    ( - 1.117e+02 1 0)
s>                    ( QUESTION0_0_R 1 7.597e+01 3.259e+01 8.000e+00
s>                        ( - 1.766e+01 1 0)
s>                        ( - 2.572e+01 2 0 QUESTION0 1 1.201e+01 4.000e+00)))
s>                ( - 2.110e+02 1 0))))INFO: dtree.c(1315): Comp split 1
INFO: dtree.c(1439): stop. leaf nodes are specific
INFO: dtree.c(1478): Final simple tree
|( QUESTION0_13_R 1 2.639e+03 1.118e+02 1.715e+02
|    ( - 2.262e+03 1 0)
|    ( WDBNDRY_E 0 2.652e+02 4.431e+01 2.307e+01
|        ( - 1.766e+01 1 0)
|        ( - 2.032e+02 1 0)))
s>    ( QUESTION0_13_R 1 2.639e+03 1.118e+02 1.715e+02
s>        ( - 2.262e+03 1 0)
s>        ( WDBNDRY_E 0 2.652e+02 4.431e+01 2.307e+01
s>            ( - 1.766e+01 1 0)
s>            ( - 2.032e+02 1 0)))INFO: dtree.c(1439): stop. leaf nodes are specific
INFO: dtree.c(1478): Final simple tree
|( QUESTION5 1 1.027e+03 1.664e+02 6.250e+01
|    ( WDBNDRY_E 0 3.991e+02 6.529e+01 2.692e+01
|        ( QUESTION0_10_R 1 5.071e+01 1.879e+01 5.000e+00
|            ( - 1.736e+01 1 0)
|            ( - 1.456e+01 1 0))
|        ( - 2.831e+02 1 0))
|    ( WDBNDRY_E 0 4.610e+02 7.641e+01 3.558e+01
|        ( QUESTION0_8_R 1 1.736e+02 3.612e+01 1.700e+01
|            ( QUESTION0 1 2.572e+01 1.201e+01 4.000e+00
|                ( - 1.117e+01 1 0)
|                ( - 2.539e+00 1 0))
|            ( - 1.117e+02 1 0))
|        ( - 2.110e+02 1 0)))
s>    ( QUESTION5 1 1.027e+03 1.664e+02 6.250e+01
s>        ( WDBNDRY_E 0 3.991e+02 6.529e+01 2.692e+01
s>            ( QUESTION0_10_R 1 5.071e+01 1.879e+01 5.000e+00
s>                ( - 1.736e+01 1 0)
s>                ( - 1.456e+01 1 0))
s>            ( - 2.831e+02 1 0))
s>        ( WDBNDRY_E 0 4.610e+02 7.641e+01 3.558e+01
s>            ( QUESTION0_8_R 1 1.736e+02 3.612e+01 1.700e+01
s>                ( QUESTION0 1 2.572e+01 1.201e+01 4.000e+00
s>                    ( - 1.117e+01 1 0)
s>                    ( - 2.539e+00 1 0))
s>                ( - 1.117e+02 1 0))
s>            ( - 2.110e+02 1 0)))INFO: dtree.c(1315): Comp split 2
INFO: dtree.c(1439): stop. leaf nodes are specific
INFO: dtree.c(1478): Final simple tree
|( QUESTION0_9_R 1 4.798e+03 1.756e+02 2.730e+02
|    ( - 2.736e+03 1 0)
|    ( QUESTION0_0_R 1 1.886e+03 1.501e+02 1.132e+02
|        ( - 8.371e+02 1 0)
|        ( - 8.989e+02 1 0)))
s>    ( QUESTION0_9_R 1 4.798e+03 1.756e+02 2.730e+02
s>        ( - 2.736e+03 1 0)
s>        ( QUESTION0_0_R 1 1.886e+03 1.501e+02 1.132e+02
s>            ( - 8.371e+02 1 0)
s>            ( - 8.989e+02 1 0)))INFO: dtree.c(1439): stop. leaf nodes are specific
INFO: dtree.c(1478): Final simple tree
|( QUESTION0_8_R 1 5.412e+03 2.265e+02 2.965e+02
|    ( - 3.183e+03 1 0)
|    ( QUESTION10 1 2.003e+03 1.477e+02 1.201e+02
|        ( QUESTION0_16_R 1 5.130e+02 3.979e+01 3.606e+01
|            ( - 3.016e+01 1 0)
|            ( - 4.431e+02 1 0))
|        ( QUESTION0_10_R 1 1.342e+03 9.754e+01 8.406e+01
|            ( - 9.163e+02 1 0)
|            ( - 3.286e+02 1 0))))
s>    ( QUESTION0_8_R 1 5.412e+03 2.265e+02 2.965e+02
s>        ( - 3.183e+03 1 0)
s>        ( QUESTION10 1 2.003e+03 1.477e+02 1.201e+02
s>            ( QUESTION0_16_R 1 5.130e+02 3.979e+01 3.606e+01
s>                ( - 3.016e+01 1 0)
s>                ( - 4.431e+02 1 0))
s>            ( QUESTION0_10_R 1 1.342e+03 9.754e+01 8.406e+01
s>                ( - 9.163e+02 1 0)
s>                ( - 3.286e+02 1 0))))INFO: dtree.c(1315): Comp split 3
INFO: dtree.c(1439): stop. leaf nodes are specific
INFO: dtree.c(1478): Final simple tree
|( QUESTION10 1 1.930e+03 1.445e+02 1.161e+02
|    ( - 4.431e+02 1 0)
|    ( QUESTION0_10_R 1 1.342e+03 9.754e+01 8.406e+01
|        ( - 9.163e+02 1 0)
|        ( - 3.286e+02 1 0)))
s>    ( QUESTION10 1 1.930e+03 1.445e+02 1.161e+02
s>        ( - 4.431e+02 1 0)
s>        ( QUESTION0_10_R 1 1.342e+03 9.754e+01 8.406e+01
s>            ( - 9.163e+02 1 0)
s>            ( - 3.286e+02 1 0)))INFO: dtree.c(1439): stop. leaf nodes are specific
INFO: dtree.c(1478): Final simple tree
|( QUESTION0_8_R 1 3.254e+03 4.100e+01 1.804e+02
|    ( - 3.183e+03 1 0)
|    ( - 3.016e+01 1 0))
s>    ( QUESTION0_8_R 1 3.254e+03 4.100e+01 1.804e+02
s>        ( - 3.183e+03 1 0)
s>        ( - 3.016e+01 1 0))INFO: dtree.c(1315): Comp split 4
INFO: dtree.c(1439): stop. leaf nodes are specific
INFO: dtree.c(1478): Final simple tree
|( QUESTION0_0_R 1 1.886e+03 1.501e+02 1.132e+02
|    ( - 8.371e+02 1 0)
|    ( - 8.989e+02 1 0))
s>    ( QUESTION0_0_R 1 1.886e+03 1.501e+02 1.132e+02
s>        ( - 8.371e+02 1 0)
s>        ( - 8.989e+02 1 0))INFO: dtree.c(1315): Comp split 5
INFO: dtree.c(1439): stop. leaf nodes are specific
INFO: dtree.c(1478): Final simple tree
|( WDBNDRY_E 0 3.707e+02 5.666e+01 2.592e+01
|    ( QUESTION0_8_R 1 3.093e+01 1.103e+01 4.000e+00
|        ( - 2.539e+00 1 0)
|        ( - 1.736e+01 1 0))
|    ( - 2.831e+02 1 0))
s>    ( WDBNDRY_E 0 3.707e+02 5.666e+01 2.592e+01
s>        ( QUESTION0_8_R 1 3.093e+01 1.103e+01 4.000e+00
s>            ( - 2.539e+00 1 0)
s>            ( - 1.736e+01 1 0))
s>        ( - 2.831e+02 1 0))INFO: dtree.c(1439): stop. leaf nodes are specific
INFO: dtree.c(1478): Final simple tree
|( WDBNDRY_E 0 4.883e+02 7.480e+01 3.658e+01
|    ( QUESTION0_16_R 1 2.025e+02 4.443e+01 1.800e+01
|        ( - 1.117e+02 1 0)
|        ( QUESTION0_8_R 1 4.629e+01 2.056e+01 5.000e+00
|            ( - 1.117e+01 1 0)
|            ( - 1.456e+01 1 0)))
|    ( - 2.110e+02 1 0))
s>    ( WDBNDRY_E 0 4.883e+02 7.480e+01 3.658e+01
s>        ( QUESTION0_16_R 1 2.025e+02 4.443e+01 1.800e+01
s>            ( - 1.117e+02 1 0)
s>            ( QUESTION0_8_R 1 4.629e+01 2.056e+01 5.000e+00
s>                ( - 1.117e+01 1 0)
s>                ( - 1.456e+01 1 0)))
s>        ( - 2.110e+02 1 0))INFO: dtree.c(1315): Comp split 6
INFO: dtree.c(1315): Comp split 7
INFO: dtree.c(1439): stop. leaf nodes are specific
INFO: dtree.c(1478): Final simple tree
|( QUESTION0_10_R 1 1.342e+03 9.754e+01 8.406e+01
|    ( - 9.163e+02 1 0)
|    ( - 3.286e+02 1 0))
s>    ( QUESTION0_10_R 1 1.342e+03 9.754e+01 8.406e+01
s>        ( - 9.163e+02 1 0)
s>        ( - 3.286e+02 1 0))INFO: dtree.c(1315): Comp split 8
INFO: dtree.c(1439): stop. leaf nodes are specific
INFO: dtree.c(1478): Final simple tree
|( WDBNDRY_E 0 2.652e+02 4.431e+01 2.307e+01
|    ( - 1.766e+01 1 0)
|    ( - 2.032e+02 1 0))
s>    ( WDBNDRY_E 0 2.652e+02 4.431e+01 2.307e+01
s>        ( - 1.766e+01 1 0)
s>        ( - 2.032e+02 1 0))INFO: dtree.c(1315): Comp split 9
INFO: dtree.c(1315): Comp split 10
INFO: dtree.c(1439): stop. leaf nodes are specific
INFO: dtree.c(1478): Final simple tree
|( WDBNDRY_E 0 2.571e+02 3.149e+01 2.058e+01
|    ( - 1.456e+01 1 0)
|    ( - 2.110e+02 1 0))
s>    ( WDBNDRY_E 0 2.571e+02 3.149e+01 2.058e+01
s>        ( - 1.456e+01 1 0)
s>        ( - 2.110e+02 1 0))INFO: dtree.c(1439): stop. leaf nodes are specific
INFO: dtree.c(1478): Final simple tree
|( QUESTION0_8_R 1 1.515e+02 2.856e+01 1.600e+01
|    ( - 1.117e+01 1 0)
|    ( - 1.117e+02 1 0))
s>    ( QUESTION0_8_R 1 1.515e+02 2.856e+01 1.600e+01
s>        ( - 1.117e+01 1 0)
s>        ( - 1.117e+02 1 0))INFO: dtree.c(1315): Comp split 11
INFO: dtree.c(1439): stop. leaf nodes are specific
INFO: dtree.c(1478): Final simple tree
|( QUESTION0_8_R 1 3.093e+01 1.103e+01 4.000e+00
|    ( - 2.539e+00 1 0)
|    ( - 1.736e+01 1 0))
s>    ( QUESTION0_8_R 1 3.093e+01 1.103e+01 4.000e+00
s>        ( - 2.539e+00 1 0)
s>        ( - 1.736e+01 1 0))INFO: dtree.c(1315): Comp split 12
INFO: dtree.c(1315): Comp split 13
INFO: dtree.c(1315): Comp split 14
INFO: dtree.c(1315): Comp split 15
INFO: dtree.c(1315): Comp split 16
INFO: dtree.c(1315): Comp split 17
INFO: dtree.c(1318): stop. leaf nodes are specific
Mon May 23 22:39:47 2022
