Current configuration:
[NAME]		[DEFLT]	[VALUE]
-allphones	no	no
-cntthresh	0.00001	1.000000e-05
-csplitmax	100	2000
-csplitmin	1	1
-csplitthr	8e-4	0.000000e+00
-example	no	no
-fullvar	no	no
-help		no	no
-meanfn			
-mixwfn			/home/rakha/Kuliah/Semester8/nlp/speech-sphinx/train-new-model/an4-master/model_parameters/an4.cd_ptm_untied/mixture_weights
-moddeffn		/home/rakha/Kuliah/Semester8/nlp/speech-sphinx/train-new-model/an4-master/model_architecture/an4.untied.mdef
-mwfloor	1e-4	1.000000e-08
-phone			EY
-psetfn			/home/rakha/Kuliah/Semester8/nlp/speech-sphinx/train-new-model/an4-master/model_architecture/an4.tree_questions
-ssplitmax	5	7
-ssplitmin	1	1
-ssplitthr	8e-4	0.000000e+00
-state			2
-stwt			1.0,0.05,0.0,
-treefn			/home/rakha/Kuliah/Semester8/nlp/speech-sphinx/train-new-model/an4-master/trees/an4.unpruned/EY-2.dtree
-ts2cbfn	.semi.	.semi.
-varfloor	0.00001	1.000000e-05
-varfn			

INFO: main.c(223): Reading: /home/rakha/Kuliah/Semester8/nlp/speech-sphinx/train-new-model/an4-master/model_architecture/an4.untied.mdef
INFO: model_def_io.c(573): Model definition info:
INFO: model_def_io.c(574): 1618 total models defined (34 base, 1584 tri)
INFO: model_def_io.c(575): 6472 total states
INFO: model_def_io.c(576): 4854 total tied states
INFO: model_def_io.c(577): 102 total tied CI states
INFO: model_def_io.c(578): 34 total tied transition matrices
INFO: model_def_io.c(579): 4 max state/model
INFO: model_def_io.c(580): 4 min state/model
INFO: main.c(242): Building trees for [EY AH CH b] through [EY V T b]
INFO: main.c(269): Covering states |[1326 1535]| == 210
INFO: main.c(275): Reading: /home/rakha/Kuliah/Semester8/nlp/speech-sphinx/train-new-model/an4-master/model_parameters/an4.cd_ptm_untied/mixture_weights
INFO: s3mixw_io.c(173): Read /home/rakha/Kuliah/Semester8/nlp/speech-sphinx/train-new-model/an4-master/model_parameters/an4.cd_ptm_untied/mixture_weights [210x4x64 array]
INFO: main.c(311): 70 of 70 models have observation count greater than 0.000010
INFO: main.c(95): nrm stwt: 0.000 0.048 0.952 
INFO: main.c(411): 70-class entropy: 4.530441e+04
INFO: main.c(549): Reading: /home/rakha/Kuliah/Semester8/nlp/speech-sphinx/train-new-model/an4-master/model_architecture/an4.tree_questions
INFO: main.c(588): 180 total simple questions (172 phone; 8 word bndry)
INFO: main.c(590): 42 Left Only questions, and 42 Right Only questions
INFO: dtree.c(1478): Final simple tree
|( WDBNDRY_E 0 5.771e+04 1.508e+03 2.734e+03
|    ( SILENCE 1 1.938e+04 4.411e+02 9.088e+02
|        ( - 1.886e+03 1 0)
|        ( QUESTION1 1 1.705e+04 3.780e+02 7.990e+02
|            ( - 3.288e+03 6 0 QUESTION7 -1 2.932e+02 1.695e+02)
|            ( QUESTION0_0_R 1 1.339e+04 3.437e+02 6.295e+02
|                ( - 2.033e+03 7 0 QUESTION10 -1 2.209e+02 1.039e+02)
|                ( QUESTION0_13_R 1 1.101e+04 3.515e+02 5.256e+02
|                    ( - 4.026e+03 10 0 QUESTION0_18_R 1 3.081e+02 1.962e+02)
|                    ( - 6.631e+03 13 0 QUESTION0 1 2.773e+02 3.294e+02)))))
|    ( WDBNDRY_B 0 3.682e+04 5.620e+02 1.825e+03
|        ( QUESTION1 -1 3.420e+04 4.774e+02 1.701e+03
|            ( - 1.578e+04 4 0 QUESTION0_11_R 1 2.721e+02 7.858e+02)
|            ( - 1.794e+04 28 0 QUESTION0_11_R 1 3.321e+02 9.154e+02))
|        ( - 2.057e+03 1 0)))
s>    ( WDBNDRY_E 0 5.771e+04 1.508e+03 2.734e+03
s>        ( SILENCE 1 1.938e+04 4.411e+02 9.088e+02
s>            ( - 1.886e+03 1 0)
s>            ( QUESTION1 1 1.705e+04 3.780e+02 7.990e+02
s>                ( - 3.288e+03 6 0 QUESTION7 -1 2.932e+02 1.695e+02)
s>                ( QUESTION0_0_R 1 1.339e+04 3.437e+02 6.295e+02
s>                    ( - 2.033e+03 7 0 QUESTION10 -1 2.209e+02 1.039e+02)
s>                    ( QUESTION0_13_R 1 1.101e+04 3.515e+02 5.256e+02
s>                        ( - 4.026e+03 10 0 QUESTION0_18_R 1 3.081e+02 1.962e+02)
s>                        ( - 6.631e+03 13 0 QUESTION0 1 2.773e+02 3.294e+02)))))
s>        ( WDBNDRY_B 0 3.682e+04 5.620e+02 1.825e+03
s>            ( QUESTION1 -1 3.420e+04 4.774e+02 1.701e+03
s>                ( - 1.578e+04 4 0 QUESTION0_11_R 1 2.721e+02 7.858e+02)
s>                ( - 1.794e+04 28 0 QUESTION0_11_R 1 3.321e+02 9.154e+02))
s>            ( - 2.057e+03 1 0)))INFO: dtree.c(1315): Comp split 0
INFO: dtree.c(1478): Final simple tree
|( SILENCE 1 1.938e+04 4.411e+02 9.088e+02
|    ( - 1.886e+03 1 0)
|    ( QUESTION1 1 1.705e+04 3.780e+02 7.990e+02
|        ( QUESTION7 -1 3.288e+03 2.932e+02 1.695e+02
|            ( - 2.020e+03 3 0 QUESTION0_0_R 1 2.337e+02 1.109e+02)
|            ( - 9.746e+02 3 0 QUESTION0_0_R 1 1.234e+02 5.867e+01))
|        ( QUESTION0_0_R 1 1.339e+04 3.437e+02 6.295e+02
|            ( - 2.033e+03 7 0 QUESTION10 -1 2.209e+02 1.039e+02)
|            ( QUESTION0_13_R 1 1.101e+04 3.515e+02 5.256e+02
|                ( QUESTION0_18_R 1 4.026e+03 3.081e+02 1.962e+02
|                    ( - 9.438e+02 4 0 QUESTION7 1 1.335e+02 5.399e+01)
|                    ( - 2.774e+03 6 0 QUESTION7 -1 2.497e+02 1.422e+02))
|                ( QUESTION0 1 6.631e+03 2.773e+02 3.294e+02
|                    ( - 1.678e+03 4 0 QUESTION7 -1 1.595e+02 9.099e+01)
|                    ( - 4.676e+03 9 0 QUESTION0_11_R 1 2.390e+02 2.384e+02))))))
s>    ( SILENCE 1 1.938e+04 4.411e+02 9.088e+02
s>        ( - 1.886e+03 1 0)
s>        ( QUESTION1 1 1.705e+04 3.780e+02 7.990e+02
s>            ( QUESTION7 -1 3.288e+03 2.932e+02 1.695e+02
s>                ( - 2.020e+03 3 0 QUESTION0_0_R 1 2.337e+02 1.109e+02)
s>                ( - 9.746e+02 3 0 QUESTION0_0_R 1 1.234e+02 5.867e+01))
s>            ( QUESTION0_0_R 1 1.339e+04 3.437e+02 6.295e+02
s>                ( - 2.033e+03 7 0 QUESTION10 -1 2.209e+02 1.039e+02)
s>                ( QUESTION0_13_R 1 1.101e+04 3.515e+02 5.256e+02
s>                    ( QUESTION0_18_R 1 4.026e+03 3.081e+02 1.962e+02
s>                        ( - 9.438e+02 4 0 QUESTION7 1 1.335e+02 5.399e+01)
s>                        ( - 2.774e+03 6 0 QUESTION7 -1 2.497e+02 1.422e+02))
s>                    ( QUESTION0 1 6.631e+03 2.773e+02 3.294e+02
s>                        ( - 1.678e+03 4 0 QUESTION7 -1 1.595e+02 9.099e+01)
s>                        ( - 4.676e+03 9 0 QUESTION0_11_R 1 2.390e+02 2.384e+02))))))INFO: dtree.c(1478): Final simple tree
|( WDBNDRY_B 0 3.682e+04 5.620e+02 1.825e+03
|    ( QUESTION1 -1 3.420e+04 4.774e+02 1.701e+03
|        ( QUESTION0_11_R 1 1.578e+04 2.721e+02 7.858e+02
|            ( - 1.084e+04 2 0)
|            ( - 4.668e+03 2 0))
|        ( QUESTION0_11_R 1 1.794e+04 3.321e+02 9.154e+02
|            ( - 3.907e+03 13 0 QUESTION0 -1 1.901e+02 2.180e+02)
|            ( QUESTION20 -1 1.370e+04 2.732e+02 6.974e+02
|                ( - 1.696e+03 3 0 QUESTION2_5_L -1 1.869e+02 9.416e+01)
|                ( QUESTION2_0_L -1 1.173e+04 2.613e+02 6.032e+02
|                    ( QUESTION2_1_L -1 9.389e+03 2.222e+02 4.811e+02
|                        ( - 4.242e+03 4 0 QUESTION4 -1 2.088e+02 2.205e+02)
|                        ( - 4.926e+03 4 0 QUESTION0 -1 1.878e+02 2.606e+02))
|                    ( - 2.083e+03 4 0 SILENCE -1 1.537e+02 1.221e+02)))))
|    ( - 2.057e+03 1 0))
s>    ( WDBNDRY_B 0 3.682e+04 5.620e+02 1.825e+03
s>        ( QUESTION1 -1 3.420e+04 4.774e+02 1.701e+03
s>            ( QUESTION0_11_R 1 1.578e+04 2.721e+02 7.858e+02
s>                ( - 1.084e+04 2 0)
s>                ( - 4.668e+03 2 0))
s>            ( QUESTION0_11_R 1 1.794e+04 3.321e+02 9.154e+02
s>                ( - 3.907e+03 13 0 QUESTION0 -1 1.901e+02 2.180e+02)
s>                ( QUESTION20 -1 1.370e+04 2.732e+02 6.974e+02
s>                    ( - 1.696e+03 3 0 QUESTION2_5_L -1 1.869e+02 9.416e+01)
s>                    ( QUESTION2_0_L -1 1.173e+04 2.613e+02 6.032e+02
s>                        ( QUESTION2_1_L -1 9.389e+03 2.222e+02 4.811e+02
s>                            ( - 4.242e+03 4 0 QUESTION4 -1 2.088e+02 2.205e+02)
s>                            ( - 4.926e+03 4 0 QUESTION0 -1 1.878e+02 2.606e+02))
s>                        ( - 2.083e+03 4 0 SILENCE -1 1.537e+02 1.221e+02)))))
s>        ( - 2.057e+03 1 0))INFO: dtree.c(1315): Comp split 1
INFO: dtree.c(1439): stop. leaf nodes are specific
INFO: dtree.c(1478): Final simple tree
|( QUESTION0_11_R 1 2.298e+04 3.117e+02 1.141e+03
|    ( - 1.084e+04 2 0)
|    ( QUESTION1 -1 1.183e+04 2.704e+02 5.943e+02
|        ( - 4.668e+03 2 0)
|        ( QUESTION5 -1 6.888e+03 2.664e+02 3.547e+02
|            ( QUESTION2_5_L -1 1.696e+03 1.869e+02 9.416e+01
|                ( - 7.059e+02 1 0)
|                ( QUESTION2_9_L -1 8.031e+02 6.175e+01 5.091e+01
|                    ( - 2.318e+01 1 0)
|                    ( - 7.181e+02 1 0)))
|            ( QUESTION0 -1 4.926e+03 1.878e+02 2.606e+02
|                ( - 2.856e+03 3 0)
|                ( - 1.882e+03 1 0)))))
s>    ( QUESTION0_11_R 1 2.298e+04 3.117e+02 1.141e+03
s>        ( - 1.084e+04 2 0)
s>        ( QUESTION1 -1 1.183e+04 2.704e+02 5.943e+02
s>            ( - 4.668e+03 2 0)
s>            ( QUESTION5 -1 6.888e+03 2.664e+02 3.547e+02
s>                ( QUESTION2_5_L -1 1.696e+03 1.869e+02 9.416e+01
s>                    ( - 7.059e+02 1 0)
s>                    ( QUESTION2_9_L -1 8.031e+02 6.175e+01 5.091e+01
s>                        ( - 2.318e+01 1 0)
s>                        ( - 7.181e+02 1 0)))
s>                ( QUESTION0 -1 4.926e+03 1.878e+02 2.606e+02
s>                    ( - 2.856e+03 3 0)
s>                    ( - 1.882e+03 1 0)))))INFO: dtree.c(1478): Final simple tree
|( WDBNDRY_B 0 1.326e+04 4.806e+02 6.844e+02
|    ( QUESTION4 -1 1.072e+04 2.615e+02 5.606e+02
|        ( QUESTION0_11_R 1 4.270e+03 1.832e+02 2.250e+02
|            ( - 7.542e+02 3 0 QUESTION2_1_L -1 7.480e+01 4.900e+01)
|            ( - 3.333e+03 2 0))
|        ( QUESTION0_11_R 1 6.193e+03 2.366e+02 3.356e+02
|            ( QUESTION2_10_L -1 3.001e+03 2.132e+02 1.690e+02
|                ( - 6.624e+02 2 0 QUESTION2_12_L -1 8.423e+01 4.236e+01)
|                ( - 2.126e+03 8 0 SILENCE -1 1.402e+02 1.266e+02))
|            ( QUESTION2_10_L -1 2.955e+03 1.733e+02 1.666e+02
|                ( - 1.133e+03 2 0 QUESTION0 -1 8.639e+01 7.063e+01)
|                ( SILENCE -1 1.648e+03 1.525e+02 9.602e+01
|                    ( - 7.956e+02 2 0 QUESTION0_10_R 1 4.677e+01 5.148e+01)
|                    ( - 7.001e+02 2 0 QUESTION8 -1 9.719e+01 4.454e+01)))))
|    ( - 2.057e+03 1 0))
s>    ( WDBNDRY_B 0 1.326e+04 4.806e+02 6.844e+02
s>        ( QUESTION4 -1 1.072e+04 2.615e+02 5.606e+02
s>            ( QUESTION0_11_R 1 4.270e+03 1.832e+02 2.250e+02
s>                ( - 7.542e+02 3 0 QUESTION2_1_L -1 7.480e+01 4.900e+01)
s>                ( - 3.333e+03 2 0))
s>            ( QUESTION0_11_R 1 6.193e+03 2.366e+02 3.356e+02
s>                ( QUESTION2_10_L -1 3.001e+03 2.132e+02 1.690e+02
s>                    ( - 6.624e+02 2 0 QUESTION2_12_L -1 8.423e+01 4.236e+01)
s>                    ( - 2.126e+03 8 0 SILENCE -1 1.402e+02 1.266e+02))
s>                ( QUESTION2_10_L -1 2.955e+03 1.733e+02 1.666e+02
s>                    ( - 1.133e+03 2 0 QUESTION0 -1 8.639e+01 7.063e+01)
s>                    ( SILENCE -1 1.648e+03 1.525e+02 9.602e+01
s>                        ( - 7.956e+02 2 0 QUESTION0_10_R 1 4.677e+01 5.148e+01)
s>                        ( - 7.001e+02 2 0 QUESTION8 -1 9.719e+01 4.454e+01)))))
s>        ( - 2.057e+03 1 0))INFO: dtree.c(1315): Comp split 2
INFO: dtree.c(1478): Final simple tree
|( SILENCE 1 6.955e+03 3.547e+02 3.430e+02
|    ( - 1.886e+03 1 0)
|    ( QUESTION7 -1 4.714e+03 2.962e+02 2.332e+02
|        ( QUESTION0_14_R 1 2.816e+03 2.575e+02 1.451e+02
|            ( - 1.051e+03 1 0)
|            ( QUESTION0_8_R 1 1.508e+03 9.326e+01 8.399e+01
|                ( - 1.322e+03 3 0)
|                ( - 9.237e+01 1 0)))
|        ( QUESTION5 1 1.601e+03 1.934e+02 8.809e+01
|            ( QUESTION0_14_R 1 6.690e+02 1.123e+02 4.003e+01
|                ( - 2.691e+02 1 0)
|                ( - 2.876e+02 2 0 QUESTION0_16_R 1 6.796e+01 2.100e+01))
|            ( QUESTION0_8_R 1 7.389e+02 1.018e+02 4.806e+01
|                ( - 1.964e+02 1 0)
|                ( - 4.407e+02 1 0)))))
s>    ( SILENCE 1 6.955e+03 3.547e+02 3.430e+02
s>        ( - 1.886e+03 1 0)
s>        ( QUESTION7 -1 4.714e+03 2.962e+02 2.332e+02
s>            ( QUESTION0_14_R 1 2.816e+03 2.575e+02 1.451e+02
s>                ( - 1.051e+03 1 0)
s>                ( QUESTION0_8_R 1 1.508e+03 9.326e+01 8.399e+01
s>                    ( - 1.322e+03 3 0)
s>                    ( - 9.237e+01 1 0)))
s>            ( QUESTION5 1 1.601e+03 1.934e+02 8.809e+01
s>                ( QUESTION0_14_R 1 6.690e+02 1.123e+02 4.003e+01
s>                    ( - 2.691e+02 1 0)
s>                    ( - 2.876e+02 2 0 QUESTION0_16_R 1 6.796e+01 2.100e+01))
s>                ( QUESTION0_8_R 1 7.389e+02 1.018e+02 4.806e+01
s>                    ( - 1.964e+02 1 0)
s>                    ( - 4.407e+02 1 0)))))INFO: dtree.c(1478): Final simple tree
|( QUESTION0 1 1.193e+04 3.764e+02 5.659e+02
|    ( QUESTION0_1_R 1 4.731e+03 3.583e+02 2.315e+02
|        ( QUESTION7 -1 2.117e+03 2.452e+02 1.188e+02
|            ( - 1.194e+03 1 0)
|            ( - 6.773e+02 1 0))
|        ( QUESTION7 -1 2.256e+03 2.326e+02 1.127e+02
|            ( - 1.207e+03 4 0 QUESTION0_0_R 1 1.563e+02 6.469e+01)
|            ( - 8.157e+02 3 0 QUESTION0_0_R 1 1.210e+02 4.799e+01)))
|    ( QUESTION0_8_R 1 6.826e+03 2.793e+02 3.344e+02
|        ( - 1.640e+03 2 0 QUESTION7 -1 1.795e+02 9.341e+01)
|        ( QUESTION7 -1 4.906e+03 2.752e+02 2.410e+02
|            ( QUESTION0_10_R 1 3.281e+03 2.487e+02 1.660e+02
|                ( - 2.010e+03 3 0 QUESTION0_11_R 1 1.446e+02 1.080e+02)
|                ( - 1.023e+03 4 0 QUESTION0_1_R 1 1.362e+02 5.799e+01))
|            ( - 1.350e+03 8 0 QUESTION0_0_R 1 1.632e+02 7.498e+01))))
s>    ( QUESTION0 1 1.193e+04 3.764e+02 5.659e+02
s>        ( QUESTION0_1_R 1 4.731e+03 3.583e+02 2.315e+02
s>            ( QUESTION7 -1 2.117e+03 2.452e+02 1.188e+02
s>                ( - 1.194e+03 1 0)
s>                ( - 6.773e+02 1 0))
s>            ( QUESTION7 -1 2.256e+03 2.326e+02 1.127e+02
s>                ( - 1.207e+03 4 0 QUESTION0_0_R 1 1.563e+02 6.469e+01)
s>                ( - 8.157e+02 3 0 QUESTION0_0_R 1 1.210e+02 4.799e+01)))
s>        ( QUESTION0_8_R 1 6.826e+03 2.793e+02 3.344e+02
s>            ( - 1.640e+03 2 0 QUESTION7 -1 1.795e+02 9.341e+01)
s>            ( QUESTION7 -1 4.906e+03 2.752e+02 2.410e+02
s>                ( QUESTION0_10_R 1 3.281e+03 2.487e+02 1.660e+02
s>                    ( - 2.010e+03 3 0 QUESTION0_11_R 1 1.446e+02 1.080e+02)
s>                    ( - 1.023e+03 4 0 QUESTION0_1_R 1 1.362e+02 5.799e+01))
s>                ( - 1.350e+03 8 0 QUESTION0_0_R 1 1.632e+02 7.498e+01))))INFO: dtree.c(1315): Comp split 3
INFO: dtree.c(1478): Final simple tree
|( QUESTION0 1 5.160e+03 3.105e+02 2.457e+02
|    ( QUESTION7 -1 2.256e+03 2.326e+02 1.127e+02
|        ( QUESTION0_0_R 1 1.207e+03 1.563e+02 6.469e+01
|            ( - 4.591e+02 2 0)
|            ( - 5.920e+02 2 0))
|        ( - 8.157e+02 3 0 QUESTION0_0_R 1 1.210e+02 4.799e+01))
|    ( QUESTION0_13_R 1 2.594e+03 2.315e+02 1.330e+02
|        ( QUESTION7 1 9.438e+02 1.335e+02 5.399e+01
|            ( - 4.611e+02 2 0 QUESTION7 -1 7.913e+01 2.901e+01)
|            ( - 3.492e+02 2 0 QUESTION7 -1 6.693e+01 2.498e+01))
|        ( QUESTION0_0_R 1 1.419e+03 1.462e+02 7.898e+01
|            ( QUESTION7 -1 7.034e+02 1.358e+02 4.198e+01
|                ( - 2.609e+02 2 0 QUESTION0_1_R 1 5.096e+01 1.900e+01)
|                ( - 3.068e+02 2 0 QUESTION0_1_R 1 6.837e+01 2.298e+01))
|            ( - 5.691e+02 4 0 QUESTION8 1 1.033e+02 3.700e+01))))
s>    ( QUESTION0 1 5.160e+03 3.105e+02 2.457e+02
s>        ( QUESTION7 -1 2.256e+03 2.326e+02 1.127e+02
s>            ( QUESTION0_0_R 1 1.207e+03 1.563e+02 6.469e+01
s>                ( - 4.591e+02 2 0)
s>                ( - 5.920e+02 2 0))
s>            ( - 8.157e+02 3 0 QUESTION0_0_R 1 1.210e+02 4.799e+01))
s>        ( QUESTION0_13_R 1 2.594e+03 2.315e+02 1.330e+02
s>            ( QUESTION7 1 9.438e+02 1.335e+02 5.399e+01
s>                ( - 4.611e+02 2 0 QUESTION7 -1 7.913e+01 2.901e+01)
s>                ( - 3.492e+02 2 0 QUESTION7 -1 6.693e+01 2.498e+01))
s>            ( QUESTION0_0_R 1 1.419e+03 1.462e+02 7.898e+01
s>                ( QUESTION7 -1 7.034e+02 1.358e+02 4.198e+01
s>                    ( - 2.609e+02 2 0 QUESTION0_1_R 1 5.096e+01 1.900e+01)
s>                    ( - 3.068e+02 2 0 QUESTION0_1_R 1 6.837e+01 2.298e+01))
s>                ( - 5.691e+02 4 0 QUESTION8 1 1.033e+02 3.700e+01))))INFO: dtree.c(1439): stop. leaf nodes are specific
INFO: dtree.c(1478): Final simple tree
|( QUESTION7 -1 6.266e+03 2.906e+02 3.202e+02
|    ( QUESTION7 1 3.846e+03 2.413e+02 2.025e+02
|        ( QUESTION0_11_R 1 1.749e+03 4.054e+01 9.700e+01
|            ( - 8.188e+00 1 0)
|            ( - 1.701e+03 1 0))
|        ( QUESTION0_0_R 1 1.855e+03 1.919e+02 1.055e+02
|            ( - 1.194e+03 1 0)
|            ( QUESTION0_8_R 1 4.688e+02 8.214e+01 3.135e+01
|                ( - 2.633e+02 1 0)
|                ( - 1.233e+02 1 0))))
|    ( QUESTION0_0_R 1 2.129e+03 2.546e+02 1.177e+02
|        ( - 6.773e+02 1 0)
|        ( - 1.197e+03 1 0)))
s>    ( QUESTION7 -1 6.266e+03 2.906e+02 3.202e+02
s>        ( QUESTION7 1 3.846e+03 2.413e+02 2.025e+02
s>            ( QUESTION0_11_R 1 1.749e+03 4.054e+01 9.700e+01
s>                ( - 8.188e+00 1 0)
s>                ( - 1.701e+03 1 0))
s>            ( QUESTION0_0_R 1 1.855e+03 1.919e+02 1.055e+02
s>                ( - 1.194e+03 1 0)
s>                ( QUESTION0_8_R 1 4.688e+02 8.214e+01 3.135e+01
s>                    ( - 2.633e+02 1 0)
s>                    ( - 1.233e+02 1 0))))
s>        ( QUESTION0_0_R 1 2.129e+03 2.546e+02 1.177e+02
s>            ( - 6.773e+02 1 0)
s>            ( - 1.197e+03 1 0)))INFO: dtree.c(1315): Comp split 4
INFO: dtree.c(1478): Final simple tree
|( QUESTION4 -1 1.072e+04 2.615e+02 5.606e+02
|    ( QUESTION0_11_R 1 4.270e+03 1.832e+02 2.250e+02
|        ( - 7.542e+02 3 0 QUESTION2_1_L -1 7.480e+01 4.900e+01)
|        ( - 3.333e+03 2 0))
|    ( QUESTION0_11_R 1 6.193e+03 2.366e+02 3.356e+02
|        ( QUESTION2_10_L -1 3.001e+03 2.132e+02 1.690e+02
|            ( - 6.624e+02 2 0 QUESTION2_12_L -1 8.423e+01 4.236e+01)
|            ( SILENCE -1 2.126e+03 1.402e+02 1.266e+02
|                ( - 1.284e+03 1 0)
|                ( - 7.017e+02 7 0 QUESTION0 -1 8.875e+01 4.800e+01)))
|        ( QUESTION2_10_L -1 2.955e+03 1.733e+02 1.666e+02
|            ( - 1.133e+03 2 0 QUESTION0 -1 8.639e+01 7.063e+01)
|            ( SILENCE -1 1.648e+03 1.525e+02 9.602e+01
|                ( - 7.956e+02 2 0 QUESTION0_10_R 1 4.677e+01 5.148e+01)
|                ( - 7.001e+02 2 0 QUESTION8 -1 9.719e+01 4.454e+01)))))
s>    ( QUESTION4 -1 1.072e+04 2.615e+02 5.606e+02
s>        ( QUESTION0_11_R 1 4.270e+03 1.832e+02 2.250e+02
s>            ( - 7.542e+02 3 0 QUESTION2_1_L -1 7.480e+01 4.900e+01)
s>            ( - 3.333e+03 2 0))
s>        ( QUESTION0_11_R 1 6.193e+03 2.366e+02 3.356e+02
s>            ( QUESTION2_10_L -1 3.001e+03 2.132e+02 1.690e+02
s>                ( - 6.624e+02 2 0 QUESTION2_12_L -1 8.423e+01 4.236e+01)
s>                ( SILENCE -1 2.126e+03 1.402e+02 1.266e+02
s>                    ( - 1.284e+03 1 0)
s>                    ( - 7.017e+02 7 0 QUESTION0 -1 8.875e+01 4.800e+01)))
s>            ( QUESTION2_10_L -1 2.955e+03 1.733e+02 1.666e+02
s>                ( - 1.133e+03 2 0 QUESTION0 -1 8.639e+01 7.063e+01)
s>                ( SILENCE -1 1.648e+03 1.525e+02 9.602e+01
s>                    ( - 7.956e+02 2 0 QUESTION0_10_R 1 4.677e+01 5.148e+01)
s>                    ( - 7.001e+02 2 0 QUESTION8 -1 9.719e+01 4.454e+01)))))INFO: dtree.c(1315): Comp split 5
INFO: dtree.c(1439): stop. leaf nodes are specific
INFO: dtree.c(1478): Final simple tree
|( QUESTION0_14_R 1 3.251e+03 2.747e+02 1.661e+02
|    ( - 1.051e+03 1 0)
|    ( QUESTION0_8_R 1 1.925e+03 1.522e+02 1.050e+02
|        ( - 1.322e+03 3 0)
|        ( QUESTION0_20_R 1 4.508e+02 8.835e+01 3.100e+01
|            ( - 1.510e+02 1 0)
|            ( QUESTION0_16_R 1 2.114e+02 5.042e+01 1.800e+01
|                ( - 6.860e+01 1 0)
|                ( - 9.237e+01 1 0)))))
s>    ( QUESTION0_14_R 1 3.251e+03 2.747e+02 1.661e+02
s>        ( - 1.051e+03 1 0)
s>        ( QUESTION0_8_R 1 1.925e+03 1.522e+02 1.050e+02
s>            ( - 1.322e+03 3 0)
s>            ( QUESTION0_20_R 1 4.508e+02 8.835e+01 3.100e+01
s>                ( - 1.510e+02 1 0)
s>                ( QUESTION0_16_R 1 2.114e+02 5.042e+01 1.800e+01
s>                    ( - 6.860e+01 1 0)
s>                    ( - 9.237e+01 1 0)))))INFO: dtree.c(1439): stop. leaf nodes are specific
INFO: dtree.c(1478): Final simple tree
|( SILENCE 1 3.282e+03 2.409e+02 1.769e+02
|    ( - 1.886e+03 1 0)
|    ( QUESTION0_14_R 1 1.155e+03 1.471e+02 6.709e+01
|        ( - 2.691e+02 1 0)
|        ( QUESTION0_8_R 1 7.389e+02 1.018e+02 4.806e+01
|            ( - 1.964e+02 1 0)
|            ( - 4.407e+02 1 0))))
s>    ( SILENCE 1 3.282e+03 2.409e+02 1.769e+02
s>        ( - 1.886e+03 1 0)
s>        ( QUESTION0_14_R 1 1.155e+03 1.471e+02 6.709e+01
s>            ( - 2.691e+02 1 0)
s>            ( QUESTION0_8_R 1 7.389e+02 1.018e+02 4.806e+01
s>                ( - 1.964e+02 1 0)
s>                ( - 4.407e+02 1 0))))INFO: dtree.c(1315): Comp split 6
INFO: dtree.c(1439): stop. leaf nodes are specific
INFO: dtree.c(1478): Final simple tree
|( QUESTION0_0_R 1 1.306e+03 1.601e+02 7.599e+01
|    ( - 6.773e+02 1 0)
|    ( QUESTION0_8_R 1 4.688e+02 8.214e+01 3.135e+01
|        ( - 2.633e+02 1 0)
|        ( - 1.233e+02 1 0)))
s>    ( QUESTION0_0_R 1 1.306e+03 1.601e+02 7.599e+01
s>        ( - 6.773e+02 1 0)
s>        ( QUESTION0_8_R 1 4.688e+02 8.214e+01 3.135e+01
s>            ( - 2.633e+02 1 0)
s>            ( - 1.233e+02 1 0)))INFO: dtree.c(1439): stop. leaf nodes are specific
INFO: dtree.c(1478): Final simple tree
|( QUESTION0_0_R 1 4.619e+03 2.702e+02 2.442e+02
|    ( - 1.194e+03 1 0)
|    ( QUESTION0_8_R 1 3.154e+03 2.074e+02 1.701e+02
|        ( - 1.197e+03 1 0)
|        ( QUESTION0_11_R 1 1.749e+03 4.054e+01 9.700e+01
|            ( - 8.188e+00 1 0)
|            ( - 1.701e+03 1 0))))
s>    ( QUESTION0_0_R 1 4.619e+03 2.702e+02 2.442e+02
s>        ( - 1.194e+03 1 0)
s>        ( QUESTION0_8_R 1 3.154e+03 2.074e+02 1.701e+02
s>            ( - 1.197e+03 1 0)
s>            ( QUESTION0_11_R 1 1.749e+03 4.054e+01 9.700e+01
s>                ( - 8.188e+00 1 0)
s>                ( - 1.701e+03 1 0))))INFO: dtree.c(1315): Comp split 7
INFO: dtree.c(1478): Final simple tree
|( QUESTION0_11_R 1 5.311e+03 2.306e+02 2.933e+02
|    ( SILENCE -1 2.126e+03 1.402e+02 1.266e+02
|        ( - 1.284e+03 1 0)
|        ( QUESTION0 -1 7.017e+02 8.875e+01 4.800e+01
|            ( - 3.164e+02 3 0)
|            ( - 2.966e+02 4 0 QUESTION2_9_L -1 5.246e+01 2.400e+01)))
|    ( QUESTION2_10_L -1 2.955e+03 1.733e+02 1.666e+02
|        ( QUESTION0 -1 1.133e+03 8.639e+01 7.063e+01
|            ( - 9.927e+01 1 0)
|            ( - 9.477e+02 1 0))
|        ( SILENCE -1 1.648e+03 1.525e+02 9.602e+01
|            ( - 7.956e+02 2 0 QUESTION0_10_R 1 4.677e+01 5.148e+01)
|            ( QUESTION8 -1 7.001e+02 9.719e+01 4.454e+01
|                ( - 1.689e+02 1 0)
|                ( - 4.341e+02 1 0)))))
s>    ( QUESTION0_11_R 1 5.311e+03 2.306e+02 2.933e+02
s>        ( SILENCE -1 2.126e+03 1.402e+02 1.266e+02
s>            ( - 1.284e+03 1 0)
s>            ( QUESTION0 -1 7.017e+02 8.875e+01 4.800e+01
s>                ( - 3.164e+02 3 0)
s>                ( - 2.966e+02 4 0 QUESTION2_9_L -1 5.246e+01 2.400e+01)))
s>        ( QUESTION2_10_L -1 2.955e+03 1.733e+02 1.666e+02
s>            ( QUESTION0 -1 1.133e+03 8.639e+01 7.063e+01
s>                ( - 9.927e+01 1 0)
s>                ( - 9.477e+02 1 0))
s>            ( SILENCE -1 1.648e+03 1.525e+02 9.602e+01
s>                ( - 7.956e+02 2 0 QUESTION0_10_R 1 4.677e+01 5.148e+01)
s>                ( QUESTION8 -1 7.001e+02 9.719e+01 4.454e+01
s>                    ( - 1.689e+02 1 0)
s>                    ( - 4.341e+02 1 0)))))INFO: dtree.c(1439): stop. leaf nodes are specific
INFO: dtree.c(1478): Final simple tree
|( QUESTION0_11_R 1 5.080e+03 2.033e+02 2.674e+02
|    ( QUESTION2_1_L -1 1.544e+03 1.303e+02 9.136e+01
|        ( - 5.768e+02 2 0)
|        ( QUESTION2_13_L -1 8.367e+02 1.028e+02 5.136e+01
|            ( - 3.973e+02 1 0)
|            ( QUESTION0 -1 3.366e+02 5.299e+01 2.400e+01
|                ( - 1.809e+02 1 0)
|                ( - 1.026e+02 1 0))))
|    ( - 3.333e+03 2 0))
s>    ( QUESTION0_11_R 1 5.080e+03 2.033e+02 2.674e+02
s>        ( QUESTION2_1_L -1 1.544e+03 1.303e+02 9.136e+01
s>            ( - 5.768e+02 2 0)
s>            ( QUESTION2_13_L -1 8.367e+02 1.028e+02 5.136e+01
s>                ( - 3.973e+02 1 0)
s>                ( QUESTION0 -1 3.366e+02 5.299e+01 2.400e+01
s>                    ( - 1.809e+02 1 0)
s>                    ( - 1.026e+02 1 0))))
s>        ( - 3.333e+03 2 0))INFO: dtree.c(1315): Comp split 8
INFO: dtree.c(1439): stop. leaf nodes are specific
INFO: dtree.c(1478): Final simple tree
|( QUESTION5 -1 6.785e+03 2.625e+02 3.497e+02
|    ( QUESTION2_5_L -1 1.597e+03 1.726e+02 8.916e+01
|        ( - 7.059e+02 1 0)
|        ( - 7.181e+02 1 0))
|    ( QUESTION0 -1 4.926e+03 1.878e+02 2.606e+02
|        ( - 2.856e+03 3 0)
|        ( - 1.882e+03 1 0)))
s>    ( QUESTION5 -1 6.785e+03 2.625e+02 3.497e+02
s>        ( QUESTION2_5_L -1 1.597e+03 1.726e+02 8.916e+01
s>            ( - 7.059e+02 1 0)
s>            ( - 7.181e+02 1 0))
s>        ( QUESTION0 -1 4.926e+03 1.878e+02 2.606e+02
s>            ( - 2.856e+03 3 0)
s>            ( - 1.882e+03 1 0)))INFO: dtree.c(1439): stop. leaf nodes are specific
INFO: dtree.c(1478): Final simple tree
|( QUESTION0_11_R 1 1.588e+04 2.768e+02 7.908e+02
|    ( - 1.084e+04 2 0)
|    ( QUESTION0 -1 4.756e+03 6.503e+01 2.446e+02
|        ( - 4.668e+03 2 0)
|        ( - 2.318e+01 1 0)))
s>    ( QUESTION0_11_R 1 1.588e+04 2.768e+02 7.908e+02
s>        ( - 1.084e+04 2 0)
s>        ( QUESTION0 -1 4.756e+03 6.503e+01 2.446e+02
s>            ( - 4.668e+03 2 0)
s>            ( - 2.318e+01 1 0)))INFO: dtree.c(1315): Comp split 9
INFO: dtree.c(1439): stop. leaf nodes are specific
INFO: dtree.c(1478): Final simple tree
|( QUESTION10 -1 1.947e+03 2.222e+02 9.898e+01
|    ( QUESTION0_3_R 1 1.021e+03 1.563e+02 5.798e+01
|        ( - 5.208e+02 1 0)
|        ( QUESTION0_0_R 1 3.437e+02 7.464e+01 2.402e+01
|            ( - 9.525e+01 1 0)
|            ( - 1.739e+02 2 0)))
|    ( QUESTION0_1_R 1 7.037e+02 1.014e+02 4.100e+01
|        ( - 1.432e+02 1 0)
|        ( - 4.591e+02 2 0)))
s>    ( QUESTION10 -1 1.947e+03 2.222e+02 9.898e+01
s>        ( QUESTION0_3_R 1 1.021e+03 1.563e+02 5.798e+01
s>            ( - 5.208e+02 1 0)
s>            ( QUESTION0_0_R 1 3.437e+02 7.464e+01 2.402e+01
s>                ( - 9.525e+01 1 0)
s>                ( - 1.739e+02 2 0)))
s>        ( QUESTION0_1_R 1 7.037e+02 1.014e+02 4.100e+01
s>            ( - 1.432e+02 1 0)
s>            ( - 4.591e+02 2 0)))INFO: dtree.c(1478): Final simple tree
|( QUESTION0_13_R 1 2.901e+03 2.352e+02 1.467e+02
|    ( QUESTION7 1 9.438e+02 1.335e+02 5.399e+01
|        ( QUESTION7 -1 4.611e+02 7.913e+01 2.901e+01
|            ( - 2.998e+02 1 0)
|            ( - 8.210e+01 1 0))
|        ( - 3.492e+02 2 0 QUESTION7 -1 6.693e+01 2.498e+01))
|    ( QUESTION0_8_R 1 1.722e+03 1.896e+02 9.269e+01
|        ( - 5.920e+02 2 0)
|        ( QUESTION0_11_R 1 9.402e+02 1.183e+02 5.600e+01
|            ( QUESTION0_12_R 1 4.213e+02 8.739e+01 2.800e+01
|                ( - 1.884e+02 1 0)
|                ( - 1.455e+02 1 0))
|            ( QUESTION0_1_R 1 4.005e+02 7.163e+01 2.800e+01
|                ( - 1.884e+02 1 0)
|                ( - 1.405e+02 3 0 QUESTION0_0_R 1 4.710e+01 1.300e+01)))))
s>    ( QUESTION0_13_R 1 2.901e+03 2.352e+02 1.467e+02
s>        ( QUESTION7 1 9.438e+02 1.335e+02 5.399e+01
s>            ( QUESTION7 -1 4.611e+02 7.913e+01 2.901e+01
s>                ( - 2.998e+02 1 0)
s>                ( - 8.210e+01 1 0))
s>            ( - 3.492e+02 2 0 QUESTION7 -1 6.693e+01 2.498e+01))
s>        ( QUESTION0_8_R 1 1.722e+03 1.896e+02 9.269e+01
s>            ( - 5.920e+02 2 0)
s>            ( QUESTION0_11_R 1 9.402e+02 1.183e+02 5.600e+01
s>                ( QUESTION0_12_R 1 4.213e+02 8.739e+01 2.800e+01
s>                    ( - 1.884e+02 1 0)
s>                    ( - 1.455e+02 1 0))
s>                ( QUESTION0_1_R 1 4.005e+02 7.163e+01 2.800e+01
s>                    ( - 1.884e+02 1 0)
s>                    ( - 1.405e+02 3 0 QUESTION0_0_R 1 4.710e+01 1.300e+01)))))INFO: dtree.c(1315): Comp split 10
INFO: dtree.c(1439): stop. leaf nodes are specific
INFO: dtree.c(1478): Final simple tree
|( QUESTION0_8_R 1 3.104e+03 2.056e+02 1.681e+02
|    ( - 1.197e+03 1 0)
|    ( - 1.701e+03 1 0))
s>    ( QUESTION0_8_R 1 3.104e+03 2.056e+02 1.681e+02
s>        ( - 1.197e+03 1 0)
s>        ( - 1.701e+03 1 0))INFO: dtree.c(1439): stop. leaf nodes are specific
INFO: dtree.c(1478): Final simple tree
|( QUESTION0_0_R 1 1.236e+03 3.373e+01 7.617e+01
|    ( - 1.194e+03 1 0)
|    ( - 8.188e+00 1 0))
s>    ( QUESTION0_0_R 1 1.236e+03 3.373e+01 7.617e+01
s>        ( - 1.194e+03 1 0)
s>        ( - 8.188e+00 1 0))INFO: dtree.c(1315): Comp split 11
INFO: dtree.c(1439): stop. leaf nodes are specific
INFO: dtree.c(1478): Final simple tree
|( QUESTION0 -1 4.756e+03 6.503e+01 2.446e+02
|    ( - 4.668e+03 2 0)
|    ( - 2.318e+01 1 0))
s>    ( QUESTION0 -1 4.756e+03 6.503e+01 2.446e+02
s>        ( - 4.668e+03 2 0)
s>        ( - 2.318e+01 1 0))INFO: dtree.c(1315): Comp split 12
INFO: dtree.c(1439): stop. leaf nodes are specific
INFO: dtree.c(1478): Final simple tree
|( QUESTION0_8_R 1 1.925e+03 1.522e+02 1.050e+02
|    ( - 1.322e+03 3 0)
|    ( QUESTION0_20_R 1 4.508e+02 8.835e+01 3.100e+01
|        ( - 1.510e+02 1 0)
|        ( QUESTION0_16_R 1 2.114e+02 5.042e+01 1.800e+01
|            ( - 6.860e+01 1 0)
|            ( - 9.237e+01 1 0))))
s>    ( QUESTION0_8_R 1 1.925e+03 1.522e+02 1.050e+02
s>        ( - 1.322e+03 3 0)
s>        ( QUESTION0_20_R 1 4.508e+02 8.835e+01 3.100e+01
s>            ( - 1.510e+02 1 0)
s>            ( QUESTION0_16_R 1 2.114e+02 5.042e+01 1.800e+01
s>                ( - 6.860e+01 1 0)
s>                ( - 9.237e+01 1 0))))INFO: dtree.c(1315): Comp split 13
INFO: dtree.c(1439): stop. leaf nodes are specific
INFO: dtree.c(1478): Final simple tree
|( QUESTION0 -1 4.926e+03 1.878e+02 2.606e+02
|    ( - 2.856e+03 3 0)
|    ( - 1.882e+03 1 0))
s>    ( QUESTION0 -1 4.926e+03 1.878e+02 2.606e+02
s>        ( - 2.856e+03 3 0)
s>        ( - 1.882e+03 1 0))INFO: dtree.c(1439): stop. leaf nodes are specific
INFO: dtree.c(1478): Final simple tree
|( QUESTION2_5_L -1 1.597e+03 1.726e+02 8.916e+01
|    ( - 7.059e+02 1 0)
|    ( - 7.181e+02 1 0))
s>    ( QUESTION2_5_L -1 1.597e+03 1.726e+02 8.916e+01
s>        ( - 7.059e+02 1 0)
s>        ( - 7.181e+02 1 0))INFO: dtree.c(1315): Comp split 14
INFO: dtree.c(1439): stop. leaf nodes are specific
INFO: dtree.c(1478): Final simple tree
|( QUESTION7 1 1.008e+03 1.399e+02 5.899e+01
|    ( QUESTION0_10_R 1 5.190e+02 7.365e+01 3.401e+01
|        ( - 1.455e+02 1 0)
|        ( - 2.998e+02 1 0))
|    ( QUESTION7 -1 3.492e+02 6.693e+01 2.498e+01
|        ( - 2.253e+02 1 0)
|        ( - 5.698e+01 1 0)))
s>    ( QUESTION7 1 1.008e+03 1.399e+02 5.899e+01
s>        ( QUESTION0_10_R 1 5.190e+02 7.365e+01 3.401e+01
s>            ( - 1.455e+02 1 0)
s>            ( - 2.998e+02 1 0))
s>        ( QUESTION7 -1 3.492e+02 6.693e+01 2.498e+01
s>            ( - 2.253e+02 1 0)
s>            ( - 5.698e+01 1 0)))INFO: dtree.c(1439): stop. leaf nodes are specific
INFO: dtree.c(1478): Final simple tree
|( QUESTION0_8_R 1 1.632e+03 1.929e+02 8.769e+01
|    ( - 5.920e+02 2 0)
|    ( QUESTION0_0_R 1 8.467e+02 1.116e+02 5.100e+01
|        ( QUESTION0_1_R 1 2.609e+02 5.096e+01 1.900e+01
|            ( - 1.884e+02 1 0)
|            ( - 2.148e+01 1 0))
|        ( QUESTION0_11_R 1 4.742e+02 7.718e+01 3.200e+01
|            ( - 1.884e+02 1 0)
|            ( QUESTION0_10_R 1 2.086e+02 5.456e+01 1.700e+01
|                ( QUESTION6 -1 7.191e+01 1.998e+01 9.000e+00
|                    ( - 3.683e+01 1 0)
|                    ( - 1.510e+01 1 0))
|                ( - 8.210e+01 1 0)))))
s>    ( QUESTION0_8_R 1 1.632e+03 1.929e+02 8.769e+01
s>        ( - 5.920e+02 2 0)
s>        ( QUESTION0_0_R 1 8.467e+02 1.116e+02 5.100e+01
s>            ( QUESTION0_1_R 1 2.609e+02 5.096e+01 1.900e+01
s>                ( - 1.884e+02 1 0)
s>                ( - 2.148e+01 1 0))
s>            ( QUESTION0_11_R 1 4.742e+02 7.718e+01 3.200e+01
s>                ( - 1.884e+02 1 0)
s>                ( QUESTION0_10_R 1 2.086e+02 5.456e+01 1.700e+01
s>                    ( QUESTION6 -1 7.191e+01 1.998e+01 9.000e+00
s>                        ( - 3.683e+01 1 0)
s>                        ( - 1.510e+01 1 0))
s>                    ( - 8.210e+01 1 0)))))INFO: dtree.c(1315): Comp split 15
INFO: dtree.c(1439): stop. leaf nodes are specific
INFO: dtree.c(1478): Final simple tree
|( QUESTION0_8_R 1 7.389e+02 1.018e+02 4.806e+01
|    ( - 1.964e+02 1 0)
|    ( - 4.407e+02 1 0))
s>    ( QUESTION0_8_R 1 7.389e+02 1.018e+02 4.806e+01
s>        ( - 1.964e+02 1 0)
s>        ( - 4.407e+02 1 0))INFO: dtree.c(1439): stop. leaf nodes are specific
INFO: dtree.c(1478): Final simple tree
|( SILENCE 1 2.300e+03 1.443e+02 1.288e+02
|    ( - 1.886e+03 1 0)
|    ( - 2.691e+02 1 0))
s>    ( SILENCE 1 2.300e+03 1.443e+02 1.288e+02
s>        ( - 1.886e+03 1 0)
s>        ( - 2.691e+02 1 0))INFO: dtree.c(1315): Comp split 16
INFO: dtree.c(1439): stop. leaf nodes are specific
INFO: dtree.c(1478): Final simple tree
|( QUESTION0_3_R 1 8.958e+02 1.298e+02 5.098e+01
|    ( - 4.591e+02 2 0)
|    ( QUESTION0_1_R 1 3.068e+02 6.837e+01 2.298e+01
|        ( - 1.432e+02 1 0)
|        ( - 9.525e+01 1 0)))
s>    ( QUESTION0_3_R 1 8.958e+02 1.298e+02 5.098e+01
s>        ( - 4.591e+02 2 0)
s>        ( QUESTION0_1_R 1 3.068e+02 6.837e+01 2.298e+01
s>            ( - 1.432e+02 1 0)
s>            ( - 9.525e+01 1 0)))INFO: dtree.c(1439): stop. leaf nodes are specific
INFO: dtree.c(1478): Final simple tree
|( QUESTION0_0_R 1 8.157e+02 1.210e+02 4.799e+01
|    ( - 5.208e+02 1 0)
|    ( - 1.739e+02 2 0))
s>    ( QUESTION0_0_R 1 8.157e+02 1.210e+02 4.799e+01
s>        ( - 5.208e+02 1 0)
s>        ( - 1.739e+02 2 0))INFO: dtree.c(1315): Comp split 17
INFO: dtree.c(1478): Final simple tree
|( QUESTION2_0_L -1 2.238e+03 1.586e+02 1.326e+02
|    ( QUESTION0 -1 9.461e+02 9.414e+01 6.200e+01
|        ( - 3.164e+02 3 0)
|        ( QUESTION0_11_R 1 5.356e+02 7.015e+01 3.800e+01
|            ( QUESTION2_9_L -1 2.966e+02 5.246e+01 2.400e+01
|                ( - 4.947e+01 1 0)
|                ( QUESTION7 -1 1.946e+02 3.505e+01 1.800e+01
|                    ( - 1.214e+02 1 0)
|                    ( QUESTION6 -1 3.823e+01 1.373e+01 6.000e+00
|                        ( - 1.060e+01 1 0)
|                        ( - 1.391e+01 1 0))))
|            ( - 1.689e+02 1 0)))
|    ( QUESTION0 -1 1.133e+03 8.639e+01 7.063e+01
|        ( - 9.927e+01 1 0)
|        ( - 9.477e+02 1 0)))
s>    ( QUESTION2_0_L -1 2.238e+03 1.586e+02 1.326e+02
s>        ( QUESTION0 -1 9.461e+02 9.414e+01 6.200e+01
s>            ( - 3.164e+02 3 0)
s>            ( QUESTION0_11_R 1 5.356e+02 7.015e+01 3.800e+01
s>                ( QUESTION2_9_L -1 2.966e+02 5.246e+01 2.400e+01
s>                    ( - 4.947e+01 1 0)
s>                    ( QUESTION7 -1 1.946e+02 3.505e+01 1.800e+01
s>                        ( - 1.214e+02 1 0)
s>                        ( QUESTION6 -1 3.823e+01 1.373e+01 6.000e+00
s>                            ( - 1.060e+01 1 0)
s>                            ( - 1.391e+01 1 0))))
s>                ( - 1.689e+02 1 0)))
s>        ( QUESTION0 -1 1.133e+03 8.639e+01 7.063e+01
s>            ( - 9.927e+01 1 0)
s>            ( - 9.477e+02 1 0)))INFO: dtree.c(1439): stop. leaf nodes are specific
INFO: dtree.c(1478): Final simple tree
|( QUESTION0_11_R 1 2.838e+03 1.751e+02 1.607e+02
|    ( - 1.284e+03 1 0)
|    ( SILENCE -1 1.379e+03 1.498e+02 8.202e+01
|        ( QUESTION0_10_R 1 7.956e+02 4.677e+01 5.148e+01
|            ( - 7.263e+02 1 0)
|            ( - 2.252e+01 1 0))
|        ( - 4.341e+02 1 0)))
s>    ( QUESTION0_11_R 1 2.838e+03 1.751e+02 1.607e+02
s>        ( - 1.284e+03 1 0)
s>        ( SILENCE -1 1.379e+03 1.498e+02 8.202e+01
s>            ( QUESTION0_10_R 1 7.956e+02 4.677e+01 5.148e+01
s>                ( - 7.263e+02 1 0)
s>                ( - 2.252e+01 1 0))
s>            ( - 4.341e+02 1 0)))INFO: dtree.c(1315): Comp split 18
INFO: dtree.c(1439): stop. leaf nodes are specific
INFO: dtree.c(1478): Final simple tree
|( QUESTION0_11_R 1 3.506e+03 7.090e+01 1.850e+02
|    ( - 1.026e+02 1 0)
|    ( - 3.333e+03 2 0))
s>    ( QUESTION0_11_R 1 3.506e+03 7.090e+01 1.850e+02
s>        ( - 1.026e+02 1 0)
s>        ( - 3.333e+03 2 0))INFO: dtree.c(1439): stop. leaf nodes are specific
INFO: dtree.c(1478): Final simple tree
|( QUESTION0 -1 1.359e+03 1.196e+02 8.236e+01
|    ( QUESTION2_12_L -1 6.624e+02 8.423e+01 4.236e+01
|        ( - 1.809e+02 1 0)
|        ( - 3.973e+02 1 0))
|    ( - 5.768e+02 2 0))
s>    ( QUESTION0 -1 1.359e+03 1.196e+02 8.236e+01
s>        ( QUESTION2_12_L -1 6.624e+02 8.423e+01 4.236e+01
s>            ( - 1.809e+02 1 0)
s>            ( - 3.973e+02 1 0))
s>        ( - 5.768e+02 2 0))INFO: dtree.c(1315): Comp split 19
INFO: dtree.c(1315): Comp split 20
INFO: dtree.c(1439): stop. leaf nodes are specific
INFO: dtree.c(1478): Final simple tree
|( QUESTION0_10_R 1 7.557e+02 9.466e+01 4.700e+01
|    ( QUESTION0_11_R 1 3.203e+02 5.995e+01 2.400e+01
|        ( - 1.884e+02 1 0)
|        ( QUESTION6 -1 7.191e+01 1.998e+01 9.000e+00
|            ( - 3.683e+01 1 0)
|            ( - 1.510e+01 1 0)))
|    ( QUESTION0_0_R 1 3.407e+02 7.022e+01 2.300e+01
|        ( - 1.884e+02 1 0)
|        ( - 8.210e+01 1 0)))
s>    ( QUESTION0_10_R 1 7.557e+02 9.466e+01 4.700e+01
s>        ( QUESTION0_11_R 1 3.203e+02 5.995e+01 2.400e+01
s>            ( - 1.884e+02 1 0)
s>            ( QUESTION6 -1 7.191e+01 1.998e+01 9.000e+00
s>                ( - 3.683e+01 1 0)
s>                ( - 1.510e+01 1 0)))
s>        ( QUESTION0_0_R 1 3.407e+02 7.022e+01 2.300e+01
s>            ( - 1.884e+02 1 0)
s>            ( - 8.210e+01 1 0)))INFO: dtree.c(1439): stop. leaf nodes are specific
INFO: dtree.c(1478): Final simple tree
|( QUESTION0_0_R 1 6.784e+02 6.498e+01 4.069e+01
|    ( - 2.148e+01 1 0)
|    ( - 5.920e+02 2 0))
s>    ( QUESTION0_0_R 1 6.784e+02 6.498e+01 4.069e+01
s>        ( - 2.148e+01 1 0)
s>        ( - 5.920e+02 2 0))INFO: dtree.c(1315): Comp split 21
INFO: dtree.c(1315): Comp split 22
INFO: dtree.c(1439): stop. leaf nodes are specific
INFO: dtree.c(1478): Final simple tree
|( SILENCE -1 1.379e+03 1.498e+02 8.202e+01
|    ( QUESTION0_10_R 1 7.956e+02 4.677e+01 5.148e+01
|        ( - 7.263e+02 1 0)
|        ( - 2.252e+01 1 0))
|    ( - 4.341e+02 1 0))
s>    ( SILENCE -1 1.379e+03 1.498e+02 8.202e+01
s>        ( QUESTION0_10_R 1 7.956e+02 4.677e+01 5.148e+01
s>            ( - 7.263e+02 1 0)
s>            ( - 2.252e+01 1 0))
s>        ( - 4.341e+02 1 0))INFO: dtree.c(1315): Comp split 23
INFO: dtree.c(1315): Comp split 24
INFO: dtree.c(1439): stop. leaf nodes are specific
INFO: dtree.c(1478): Final simple tree
|( QUESTION0_8_R 1 4.688e+02 8.214e+01 3.135e+01
|    ( - 2.633e+02 1 0)
|    ( - 1.233e+02 1 0))
s>    ( QUESTION0_8_R 1 4.688e+02 8.214e+01 3.135e+01
s>        ( - 2.633e+02 1 0)
s>        ( - 1.233e+02 1 0))INFO: dtree.c(1315): Comp split 25
INFO: dtree.c(1439): stop. leaf nodes are specific
INFO: dtree.c(1478): Final simple tree
|( QUESTION17 -1 1.244e+03 9.212e+01 7.663e+01
|    ( - 9.477e+02 1 0)
|    ( QUESTION0_11_R 1 2.041e+02 5.536e+01 1.700e+01
|        ( - 4.947e+01 1 0)
|        ( - 9.927e+01 1 0)))
s>    ( QUESTION17 -1 1.244e+03 9.212e+01 7.663e+01
s>        ( - 9.477e+02 1 0)
s>        ( QUESTION0_11_R 1 2.041e+02 5.536e+01 1.700e+01
s>            ( - 4.947e+01 1 0)
s>            ( - 9.927e+01 1 0)))INFO: dtree.c(1439): stop. leaf nodes are specific
INFO: dtree.c(1478): Final simple tree
|( QUESTION0 -1 8.353e+02 9.161e+01 5.600e+01
|    ( - 3.164e+02 3 0)
|    ( QUESTION0_11_R 1 4.273e+02 6.376e+01 3.200e+01
|        ( QUESTION7 -1 1.946e+02 3.505e+01 1.800e+01
|            ( - 1.214e+02 1 0)
|            ( QUESTION6 -1 3.823e+01 1.373e+01 6.000e+00
|                ( - 1.060e+01 1 0)
|                ( - 1.391e+01 1 0)))
|        ( - 1.689e+02 1 0)))
s>    ( QUESTION0 -1 8.353e+02 9.161e+01 5.600e+01
s>        ( - 3.164e+02 3 0)
s>        ( QUESTION0_11_R 1 4.273e+02 6.376e+01 3.200e+01
s>            ( QUESTION7 -1 1.946e+02 3.505e+01 1.800e+01
s>                ( - 1.214e+02 1 0)
s>                ( QUESTION6 -1 3.823e+01 1.373e+01 6.000e+00
s>                    ( - 1.060e+01 1 0)
s>                    ( - 1.391e+01 1 0)))
s>            ( - 1.689e+02 1 0)))INFO: dtree.c(1315): Comp split 26
INFO: dtree.c(1439): stop. leaf nodes are specific
INFO: dtree.c(1478): Final simple tree
|( QUESTION0_20_R 1 4.508e+02 8.835e+01 3.100e+01
|    ( - 1.510e+02 1 0)
|    ( QUESTION0_16_R 1 2.114e+02 5.042e+01 1.800e+01
|        ( - 6.860e+01 1 0)
|        ( - 9.237e+01 1 0)))
s>    ( QUESTION0_20_R 1 4.508e+02 8.835e+01 3.100e+01
s>        ( - 1.510e+02 1 0)
s>        ( QUESTION0_16_R 1 2.114e+02 5.042e+01 1.800e+01
s>            ( - 6.860e+01 1 0)
s>            ( - 9.237e+01 1 0)))INFO: dtree.c(1315): Comp split 27
INFO: dtree.c(1439): stop. leaf nodes are specific
INFO: dtree.c(1478): Final simple tree
|( QUESTION0_10_R 1 7.956e+02 4.677e+01 5.148e+01
|    ( - 7.263e+02 1 0)
|    ( - 2.252e+01 1 0))
s>    ( QUESTION0_10_R 1 7.956e+02 4.677e+01 5.148e+01
s>        ( - 7.263e+02 1 0)
s>        ( - 2.252e+01 1 0))INFO: dtree.c(1315): Comp split 28
INFO: dtree.c(1315): Comp split 29
INFO: dtree.c(1439): stop. leaf nodes are specific
INFO: dtree.c(1478): Final simple tree
|( QUESTION7 -1 3.492e+02 6.693e+01 2.498e+01
|    ( - 2.253e+02 1 0)
|    ( - 5.698e+01 1 0))
s>    ( QUESTION7 -1 3.492e+02 6.693e+01 2.498e+01
s>        ( - 2.253e+02 1 0)
s>        ( - 5.698e+01 1 0))INFO: dtree.c(1439): stop. leaf nodes are specific
INFO: dtree.c(1478): Final simple tree
|( QUESTION0_10_R 1 5.190e+02 7.365e+01 3.401e+01
|    ( - 1.455e+02 1 0)
|    ( - 2.998e+02 1 0))
s>    ( QUESTION0_10_R 1 5.190e+02 7.365e+01 3.401e+01
s>        ( - 1.455e+02 1 0)
s>        ( - 2.998e+02 1 0))INFO: dtree.c(1315): Comp split 30
INFO: dtree.c(1439): stop. leaf nodes are specific
INFO: dtree.c(1478): Final simple tree
|( QUESTION0_1_R 1 3.068e+02 6.837e+01 2.298e+01
|    ( - 1.432e+02 1 0)
|    ( - 9.525e+01 1 0))
s>    ( QUESTION0_1_R 1 3.068e+02 6.837e+01 2.298e+01
s>        ( - 1.432e+02 1 0)
s>        ( - 9.525e+01 1 0))INFO: dtree.c(1315): Comp split 31
INFO: dtree.c(1315): Comp split 32
INFO: dtree.c(1439): stop. leaf nodes are specific
INFO: dtree.c(1478): Final simple tree
|( QUESTION2_12_L -1 6.624e+02 8.423e+01 4.236e+01
|    ( - 1.809e+02 1 0)
|    ( - 3.973e+02 1 0))
s>    ( QUESTION2_12_L -1 6.624e+02 8.423e+01 4.236e+01
s>        ( - 1.809e+02 1 0)
s>        ( - 3.973e+02 1 0))INFO: dtree.c(1315): Comp split 33
INFO: dtree.c(1439): stop. leaf nodes are specific
INFO: dtree.c(1478): Final simple tree
|( QUESTION0_0_R 1 3.184e+02 5.803e+01 2.400e+01
|    ( - 1.884e+02 1 0)
|    ( QUESTION6 -1 7.191e+01 1.998e+01 9.000e+00
|        ( - 3.683e+01 1 0)
|        ( - 1.510e+01 1 0)))
s>    ( QUESTION0_0_R 1 3.184e+02 5.803e+01 2.400e+01
s>        ( - 1.884e+02 1 0)
s>        ( QUESTION6 -1 7.191e+01 1.998e+01 9.000e+00
s>            ( - 3.683e+01 1 0)
s>            ( - 1.510e+01 1 0)))INFO: dtree.c(1439): stop. leaf nodes are specific
INFO: dtree.c(1478): Final simple tree
|( QUESTION0_10_R 1 3.334e+02 6.285e+01 2.300e+01
|    ( - 1.884e+02 1 0)
|    ( - 8.210e+01 1 0))
s>    ( QUESTION0_10_R 1 3.334e+02 6.285e+01 2.300e+01
s>        ( - 1.884e+02 1 0)
s>        ( - 8.210e+01 1 0))INFO: dtree.c(1315): Comp split 34
INFO: dtree.c(1315): Comp split 35
INFO: dtree.c(1439): stop. leaf nodes are specific
INFO: dtree.c(1478): Final simple tree
|( QUESTION0_11_R 1 2.041e+02 5.536e+01 1.700e+01
|    ( - 4.947e+01 1 0)
|    ( - 9.927e+01 1 0))
s>    ( QUESTION0_11_R 1 2.041e+02 5.536e+01 1.700e+01
s>        ( - 4.947e+01 1 0)
s>        ( - 9.927e+01 1 0))INFO: dtree.c(1315): Comp split 36
INFO: dtree.c(1439): stop. leaf nodes are specific
INFO: dtree.c(1478): Final simple tree
|( QUESTION0_11_R 1 4.273e+02 6.376e+01 3.200e+01
|    ( QUESTION7 -1 1.946e+02 3.505e+01 1.800e+01
|        ( - 1.214e+02 1 0)
|        ( QUESTION6 -1 3.823e+01 1.373e+01 6.000e+00
|            ( - 1.060e+01 1 0)
|            ( - 1.391e+01 1 0)))
|    ( - 1.689e+02 1 0))
s>    ( QUESTION0_11_R 1 4.273e+02 6.376e+01 3.200e+01
s>        ( QUESTION7 -1 1.946e+02 3.505e+01 1.800e+01
s>            ( - 1.214e+02 1 0)
s>            ( QUESTION6 -1 3.823e+01 1.373e+01 6.000e+00
s>                ( - 1.060e+01 1 0)
s>                ( - 1.391e+01 1 0)))
s>        ( - 1.689e+02 1 0))INFO: dtree.c(1315): Comp split 37
INFO: dtree.c(1439): stop. leaf nodes are specific
INFO: dtree.c(1478): Final simple tree
|( QUESTION0_16_R 1 2.114e+02 5.042e+01 1.800e+01
|    ( - 6.860e+01 1 0)
|    ( - 9.237e+01 1 0))
s>    ( QUESTION0_16_R 1 2.114e+02 5.042e+01 1.800e+01
s>        ( - 6.860e+01 1 0)
s>        ( - 9.237e+01 1 0))INFO: dtree.c(1315): Comp split 38
INFO: dtree.c(1315): Comp split 39
INFO: dtree.c(1315): Comp split 40
INFO: dtree.c(1315): Comp split 41
INFO: dtree.c(1315): Comp split 42
INFO: dtree.c(1315): Comp split 43
INFO: dtree.c(1315): Comp split 44
INFO: dtree.c(1315): Comp split 45
INFO: dtree.c(1315): Comp split 46
INFO: dtree.c(1439): stop. leaf nodes are specific
INFO: dtree.c(1478): Final simple tree
|( QUESTION7 -1 1.946e+02 3.505e+01 1.800e+01
|    ( - 1.214e+02 1 0)
|    ( QUESTION6 -1 3.823e+01 1.373e+01 6.000e+00
|        ( - 1.060e+01 1 0)
|        ( - 1.391e+01 1 0)))
s>    ( QUESTION7 -1 1.946e+02 3.505e+01 1.800e+01
s>        ( - 1.214e+02 1 0)
s>        ( QUESTION6 -1 3.823e+01 1.373e+01 6.000e+00
s>            ( - 1.060e+01 1 0)
s>            ( - 1.391e+01 1 0)))INFO: dtree.c(1315): Comp split 47
INFO: dtree.c(1315): Comp split 48
INFO: dtree.c(1439): stop. leaf nodes are specific
INFO: dtree.c(1478): Final simple tree
|( QUESTION6 -1 7.191e+01 1.998e+01 9.000e+00
|    ( - 3.683e+01 1 0)
|    ( - 1.510e+01 1 0))
s>    ( QUESTION6 -1 7.191e+01 1.998e+01 9.000e+00
s>        ( - 3.683e+01 1 0)
s>        ( - 1.510e+01 1 0))INFO: dtree.c(1315): Comp split 49
INFO: dtree.c(1315): Comp split 50
INFO: dtree.c(1315): Comp split 51
INFO: dtree.c(1315): Comp split 52
INFO: dtree.c(1439): stop. leaf nodes are specific
INFO: dtree.c(1478): Final simple tree
|( QUESTION6 -1 3.823e+01 1.373e+01 6.000e+00
|    ( - 1.060e+01 1 0)
|    ( - 1.391e+01 1 0))
s>    ( QUESTION6 -1 3.823e+01 1.373e+01 6.000e+00
s>        ( - 1.060e+01 1 0)
s>        ( - 1.391e+01 1 0))INFO: dtree.c(1315): Comp split 53
INFO: dtree.c(1315): Comp split 54
INFO: dtree.c(1315): Comp split 55
INFO: dtree.c(1315): Comp split 56
INFO: dtree.c(1318): stop. leaf nodes are specific
Mon May 23 22:39:48 2022
