Current configuration:
[NAME]		[DEFLT]	[VALUE]
-allphones	no	no
-cntthresh	0.00001	1.000000e-05
-csplitmax	100	2000
-csplitmin	1	1
-csplitthr	8e-4	0.000000e+00
-example	no	no
-fullvar	no	no
-help		no	no
-meanfn			
-mixwfn			/home/rakha/Kuliah/Semester8/nlp/speech-sphinx/train-new-model/an4-master/model_parameters/an4.cd_ptm_untied/mixture_weights
-moddeffn		/home/rakha/Kuliah/Semester8/nlp/speech-sphinx/train-new-model/an4-master/model_architecture/an4.untied.mdef
-mwfloor	1e-4	1.000000e-08
-phone			K
-psetfn			/home/rakha/Kuliah/Semester8/nlp/speech-sphinx/train-new-model/an4-master/model_architecture/an4.tree_questions
-ssplitmax	5	7
-ssplitmin	1	1
-ssplitthr	8e-4	0.000000e+00
-state			0
-stwt			1.0,0.05,0.0,
-treefn			/home/rakha/Kuliah/Semester8/nlp/speech-sphinx/train-new-model/an4-master/trees/an4.unpruned/K-0.dtree
-ts2cbfn	.semi.	.semi.
-varfloor	0.00001	1.000000e-05
-varfn			

INFO: main.c(223): Reading: /home/rakha/Kuliah/Semester8/nlp/speech-sphinx/train-new-model/an4-master/model_architecture/an4.untied.mdef
INFO: model_def_io.c(573): Model definition info:
INFO: model_def_io.c(574): 1618 total models defined (34 base, 1584 tri)
INFO: model_def_io.c(575): 6472 total states
INFO: model_def_io.c(576): 4854 total tied states
INFO: model_def_io.c(577): 102 total tied CI states
INFO: model_def_io.c(578): 34 total tied transition matrices
INFO: model_def_io.c(579): 4 max state/model
INFO: model_def_io.c(580): 4 min state/model
INFO: main.c(242): Building trees for [K AA T i] through [K UW Y b]
INFO: main.c(269): Covering states |[2733 2825]| == 93
INFO: main.c(275): Reading: /home/rakha/Kuliah/Semester8/nlp/speech-sphinx/train-new-model/an4-master/model_parameters/an4.cd_ptm_untied/mixture_weights
INFO: s3mixw_io.c(173): Read /home/rakha/Kuliah/Semester8/nlp/speech-sphinx/train-new-model/an4-master/model_parameters/an4.cd_ptm_untied/mixture_weights [93x4x64 array]
INFO: main.c(311): 31 of 31 models have observation count greater than 0.000010
INFO: main.c(95): nrm stwt: 0.952 0.048 0.000 
INFO: main.c(411): 31-class entropy: 2.678522e+04
INFO: main.c(549): Reading: /home/rakha/Kuliah/Semester8/nlp/speech-sphinx/train-new-model/an4-master/model_architecture/an4.tree_questions
INFO: main.c(588): 180 total simple questions (172 phone; 8 word bndry)
INFO: main.c(590): 42 Left Only questions, and 42 Right Only questions
INFO: dtree.c(1478): Final simple tree
|( QUESTION1 1 3.162e+04 1.297e+03 1.592e+03
|    ( QUESTION0 -1 7.871e+03 3.680e+02 4.217e+02
|        ( QUESTION2_0_L -1 4.342e+03 2.327e+02 2.365e+02
|            ( QUESTION1 -1 3.037e+03 2.291e+02 1.695e+02
|                ( - 2.102e+03 4 0)
|                ( - 7.055e+02 5 0))
|            ( - 1.072e+03 3 0 QUESTION2_12_L -1 1.175e+02 6.703e+01))
|        ( QUESTION2_1_L -1 3.161e+03 2.391e+02 1.852e+02
|            ( - 1.485e+03 5 0 QUESTION4 -1 3.833e+01 9.586e+01)
|            ( - 1.437e+03 9 0 QUESTION16 -1 1.199e+02 8.934e+01)))
|    ( QUESTION2_18_L -1 2.245e+04 7.009e+02 1.171e+03
|        ( QUESTION4 1 4.309e+03 1.239e+02 2.437e+02
|            ( - 3.956e+03 1 0)
|            ( - 2.293e+02 2 0 QUESTION0_8_R 1 5.144e+01 1.900e+01))
|        ( - 1.744e+04 2 0 WDBNDRY_B 0 4.895e+01 9.270e+02)))
s>    ( QUESTION1 1 3.162e+04 1.297e+03 1.592e+03
s>        ( QUESTION0 -1 7.871e+03 3.680e+02 4.217e+02
s>            ( QUESTION2_0_L -1 4.342e+03 2.327e+02 2.365e+02
s>                ( QUESTION1 -1 3.037e+03 2.291e+02 1.695e+02
s>                    ( - 2.102e+03 4 0)
s>                    ( - 7.055e+02 5 0))
s>                ( - 1.072e+03 3 0 QUESTION2_12_L -1 1.175e+02 6.703e+01))
s>            ( QUESTION2_1_L -1 3.161e+03 2.391e+02 1.852e+02
s>                ( - 1.485e+03 5 0 QUESTION4 -1 3.833e+01 9.586e+01)
s>                ( - 1.437e+03 9 0 QUESTION16 -1 1.199e+02 8.934e+01)))
s>        ( QUESTION2_18_L -1 2.245e+04 7.009e+02 1.171e+03
s>            ( QUESTION4 1 4.309e+03 1.239e+02 2.437e+02
s>                ( - 3.956e+03 1 0)
s>                ( - 2.293e+02 2 0 QUESTION0_8_R 1 5.144e+01 1.900e+01))
s>            ( - 1.744e+04 2 0 WDBNDRY_B 0 4.895e+01 9.270e+02)))INFO: dtree.c(1315): Comp split 0
INFO: dtree.c(1478): Final simple tree
|( QUESTION0 -1 7.871e+03 3.680e+02 4.217e+02
|    ( QUESTION2_0_L -1 4.342e+03 2.327e+02 2.365e+02
|        ( QUESTION1 -1 3.037e+03 2.291e+02 1.695e+02
|            ( - 2.102e+03 4 0)
|            ( - 7.055e+02 5 0))
|        ( QUESTION2_12_L -1 1.072e+03 1.175e+02 6.703e+01
|            ( - 6.883e+02 2 0)
|            ( - 2.664e+02 1 0)))
|    ( QUESTION2_1_L -1 3.161e+03 2.391e+02 1.852e+02
|        ( - 1.485e+03 5 0 QUESTION4 -1 3.833e+01 9.586e+01)
|        ( QUESTION16 -1 1.437e+03 1.199e+02 8.934e+01
|            ( - 7.215e+02 4 0 QUESTION2_9_L -1 6.106e+01 4.635e+01)
|            ( SILENCE -1 5.958e+02 6.709e+01 4.299e+01
|                ( - 4.035e+02 2 0)
|                ( - 1.252e+02 3 0 QUESTION4 -1 3.294e+01 1.200e+01)))))
s>    ( QUESTION0 -1 7.871e+03 3.680e+02 4.217e+02
s>        ( QUESTION2_0_L -1 4.342e+03 2.327e+02 2.365e+02
s>            ( QUESTION1 -1 3.037e+03 2.291e+02 1.695e+02
s>                ( - 2.102e+03 4 0)
s>                ( - 7.055e+02 5 0))
s>            ( QUESTION2_12_L -1 1.072e+03 1.175e+02 6.703e+01
s>                ( - 6.883e+02 2 0)
s>                ( - 2.664e+02 1 0)))
s>        ( QUESTION2_1_L -1 3.161e+03 2.391e+02 1.852e+02
s>            ( - 1.485e+03 5 0 QUESTION4 -1 3.833e+01 9.586e+01)
s>            ( QUESTION16 -1 1.437e+03 1.199e+02 8.934e+01
s>                ( - 7.215e+02 4 0 QUESTION2_9_L -1 6.106e+01 4.635e+01)
s>                ( SILENCE -1 5.958e+02 6.709e+01 4.299e+01
s>                    ( - 4.035e+02 2 0)
s>                    ( - 1.252e+02 3 0 QUESTION4 -1 3.294e+01 1.200e+01)))))INFO: dtree.c(1439): stop. leaf nodes are specific
INFO: dtree.c(1478): Final simple tree
|( QUESTION2_18_L -1 2.245e+04 7.009e+02 1.171e+03
|    ( QUESTION4 1 4.309e+03 1.239e+02 2.437e+02
|        ( - 3.956e+03 1 0)
|        ( QUESTION0_8_R 1 2.293e+02 5.144e+01 1.900e+01
|            ( - 1.150e+02 1 0)
|            ( - 6.290e+01 1 0)))
|    ( WDBNDRY_B 0 1.744e+04 4.895e+01 9.270e+02
|        ( - 1.311e+01 1 0)
|        ( - 1.738e+04 1 0)))
s>    ( QUESTION2_18_L -1 2.245e+04 7.009e+02 1.171e+03
s>        ( QUESTION4 1 4.309e+03 1.239e+02 2.437e+02
s>            ( - 3.956e+03 1 0)
s>            ( QUESTION0_8_R 1 2.293e+02 5.144e+01 1.900e+01
s>                ( - 1.150e+02 1 0)
s>                ( - 6.290e+01 1 0)))
s>        ( WDBNDRY_B 0 1.744e+04 4.895e+01 9.270e+02
s>            ( - 1.311e+01 1 0)
s>            ( - 1.738e+04 1 0)))INFO: dtree.c(1315): Comp split 1
INFO: dtree.c(1439): stop. leaf nodes are specific
INFO: dtree.c(1478): Final simple tree
|( QUESTION4 1 4.309e+03 1.239e+02 2.437e+02
|    ( - 3.956e+03 1 0)
|    ( QUESTION0_8_R 1 2.293e+02 5.144e+01 1.900e+01
|        ( - 1.150e+02 1 0)
|        ( - 6.290e+01 1 0)))
s>    ( QUESTION4 1 4.309e+03 1.239e+02 2.437e+02
s>        ( - 3.956e+03 1 0)
s>        ( QUESTION0_8_R 1 2.293e+02 5.144e+01 1.900e+01
s>            ( - 1.150e+02 1 0)
s>            ( - 6.290e+01 1 0)))INFO: dtree.c(1439): stop. leaf nodes are specific
INFO: dtree.c(1478): Final simple tree
|( WDBNDRY_B 0 1.744e+04 4.895e+01 9.270e+02
|    ( - 1.311e+01 1 0)
|    ( - 1.738e+04 1 0))
s>    ( WDBNDRY_B 0 1.744e+04 4.895e+01 9.270e+02
s>        ( - 1.311e+01 1 0)
s>        ( - 1.738e+04 1 0))INFO: dtree.c(1315): Comp split 2
INFO: dtree.c(1478): Final simple tree
|( QUESTION2_1_L -1 4.043e+03 2.662e+02 2.312e+02
|    ( QUESTION4 -1 1.485e+03 3.833e+01 9.586e+01
|        ( - 1.437e+03 4 0)
|        ( - 8.821e+00 1 0))
|    ( QUESTION0 -1 2.292e+03 1.496e+02 1.353e+02
|        ( - 7.055e+02 5 0)
|        ( QUESTION16 -1 1.437e+03 1.199e+02 8.934e+01
|            ( QUESTION2_9_L -1 7.215e+02 6.106e+01 4.635e+01
|                ( - 4.769e+01 2 0)
|                ( - 6.127e+02 2 0))
|            ( SILENCE -1 5.958e+02 6.709e+01 4.299e+01
|                ( - 4.035e+02 2 0)
|                ( QUESTION4 -1 1.252e+02 3.294e+01 1.200e+01
|                    ( - 2.082e+01 1 0)
|                    ( - 7.146e+01 2 0))))))
s>    ( QUESTION2_1_L -1 4.043e+03 2.662e+02 2.312e+02
s>        ( QUESTION4 -1 1.485e+03 3.833e+01 9.586e+01
s>            ( - 1.437e+03 4 0)
s>            ( - 8.821e+00 1 0))
s>        ( QUESTION0 -1 2.292e+03 1.496e+02 1.353e+02
s>            ( - 7.055e+02 5 0)
s>            ( QUESTION16 -1 1.437e+03 1.199e+02 8.934e+01
s>                ( QUESTION2_9_L -1 7.215e+02 6.106e+01 4.635e+01
s>                    ( - 4.769e+01 2 0)
s>                    ( - 6.127e+02 2 0))
s>                ( SILENCE -1 5.958e+02 6.709e+01 4.299e+01
s>                    ( - 4.035e+02 2 0)
s>                    ( QUESTION4 -1 1.252e+02 3.294e+01 1.200e+01
s>                        ( - 2.082e+01 1 0)
s>                        ( - 7.146e+01 2 0))))))INFO: dtree.c(1439): stop. leaf nodes are specific
INFO: dtree.c(1478): Final simple tree
|( QUESTION2_12_L -1 3.376e+03 2.041e+02 1.905e+02
|    ( - 6.883e+02 2 0)
|    ( QUESTION1 -1 2.484e+03 1.154e+02 1.435e+02
|        ( - 2.102e+03 4 0)
|        ( - 2.664e+02 1 0)))
s>    ( QUESTION2_12_L -1 3.376e+03 2.041e+02 1.905e+02
s>        ( - 6.883e+02 2 0)
s>        ( QUESTION1 -1 2.484e+03 1.154e+02 1.435e+02
s>            ( - 2.102e+03 4 0)
s>            ( - 2.664e+02 1 0)))INFO: dtree.c(1315): Comp split 3
INFO: dtree.c(1439): stop. leaf nodes are specific
INFO: dtree.c(1478): Final simple tree
|( QUESTION0 -1 2.292e+03 1.496e+02 1.353e+02
|    ( - 7.055e+02 5 0)
|    ( QUESTION16 -1 1.437e+03 1.199e+02 8.934e+01
|        ( QUESTION2_9_L -1 7.215e+02 6.106e+01 4.635e+01
|            ( - 4.769e+01 2 0)
|            ( - 6.127e+02 2 0))
|        ( SILENCE -1 5.958e+02 6.709e+01 4.299e+01
|            ( - 4.035e+02 2 0)
|            ( QUESTION4 -1 1.252e+02 3.294e+01 1.200e+01
|                ( - 2.082e+01 1 0)
|                ( - 7.146e+01 2 0)))))
s>    ( QUESTION0 -1 2.292e+03 1.496e+02 1.353e+02
s>        ( - 7.055e+02 5 0)
s>        ( QUESTION16 -1 1.437e+03 1.199e+02 8.934e+01
s>            ( QUESTION2_9_L -1 7.215e+02 6.106e+01 4.635e+01
s>                ( - 4.769e+01 2 0)
s>                ( - 6.127e+02 2 0))
s>            ( SILENCE -1 5.958e+02 6.709e+01 4.299e+01
s>                ( - 4.035e+02 2 0)
s>                ( QUESTION4 -1 1.252e+02 3.294e+01 1.200e+01
s>                    ( - 2.082e+01 1 0)
s>                    ( - 7.146e+01 2 0)))))INFO: dtree.c(1439): stop. leaf nodes are specific
INFO: dtree.c(1478): Final simple tree
|( QUESTION4 -1 1.485e+03 3.833e+01 9.586e+01
|    ( - 1.437e+03 4 0)
|    ( - 8.821e+00 1 0))
s>    ( QUESTION4 -1 1.485e+03 3.833e+01 9.586e+01
s>        ( - 1.437e+03 4 0)
s>        ( - 8.821e+00 1 0))INFO: dtree.c(1315): Comp split 4
INFO: dtree.c(1439): stop. leaf nodes are specific
INFO: dtree.c(1478): Final simple tree
|( QUESTION1 -1 2.484e+03 1.154e+02 1.435e+02
|    ( - 2.102e+03 4 0)
|    ( - 2.664e+02 1 0))
s>    ( QUESTION1 -1 2.484e+03 1.154e+02 1.435e+02
s>        ( - 2.102e+03 4 0)
s>        ( - 2.664e+02 1 0))INFO: dtree.c(1315): Comp split 5
INFO: dtree.c(1439): stop. leaf nodes are specific
INFO: dtree.c(1478): Final simple tree
|( SILENCE -1 6.807e+02 7.708e+01 4.899e+01
|    ( - 4.035e+02 2 0)
|    ( QUESTION6 -1 2.001e+02 4.023e+01 1.800e+01
|        ( - 7.146e+01 2 0)
|        ( QUESTION4 -1 8.844e+01 1.993e+01 1.000e+01
|            ( - 2.082e+01 1 0)
|            ( - 4.769e+01 2 0))))
s>    ( SILENCE -1 6.807e+02 7.708e+01 4.899e+01
s>        ( - 4.035e+02 2 0)
s>        ( QUESTION6 -1 2.001e+02 4.023e+01 1.800e+01
s>            ( - 7.146e+01 2 0)
s>            ( QUESTION4 -1 8.844e+01 1.993e+01 1.000e+01
s>                ( - 2.082e+01 1 0)
s>                ( - 4.769e+01 2 0))))INFO: dtree.c(1439): stop. leaf nodes are specific
INFO: dtree.c(1478): Final simple tree
|( QUESTION0 -1 1.442e+03 1.239e+02 8.635e+01
|    ( - 7.055e+02 5 0)
|    ( - 6.127e+02 2 0))
s>    ( QUESTION0 -1 1.442e+03 1.239e+02 8.635e+01
s>        ( - 7.055e+02 5 0)
s>        ( - 6.127e+02 2 0))INFO: dtree.c(1315): Comp split 6
INFO: dtree.c(1315): Comp split 7
INFO: dtree.c(1439): stop. leaf nodes are specific
INFO: dtree.c(1478): Final simple tree
|( QUESTION0_8_R 1 2.293e+02 5.144e+01 1.900e+01
|    ( - 1.150e+02 1 0)
|    ( - 6.290e+01 1 0))
s>    ( QUESTION0_8_R 1 2.293e+02 5.144e+01 1.900e+01
s>        ( - 1.150e+02 1 0)
s>        ( - 6.290e+01 1 0))INFO: dtree.c(1315): Comp split 8
INFO: dtree.c(1315): Comp split 9
INFO: dtree.c(1439): stop. leaf nodes are specific
INFO: dtree.c(1478): Final simple tree
|( QUESTION6 -1 2.001e+02 4.023e+01 1.800e+01
|    ( - 7.146e+01 2 0)
|    ( QUESTION4 -1 8.844e+01 1.993e+01 1.000e+01
|        ( - 2.082e+01 1 0)
|        ( - 4.769e+01 2 0)))
s>    ( QUESTION6 -1 2.001e+02 4.023e+01 1.800e+01
s>        ( - 7.146e+01 2 0)
s>        ( QUESTION4 -1 8.844e+01 1.993e+01 1.000e+01
s>            ( - 2.082e+01 1 0)
s>            ( - 4.769e+01 2 0)))INFO: dtree.c(1315): Comp split 10
INFO: dtree.c(1315): Comp split 11
INFO: dtree.c(1315): Comp split 12
INFO: dtree.c(1439): stop. leaf nodes are specific
INFO: dtree.c(1478): Final simple tree
|( QUESTION4 -1 8.844e+01 1.993e+01 1.000e+01
|    ( - 2.082e+01 1 0)
|    ( - 4.769e+01 2 0))
s>    ( QUESTION4 -1 8.844e+01 1.993e+01 1.000e+01
s>        ( - 2.082e+01 1 0)
s>        ( - 4.769e+01 2 0))INFO: dtree.c(1315): Comp split 13
INFO: dtree.c(1315): Comp split 14
INFO: dtree.c(1315): Comp split 15
INFO: dtree.c(1318): stop. leaf nodes are specific
Mon May 23 22:39:48 2022
