Current configuration:
[NAME]		[DEFLT]	[VALUE]
-allphones	no	no
-cntthresh	0.00001	1.000000e-05
-csplitmax	100	2000
-csplitmin	1	1
-csplitthr	8e-4	0.000000e+00
-example	no	no
-fullvar	no	no
-help		no	no
-meanfn			
-mixwfn			/home/rakha/Kuliah/Semester8/nlp/speech-sphinx/train-new-model/an4-master/model_parameters/an4.cd_ptm_untied/mixture_weights
-moddeffn		/home/rakha/Kuliah/Semester8/nlp/speech-sphinx/train-new-model/an4-master/model_architecture/an4.untied.mdef
-mwfloor	1e-4	1.000000e-08
-phone			T
-psetfn			/home/rakha/Kuliah/Semester8/nlp/speech-sphinx/train-new-model/an4-master/model_architecture/an4.tree_questions
-ssplitmax	5	7
-ssplitmin	1	1
-ssplitthr	8e-4	0.000000e+00
-state			1
-stwt			1.0,0.05,0.0,
-treefn			/home/rakha/Kuliah/Semester8/nlp/speech-sphinx/train-new-model/an4-master/trees/an4.unpruned/T-1.dtree
-ts2cbfn	.semi.	.semi.
-varfloor	0.00001	1.000000e-05
-varfn			

INFO: main.c(223): Reading: /home/rakha/Kuliah/Semester8/nlp/speech-sphinx/train-new-model/an4-master/model_architecture/an4.untied.mdef
INFO: model_def_io.c(573): Model definition info:
INFO: model_def_io.c(574): 1618 total models defined (34 base, 1584 tri)
INFO: model_def_io.c(575): 6472 total states
INFO: model_def_io.c(576): 4854 total tied states
INFO: model_def_io.c(577): 102 total tied CI states
INFO: model_def_io.c(578): 34 total tied transition matrices
INFO: model_def_io.c(579): 4 max state/model
INFO: model_def_io.c(580): 4 min state/model
INFO: main.c(242): Building trees for [T AH IY b] through [T V W b]
INFO: main.c(269): Covering states |[4080 4361]| == 282
INFO: main.c(275): Reading: /home/rakha/Kuliah/Semester8/nlp/speech-sphinx/train-new-model/an4-master/model_parameters/an4.cd_ptm_untied/mixture_weights
INFO: s3mixw_io.c(173): Read /home/rakha/Kuliah/Semester8/nlp/speech-sphinx/train-new-model/an4-master/model_parameters/an4.cd_ptm_untied/mixture_weights [282x4x64 array]
INFO: main.c(311): 94 of 94 models have observation count greater than 0.000010
INFO: main.c(95): nrm stwt: 0.045 0.909 0.045 
INFO: main.c(411): 94-class entropy: 4.351078e+04
INFO: main.c(549): Reading: /home/rakha/Kuliah/Semester8/nlp/speech-sphinx/train-new-model/an4-master/model_architecture/an4.tree_questions
INFO: main.c(588): 180 total simple questions (172 phone; 8 word bndry)
INFO: main.c(590): 42 Left Only questions, and 42 Right Only questions
INFO: dtree.c(1478): Final simple tree
|( WDBNDRY_B 0 5.748e+04 1.528e+03 2.653e+03
|    ( QUESTION1 1 3.433e+04 1.027e+03 1.682e+03
|        ( - 1.393e+04 16 0 QUESTION2_10_L -1 2.998e+02 7.013e+02)
|        ( QUESTION0_8_R 1 1.937e+04 6.405e+02 9.808e+02
|            ( - 2.165e+03 14 0 QUESTION4 -1 1.561e+02 1.273e+02)
|            ( - 1.657e+04 21 0 QUESTION4 -1 2.628e+02 8.535e+02)))
|    ( QUESTION1 1 2.162e+04 8.877e+02 9.710e+02
|        ( QUESTION2_1_L -1 9.144e+03 5.069e+02 4.563e+02
|            ( - 4.068e+03 2 0)
|            ( - 4.569e+03 8 0 QUESTION16 -1 3.307e+02 2.232e+02))
|        ( QUESTION4 -1 1.159e+04 3.898e+02 5.147e+02
|            ( - 8.416e+02 5 0 QUESTION0 1 8.571e+01 5.075e+01)
|            ( QUESTION4 1 1.035e+04 3.434e+02 4.640e+02
|                ( - 2.037e+03 4 0 QUESTION0_9_R 1 1.900e+02 1.014e+02)
|                ( - 7.974e+03 24 0 SILENCE 1 2.878e+02 3.626e+02)))))
s>    ( WDBNDRY_B 0 5.748e+04 1.528e+03 2.653e+03
s>        ( QUESTION1 1 3.433e+04 1.027e+03 1.682e+03
s>            ( - 1.393e+04 16 0 QUESTION2_10_L -1 2.998e+02 7.013e+02)
s>            ( QUESTION0_8_R 1 1.937e+04 6.405e+02 9.808e+02
s>                ( - 2.165e+03 14 0 QUESTION4 -1 1.561e+02 1.273e+02)
s>                ( - 1.657e+04 21 0 QUESTION4 -1 2.628e+02 8.535e+02)))
s>        ( QUESTION1 1 2.162e+04 8.877e+02 9.710e+02
s>            ( QUESTION2_1_L -1 9.144e+03 5.069e+02 4.563e+02
s>                ( - 4.068e+03 2 0)
s>                ( - 4.569e+03 8 0 QUESTION16 -1 3.307e+02 2.232e+02))
s>            ( QUESTION4 -1 1.159e+04 3.898e+02 5.147e+02
s>                ( - 8.416e+02 5 0 QUESTION0 1 8.571e+01 5.075e+01)
s>                ( QUESTION4 1 1.035e+04 3.434e+02 4.640e+02
s>                    ( - 2.037e+03 4 0 QUESTION0_9_R 1 1.900e+02 1.014e+02)
s>                    ( - 7.974e+03 24 0 SILENCE 1 2.878e+02 3.626e+02)))))INFO: dtree.c(1315): Comp split 0
INFO: dtree.c(1478): Final simple tree
|( QUESTION1 1 2.443e+04 9.689e+02 1.098e+03
|    ( QUESTION2_1_L -1 9.144e+03 5.069e+02 4.563e+02
|        ( - 4.068e+03 2 0)
|        ( QUESTION16 -1 4.569e+03 3.307e+02 2.232e+02
|            ( - 9.794e+02 2 0 QUESTION17 -1 3.489e+01 5.919e+01)
|            ( - 3.259e+03 6 0 QUESTION4 -1 2.565e+02 1.640e+02)))
|    ( WDBNDRY_E 0 1.432e+04 6.138e+02 6.420e+02
|        ( QUESTION4 1 1.013e+04 3.396e+02 4.520e+02
|            ( - 2.154e+03 6 0 QUESTION0_9_R 1 1.965e+02 1.054e+02)
|            ( SILENCE 1 7.640e+03 2.989e+02 3.466e+02
|                ( - 3.952e+03 3 0 QUESTION0 -1 1.934e+02 1.904e+02)
|                ( - 3.389e+03 19 0 QUESTION6 1 2.360e+02 1.562e+02)))
|        ( WDBNDRY_B 0 3.572e+03 2.825e+02 1.901e+02
|            ( - 2.165e+03 14 0 QUESTION4 -1 1.561e+02 1.273e+02)
|            ( - 1.124e+03 5 0 QUESTION0_8_R 1 1.447e+02 6.275e+01))))
s>    ( QUESTION1 1 2.443e+04 9.689e+02 1.098e+03
s>        ( QUESTION2_1_L -1 9.144e+03 5.069e+02 4.563e+02
s>            ( - 4.068e+03 2 0)
s>            ( QUESTION16 -1 4.569e+03 3.307e+02 2.232e+02
s>                ( - 9.794e+02 2 0 QUESTION17 -1 3.489e+01 5.919e+01)
s>                ( - 3.259e+03 6 0 QUESTION4 -1 2.565e+02 1.640e+02)))
s>        ( WDBNDRY_E 0 1.432e+04 6.138e+02 6.420e+02
s>            ( QUESTION4 1 1.013e+04 3.396e+02 4.520e+02
s>                ( - 2.154e+03 6 0 QUESTION0_9_R 1 1.965e+02 1.054e+02)
s>                ( SILENCE 1 7.640e+03 2.989e+02 3.466e+02
s>                    ( - 3.952e+03 3 0 QUESTION0 -1 1.934e+02 1.904e+02)
s>                    ( - 3.389e+03 19 0 QUESTION6 1 2.360e+02 1.562e+02)))
s>            ( WDBNDRY_B 0 3.572e+03 2.825e+02 1.901e+02
s>                ( - 2.165e+03 14 0 QUESTION4 -1 1.561e+02 1.273e+02)
s>                ( - 1.124e+03 5 0 QUESTION0_8_R 1 1.447e+02 6.275e+01))))INFO: dtree.c(1478): Final simple tree
|( QUESTION1 1 3.142e+04 9.182e+02 1.555e+03
|    ( QUESTION2_10_L -1 1.393e+04 2.998e+02 7.013e+02
|        ( - 4.287e+03 2 0 QUESTION2_12_L -1 1.296e+02 2.315e+02)
|        ( QUESTION1 -1 9.346e+03 2.530e+02 4.698e+02
|            ( - 4.462e+03 2 0)
|            ( - 4.631e+03 12 0 QUESTION2_4_L -1 1.713e+02 2.378e+02)))
|    ( QUESTION4 -1 1.657e+04 2.628e+02 8.535e+02
|        ( - 3.053e+03 4 0 QUESTION2_1_L -1 1.636e+02 1.687e+02)
|        ( QUESTION2 -1 1.325e+04 2.518e+02 6.847e+02
|            ( - 2.738e+03 6 0 QUESTION0_0_R 1 7.082e+01 1.519e+02)
|            ( QUESTION16 -1 1.026e+04 2.435e+02 5.329e+02
|                ( QUESTION2_5_L -1 5.083e+03 1.907e+02 2.740e+02
|                    ( - 3.662e+03 2 0 QUESTION0_0_R 1 8.835e+01 2.002e+02)
|                    ( - 1.230e+03 3 0 QUESTION17 -1 9.404e+01 7.385e+01))
|                ( - 4.936e+03 6 0 QUESTION0 -1 1.821e+02 2.588e+02)))))
s>    ( QUESTION1 1 3.142e+04 9.182e+02 1.555e+03
s>        ( QUESTION2_10_L -1 1.393e+04 2.998e+02 7.013e+02
s>            ( - 4.287e+03 2 0 QUESTION2_12_L -1 1.296e+02 2.315e+02)
s>            ( QUESTION1 -1 9.346e+03 2.530e+02 4.698e+02
s>                ( - 4.462e+03 2 0)
s>                ( - 4.631e+03 12 0 QUESTION2_4_L -1 1.713e+02 2.378e+02)))
s>        ( QUESTION4 -1 1.657e+04 2.628e+02 8.535e+02
s>            ( - 3.053e+03 4 0 QUESTION2_1_L -1 1.636e+02 1.687e+02)
s>            ( QUESTION2 -1 1.325e+04 2.518e+02 6.847e+02
s>                ( - 2.738e+03 6 0 QUESTION0_0_R 1 7.082e+01 1.519e+02)
s>                ( QUESTION16 -1 1.026e+04 2.435e+02 5.329e+02
s>                    ( QUESTION2_5_L -1 5.083e+03 1.907e+02 2.740e+02
s>                        ( - 3.662e+03 2 0 QUESTION0_0_R 1 8.835e+01 2.002e+02)
s>                        ( - 1.230e+03 3 0 QUESTION17 -1 9.404e+01 7.385e+01))
s>                    ( - 4.936e+03 6 0 QUESTION0 -1 1.821e+02 2.588e+02)))))INFO: dtree.c(1315): Comp split 1
INFO: dtree.c(1478): Final simple tree
|( WDBNDRY_E 0 1.432e+04 6.138e+02 6.420e+02
|    ( QUESTION4 1 1.013e+04 3.396e+02 4.520e+02
|        ( QUESTION0_9_R 1 2.154e+03 1.965e+02 1.054e+02
|            ( - 1.080e+03 1 0)
|            ( - 8.777e+02 5 0 QUESTION0_0_R 1 1.137e+02 4.902e+01))
|        ( SILENCE 1 7.640e+03 2.989e+02 3.466e+02
|            ( - 3.952e+03 3 0 QUESTION0 -1 1.934e+02 1.904e+02)
|            ( QUESTION6 1 3.389e+03 2.360e+02 1.562e+02
|                ( QUESTION0 -1 1.871e+03 1.972e+02 9.143e+01
|                    ( - 1.094e+03 3 0 QUESTION0_19_R 1 1.302e+02 5.743e+01)
|                    ( - 5.801e+02 7 0 QUESTION8 1 9.310e+01 3.400e+01))
|                ( - 1.282e+03 9 0 QUESTION0 -1 1.626e+02 6.480e+01))))
|    ( WDBNDRY_B 0 3.572e+03 2.825e+02 1.901e+02
|        ( - 2.165e+03 14 0 QUESTION4 -1 1.561e+02 1.273e+02)
|        ( - 1.124e+03 5 0 QUESTION0_8_R 1 1.447e+02 6.275e+01)))
s>    ( WDBNDRY_E 0 1.432e+04 6.138e+02 6.420e+02
s>        ( QUESTION4 1 1.013e+04 3.396e+02 4.520e+02
s>            ( QUESTION0_9_R 1 2.154e+03 1.965e+02 1.054e+02
s>                ( - 1.080e+03 1 0)
s>                ( - 8.777e+02 5 0 QUESTION0_0_R 1 1.137e+02 4.902e+01))
s>            ( SILENCE 1 7.640e+03 2.989e+02 3.466e+02
s>                ( - 3.952e+03 3 0 QUESTION0 -1 1.934e+02 1.904e+02)
s>                ( QUESTION6 1 3.389e+03 2.360e+02 1.562e+02
s>                    ( QUESTION0 -1 1.871e+03 1.972e+02 9.143e+01
s>                        ( - 1.094e+03 3 0 QUESTION0_19_R 1 1.302e+02 5.743e+01)
s>                        ( - 5.801e+02 7 0 QUESTION8 1 9.310e+01 3.400e+01))
s>                    ( - 1.282e+03 9 0 QUESTION0 -1 1.626e+02 6.480e+01))))
s>        ( WDBNDRY_B 0 3.572e+03 2.825e+02 1.901e+02
s>            ( - 2.165e+03 14 0 QUESTION4 -1 1.561e+02 1.273e+02)
s>            ( - 1.124e+03 5 0 QUESTION0_8_R 1 1.447e+02 6.275e+01)))INFO: dtree.c(1478): Final simple tree
|( QUESTION2_1_L -1 9.144e+03 5.069e+02 4.563e+02
|    ( - 4.068e+03 2 0)
|    ( QUESTION16 -1 4.569e+03 3.307e+02 2.232e+02
|        ( QUESTION17 -1 9.794e+02 3.489e+01 5.919e+01
|            ( - 1.365e+01 1 0)
|            ( - 9.308e+02 1 0))
|        ( QUESTION4 -1 3.259e+03 2.565e+02 1.640e+02
|            ( - 1.993e+03 1 0)
|            ( WDBNDRY_E 0 1.010e+03 1.456e+02 5.209e+01
|                ( QUESTION0 -1 3.632e+02 7.319e+01 2.200e+01
|                    ( - 1.087e+02 1 0)
|                    ( QUESTION0_0_R 1 1.813e+02 3.296e+01 1.300e+01
|                        ( - 1.842e+01 1 0)
|                        ( - 1.299e+02 2 0)))
|                ( - 5.007e+02 1 0)))))
s>    ( QUESTION2_1_L -1 9.144e+03 5.069e+02 4.563e+02
s>        ( - 4.068e+03 2 0)
s>        ( QUESTION16 -1 4.569e+03 3.307e+02 2.232e+02
s>            ( QUESTION17 -1 9.794e+02 3.489e+01 5.919e+01
s>                ( - 1.365e+01 1 0)
s>                ( - 9.308e+02 1 0))
s>            ( QUESTION4 -1 3.259e+03 2.565e+02 1.640e+02
s>                ( - 1.993e+03 1 0)
s>                ( WDBNDRY_E 0 1.010e+03 1.456e+02 5.209e+01
s>                    ( QUESTION0 -1 3.632e+02 7.319e+01 2.200e+01
s>                        ( - 1.087e+02 1 0)
s>                        ( QUESTION0_0_R 1 1.813e+02 3.296e+01 1.300e+01
s>                            ( - 1.842e+01 1 0)
s>                            ( - 1.299e+02 2 0)))
s>                    ( - 5.007e+02 1 0)))))INFO: dtree.c(1315): Comp split 2
INFO: dtree.c(1478): Final simple tree
|( QUESTION4 -1 1.657e+04 2.628e+02 8.535e+02
|    ( QUESTION2_1_L -1 3.053e+03 1.636e+02 1.687e+02
|        ( - 5.617e+02 2 0)
|        ( - 2.327e+03 2 0 QUESTION0_0_R 1 8.374e+01 1.357e+02))
|    ( QUESTION2 -1 1.325e+04 2.518e+02 6.847e+02
|        ( - 2.738e+03 6 0 QUESTION0_0_R 1 7.082e+01 1.519e+02)
|        ( QUESTION16 -1 1.026e+04 2.435e+02 5.329e+02
|            ( QUESTION2_5_L -1 5.083e+03 1.907e+02 2.740e+02
|                ( - 3.662e+03 2 0 QUESTION0_0_R 1 8.835e+01 2.002e+02)
|                ( - 1.230e+03 3 0 QUESTION17 -1 9.404e+01 7.385e+01))
|            ( QUESTION0 -1 4.936e+03 1.821e+02 2.588e+02
|                ( - 2.869e+03 2 0)
|                ( QUESTION7 -1 1.886e+03 1.324e+02 1.068e+02
|                    ( - 3.185e+02 1 0)
|                    ( - 1.435e+03 3 0 QUESTION0_0_R 1 8.659e+01 8.570e+01))))))
s>    ( QUESTION4 -1 1.657e+04 2.628e+02 8.535e+02
s>        ( QUESTION2_1_L -1 3.053e+03 1.636e+02 1.687e+02
s>            ( - 5.617e+02 2 0)
s>            ( - 2.327e+03 2 0 QUESTION0_0_R 1 8.374e+01 1.357e+02))
s>        ( QUESTION2 -1 1.325e+04 2.518e+02 6.847e+02
s>            ( - 2.738e+03 6 0 QUESTION0_0_R 1 7.082e+01 1.519e+02)
s>            ( QUESTION16 -1 1.026e+04 2.435e+02 5.329e+02
s>                ( QUESTION2_5_L -1 5.083e+03 1.907e+02 2.740e+02
s>                    ( - 3.662e+03 2 0 QUESTION0_0_R 1 8.835e+01 2.002e+02)
s>                    ( - 1.230e+03 3 0 QUESTION17 -1 9.404e+01 7.385e+01))
s>                ( QUESTION0 -1 4.936e+03 1.821e+02 2.588e+02
s>                    ( - 2.869e+03 2 0)
s>                    ( QUESTION7 -1 1.886e+03 1.324e+02 1.068e+02
s>                        ( - 3.185e+02 1 0)
s>                        ( - 1.435e+03 3 0 QUESTION0_0_R 1 8.659e+01 8.570e+01))))))INFO: dtree.c(1478): Final simple tree
|( QUESTION2_10_L -1 1.393e+04 2.998e+02 7.013e+02
|    ( QUESTION2_12_L -1 4.287e+03 1.296e+02 2.315e+02
|        ( - 3.605e+03 1 0)
|        ( - 5.525e+02 1 0))
|    ( QUESTION1 -1 9.346e+03 2.530e+02 4.698e+02
|        ( - 4.462e+03 2 0)
|        ( QUESTION2_4_L -1 4.631e+03 1.713e+02 2.378e+02
|            ( QUESTION2_5_L -1 1.109e+03 9.263e+01 6.396e+01
|                ( - 4.758e+02 2 0 QUESTION4 -1 3.840e+01 2.998e+01)
|                ( - 5.407e+02 3 0 QUESTION6 -1 5.305e+01 3.398e+01))
|            ( QUESTION3 -1 3.351e+03 1.634e+02 1.739e+02
|                ( - 1.590e+03 3 0 QUESTION4 -1 6.047e+01 8.484e+01)
|                ( SILENCE -1 1.597e+03 1.364e+02 8.902e+01
|                    ( - 6.326e+02 1 0)
|                    ( - 8.281e+02 3 0))))))
s>    ( QUESTION2_10_L -1 1.393e+04 2.998e+02 7.013e+02
s>        ( QUESTION2_12_L -1 4.287e+03 1.296e+02 2.315e+02
s>            ( - 3.605e+03 1 0)
s>            ( - 5.525e+02 1 0))
s>        ( QUESTION1 -1 9.346e+03 2.530e+02 4.698e+02
s>            ( - 4.462e+03 2 0)
s>            ( QUESTION2_4_L -1 4.631e+03 1.713e+02 2.378e+02
s>                ( QUESTION2_5_L -1 1.109e+03 9.263e+01 6.396e+01
s>                    ( - 4.758e+02 2 0 QUESTION4 -1 3.840e+01 2.998e+01)
s>                    ( - 5.407e+02 3 0 QUESTION6 -1 5.305e+01 3.398e+01))
s>                ( QUESTION3 -1 3.351e+03 1.634e+02 1.739e+02
s>                    ( - 1.590e+03 3 0 QUESTION4 -1 6.047e+01 8.484e+01)
s>                    ( SILENCE -1 1.597e+03 1.364e+02 8.902e+01
s>                        ( - 6.326e+02 1 0)
s>                        ( - 8.281e+02 3 0))))))INFO: dtree.c(1315): Comp split 3
INFO: dtree.c(1478): Final simple tree
|( QUESTION4 1 1.013e+04 3.396e+02 4.520e+02
|    ( QUESTION0_9_R 1 2.154e+03 1.965e+02 1.054e+02
|        ( - 1.080e+03 1 0)
|        ( - 8.777e+02 5 0 QUESTION0_0_R 1 1.137e+02 4.902e+01))
|    ( SILENCE 1 7.640e+03 2.989e+02 3.466e+02
|        ( QUESTION0 -1 3.952e+03 1.934e+02 1.904e+02
|            ( - 3.368e+03 2 0)
|            ( - 3.908e+02 1 0))
|        ( QUESTION6 1 3.389e+03 2.360e+02 1.562e+02
|            ( QUESTION0 -1 1.871e+03 1.972e+02 9.143e+01
|                ( - 1.094e+03 3 0 QUESTION0_19_R 1 1.302e+02 5.743e+01)
|                ( - 5.801e+02 7 0 QUESTION8 1 9.310e+01 3.400e+01))
|            ( QUESTION0 -1 1.282e+03 1.626e+02 6.480e+01
|                ( - 4.796e+02 2 0 QUESTION0_0_R 1 7.900e+01 2.691e+01)
|                ( - 6.395e+02 7 0 QUESTION0 1 8.805e+01 3.789e+01)))))
s>    ( QUESTION4 1 1.013e+04 3.396e+02 4.520e+02
s>        ( QUESTION0_9_R 1 2.154e+03 1.965e+02 1.054e+02
s>            ( - 1.080e+03 1 0)
s>            ( - 8.777e+02 5 0 QUESTION0_0_R 1 1.137e+02 4.902e+01))
s>        ( SILENCE 1 7.640e+03 2.989e+02 3.466e+02
s>            ( QUESTION0 -1 3.952e+03 1.934e+02 1.904e+02
s>                ( - 3.368e+03 2 0)
s>                ( - 3.908e+02 1 0))
s>            ( QUESTION6 1 3.389e+03 2.360e+02 1.562e+02
s>                ( QUESTION0 -1 1.871e+03 1.972e+02 9.143e+01
s>                    ( - 1.094e+03 3 0 QUESTION0_19_R 1 1.302e+02 5.743e+01)
s>                    ( - 5.801e+02 7 0 QUESTION8 1 9.310e+01 3.400e+01))
s>                ( QUESTION0 -1 1.282e+03 1.626e+02 6.480e+01
s>                    ( - 4.796e+02 2 0 QUESTION0_0_R 1 7.900e+01 2.691e+01)
s>                    ( - 6.395e+02 7 0 QUESTION0 1 8.805e+01 3.789e+01)))))INFO: dtree.c(1478): Final simple tree
|( WDBNDRY_B 0 3.572e+03 2.825e+02 1.901e+02
|    ( QUESTION4 -1 2.165e+03 1.561e+02 1.273e+02
|        ( QUESTION2_1_L -1 5.177e+02 5.907e+01 3.700e+01
|            ( - 9.885e+01 2 0)
|            ( - 3.598e+02 1 0))
|        ( QUESTION0 -1 1.492e+03 1.149e+02 9.033e+01
|            ( - 4.860e+02 4 0 QUESTION1 -1 5.181e+01 3.393e+01)
|            ( QUESTION2_0_L -1 8.905e+02 9.941e+01 5.640e+01
|                ( QUESTION6 -1 4.918e+02 5.731e+01 3.440e+01
|                    ( - 2.745e+02 3 0 QUESTION7 -1 3.822e+01 2.040e+01)
|                    ( - 1.600e+02 2 0 QUESTION2_5_L -1 3.248e+01 1.400e+01))
|                ( - 2.993e+02 2 0 SILENCE -1 5.470e+01 2.200e+01))))
|    ( QUESTION0_8_R 1 1.124e+03 1.447e+02 6.275e+01
|        ( - 6.635e+02 1 0)
|        ( - 3.154e+02 4 0 QUESTION0_14_R 1 5.519e+01 2.000e+01)))
s>    ( WDBNDRY_B 0 3.572e+03 2.825e+02 1.901e+02
s>        ( QUESTION4 -1 2.165e+03 1.561e+02 1.273e+02
s>            ( QUESTION2_1_L -1 5.177e+02 5.907e+01 3.700e+01
s>                ( - 9.885e+01 2 0)
s>                ( - 3.598e+02 1 0))
s>            ( QUESTION0 -1 1.492e+03 1.149e+02 9.033e+01
s>                ( - 4.860e+02 4 0 QUESTION1 -1 5.181e+01 3.393e+01)
s>                ( QUESTION2_0_L -1 8.905e+02 9.941e+01 5.640e+01
s>                    ( QUESTION6 -1 4.918e+02 5.731e+01 3.440e+01
s>                        ( - 2.745e+02 3 0 QUESTION7 -1 3.822e+01 2.040e+01)
s>                        ( - 1.600e+02 2 0 QUESTION2_5_L -1 3.248e+01 1.400e+01))
s>                    ( - 2.993e+02 2 0 SILENCE -1 5.470e+01 2.200e+01))))
s>        ( QUESTION0_8_R 1 1.124e+03 1.447e+02 6.275e+01
s>            ( - 6.635e+02 1 0)
s>            ( - 3.154e+02 4 0 QUESTION0_14_R 1 5.519e+01 2.000e+01)))INFO: dtree.c(1315): Comp split 4
INFO: dtree.c(1439): stop. leaf nodes are specific
INFO: dtree.c(1478): Final simple tree
|( WDBNDRY_E 0 4.629e+03 1.977e+02 2.550e+02
|    ( QUESTION0 -1 3.632e+02 7.319e+01 2.200e+01
|        ( - 1.087e+02 1 0)
|        ( QUESTION0_0_R 1 1.813e+02 3.296e+01 1.300e+01
|            ( - 1.842e+01 1 0)
|            ( - 1.299e+02 2 0)))
|    ( - 4.068e+03 2 0))
s>    ( WDBNDRY_E 0 4.629e+03 1.977e+02 2.550e+02
s>        ( QUESTION0 -1 3.632e+02 7.319e+01 2.200e+01
s>            ( - 1.087e+02 1 0)
s>            ( QUESTION0_0_R 1 1.813e+02 3.296e+01 1.300e+01
s>                ( - 1.842e+01 1 0)
s>                ( - 1.299e+02 2 0)))
s>        ( - 4.068e+03 2 0))INFO: dtree.c(1439): stop. leaf nodes are specific
INFO: dtree.c(1478): Final simple tree
|( QUESTION5 -1 3.990e+03 3.103e+02 2.012e+02
|    ( QUESTION17 -1 9.794e+02 3.489e+01 5.919e+01
|        ( - 1.365e+01 1 0)
|        ( - 9.308e+02 1 0))
|    ( QUESTION0 -1 2.700e+03 2.067e+02 1.420e+02
|        ( - 5.007e+02 1 0)
|        ( - 1.993e+03 1 0)))
s>    ( QUESTION5 -1 3.990e+03 3.103e+02 2.012e+02
s>        ( QUESTION17 -1 9.794e+02 3.489e+01 5.919e+01
s>            ( - 1.365e+01 1 0)
s>            ( - 9.308e+02 1 0))
s>        ( QUESTION0 -1 2.700e+03 2.067e+02 1.420e+02
s>            ( - 5.007e+02 1 0)
s>            ( - 1.993e+03 1 0)))INFO: dtree.c(1315): Comp split 5
INFO: dtree.c(1478): Final simple tree
|( QUESTION0 -1 6.360e+03 2.859e+02 2.927e+02
|    ( SILENCE 1 4.665e+03 2.037e+02 2.208e+02
|        ( - 3.368e+03 2 0)
|        ( QUESTION0_19_R 1 1.094e+03 1.302e+02 5.743e+01
|            ( - 3.951e+02 1 0)
|            ( QUESTION0_10_R 1 5.684e+02 6.698e+01 3.398e+01
|                ( - 4.097e+02 1 0)
|                ( - 9.180e+01 1 0))))
|    ( QUESTION6 1 1.409e+03 1.894e+02 7.189e+01
|        ( QUESTION8 1 5.801e+02 9.310e+01 3.400e+01
|            ( - 1.681e+02 2 0 QUESTION0_10_R 1 3.211e+01 1.300e+01)
|            ( - 3.189e+02 5 0 QUESTION7 1 6.123e+01 2.100e+01))
|        ( QUESTION0 1 6.395e+02 8.805e+01 3.789e+01
|            ( - 1.979e+02 5 0 QUESTION0_0_R 1 5.004e+01 1.400e+01)
|            ( - 3.535e+02 2 0 QUESTION0_0_R 1 3.835e+01 2.389e+01))))
s>    ( QUESTION0 -1 6.360e+03 2.859e+02 2.927e+02
s>        ( SILENCE 1 4.665e+03 2.037e+02 2.208e+02
s>            ( - 3.368e+03 2 0)
s>            ( QUESTION0_19_R 1 1.094e+03 1.302e+02 5.743e+01
s>                ( - 3.951e+02 1 0)
s>                ( QUESTION0_10_R 1 5.684e+02 6.698e+01 3.398e+01
s>                    ( - 4.097e+02 1 0)
s>                    ( - 9.180e+01 1 0))))
s>        ( QUESTION6 1 1.409e+03 1.894e+02 7.189e+01
s>            ( QUESTION8 1 5.801e+02 9.310e+01 3.400e+01
s>                ( - 1.681e+02 2 0 QUESTION0_10_R 1 3.211e+01 1.300e+01)
s>                ( - 3.189e+02 5 0 QUESTION7 1 6.123e+01 2.100e+01))
s>            ( QUESTION0 1 6.395e+02 8.805e+01 3.789e+01
s>                ( - 1.979e+02 5 0 QUESTION0_0_R 1 5.004e+01 1.400e+01)
s>                ( - 3.535e+02 2 0 QUESTION0_0_R 1 3.835e+01 2.389e+01))))INFO: dtree.c(1478): Final simple tree
|( QUESTION4 1 3.421e+03 2.603e+02 1.593e+02
|    ( QUESTION0_9_R 1 2.154e+03 1.965e+02 1.054e+02
|        ( - 1.080e+03 1 0)
|        ( QUESTION0_0_R 1 8.777e+02 1.137e+02 4.902e+01
|            ( QUESTION0 -1 1.638e+02 3.763e+01 1.100e+01
|                ( - 1.054e+02 1 0)
|                ( - 2.080e+01 1 0))
|            ( QUESTION0 -1 6.002e+02 5.316e+01 3.802e+01
|                ( - 5.138e+02 1 0)
|                ( - 3.318e+01 2 0 QUESTION4 -1 1.350e+01 4.000e+00))))
|    ( SILENCE 1 1.007e+03 1.369e+02 5.390e+01
|        ( - 3.908e+02 1 0)
|        ( QUESTION0_0_R 1 4.796e+02 7.900e+01 2.691e+01
|            ( - 1.710e+02 1 0)
|            ( - 2.296e+02 1 0))))
s>    ( QUESTION4 1 3.421e+03 2.603e+02 1.593e+02
s>        ( QUESTION0_9_R 1 2.154e+03 1.965e+02 1.054e+02
s>            ( - 1.080e+03 1 0)
s>            ( QUESTION0_0_R 1 8.777e+02 1.137e+02 4.902e+01
s>                ( QUESTION0 -1 1.638e+02 3.763e+01 1.100e+01
s>                    ( - 1.054e+02 1 0)
s>                    ( - 2.080e+01 1 0))
s>                ( QUESTION0 -1 6.002e+02 5.316e+01 3.802e+01
s>                    ( - 5.138e+02 1 0)
s>                    ( - 3.318e+01 2 0 QUESTION4 -1 1.350e+01 4.000e+00))))
s>        ( SILENCE 1 1.007e+03 1.369e+02 5.390e+01
s>            ( - 3.908e+02 1 0)
s>            ( QUESTION0_0_R 1 4.796e+02 7.900e+01 2.691e+01
s>                ( - 1.710e+02 1 0)
s>                ( - 2.296e+02 1 0))))INFO: dtree.c(1315): Comp split 6
INFO: dtree.c(1439): stop. leaf nodes are specific
INFO: dtree.c(1478): Final simple tree
|( QUESTION16 -1 8.811e+03 2.130e+02 4.590e+02
|    ( QUESTION0_0_R 1 3.662e+03 8.835e+01 2.002e+02
|        ( - 3.499e+03 1 0)
|        ( - 7.470e+01 1 0))
|    ( QUESTION0 -1 4.936e+03 1.821e+02 2.588e+02
|        ( - 2.869e+03 2 0)
|        ( QUESTION7 -1 1.886e+03 1.324e+02 1.068e+02
|            ( - 3.185e+02 1 0)
|            ( QUESTION0_0_R 1 1.435e+03 8.659e+01 8.570e+01
|                ( SILENCE -1 1.197e+03 3.482e+01 7.270e+01
|                    ( - 1.137e+03 1 0)
|                    ( - 2.563e+01 1 0))
|                ( - 1.510e+02 1 0)))))
s>    ( QUESTION16 -1 8.811e+03 2.130e+02 4.590e+02
s>        ( QUESTION0_0_R 1 3.662e+03 8.835e+01 2.002e+02
s>            ( - 3.499e+03 1 0)
s>            ( - 7.470e+01 1 0))
s>        ( QUESTION0 -1 4.936e+03 1.821e+02 2.588e+02
s>            ( - 2.869e+03 2 0)
s>            ( QUESTION7 -1 1.886e+03 1.324e+02 1.068e+02
s>                ( - 3.185e+02 1 0)
s>                ( QUESTION0_0_R 1 1.435e+03 8.659e+01 8.570e+01
s>                    ( SILENCE -1 1.197e+03 3.482e+01 7.270e+01
s>                        ( - 1.137e+03 1 0)
s>                        ( - 2.563e+01 1 0))
s>                    ( - 1.510e+02 1 0)))))INFO: dtree.c(1478): Final simple tree
|( QUESTION2_5_L -1 7.427e+03 2.742e+02 3.944e+02
|    ( QUESTION0_0_R 1 2.327e+03 8.374e+01 1.357e+02
|        ( - 2.065e+03 1 0)
|        ( - 1.786e+02 1 0))
|    ( QUESTION0 -1 4.826e+03 1.721e+02 2.587e+02
|        ( QUESTION0_0_R 1 2.738e+03 7.082e+01 1.519e+02
|            ( QUESTION2_0_L -1 2.614e+03 5.226e+01 1.479e+02
|                ( - 2.521e+03 3 0)
|                ( - 4.059e+01 1 0))
|            ( - 5.331e+01 2 0 QUESTION2_0_L -1 1.581e+01 4.000e+00))
|        ( QUESTION20 -1 1.915e+03 1.239e+02 1.069e+02
|            ( - 8.453e+02 2 0 QUESTION2_9_L -1 3.388e+01 5.485e+01)
|            ( QUESTION4 -1 9.461e+02 9.351e+01 5.200e+01
|                ( - 5.617e+02 2 0)
|                ( - 2.909e+02 1 0)))))
s>    ( QUESTION2_5_L -1 7.427e+03 2.742e+02 3.944e+02
s>        ( QUESTION0_0_R 1 2.327e+03 8.374e+01 1.357e+02
s>            ( - 2.065e+03 1 0)
s>            ( - 1.786e+02 1 0))
s>        ( QUESTION0 -1 4.826e+03 1.721e+02 2.587e+02
s>            ( QUESTION0_0_R 1 2.738e+03 7.082e+01 1.519e+02
s>                ( QUESTION2_0_L -1 2.614e+03 5.226e+01 1.479e+02
s>                    ( - 2.521e+03 3 0)
s>                    ( - 4.059e+01 1 0))
s>                ( - 5.331e+01 2 0 QUESTION2_0_L -1 1.581e+01 4.000e+00))
s>            ( QUESTION20 -1 1.915e+03 1.239e+02 1.069e+02
s>                ( - 8.453e+02 2 0 QUESTION2_9_L -1 3.388e+01 5.485e+01)
s>                ( QUESTION4 -1 9.461e+02 9.351e+01 5.200e+01
s>                    ( - 5.617e+02 2 0)
s>                    ( - 2.909e+02 1 0)))))INFO: dtree.c(1315): Comp split 7
INFO: dtree.c(1439): stop. leaf nodes are specific
INFO: dtree.c(1478): Final simple tree
|( QUESTION0 -1 2.700e+03 2.067e+02 1.420e+02
|    ( - 5.007e+02 1 0)
|    ( - 1.993e+03 1 0))
s>    ( QUESTION0 -1 2.700e+03 2.067e+02 1.420e+02
s>        ( - 5.007e+02 1 0)
s>        ( - 1.993e+03 1 0))INFO: dtree.c(1439): stop. leaf nodes are specific
INFO: dtree.c(1478): Final simple tree
|( QUESTION17 -1 9.794e+02 3.489e+01 5.919e+01
|    ( - 1.365e+01 1 0)
|    ( - 9.308e+02 1 0))
s>    ( QUESTION17 -1 9.794e+02 3.489e+01 5.919e+01
s>        ( - 1.365e+01 1 0)
s>        ( - 9.308e+02 1 0))INFO: dtree.c(1315): Comp split 8
INFO: dtree.c(1478): Final simple tree
|( QUESTION1 -1 9.346e+03 2.530e+02 4.698e+02
|    ( - 4.462e+03 2 0)
|    ( QUESTION2_4_L -1 4.631e+03 1.713e+02 2.378e+02
|        ( QUESTION2_5_L -1 1.109e+03 9.263e+01 6.396e+01
|            ( - 4.758e+02 2 0 QUESTION4 -1 3.840e+01 2.998e+01)
|            ( QUESTION6 -1 5.407e+02 5.305e+01 3.398e+01
|                ( - 7.760e+01 1 0)
|                ( - 4.100e+02 2 0 QUESTION2_9_L -1 3.176e+01 2.698e+01)))
|        ( QUESTION3 -1 3.351e+03 1.634e+02 1.739e+02
|            ( QUESTION4 -1 1.590e+03 6.047e+01 8.484e+01
|                ( - 1.482e+03 2 0)
|                ( - 4.781e+01 1 0))
|            ( SILENCE -1 1.597e+03 1.364e+02 8.902e+01
|                ( - 6.326e+02 1 0)
|                ( - 8.281e+02 3 0)))))
s>    ( QUESTION1 -1 9.346e+03 2.530e+02 4.698e+02
s>        ( - 4.462e+03 2 0)
s>        ( QUESTION2_4_L -1 4.631e+03 1.713e+02 2.378e+02
s>            ( QUESTION2_5_L -1 1.109e+03 9.263e+01 6.396e+01
s>                ( - 4.758e+02 2 0 QUESTION4 -1 3.840e+01 2.998e+01)
s>                ( QUESTION6 -1 5.407e+02 5.305e+01 3.398e+01
s>                    ( - 7.760e+01 1 0)
s>                    ( - 4.100e+02 2 0 QUESTION2_9_L -1 3.176e+01 2.698e+01)))
s>            ( QUESTION3 -1 3.351e+03 1.634e+02 1.739e+02
s>                ( QUESTION4 -1 1.590e+03 6.047e+01 8.484e+01
s>                    ( - 1.482e+03 2 0)
s>                    ( - 4.781e+01 1 0))
s>                ( SILENCE -1 1.597e+03 1.364e+02 8.902e+01
s>                    ( - 6.326e+02 1 0)
s>                    ( - 8.281e+02 3 0)))))INFO: dtree.c(1439): stop. leaf nodes are specific
INFO: dtree.c(1478): Final simple tree
|( QUESTION2_12_L -1 4.287e+03 1.296e+02 2.315e+02
|    ( - 3.605e+03 1 0)
|    ( - 5.525e+02 1 0))
s>    ( QUESTION2_12_L -1 4.287e+03 1.296e+02 2.315e+02
s>        ( - 3.605e+03 1 0)
s>        ( - 5.525e+02 1 0))INFO: dtree.c(1315): Comp split 9
INFO: dtree.c(1478): Final simple tree
|( QUESTION6 1 1.409e+03 1.894e+02 7.189e+01
|    ( QUESTION8 1 5.801e+02 9.310e+01 3.400e+01
|        ( - 1.681e+02 2 0 QUESTION0_10_R 1 3.211e+01 1.300e+01)
|        ( QUESTION7 1 3.189e+02 6.123e+01 2.100e+01
|            ( - 9.785e+01 2 0 QUESTION4 -1 3.128e+01 9.000e+00)
|            ( QUESTION0_10_R 1 1.599e+02 3.676e+01 1.200e+01
|                ( - 7.570e+01 1 0)
|                ( - 4.739e+01 2 0 QUESTION0_14_R 1 1.792e+01 5.000e+00))))
|    ( QUESTION0 1 6.395e+02 8.805e+01 3.789e+01
|        ( QUESTION0_0_R 1 1.979e+02 5.004e+01 1.400e+01
|            ( - 8.650e+01 2 0)
|            ( - 6.138e+01 3 0))
|        ( QUESTION0_0_R 1 3.535e+02 3.835e+01 2.389e+01
|            ( - 2.686e+01 1 0)
|            ( - 2.883e+02 1 0))))
s>    ( QUESTION6 1 1.409e+03 1.894e+02 7.189e+01
s>        ( QUESTION8 1 5.801e+02 9.310e+01 3.400e+01
s>            ( - 1.681e+02 2 0 QUESTION0_10_R 1 3.211e+01 1.300e+01)
s>            ( QUESTION7 1 3.189e+02 6.123e+01 2.100e+01
s>                ( - 9.785e+01 2 0 QUESTION4 -1 3.128e+01 9.000e+00)
s>                ( QUESTION0_10_R 1 1.599e+02 3.676e+01 1.200e+01
s>                    ( - 7.570e+01 1 0)
s>                    ( - 4.739e+01 2 0 QUESTION0_14_R 1 1.792e+01 5.000e+00))))
s>        ( QUESTION0 1 6.395e+02 8.805e+01 3.789e+01
s>            ( QUESTION0_0_R 1 1.979e+02 5.004e+01 1.400e+01
s>                ( - 8.650e+01 2 0)
s>                ( - 6.138e+01 3 0))
s>            ( QUESTION0_0_R 1 3.535e+02 3.835e+01 2.389e+01
s>                ( - 2.686e+01 1 0)
s>                ( - 2.883e+02 1 0))))INFO: dtree.c(1439): stop. leaf nodes are specific
INFO: dtree.c(1478): Final simple tree
|( SILENCE 1 4.665e+03 2.037e+02 2.208e+02
|    ( - 3.368e+03 2 0)
|    ( QUESTION0_19_R 1 1.094e+03 1.302e+02 5.743e+01
|        ( - 3.951e+02 1 0)
|        ( QUESTION0_10_R 1 5.684e+02 6.698e+01 3.398e+01
|            ( - 4.097e+02 1 0)
|            ( - 9.180e+01 1 0))))
s>    ( SILENCE 1 4.665e+03 2.037e+02 2.208e+02
s>        ( - 3.368e+03 2 0)
s>        ( QUESTION0_19_R 1 1.094e+03 1.302e+02 5.743e+01
s>            ( - 3.951e+02 1 0)
s>            ( QUESTION0_10_R 1 5.684e+02 6.698e+01 3.398e+01
s>                ( - 4.097e+02 1 0)
s>                ( - 9.180e+01 1 0))))INFO: dtree.c(1315): Comp split 10
INFO: dtree.c(1478): Final simple tree
|( QUESTION5 -1 2.623e+03 1.703e+02 1.473e+02
|    ( QUESTION2_0_L -1 1.001e+03 1.026e+02 5.940e+01
|        ( QUESTION8 -1 5.797e+02 6.453e+01 3.840e+01
|            ( - 8.957e+01 2 0 WDBNDRY_B 0 2.642e+01 8.000e+00)
|            ( - 4.256e+02 4 0 QUESTION6 -1 5.399e+01 3.040e+01))
|        ( - 3.192e+02 2 0 WDBNDRY_B 0 4.884e+01 2.100e+01))
|    ( QUESTION3 -1 1.451e+03 1.305e+02 8.793e+01
|        ( QUESTION2_1_L -1 5.441e+02 6.718e+01 3.800e+01
|            ( - 1.171e+02 3 0 WDBNDRY_B 0 1.827e+01 9.000e+00)
|            ( - 3.598e+02 1 0))
|        ( SILENCE -1 7.765e+02 9.447e+01 4.993e+01
|            ( - 1.681e+02 1 0)
|            ( QUESTION1 -1 5.139e+02 5.511e+01 3.493e+01
|                ( - 2.914e+02 3 0 WDBNDRY_B 0 2.445e+01 1.993e+01)
|                ( - 1.674e+02 2 0 QUESTION2_0_L -1 2.890e+01 1.500e+01)))))
s>    ( QUESTION5 -1 2.623e+03 1.703e+02 1.473e+02
s>        ( QUESTION2_0_L -1 1.001e+03 1.026e+02 5.940e+01
s>            ( QUESTION8 -1 5.797e+02 6.453e+01 3.840e+01
s>                ( - 8.957e+01 2 0 WDBNDRY_B 0 2.642e+01 8.000e+00)
s>                ( - 4.256e+02 4 0 QUESTION6 -1 5.399e+01 3.040e+01))
s>            ( - 3.192e+02 2 0 WDBNDRY_B 0 4.884e+01 2.100e+01))
s>        ( QUESTION3 -1 1.451e+03 1.305e+02 8.793e+01
s>            ( QUESTION2_1_L -1 5.441e+02 6.718e+01 3.800e+01
s>                ( - 1.171e+02 3 0 WDBNDRY_B 0 1.827e+01 9.000e+00)
s>                ( - 3.598e+02 1 0))
s>            ( SILENCE -1 7.765e+02 9.447e+01 4.993e+01
s>                ( - 1.681e+02 1 0)
s>                ( QUESTION1 -1 5.139e+02 5.511e+01 3.493e+01
s>                    ( - 2.914e+02 3 0 WDBNDRY_B 0 2.445e+01 1.993e+01)
s>                    ( - 1.674e+02 2 0 QUESTION2_0_L -1 2.890e+01 1.500e+01)))))INFO: dtree.c(1315): Comp split 11
INFO: dtree.c(1439): stop. leaf nodes are specific
INFO: dtree.c(1478): Final simple tree
|( QUESTION0 -1 4.700e+03 1.706e+02 2.547e+02
|    ( QUESTION2_0_L -1 2.614e+03 5.226e+01 1.479e+02
|        ( - 2.521e+03 3 0)
|        ( - 4.059e+01 1 0))
|    ( QUESTION20 -1 1.915e+03 1.239e+02 1.069e+02
|        ( QUESTION2_9_L -1 8.453e+02 3.388e+01 5.485e+01
|            ( - 1.312e+01 1 0)
|            ( - 7.983e+02 1 0))
|        ( QUESTION4 -1 9.461e+02 9.351e+01 5.200e+01
|            ( - 5.617e+02 2 0)
|            ( - 2.909e+02 1 0))))
s>    ( QUESTION0 -1 4.700e+03 1.706e+02 2.547e+02
s>        ( QUESTION2_0_L -1 2.614e+03 5.226e+01 1.479e+02
s>            ( - 2.521e+03 3 0)
s>            ( - 4.059e+01 1 0))
s>        ( QUESTION20 -1 1.915e+03 1.239e+02 1.069e+02
s>            ( QUESTION2_9_L -1 8.453e+02 3.388e+01 5.485e+01
s>                ( - 1.312e+01 1 0)
s>                ( - 7.983e+02 1 0))
s>            ( QUESTION4 -1 9.461e+02 9.351e+01 5.200e+01
s>                ( - 5.617e+02 2 0)
s>                ( - 2.909e+02 1 0))))INFO: dtree.c(1439): stop. leaf nodes are specific
INFO: dtree.c(1478): Final simple tree
|( QUESTION0_0_R 1 2.450e+03 1.089e+02 1.397e+02
|    ( - 2.065e+03 1 0)
|    ( QUESTION0 -1 2.757e+02 4.378e+01 1.900e+01
|        ( QUESTION2_0_L -1 5.331e+01 1.581e+01 4.000e+00
|            ( - 8.243e+00 1 0)
|            ( - 2.926e+01 1 0))
|        ( - 1.786e+02 1 0)))
s>    ( QUESTION0_0_R 1 2.450e+03 1.089e+02 1.397e+02
s>        ( - 2.065e+03 1 0)
s>        ( QUESTION0 -1 2.757e+02 4.378e+01 1.900e+01
s>            ( QUESTION2_0_L -1 5.331e+01 1.581e+01 4.000e+00
s>                ( - 8.243e+00 1 0)
s>                ( - 2.926e+01 1 0))
s>            ( - 1.786e+02 1 0)))INFO: dtree.c(1315): Comp split 12
INFO: dtree.c(1439): stop. leaf nodes are specific
INFO: dtree.c(1478): Final simple tree
|( QUESTION3 1 1.287e+03 1.563e+02 6.490e+01
|    ( QUESTION0_0_R 1 4.756e+02 8.217e+01 2.691e+01
|        ( QUESTION0 -1 1.638e+02 3.763e+01 1.100e+01
|            ( - 1.054e+02 1 0)
|            ( - 2.080e+01 1 0))
|        ( - 2.296e+02 1 0))
|    ( SILENCE 1 6.555e+02 9.372e+01 3.800e+01
|        ( - 3.908e+02 1 0)
|        ( - 1.710e+02 1 0)))
s>    ( QUESTION3 1 1.287e+03 1.563e+02 6.490e+01
s>        ( QUESTION0_0_R 1 4.756e+02 8.217e+01 2.691e+01
s>            ( QUESTION0 -1 1.638e+02 3.763e+01 1.100e+01
s>                ( - 1.054e+02 1 0)
s>                ( - 2.080e+01 1 0))
s>            ( - 2.296e+02 1 0))
s>        ( SILENCE 1 6.555e+02 9.372e+01 3.800e+01
s>            ( - 3.908e+02 1 0)
s>            ( - 1.710e+02 1 0)))INFO: dtree.c(1439): stop. leaf nodes are specific
INFO: dtree.c(1478): Final simple tree
|( QUESTION0_8_R 1 1.859e+03 1.794e+02 9.435e+01
|    ( QUESTION0 -1 6.002e+02 5.316e+01 3.802e+01
|        ( - 5.138e+02 1 0)
|        ( QUESTION4 -1 3.318e+01 1.350e+01 4.000e+00
|            ( - 2.504e-01 1 0)
|            ( - 1.943e+01 1 0)))
|    ( - 1.080e+03 1 0))
s>    ( QUESTION0_8_R 1 1.859e+03 1.794e+02 9.435e+01
s>        ( QUESTION0 -1 6.002e+02 5.316e+01 3.802e+01
s>            ( - 5.138e+02 1 0)
s>            ( QUESTION4 -1 3.318e+01 1.350e+01 4.000e+00
s>                ( - 2.504e-01 1 0)
s>                ( - 1.943e+01 1 0)))
s>        ( - 1.080e+03 1 0))INFO: dtree.c(1315): Comp split 13
INFO: dtree.c(1439): stop. leaf nodes are specific
INFO: dtree.c(1478): Final simple tree
|( QUESTION3 -1 3.351e+03 1.634e+02 1.739e+02
|    ( QUESTION4 -1 1.590e+03 6.047e+01 8.484e+01
|        ( - 1.482e+03 2 0)
|        ( - 4.781e+01 1 0))
|    ( SILENCE -1 1.597e+03 1.364e+02 8.902e+01
|        ( - 6.326e+02 1 0)
|        ( - 8.281e+02 3 0)))
s>    ( QUESTION3 -1 3.351e+03 1.634e+02 1.739e+02
s>        ( QUESTION4 -1 1.590e+03 6.047e+01 8.484e+01
s>            ( - 1.482e+03 2 0)
s>            ( - 4.781e+01 1 0))
s>        ( SILENCE -1 1.597e+03 1.364e+02 8.902e+01
s>            ( - 6.326e+02 1 0)
s>            ( - 8.281e+02 3 0)))INFO: dtree.c(1439): stop. leaf nodes are specific
INFO: dtree.c(1478): Final simple tree
|( QUESTION0 -1 5.731e+03 1.601e+02 2.960e+02
|    ( - 4.462e+03 2 0)
|    ( QUESTION2_5_L -1 1.109e+03 9.263e+01 6.396e+01
|        ( QUESTION4 -1 4.758e+02 3.840e+01 2.998e+01
|            ( - 4.095e+02 1 0)
|            ( - 2.791e+01 1 0))
|        ( QUESTION6 -1 5.407e+02 5.305e+01 3.398e+01
|            ( - 7.760e+01 1 0)
|            ( QUESTION2_9_L -1 4.100e+02 3.176e+01 2.698e+01
|                ( - 2.028e+01 1 0)
|                ( - 3.580e+02 1 0)))))
s>    ( QUESTION0 -1 5.731e+03 1.601e+02 2.960e+02
s>        ( - 4.462e+03 2 0)
s>        ( QUESTION2_5_L -1 1.109e+03 9.263e+01 6.396e+01
s>            ( QUESTION4 -1 4.758e+02 3.840e+01 2.998e+01
s>                ( - 4.095e+02 1 0)
s>                ( - 2.791e+01 1 0))
s>            ( QUESTION6 -1 5.407e+02 5.305e+01 3.398e+01
s>                ( - 7.760e+01 1 0)
s>                ( QUESTION2_9_L -1 4.100e+02 3.176e+01 2.698e+01
s>                    ( - 2.028e+01 1 0)
s>                    ( - 3.580e+02 1 0)))))INFO: dtree.c(1315): Comp split 14
INFO: dtree.c(1439): stop. leaf nodes are specific
INFO: dtree.c(1478): Final simple tree
|( QUESTION16 -1 4.848e+03 1.524e+02 2.659e+02
|    ( - 3.499e+03 1 0)
|    ( SILENCE -1 1.197e+03 3.482e+01 7.270e+01
|        ( - 1.137e+03 1 0)
|        ( - 2.563e+01 1 0)))
s>    ( QUESTION16 -1 4.848e+03 1.524e+02 2.659e+02
s>        ( - 3.499e+03 1 0)
s>        ( SILENCE -1 1.197e+03 3.482e+01 7.270e+01
s>            ( - 1.137e+03 1 0)
s>            ( - 2.563e+01 1 0)))INFO: dtree.c(1439): stop. leaf nodes are specific
INFO: dtree.c(1478): Final simple tree
|( QUESTION0 -1 3.738e+03 1.491e+02 1.932e+02
|    ( - 2.869e+03 2 0)
|    ( QUESTION0_0_R 1 7.201e+02 1.204e+02 4.113e+01
|        ( - 3.185e+02 1 0)
|        ( SILENCE -1 2.812e+02 5.554e+01 2.000e+01
|            ( - 1.510e+02 1 0)
|            ( - 7.470e+01 1 0))))
s>    ( QUESTION0 -1 3.738e+03 1.491e+02 1.932e+02
s>        ( - 2.869e+03 2 0)
s>        ( QUESTION0_0_R 1 7.201e+02 1.204e+02 4.113e+01
s>            ( - 3.185e+02 1 0)
s>            ( SILENCE -1 2.812e+02 5.554e+01 2.000e+01
s>                ( - 1.510e+02 1 0)
s>                ( - 7.470e+01 1 0))))INFO: dtree.c(1315): Comp split 15
INFO: dtree.c(1315): Comp split 16
INFO: dtree.c(1439): stop. leaf nodes are specific
INFO: dtree.c(1478): Final simple tree
|( QUESTION0_19_R 1 1.094e+03 1.302e+02 5.743e+01
|    ( - 3.951e+02 1 0)
|    ( QUESTION0_10_R 1 5.684e+02 6.698e+01 3.398e+01
|        ( - 4.097e+02 1 0)
|        ( - 9.180e+01 1 0)))
s>    ( QUESTION0_19_R 1 1.094e+03 1.302e+02 5.743e+01
s>        ( - 3.951e+02 1 0)
s>        ( QUESTION0_10_R 1 5.684e+02 6.698e+01 3.398e+01
s>            ( - 4.097e+02 1 0)
s>            ( - 9.180e+01 1 0)))INFO: dtree.c(1315): Comp split 17
INFO: dtree.c(1439): stop. leaf nodes are specific
INFO: dtree.c(1478): Final simple tree
|( QUESTION0 -1 3.632e+02 7.319e+01 2.200e+01
|    ( - 1.087e+02 1 0)
|    ( QUESTION0_0_R 1 1.813e+02 3.296e+01 1.300e+01
|        ( - 1.842e+01 1 0)
|        ( - 1.299e+02 2 0)))
s>    ( QUESTION0 -1 3.632e+02 7.319e+01 2.200e+01
s>        ( - 1.087e+02 1 0)
s>        ( QUESTION0_0_R 1 1.813e+02 3.296e+01 1.300e+01
s>            ( - 1.842e+01 1 0)
s>            ( - 1.299e+02 2 0)))INFO: dtree.c(1315): Comp split 18
INFO: dtree.c(1439): stop. leaf nodes are specific
INFO: dtree.c(1478): Final simple tree
|( QUESTION0 1 6.395e+02 8.805e+01 3.789e+01
|    ( QUESTION0_0_R 1 1.979e+02 5.004e+01 1.400e+01
|        ( - 8.650e+01 2 0)
|        ( - 6.138e+01 3 0))
|    ( QUESTION0_0_R 1 3.535e+02 3.835e+01 2.389e+01
|        ( - 2.686e+01 1 0)
|        ( - 2.883e+02 1 0)))
s>    ( QUESTION0 1 6.395e+02 8.805e+01 3.789e+01
s>        ( QUESTION0_0_R 1 1.979e+02 5.004e+01 1.400e+01
s>            ( - 8.650e+01 2 0)
s>            ( - 6.138e+01 3 0))
s>        ( QUESTION0_0_R 1 3.535e+02 3.835e+01 2.389e+01
s>            ( - 2.686e+01 1 0)
s>            ( - 2.883e+02 1 0)))INFO: dtree.c(1439): stop. leaf nodes are specific
INFO: dtree.c(1478): Final simple tree
|( QUESTION8 1 5.801e+02 9.310e+01 3.400e+01
|    ( QUESTION0_10_R 1 1.681e+02 3.211e+01 1.300e+01
|        ( - 3.060e+01 1 0)
|        ( - 1.054e+02 1 0))
|    ( QUESTION7 1 3.189e+02 6.123e+01 2.100e+01
|        ( QUESTION4 -1 9.785e+01 3.128e+01 9.000e+00
|            ( - 1.796e+01 1 0)
|            ( - 4.861e+01 1 0))
|        ( QUESTION0_10_R 1 1.599e+02 3.676e+01 1.200e+01
|            ( - 7.570e+01 1 0)
|            ( QUESTION0_14_R 1 4.739e+01 1.792e+01 5.000e+00
|                ( - 8.137e+00 1 0)
|                ( - 2.134e+01 1 0)))))
s>    ( QUESTION8 1 5.801e+02 9.310e+01 3.400e+01
s>        ( QUESTION0_10_R 1 1.681e+02 3.211e+01 1.300e+01
s>            ( - 3.060e+01 1 0)
s>            ( - 1.054e+02 1 0))
s>        ( QUESTION7 1 3.189e+02 6.123e+01 2.100e+01
s>            ( QUESTION4 -1 9.785e+01 3.128e+01 9.000e+00
s>                ( - 1.796e+01 1 0)
s>                ( - 4.861e+01 1 0))
s>            ( QUESTION0_10_R 1 1.599e+02 3.676e+01 1.200e+01
s>                ( - 7.570e+01 1 0)
s>                ( QUESTION0_14_R 1 4.739e+01 1.792e+01 5.000e+00
s>                    ( - 8.137e+00 1 0)
s>                    ( - 2.134e+01 1 0)))))INFO: dtree.c(1315): Comp split 19
INFO: dtree.c(1439): stop. leaf nodes are specific
INFO: dtree.c(1478): Final simple tree
|( SILENCE -1 8.373e+02 8.946e+01 5.340e+01
|    ( - 1.681e+02 1 0)
|    ( QUESTION8 -1 5.797e+02 6.453e+01 3.840e+01
|        ( WDBNDRY_B 0 8.957e+01 2.642e+01 8.000e+00
|            ( - 2.823e+01 1 0)
|            ( - 3.493e+01 1 0))
|        ( QUESTION6 -1 4.256e+02 5.399e+01 3.040e+01
|            ( QUESTION7 -1 2.116e+02 3.788e+01 1.640e+01
|                ( - 1.416e+02 1 0)
|                ( - 3.213e+01 1 0))
|            ( QUESTION2_5_L -1 1.600e+02 3.248e+01 1.400e+01
|                ( - 7.818e+01 1 0)
|                ( - 4.935e+01 1 0)))))
s>    ( SILENCE -1 8.373e+02 8.946e+01 5.340e+01
s>        ( - 1.681e+02 1 0)
s>        ( QUESTION8 -1 5.797e+02 6.453e+01 3.840e+01
s>            ( WDBNDRY_B 0 8.957e+01 2.642e+01 8.000e+00
s>                ( - 2.823e+01 1 0)
s>                ( - 3.493e+01 1 0))
s>            ( QUESTION6 -1 4.256e+02 5.399e+01 3.040e+01
s>                ( QUESTION7 -1 2.116e+02 3.788e+01 1.640e+01
s>                    ( - 1.416e+02 1 0)
s>                    ( - 3.213e+01 1 0))
s>                ( QUESTION2_5_L -1 1.600e+02 3.248e+01 1.400e+01
s>                    ( - 7.818e+01 1 0)
s>                    ( - 4.935e+01 1 0)))))INFO: dtree.c(1478): Final simple tree
|( QUESTION4 -1 1.601e+03 1.316e+02 9.393e+01
|    ( QUESTION2_1_L -1 5.441e+02 6.718e+01 3.800e+01
|        ( - 1.171e+02 3 0 WDBNDRY_B 0 1.827e+01 9.000e+00)
|        ( - 3.598e+02 1 0))
|    ( WDBNDRY_B 0 9.249e+02 9.829e+01 5.593e+01
|        ( QUESTION2 -1 6.106e+02 5.841e+01 4.093e+01
|            ( QUESTION2_0_L -1 1.674e+02 2.890e+01 1.500e+01
|                ( - 1.040e+02 1 0)
|                ( - 3.451e+01 1 0))
|            ( QUESTION0 -1 3.848e+02 4.149e+01 2.593e+01
|                ( - 2.668e+02 2 0)
|                ( - 7.650e+01 1 0)))
|        ( QUESTION0_14_R 1 2.160e+02 2.206e+01 1.500e+01
|            ( - 1.938e+02 1 0)
|            ( - 1.252e-01 1 0))))
s>    ( QUESTION4 -1 1.601e+03 1.316e+02 9.393e+01
s>        ( QUESTION2_1_L -1 5.441e+02 6.718e+01 3.800e+01
s>            ( - 1.171e+02 3 0 WDBNDRY_B 0 1.827e+01 9.000e+00)
s>            ( - 3.598e+02 1 0))
s>        ( WDBNDRY_B 0 9.249e+02 9.829e+01 5.593e+01
s>            ( QUESTION2 -1 6.106e+02 5.841e+01 4.093e+01
s>                ( QUESTION2_0_L -1 1.674e+02 2.890e+01 1.500e+01
s>                    ( - 1.040e+02 1 0)
s>                    ( - 3.451e+01 1 0))
s>                ( QUESTION0 -1 3.848e+02 4.149e+01 2.593e+01
s>                    ( - 2.668e+02 2 0)
s>                    ( - 7.650e+01 1 0)))
s>            ( QUESTION0_14_R 1 2.160e+02 2.206e+01 1.500e+01
s>                ( - 1.938e+02 1 0)
s>                ( - 1.252e-01 1 0))))INFO: dtree.c(1315): Comp split 20
INFO: dtree.c(1439): stop. leaf nodes are specific
INFO: dtree.c(1478): Final simple tree
|( QUESTION0 -1 6.002e+02 5.316e+01 3.802e+01
|    ( - 5.138e+02 1 0)
|    ( QUESTION4 -1 3.318e+01 1.350e+01 4.000e+00
|        ( - 2.504e-01 1 0)
|        ( - 1.943e+01 1 0)))
s>    ( QUESTION0 -1 6.002e+02 5.316e+01 3.802e+01
s>        ( - 5.138e+02 1 0)
s>        ( QUESTION4 -1 3.318e+01 1.350e+01 4.000e+00
s>            ( - 2.504e-01 1 0)
s>            ( - 1.943e+01 1 0)))INFO: dtree.c(1315): Comp split 21
INFO: dtree.c(1439): stop. leaf nodes are specific
INFO: dtree.c(1478): Final simple tree
|( QUESTION4 -1 1.521e+03 1.136e+02 8.785e+01
|    ( - 5.617e+02 2 0)
|    ( QUESTION2_9_L -1 8.453e+02 3.388e+01 5.485e+01
|        ( - 1.312e+01 1 0)
|        ( - 7.983e+02 1 0)))
s>    ( QUESTION4 -1 1.521e+03 1.136e+02 8.785e+01
s>        ( - 5.617e+02 2 0)
s>        ( QUESTION2_9_L -1 8.453e+02 3.388e+01 5.485e+01
s>            ( - 1.312e+01 1 0)
s>            ( - 7.983e+02 1 0)))INFO: dtree.c(1439): stop. leaf nodes are specific
INFO: dtree.c(1478): Final simple tree
|( QUESTION2_0_L -1 3.009e+03 1.172e+02 1.669e+02
|    ( - 2.521e+03 3 0)
|    ( QUESTION0 -1 3.701e+02 3.863e+01 2.300e+01
|        ( - 4.059e+01 1 0)
|        ( - 2.909e+02 1 0)))
s>    ( QUESTION2_0_L -1 3.009e+03 1.172e+02 1.669e+02
s>        ( - 2.521e+03 3 0)
s>        ( QUESTION0 -1 3.701e+02 3.863e+01 2.300e+01
s>            ( - 4.059e+01 1 0)
s>            ( - 2.909e+02 1 0)))INFO: dtree.c(1315): Comp split 22
INFO: dtree.c(1439): stop. leaf nodes are specific
INFO: dtree.c(1478): Final simple tree
|( SILENCE -1 1.597e+03 1.364e+02 8.902e+01
|    ( - 6.326e+02 1 0)
|    ( - 8.281e+02 3 0))
s>    ( SILENCE -1 1.597e+03 1.364e+02 8.902e+01
s>        ( - 6.326e+02 1 0)
s>        ( - 8.281e+02 3 0))INFO: dtree.c(1439): stop. leaf nodes are specific
INFO: dtree.c(1478): Final simple tree
|( QUESTION4 -1 1.590e+03 6.047e+01 8.484e+01
|    ( - 1.482e+03 2 0)
|    ( - 4.781e+01 1 0))
s>    ( QUESTION4 -1 1.590e+03 6.047e+01 8.484e+01
s>        ( - 1.482e+03 2 0)
s>        ( - 4.781e+01 1 0))INFO: dtree.c(1315): Comp split 23
INFO: dtree.c(1439): stop. leaf nodes are specific
INFO: dtree.c(1478): Final simple tree
|( QUESTION2_5_L -1 1.109e+03 9.263e+01 6.396e+01
|    ( QUESTION4 -1 4.758e+02 3.840e+01 2.998e+01
|        ( - 4.095e+02 1 0)
|        ( - 2.791e+01 1 0))
|    ( QUESTION6 -1 5.407e+02 5.305e+01 3.398e+01
|        ( - 7.760e+01 1 0)
|        ( QUESTION2_9_L -1 4.100e+02 3.176e+01 2.698e+01
|            ( - 2.028e+01 1 0)
|            ( - 3.580e+02 1 0))))
s>    ( QUESTION2_5_L -1 1.109e+03 9.263e+01 6.396e+01
s>        ( QUESTION4 -1 4.758e+02 3.840e+01 2.998e+01
s>            ( - 4.095e+02 1 0)
s>            ( - 2.791e+01 1 0))
s>        ( QUESTION6 -1 5.407e+02 5.305e+01 3.398e+01
s>            ( - 7.760e+01 1 0)
s>            ( QUESTION2_9_L -1 4.100e+02 3.176e+01 2.698e+01
s>                ( - 2.028e+01 1 0)
s>                ( - 3.580e+02 1 0))))INFO: dtree.c(1315): Comp split 24
INFO: dtree.c(1439): stop. leaf nodes are specific
INFO: dtree.c(1478): Final simple tree
|( SILENCE 1 5.795e+02 8.329e+01 3.500e+01
|    ( - 3.908e+02 1 0)
|    ( - 1.054e+02 1 0))
s>    ( SILENCE 1 5.795e+02 8.329e+01 3.500e+01
s>        ( - 3.908e+02 1 0)
s>        ( - 1.054e+02 1 0))INFO: dtree.c(1439): stop. leaf nodes are specific
INFO: dtree.c(1478): Final simple tree
|( QUESTION0_0_R 1 5.493e+02 8.692e+01 2.991e+01
|    ( QUESTION0_1_R 1 2.328e+02 4.100e+01 1.400e+01
|        ( - 2.080e+01 1 0)
|        ( - 1.710e+02 1 0))
|    ( - 2.296e+02 1 0))
s>    ( QUESTION0_0_R 1 5.493e+02 8.692e+01 2.991e+01
s>        ( QUESTION0_1_R 1 2.328e+02 4.100e+01 1.400e+01
s>            ( - 2.080e+01 1 0)
s>            ( - 1.710e+02 1 0))
s>        ( - 2.296e+02 1 0))INFO: dtree.c(1315): Comp split 25
INFO: dtree.c(1439): stop. leaf nodes are specific
INFO: dtree.c(1478): Final simple tree
|( SILENCE -1 1.197e+03 3.482e+01 7.270e+01
|    ( - 1.137e+03 1 0)
|    ( - 2.563e+01 1 0))
s>    ( SILENCE -1 1.197e+03 3.482e+01 7.270e+01
s>        ( - 1.137e+03 1 0)
s>        ( - 2.563e+01 1 0))INFO: dtree.c(1315): Comp split 26
INFO: dtree.c(1439): stop. leaf nodes are specific
INFO: dtree.c(1478): Final simple tree
|( QUESTION0_0_R 1 7.201e+02 1.204e+02 4.113e+01
|    ( - 3.185e+02 1 0)
|    ( SILENCE -1 2.812e+02 5.554e+01 2.000e+01
|        ( - 1.510e+02 1 0)
|        ( - 7.470e+01 1 0)))
s>    ( QUESTION0_0_R 1 7.201e+02 1.204e+02 4.113e+01
s>        ( - 3.185e+02 1 0)
s>        ( SILENCE -1 2.812e+02 5.554e+01 2.000e+01
s>            ( - 1.510e+02 1 0)
s>            ( - 7.470e+01 1 0)))INFO: dtree.c(1315): Comp split 27
INFO: dtree.c(1315): Comp split 28
INFO: dtree.c(1439): stop. leaf nodes are specific
INFO: dtree.c(1478): Final simple tree
|( QUESTION2 -1 6.394e+02 6.095e+01 4.193e+01
|    ( QUESTION2_0_L -1 1.674e+02 2.890e+01 1.500e+01
|        ( - 1.040e+02 1 0)
|        ( - 3.451e+01 1 0))
|    ( QUESTION0 -1 4.110e+02 4.314e+01 2.693e+01
|        ( WDBNDRY_B 0 2.914e+02 2.445e+01 1.993e+01
|            ( - 2.668e+02 2 0)
|            ( - 1.252e-01 1 0))
|        ( - 7.650e+01 1 0)))
s>    ( QUESTION2 -1 6.394e+02 6.095e+01 4.193e+01
s>        ( QUESTION2_0_L -1 1.674e+02 2.890e+01 1.500e+01
s>            ( - 1.040e+02 1 0)
s>            ( - 3.451e+01 1 0))
s>        ( QUESTION0 -1 4.110e+02 4.314e+01 2.693e+01
s>            ( WDBNDRY_B 0 2.914e+02 2.445e+01 1.993e+01
s>                ( - 2.668e+02 2 0)
s>                ( - 1.252e-01 1 0))
s>            ( - 7.650e+01 1 0)))INFO: dtree.c(1439): stop. leaf nodes are specific
INFO: dtree.c(1478): Final simple tree
|( WDBNDRY_B 0 8.275e+02 9.673e+01 5.200e+01
|    ( QUESTION2_1_L -1 5.177e+02 5.907e+01 3.700e+01
|        ( - 9.885e+01 2 0)
|        ( - 3.598e+02 1 0))
|    ( QUESTION0_0_R 1 2.130e+02 1.917e+01 1.500e+01
|        ( - 0.000e+00 1 0)
|        ( - 1.938e+02 1 0)))
s>    ( WDBNDRY_B 0 8.275e+02 9.673e+01 5.200e+01
s>        ( QUESTION2_1_L -1 5.177e+02 5.907e+01 3.700e+01
s>            ( - 9.885e+01 2 0)
s>            ( - 3.598e+02 1 0))
s>        ( QUESTION0_0_R 1 2.130e+02 1.917e+01 1.500e+01
s>            ( - 0.000e+00 1 0)
s>            ( - 1.938e+02 1 0)))INFO: dtree.c(1315): Comp split 29
INFO: dtree.c(1439): stop. leaf nodes are specific
INFO: dtree.c(1478): Final simple tree
|( QUESTION0_10_R 1 5.684e+02 6.698e+01 3.398e+01
|    ( - 4.097e+02 1 0)
|    ( - 9.180e+01 1 0))
s>    ( QUESTION0_10_R 1 5.684e+02 6.698e+01 3.398e+01
s>        ( - 4.097e+02 1 0)
s>        ( - 9.180e+01 1 0))INFO: dtree.c(1315): Comp split 30
INFO: dtree.c(1315): Comp split 31
INFO: dtree.c(1439): stop. leaf nodes are specific
INFO: dtree.c(1478): Final simple tree
|( SILENCE -1 2.812e+02 5.554e+01 2.000e+01
|    ( - 1.510e+02 1 0)
|    ( - 7.470e+01 1 0))
s>    ( SILENCE -1 2.812e+02 5.554e+01 2.000e+01
s>        ( - 1.510e+02 1 0)
s>        ( - 7.470e+01 1 0))INFO: dtree.c(1315): Comp split 32
INFO: dtree.c(1439): stop. leaf nodes are specific
INFO: dtree.c(1478): Final simple tree
|( QUESTION0 -1 3.701e+02 3.863e+01 2.300e+01
|    ( - 4.059e+01 1 0)
|    ( - 2.909e+02 1 0))
s>    ( QUESTION0 -1 3.701e+02 3.863e+01 2.300e+01
s>        ( - 4.059e+01 1 0)
s>        ( - 2.909e+02 1 0))INFO: dtree.c(1315): Comp split 33
INFO: dtree.c(1439): stop. leaf nodes are specific
INFO: dtree.c(1478): Final simple tree
|( QUESTION4 -1 6.062e+02 3.141e+01 3.600e+01
|    ( - 5.617e+02 2 0)
|    ( - 1.312e+01 1 0))
s>    ( QUESTION4 -1 6.062e+02 3.141e+01 3.600e+01
s>        ( - 5.617e+02 2 0)
s>        ( - 1.312e+01 1 0))INFO: dtree.c(1315): Comp split 34
INFO: dtree.c(1439): stop. leaf nodes are specific
INFO: dtree.c(1478): Final simple tree
|( QUESTION0 -1 2.757e+02 4.378e+01 1.900e+01
|    ( QUESTION2_0_L -1 5.331e+01 1.581e+01 4.000e+00
|        ( - 8.243e+00 1 0)
|        ( - 2.926e+01 1 0))
|    ( - 1.786e+02 1 0))
s>    ( QUESTION0 -1 2.757e+02 4.378e+01 1.900e+01
s>        ( QUESTION2_0_L -1 5.331e+01 1.581e+01 4.000e+00
s>            ( - 8.243e+00 1 0)
s>            ( - 2.926e+01 1 0))
s>        ( - 1.786e+02 1 0))INFO: dtree.c(1315): Comp split 35
INFO: dtree.c(1439): stop. leaf nodes are specific
INFO: dtree.c(1478): Final simple tree
|( QUESTION0_10_R 1 2.148e+02 4.551e+01 1.500e+01
|    ( QUESTION0_11_R 1 1.219e+02 2.824e+01 1.000e+01
|        ( - 7.570e+01 1 0)
|        ( - 1.796e+01 1 0))
|    ( QUESTION0_14_R 1 4.739e+01 1.792e+01 5.000e+00
|        ( - 8.137e+00 1 0)
|        ( - 2.134e+01 1 0)))
s>    ( QUESTION0_10_R 1 2.148e+02 4.551e+01 1.500e+01
s>        ( QUESTION0_11_R 1 1.219e+02 2.824e+01 1.000e+01
s>            ( - 7.570e+01 1 0)
s>            ( - 1.796e+01 1 0))
s>        ( QUESTION0_14_R 1 4.739e+01 1.792e+01 5.000e+00
s>            ( - 8.137e+00 1 0)
s>            ( - 2.134e+01 1 0)))INFO: dtree.c(1439): stop. leaf nodes are specific
INFO: dtree.c(1478): Final simple tree
|( QUESTION0_10_R 1 2.645e+02 5.116e+01 1.900e+01
|    ( QUESTION0_11_R 1 1.080e+02 2.877e+01 1.000e+01
|        ( - 3.060e+01 1 0)
|        ( - 4.861e+01 1 0))
|    ( - 1.054e+02 1 0))
s>    ( QUESTION0_10_R 1 2.645e+02 5.116e+01 1.900e+01
s>        ( QUESTION0_11_R 1 1.080e+02 2.877e+01 1.000e+01
s>            ( - 3.060e+01 1 0)
s>            ( - 4.861e+01 1 0))
s>        ( - 1.054e+02 1 0))INFO: dtree.c(1315): Comp split 36
INFO: dtree.c(1439): stop. leaf nodes are specific
INFO: dtree.c(1478): Final simple tree
|( QUESTION4 -1 5.229e+02 4.579e+01 3.298e+01
|    ( - 4.095e+02 1 0)
|    ( QUESTION2_5_L -1 6.763e+01 1.944e+01 7.000e+00
|        ( - 2.791e+01 1 0)
|        ( - 2.028e+01 1 0)))
s>    ( QUESTION4 -1 5.229e+02 4.579e+01 3.298e+01
s>        ( - 4.095e+02 1 0)
s>        ( QUESTION2_5_L -1 6.763e+01 1.944e+01 7.000e+00
s>            ( - 2.791e+01 1 0)
s>            ( - 2.028e+01 1 0)))INFO: dtree.c(1439): stop. leaf nodes are specific
INFO: dtree.c(1478): Final simple tree
|( QUESTION6 -1 4.870e+02 5.147e+01 3.098e+01
|    ( - 7.760e+01 1 0)
|    ( - 3.580e+02 1 0))
s>    ( QUESTION6 -1 4.870e+02 5.147e+01 3.098e+01
s>        ( - 7.760e+01 1 0)
s>        ( - 3.580e+02 1 0))INFO: dtree.c(1315): Comp split 37
INFO: dtree.c(1439): stop. leaf nodes are specific
INFO: dtree.c(1478): Final simple tree
|( SILENCE -1 3.663e+02 5.657e+01 2.740e+01
|    ( - 1.681e+02 1 0)
|    ( - 1.416e+02 1 0))
s>    ( SILENCE -1 3.663e+02 5.657e+01 2.740e+01
s>        ( - 1.681e+02 1 0)
s>        ( - 1.416e+02 1 0))INFO: dtree.c(1439): stop. leaf nodes are specific
INFO: dtree.c(1478): Final simple tree
|( QUESTION6 -1 3.734e+02 5.750e+01 2.600e+01
|    ( WDBNDRY_B 0 1.559e+02 3.670e+01 1.200e+01
|        ( QUESTION7 -1 8.426e+01 2.390e+01 8.000e+00
|            ( - 2.823e+01 1 0)
|            ( - 3.213e+01 1 0))
|        ( - 3.493e+01 1 0))
|    ( QUESTION2_5_L -1 1.600e+02 3.248e+01 1.400e+01
|        ( - 7.818e+01 1 0)
|        ( - 4.935e+01 1 0)))
s>    ( QUESTION6 -1 3.734e+02 5.750e+01 2.600e+01
s>        ( WDBNDRY_B 0 1.559e+02 3.670e+01 1.200e+01
s>            ( QUESTION7 -1 8.426e+01 2.390e+01 8.000e+00
s>                ( - 2.823e+01 1 0)
s>                ( - 3.213e+01 1 0))
s>            ( - 3.493e+01 1 0))
s>        ( QUESTION2_5_L -1 1.600e+02 3.248e+01 1.400e+01
s>            ( - 7.818e+01 1 0)
s>            ( - 4.935e+01 1 0)))INFO: dtree.c(1315): Comp split 38
INFO: dtree.c(1439): stop. leaf nodes are specific
INFO: dtree.c(1478): Final simple tree
|( QUESTION0_0_R 1 2.130e+02 1.917e+01 1.500e+01
|    ( - 0.000e+00 1 0)
|    ( - 1.938e+02 1 0))
s>    ( QUESTION0_0_R 1 2.130e+02 1.917e+01 1.500e+01
s>        ( - 0.000e+00 1 0)
s>        ( - 1.938e+02 1 0))INFO: dtree.c(1439): stop. leaf nodes are specific
INFO: dtree.c(1478): Final simple tree
|( QUESTION2_1_L -1 5.177e+02 5.907e+01 3.700e+01
|    ( - 9.885e+01 2 0)
|    ( - 3.598e+02 1 0))
s>    ( QUESTION2_1_L -1 5.177e+02 5.907e+01 3.700e+01
s>        ( - 9.885e+01 2 0)
s>        ( - 3.598e+02 1 0))INFO: dtree.c(1315): Comp split 39
INFO: dtree.c(1439): stop. leaf nodes are specific
INFO: dtree.c(1478): Final simple tree
|( QUESTION0_0_R 1 3.535e+02 3.835e+01 2.389e+01
|    ( - 2.686e+01 1 0)
|    ( - 2.883e+02 1 0))
s>    ( QUESTION0_0_R 1 3.535e+02 3.835e+01 2.389e+01
s>        ( - 2.686e+01 1 0)
s>        ( - 2.883e+02 1 0))INFO: dtree.c(1439): stop. leaf nodes are specific
INFO: dtree.c(1478): Final simple tree
|( QUESTION0_0_R 1 1.979e+02 5.004e+01 1.400e+01
|    ( - 8.650e+01 2 0)
|    ( - 6.138e+01 3 0))
s>    ( QUESTION0_0_R 1 1.979e+02 5.004e+01 1.400e+01
s>        ( - 8.650e+01 2 0)
s>        ( - 6.138e+01 3 0))INFO: dtree.c(1315): Comp split 40
INFO: dtree.c(1439): stop. leaf nodes are specific
INFO: dtree.c(1478): Final simple tree
|( QUESTION0_1_R 1 2.328e+02 4.100e+01 1.400e+01
|    ( - 2.080e+01 1 0)
|    ( - 1.710e+02 1 0))
s>    ( QUESTION0_1_R 1 2.328e+02 4.100e+01 1.400e+01
s>        ( - 2.080e+01 1 0)
s>        ( - 1.710e+02 1 0))INFO: dtree.c(1315): Comp split 41
INFO: dtree.c(1315): Comp split 42
INFO: dtree.c(1439): stop. leaf nodes are specific
INFO: dtree.c(1478): Final simple tree
|( QUESTION0_0_R 1 1.564e+02 2.921e+01 1.100e+01
|    ( - 1.842e+01 1 0)
|    ( - 1.087e+02 1 0))
s>    ( QUESTION0_0_R 1 1.564e+02 2.921e+01 1.100e+01
s>        ( - 1.842e+01 1 0)
s>        ( - 1.087e+02 1 0))INFO: dtree.c(1315): Comp split 43
INFO: dtree.c(1315): Comp split 44
INFO: dtree.c(1439): stop. leaf nodes are specific
INFO: dtree.c(1478): Final simple tree
|( WDBNDRY_B 0 1.243e+02 2.020e+01 1.100e+01
|    ( - 1.040e+02 1 0)
|    ( - 1.252e-01 1 0))
s>    ( WDBNDRY_B 0 1.243e+02 2.020e+01 1.100e+01
s>        ( - 1.040e+02 1 0)
s>        ( - 1.252e-01 1 0))INFO: dtree.c(1439): stop. leaf nodes are specific
INFO: dtree.c(1478): Final simple tree
|( QUESTION1 -1 4.501e+02 4.464e+01 3.093e+01
|    ( - 2.668e+02 2 0)
|    ( QUESTION0 -1 1.386e+02 2.760e+01 1.200e+01
|        ( - 3.451e+01 1 0)
|        ( - 7.650e+01 1 0)))
s>    ( QUESTION1 -1 4.501e+02 4.464e+01 3.093e+01
s>        ( - 2.668e+02 2 0)
s>        ( QUESTION0 -1 1.386e+02 2.760e+01 1.200e+01
s>            ( - 3.451e+01 1 0)
s>            ( - 7.650e+01 1 0)))INFO: dtree.c(1315): Comp split 45
INFO: dtree.c(1315): Comp split 46
INFO: dtree.c(1439): stop. leaf nodes are specific
INFO: dtree.c(1478): Final simple tree
|( QUESTION10 -1 1.665e+02 3.453e+01 1.400e+01
|    ( - 3.213e+01 1 0)
|    ( QUESTION6 -1 9.983e+01 2.225e+01 1.000e+01
|        ( - 2.823e+01 1 0)
|        ( - 4.935e+01 1 0)))
s>    ( QUESTION10 -1 1.665e+02 3.453e+01 1.400e+01
s>        ( - 3.213e+01 1 0)
s>        ( QUESTION6 -1 9.983e+01 2.225e+01 1.000e+01
s>            ( - 2.823e+01 1 0)
s>            ( - 4.935e+01 1 0)))INFO: dtree.c(1439): stop. leaf nodes are specific
INFO: dtree.c(1478): Final simple tree
|( WDBNDRY_B 0 1.477e+02 3.464e+01 1.200e+01
|    ( - 7.818e+01 1 0)
|    ( - 3.493e+01 1 0))
s>    ( WDBNDRY_B 0 1.477e+02 3.464e+01 1.200e+01
s>        ( - 7.818e+01 1 0)
s>        ( - 3.493e+01 1 0))INFO: dtree.c(1315): Comp split 47
INFO: dtree.c(1315): Comp split 48
INFO: dtree.c(1315): Comp split 49
INFO: dtree.c(1315): Comp split 50
INFO: dtree.c(1439): stop. leaf nodes are specific
INFO: dtree.c(1478): Final simple tree
|( QUESTION4 -1 3.318e+01 1.350e+01 4.000e+00
|    ( - 2.504e-01 1 0)
|    ( - 1.943e+01 1 0))
s>    ( QUESTION4 -1 3.318e+01 1.350e+01 4.000e+00
s>        ( - 2.504e-01 1 0)
s>        ( - 1.943e+01 1 0))INFO: dtree.c(1315): Comp split 51
INFO: dtree.c(1315): Comp split 52
INFO: dtree.c(1439): stop. leaf nodes are specific
INFO: dtree.c(1478): Final simple tree
|( QUESTION0_11_R 1 1.080e+02 2.877e+01 1.000e+01
|    ( - 3.060e+01 1 0)
|    ( - 4.861e+01 1 0))
s>    ( QUESTION0_11_R 1 1.080e+02 2.877e+01 1.000e+01
s>        ( - 3.060e+01 1 0)
s>        ( - 4.861e+01 1 0))INFO: dtree.c(1315): Comp split 53
INFO: dtree.c(1315): Comp split 54
INFO: dtree.c(1439): stop. leaf nodes are specific
INFO: dtree.c(1478): Final simple tree
|( QUESTION2_5_L -1 6.763e+01 1.944e+01 7.000e+00
|    ( - 2.791e+01 1 0)
|    ( - 2.028e+01 1 0))
s>    ( QUESTION2_5_L -1 6.763e+01 1.944e+01 7.000e+00
s>        ( - 2.791e+01 1 0)
s>        ( - 2.028e+01 1 0))INFO: dtree.c(1315): Comp split 55
INFO: dtree.c(1439): stop. leaf nodes are specific
INFO: dtree.c(1478): Final simple tree
|( QUESTION0_14_R 1 4.739e+01 1.792e+01 5.000e+00
|    ( - 8.137e+00 1 0)
|    ( - 2.134e+01 1 0))
s>    ( QUESTION0_14_R 1 4.739e+01 1.792e+01 5.000e+00
s>        ( - 8.137e+00 1 0)
s>        ( - 2.134e+01 1 0))INFO: dtree.c(1439): stop. leaf nodes are specific
INFO: dtree.c(1478): Final simple tree
|( QUESTION0_11_R 1 1.219e+02 2.824e+01 1.000e+01
|    ( - 7.570e+01 1 0)
|    ( - 1.796e+01 1 0))
s>    ( QUESTION0_11_R 1 1.219e+02 2.824e+01 1.000e+01
s>        ( - 7.570e+01 1 0)
s>        ( - 1.796e+01 1 0))INFO: dtree.c(1315): Comp split 56
INFO: dtree.c(1439): stop. leaf nodes are specific
INFO: dtree.c(1478): Final simple tree
|( QUESTION0 -1 1.386e+02 2.760e+01 1.200e+01
|    ( - 3.451e+01 1 0)
|    ( - 7.650e+01 1 0))
s>    ( QUESTION0 -1 1.386e+02 2.760e+01 1.200e+01
s>        ( - 3.451e+01 1 0)
s>        ( - 7.650e+01 1 0))INFO: dtree.c(1315): Comp split 57
INFO: dtree.c(1439): stop. leaf nodes are specific
INFO: dtree.c(1478): Final simple tree
|( QUESTION2_0_L -1 5.331e+01 1.581e+01 4.000e+00
|    ( - 8.243e+00 1 0)
|    ( - 2.926e+01 1 0))
s>    ( QUESTION2_0_L -1 5.331e+01 1.581e+01 4.000e+00
s>        ( - 8.243e+00 1 0)
s>        ( - 2.926e+01 1 0))INFO: dtree.c(1315): Comp split 58
INFO: dtree.c(1315): Comp split 59
INFO: dtree.c(1315): Comp split 60
INFO: dtree.c(1315): Comp split 61
INFO: dtree.c(1315): Comp split 62
INFO: dtree.c(1315): Comp split 63
INFO: dtree.c(1315): Comp split 64
INFO: dtree.c(1439): stop. leaf nodes are specific
INFO: dtree.c(1478): Final simple tree
|( QUESTION6 -1 9.983e+01 2.225e+01 1.000e+01
|    ( - 2.823e+01 1 0)
|    ( - 4.935e+01 1 0))
s>    ( QUESTION6 -1 9.983e+01 2.225e+01 1.000e+01
s>        ( - 2.823e+01 1 0)
s>        ( - 4.935e+01 1 0))INFO: dtree.c(1315): Comp split 65
INFO: dtree.c(1315): Comp split 66
INFO: dtree.c(1315): Comp split 67
INFO: dtree.c(1315): Comp split 68
INFO: dtree.c(1315): Comp split 69
INFO: dtree.c(1315): Comp split 70
INFO: dtree.c(1315): Comp split 71
INFO: dtree.c(1315): Comp split 72
INFO: dtree.c(1315): Comp split 73
INFO: dtree.c(1315): Comp split 74
INFO: dtree.c(1315): Comp split 75
INFO: dtree.c(1315): Comp split 76
INFO: dtree.c(1315): Comp split 77
INFO: dtree.c(1318): stop. leaf nodes are specific
Mon May 23 22:39:55 2022
