Current configuration:
[NAME]		[DEFLT]	[VALUE]
-allphones	no	no
-cntthresh	0.00001	1.000000e-05
-csplitmax	100	2000
-csplitmin	1	1
-csplitthr	8e-4	0.000000e+00
-example	no	no
-fullvar	no	no
-help		no	no
-meanfn			
-mixwfn			/home/rakha/Kuliah/Semester8/nlp/speech-sphinx/train-new-model/an4-master/model_parameters/an4.cd_ptm_untied/mixture_weights
-moddeffn		/home/rakha/Kuliah/Semester8/nlp/speech-sphinx/train-new-model/an4-master/model_architecture/an4.untied.mdef
-mwfloor	1e-4	1.000000e-08
-phone			T
-psetfn			/home/rakha/Kuliah/Semester8/nlp/speech-sphinx/train-new-model/an4-master/model_architecture/an4.tree_questions
-ssplitmax	5	7
-ssplitmin	1	1
-ssplitthr	8e-4	0.000000e+00
-state			2
-stwt			1.0,0.05,0.0,
-treefn			/home/rakha/Kuliah/Semester8/nlp/speech-sphinx/train-new-model/an4-master/trees/an4.unpruned/T-2.dtree
-ts2cbfn	.semi.	.semi.
-varfloor	0.00001	1.000000e-05
-varfn			

INFO: main.c(223): Reading: /home/rakha/Kuliah/Semester8/nlp/speech-sphinx/train-new-model/an4-master/model_architecture/an4.untied.mdef
INFO: model_def_io.c(573): Model definition info:
INFO: model_def_io.c(574): 1618 total models defined (34 base, 1584 tri)
INFO: model_def_io.c(575): 6472 total states
INFO: model_def_io.c(576): 4854 total tied states
INFO: model_def_io.c(577): 102 total tied CI states
INFO: model_def_io.c(578): 34 total tied transition matrices
INFO: model_def_io.c(579): 4 max state/model
INFO: model_def_io.c(580): 4 min state/model
INFO: main.c(242): Building trees for [T AH IY b] through [T V W b]
INFO: main.c(269): Covering states |[4080 4361]| == 282
INFO: main.c(275): Reading: /home/rakha/Kuliah/Semester8/nlp/speech-sphinx/train-new-model/an4-master/model_parameters/an4.cd_ptm_untied/mixture_weights
INFO: s3mixw_io.c(173): Read /home/rakha/Kuliah/Semester8/nlp/speech-sphinx/train-new-model/an4-master/model_parameters/an4.cd_ptm_untied/mixture_weights [282x4x64 array]
INFO: main.c(311): 94 of 94 models have observation count greater than 0.000010
INFO: main.c(95): nrm stwt: 0.000 0.048 0.952 
INFO: main.c(411): 94-class entropy: 5.955149e+04
INFO: main.c(549): Reading: /home/rakha/Kuliah/Semester8/nlp/speech-sphinx/train-new-model/an4-master/model_architecture/an4.tree_questions
INFO: main.c(588): 180 total simple questions (172 phone; 8 word bndry)
INFO: main.c(590): 42 Left Only questions, and 42 Right Only questions
INFO: dtree.c(1478): Final simple tree
|( QUESTION0_1_R 1 7.766e+04 3.267e+03 3.711e+03
|    ( QUESTION2 1 5.442e+04 1.795e+03 2.771e+03
|        ( - 2.084e+04 16 0 SILENCE -1 2.580e+02 1.139e+03)
|        ( WDBNDRY_B 0 3.179e+04 9.960e+02 1.632e+03
|            ( - 2.036e+04 16 0 QUESTION0 -1 2.806e+02 1.097e+03)
|            ( QUESTION2_1_L -1 1.043e+04 4.872e+02 5.348e+02
|                ( - 4.180e+03 3 0 WDBNDRY_E 0 6.844e+01 2.392e+02)
|                ( - 5.760e+03 6 0 QUESTION4 -1 2.925e+02 2.957e+02))))
|    ( WDBNDRY_E 0 1.997e+04 8.815e+02 9.392e+02
|        ( SILENCE 1 1.524e+04 6.563e+02 7.302e+02
|            ( - 6.633e+03 3 0 QUESTION0 -1 2.550e+02 3.621e+02)
|            ( QUESTION0_9_R 1 7.948e+03 3.819e+02 3.681e+02
|                ( - 5.210e+03 13 0 QUESTION4 1 2.739e+02 2.490e+02)
|                ( - 2.356e+03 13 0 QUESTION0 1 2.659e+02 1.191e+02)))
|        ( - 3.857e+03 24 0 WDBNDRY_B 0 3.783e+02 2.090e+02)))
s>    ( QUESTION0_1_R 1 7.766e+04 3.267e+03 3.711e+03
s>        ( QUESTION2 1 5.442e+04 1.795e+03 2.771e+03
s>            ( - 2.084e+04 16 0 SILENCE -1 2.580e+02 1.139e+03)
s>            ( WDBNDRY_B 0 3.179e+04 9.960e+02 1.632e+03
s>                ( - 2.036e+04 16 0 QUESTION0 -1 2.806e+02 1.097e+03)
s>                ( QUESTION2_1_L -1 1.043e+04 4.872e+02 5.348e+02
s>                    ( - 4.180e+03 3 0 WDBNDRY_E 0 6.844e+01 2.392e+02)
s>                    ( - 5.760e+03 6 0 QUESTION4 -1 2.925e+02 2.957e+02))))
s>        ( WDBNDRY_E 0 1.997e+04 8.815e+02 9.392e+02
s>            ( SILENCE 1 1.524e+04 6.563e+02 7.302e+02
s>                ( - 6.633e+03 3 0 QUESTION0 -1 2.550e+02 3.621e+02)
s>                ( QUESTION0_9_R 1 7.948e+03 3.819e+02 3.681e+02
s>                    ( - 5.210e+03 13 0 QUESTION4 1 2.739e+02 2.490e+02)
s>                    ( - 2.356e+03 13 0 QUESTION0 1 2.659e+02 1.191e+02)))
s>            ( - 3.857e+03 24 0 WDBNDRY_B 0 3.783e+02 2.090e+02)))INFO: dtree.c(1315): Comp split 0
INFO: dtree.c(1478): Final simple tree
|( WDBNDRY_E 0 1.997e+04 8.815e+02 9.392e+02
|    ( SILENCE 1 1.524e+04 6.563e+02 7.302e+02
|        ( - 6.633e+03 3 0 QUESTION0 -1 2.550e+02 3.621e+02)
|        ( QUESTION0_9_R 1 7.948e+03 3.819e+02 3.681e+02
|            ( QUESTION4 1 5.210e+03 2.739e+02 2.490e+02
|                ( - 1.829e+03 1 0)
|                ( - 3.107e+03 12 0 QUESTION0 -1 2.348e+02 1.526e+02))
|            ( QUESTION0 1 2.356e+03 2.659e+02 1.191e+02
|                ( - 1.286e+03 9 0 QUESTION0_0_R 1 1.654e+02 6.800e+01)
|                ( - 8.042e+02 4 0 QUESTION0 -1 1.172e+02 5.106e+01))))
|    ( WDBNDRY_B 0 3.857e+03 3.783e+02 2.090e+02
|        ( QUESTION0_8_R 1 2.136e+03 2.822e+02 1.276e+02
|            ( - 1.253e+03 14 0 QUESTION5 -1 1.097e+02 8.856e+01)
|            ( - 6.006e+02 5 0 QUESTION3 -1 8.233e+01 3.900e+01))
|        ( - 1.343e+03 5 0 QUESTION0_8_R 1 1.463e+02 8.147e+01)))
s>    ( WDBNDRY_E 0 1.997e+04 8.815e+02 9.392e+02
s>        ( SILENCE 1 1.524e+04 6.563e+02 7.302e+02
s>            ( - 6.633e+03 3 0 QUESTION0 -1 2.550e+02 3.621e+02)
s>            ( QUESTION0_9_R 1 7.948e+03 3.819e+02 3.681e+02
s>                ( QUESTION4 1 5.210e+03 2.739e+02 2.490e+02
s>                    ( - 1.829e+03 1 0)
s>                    ( - 3.107e+03 12 0 QUESTION0 -1 2.348e+02 1.526e+02))
s>                ( QUESTION0 1 2.356e+03 2.659e+02 1.191e+02
s>                    ( - 1.286e+03 9 0 QUESTION0_0_R 1 1.654e+02 6.800e+01)
s>                    ( - 8.042e+02 4 0 QUESTION0 -1 1.172e+02 5.106e+01))))
s>        ( WDBNDRY_B 0 3.857e+03 3.783e+02 2.090e+02
s>            ( QUESTION0_8_R 1 2.136e+03 2.822e+02 1.276e+02
s>                ( - 1.253e+03 14 0 QUESTION5 -1 1.097e+02 8.856e+01)
s>                ( - 6.006e+02 5 0 QUESTION3 -1 8.233e+01 3.900e+01))
s>            ( - 1.343e+03 5 0 QUESTION0_8_R 1 1.463e+02 8.147e+01)))INFO: dtree.c(1478): Final simple tree
|( QUESTION2 1 5.442e+04 1.795e+03 2.771e+03
|    ( SILENCE -1 2.084e+04 2.580e+02 1.139e+03
|        ( - 1.706e+03 1 0)
|        ( - 1.887e+04 15 0 QUESTION2 -1 2.340e+02 1.035e+03))
|    ( WDBNDRY_B 0 3.179e+04 9.960e+02 1.632e+03
|        ( QUESTION0 -1 2.036e+04 2.806e+02 1.097e+03
|            ( - 1.476e+04 7 0 QUESTION1 -1 2.168e+02 8.089e+02)
|            ( - 5.327e+03 9 0 QUESTION2_1_L -1 1.915e+02 2.886e+02))
|        ( QUESTION2_1_L -1 1.043e+04 4.872e+02 5.348e+02
|            ( - 4.180e+03 3 0 WDBNDRY_E 0 6.844e+01 2.392e+02)
|            ( QUESTION4 -1 5.760e+03 2.925e+02 2.957e+02
|                ( - 2.719e+03 1 0)
|                ( QUESTION16 -1 2.748e+03 2.375e+02 1.425e+02
|                    ( - 1.673e+03 2 0 QUESTION17 -1 5.722e+01 9.395e+01)
|                    ( - 8.377e+02 3 0 WDBNDRY_E 0 1.214e+02 4.852e+01))))))
s>    ( QUESTION2 1 5.442e+04 1.795e+03 2.771e+03
s>        ( SILENCE -1 2.084e+04 2.580e+02 1.139e+03
s>            ( - 1.706e+03 1 0)
s>            ( - 1.887e+04 15 0 QUESTION2 -1 2.340e+02 1.035e+03))
s>        ( WDBNDRY_B 0 3.179e+04 9.960e+02 1.632e+03
s>            ( QUESTION0 -1 2.036e+04 2.806e+02 1.097e+03
s>                ( - 1.476e+04 7 0 QUESTION1 -1 2.168e+02 8.089e+02)
s>                ( - 5.327e+03 9 0 QUESTION2_1_L -1 1.915e+02 2.886e+02))
s>            ( QUESTION2_1_L -1 1.043e+04 4.872e+02 5.348e+02
s>                ( - 4.180e+03 3 0 WDBNDRY_E 0 6.844e+01 2.392e+02)
s>                ( QUESTION4 -1 5.760e+03 2.925e+02 2.957e+02
s>                    ( - 2.719e+03 1 0)
s>                    ( QUESTION16 -1 2.748e+03 2.375e+02 1.425e+02
s>                        ( - 1.673e+03 2 0 QUESTION17 -1 5.722e+01 9.395e+01)
s>                        ( - 8.377e+02 3 0 WDBNDRY_E 0 1.214e+02 4.852e+01))))))INFO: dtree.c(1315): Comp split 1
INFO: dtree.c(1478): Final simple tree
|( WDBNDRY_B 0 3.179e+04 9.960e+02 1.632e+03
|    ( QUESTION0 -1 2.036e+04 2.806e+02 1.097e+03
|        ( QUESTION1 -1 1.476e+04 2.168e+02 8.089e+02
|            ( - 7.360e+03 2 0)
|            ( QUESTION2_0_L -1 7.180e+03 2.162e+02 4.030e+02
|                ( - 1.383e+03 3 0)
|                ( - 5.581e+03 2 0 QUESTION2_12_L -1 1.487e+02 3.190e+02)))
|        ( - 5.327e+03 9 0 QUESTION2_1_L -1 1.915e+02 2.886e+02))
|    ( QUESTION2_1_L -1 1.043e+04 4.872e+02 5.348e+02
|        ( - 4.180e+03 3 0 WDBNDRY_E 0 6.844e+01 2.392e+02)
|        ( QUESTION4 -1 5.760e+03 2.925e+02 2.957e+02
|            ( - 2.719e+03 1 0)
|            ( QUESTION16 -1 2.748e+03 2.375e+02 1.425e+02
|                ( - 1.673e+03 2 0 QUESTION17 -1 5.722e+01 9.395e+01)
|                ( - 8.377e+02 3 0 WDBNDRY_E 0 1.214e+02 4.852e+01)))))
s>    ( WDBNDRY_B 0 3.179e+04 9.960e+02 1.632e+03
s>        ( QUESTION0 -1 2.036e+04 2.806e+02 1.097e+03
s>            ( QUESTION1 -1 1.476e+04 2.168e+02 8.089e+02
s>                ( - 7.360e+03 2 0)
s>                ( QUESTION2_0_L -1 7.180e+03 2.162e+02 4.030e+02
s>                    ( - 1.383e+03 3 0)
s>                    ( - 5.581e+03 2 0 QUESTION2_12_L -1 1.487e+02 3.190e+02)))
s>            ( - 5.327e+03 9 0 QUESTION2_1_L -1 1.915e+02 2.886e+02))
s>        ( QUESTION2_1_L -1 1.043e+04 4.872e+02 5.348e+02
s>            ( - 4.180e+03 3 0 WDBNDRY_E 0 6.844e+01 2.392e+02)
s>            ( QUESTION4 -1 5.760e+03 2.925e+02 2.957e+02
s>                ( - 2.719e+03 1 0)
s>                ( QUESTION16 -1 2.748e+03 2.375e+02 1.425e+02
s>                    ( - 1.673e+03 2 0 QUESTION17 -1 5.722e+01 9.395e+01)
s>                    ( - 8.377e+02 3 0 WDBNDRY_E 0 1.214e+02 4.852e+01)))))INFO: dtree.c(1478): Final simple tree
|( SILENCE -1 2.084e+04 2.580e+02 1.139e+03
|    ( - 1.706e+03 1 0)
|    ( QUESTION2 -1 1.887e+04 2.340e+02 1.035e+03
|        ( - 3.295e+03 4 0 QUESTION2_0_L -1 3.669e+01 1.966e+02)
|        ( QUESTION2_5_L -1 1.534e+04 2.321e+02 8.381e+02
|            ( QUESTION4 -1 8.218e+03 2.238e+02 4.648e+02
|                ( - 3.014e+03 1 0)
|                ( - 4.981e+03 1 0))
|            ( QUESTION0 -1 6.894e+03 2.027e+02 3.733e+02
|                ( - 3.710e+03 2 0)
|                ( QUESTION16 -1 2.981e+03 1.601e+02 1.689e+02
|                    ( - 1.553e+03 3 0 QUESTION17 -1 1.014e+02 9.308e+01)
|                    ( QUESTION4 -1 1.269e+03 1.109e+02 7.584e+01
|                        ( - 6.194e+02 2 0)
|                        ( - 5.386e+02 2 0 QUESTION7 -1 2.759e+01 3.685e+01)))))))
s>    ( SILENCE -1 2.084e+04 2.580e+02 1.139e+03
s>        ( - 1.706e+03 1 0)
s>        ( QUESTION2 -1 1.887e+04 2.340e+02 1.035e+03
s>            ( - 3.295e+03 4 0 QUESTION2_0_L -1 3.669e+01 1.966e+02)
s>            ( QUESTION2_5_L -1 1.534e+04 2.321e+02 8.381e+02
s>                ( QUESTION4 -1 8.218e+03 2.238e+02 4.648e+02
s>                    ( - 3.014e+03 1 0)
s>                    ( - 4.981e+03 1 0))
s>                ( QUESTION0 -1 6.894e+03 2.027e+02 3.733e+02
s>                    ( - 3.710e+03 2 0)
s>                    ( QUESTION16 -1 2.981e+03 1.601e+02 1.689e+02
s>                        ( - 1.553e+03 3 0 QUESTION17 -1 1.014e+02 9.308e+01)
s>                        ( QUESTION4 -1 1.269e+03 1.109e+02 7.584e+01
s>                            ( - 6.194e+02 2 0)
s>                            ( - 5.386e+02 2 0 QUESTION7 -1 2.759e+01 3.685e+01)))))))INFO: dtree.c(1315): Comp split 2
INFO: dtree.c(1478): Final simple tree
|( QUESTION0 -1 2.341e+04 3.323e+02 1.251e+03
|    ( QUESTION1 -1 1.476e+04 2.168e+02 8.089e+02
|        ( - 7.360e+03 2 0)
|        ( QUESTION2_0_L -1 7.180e+03 2.162e+02 4.030e+02
|            ( - 1.383e+03 3 0)
|            ( QUESTION2_12_L -1 5.581e+03 1.487e+02 3.190e+02
|                ( - 4.594e+03 1 0)
|                ( - 8.383e+02 1 0))))
|    ( WDBNDRY_B 0 8.321e+03 2.745e+02 4.418e+02
|        ( QUESTION2_1_L -1 5.327e+03 1.915e+02 2.886e+02
|            ( - 2.005e+03 3 0 QUESTION4 -1 9.424e+01 1.150e+02)
|            ( QUESTION16 -1 3.131e+03 1.792e+02 1.736e+02
|                ( - 7.687e+02 3 0 QUESTION2_5_L -1 5.833e+01 4.892e+01)
|                ( - 2.183e+03 3 0 SILENCE -1 1.272e+02 1.247e+02)))
|        ( - 2.719e+03 1 0)))
s>    ( QUESTION0 -1 2.341e+04 3.323e+02 1.251e+03
s>        ( QUESTION1 -1 1.476e+04 2.168e+02 8.089e+02
s>            ( - 7.360e+03 2 0)
s>            ( QUESTION2_0_L -1 7.180e+03 2.162e+02 4.030e+02
s>                ( - 1.383e+03 3 0)
s>                ( QUESTION2_12_L -1 5.581e+03 1.487e+02 3.190e+02
s>                    ( - 4.594e+03 1 0)
s>                    ( - 8.383e+02 1 0))))
s>        ( WDBNDRY_B 0 8.321e+03 2.745e+02 4.418e+02
s>            ( QUESTION2_1_L -1 5.327e+03 1.915e+02 2.886e+02
s>                ( - 2.005e+03 3 0 QUESTION4 -1 9.424e+01 1.150e+02)
s>                ( QUESTION16 -1 3.131e+03 1.792e+02 1.736e+02
s>                    ( - 7.687e+02 3 0 QUESTION2_5_L -1 5.833e+01 4.892e+01)
s>                    ( - 2.183e+03 3 0 SILENCE -1 1.272e+02 1.247e+02)))
s>            ( - 2.719e+03 1 0)))INFO: dtree.c(1439): stop. leaf nodes are specific
INFO: dtree.c(1478): Final simple tree
|( QUESTION4 -1 7.320e+03 3.914e+02 3.816e+02
|    ( WDBNDRY_E 0 4.180e+03 6.844e+01 2.392e+02
|        ( - 2.757e+01 1 0)
|        ( - 4.084e+03 2 0))
|    ( QUESTION16 -1 2.748e+03 2.375e+02 1.425e+02
|        ( QUESTION17 -1 1.673e+03 5.722e+01 9.395e+01
|            ( - 2.627e+01 1 0)
|            ( - 1.589e+03 1 0))
|        ( WDBNDRY_E 0 8.377e+02 1.214e+02 4.852e+01
|            ( QUESTION0 -1 1.710e+02 3.843e+01 1.400e+01
|                ( - 1.001e+02 1 0)
|                ( - 3.246e+01 1 0))
|            ( - 5.453e+02 1 0))))
s>    ( QUESTION4 -1 7.320e+03 3.914e+02 3.816e+02
s>        ( WDBNDRY_E 0 4.180e+03 6.844e+01 2.392e+02
s>            ( - 2.757e+01 1 0)
s>            ( - 4.084e+03 2 0))
s>        ( QUESTION16 -1 2.748e+03 2.375e+02 1.425e+02
s>            ( QUESTION17 -1 1.673e+03 5.722e+01 9.395e+01
s>                ( - 2.627e+01 1 0)
s>                ( - 1.589e+03 1 0))
s>            ( WDBNDRY_E 0 8.377e+02 1.214e+02 4.852e+01
s>                ( QUESTION0 -1 1.710e+02 3.843e+01 1.400e+01
s>                    ( - 1.001e+02 1 0)
s>                    ( - 3.246e+01 1 0))
s>                ( - 5.453e+02 1 0))))INFO: dtree.c(1315): Comp split 3
INFO: dtree.c(1478): Final simple tree
|( WDBNDRY_B 0 6.725e+03 5.252e+02 3.281e+02
|    ( QUESTION0_8_R 1 2.136e+03 2.822e+02 1.276e+02
|        ( QUESTION5 -1 1.253e+03 1.097e+02 8.856e+01
|            ( - 4.395e+02 6 0 QUESTION6 -1 5.646e+01 3.157e+01)
|            ( - 7.041e+02 8 0 QUESTION1 -1 6.556e+01 5.699e+01))
|        ( - 6.006e+02 5 0 QUESTION3 -1 8.233e+01 3.900e+01))
|    ( QUESTION2 1 4.064e+03 3.841e+02 2.005e+02
|        ( WDBNDRY_E 0 2.015e+03 2.220e+02 1.125e+02
|            ( - 7.127e+02 6 0 QUESTION0 -1 1.011e+02 4.200e+01)
|            ( - 1.080e+03 2 0 QUESTION0_0_R 1 7.759e+01 7.047e+01))
|        ( QUESTION4 1 1.665e+03 2.215e+02 8.806e+01
|            ( - 6.387e+02 3 0 QUESTION0 -1 6.850e+01 4.306e+01)
|            ( QUESTION14 -1 8.052e+02 1.426e+02 4.500e+01
|                ( - 3.177e+02 3 0 QUESTION0_0_R 1 6.983e+01 2.200e+01)
|                ( - 3.450e+02 4 0 QUESTION0 -1 7.288e+01 2.300e+01)))))
s>    ( WDBNDRY_B 0 6.725e+03 5.252e+02 3.281e+02
s>        ( QUESTION0_8_R 1 2.136e+03 2.822e+02 1.276e+02
s>            ( QUESTION5 -1 1.253e+03 1.097e+02 8.856e+01
s>                ( - 4.395e+02 6 0 QUESTION6 -1 5.646e+01 3.157e+01)
s>                ( - 7.041e+02 8 0 QUESTION1 -1 6.556e+01 5.699e+01))
s>            ( - 6.006e+02 5 0 QUESTION3 -1 8.233e+01 3.900e+01))
s>        ( QUESTION2 1 4.064e+03 3.841e+02 2.005e+02
s>            ( WDBNDRY_E 0 2.015e+03 2.220e+02 1.125e+02
s>                ( - 7.127e+02 6 0 QUESTION0 -1 1.011e+02 4.200e+01)
s>                ( - 1.080e+03 2 0 QUESTION0_0_R 1 7.759e+01 7.047e+01))
s>            ( QUESTION4 1 1.665e+03 2.215e+02 8.806e+01
s>                ( - 6.387e+02 3 0 QUESTION0 -1 6.850e+01 4.306e+01)
s>                ( QUESTION14 -1 8.052e+02 1.426e+02 4.500e+01
s>                    ( - 3.177e+02 3 0 QUESTION0_0_R 1 6.983e+01 2.200e+01)
s>                    ( - 3.450e+02 4 0 QUESTION0 -1 7.288e+01 2.300e+01)))))INFO: dtree.c(1478): Final simple tree
|( SILENCE 1 1.231e+04 4.706e+02 6.111e+02
|    ( QUESTION0 -1 6.633e+03 2.550e+02 3.621e+02
|        ( - 5.649e+03 2 0)
|        ( - 7.282e+02 1 0))
|    ( QUESTION4 1 5.210e+03 2.739e+02 2.490e+02
|        ( - 1.829e+03 1 0)
|        ( QUESTION0 -1 3.107e+03 2.348e+02 1.526e+02
|            ( QUESTION0_19_R 1 1.558e+03 1.738e+02 8.258e+01
|                ( - 7.768e+02 2 0 QUESTION0_20_R 1 1.136e+02 4.484e+01)
|                ( - 6.078e+02 2 0 QUESTION0_10_R 1 5.698e+01 3.774e+01))
|            ( QUESTION0_15_R 1 1.314e+03 1.658e+02 7.000e+01
|                ( - 4.475e+02 2 0 QUESTION7 1 5.756e+01 3.100e+01)
|                ( QUESTION0_10_R 1 7.005e+02 1.153e+02 3.900e+01
|                    ( - 2.829e+02 4 0 QUESTION0_11_R 1 6.073e+01 1.900e+01)
|                    ( - 3.023e+02 2 0 QUESTION6 1 3.178e+01 2.000e+01))))))
s>    ( SILENCE 1 1.231e+04 4.706e+02 6.111e+02
s>        ( QUESTION0 -1 6.633e+03 2.550e+02 3.621e+02
s>            ( - 5.649e+03 2 0)
s>            ( - 7.282e+02 1 0))
s>        ( QUESTION4 1 5.210e+03 2.739e+02 2.490e+02
s>            ( - 1.829e+03 1 0)
s>            ( QUESTION0 -1 3.107e+03 2.348e+02 1.526e+02
s>                ( QUESTION0_19_R 1 1.558e+03 1.738e+02 8.258e+01
s>                    ( - 7.768e+02 2 0 QUESTION0_20_R 1 1.136e+02 4.484e+01)
s>                    ( - 6.078e+02 2 0 QUESTION0_10_R 1 5.698e+01 3.774e+01))
s>                ( QUESTION0_15_R 1 1.314e+03 1.658e+02 7.000e+01
s>                    ( - 4.475e+02 2 0 QUESTION7 1 5.756e+01 3.100e+01)
s>                    ( QUESTION0_10_R 1 7.005e+02 1.153e+02 3.900e+01
s>                        ( - 2.829e+02 4 0 QUESTION0_11_R 1 6.073e+01 1.900e+01)
s>                        ( - 3.023e+02 2 0 QUESTION6 1 3.178e+01 2.000e+01))))))INFO: dtree.c(1315): Comp split 4
INFO: dtree.c(1478): Final simple tree
|( QUESTION5 -1 1.253e+03 1.097e+02 8.856e+01
|    ( QUESTION6 -1 4.395e+02 5.646e+01 3.157e+01
|        ( QUESTION8 -1 2.117e+02 3.833e+01 1.659e+01
|            ( - 1.573e+01 1 0)
|            ( QUESTION7 -1 1.577e+02 3.671e+01 1.359e+01
|                ( - 9.348e+01 1 0)
|                ( - 2.747e+01 1 0)))
|        ( QUESTION17 -1 1.713e+02 3.772e+01 1.498e+01
|            ( - 5.737e+01 1 0)
|            ( - 7.623e+01 2 0 QUESTION2_5_L -1 1.990e+01 8.007e+00)))
|    ( QUESTION1 -1 7.041e+02 6.556e+01 5.699e+01
|        ( - 1.804e+02 2 0)
|        ( QUESTION2_2_L -1 4.580e+02 5.136e+01 3.900e+01
|            ( - 2.153e+02 2 0 QUESTION0 -1 2.211e+01 2.100e+01)
|            ( - 1.914e+02 4 0 SILENCE -1 2.888e+01 1.800e+01))))
s>    ( QUESTION5 -1 1.253e+03 1.097e+02 8.856e+01
s>        ( QUESTION6 -1 4.395e+02 5.646e+01 3.157e+01
s>            ( QUESTION8 -1 2.117e+02 3.833e+01 1.659e+01
s>                ( - 1.573e+01 1 0)
s>                ( QUESTION7 -1 1.577e+02 3.671e+01 1.359e+01
s>                    ( - 9.348e+01 1 0)
s>                    ( - 2.747e+01 1 0)))
s>            ( QUESTION17 -1 1.713e+02 3.772e+01 1.498e+01
s>                ( - 5.737e+01 1 0)
s>                ( - 7.623e+01 2 0 QUESTION2_5_L -1 1.990e+01 8.007e+00)))
s>        ( QUESTION1 -1 7.041e+02 6.556e+01 5.699e+01
s>            ( - 1.804e+02 2 0)
s>            ( QUESTION2_2_L -1 4.580e+02 5.136e+01 3.900e+01
s>                ( - 2.153e+02 2 0 QUESTION0 -1 2.211e+01 2.100e+01)
s>                ( - 1.914e+02 4 0 SILENCE -1 2.888e+01 1.800e+01))))INFO: dtree.c(1478): Final simple tree
|( WDBNDRY_E 0 4.924e+03 4.073e+02 2.395e+02
|    ( QUESTION0 1 2.356e+03 2.659e+02 1.191e+02
|        ( QUESTION0_0_R 1 1.286e+03 1.654e+02 6.800e+01
|            ( - 5.603e+02 3 0 QUESTION0 -1 6.899e+01 3.500e+01)
|            ( QUESTION0 -1 5.604e+02 1.025e+02 3.300e+01
|                ( - 1.401e+02 1 0)
|                ( - 3.178e+02 5 0 QUESTION1 1 5.918e+01 2.100e+01)))
|        ( QUESTION0 -1 8.042e+02 1.172e+02 5.106e+01
|            ( - 5.136e+02 1 0)
|            ( - 1.734e+02 3 0 QUESTION0_0_R 1 5.376e+01 1.500e+01)))
|    ( QUESTION0 1 2.160e+03 2.745e+02 1.205e+02
|        ( - 1.080e+03 2 0 QUESTION0_0_R 1 7.759e+01 7.047e+01)
|        ( QUESTION2_4_L -1 8.059e+02 1.003e+02 5.000e+01
|            ( - 3.550e+02 2 0 QUESTION4 -1 6.174e+01 2.500e+01)
|            ( - 3.506e+02 6 0 QUESTION2_10_L -1 5.917e+01 2.500e+01))))
s>    ( WDBNDRY_E 0 4.924e+03 4.073e+02 2.395e+02
s>        ( QUESTION0 1 2.356e+03 2.659e+02 1.191e+02
s>            ( QUESTION0_0_R 1 1.286e+03 1.654e+02 6.800e+01
s>                ( - 5.603e+02 3 0 QUESTION0 -1 6.899e+01 3.500e+01)
s>                ( QUESTION0 -1 5.604e+02 1.025e+02 3.300e+01
s>                    ( - 1.401e+02 1 0)
s>                    ( - 3.178e+02 5 0 QUESTION1 1 5.918e+01 2.100e+01)))
s>            ( QUESTION0 -1 8.042e+02 1.172e+02 5.106e+01
s>                ( - 5.136e+02 1 0)
s>                ( - 1.734e+02 3 0 QUESTION0_0_R 1 5.376e+01 1.500e+01)))
s>        ( QUESTION0 1 2.160e+03 2.745e+02 1.205e+02
s>            ( - 1.080e+03 2 0 QUESTION0_0_R 1 7.759e+01 7.047e+01)
s>            ( QUESTION2_4_L -1 8.059e+02 1.003e+02 5.000e+01
s>                ( - 3.550e+02 2 0 QUESTION4 -1 6.174e+01 2.500e+01)
s>                ( - 3.506e+02 6 0 QUESTION2_10_L -1 5.917e+01 2.500e+01))))INFO: dtree.c(1315): Comp split 5
INFO: dtree.c(1478): Final simple tree
|( QUESTION4 1 5.210e+03 2.739e+02 2.490e+02
|    ( - 1.829e+03 1 0)
|    ( QUESTION0 -1 3.107e+03 2.348e+02 1.526e+02
|        ( QUESTION0_19_R 1 1.558e+03 1.738e+02 8.258e+01
|            ( QUESTION0_20_R 1 7.768e+02 1.136e+02 4.484e+01
|                ( - 3.235e+02 1 0)
|                ( - 3.397e+02 1 0))
|            ( - 6.078e+02 2 0 QUESTION0_10_R 1 5.698e+01 3.774e+01))
|        ( QUESTION0_15_R 1 1.314e+03 1.658e+02 7.000e+01
|            ( - 4.475e+02 2 0 QUESTION7 1 5.756e+01 3.100e+01)
|            ( QUESTION0_10_R 1 7.005e+02 1.153e+02 3.900e+01
|                ( QUESTION0_11_R 1 2.829e+02 6.073e+01 1.900e+01
|                    ( - 1.280e+02 2 0 QUESTION0_12_R 1 3.078e+01 1.100e+01)
|                    ( - 9.416e+01 2 0 QUESTION4 -1 3.057e+01 8.000e+00))
|                ( - 3.023e+02 2 0 QUESTION6 1 3.178e+01 2.000e+01)))))
s>    ( QUESTION4 1 5.210e+03 2.739e+02 2.490e+02
s>        ( - 1.829e+03 1 0)
s>        ( QUESTION0 -1 3.107e+03 2.348e+02 1.526e+02
s>            ( QUESTION0_19_R 1 1.558e+03 1.738e+02 8.258e+01
s>                ( QUESTION0_20_R 1 7.768e+02 1.136e+02 4.484e+01
s>                    ( - 3.235e+02 1 0)
s>                    ( - 3.397e+02 1 0))
s>                ( - 6.078e+02 2 0 QUESTION0_10_R 1 5.698e+01 3.774e+01))
s>            ( QUESTION0_15_R 1 1.314e+03 1.658e+02 7.000e+01
s>                ( - 4.475e+02 2 0 QUESTION7 1 5.756e+01 3.100e+01)
s>                ( QUESTION0_10_R 1 7.005e+02 1.153e+02 3.900e+01
s>                    ( QUESTION0_11_R 1 2.829e+02 6.073e+01 1.900e+01
s>                        ( - 1.280e+02 2 0 QUESTION0_12_R 1 3.078e+01 1.100e+01)
s>                        ( - 9.416e+01 2 0 QUESTION4 -1 3.057e+01 8.000e+00))
s>                    ( - 3.023e+02 2 0 QUESTION6 1 3.178e+01 2.000e+01)))))INFO: dtree.c(1439): stop. leaf nodes are specific
INFO: dtree.c(1478): Final simple tree
|( QUESTION0 -1 6.633e+03 2.550e+02 3.621e+02
|    ( - 5.649e+03 2 0)
|    ( - 7.282e+02 1 0))
s>    ( QUESTION0 -1 6.633e+03 2.550e+02 3.621e+02
s>        ( - 5.649e+03 2 0)
s>        ( - 7.282e+02 1 0))INFO: dtree.c(1315): Comp split 6
INFO: dtree.c(1439): stop. leaf nodes are specific
INFO: dtree.c(1478): Final simple tree
|( QUESTION4 1 1.303e+03 2.017e+02 7.206e+01
|    ( QUESTION0 -1 6.387e+02 6.850e+01 4.306e+01
|        ( - 5.136e+02 1 0)
|        ( QUESTION4 -1 5.662e+01 2.380e+01 7.000e+00
|            ( - 5.247e+00 1 0)
|            ( - 2.757e+01 1 0)))
|    ( QUESTION1 1 4.623e+02 8.975e+01 2.900e+01
|        ( - 1.849e+02 2 0)
|        ( QUESTION0_0_R 1 1.877e+02 5.090e+01 1.500e+01
|            ( - 6.303e+01 1 0)
|            ( - 7.372e+01 3 0))))
s>    ( QUESTION4 1 1.303e+03 2.017e+02 7.206e+01
s>        ( QUESTION0 -1 6.387e+02 6.850e+01 4.306e+01
s>            ( - 5.136e+02 1 0)
s>            ( QUESTION4 -1 5.662e+01 2.380e+01 7.000e+00
s>                ( - 5.247e+00 1 0)
s>                ( - 2.757e+01 1 0)))
s>        ( QUESTION1 1 4.623e+02 8.975e+01 2.900e+01
s>            ( - 1.849e+02 2 0)
s>            ( QUESTION0_0_R 1 1.877e+02 5.090e+01 1.500e+01
s>                ( - 6.303e+01 1 0)
s>                ( - 7.372e+01 3 0))))INFO: dtree.c(1478): Final simple tree
|( QUESTION2 1 3.201e+03 3.039e+02 1.675e+02
|    ( WDBNDRY_E 0 1.838e+03 1.980e+02 1.055e+02
|        ( QUESTION0 -1 5.603e+02 6.899e+01 3.500e+01
|            ( - 4.218e+02 1 0)
|            ( - 6.953e+01 2 0))
|        ( QUESTION0_0_R 1 1.080e+03 7.759e+01 7.047e+01
|            ( - 7.047e+01 1 0)
|            ( - 9.317e+02 1 0)))
|    ( QUESTION2_3_L -1 1.060e+03 1.379e+02 6.200e+01
|        ( - 1.996e+02 3 0 WDBNDRY_E 0 3.196e+01 1.600e+01)
|        ( QUESTION2_2_L -1 7.221e+02 9.206e+01 4.600e+01
|            ( QUESTION4 -1 3.550e+02 6.174e+01 2.500e+01
|                ( - 2.106e+02 1 0)
|                ( - 8.264e+01 1 0))
|            ( - 2.751e+02 4 0 QUESTION2_10_L -1 5.104e+01 2.100e+01))))
s>    ( QUESTION2 1 3.201e+03 3.039e+02 1.675e+02
s>        ( WDBNDRY_E 0 1.838e+03 1.980e+02 1.055e+02
s>            ( QUESTION0 -1 5.603e+02 6.899e+01 3.500e+01
s>                ( - 4.218e+02 1 0)
s>                ( - 6.953e+01 2 0))
s>            ( QUESTION0_0_R 1 1.080e+03 7.759e+01 7.047e+01
s>                ( - 7.047e+01 1 0)
s>                ( - 9.317e+02 1 0)))
s>        ( QUESTION2_3_L -1 1.060e+03 1.379e+02 6.200e+01
s>            ( - 1.996e+02 3 0 WDBNDRY_E 0 3.196e+01 1.600e+01)
s>            ( QUESTION2_2_L -1 7.221e+02 9.206e+01 4.600e+01
s>                ( QUESTION4 -1 3.550e+02 6.174e+01 2.500e+01
s>                    ( - 2.106e+02 1 0)
s>                    ( - 8.264e+01 1 0))
s>                ( - 2.751e+02 4 0 QUESTION2_10_L -1 5.104e+01 2.100e+01))))INFO: dtree.c(1315): Comp split 7
INFO: dtree.c(1439): stop. leaf nodes are specific
INFO: dtree.c(1478): Final simple tree
|( WDBNDRY_E 0 4.194e+03 7.756e+01 2.402e+02
|    ( - 3.246e+01 1 0)
|    ( - 4.084e+03 2 0))
s>    ( WDBNDRY_E 0 4.194e+03 7.756e+01 2.402e+02
s>        ( - 3.246e+01 1 0)
s>        ( - 4.084e+03 2 0))INFO: dtree.c(1439): stop. leaf nodes are specific
INFO: dtree.c(1478): Final simple tree
|( QUESTION5 -1 2.722e+03 2.220e+02 1.415e+02
|    ( QUESTION17 -1 1.673e+03 5.722e+01 9.395e+01
|        ( - 2.627e+01 1 0)
|        ( - 1.589e+03 1 0))
|    ( WDBNDRY_E 0 8.267e+02 1.125e+02 4.752e+01
|        ( QUESTION0 -1 1.689e+02 4.125e+01 1.300e+01
|            ( - 1.001e+02 1 0)
|            ( - 2.757e+01 1 0))
|        ( - 5.453e+02 1 0)))
s>    ( QUESTION5 -1 2.722e+03 2.220e+02 1.415e+02
s>        ( QUESTION17 -1 1.673e+03 5.722e+01 9.395e+01
s>            ( - 2.627e+01 1 0)
s>            ( - 1.589e+03 1 0))
s>        ( WDBNDRY_E 0 8.267e+02 1.125e+02 4.752e+01
s>            ( QUESTION0 -1 1.689e+02 4.125e+01 1.300e+01
s>                ( - 1.001e+02 1 0)
s>                ( - 2.757e+01 1 0))
s>            ( - 5.453e+02 1 0)))INFO: dtree.c(1315): Comp split 8
INFO: dtree.c(1478): Final simple tree
|( WDBNDRY_B 0 9.905e+03 2.916e+02 5.258e+02
|    ( QUESTION2_1_L -1 6.894e+03 1.932e+02 3.726e+02
|        ( QUESTION4 -1 2.005e+03 9.424e+01 1.150e+02
|            ( - 1.762e+03 2 0)
|            ( - 1.489e+02 1 0))
|        ( QUESTION0 -1 4.696e+03 1.825e+02 2.576e+02
|            ( - 1.383e+03 3 0)
|            ( QUESTION16 -1 3.131e+03 1.792e+02 1.736e+02
|                ( - 7.687e+02 3 0 QUESTION2_5_L -1 5.833e+01 4.892e+01)
|                ( SILENCE -1 2.183e+03 1.272e+02 1.247e+02
|                    ( - 1.055e+03 1 0)
|                    ( QUESTION4 -1 1.000e+03 7.853e+01 6.002e+01
|                        ( - 7.962e+02 1 0)
|                        ( - 1.254e+02 1 0))))))
|    ( - 2.719e+03 1 0))
s>    ( WDBNDRY_B 0 9.905e+03 2.916e+02 5.258e+02
s>        ( QUESTION2_1_L -1 6.894e+03 1.932e+02 3.726e+02
s>            ( QUESTION4 -1 2.005e+03 9.424e+01 1.150e+02
s>                ( - 1.762e+03 2 0)
s>                ( - 1.489e+02 1 0))
s>            ( QUESTION0 -1 4.696e+03 1.825e+02 2.576e+02
s>                ( - 1.383e+03 3 0)
s>                ( QUESTION16 -1 3.131e+03 1.792e+02 1.736e+02
s>                    ( - 7.687e+02 3 0 QUESTION2_5_L -1 5.833e+01 4.892e+01)
s>                    ( SILENCE -1 2.183e+03 1.272e+02 1.247e+02
s>                        ( - 1.055e+03 1 0)
s>                        ( QUESTION4 -1 1.000e+03 7.853e+01 6.002e+01
s>                            ( - 7.962e+02 1 0)
s>                            ( - 1.254e+02 1 0))))))
s>        ( - 2.719e+03 1 0))INFO: dtree.c(1439): stop. leaf nodes are specific
INFO: dtree.c(1478): Final simple tree
|( QUESTION1 -1 1.315e+04 2.062e+02 7.249e+02
|    ( - 7.360e+03 2 0)
|    ( QUESTION2_12_L -1 5.581e+03 1.487e+02 3.190e+02
|        ( - 4.594e+03 1 0)
|        ( - 8.383e+02 1 0)))
s>    ( QUESTION1 -1 1.315e+04 2.062e+02 7.249e+02
s>        ( - 7.360e+03 2 0)
s>        ( QUESTION2_12_L -1 5.581e+03 1.487e+02 3.190e+02
s>            ( - 4.594e+03 1 0)
s>            ( - 8.383e+02 1 0)))INFO: dtree.c(1315): Comp split 9
INFO: dtree.c(1439): stop. leaf nodes are specific
INFO: dtree.c(1478): Final simple tree
|( WDBNDRY_B 0 3.174e+03 1.247e+02 1.772e+02
|    ( QUESTION7 -1 3.299e+02 5.558e+01 2.400e+01
|        ( - 1.489e+02 1 0)
|        ( - 1.254e+02 1 0))
|    ( - 2.719e+03 1 0))
s>    ( WDBNDRY_B 0 3.174e+03 1.247e+02 1.772e+02
s>        ( QUESTION7 -1 3.299e+02 5.558e+01 2.400e+01
s>            ( - 1.489e+02 1 0)
s>            ( - 1.254e+02 1 0))
s>        ( - 2.719e+03 1 0))INFO: dtree.c(1439): stop. leaf nodes are specific
INFO: dtree.c(1478): Final simple tree
|( QUESTION2_1_L -1 6.424e+03 1.872e+02 3.486e+02
|    ( - 1.762e+03 2 0)
|    ( SILENCE -1 4.475e+03 1.834e+02 2.466e+02
|        ( - 1.055e+03 1 0)
|        ( QUESTION0 -1 3.236e+03 1.741e+02 1.820e+02
|            ( - 1.383e+03 3 0)
|            ( QUESTION4 -1 1.679e+03 1.142e+02 9.795e+01
|                ( - 7.962e+02 1 0)
|                ( QUESTION2_5_L -1 7.687e+02 5.833e+01 4.892e+01
|                    ( - 4.899e+01 1 0)
|                    ( QUESTION2_9_L -1 6.614e+02 5.022e+01 4.292e+01
|                        ( - 2.764e+01 1 0)
|                        ( - 5.835e+02 1 0)))))))
s>    ( QUESTION2_1_L -1 6.424e+03 1.872e+02 3.486e+02
s>        ( - 1.762e+03 2 0)
s>        ( SILENCE -1 4.475e+03 1.834e+02 2.466e+02
s>            ( - 1.055e+03 1 0)
s>            ( QUESTION0 -1 3.236e+03 1.741e+02 1.820e+02
s>                ( - 1.383e+03 3 0)
s>                ( QUESTION4 -1 1.679e+03 1.142e+02 9.795e+01
s>                    ( - 7.962e+02 1 0)
s>                    ( QUESTION2_5_L -1 7.687e+02 5.833e+01 4.892e+01
s>                        ( - 4.899e+01 1 0)
s>                        ( QUESTION2_9_L -1 6.614e+02 5.022e+01 4.292e+01
s>                            ( - 2.764e+01 1 0)
s>                            ( - 5.835e+02 1 0)))))))INFO: dtree.c(1315): Comp split 10
INFO: dtree.c(1478): Final simple tree
|( QUESTION2_3_L -1 1.664e+03 2.017e+02 9.000e+01
|    ( QUESTION0_0_R 1 7.402e+02 1.189e+02 4.400e+01
|        ( - 4.218e+02 1 0)
|        ( WDBNDRY_E 0 1.996e+02 3.196e+01 1.600e+01
|            ( - 1.401e+02 1 0)
|            ( - 2.748e+01 2 0 WDBNDRY_B 0 1.289e+01 4.000e+00)))
|    ( QUESTION2_2_L -1 7.221e+02 9.206e+01 4.600e+01
|        ( QUESTION4 -1 3.550e+02 6.174e+01 2.500e+01
|            ( - 2.106e+02 1 0)
|            ( - 8.264e+01 1 0))
|        ( QUESTION2_10_L -1 2.751e+02 5.104e+01 2.100e+01
|            ( WDBNDRY_B 0 1.260e+02 1.685e+01 1.100e+01
|                ( - 7.905e+00 1 0)
|                ( - 1.012e+02 1 0))
|            ( - 9.806e+01 2 0 WDBNDRY_B 0 1.542e+01 1.000e+01))))
s>    ( QUESTION2_3_L -1 1.664e+03 2.017e+02 9.000e+01
s>        ( QUESTION0_0_R 1 7.402e+02 1.189e+02 4.400e+01
s>            ( - 4.218e+02 1 0)
s>            ( WDBNDRY_E 0 1.996e+02 3.196e+01 1.600e+01
s>                ( - 1.401e+02 1 0)
s>                ( - 2.748e+01 2 0 WDBNDRY_B 0 1.289e+01 4.000e+00)))
s>        ( QUESTION2_2_L -1 7.221e+02 9.206e+01 4.600e+01
s>            ( QUESTION4 -1 3.550e+02 6.174e+01 2.500e+01
s>                ( - 2.106e+02 1 0)
s>                ( - 8.264e+01 1 0))
s>            ( QUESTION2_10_L -1 2.751e+02 5.104e+01 2.100e+01
s>                ( WDBNDRY_B 0 1.260e+02 1.685e+01 1.100e+01
s>                    ( - 7.905e+00 1 0)
s>                    ( - 1.012e+02 1 0))
s>                ( - 9.806e+01 2 0 WDBNDRY_B 0 1.542e+01 1.000e+01))))INFO: dtree.c(1439): stop. leaf nodes are specific
INFO: dtree.c(1478): Final simple tree
|( QUESTION0_0_R 1 1.233e+03 1.149e+02 7.747e+01
|    ( WDBNDRY_E 0 1.867e+02 4.668e+01 1.500e+01
|        ( - 6.953e+01 2 0)
|        ( - 7.047e+01 1 0))
|    ( - 9.317e+02 1 0))
s>    ( QUESTION0_0_R 1 1.233e+03 1.149e+02 7.747e+01
s>        ( WDBNDRY_E 0 1.867e+02 4.668e+01 1.500e+01
s>            ( - 6.953e+01 2 0)
s>            ( - 7.047e+01 1 0))
s>        ( - 9.317e+02 1 0))INFO: dtree.c(1315): Comp split 11
INFO: dtree.c(1439): stop. leaf nodes are specific
INFO: dtree.c(1478): Final simple tree
|( QUESTION2_4_L -1 8.264e+03 2.283e+02 4.665e+02
|    ( QUESTION4 -1 4.323e+03 1.675e+02 2.469e+02
|        ( - 3.014e+03 1 0)
|        ( QUESTION2_9_L -1 1.141e+03 6.084e+01 7.008e+01
|            ( - 3.800e+01 1 0)
|            ( - 1.043e+03 1 0)))
|    ( QUESTION2_0_L -1 3.713e+03 1.107e+02 2.196e+02
|        ( - 3.243e+03 3 0)
|        ( QUESTION0 -1 3.589e+02 3.365e+01 2.600e+01
|            ( - 1.554e+01 1 0)
|            ( - 3.097e+02 1 0))))
s>    ( QUESTION2_4_L -1 8.264e+03 2.283e+02 4.665e+02
s>        ( QUESTION4 -1 4.323e+03 1.675e+02 2.469e+02
s>            ( - 3.014e+03 1 0)
s>            ( QUESTION2_9_L -1 1.141e+03 6.084e+01 7.008e+01
s>                ( - 3.800e+01 1 0)
s>                ( - 1.043e+03 1 0)))
s>        ( QUESTION2_0_L -1 3.713e+03 1.107e+02 2.196e+02
s>            ( - 3.243e+03 3 0)
s>            ( QUESTION0 -1 3.589e+02 3.365e+01 2.600e+01
s>                ( - 1.554e+01 1 0)
s>                ( - 3.097e+02 1 0))))INFO: dtree.c(1439): stop. leaf nodes are specific
INFO: dtree.c(1478): Final simple tree
|( SILENCE -1 1.229e+04 2.337e+02 6.727e+02
|    ( - 1.706e+03 1 0)
|    ( QUESTION2_4_L -1 1.035e+04 2.200e+02 5.683e+02
|        ( QUESTION6 -1 5.015e+03 2.970e+01 2.900e+02
|            ( - 5.048e+00 1 0)
|            ( - 4.981e+03 1 0))
|        ( QUESTION0 -1 5.115e+03 1.707e+02 2.783e+02
|            ( - 3.710e+03 2 0)
|            ( QUESTION4 -1 1.235e+03 1.094e+02 7.384e+01
|                ( - 6.194e+02 2 0)
|                ( - 5.060e+02 1 0)))))
s>    ( SILENCE -1 1.229e+04 2.337e+02 6.727e+02
s>        ( - 1.706e+03 1 0)
s>        ( QUESTION2_4_L -1 1.035e+04 2.200e+02 5.683e+02
s>            ( QUESTION6 -1 5.015e+03 2.970e+01 2.900e+02
s>                ( - 5.048e+00 1 0)
s>                ( - 4.981e+03 1 0))
s>            ( QUESTION0 -1 5.115e+03 1.707e+02 2.783e+02
s>                ( - 3.710e+03 2 0)
s>                ( QUESTION4 -1 1.235e+03 1.094e+02 7.384e+01
s>                    ( - 6.194e+02 2 0)
s>                    ( - 5.060e+02 1 0)))))INFO: dtree.c(1315): Comp split 12
INFO: dtree.c(1439): stop. leaf nodes are specific
INFO: dtree.c(1478): Final simple tree
|( QUESTION0_16_R 1 2.799e+03 2.102e+02 1.392e+02
|    ( - 1.829e+03 1 0)
|    ( QUESTION0_14_R 1 7.596e+02 1.176e+02 4.275e+01
|        ( QUESTION6 1 3.023e+02 3.178e+01 2.000e+01
|            ( - 8.000e+00 1 0)
|            ( - 2.625e+02 1 0))
|        ( - 3.397e+02 1 0)))
s>    ( QUESTION0_16_R 1 2.799e+03 2.102e+02 1.392e+02
s>        ( - 1.829e+03 1 0)
s>        ( QUESTION0_14_R 1 7.596e+02 1.176e+02 4.275e+01
s>            ( QUESTION6 1 3.023e+02 3.178e+01 2.000e+01
s>                ( - 8.000e+00 1 0)
s>                ( - 2.625e+02 1 0))
s>            ( - 3.397e+02 1 0)))INFO: dtree.c(1478): Final simple tree
|( QUESTION0 -1 2.129e+03 2.112e+02 1.098e+02
|    ( QUESTION0_10_R 1 1.067e+03 1.398e+02 5.983e+01
|        ( - 5.162e+02 1 0)
|        ( QUESTION0_16_R 1 4.107e+02 5.267e+01 2.609e+01
|            ( - 3.457e+01 1 0)
|            ( - 3.235e+02 1 0)))
|    ( QUESTION9 1 8.511e+02 1.251e+02 5.000e+01
|        ( - 3.624e+02 1 0)
|        ( QUESTION0_11_R 1 3.636e+02 7.484e+01 2.300e+01
|            ( QUESTION0_12_R 1 1.280e+02 3.078e+01 1.100e+01
|                ( - 8.174e+01 1 0)
|                ( - 1.551e+01 1 0))
|            ( QUESTION0_10_R 1 1.607e+02 3.896e+01 1.200e+01
|                ( - 9.416e+01 2 0 QUESTION4 -1 3.057e+01 8.000e+00)
|                ( - 2.757e+01 1 0)))))
s>    ( QUESTION0 -1 2.129e+03 2.112e+02 1.098e+02
s>        ( QUESTION0_10_R 1 1.067e+03 1.398e+02 5.983e+01
s>            ( - 5.162e+02 1 0)
s>            ( QUESTION0_16_R 1 4.107e+02 5.267e+01 2.609e+01
s>                ( - 3.457e+01 1 0)
s>                ( - 3.235e+02 1 0)))
s>        ( QUESTION9 1 8.511e+02 1.251e+02 5.000e+01
s>            ( - 3.624e+02 1 0)
s>            ( QUESTION0_11_R 1 3.636e+02 7.484e+01 2.300e+01
s>                ( QUESTION0_12_R 1 1.280e+02 3.078e+01 1.100e+01
s>                    ( - 8.174e+01 1 0)
s>                    ( - 1.551e+01 1 0))
s>                ( QUESTION0_10_R 1 1.607e+02 3.896e+01 1.200e+01
s>                    ( - 9.416e+01 2 0 QUESTION4 -1 3.057e+01 8.000e+00)
s>                    ( - 2.757e+01 1 0)))))INFO: dtree.c(1315): Comp split 13
INFO: dtree.c(1315): Comp split 14
INFO: dtree.c(1439): stop. leaf nodes are specific
INFO: dtree.c(1478): Final simple tree
|( QUESTION0 -1 5.115e+03 1.707e+02 2.783e+02
|    ( - 3.710e+03 2 0)
|    ( QUESTION4 -1 1.235e+03 1.094e+02 7.384e+01
|        ( - 6.194e+02 2 0)
|        ( - 5.060e+02 1 0)))
s>    ( QUESTION0 -1 5.115e+03 1.707e+02 2.783e+02
s>        ( - 3.710e+03 2 0)
s>        ( QUESTION4 -1 1.235e+03 1.094e+02 7.384e+01
s>            ( - 6.194e+02 2 0)
s>            ( - 5.060e+02 1 0)))INFO: dtree.c(1439): stop. leaf nodes are specific
INFO: dtree.c(1478): Final simple tree
|( QUESTION16 -1 6.928e+03 2.084e+02 3.944e+02
|    ( - 4.981e+03 1 0)
|    ( SILENCE -1 1.739e+03 2.763e+01 1.064e+02
|        ( - 1.706e+03 1 0)
|        ( - 5.048e+00 1 0)))
s>    ( QUESTION16 -1 6.928e+03 2.084e+02 3.944e+02
s>        ( - 4.981e+03 1 0)
s>        ( SILENCE -1 1.739e+03 2.763e+01 1.064e+02
s>            ( - 1.706e+03 1 0)
s>            ( - 5.048e+00 1 0)))INFO: dtree.c(1315): Comp split 15
INFO: dtree.c(1439): stop. leaf nodes are specific
INFO: dtree.c(1478): Final simple tree
|( QUESTION0 -1 3.760e+03 1.163e+02 2.226e+02
|    ( - 3.243e+03 3 0)
|    ( QUESTION17 -1 4.004e+02 5.267e+01 2.900e+01
|        ( - 3.097e+02 1 0)
|        ( - 3.800e+01 1 0)))
s>    ( QUESTION0 -1 3.760e+03 1.163e+02 2.226e+02
s>        ( - 3.243e+03 3 0)
s>        ( QUESTION17 -1 4.004e+02 5.267e+01 2.900e+01
s>            ( - 3.097e+02 1 0)
s>            ( - 3.800e+01 1 0)))INFO: dtree.c(1439): stop. leaf nodes are specific
INFO: dtree.c(1478): Final simple tree
|( QUESTION4 -1 4.270e+03 1.662e+02 2.439e+02
|    ( - 3.014e+03 1 0)
|    ( QUESTION0 -1 1.090e+03 3.197e+01 6.708e+01
|        ( - 1.554e+01 1 0)
|        ( - 1.043e+03 1 0)))
s>    ( QUESTION4 -1 4.270e+03 1.662e+02 2.439e+02
s>        ( - 3.014e+03 1 0)
s>        ( QUESTION0 -1 1.090e+03 3.197e+01 6.708e+01
s>            ( - 1.554e+01 1 0)
s>            ( - 1.043e+03 1 0)))INFO: dtree.c(1315): Comp split 16
INFO: dtree.c(1439): stop. leaf nodes are specific
INFO: dtree.c(1478): Final simple tree
|( WDBNDRY_E 0 8.267e+02 1.125e+02 4.752e+01
|    ( QUESTION0 -1 1.689e+02 4.125e+01 1.300e+01
|        ( - 1.001e+02 1 0)
|        ( - 2.757e+01 1 0))
|    ( - 5.453e+02 1 0))
s>    ( WDBNDRY_E 0 8.267e+02 1.125e+02 4.752e+01
s>        ( QUESTION0 -1 1.689e+02 4.125e+01 1.300e+01
s>            ( - 1.001e+02 1 0)
s>            ( - 2.757e+01 1 0))
s>        ( - 5.453e+02 1 0))INFO: dtree.c(1439): stop. leaf nodes are specific
INFO: dtree.c(1478): Final simple tree
|( QUESTION17 -1 1.673e+03 5.722e+01 9.395e+01
|    ( - 2.627e+01 1 0)
|    ( - 1.589e+03 1 0))
s>    ( QUESTION17 -1 1.673e+03 5.722e+01 9.395e+01
s>        ( - 2.627e+01 1 0)
s>        ( - 1.589e+03 1 0))INFO: dtree.c(1315): Comp split 17
INFO: dtree.c(1439): stop. leaf nodes are specific
INFO: dtree.c(1478): Final simple tree
|( QUESTION2_6_L -1 2.675e+03 1.522e+02 1.509e+02
|    ( QUESTION2_9_L -1 6.614e+02 5.022e+01 4.292e+01
|        ( - 2.764e+01 1 0)
|        ( - 5.835e+02 1 0))
|    ( QUESTION4 -1 1.861e+03 5.077e+01 1.080e+02
|        ( - 1.762e+03 2 0)
|        ( - 4.899e+01 1 0)))
s>    ( QUESTION2_6_L -1 2.675e+03 1.522e+02 1.509e+02
s>        ( QUESTION2_9_L -1 6.614e+02 5.022e+01 4.292e+01
s>            ( - 2.764e+01 1 0)
s>            ( - 5.835e+02 1 0))
s>        ( QUESTION4 -1 1.861e+03 5.077e+01 1.080e+02
s>            ( - 1.762e+03 2 0)
s>            ( - 4.899e+01 1 0)))INFO: dtree.c(1439): stop. leaf nodes are specific
INFO: dtree.c(1478): Final simple tree
|( QUESTION0 -1 3.532e+03 1.739e+02 1.977e+02
|    ( - 1.383e+03 3 0)
|    ( SILENCE -1 1.975e+03 1.230e+02 1.137e+02
|        ( - 1.055e+03 1 0)
|        ( - 7.962e+02 1 0)))
s>    ( QUESTION0 -1 3.532e+03 1.739e+02 1.977e+02
s>        ( - 1.383e+03 3 0)
s>        ( SILENCE -1 1.975e+03 1.230e+02 1.137e+02
s>            ( - 1.055e+03 1 0)
s>            ( - 7.962e+02 1 0)))INFO: dtree.c(1315): Comp split 18
INFO: dtree.c(1439): stop. leaf nodes are specific
INFO: dtree.c(1478): Final simple tree
|( QUESTION5 -1 1.075e+03 1.329e+02 6.109e+01
|    ( QUESTION8 1 5.568e+02 8.962e+01 3.600e+01
|        ( - 3.624e+02 1 0)
|        ( QUESTION0_10_R 1 1.048e+02 3.068e+01 9.000e+00
|            ( - 4.657e+01 1 0)
|            ( - 2.757e+01 1 0)))
|    ( QUESTION0_10_R 1 3.854e+02 4.488e+01 2.509e+01
|        ( - 1.702e+01 1 0)
|        ( - 3.235e+02 1 0)))
s>    ( QUESTION5 -1 1.075e+03 1.329e+02 6.109e+01
s>        ( QUESTION8 1 5.568e+02 8.962e+01 3.600e+01
s>            ( - 3.624e+02 1 0)
s>            ( QUESTION0_10_R 1 1.048e+02 3.068e+01 9.000e+00
s>                ( - 4.657e+01 1 0)
s>                ( - 2.757e+01 1 0)))
s>        ( QUESTION0_10_R 1 3.854e+02 4.488e+01 2.509e+01
s>            ( - 1.702e+01 1 0)
s>            ( - 3.235e+02 1 0)))INFO: dtree.c(1439): stop. leaf nodes are specific
INFO: dtree.c(1478): Final simple tree
|( QUESTION7 1 8.422e+02 1.112e+02 4.874e+01
|    ( QUESTION0_11_R 1 5.793e+02 4.752e+01 3.674e+01
|        ( - 1.551e+01 1 0)
|        ( - 5.162e+02 1 0))
|    ( QUESTION0_10_R 1 1.518e+02 3.545e+01 1.200e+01
|        ( - 8.174e+01 1 0)
|        ( - 3.457e+01 1 0)))
s>    ( QUESTION7 1 8.422e+02 1.112e+02 4.874e+01
s>        ( QUESTION0_11_R 1 5.793e+02 4.752e+01 3.674e+01
s>            ( - 1.551e+01 1 0)
s>            ( - 5.162e+02 1 0))
s>        ( QUESTION0_10_R 1 1.518e+02 3.545e+01 1.200e+01
s>            ( - 8.174e+01 1 0)
s>            ( - 3.457e+01 1 0)))INFO: dtree.c(1315): Comp split 19
INFO: dtree.c(1439): stop. leaf nodes are specific
INFO: dtree.c(1478): Final simple tree
|( QUESTION0_14_R 1 7.596e+02 1.176e+02 4.275e+01
|    ( QUESTION6 1 3.023e+02 3.178e+01 2.000e+01
|        ( - 8.000e+00 1 0)
|        ( - 2.625e+02 1 0))
|    ( - 3.397e+02 1 0))
s>    ( QUESTION0_14_R 1 7.596e+02 1.176e+02 4.275e+01
s>        ( QUESTION6 1 3.023e+02 3.178e+01 2.000e+01
s>            ( - 8.000e+00 1 0)
s>            ( - 2.625e+02 1 0))
s>        ( - 3.397e+02 1 0))INFO: dtree.c(1315): Comp split 20
INFO: dtree.c(1439): stop. leaf nodes are specific
INFO: dtree.c(1478): Final simple tree
|( SILENCE -1 1.739e+03 2.763e+01 1.064e+02
|    ( - 1.706e+03 1 0)
|    ( - 5.048e+00 1 0))
s>    ( SILENCE -1 1.739e+03 2.763e+01 1.064e+02
s>        ( - 1.706e+03 1 0)
s>        ( - 5.048e+00 1 0))INFO: dtree.c(1315): Comp split 21
INFO: dtree.c(1439): stop. leaf nodes are specific
INFO: dtree.c(1478): Final simple tree
|( QUESTION2_12_L -1 5.581e+03 1.487e+02 3.190e+02
|    ( - 4.594e+03 1 0)
|    ( - 8.383e+02 1 0))
s>    ( QUESTION2_12_L -1 5.581e+03 1.487e+02 3.190e+02
s>        ( - 4.594e+03 1 0)
s>        ( - 8.383e+02 1 0))INFO: dtree.c(1315): Comp split 22
INFO: dtree.c(1439): stop. leaf nodes are specific
INFO: dtree.c(1478): Final simple tree
|( QUESTION1 1 5.206e+02 1.001e+02 3.200e+01
|    ( - 1.849e+02 2 0)
|    ( QUESTION0_0_R 1 2.357e+02 6.204e+01 1.800e+01
|        ( - 6.303e+01 1 0)
|        ( QUESTION0 1 1.106e+02 3.164e+01 1.000e+01
|            ( - 7.372e+01 3 0)
|            ( - 5.247e+00 1 0))))
s>    ( QUESTION1 1 5.206e+02 1.001e+02 3.200e+01
s>        ( - 1.849e+02 2 0)
s>        ( QUESTION0_0_R 1 2.357e+02 6.204e+01 1.800e+01
s>            ( - 6.303e+01 1 0)
s>            ( QUESTION0 1 1.106e+02 3.164e+01 1.000e+01
s>                ( - 7.372e+01 3 0)
s>                ( - 5.247e+00 1 0))))INFO: dtree.c(1439): stop. leaf nodes are specific
INFO: dtree.c(1478): Final simple tree
|( QUESTION0 -1 5.771e+02 3.595e+01 4.006e+01
|    ( - 5.136e+02 1 0)
|    ( - 2.757e+01 1 0))
s>    ( QUESTION0 -1 5.771e+02 3.595e+01 4.006e+01
s>        ( - 5.136e+02 1 0)
s>        ( - 2.757e+01 1 0))INFO: dtree.c(1315): Comp split 23
INFO: dtree.c(1439): stop. leaf nodes are specific
INFO: dtree.c(1478): Final simple tree
|( QUESTION2_2_L -1 7.221e+02 9.206e+01 4.600e+01
|    ( QUESTION4 -1 3.550e+02 6.174e+01 2.500e+01
|        ( - 2.106e+02 1 0)
|        ( - 8.264e+01 1 0))
|    ( QUESTION2_10_L -1 2.751e+02 5.104e+01 2.100e+01
|        ( WDBNDRY_B 0 1.260e+02 1.685e+01 1.100e+01
|            ( - 7.905e+00 1 0)
|            ( - 1.012e+02 1 0))
|        ( WDBNDRY_B 0 9.806e+01 1.542e+01 1.000e+01
|            ( - 8.264e+01 1 0)
|            ( - 0.000e+00 1 0))))
s>    ( QUESTION2_2_L -1 7.221e+02 9.206e+01 4.600e+01
s>        ( QUESTION4 -1 3.550e+02 6.174e+01 2.500e+01
s>            ( - 2.106e+02 1 0)
s>            ( - 8.264e+01 1 0))
s>        ( QUESTION2_10_L -1 2.751e+02 5.104e+01 2.100e+01
s>            ( WDBNDRY_B 0 1.260e+02 1.685e+01 1.100e+01
s>                ( - 7.905e+00 1 0)
s>                ( - 1.012e+02 1 0))
s>            ( WDBNDRY_B 0 9.806e+01 1.542e+01 1.000e+01
s>                ( - 8.264e+01 1 0)
s>                ( - 0.000e+00 1 0))))INFO: dtree.c(1439): stop. leaf nodes are specific
INFO: dtree.c(1478): Final simple tree
|( QUESTION0_0_R 1 7.402e+02 1.189e+02 4.400e+01
|    ( - 4.218e+02 1 0)
|    ( WDBNDRY_E 0 1.996e+02 3.196e+01 1.600e+01
|        ( - 1.401e+02 1 0)
|        ( WDBNDRY_B 0 2.748e+01 1.289e+01 4.000e+00
|            ( - 1.459e+01 1 0)
|            ( - 0.000e+00 1 0))))
s>    ( QUESTION0_0_R 1 7.402e+02 1.189e+02 4.400e+01
s>        ( - 4.218e+02 1 0)
s>        ( WDBNDRY_E 0 1.996e+02 3.196e+01 1.600e+01
s>            ( - 1.401e+02 1 0)
s>            ( WDBNDRY_B 0 2.748e+01 1.289e+01 4.000e+00
s>                ( - 1.459e+01 1 0)
s>                ( - 0.000e+00 1 0))))INFO: dtree.c(1315): Comp split 24
INFO: dtree.c(1439): stop. leaf nodes are specific
INFO: dtree.c(1478): Final simple tree
|( SILENCE -1 1.975e+03 1.230e+02 1.137e+02
|    ( - 1.055e+03 1 0)
|    ( - 7.962e+02 1 0))
s>    ( SILENCE -1 1.975e+03 1.230e+02 1.137e+02
s>        ( - 1.055e+03 1 0)
s>        ( - 7.962e+02 1 0))INFO: dtree.c(1315): Comp split 25
INFO: dtree.c(1439): stop. leaf nodes are specific
INFO: dtree.c(1478): Final simple tree
|( QUESTION4 -1 1.235e+03 1.094e+02 7.384e+01
|    ( - 6.194e+02 2 0)
|    ( - 5.060e+02 1 0))
s>    ( QUESTION4 -1 1.235e+03 1.094e+02 7.384e+01
s>        ( - 6.194e+02 2 0)
s>        ( - 5.060e+02 1 0))INFO: dtree.c(1315): Comp split 26
INFO: dtree.c(1439): stop. leaf nodes are specific
INFO: dtree.c(1478): Final simple tree
|( QUESTION0 -1 1.090e+03 3.197e+01 6.708e+01
|    ( - 1.554e+01 1 0)
|    ( - 1.043e+03 1 0))
s>    ( QUESTION0 -1 1.090e+03 3.197e+01 6.708e+01
s>        ( - 1.554e+01 1 0)
s>        ( - 1.043e+03 1 0))INFO: dtree.c(1315): Comp split 27
INFO: dtree.c(1439): stop. leaf nodes are specific
INFO: dtree.c(1478): Final simple tree
|( QUESTION4 -1 1.861e+03 5.077e+01 1.080e+02
|    ( - 1.762e+03 2 0)
|    ( - 4.899e+01 1 0))
s>    ( QUESTION4 -1 1.861e+03 5.077e+01 1.080e+02
s>        ( - 1.762e+03 2 0)
s>        ( - 4.899e+01 1 0))INFO: dtree.c(1439): stop. leaf nodes are specific
INFO: dtree.c(1478): Final simple tree
|( QUESTION2_9_L -1 6.614e+02 5.022e+01 4.292e+01
|    ( - 2.764e+01 1 0)
|    ( - 5.835e+02 1 0))
s>    ( QUESTION2_9_L -1 6.614e+02 5.022e+01 4.292e+01
s>        ( - 2.764e+01 1 0)
s>        ( - 5.835e+02 1 0))INFO: dtree.c(1315): Comp split 28
INFO: dtree.c(1315): Comp split 29
INFO: dtree.c(1439): stop. leaf nodes are specific
INFO: dtree.c(1478): Final simple tree
|( QUESTION8 1 5.568e+02 8.962e+01 3.600e+01
|    ( - 3.624e+02 1 0)
|    ( QUESTION0_10_R 1 1.048e+02 3.068e+01 9.000e+00
|        ( - 4.657e+01 1 0)
|        ( - 2.757e+01 1 0)))
s>    ( QUESTION8 1 5.568e+02 8.962e+01 3.600e+01
s>        ( - 3.624e+02 1 0)
s>        ( QUESTION0_10_R 1 1.048e+02 3.068e+01 9.000e+00
s>            ( - 4.657e+01 1 0)
s>            ( - 2.757e+01 1 0)))INFO: dtree.c(1439): stop. leaf nodes are specific
INFO: dtree.c(1478): Final simple tree
|( QUESTION0_10_R 1 3.854e+02 4.488e+01 2.509e+01
|    ( - 1.702e+01 1 0)
|    ( - 3.235e+02 1 0))
s>    ( QUESTION0_10_R 1 3.854e+02 4.488e+01 2.509e+01
s>        ( - 1.702e+01 1 0)
s>        ( - 3.235e+02 1 0))INFO: dtree.c(1315): Comp split 30
INFO: dtree.c(1439): stop. leaf nodes are specific
INFO: dtree.c(1478): Final simple tree
|( QUESTION7 -1 3.299e+02 5.558e+01 2.400e+01
|    ( - 1.489e+02 1 0)
|    ( - 1.254e+02 1 0))
s>    ( QUESTION7 -1 3.299e+02 5.558e+01 2.400e+01
s>        ( - 1.489e+02 1 0)
s>        ( - 1.254e+02 1 0))INFO: dtree.c(1315): Comp split 31
INFO: dtree.c(1315): Comp split 32
INFO: dtree.c(1439): stop. leaf nodes are specific
INFO: dtree.c(1478): Final simple tree
|( QUESTION0_12_R 1 2.037e+02 4.558e+01 1.500e+01
|    ( - 8.174e+01 1 0)
|    ( QUESTION0_10_R 1 7.635e+01 2.628e+01 7.000e+00
|        ( - 1.551e+01 1 0)
|        ( - 3.457e+01 1 0)))
s>    ( QUESTION0_12_R 1 2.037e+02 4.558e+01 1.500e+01
s>        ( - 8.174e+01 1 0)
s>        ( QUESTION0_10_R 1 7.635e+01 2.628e+01 7.000e+00
s>            ( - 1.551e+01 1 0)
s>            ( - 3.457e+01 1 0)))INFO: dtree.c(1315): Comp split 33
INFO: dtree.c(1439): stop. leaf nodes are specific
INFO: dtree.c(1478): Final simple tree
|( WDBNDRY_E 0 1.996e+02 3.196e+01 1.600e+01
|    ( - 1.401e+02 1 0)
|    ( WDBNDRY_B 0 2.748e+01 1.289e+01 4.000e+00
|        ( - 1.459e+01 1 0)
|        ( - 0.000e+00 1 0)))
s>    ( WDBNDRY_E 0 1.996e+02 3.196e+01 1.600e+01
s>        ( - 1.401e+02 1 0)
s>        ( WDBNDRY_B 0 2.748e+01 1.289e+01 4.000e+00
s>            ( - 1.459e+01 1 0)
s>            ( - 0.000e+00 1 0)))INFO: dtree.c(1315): Comp split 34
INFO: dtree.c(1439): stop. leaf nodes are specific
INFO: dtree.c(1478): Final simple tree
|( QUESTION6 1 3.023e+02 3.178e+01 2.000e+01
|    ( - 8.000e+00 1 0)
|    ( - 2.625e+02 1 0))
s>    ( QUESTION6 1 3.023e+02 3.178e+01 2.000e+01
s>        ( - 8.000e+00 1 0)
s>        ( - 2.625e+02 1 0))INFO: dtree.c(1315): Comp split 35
INFO: dtree.c(1439): stop. leaf nodes are specific
INFO: dtree.c(1478): Final simple tree
|( QUESTION17 -1 4.004e+02 5.267e+01 2.900e+01
|    ( - 3.097e+02 1 0)
|    ( - 3.800e+01 1 0))
s>    ( QUESTION17 -1 4.004e+02 5.267e+01 2.900e+01
s>        ( - 3.097e+02 1 0)
s>        ( - 3.800e+01 1 0))INFO: dtree.c(1315): Comp split 36
INFO: dtree.c(1439): stop. leaf nodes are specific
INFO: dtree.c(1478): Final simple tree
|( WDBNDRY_E 0 1.867e+02 4.668e+01 1.500e+01
|    ( - 6.953e+01 2 0)
|    ( - 7.047e+01 1 0))
s>    ( WDBNDRY_E 0 1.867e+02 4.668e+01 1.500e+01
s>        ( - 6.953e+01 2 0)
s>        ( - 7.047e+01 1 0))INFO: dtree.c(1315): Comp split 37
INFO: dtree.c(1439): stop. leaf nodes are specific
INFO: dtree.c(1478): Final simple tree
|( QUESTION0 -1 1.689e+02 4.125e+01 1.300e+01
|    ( - 1.001e+02 1 0)
|    ( - 2.757e+01 1 0))
s>    ( QUESTION0 -1 1.689e+02 4.125e+01 1.300e+01
s>        ( - 1.001e+02 1 0)
s>        ( - 2.757e+01 1 0))INFO: dtree.c(1315): Comp split 38
INFO: dtree.c(1478): Final simple tree
|( QUESTION1 -1 8.223e+02 6.374e+01 6.499e+01
|    ( - 1.804e+02 2 0)
|    ( QUESTION2_5_L -1 5.781e+02 5.681e+01 4.700e+01
|        ( QUESTION4 -1 2.319e+02 3.256e+01 2.101e+01
|            ( - 1.570e+02 1 0)
|            ( - 4.240e+01 1 0))
|        ( QUESTION2_0_L -1 2.894e+02 3.562e+01 2.600e+01
|            ( QUESTION0 -1 1.005e+02 2.137e+01 1.100e+01
|                ( - 3.619e+01 1 0)
|                ( QUESTION4 -1 4.290e+01 1.276e+01 6.000e+00
|                    ( - 1.621e+01 2 0)
|                    ( - 1.393e+01 1 0)))
|            ( SILENCE -1 1.533e+02 2.240e+01 1.500e+01
|                ( - 1.158e+02 1 0)
|                ( - 1.513e+01 1 0)))))
s>    ( QUESTION1 -1 8.223e+02 6.374e+01 6.499e+01
s>        ( - 1.804e+02 2 0)
s>        ( QUESTION2_5_L -1 5.781e+02 5.681e+01 4.700e+01
s>            ( QUESTION4 -1 2.319e+02 3.256e+01 2.101e+01
s>                ( - 1.570e+02 1 0)
s>                ( - 4.240e+01 1 0))
s>            ( QUESTION2_0_L -1 2.894e+02 3.562e+01 2.600e+01
s>                ( QUESTION0 -1 1.005e+02 2.137e+01 1.100e+01
s>                    ( - 3.619e+01 1 0)
s>                    ( QUESTION4 -1 4.290e+01 1.276e+01 6.000e+00
s>                        ( - 1.621e+01 2 0)
s>                        ( - 1.393e+01 1 0)))
s>                ( SILENCE -1 1.533e+02 2.240e+01 1.500e+01
s>                    ( - 1.158e+02 1 0)
s>                    ( - 1.513e+01 1 0)))))INFO: dtree.c(1439): stop. leaf nodes are specific
INFO: dtree.c(1478): Final simple tree
|( QUESTION7 -1 3.192e+02 5.550e+01 2.356e+01
|    ( QUESTION8 -1 1.462e+02 3.702e+01 1.259e+01
|        ( - 1.573e+01 1 0)
|        ( - 9.348e+01 1 0))
|    ( QUESTION6 -1 1.175e+02 3.264e+01 1.097e+01
|        ( - 2.747e+01 1 0)
|        ( - 5.737e+01 1 0)))
s>    ( QUESTION7 -1 3.192e+02 5.550e+01 2.356e+01
s>        ( QUESTION8 -1 1.462e+02 3.702e+01 1.259e+01
s>            ( - 1.573e+01 1 0)
s>            ( - 9.348e+01 1 0))
s>        ( QUESTION6 -1 1.175e+02 3.264e+01 1.097e+01
s>            ( - 2.747e+01 1 0)
s>            ( - 5.737e+01 1 0)))INFO: dtree.c(1315): Comp split 39
INFO: dtree.c(1315): Comp split 40
INFO: dtree.c(1439): stop. leaf nodes are specific
INFO: dtree.c(1478): Final simple tree
|( QUESTION0_0_R 1 2.357e+02 6.204e+01 1.800e+01
|    ( - 6.303e+01 1 0)
|    ( QUESTION0 1 1.106e+02 3.164e+01 1.000e+01
|        ( - 7.372e+01 3 0)
|        ( - 5.247e+00 1 0)))
s>    ( QUESTION0_0_R 1 2.357e+02 6.204e+01 1.800e+01
s>        ( - 6.303e+01 1 0)
s>        ( QUESTION0 1 1.106e+02 3.164e+01 1.000e+01
s>            ( - 7.372e+01 3 0)
s>            ( - 5.247e+00 1 0)))INFO: dtree.c(1315): Comp split 41
INFO: dtree.c(1439): stop. leaf nodes are specific
INFO: dtree.c(1478): Final simple tree
|( QUESTION2_10_L -1 2.751e+02 5.104e+01 2.100e+01
|    ( WDBNDRY_B 0 1.260e+02 1.685e+01 1.100e+01
|        ( - 7.905e+00 1 0)
|        ( - 1.012e+02 1 0))
|    ( WDBNDRY_B 0 9.806e+01 1.542e+01 1.000e+01
|        ( - 8.264e+01 1 0)
|        ( - 0.000e+00 1 0)))
s>    ( QUESTION2_10_L -1 2.751e+02 5.104e+01 2.100e+01
s>        ( WDBNDRY_B 0 1.260e+02 1.685e+01 1.100e+01
s>            ( - 7.905e+00 1 0)
s>            ( - 1.012e+02 1 0))
s>        ( WDBNDRY_B 0 9.806e+01 1.542e+01 1.000e+01
s>            ( - 8.264e+01 1 0)
s>            ( - 0.000e+00 1 0)))INFO: dtree.c(1439): stop. leaf nodes are specific
INFO: dtree.c(1478): Final simple tree
|( QUESTION4 -1 3.550e+02 6.174e+01 2.500e+01
|    ( - 2.106e+02 1 0)
|    ( - 8.264e+01 1 0))
s>    ( QUESTION4 -1 3.550e+02 6.174e+01 2.500e+01
s>        ( - 2.106e+02 1 0)
s>        ( - 8.264e+01 1 0))INFO: dtree.c(1315): Comp split 42
INFO: dtree.c(1439): stop. leaf nodes are specific
INFO: dtree.c(1478): Final simple tree
|( QUESTION0_10_R 1 1.048e+02 3.068e+01 9.000e+00
|    ( - 4.657e+01 1 0)
|    ( - 2.757e+01 1 0))
s>    ( QUESTION0_10_R 1 1.048e+02 3.068e+01 9.000e+00
s>        ( - 4.657e+01 1 0)
s>        ( - 2.757e+01 1 0))INFO: dtree.c(1315): Comp split 43
INFO: dtree.c(1315): Comp split 44
INFO: dtree.c(1439): stop. leaf nodes are specific
INFO: dtree.c(1478): Final simple tree
|( QUESTION2_5_L -1 4.972e+02 5.084e+01 4.200e+01
|    ( - 1.570e+02 1 0)
|    ( QUESTION2_0_L -1 2.894e+02 3.562e+01 2.600e+01
|        ( QUESTION0 -1 1.005e+02 2.137e+01 1.100e+01
|            ( - 3.619e+01 1 0)
|            ( QUESTION4 -1 4.290e+01 1.276e+01 6.000e+00
|                ( - 1.621e+01 2 0)
|                ( - 1.393e+01 1 0)))
|        ( SILENCE -1 1.533e+02 2.240e+01 1.500e+01
|            ( - 1.158e+02 1 0)
|            ( - 1.513e+01 1 0))))
s>    ( QUESTION2_5_L -1 4.972e+02 5.084e+01 4.200e+01
s>        ( - 1.570e+02 1 0)
s>        ( QUESTION2_0_L -1 2.894e+02 3.562e+01 2.600e+01
s>            ( QUESTION0 -1 1.005e+02 2.137e+01 1.100e+01
s>                ( - 3.619e+01 1 0)
s>                ( QUESTION4 -1 4.290e+01 1.276e+01 6.000e+00
s>                    ( - 1.621e+01 2 0)
s>                    ( - 1.393e+01 1 0)))
s>            ( SILENCE -1 1.533e+02 2.240e+01 1.500e+01
s>                ( - 1.158e+02 1 0)
s>                ( - 1.513e+01 1 0))))INFO: dtree.c(1439): stop. leaf nodes are specific
INFO: dtree.c(1478): Final simple tree
|( QUESTION0 -1 2.524e+02 2.956e+01 2.300e+01
|    ( - 1.804e+02 2 0)
|    ( - 4.240e+01 1 0))
s>    ( QUESTION0 -1 2.524e+02 2.956e+01 2.300e+01
s>        ( - 1.804e+02 2 0)
s>        ( - 4.240e+01 1 0))INFO: dtree.c(1315): Comp split 45
INFO: dtree.c(1439): stop. leaf nodes are specific
INFO: dtree.c(1478): Final simple tree
|( QUESTION0 1 1.106e+02 3.164e+01 1.000e+01
|    ( - 7.372e+01 3 0)
|    ( - 5.247e+00 1 0))
s>    ( QUESTION0 1 1.106e+02 3.164e+01 1.000e+01
s>        ( - 7.372e+01 3 0)
s>        ( - 5.247e+00 1 0))INFO: dtree.c(1315): Comp split 46
INFO: dtree.c(1315): Comp split 47
INFO: dtree.c(1439): stop. leaf nodes are specific
INFO: dtree.c(1478): Final simple tree
|( QUESTION7 -1 1.577e+02 3.671e+01 1.359e+01
|    ( - 9.348e+01 1 0)
|    ( - 2.747e+01 1 0))
s>    ( QUESTION7 -1 1.577e+02 3.671e+01 1.359e+01
s>        ( - 9.348e+01 1 0)
s>        ( - 2.747e+01 1 0))INFO: dtree.c(1439): stop. leaf nodes are specific
INFO: dtree.c(1478): Final simple tree
|( QUESTION6 -1 1.005e+02 2.736e+01 9.975e+00
|    ( - 1.573e+01 1 0)
|    ( - 5.737e+01 1 0))
s>    ( QUESTION6 -1 1.005e+02 2.736e+01 9.975e+00
s>        ( - 1.573e+01 1 0)
s>        ( - 5.737e+01 1 0))INFO: dtree.c(1315): Comp split 48
INFO: dtree.c(1315): Comp split 49
INFO: dtree.c(1439): stop. leaf nodes are specific
INFO: dtree.c(1478): Final simple tree
|( SILENCE -1 2.256e+02 3.101e+01 2.100e+01
|    ( - 1.158e+02 1 0)
|    ( QUESTION0 -1 7.883e+01 2.080e+01 9.000e+00
|        ( - 1.513e+01 1 0)
|        ( QUESTION4 -1 4.290e+01 1.276e+01 6.000e+00
|            ( - 1.621e+01 2 0)
|            ( - 1.393e+01 1 0))))
s>    ( SILENCE -1 2.256e+02 3.101e+01 2.100e+01
s>        ( - 1.158e+02 1 0)
s>        ( QUESTION0 -1 7.883e+01 2.080e+01 9.000e+00
s>            ( - 1.513e+01 1 0)
s>            ( QUESTION4 -1 4.290e+01 1.276e+01 6.000e+00
s>                ( - 1.621e+01 2 0)
s>                ( - 1.393e+01 1 0))))INFO: dtree.c(1439): stop. leaf nodes are specific
INFO: dtree.c(1478): Final simple tree
|( QUESTION0 -1 2.153e+02 2.211e+01 2.100e+01
|    ( - 3.619e+01 1 0)
|    ( - 1.570e+02 1 0))
s>    ( QUESTION0 -1 2.153e+02 2.211e+01 2.100e+01
s>        ( - 3.619e+01 1 0)
s>        ( - 1.570e+02 1 0))INFO: dtree.c(1315): Comp split 50
INFO: dtree.c(1315): Comp split 51
INFO: dtree.c(1315): Comp split 52
INFO: dtree.c(1439): stop. leaf nodes are specific
INFO: dtree.c(1478): Final simple tree
|( WDBNDRY_B 0 9.806e+01 1.542e+01 1.000e+01
|    ( - 8.264e+01 1 0)
|    ( - 0.000e+00 1 0))
s>    ( WDBNDRY_B 0 9.806e+01 1.542e+01 1.000e+01
s>        ( - 8.264e+01 1 0)
s>        ( - 0.000e+00 1 0))INFO: dtree.c(1439): stop. leaf nodes are specific
INFO: dtree.c(1478): Final simple tree
|( WDBNDRY_B 0 1.260e+02 1.685e+01 1.100e+01
|    ( - 7.905e+00 1 0)
|    ( - 1.012e+02 1 0))
s>    ( WDBNDRY_B 0 1.260e+02 1.685e+01 1.100e+01
s>        ( - 7.905e+00 1 0)
s>        ( - 1.012e+02 1 0))INFO: dtree.c(1315): Comp split 53
INFO: dtree.c(1315): Comp split 54
INFO: dtree.c(1315): Comp split 55
INFO: dtree.c(1315): Comp split 56
INFO: dtree.c(1439): stop. leaf nodes are specific
INFO: dtree.c(1478): Final simple tree
|( QUESTION0_10_R 1 7.635e+01 2.628e+01 7.000e+00
|    ( - 1.551e+01 1 0)
|    ( - 3.457e+01 1 0))
s>    ( QUESTION0_10_R 1 7.635e+01 2.628e+01 7.000e+00
s>        ( - 1.551e+01 1 0)
s>        ( - 3.457e+01 1 0))INFO: dtree.c(1315): Comp split 57
INFO: dtree.c(1315): Comp split 58
INFO: dtree.c(1315): Comp split 59
INFO: dtree.c(1315): Comp split 60
INFO: dtree.c(1315): Comp split 61
INFO: dtree.c(1315): Comp split 62
INFO: dtree.c(1439): stop. leaf nodes are specific
INFO: dtree.c(1478): Final simple tree
|( WDBNDRY_B 0 2.748e+01 1.289e+01 4.000e+00
|    ( - 1.459e+01 1 0)
|    ( - 0.000e+00 1 0))
s>    ( WDBNDRY_B 0 2.748e+01 1.289e+01 4.000e+00
s>        ( - 1.459e+01 1 0)
s>        ( - 0.000e+00 1 0))INFO: dtree.c(1315): Comp split 63
INFO: dtree.c(1315): Comp split 64
INFO: dtree.c(1315): Comp split 65
INFO: dtree.c(1439): stop. leaf nodes are specific
INFO: dtree.c(1478): Final simple tree
|( QUESTION0 -1 7.883e+01 2.080e+01 9.000e+00
|    ( - 1.513e+01 1 0)
|    ( QUESTION4 -1 4.290e+01 1.276e+01 6.000e+00
|        ( - 1.621e+01 2 0)
|        ( - 1.393e+01 1 0)))
s>    ( QUESTION0 -1 7.883e+01 2.080e+01 9.000e+00
s>        ( - 1.513e+01 1 0)
s>        ( QUESTION4 -1 4.290e+01 1.276e+01 6.000e+00
s>            ( - 1.621e+01 2 0)
s>            ( - 1.393e+01 1 0)))INFO: dtree.c(1315): Comp split 66
INFO: dtree.c(1315): Comp split 67
INFO: dtree.c(1315): Comp split 68
INFO: dtree.c(1315): Comp split 69
INFO: dtree.c(1315): Comp split 70
INFO: dtree.c(1315): Comp split 71
INFO: dtree.c(1315): Comp split 72
INFO: dtree.c(1439): stop. leaf nodes are specific
INFO: dtree.c(1478): Final simple tree
|( QUESTION4 -1 4.290e+01 1.276e+01 6.000e+00
|    ( - 1.621e+01 2 0)
|    ( - 1.393e+01 1 0))
s>    ( QUESTION4 -1 4.290e+01 1.276e+01 6.000e+00
s>        ( - 1.621e+01 2 0)
s>        ( - 1.393e+01 1 0))INFO: dtree.c(1315): Comp split 73
INFO: dtree.c(1315): Comp split 74
INFO: dtree.c(1315): Comp split 75
INFO: dtree.c(1315): Comp split 76
INFO: dtree.c(1315): Comp split 77
INFO: dtree.c(1318): stop. leaf nodes are specific
Mon May 23 22:39:55 2022
