Current configuration:
[NAME]		[DEFLT]	[VALUE]
-allphones	no	no
-cntthresh	0.00001	1.000000e-05
-csplitmax	100	2000
-csplitmin	1	1
-csplitthr	8e-4	0.000000e+00
-example	no	no
-fullvar	no	no
-help		no	no
-meanfn			
-mixwfn			/home/rakha/Kuliah/Semester8/nlp/speech-sphinx/train-new-model/an4-master/model_parameters/an4.cd_ptm_untied/mixture_weights
-moddeffn		/home/rakha/Kuliah/Semester8/nlp/speech-sphinx/train-new-model/an4-master/model_architecture/an4.untied.mdef
-mwfloor	1e-4	1.000000e-08
-phone			TH
-psetfn			/home/rakha/Kuliah/Semester8/nlp/speech-sphinx/train-new-model/an4-master/model_architecture/an4.tree_questions
-ssplitmax	5	7
-ssplitmin	1	1
-ssplitthr	8e-4	0.000000e+00
-state			1
-stwt			1.0,0.05,0.0,
-treefn			/home/rakha/Kuliah/Semester8/nlp/speech-sphinx/train-new-model/an4-master/trees/an4.unpruned/TH-1.dtree
-ts2cbfn	.semi.	.semi.
-varfloor	0.00001	1.000000e-05
-varfn			

INFO: main.c(223): Reading: /home/rakha/Kuliah/Semester8/nlp/speech-sphinx/train-new-model/an4-master/model_architecture/an4.untied.mdef
INFO: model_def_io.c(573): Model definition info:
INFO: model_def_io.c(574): 1618 total models defined (34 base, 1584 tri)
INFO: model_def_io.c(575): 6472 total states
INFO: model_def_io.c(576): 4854 total tied states
INFO: model_def_io.c(577): 102 total tied CI states
INFO: model_def_io.c(578): 34 total tied transition matrices
INFO: model_def_io.c(579): 4 max state/model
INFO: model_def_io.c(580): 4 min state/model
INFO: main.c(242): Building trees for [TH AH N e] through [TH V R b]
INFO: main.c(269): Covering states |[4362 4487]| == 126
INFO: main.c(275): Reading: /home/rakha/Kuliah/Semester8/nlp/speech-sphinx/train-new-model/an4-master/model_parameters/an4.cd_ptm_untied/mixture_weights
INFO: s3mixw_io.c(173): Read /home/rakha/Kuliah/Semester8/nlp/speech-sphinx/train-new-model/an4-master/model_parameters/an4.cd_ptm_untied/mixture_weights [126x4x64 array]
INFO: main.c(311): 42 of 42 models have observation count greater than 0.000010
INFO: main.c(95): nrm stwt: 0.045 0.909 0.045 
INFO: main.c(411): 42-class entropy: 1.665996e+04
INFO: main.c(549): Reading: /home/rakha/Kuliah/Semester8/nlp/speech-sphinx/train-new-model/an4-master/model_architecture/an4.tree_questions
INFO: main.c(588): 180 total simple questions (172 phone; 8 word bndry)
INFO: main.c(590): 42 Left Only questions, and 42 Right Only questions
INFO: dtree.c(1478): Final simple tree
|( QUESTION0_6_R 1 2.076e+04 7.993e+02 9.969e+02
|    ( QUESTION3 -1 1.706e+04 2.497e+02 8.619e+02
|        ( QUESTION4 -1 7.650e+03 2.251e+02 3.931e+02
|            ( QUESTION2_1_L -1 4.339e+03 2.229e+02 2.280e+02
|                ( - 1.083e+03 1 0)
|                ( - 3.033e+03 1 0))
|            ( - 3.085e+03 5 0 QUESTION7 -1 1.560e+02 1.651e+02))
|        ( QUESTION1 -1 9.157e+03 2.226e+02 4.688e+02
|            ( - 4.051e+03 2 0)
|            ( QUESTION2_0_L -1 4.884e+03 1.636e+02 2.577e+02
|                ( - 2.540e+03 3 0)
|                ( - 2.180e+03 2 0 SILENCE -1 4.889e+01 1.200e+02))))
|    ( QUESTION18 1 2.903e+03 2.588e+02 1.350e+02
|        ( - 1.535e+03 14 0 QUESTION4 -1 1.056e+02 8.099e+01)
|        ( - 1.109e+03 14 0 QUESTION0_1_R 1 1.526e+02 5.401e+01)))
s>    ( QUESTION0_6_R 1 2.076e+04 7.993e+02 9.969e+02
s>        ( QUESTION3 -1 1.706e+04 2.497e+02 8.619e+02
s>            ( QUESTION4 -1 7.650e+03 2.251e+02 3.931e+02
s>                ( QUESTION2_1_L -1 4.339e+03 2.229e+02 2.280e+02
s>                    ( - 1.083e+03 1 0)
s>                    ( - 3.033e+03 1 0))
s>                ( - 3.085e+03 5 0 QUESTION7 -1 1.560e+02 1.651e+02))
s>            ( QUESTION1 -1 9.157e+03 2.226e+02 4.688e+02
s>                ( - 4.051e+03 2 0)
s>                ( QUESTION2_0_L -1 4.884e+03 1.636e+02 2.577e+02
s>                    ( - 2.540e+03 3 0)
s>                    ( - 2.180e+03 2 0 SILENCE -1 4.889e+01 1.200e+02))))
s>        ( QUESTION18 1 2.903e+03 2.588e+02 1.350e+02
s>            ( - 1.535e+03 14 0 QUESTION4 -1 1.056e+02 8.099e+01)
s>            ( - 1.109e+03 14 0 QUESTION0_1_R 1 1.526e+02 5.401e+01)))INFO: dtree.c(1315): Comp split 0
INFO: dtree.c(1478): Final simple tree
|( QUESTION3 -1 1.706e+04 2.497e+02 8.619e+02
|    ( QUESTION4 -1 7.650e+03 2.251e+02 3.931e+02
|        ( QUESTION2_1_L -1 4.339e+03 2.229e+02 2.280e+02
|            ( - 1.083e+03 1 0)
|            ( - 3.033e+03 1 0))
|        ( QUESTION7 -1 3.085e+03 1.560e+02 1.651e+02
|            ( - 1.220e+03 1 0)
|            ( QUESTION2_8_L -1 1.709e+03 1.316e+02 9.502e+01
|                ( - 4.446e+02 1 0)
|                ( - 1.133e+03 3 0 QUESTION20 -1 8.384e+01 6.608e+01))))
|    ( QUESTION1 -1 9.157e+03 2.226e+02 4.688e+02
|        ( - 4.051e+03 2 0)
|        ( QUESTION2_0_L -1 4.884e+03 1.636e+02 2.577e+02
|            ( - 2.540e+03 3 0)
|            ( - 2.180e+03 2 0 SILENCE -1 4.889e+01 1.200e+02))))
s>    ( QUESTION3 -1 1.706e+04 2.497e+02 8.619e+02
s>        ( QUESTION4 -1 7.650e+03 2.251e+02 3.931e+02
s>            ( QUESTION2_1_L -1 4.339e+03 2.229e+02 2.280e+02
s>                ( - 1.083e+03 1 0)
s>                ( - 3.033e+03 1 0))
s>            ( QUESTION7 -1 3.085e+03 1.560e+02 1.651e+02
s>                ( - 1.220e+03 1 0)
s>                ( QUESTION2_8_L -1 1.709e+03 1.316e+02 9.502e+01
s>                    ( - 4.446e+02 1 0)
s>                    ( - 1.133e+03 3 0 QUESTION20 -1 8.384e+01 6.608e+01))))
s>        ( QUESTION1 -1 9.157e+03 2.226e+02 4.688e+02
s>            ( - 4.051e+03 2 0)
s>            ( QUESTION2_0_L -1 4.884e+03 1.636e+02 2.577e+02
s>                ( - 2.540e+03 3 0)
s>                ( - 2.180e+03 2 0 SILENCE -1 4.889e+01 1.200e+02))))INFO: dtree.c(1478): Final simple tree
|( QUESTION18 1 2.903e+03 2.588e+02 1.350e+02
|    ( QUESTION4 -1 1.535e+03 1.056e+02 8.099e+01
|        ( - 3.263e+02 3 0 QUESTION2_1_L -1 5.402e+01 1.900e+01)
|        ( QUESTION2_3_L -1 1.103e+03 8.553e+01 6.199e+01
|            ( - 4.548e+02 3 0 QUESTION1 -1 5.667e+01 2.799e+01)
|            ( QUESTION2_0_L -1 5.625e+02 7.285e+01 3.400e+01
|                ( - 2.129e+02 5 0 QUESTION2_5_L -1 4.842e+01 1.600e+01)
|                ( - 2.767e+02 3 0 QUESTION3 -1 5.031e+01 1.800e+01))))
|    ( QUESTION0_1_R 1 1.109e+03 1.526e+02 5.401e+01
|        ( QUESTION4 -1 6.036e+02 8.462e+01 3.101e+01
|            ( - 3.552e+02 3 0 QUESTION2_1_L -1 5.078e+01 2.201e+01)
|            ( - 1.638e+02 3 0 QUESTION0 -1 3.729e+01 9.000e+00))
|        ( QUESTION4 -1 3.531e+02 6.586e+01 2.300e+01
|            ( - 1.524e+02 5 0 WDBNDRY_B 0 4.297e+01 1.100e+01)
|            ( - 1.349e+02 3 0 QUESTION16 -1 2.744e+01 1.200e+01))))
s>    ( QUESTION18 1 2.903e+03 2.588e+02 1.350e+02
s>        ( QUESTION4 -1 1.535e+03 1.056e+02 8.099e+01
s>            ( - 3.263e+02 3 0 QUESTION2_1_L -1 5.402e+01 1.900e+01)
s>            ( QUESTION2_3_L -1 1.103e+03 8.553e+01 6.199e+01
s>                ( - 4.548e+02 3 0 QUESTION1 -1 5.667e+01 2.799e+01)
s>                ( QUESTION2_0_L -1 5.625e+02 7.285e+01 3.400e+01
s>                    ( - 2.129e+02 5 0 QUESTION2_5_L -1 4.842e+01 1.600e+01)
s>                    ( - 2.767e+02 3 0 QUESTION3 -1 5.031e+01 1.800e+01))))
s>        ( QUESTION0_1_R 1 1.109e+03 1.526e+02 5.401e+01
s>            ( QUESTION4 -1 6.036e+02 8.462e+01 3.101e+01
s>                ( - 3.552e+02 3 0 QUESTION2_1_L -1 5.078e+01 2.201e+01)
s>                ( - 1.638e+02 3 0 QUESTION0 -1 3.729e+01 9.000e+00))
s>            ( QUESTION4 -1 3.531e+02 6.586e+01 2.300e+01
s>                ( - 1.524e+02 5 0 WDBNDRY_B 0 4.297e+01 1.100e+01)
s>                ( - 1.349e+02 3 0 QUESTION16 -1 2.744e+01 1.200e+01))))INFO: dtree.c(1315): Comp split 1
INFO: dtree.c(1439): stop. leaf nodes are specific
INFO: dtree.c(1478): Final simple tree
|( QUESTION4 -1 9.548e+03 2.356e+02 4.902e+02
|    ( - 3.033e+03 1 0)
|    ( QUESTION2_2_L -1 6.279e+03 1.795e+02 3.278e+02
|        ( - 2.540e+03 3 0)
|        ( QUESTION3 -1 3.559e+03 1.588e+02 1.900e+02
|            ( - 1.220e+03 1 0)
|            ( SILENCE -1 2.180e+03 4.889e+01 1.200e+02
|                ( - 2.094e+03 1 0)
|                ( - 3.731e+01 1 0)))))
s>    ( QUESTION4 -1 9.548e+03 2.356e+02 4.902e+02
s>        ( - 3.033e+03 1 0)
s>        ( QUESTION2_2_L -1 6.279e+03 1.795e+02 3.278e+02
s>            ( - 2.540e+03 3 0)
s>            ( QUESTION3 -1 3.559e+03 1.588e+02 1.900e+02
s>                ( - 1.220e+03 1 0)
s>                ( SILENCE -1 2.180e+03 4.889e+01 1.200e+02
s>                    ( - 2.094e+03 1 0)
s>                    ( - 3.731e+01 1 0)))))INFO: dtree.c(1439): stop. leaf nodes are specific
INFO: dtree.c(1478): Final simple tree
|( QUESTION2_2_L -1 7.245e+03 2.203e+02 3.717e+02
|    ( QUESTION0 -1 5.756e+03 1.813e+02 2.963e+02
|        ( - 4.051e+03 2 0)
|        ( QUESTION2_8_L -1 1.524e+03 1.300e+02 8.516e+01
|            ( - 4.446e+02 1 0)
|            ( QUESTION6 -1 9.494e+02 4.676e+01 5.622e+01
|                ( - 5.184e+01 1 0)
|                ( - 8.508e+02 1 0))))
|    ( QUESTION4 -1 1.269e+03 7.706e+01 7.542e+01
|        ( - 1.083e+03 1 0)
|        ( - 1.089e+02 1 0)))
s>    ( QUESTION2_2_L -1 7.245e+03 2.203e+02 3.717e+02
s>        ( QUESTION0 -1 5.756e+03 1.813e+02 2.963e+02
s>            ( - 4.051e+03 2 0)
s>            ( QUESTION2_8_L -1 1.524e+03 1.300e+02 8.516e+01
s>                ( - 4.446e+02 1 0)
s>                ( QUESTION6 -1 9.494e+02 4.676e+01 5.622e+01
s>                    ( - 5.184e+01 1 0)
s>                    ( - 8.508e+02 1 0))))
s>        ( QUESTION4 -1 1.269e+03 7.706e+01 7.542e+01
s>            ( - 1.083e+03 1 0)
s>            ( - 1.089e+02 1 0)))INFO: dtree.c(1315): Comp split 2
INFO: dtree.c(1478): Final simple tree
|( QUESTION0_1_R 1 1.109e+03 1.526e+02 5.401e+01
|    ( QUESTION4 -1 6.036e+02 8.462e+01 3.101e+01
|        ( QUESTION2_1_L -1 3.552e+02 5.078e+01 2.201e+01
|            ( - 6.890e+01 2 0)
|            ( - 2.355e+02 1 0))
|        ( QUESTION0 -1 1.638e+02 3.729e+01 9.000e+00
|            ( - 8.005e+01 1 0)
|            ( - 4.642e+01 2 0 QUESTION6 -1 1.528e+01 4.000e+00)))
|    ( QUESTION4 -1 3.531e+02 6.586e+01 2.300e+01
|        ( WDBNDRY_B 0 1.524e+02 4.297e+01 1.100e+01
|            ( - 5.023e+01 2 0 QUESTION2_1_L -1 1.627e+01 7.000e+00)
|            ( - 5.917e+01 3 0 QUESTION0 1 1.659e+01 4.000e+00))
|        ( QUESTION16 -1 1.349e+02 2.744e+01 1.200e+01
|            ( - 9.875e+01 1 0)
|            ( - 8.727e+00 2 0 QUESTION0 -1 8.273e+00 2.000e+00))))
s>    ( QUESTION0_1_R 1 1.109e+03 1.526e+02 5.401e+01
s>        ( QUESTION4 -1 6.036e+02 8.462e+01 3.101e+01
s>            ( QUESTION2_1_L -1 3.552e+02 5.078e+01 2.201e+01
s>                ( - 6.890e+01 2 0)
s>                ( - 2.355e+02 1 0))
s>            ( QUESTION0 -1 1.638e+02 3.729e+01 9.000e+00
s>                ( - 8.005e+01 1 0)
s>                ( - 4.642e+01 2 0 QUESTION6 -1 1.528e+01 4.000e+00)))
s>        ( QUESTION4 -1 3.531e+02 6.586e+01 2.300e+01
s>            ( WDBNDRY_B 0 1.524e+02 4.297e+01 1.100e+01
s>                ( - 5.023e+01 2 0 QUESTION2_1_L -1 1.627e+01 7.000e+00)
s>                ( - 5.917e+01 3 0 QUESTION0 1 1.659e+01 4.000e+00))
s>            ( QUESTION16 -1 1.349e+02 2.744e+01 1.200e+01
s>                ( - 9.875e+01 1 0)
s>                ( - 8.727e+00 2 0 QUESTION0 -1 8.273e+00 2.000e+00))))INFO: dtree.c(1478): Final simple tree
|( QUESTION4 -1 1.535e+03 1.056e+02 8.099e+01
|    ( QUESTION2_1_L -1 3.263e+02 5.402e+01 1.900e+01
|        ( - 1.067e+02 2 0)
|        ( - 1.655e+02 1 0))
|    ( QUESTION2_3_L -1 1.103e+03 8.553e+01 6.199e+01
|        ( QUESTION1 -1 4.548e+02 5.667e+01 2.799e+01
|            ( - 2.423e+02 1 0)
|            ( - 1.558e+02 2 0))
|        ( QUESTION2_0_L -1 5.625e+02 7.285e+01 3.400e+01
|            ( QUESTION2_5_L -1 2.129e+02 4.842e+01 1.600e+01
|                ( - 5.044e+01 1 0)
|                ( - 1.140e+02 4 0 QUESTION2_9_L -1 2.764e+01 1.000e+01))
|            ( QUESTION3 -1 2.767e+02 5.031e+01 1.800e+01
|                ( - 1.086e+02 1 0)
|                ( - 1.178e+02 2 0 SILENCE -1 2.834e+01 9.000e+00)))))
s>    ( QUESTION4 -1 1.535e+03 1.056e+02 8.099e+01
s>        ( QUESTION2_1_L -1 3.263e+02 5.402e+01 1.900e+01
s>            ( - 1.067e+02 2 0)
s>            ( - 1.655e+02 1 0))
s>        ( QUESTION2_3_L -1 1.103e+03 8.553e+01 6.199e+01
s>            ( QUESTION1 -1 4.548e+02 5.667e+01 2.799e+01
s>                ( - 2.423e+02 1 0)
s>                ( - 1.558e+02 2 0))
s>            ( QUESTION2_0_L -1 5.625e+02 7.285e+01 3.400e+01
s>                ( QUESTION2_5_L -1 2.129e+02 4.842e+01 1.600e+01
s>                    ( - 5.044e+01 1 0)
s>                    ( - 1.140e+02 4 0 QUESTION2_9_L -1 2.764e+01 1.000e+01))
s>                ( QUESTION3 -1 2.767e+02 5.031e+01 1.800e+01
s>                    ( - 1.086e+02 1 0)
s>                    ( - 1.178e+02 2 0 SILENCE -1 2.834e+01 9.000e+00)))))INFO: dtree.c(1315): Comp split 3
INFO: dtree.c(1439): stop. leaf nodes are specific
INFO: dtree.c(1478): Final simple tree
|( QUESTION4 -1 2.382e+03 1.651e+02 1.316e+02
|    ( - 1.083e+03 1 0)
|    ( QUESTION20 -1 1.133e+03 8.384e+01 6.608e+01
|        ( - 8.508e+02 1 0)
|        ( QUESTION6 -1 1.986e+02 3.790e+01 1.586e+01
|            ( - 5.184e+01 1 0)
|            ( - 1.089e+02 1 0))))
s>    ( QUESTION4 -1 2.382e+03 1.651e+02 1.316e+02
s>        ( - 1.083e+03 1 0)
s>        ( QUESTION20 -1 1.133e+03 8.384e+01 6.608e+01
s>            ( - 8.508e+02 1 0)
s>            ( QUESTION6 -1 1.986e+02 3.790e+01 1.586e+01
s>                ( - 5.184e+01 1 0)
s>                ( - 1.089e+02 1 0))))INFO: dtree.c(1439): stop. leaf nodes are specific
INFO: dtree.c(1478): Final simple tree
|( QUESTION0 -1 4.627e+03 1.317e+02 2.401e+02
|    ( - 4.051e+03 2 0)
|    ( - 4.446e+02 1 0))
s>    ( QUESTION0 -1 4.627e+03 1.317e+02 2.401e+02
s>        ( - 4.051e+03 2 0)
s>        ( - 4.446e+02 1 0))INFO: dtree.c(1315): Comp split 4
INFO: dtree.c(1439): stop. leaf nodes are specific
INFO: dtree.c(1478): Final simple tree
|( QUESTION2_2_L -1 6.279e+03 1.795e+02 3.278e+02
|    ( - 2.540e+03 3 0)
|    ( QUESTION3 -1 3.559e+03 1.588e+02 1.900e+02
|        ( - 1.220e+03 1 0)
|        ( SILENCE -1 2.180e+03 4.889e+01 1.200e+02
|            ( - 2.094e+03 1 0)
|            ( - 3.731e+01 1 0))))
s>    ( QUESTION2_2_L -1 6.279e+03 1.795e+02 3.278e+02
s>        ( - 2.540e+03 3 0)
s>        ( QUESTION3 -1 3.559e+03 1.588e+02 1.900e+02
s>            ( - 1.220e+03 1 0)
s>            ( SILENCE -1 2.180e+03 4.889e+01 1.200e+02
s>                ( - 2.094e+03 1 0)
s>                ( - 3.731e+01 1 0))))INFO: dtree.c(1315): Comp split 5
INFO: dtree.c(1439): stop. leaf nodes are specific
INFO: dtree.c(1478): Final simple tree
|( QUESTION3 -1 3.559e+03 1.588e+02 1.900e+02
|    ( - 1.220e+03 1 0)
|    ( SILENCE -1 2.180e+03 4.889e+01 1.200e+02
|        ( - 2.094e+03 1 0)
|        ( - 3.731e+01 1 0)))
s>    ( QUESTION3 -1 3.559e+03 1.588e+02 1.900e+02
s>        ( - 1.220e+03 1 0)
s>        ( SILENCE -1 2.180e+03 4.889e+01 1.200e+02
s>            ( - 2.094e+03 1 0)
s>            ( - 3.731e+01 1 0)))INFO: dtree.c(1315): Comp split 6
INFO: dtree.c(1439): stop. leaf nodes are specific
INFO: dtree.c(1478): Final simple tree
|( QUESTION20 -1 1.133e+03 8.384e+01 6.608e+01
|    ( - 8.508e+02 1 0)
|    ( QUESTION6 -1 1.986e+02 3.790e+01 1.586e+01
|        ( - 5.184e+01 1 0)
|        ( - 1.089e+02 1 0)))
s>    ( QUESTION20 -1 1.133e+03 8.384e+01 6.608e+01
s>        ( - 8.508e+02 1 0)
s>        ( QUESTION6 -1 1.986e+02 3.790e+01 1.586e+01
s>            ( - 5.184e+01 1 0)
s>            ( - 1.089e+02 1 0)))INFO: dtree.c(1315): Comp split 7
INFO: dtree.c(1439): stop. leaf nodes are specific
INFO: dtree.c(1478): Final simple tree
|( SILENCE -1 2.180e+03 4.889e+01 1.200e+02
|    ( - 2.094e+03 1 0)
|    ( - 3.731e+01 1 0))
s>    ( SILENCE -1 2.180e+03 4.889e+01 1.200e+02
s>        ( - 2.094e+03 1 0)
s>        ( - 3.731e+01 1 0))INFO: dtree.c(1315): Comp split 8
INFO: dtree.c(1478): Final simple tree
|( QUESTION4 -1 3.531e+02 6.586e+01 2.300e+01
|    ( WDBNDRY_B 0 1.524e+02 4.297e+01 1.100e+01
|        ( QUESTION2_1_L -1 5.023e+01 1.627e+01 7.000e+00
|            ( - 0.000e+00 1 0)
|            ( - 3.396e+01 1 0))
|        ( QUESTION0 1 5.917e+01 1.659e+01 4.000e+00
|            ( - 3.118e+00 1 0)
|            ( QUESTION0_8_R 1 3.946e+01 9.379e+00 3.000e+00
|                ( - 2.792e+01 1 0)
|                ( - 2.160e+00 1 0))))
|    ( QUESTION16 -1 1.349e+02 2.744e+01 1.200e+01
|        ( - 9.875e+01 1 0)
|        ( QUESTION0 -1 8.727e+00 8.273e+00 2.000e+00
|            ( - 2.727e-01 1 0)
|            ( - 1.818e-01 1 0))))
s>    ( QUESTION4 -1 3.531e+02 6.586e+01 2.300e+01
s>        ( WDBNDRY_B 0 1.524e+02 4.297e+01 1.100e+01
s>            ( QUESTION2_1_L -1 5.023e+01 1.627e+01 7.000e+00
s>                ( - 0.000e+00 1 0)
s>                ( - 3.396e+01 1 0))
s>            ( QUESTION0 1 5.917e+01 1.659e+01 4.000e+00
s>                ( - 3.118e+00 1 0)
s>                ( QUESTION0_8_R 1 3.946e+01 9.379e+00 3.000e+00
s>                    ( - 2.792e+01 1 0)
s>                    ( - 2.160e+00 1 0))))
s>        ( QUESTION16 -1 1.349e+02 2.744e+01 1.200e+01
s>            ( - 9.875e+01 1 0)
s>            ( QUESTION0 -1 8.727e+00 8.273e+00 2.000e+00
s>                ( - 2.727e-01 1 0)
s>                ( - 1.818e-01 1 0))))INFO: dtree.c(1439): stop. leaf nodes are specific
INFO: dtree.c(1478): Final simple tree
|( QUESTION4 -1 6.036e+02 8.462e+01 3.101e+01
|    ( QUESTION2_1_L -1 3.552e+02 5.078e+01 2.201e+01
|        ( - 6.890e+01 2 0)
|        ( - 2.355e+02 1 0))
|    ( QUESTION0 -1 1.638e+02 3.729e+01 9.000e+00
|        ( - 8.005e+01 1 0)
|        ( QUESTION6 -1 4.642e+01 1.528e+01 4.000e+00
|            ( - 1.154e+01 1 0)
|            ( - 1.959e+01 1 0))))
s>    ( QUESTION4 -1 6.036e+02 8.462e+01 3.101e+01
s>        ( QUESTION2_1_L -1 3.552e+02 5.078e+01 2.201e+01
s>            ( - 6.890e+01 2 0)
s>            ( - 2.355e+02 1 0))
s>        ( QUESTION0 -1 1.638e+02 3.729e+01 9.000e+00
s>            ( - 8.005e+01 1 0)
s>            ( QUESTION6 -1 4.642e+01 1.528e+01 4.000e+00
s>                ( - 1.154e+01 1 0)
s>                ( - 1.959e+01 1 0))))INFO: dtree.c(1315): Comp split 9
INFO: dtree.c(1315): Comp split 10
INFO: dtree.c(1439): stop. leaf nodes are specific
INFO: dtree.c(1478): Final simple tree
|( QUESTION4 -1 6.476e+02 7.154e+01 3.799e+01
|    ( - 1.655e+02 1 0)
|    ( QUESTION0 -1 4.106e+02 5.422e+01 2.699e+01
|        ( - 2.423e+02 1 0)
|        ( QUESTION2_9_L -1 1.140e+02 2.764e+01 1.000e+01
|            ( - 2.079e+01 1 0)
|            ( QUESTION7 -1 6.559e+01 2.133e+01 7.000e+00
|                ( - 5.727e+00 1 0)
|                ( QUESTION6 -1 3.853e+01 1.220e+01 5.000e+00
|                    ( - 9.409e+00 1 0)
|                    ( - 1.692e+01 1 0))))))
s>    ( QUESTION4 -1 6.476e+02 7.154e+01 3.799e+01
s>        ( - 1.655e+02 1 0)
s>        ( QUESTION0 -1 4.106e+02 5.422e+01 2.699e+01
s>            ( - 2.423e+02 1 0)
s>            ( QUESTION2_9_L -1 1.140e+02 2.764e+01 1.000e+01
s>                ( - 2.079e+01 1 0)
s>                ( QUESTION7 -1 6.559e+01 2.133e+01 7.000e+00
s>                    ( - 5.727e+00 1 0)
s>                    ( QUESTION6 -1 3.853e+01 1.220e+01 5.000e+00
s>                        ( - 9.409e+00 1 0)
s>                        ( - 1.692e+01 1 0))))))INFO: dtree.c(1439): stop. leaf nodes are specific
INFO: dtree.c(1478): Final simple tree
|( QUESTION3 -1 7.646e+02 8.411e+01 4.300e+01
|    ( QUESTION17 -1 3.560e+02 5.050e+01 2.300e+01
|        ( - 1.086e+02 1 0)
|        ( QUESTION4 -1 1.968e+02 3.967e+01 1.400e+01
|            ( - 1.067e+02 2 0)
|            ( - 5.044e+01 1 0)))
|    ( QUESTION2_0_L -1 3.246e+02 5.099e+01 2.000e+01
|        ( - 1.558e+02 2 0)
|        ( SILENCE -1 1.178e+02 2.834e+01 9.000e+00
|            ( - 5.073e+01 1 0)
|            ( - 3.872e+01 1 0))))
s>    ( QUESTION3 -1 7.646e+02 8.411e+01 4.300e+01
s>        ( QUESTION17 -1 3.560e+02 5.050e+01 2.300e+01
s>            ( - 1.086e+02 1 0)
s>            ( QUESTION4 -1 1.968e+02 3.967e+01 1.400e+01
s>                ( - 1.067e+02 2 0)
s>                ( - 5.044e+01 1 0)))
s>        ( QUESTION2_0_L -1 3.246e+02 5.099e+01 2.000e+01
s>            ( - 1.558e+02 2 0)
s>            ( SILENCE -1 1.178e+02 2.834e+01 9.000e+00
s>                ( - 5.073e+01 1 0)
s>                ( - 3.872e+01 1 0))))INFO: dtree.c(1315): Comp split 11
INFO: dtree.c(1439): stop. leaf nodes are specific
INFO: dtree.c(1478): Final simple tree
|( QUESTION2_3_L -1 4.234e+02 6.315e+01 2.600e+01
|    ( - 1.558e+02 2 0)
|    ( QUESTION3 -1 2.045e+02 3.626e+01 1.500e+01
|        ( - 5.044e+01 1 0)
|        ( SILENCE -1 1.178e+02 2.834e+01 9.000e+00
|            ( - 5.073e+01 1 0)
|            ( - 3.872e+01 1 0))))
s>    ( QUESTION2_3_L -1 4.234e+02 6.315e+01 2.600e+01
s>        ( - 1.558e+02 2 0)
s>        ( QUESTION3 -1 2.045e+02 3.626e+01 1.500e+01
s>            ( - 5.044e+01 1 0)
s>            ( SILENCE -1 1.178e+02 2.834e+01 9.000e+00
s>                ( - 5.073e+01 1 0)
s>                ( - 3.872e+01 1 0))))INFO: dtree.c(1439): stop. leaf nodes are specific
INFO: dtree.c(1478): Final simple tree
|( QUESTION4 -1 2.562e+02 4.082e+01 1.700e+01
|    ( - 1.067e+02 2 0)
|    ( - 1.086e+02 1 0))
s>    ( QUESTION4 -1 2.562e+02 4.082e+01 1.700e+01
s>        ( - 1.067e+02 2 0)
s>        ( - 1.086e+02 1 0))INFO: dtree.c(1315): Comp split 12
INFO: dtree.c(1439): stop. leaf nodes are specific
INFO: dtree.c(1478): Final simple tree
|( QUESTION0 -1 1.638e+02 3.729e+01 9.000e+00
|    ( - 8.005e+01 1 0)
|    ( QUESTION6 -1 4.642e+01 1.528e+01 4.000e+00
|        ( - 1.154e+01 1 0)
|        ( - 1.959e+01 1 0)))
s>    ( QUESTION0 -1 1.638e+02 3.729e+01 9.000e+00
s>        ( - 8.005e+01 1 0)
s>        ( QUESTION6 -1 4.642e+01 1.528e+01 4.000e+00
s>            ( - 1.154e+01 1 0)
s>            ( - 1.959e+01 1 0)))INFO: dtree.c(1439): stop. leaf nodes are specific
INFO: dtree.c(1478): Final simple tree
|( QUESTION2_1_L -1 3.552e+02 5.078e+01 2.201e+01
|    ( - 6.890e+01 2 0)
|    ( - 2.355e+02 1 0))
s>    ( QUESTION2_1_L -1 3.552e+02 5.078e+01 2.201e+01
s>        ( - 6.890e+01 2 0)
s>        ( - 2.355e+02 1 0))INFO: dtree.c(1315): Comp split 13
INFO: dtree.c(1439): stop. leaf nodes are specific
INFO: dtree.c(1478): Final simple tree
|( QUESTION6 -1 1.986e+02 3.790e+01 1.586e+01
|    ( - 5.184e+01 1 0)
|    ( - 1.089e+02 1 0))
s>    ( QUESTION6 -1 1.986e+02 3.790e+01 1.586e+01
s>        ( - 5.184e+01 1 0)
s>        ( - 1.089e+02 1 0))INFO: dtree.c(1315): Comp split 14
INFO: dtree.c(1439): stop. leaf nodes are specific
INFO: dtree.c(1478): Final simple tree
|( QUESTION0 -1 3.223e+02 4.146e+01 2.199e+01
|    ( - 2.423e+02 1 0)
|    ( QUESTION6 -1 3.853e+01 1.220e+01 5.000e+00
|        ( - 9.409e+00 1 0)
|        ( - 1.692e+01 1 0)))
s>    ( QUESTION0 -1 3.223e+02 4.146e+01 2.199e+01
s>        ( - 2.423e+02 1 0)
s>        ( QUESTION6 -1 3.853e+01 1.220e+01 5.000e+00
s>            ( - 9.409e+00 1 0)
s>            ( - 1.692e+01 1 0)))INFO: dtree.c(1439): stop. leaf nodes are specific
INFO: dtree.c(1478): Final simple tree
|( QUESTION4 -1 2.428e+02 3.965e+01 1.600e+01
|    ( - 1.655e+02 1 0)
|    ( QUESTION6 -1 3.765e+01 1.113e+01 5.000e+00
|        ( - 5.727e+00 1 0)
|        ( - 2.079e+01 1 0)))
s>    ( QUESTION4 -1 2.428e+02 3.965e+01 1.600e+01
s>        ( - 1.655e+02 1 0)
s>        ( QUESTION6 -1 3.765e+01 1.113e+01 5.000e+00
s>            ( - 5.727e+00 1 0)
s>            ( - 2.079e+01 1 0)))INFO: dtree.c(1315): Comp split 15
INFO: dtree.c(1439): stop. leaf nodes are specific
INFO: dtree.c(1478): Final simple tree
|( WDBNDRY_B 0 1.753e+02 3.712e+01 1.300e+01
|    ( - 9.875e+01 1 0)
|    ( QUESTION0_8_R 1 3.946e+01 9.379e+00 3.000e+00
|        ( - 2.792e+01 1 0)
|        ( - 2.160e+00 1 0)))
s>    ( WDBNDRY_B 0 1.753e+02 3.712e+01 1.300e+01
s>        ( - 9.875e+01 1 0)
s>        ( QUESTION0_8_R 1 3.946e+01 9.379e+00 3.000e+00
s>            ( - 2.792e+01 1 0)
s>            ( - 2.160e+00 1 0)))INFO: dtree.c(1439): stop. leaf nodes are specific
INFO: dtree.c(1478): Final simple tree
|( QUESTION2_4_L -1 1.080e+02 3.357e+01 1.000e+01
|    ( WDBNDRY_B 0 5.456e+01 1.748e+01 7.000e+00
|        ( - 3.396e+01 1 0)
|        ( - 3.118e+00 1 0))
|    ( QUESTION0 -1 1.990e+01 1.131e+01 3.000e+00
|        ( - 2.727e-01 1 0)
|        ( QUESTION4 -1 8.319e+00 8.137e+00 2.000e+00
|            ( - 0.000e+00 1 0)
|            ( - 1.818e-01 1 0))))
s>    ( QUESTION2_4_L -1 1.080e+02 3.357e+01 1.000e+01
s>        ( WDBNDRY_B 0 5.456e+01 1.748e+01 7.000e+00
s>            ( - 3.396e+01 1 0)
s>            ( - 3.118e+00 1 0))
s>        ( QUESTION0 -1 1.990e+01 1.131e+01 3.000e+00
s>            ( - 2.727e-01 1 0)
s>            ( QUESTION4 -1 8.319e+00 8.137e+00 2.000e+00
s>                ( - 0.000e+00 1 0)
s>                ( - 1.818e-01 1 0))))INFO: dtree.c(1315): Comp split 16
INFO: dtree.c(1439): stop. leaf nodes are specific
INFO: dtree.c(1478): Final simple tree
|( QUESTION3 -1 2.045e+02 3.626e+01 1.500e+01
|    ( - 5.044e+01 1 0)
|    ( SILENCE -1 1.178e+02 2.834e+01 9.000e+00
|        ( - 5.073e+01 1 0)
|        ( - 3.872e+01 1 0)))
s>    ( QUESTION3 -1 2.045e+02 3.626e+01 1.500e+01
s>        ( - 5.044e+01 1 0)
s>        ( SILENCE -1 1.178e+02 2.834e+01 9.000e+00
s>            ( - 5.073e+01 1 0)
s>            ( - 3.872e+01 1 0)))INFO: dtree.c(1315): Comp split 17
INFO: dtree.c(1315): Comp split 18
INFO: dtree.c(1315): Comp split 19
INFO: dtree.c(1439): stop. leaf nodes are specific
INFO: dtree.c(1478): Final simple tree
|( QUESTION6 -1 3.853e+01 1.220e+01 5.000e+00
|    ( - 9.409e+00 1 0)
|    ( - 1.692e+01 1 0))
s>    ( QUESTION6 -1 3.853e+01 1.220e+01 5.000e+00
s>        ( - 9.409e+00 1 0)
s>        ( - 1.692e+01 1 0))INFO: dtree.c(1315): Comp split 20
INFO: dtree.c(1315): Comp split 21
INFO: dtree.c(1439): stop. leaf nodes are specific
INFO: dtree.c(1478): Final simple tree
|( QUESTION6 -1 3.765e+01 1.113e+01 5.000e+00
|    ( - 5.727e+00 1 0)
|    ( - 2.079e+01 1 0))
s>    ( QUESTION6 -1 3.765e+01 1.113e+01 5.000e+00
s>        ( - 5.727e+00 1 0)
s>        ( - 2.079e+01 1 0))INFO: dtree.c(1315): Comp split 22
INFO: dtree.c(1315): Comp split 23
INFO: dtree.c(1439): stop. leaf nodes are specific
INFO: dtree.c(1478): Final simple tree
|( QUESTION6 -1 4.642e+01 1.528e+01 4.000e+00
|    ( - 1.154e+01 1 0)
|    ( - 1.959e+01 1 0))
s>    ( QUESTION6 -1 4.642e+01 1.528e+01 4.000e+00
s>        ( - 1.154e+01 1 0)
s>        ( - 1.959e+01 1 0))INFO: dtree.c(1315): Comp split 24
INFO: dtree.c(1439): stop. leaf nodes are specific
INFO: dtree.c(1478): Final simple tree
|( QUESTION0_8_R 1 3.946e+01 9.379e+00 3.000e+00
|    ( - 2.792e+01 1 0)
|    ( - 2.160e+00 1 0))
s>    ( QUESTION0_8_R 1 3.946e+01 9.379e+00 3.000e+00
s>        ( - 2.792e+01 1 0)
s>        ( - 2.160e+00 1 0))INFO: dtree.c(1315): Comp split 25
INFO: dtree.c(1439): stop. leaf nodes are specific
INFO: dtree.c(1478): Final simple tree
|( QUESTION4 -1 3.737e+01 1.719e+01 4.000e+00
|    ( WDBNDRY_B 0 1.145e+01 8.336e+00 2.000e+00
|        ( - 0.000e+00 1 0)
|        ( - 3.118e+00 1 0))
|    ( QUESTION0 -1 8.727e+00 8.273e+00 2.000e+00
|        ( - 2.727e-01 1 0)
|        ( - 1.818e-01 1 0)))
s>    ( QUESTION4 -1 3.737e+01 1.719e+01 4.000e+00
s>        ( WDBNDRY_B 0 1.145e+01 8.336e+00 2.000e+00
s>            ( - 0.000e+00 1 0)
s>            ( - 3.118e+00 1 0))
s>        ( QUESTION0 -1 8.727e+00 8.273e+00 2.000e+00
s>            ( - 2.727e-01 1 0)
s>            ( - 1.818e-01 1 0)))INFO: dtree.c(1315): Comp split 26
INFO: dtree.c(1439): stop. leaf nodes are specific
INFO: dtree.c(1478): Final simple tree
|( SILENCE -1 1.178e+02 2.834e+01 9.000e+00
|    ( - 5.073e+01 1 0)
|    ( - 3.872e+01 1 0))
s>    ( SILENCE -1 1.178e+02 2.834e+01 9.000e+00
s>        ( - 5.073e+01 1 0)
s>        ( - 3.872e+01 1 0))INFO: dtree.c(1315): Comp split 27
INFO: dtree.c(1315): Comp split 28
INFO: dtree.c(1439): stop. leaf nodes are specific
INFO: dtree.c(1478): Final simple tree
|( QUESTION0 -1 8.727e+00 8.273e+00 2.000e+00
|    ( - 2.727e-01 1 0)
|    ( - 1.818e-01 1 0))
s>    ( QUESTION0 -1 8.727e+00 8.273e+00 2.000e+00
s>        ( - 2.727e-01 1 0)
s>        ( - 1.818e-01 1 0))INFO: dtree.c(1439): stop. leaf nodes are specific
INFO: dtree.c(1478): Final simple tree
|( WDBNDRY_B 0 1.145e+01 8.336e+00 2.000e+00
|    ( - 0.000e+00 1 0)
|    ( - 3.118e+00 1 0))
s>    ( WDBNDRY_B 0 1.145e+01 8.336e+00 2.000e+00
s>        ( - 0.000e+00 1 0)
s>        ( - 3.118e+00 1 0))INFO: dtree.c(1315): Comp split 29
INFO: dtree.c(1315): Comp split 30
INFO: dtree.c(1315): Comp split 31
INFO: dtree.c(1315): Comp split 32
INFO: dtree.c(1315): Comp split 33
INFO: dtree.c(1315): Comp split 34
INFO: dtree.c(1315): Comp split 35
INFO: dtree.c(1318): stop. leaf nodes are specific
Mon May 23 22:39:55 2022
