Current configuration:
[NAME]		[DEFLT]	[VALUE]
-allphones	no	no
-cntthresh	0.00001	1.000000e-05
-csplitmax	100	2000
-csplitmin	1	1
-csplitthr	8e-4	0.000000e+00
-example	no	no
-fullvar	no	no
-help		no	no
-meanfn			
-mixwfn			/home/rakha/Kuliah/Semester8/nlp/speech-sphinx/train-new-model/an4-master/model_parameters/an4.cd_ptm_untied/mixture_weights
-moddeffn		/home/rakha/Kuliah/Semester8/nlp/speech-sphinx/train-new-model/an4-master/model_architecture/an4.untied.mdef
-mwfloor	1e-4	1.000000e-08
-phone			IH
-psetfn			/home/rakha/Kuliah/Semester8/nlp/speech-sphinx/train-new-model/an4-master/model_architecture/an4.tree_questions
-ssplitmax	5	7
-ssplitmin	1	1
-ssplitthr	8e-4	0.000000e+00
-state			2
-stwt			1.0,0.05,0.0,
-treefn			/home/rakha/Kuliah/Semester8/nlp/speech-sphinx/train-new-model/an4-master/trees/an4.unpruned/IH-2.dtree
-ts2cbfn	.semi.	.semi.
-varfloor	0.00001	1.000000e-05
-varfn			

INFO: main.c(223): Reading: /home/rakha/Kuliah/Semester8/nlp/speech-sphinx/train-new-model/an4-master/model_architecture/an4.untied.mdef
INFO: model_def_io.c(573): Model definition info:
INFO: model_def_io.c(574): 1618 total models defined (34 base, 1584 tri)
INFO: model_def_io.c(575): 6472 total states
INFO: model_def_io.c(576): 4854 total tied states
INFO: model_def_io.c(577): 102 total tied CI states
INFO: model_def_io.c(578): 34 total tied transition matrices
INFO: model_def_io.c(579): 4 max state/model
INFO: model_def_io.c(580): 4 min state/model
INFO: main.c(242): Building trees for [IH D S i] through [IH Z R i]
INFO: main.c(269): Covering states |[1809 1835]| == 27
INFO: main.c(275): Reading: /home/rakha/Kuliah/Semester8/nlp/speech-sphinx/train-new-model/an4-master/model_parameters/an4.cd_ptm_untied/mixture_weights
INFO: s3mixw_io.c(173): Read /home/rakha/Kuliah/Semester8/nlp/speech-sphinx/train-new-model/an4-master/model_parameters/an4.cd_ptm_untied/mixture_weights [27x4x64 array]
INFO: main.c(311): 9 of 9 models have observation count greater than 0.000010
INFO: main.c(95): nrm stwt: 0.000 0.048 0.952 
INFO: main.c(411): 9-class entropy: 1.845642e+04
INFO: main.c(549): Reading: /home/rakha/Kuliah/Semester8/nlp/speech-sphinx/train-new-model/an4-master/model_architecture/an4.tree_questions
INFO: main.c(588): 180 total simple questions (172 phone; 8 word bndry)
INFO: main.c(590): 42 Left Only questions, and 42 Right Only questions
INFO: dtree.c(1478): Final simple tree
|( QUESTION0_10_R 1 2.177e+04 1.594e+03 1.102e+03
|    ( - 1.229e+04 1 0)
|    ( QUESTION0_0_R 1 7.877e+03 8.846e+02 4.032e+02
|        ( QUESTION3 -1 3.544e+03 2.274e+02 2.103e+02
|            ( WDBNDRY_B 0 1.294e+03 6.601e+01 8.463e+01
|                ( - 4.974e+01 1 0)
|                ( - 1.178e+03 1 0))
|            ( QUESTION0_5_R 1 2.023e+03 1.378e+02 1.257e+02
|                ( - 8.500e+01 2 0 SILENCE -1 1.397e+01 9.000e+00)
|                ( - 1.800e+03 1 0)))
|        ( QUESTION0_15_R 1 3.449e+03 3.463e+02 1.929e+02
|            ( - 2.242e+03 1 0)
|            ( QUESTION0_8_R 1 8.607e+02 3.954e+01 5.600e+01
|                ( - 4.430e+00 1 0)
|                ( - 8.167e+02 1 0)))))
s>    ( QUESTION0_10_R 1 2.177e+04 1.594e+03 1.102e+03
s>        ( - 1.229e+04 1 0)
s>        ( QUESTION0_0_R 1 7.877e+03 8.846e+02 4.032e+02
s>            ( QUESTION3 -1 3.544e+03 2.274e+02 2.103e+02
s>                ( WDBNDRY_B 0 1.294e+03 6.601e+01 8.463e+01
s>                    ( - 4.974e+01 1 0)
s>                    ( - 1.178e+03 1 0))
s>                ( QUESTION0_5_R 1 2.023e+03 1.378e+02 1.257e+02
s>                    ( - 8.500e+01 2 0 SILENCE -1 1.397e+01 9.000e+00)
s>                    ( - 1.800e+03 1 0)))
s>            ( QUESTION0_15_R 1 3.449e+03 3.463e+02 1.929e+02
s>                ( - 2.242e+03 1 0)
s>                ( QUESTION0_8_R 1 8.607e+02 3.954e+01 5.600e+01
s>                    ( - 4.430e+00 1 0)
s>                    ( - 8.167e+02 1 0)))))INFO: dtree.c(1315): Comp split 0
INFO: dtree.c(1478): Final simple tree
|( QUESTION0_0_R 1 7.877e+03 8.846e+02 4.032e+02
|    ( QUESTION3 -1 3.544e+03 2.274e+02 2.103e+02
|        ( WDBNDRY_B 0 1.294e+03 6.601e+01 8.463e+01
|            ( - 4.974e+01 1 0)
|            ( - 1.178e+03 1 0))
|        ( QUESTION0_5_R 1 2.023e+03 1.378e+02 1.257e+02
|            ( SILENCE -1 8.500e+01 1.397e+01 9.000e+00
|                ( - 7.103e+01 1 0)
|                ( - 0.000e+00 1 0))
|            ( - 1.800e+03 1 0)))
|    ( QUESTION0_15_R 1 3.449e+03 3.463e+02 1.929e+02
|        ( - 2.242e+03 1 0)
|        ( QUESTION0_8_R 1 8.607e+02 3.954e+01 5.600e+01
|            ( - 4.430e+00 1 0)
|            ( - 8.167e+02 1 0))))
s>    ( QUESTION0_0_R 1 7.877e+03 8.846e+02 4.032e+02
s>        ( QUESTION3 -1 3.544e+03 2.274e+02 2.103e+02
s>            ( WDBNDRY_B 0 1.294e+03 6.601e+01 8.463e+01
s>                ( - 4.974e+01 1 0)
s>                ( - 1.178e+03 1 0))
s>            ( QUESTION0_5_R 1 2.023e+03 1.378e+02 1.257e+02
s>                ( SILENCE -1 8.500e+01 1.397e+01 9.000e+00
s>                    ( - 7.103e+01 1 0)
s>                    ( - 0.000e+00 1 0))
s>                ( - 1.800e+03 1 0)))
s>        ( QUESTION0_15_R 1 3.449e+03 3.463e+02 1.929e+02
s>            ( - 2.242e+03 1 0)
s>            ( QUESTION0_8_R 1 8.607e+02 3.954e+01 5.600e+01
s>                ( - 4.430e+00 1 0)
s>                ( - 8.167e+02 1 0))))INFO: dtree.c(1315): Comp split 1
INFO: dtree.c(1439): stop. leaf nodes are specific
INFO: dtree.c(1478): Final simple tree
|( QUESTION3 -1 3.544e+03 2.274e+02 2.103e+02
|    ( WDBNDRY_B 0 1.294e+03 6.601e+01 8.463e+01
|        ( - 4.974e+01 1 0)
|        ( - 1.178e+03 1 0))
|    ( QUESTION0_5_R 1 2.023e+03 1.378e+02 1.257e+02
|        ( SILENCE -1 8.500e+01 1.397e+01 9.000e+00
|            ( - 7.103e+01 1 0)
|            ( - 0.000e+00 1 0))
|        ( - 1.800e+03 1 0)))
s>    ( QUESTION3 -1 3.544e+03 2.274e+02 2.103e+02
s>        ( WDBNDRY_B 0 1.294e+03 6.601e+01 8.463e+01
s>            ( - 4.974e+01 1 0)
s>            ( - 1.178e+03 1 0))
s>        ( QUESTION0_5_R 1 2.023e+03 1.378e+02 1.257e+02
s>            ( SILENCE -1 8.500e+01 1.397e+01 9.000e+00
s>                ( - 7.103e+01 1 0)
s>                ( - 0.000e+00 1 0))
s>            ( - 1.800e+03 1 0)))INFO: dtree.c(1439): stop. leaf nodes are specific
INFO: dtree.c(1478): Final simple tree
|( QUESTION0_15_R 1 3.449e+03 3.463e+02 1.929e+02
|    ( - 2.242e+03 1 0)
|    ( QUESTION0_8_R 1 8.607e+02 3.954e+01 5.600e+01
|        ( - 4.430e+00 1 0)
|        ( - 8.167e+02 1 0)))
s>    ( QUESTION0_15_R 1 3.449e+03 3.463e+02 1.929e+02
s>        ( - 2.242e+03 1 0)
s>        ( QUESTION0_8_R 1 8.607e+02 3.954e+01 5.600e+01
s>            ( - 4.430e+00 1 0)
s>            ( - 8.167e+02 1 0)))INFO: dtree.c(1315): Comp split 2
INFO: dtree.c(1439): stop. leaf nodes are specific
INFO: dtree.c(1478): Final simple tree
|( QUESTION0_8_R 1 8.607e+02 3.954e+01 5.600e+01
|    ( - 4.430e+00 1 0)
|    ( - 8.167e+02 1 0))
s>    ( QUESTION0_8_R 1 8.607e+02 3.954e+01 5.600e+01
s>        ( - 4.430e+00 1 0)
s>        ( - 8.167e+02 1 0))INFO: dtree.c(1315): Comp split 3
INFO: dtree.c(1439): stop. leaf nodes are specific
INFO: dtree.c(1478): Final simple tree
|( QUESTION0_5_R 1 2.023e+03 1.378e+02 1.257e+02
|    ( SILENCE -1 8.500e+01 1.397e+01 9.000e+00
|        ( - 7.103e+01 1 0)
|        ( - 0.000e+00 1 0))
|    ( - 1.800e+03 1 0))
s>    ( QUESTION0_5_R 1 2.023e+03 1.378e+02 1.257e+02
s>        ( SILENCE -1 8.500e+01 1.397e+01 9.000e+00
s>            ( - 7.103e+01 1 0)
s>            ( - 0.000e+00 1 0))
s>        ( - 1.800e+03 1 0))INFO: dtree.c(1439): stop. leaf nodes are specific
INFO: dtree.c(1478): Final simple tree
|( WDBNDRY_B 0 1.294e+03 6.601e+01 8.463e+01
|    ( - 4.974e+01 1 0)
|    ( - 1.178e+03 1 0))
s>    ( WDBNDRY_B 0 1.294e+03 6.601e+01 8.463e+01
s>        ( - 4.974e+01 1 0)
s>        ( - 1.178e+03 1 0))INFO: dtree.c(1315): Comp split 4
INFO: dtree.c(1439): stop. leaf nodes are specific
INFO: dtree.c(1478): Final simple tree
|( SILENCE -1 8.500e+01 1.397e+01 9.000e+00
|    ( - 7.103e+01 1 0)
|    ( - 0.000e+00 1 0))
s>    ( SILENCE -1 8.500e+01 1.397e+01 9.000e+00
s>        ( - 7.103e+01 1 0)
s>        ( - 0.000e+00 1 0))INFO: dtree.c(1315): Comp split 5
INFO: dtree.c(1315): Comp split 6
INFO: dtree.c(1315): Comp split 7
INFO: dtree.c(1315): Comp split 8
INFO: dtree.c(1318): stop. leaf nodes are specific
Mon May 23 22:39:48 2022
