Current configuration:
[NAME]		[DEFLT]	[VALUE]
-allphones	no	no
-cntthresh	0.00001	1.000000e-05
-csplitmax	100	2000
-csplitmin	1	1
-csplitthr	8e-4	0.000000e+00
-example	no	no
-fullvar	no	no
-help		no	no
-meanfn			
-mixwfn			/home/rakha/Kuliah/Semester8/nlp/speech-sphinx/train-new-model/an4-master/model_parameters/an4.cd_ptm_untied/mixture_weights
-moddeffn		/home/rakha/Kuliah/Semester8/nlp/speech-sphinx/train-new-model/an4-master/model_architecture/an4.untied.mdef
-mwfloor	1e-4	1.000000e-08
-phone			L
-psetfn			/home/rakha/Kuliah/Semester8/nlp/speech-sphinx/train-new-model/an4-master/model_architecture/an4.tree_questions
-ssplitmax	5	7
-ssplitmin	1	1
-ssplitthr	8e-4	0.000000e+00
-state			0
-stwt			1.0,0.05,0.0,
-treefn			/home/rakha/Kuliah/Semester8/nlp/speech-sphinx/train-new-model/an4-master/trees/an4.unpruned/L-0.dtree
-ts2cbfn	.semi.	.semi.
-varfloor	0.00001	1.000000e-05
-varfn			

INFO: main.c(223): Reading: /home/rakha/Kuliah/Semester8/nlp/speech-sphinx/train-new-model/an4-master/model_architecture/an4.untied.mdef
INFO: model_def_io.c(573): Model definition info:
INFO: model_def_io.c(574): 1618 total models defined (34 base, 1584 tri)
INFO: model_def_io.c(575): 6472 total states
INFO: model_def_io.c(576): 4854 total tied states
INFO: model_def_io.c(577): 102 total tied CI states
INFO: model_def_io.c(578): 34 total tied transition matrices
INFO: model_def_io.c(579): 4 max state/model
INFO: model_def_io.c(580): 4 min state/model
INFO: main.c(242): Building trees for [L AH AY i] through [L IH EH i]
INFO: main.c(269): Covering states |[2826 2903]| == 78
INFO: main.c(275): Reading: /home/rakha/Kuliah/Semester8/nlp/speech-sphinx/train-new-model/an4-master/model_parameters/an4.cd_ptm_untied/mixture_weights
INFO: s3mixw_io.c(173): Read /home/rakha/Kuliah/Semester8/nlp/speech-sphinx/train-new-model/an4-master/model_parameters/an4.cd_ptm_untied/mixture_weights [78x4x64 array]
INFO: main.c(311): 26 of 26 models have observation count greater than 0.000010
INFO: main.c(95): nrm stwt: 0.952 0.048 0.000 
INFO: main.c(411): 26-class entropy: 1.670123e+04
INFO: main.c(549): Reading: /home/rakha/Kuliah/Semester8/nlp/speech-sphinx/train-new-model/an4-master/model_architecture/an4.tree_questions
INFO: main.c(588): 180 total simple questions (172 phone; 8 word bndry)
INFO: main.c(590): 42 Left Only questions, and 42 Right Only questions
INFO: dtree.c(1478): Final simple tree
|( WDBNDRY_E 0 2.094e+04 1.015e+03 1.162e+03
|    ( SILENCE 1 1.489e+04 2.720e+02 8.976e+02
|        ( - 1.154e+03 1 0)
|        ( QUESTION0_9_R 1 1.347e+04 2.606e+02 8.192e+02
|            ( - 5.556e+03 9 0 QUESTION0_14_R 1 1.865e+02 3.554e+02)
|            ( QUESTION0_1_R 1 7.651e+03 2.213e+02 4.638e+02
|                ( - 3.026e+03 2 0 QUESTION0 1 3.038e+01 1.807e+02)
|                ( - 4.404e+03 8 0 QUESTION0_0_R 1 1.326e+02 2.831e+02))))
|    ( QUESTION2_18_L -1 5.030e+03 4.810e+02 2.640e+02
|        ( QUESTION0_14_R 1 1.602e+03 2.796e+02 1.024e+02
|            ( - 8.992e+02 1 0)
|            ( - 4.228e+02 2 0 QUESTION0_0_R 1 3.688e+01 3.276e+01))
|        ( QUESTION0_8_R 1 2.947e+03 1.898e+02 1.616e+02
|            ( - 2.291e+03 1 0)
|            ( - 4.663e+02 2 0 QUESTION0_0_R 1 6.257e+01 3.214e+01))))
s>    ( WDBNDRY_E 0 2.094e+04 1.015e+03 1.162e+03
s>        ( SILENCE 1 1.489e+04 2.720e+02 8.976e+02
s>            ( - 1.154e+03 1 0)
s>            ( QUESTION0_9_R 1 1.347e+04 2.606e+02 8.192e+02
s>                ( - 5.556e+03 9 0 QUESTION0_14_R 1 1.865e+02 3.554e+02)
s>                ( QUESTION0_1_R 1 7.651e+03 2.213e+02 4.638e+02
s>                    ( - 3.026e+03 2 0 QUESTION0 1 3.038e+01 1.807e+02)
s>                    ( - 4.404e+03 8 0 QUESTION0_0_R 1 1.326e+02 2.831e+02))))
s>        ( QUESTION2_18_L -1 5.030e+03 4.810e+02 2.640e+02
s>            ( QUESTION0_14_R 1 1.602e+03 2.796e+02 1.024e+02
s>                ( - 8.992e+02 1 0)
s>                ( - 4.228e+02 2 0 QUESTION0_0_R 1 3.688e+01 3.276e+01))
s>            ( QUESTION0_8_R 1 2.947e+03 1.898e+02 1.616e+02
s>                ( - 2.291e+03 1 0)
s>                ( - 4.663e+02 2 0 QUESTION0_0_R 1 6.257e+01 3.214e+01))))INFO: dtree.c(1315): Comp split 0
INFO: dtree.c(1478): Final simple tree
|( WDBNDRY_E 0 1.571e+04 3.941e+02 9.304e+02
|    ( SILENCE 1 1.489e+04 2.720e+02 8.976e+02
|        ( - 1.154e+03 1 0)
|        ( QUESTION0_9_R 1 1.347e+04 2.606e+02 8.192e+02
|            ( QUESTION0_14_R 1 5.556e+03 1.865e+02 3.554e+02
|                ( - 2.899e+03 1 0)
|                ( QUESTION0_12_R 1 2.470e+03 1.288e+02 1.623e+02
|                    ( - 2.143e+02 1 0)
|                    ( - 2.127e+03 7 0 QUESTION0_11_R 1 1.095e+02 1.413e+02)))
|            ( QUESTION0_1_R 1 7.651e+03 2.213e+02 4.638e+02
|                ( - 3.026e+03 2 0 QUESTION0 1 3.038e+01 1.807e+02)
|                ( QUESTION0_0_R 1 4.404e+03 1.326e+02 2.831e+02
|                    ( - 1.573e+03 2 0)
|                    ( - 2.699e+03 6 0 QUESTION0 1 9.668e+01 1.719e+02)))))
|    ( - 4.228e+02 2 0 QUESTION0_0_R 1 3.688e+01 3.276e+01))
s>    ( WDBNDRY_E 0 1.571e+04 3.941e+02 9.304e+02
s>        ( SILENCE 1 1.489e+04 2.720e+02 8.976e+02
s>            ( - 1.154e+03 1 0)
s>            ( QUESTION0_9_R 1 1.347e+04 2.606e+02 8.192e+02
s>                ( QUESTION0_14_R 1 5.556e+03 1.865e+02 3.554e+02
s>                    ( - 2.899e+03 1 0)
s>                    ( QUESTION0_12_R 1 2.470e+03 1.288e+02 1.623e+02
s>                        ( - 2.143e+02 1 0)
s>                        ( - 2.127e+03 7 0 QUESTION0_11_R 1 1.095e+02 1.413e+02)))
s>                ( QUESTION0_1_R 1 7.651e+03 2.213e+02 4.638e+02
s>                    ( - 3.026e+03 2 0 QUESTION0 1 3.038e+01 1.807e+02)
s>                    ( QUESTION0_0_R 1 4.404e+03 1.326e+02 2.831e+02
s>                        ( - 1.573e+03 2 0)
s>                        ( - 2.699e+03 6 0 QUESTION0 1 9.668e+01 1.719e+02)))))
s>        ( - 4.228e+02 2 0 QUESTION0_0_R 1 3.688e+01 3.276e+01))INFO: dtree.c(1439): stop. leaf nodes are specific
INFO: dtree.c(1478): Final simple tree
|( QUESTION0_8_R 1 4.211e+03 3.727e+02 2.312e+02
|    ( - 2.291e+03 1 0)
|    ( QUESTION6 1 1.548e+03 1.823e+02 1.018e+02
|        ( - 8.992e+02 1 0)
|        ( QUESTION0_0_R 1 4.663e+02 6.257e+01 3.214e+01
|            ( - 6.514e+01 1 0)
|            ( - 3.386e+02 1 0))))
s>    ( QUESTION0_8_R 1 4.211e+03 3.727e+02 2.312e+02
s>        ( - 2.291e+03 1 0)
s>        ( QUESTION6 1 1.548e+03 1.823e+02 1.018e+02
s>            ( - 8.992e+02 1 0)
s>            ( QUESTION0_0_R 1 4.663e+02 6.257e+01 3.214e+01
s>                ( - 6.514e+01 1 0)
s>                ( - 3.386e+02 1 0))))INFO: dtree.c(1315): Comp split 1
INFO: dtree.c(1478): Final simple tree
|( QUESTION0_9_R 1 1.347e+04 2.606e+02 8.192e+02
|    ( QUESTION0_14_R 1 5.556e+03 1.865e+02 3.554e+02
|        ( - 2.899e+03 1 0)
|        ( QUESTION0_12_R 1 2.470e+03 1.288e+02 1.623e+02
|            ( - 2.143e+02 1 0)
|            ( QUESTION0_11_R 1 2.127e+03 1.095e+02 1.413e+02
|                ( - 2.375e+02 1 0)
|                ( QUESTION11 1 1.780e+03 1.070e+02 1.203e+02
|                    ( - 3.121e+02 1 0)
|                    ( - 1.361e+03 5 0 QUESTION4 1 8.582e+01 9.329e+01)))))
|    ( QUESTION0_1_R 1 7.651e+03 2.213e+02 4.638e+02
|        ( - 3.026e+03 2 0 QUESTION0 1 3.038e+01 1.807e+02)
|        ( QUESTION0_0_R 1 4.404e+03 1.326e+02 2.831e+02
|            ( - 1.573e+03 2 0)
|            ( - 2.699e+03 6 0 QUESTION0 1 9.668e+01 1.719e+02))))
s>    ( QUESTION0_9_R 1 1.347e+04 2.606e+02 8.192e+02
s>        ( QUESTION0_14_R 1 5.556e+03 1.865e+02 3.554e+02
s>            ( - 2.899e+03 1 0)
s>            ( QUESTION0_12_R 1 2.470e+03 1.288e+02 1.623e+02
s>                ( - 2.143e+02 1 0)
s>                ( QUESTION0_11_R 1 2.127e+03 1.095e+02 1.413e+02
s>                    ( - 2.375e+02 1 0)
s>                    ( QUESTION11 1 1.780e+03 1.070e+02 1.203e+02
s>                        ( - 3.121e+02 1 0)
s>                        ( - 1.361e+03 5 0 QUESTION4 1 8.582e+01 9.329e+01)))))
s>        ( QUESTION0_1_R 1 7.651e+03 2.213e+02 4.638e+02
s>            ( - 3.026e+03 2 0 QUESTION0 1 3.038e+01 1.807e+02)
s>            ( QUESTION0_0_R 1 4.404e+03 1.326e+02 2.831e+02
s>                ( - 1.573e+03 2 0)
s>                ( - 2.699e+03 6 0 QUESTION0 1 9.668e+01 1.719e+02))))INFO: dtree.c(1439): stop. leaf nodes are specific
INFO: dtree.c(1478): Final simple tree
|( WDBNDRY_E 0 1.837e+03 2.595e+02 1.111e+02
|    ( - 1.154e+03 1 0)
|    ( QUESTION0_0_R 1 4.228e+02 3.688e+01 3.276e+01
|        ( - 3.746e+02 1 0)
|        ( - 1.129e+01 1 0)))
s>    ( WDBNDRY_E 0 1.837e+03 2.595e+02 1.111e+02
s>        ( - 1.154e+03 1 0)
s>        ( QUESTION0_0_R 1 4.228e+02 3.688e+01 3.276e+01
s>            ( - 3.746e+02 1 0)
s>            ( - 1.129e+01 1 0)))INFO: dtree.c(1315): Comp split 2
INFO: dtree.c(1439): stop. leaf nodes are specific
INFO: dtree.c(1478): Final simple tree
|( QUESTION6 1 1.548e+03 1.823e+02 1.018e+02
|    ( - 8.992e+02 1 0)
|    ( QUESTION0_0_R 1 4.663e+02 6.257e+01 3.214e+01
|        ( - 6.514e+01 1 0)
|        ( - 3.386e+02 1 0)))
s>    ( QUESTION6 1 1.548e+03 1.823e+02 1.018e+02
s>        ( - 8.992e+02 1 0)
s>        ( QUESTION0_0_R 1 4.663e+02 6.257e+01 3.214e+01
s>            ( - 6.514e+01 1 0)
s>            ( - 3.386e+02 1 0)))INFO: dtree.c(1315): Comp split 3
INFO: dtree.c(1478): Final simple tree
|( QUESTION0_9_R 1 6.275e+03 1.893e+02 3.974e+02
|    ( QUESTION0_11_R 1 1.682e+03 1.066e+02 1.143e+02
|        ( - 2.143e+02 1 0)
|        ( QUESTION4 1 1.361e+03 8.582e+01 9.329e+01
|            ( - 4.156e+01 1 0)
|            ( QUESTION0_16_R 1 1.234e+03 6.794e+01 8.527e+01
|                ( - 9.075e+02 1 0)
|                ( - 2.584e+02 3 0 QUESTION0_10_R 1 3.828e+01 2.134e+01))))
|    ( QUESTION0_0_R 1 4.404e+03 1.326e+02 2.831e+02
|        ( - 1.573e+03 2 0)
|        ( QUESTION0 1 2.699e+03 9.668e+01 1.719e+02
|            ( QUESTION1 1 2.463e+03 7.367e+01 1.580e+02
|                ( - 3.485e+02 2 0)
|                ( - 2.041e+03 3 0))
|            ( - 1.389e+02 1 0))))
s>    ( QUESTION0_9_R 1 6.275e+03 1.893e+02 3.974e+02
s>        ( QUESTION0_11_R 1 1.682e+03 1.066e+02 1.143e+02
s>            ( - 2.143e+02 1 0)
s>            ( QUESTION4 1 1.361e+03 8.582e+01 9.329e+01
s>                ( - 4.156e+01 1 0)
s>                ( QUESTION0_16_R 1 1.234e+03 6.794e+01 8.527e+01
s>                    ( - 9.075e+02 1 0)
s>                    ( - 2.584e+02 3 0 QUESTION0_10_R 1 3.828e+01 2.134e+01))))
s>        ( QUESTION0_0_R 1 4.404e+03 1.326e+02 2.831e+02
s>            ( - 1.573e+03 2 0)
s>            ( QUESTION0 1 2.699e+03 9.668e+01 1.719e+02
s>                ( QUESTION1 1 2.463e+03 7.367e+01 1.580e+02
s>                    ( - 3.485e+02 2 0)
s>                    ( - 2.041e+03 3 0))
s>                ( - 1.389e+02 1 0))))INFO: dtree.c(1439): stop. leaf nodes are specific
INFO: dtree.c(1478): Final simple tree
|( QUESTION0_0_R 1 6.885e+03 2.160e+02 4.218e+02
|    ( QUESTION0 1 3.026e+03 3.038e+01 1.807e+02
|        ( - 2.990e+03 1 0)
|        ( - 5.987e+00 1 0))
|    ( QUESTION0_14_R 1 3.643e+03 1.230e+02 2.411e+02
|        ( - 2.899e+03 1 0)
|        ( QUESTION0_10_R 1 6.205e+02 7.089e+01 4.798e+01
|            ( - 2.375e+02 1 0)
|            ( - 3.121e+02 1 0))))
s>    ( QUESTION0_0_R 1 6.885e+03 2.160e+02 4.218e+02
s>        ( QUESTION0 1 3.026e+03 3.038e+01 1.807e+02
s>            ( - 2.990e+03 1 0)
s>            ( - 5.987e+00 1 0))
s>        ( QUESTION0_14_R 1 3.643e+03 1.230e+02 2.411e+02
s>            ( - 2.899e+03 1 0)
s>            ( QUESTION0_10_R 1 6.205e+02 7.089e+01 4.798e+01
s>                ( - 2.375e+02 1 0)
s>                ( - 3.121e+02 1 0))))INFO: dtree.c(1315): Comp split 4
INFO: dtree.c(1439): stop. leaf nodes are specific
INFO: dtree.c(1478): Final simple tree
|( QUESTION0_0_R 1 4.228e+02 3.688e+01 3.276e+01
|    ( - 3.746e+02 1 0)
|    ( - 1.129e+01 1 0))
s>    ( QUESTION0_0_R 1 4.228e+02 3.688e+01 3.276e+01
s>        ( - 3.746e+02 1 0)
s>        ( - 1.129e+01 1 0))INFO: dtree.c(1315): Comp split 5
INFO: dtree.c(1439): stop. leaf nodes are specific
INFO: dtree.c(1478): Final simple tree
|( QUESTION0_14_R 1 3.643e+03 1.230e+02 2.411e+02
|    ( - 2.899e+03 1 0)
|    ( QUESTION0_10_R 1 6.205e+02 7.089e+01 4.798e+01
|        ( - 2.375e+02 1 0)
|        ( - 3.121e+02 1 0)))
s>    ( QUESTION0_14_R 1 3.643e+03 1.230e+02 2.411e+02
s>        ( - 2.899e+03 1 0)
s>        ( QUESTION0_10_R 1 6.205e+02 7.089e+01 4.798e+01
s>            ( - 2.375e+02 1 0)
s>            ( - 3.121e+02 1 0)))INFO: dtree.c(1439): stop. leaf nodes are specific
INFO: dtree.c(1478): Final simple tree
|( QUESTION0 1 3.026e+03 3.038e+01 1.807e+02
|    ( - 2.990e+03 1 0)
|    ( - 5.987e+00 1 0))
s>    ( QUESTION0 1 3.026e+03 3.038e+01 1.807e+02
s>        ( - 2.990e+03 1 0)
s>        ( - 5.987e+00 1 0))INFO: dtree.c(1315): Comp split 6
INFO: dtree.c(1439): stop. leaf nodes are specific
INFO: dtree.c(1478): Final simple tree
|( QUESTION1 1 2.463e+03 7.367e+01 1.580e+02
|    ( - 3.485e+02 2 0)
|    ( - 2.041e+03 3 0))
s>    ( QUESTION1 1 2.463e+03 7.367e+01 1.580e+02
s>        ( - 3.485e+02 2 0)
s>        ( - 2.041e+03 3 0))INFO: dtree.c(1478): Final simple tree
|( QUESTION0_9_R 1 3.619e+03 1.618e+02 2.394e+02
|    ( QUESTION0_11_R 1 1.682e+03 1.066e+02 1.143e+02
|        ( - 2.143e+02 1 0)
|        ( QUESTION4 1 1.361e+03 8.582e+01 9.329e+01
|            ( - 4.156e+01 1 0)
|            ( QUESTION0_16_R 1 1.234e+03 6.794e+01 8.527e+01
|                ( - 9.075e+02 1 0)
|                ( QUESTION0_10_R 1 2.584e+02 3.828e+01 2.134e+01
|                    ( - 6.328e+01 1 0)
|                    ( QUESTION0 -1 1.568e+02 2.071e+01 1.399e+01
|                        ( - 0.000e+00 1 0)
|                        ( - 1.361e+02 1 0))))))
|    ( QUESTION0_0_R 1 1.775e+03 6.389e+01 1.251e+02
|        ( - 1.573e+03 2 0)
|        ( - 1.389e+02 1 0)))
s>    ( QUESTION0_9_R 1 3.619e+03 1.618e+02 2.394e+02
s>        ( QUESTION0_11_R 1 1.682e+03 1.066e+02 1.143e+02
s>            ( - 2.143e+02 1 0)
s>            ( QUESTION4 1 1.361e+03 8.582e+01 9.329e+01
s>                ( - 4.156e+01 1 0)
s>                ( QUESTION0_16_R 1 1.234e+03 6.794e+01 8.527e+01
s>                    ( - 9.075e+02 1 0)
s>                    ( QUESTION0_10_R 1 2.584e+02 3.828e+01 2.134e+01
s>                        ( - 6.328e+01 1 0)
s>                        ( QUESTION0 -1 1.568e+02 2.071e+01 1.399e+01
s>                            ( - 0.000e+00 1 0)
s>                            ( - 1.361e+02 1 0))))))
s>        ( QUESTION0_0_R 1 1.775e+03 6.389e+01 1.251e+02
s>            ( - 1.573e+03 2 0)
s>            ( - 1.389e+02 1 0)))INFO: dtree.c(1315): Comp split 7
INFO: dtree.c(1439): stop. leaf nodes are specific
INFO: dtree.c(1478): Final simple tree
|( QUESTION0_0_R 1 4.663e+02 6.257e+01 3.214e+01
|    ( - 6.514e+01 1 0)
|    ( - 3.386e+02 1 0))
s>    ( QUESTION0_0_R 1 4.663e+02 6.257e+01 3.214e+01
s>        ( - 6.514e+01 1 0)
s>        ( - 3.386e+02 1 0))INFO: dtree.c(1315): Comp split 8
INFO: dtree.c(1439): stop. leaf nodes are specific
INFO: dtree.c(1478): Final simple tree
|( QUESTION0_11_R 1 1.682e+03 1.066e+02 1.143e+02
|    ( - 2.143e+02 1 0)
|    ( QUESTION4 1 1.361e+03 8.582e+01 9.329e+01
|        ( - 4.156e+01 1 0)
|        ( QUESTION0_16_R 1 1.234e+03 6.794e+01 8.527e+01
|            ( - 9.075e+02 1 0)
|            ( QUESTION0_10_R 1 2.584e+02 3.828e+01 2.134e+01
|                ( - 6.328e+01 1 0)
|                ( QUESTION0 -1 1.568e+02 2.071e+01 1.399e+01
|                    ( - 0.000e+00 1 0)
|                    ( - 1.361e+02 1 0))))))
s>    ( QUESTION0_11_R 1 1.682e+03 1.066e+02 1.143e+02
s>        ( - 2.143e+02 1 0)
s>        ( QUESTION4 1 1.361e+03 8.582e+01 9.329e+01
s>            ( - 4.156e+01 1 0)
s>            ( QUESTION0_16_R 1 1.234e+03 6.794e+01 8.527e+01
s>                ( - 9.075e+02 1 0)
s>                ( QUESTION0_10_R 1 2.584e+02 3.828e+01 2.134e+01
s>                    ( - 6.328e+01 1 0)
s>                    ( QUESTION0 -1 1.568e+02 2.071e+01 1.399e+01
s>                        ( - 0.000e+00 1 0)
s>                        ( - 1.361e+02 1 0))))))INFO: dtree.c(1439): stop. leaf nodes are specific
INFO: dtree.c(1478): Final simple tree
|( QUESTION0_0_R 1 1.775e+03 6.389e+01 1.251e+02
|    ( - 1.573e+03 2 0)
|    ( - 1.389e+02 1 0))
s>    ( QUESTION0_0_R 1 1.775e+03 6.389e+01 1.251e+02
s>        ( - 1.573e+03 2 0)
s>        ( - 1.389e+02 1 0))INFO: dtree.c(1315): Comp split 9
INFO: dtree.c(1439): stop. leaf nodes are specific
INFO: dtree.c(1478): Final simple tree
|( QUESTION0_16_R 1 1.205e+03 6.206e+01 8.427e+01
|    ( - 9.075e+02 1 0)
|    ( QUESTION0_10_R 1 2.351e+02 3.570e+01 2.034e+01
|        ( - 6.328e+01 1 0)
|        ( - 1.361e+02 1 0)))
s>    ( QUESTION0_16_R 1 1.205e+03 6.206e+01 8.427e+01
s>        ( - 9.075e+02 1 0)
s>        ( QUESTION0_10_R 1 2.351e+02 3.570e+01 2.034e+01
s>            ( - 6.328e+01 1 0)
s>            ( - 1.361e+02 1 0)))INFO: dtree.c(1439): stop. leaf nodes are specific
INFO: dtree.c(1478): Final simple tree
|( QUESTION0_10_R 1 3.516e+02 7.765e+01 3.002e+01
|    ( - 2.143e+02 1 0)
|    ( QUESTION0_16_R 1 5.965e+01 1.810e+01 9.025e+00
|        ( - 4.156e+01 1 0)
|        ( - 0.000e+00 1 0)))
s>    ( QUESTION0_10_R 1 3.516e+02 7.765e+01 3.002e+01
s>        ( - 2.143e+02 1 0)
s>        ( QUESTION0_16_R 1 5.965e+01 1.810e+01 9.025e+00
s>            ( - 4.156e+01 1 0)
s>            ( - 0.000e+00 1 0)))INFO: dtree.c(1315): Comp split 10
INFO: dtree.c(1439): stop. leaf nodes are specific
INFO: dtree.c(1478): Final simple tree
|( QUESTION0_10_R 1 6.205e+02 7.089e+01 4.798e+01
|    ( - 2.375e+02 1 0)
|    ( - 3.121e+02 1 0))
s>    ( QUESTION0_10_R 1 6.205e+02 7.089e+01 4.798e+01
s>        ( - 2.375e+02 1 0)
s>        ( - 3.121e+02 1 0))INFO: dtree.c(1315): Comp split 11
INFO: dtree.c(1439): stop. leaf nodes are specific
INFO: dtree.c(1478): Final simple tree
|( QUESTION0_16_R 1 5.965e+01 1.810e+01 9.025e+00
|    ( - 4.156e+01 1 0)
|    ( - 0.000e+00 1 0))
s>    ( QUESTION0_16_R 1 5.965e+01 1.810e+01 9.025e+00
s>        ( - 4.156e+01 1 0)
s>        ( - 0.000e+00 1 0))INFO: dtree.c(1315): Comp split 12
INFO: dtree.c(1315): Comp split 13
INFO: dtree.c(1315): Comp split 14
INFO: dtree.c(1315): Comp split 15
INFO: dtree.c(1315): Comp split 16
INFO: dtree.c(1439): stop. leaf nodes are specific
INFO: dtree.c(1478): Final simple tree
|( QUESTION0_10_R 1 2.351e+02 3.570e+01 2.034e+01
|    ( - 6.328e+01 1 0)
|    ( - 1.361e+02 1 0))
s>    ( QUESTION0_10_R 1 2.351e+02 3.570e+01 2.034e+01
s>        ( - 6.328e+01 1 0)
s>        ( - 1.361e+02 1 0))INFO: dtree.c(1315): Comp split 17
INFO: dtree.c(1315): Comp split 18
INFO: dtree.c(1315): Comp split 19
INFO: dtree.c(1315): Comp split 20
INFO: dtree.c(1315): Comp split 21
INFO: dtree.c(1318): stop. leaf nodes are specific
Mon May 23 22:39:49 2022
