Current configuration:
[NAME]		[DEFLT]	[VALUE]
-allphones	no	no
-cntthresh	0.00001	1.000000e-05
-csplitmax	100	2000
-csplitmin	1	1
-csplitthr	8e-4	0.000000e+00
-example	no	no
-fullvar	no	no
-help		no	no
-meanfn			
-mixwfn			/home/rakha/Kuliah/Semester8/nlp/speech-sphinx/train-new-model/an4-master/model_parameters/an4.cd_ptm_untied/mixture_weights
-moddeffn		/home/rakha/Kuliah/Semester8/nlp/speech-sphinx/train-new-model/an4-master/model_architecture/an4.untied.mdef
-mwfloor	1e-4	1.000000e-08
-phone			UW
-psetfn			/home/rakha/Kuliah/Semester8/nlp/speech-sphinx/train-new-model/an4-master/model_architecture/an4.tree_questions
-ssplitmax	5	7
-ssplitmin	1	1
-ssplitthr	8e-4	0.000000e+00
-state			2
-stwt			1.0,0.05,0.0,
-treefn			/home/rakha/Kuliah/Semester8/nlp/speech-sphinx/train-new-model/an4-master/trees/an4.unpruned/UW-2.dtree
-ts2cbfn	.semi.	.semi.
-varfloor	0.00001	1.000000e-05
-varfn			

INFO: main.c(223): Reading: /home/rakha/Kuliah/Semester8/nlp/speech-sphinx/train-new-model/an4-master/model_architecture/an4.untied.mdef
INFO: model_def_io.c(573): Model definition info:
INFO: model_def_io.c(574): 1618 total models defined (34 base, 1584 tri)
INFO: model_def_io.c(575): 6472 total states
INFO: model_def_io.c(576): 4854 total tied states
INFO: model_def_io.c(577): 102 total tied CI states
INFO: model_def_io.c(578): 34 total tied transition matrices
INFO: model_def_io.c(579): 4 max state/model
INFO: model_def_io.c(580): 4 min state/model
INFO: main.c(242): Building trees for [UW JH N i] through [UW Y Z e]
INFO: main.c(269): Covering states |[4488 4586]| == 99
INFO: main.c(275): Reading: /home/rakha/Kuliah/Semester8/nlp/speech-sphinx/train-new-model/an4-master/model_parameters/an4.cd_ptm_untied/mixture_weights
INFO: s3mixw_io.c(173): Read /home/rakha/Kuliah/Semester8/nlp/speech-sphinx/train-new-model/an4-master/model_parameters/an4.cd_ptm_untied/mixture_weights [99x4x64 array]
INFO: main.c(311): 33 of 33 models have observation count greater than 0.000010
INFO: main.c(95): nrm stwt: 0.000 0.048 0.952 
INFO: main.c(411): 33-class entropy: 5.644234e+04
INFO: main.c(549): Reading: /home/rakha/Kuliah/Semester8/nlp/speech-sphinx/train-new-model/an4-master/model_architecture/an4.tree_questions
INFO: main.c(588): 180 total simple questions (172 phone; 8 word bndry)
INFO: main.c(590): 42 Left Only questions, and 42 Right Only questions
INFO: dtree.c(1478): Final simple tree
|( QUESTION2 1 6.790e+04 1.385e+03 3.170e+03
|    ( - 1.382e+04 6 0 QUESTION0 -1 3.727e+02 6.907e+02)
|    ( SILENCE 1 5.270e+04 8.834e+02 2.480e+03
|        ( - 1.259e+04 2 0 QUESTION0 -1 3.018e+02 6.476e+02)
|        ( QUESTION0_20_R 1 3.922e+04 8.500e+02 1.832e+03
|            ( - 3.333e+03 2 0 QUESTION0 -1 2.677e+02 1.822e+02)
|            ( QUESTION0 -1 3.504e+04 7.068e+02 1.650e+03
|                ( QUESTION16 1 1.720e+04 4.339e+02 8.365e+02
|                    ( - 4.196e+03 2 0 WDBNDRY_E 0 4.759e+01 2.198e+02)
|                    ( - 1.257e+04 13 0 QUESTION4 1 4.086e+02 6.167e+02))
|                ( QUESTION0_9_R 1 1.713e+04 5.399e+02 8.133e+02
|                    ( QUESTION4 1 1.045e+04 5.293e+02 5.062e+02
|                        ( - 3.837e+03 1 0)
|                        ( - 6.080e+03 3 0 QUESTION0_10_R 1 3.463e+02 3.041e+02))
|                    ( - 6.144e+03 4 0 QUESTION0 1 4.051e+02 3.071e+02))))))
s>    ( QUESTION2 1 6.790e+04 1.385e+03 3.170e+03
s>        ( - 1.382e+04 6 0 QUESTION0 -1 3.727e+02 6.907e+02)
s>        ( SILENCE 1 5.270e+04 8.834e+02 2.480e+03
s>            ( - 1.259e+04 2 0 QUESTION0 -1 3.018e+02 6.476e+02)
s>            ( QUESTION0_20_R 1 3.922e+04 8.500e+02 1.832e+03
s>                ( - 3.333e+03 2 0 QUESTION0 -1 2.677e+02 1.822e+02)
s>                ( QUESTION0 -1 3.504e+04 7.068e+02 1.650e+03
s>                    ( QUESTION16 1 1.720e+04 4.339e+02 8.365e+02
s>                        ( - 4.196e+03 2 0 WDBNDRY_E 0 4.759e+01 2.198e+02)
s>                        ( - 1.257e+04 13 0 QUESTION4 1 4.086e+02 6.167e+02))
s>                    ( QUESTION0_9_R 1 1.713e+04 5.399e+02 8.133e+02
s>                        ( QUESTION4 1 1.045e+04 5.293e+02 5.062e+02
s>                            ( - 3.837e+03 1 0)
s>                            ( - 6.080e+03 3 0 QUESTION0_10_R 1 3.463e+02 3.041e+02))
s>                        ( - 6.144e+03 4 0 QUESTION0 1 4.051e+02 3.071e+02))))))INFO: dtree.c(1315): Comp split 0
INFO: dtree.c(1439): stop. leaf nodes are specific
INFO: dtree.c(1478): Final simple tree
|( QUESTION0_9_R 1 1.853e+04 5.137e+02 9.105e+02
|    ( WDBNDRY_E 0 4.196e+03 4.759e+01 2.198e+02
|        ( - 4.140e+03 1 0)
|        ( - 8.239e+00 1 0))
|    ( QUESTION0 -1 1.382e+04 3.727e+02 6.907e+02
|        ( QUESTION0_0_R 1 1.230e+04 3.328e+02 6.208e+02
|            ( - 2.565e+03 2 0)
|            ( - 9.398e+03 3 0))
|        ( - 1.149e+03 1 0)))
s>    ( QUESTION0_9_R 1 1.853e+04 5.137e+02 9.105e+02
s>        ( WDBNDRY_E 0 4.196e+03 4.759e+01 2.198e+02
s>            ( - 4.140e+03 1 0)
s>            ( - 8.239e+00 1 0))
s>        ( QUESTION0 -1 1.382e+04 3.727e+02 6.907e+02
s>            ( QUESTION0_0_R 1 1.230e+04 3.328e+02 6.208e+02
s>                ( - 2.565e+03 2 0)
s>                ( - 9.398e+03 3 0))
s>            ( - 1.149e+03 1 0)))INFO: dtree.c(1478): Final simple tree
|( SILENCE 1 4.795e+04 8.591e+02 2.260e+03
|    ( - 1.259e+04 2 0 QUESTION0 -1 3.018e+02 6.476e+02)
|    ( QUESTION0_20_R 1 3.450e+04 8.319e+02 1.612e+03
|        ( - 3.333e+03 2 0 QUESTION0 -1 2.677e+02 1.822e+02)
|        ( QUESTION0 -1 3.034e+04 6.318e+02 1.430e+03
|            ( QUESTION4 1 1.257e+04 4.086e+02 6.167e+02
|                ( - 3.115e+03 2 0 QUESTION0_8_R 1 2.635e+02 1.657e+02)
|                ( - 9.050e+03 11 0 QUESTION8 1 3.191e+02 4.511e+02))
|            ( QUESTION0_9_R 1 1.713e+04 5.399e+02 8.133e+02
|                ( QUESTION4 1 1.045e+04 5.293e+02 5.062e+02
|                    ( - 3.837e+03 1 0)
|                    ( - 6.080e+03 3 0 QUESTION0_10_R 1 3.463e+02 3.041e+02))
|                ( QUESTION0 1 6.144e+03 4.051e+02 3.071e+02
|                    ( - 1.393e+03 1 0)
|                    ( - 4.346e+03 3 0 QUESTION0_0_R 1 2.613e+02 2.283e+02))))))
s>    ( SILENCE 1 4.795e+04 8.591e+02 2.260e+03
s>        ( - 1.259e+04 2 0 QUESTION0 -1 3.018e+02 6.476e+02)
s>        ( QUESTION0_20_R 1 3.450e+04 8.319e+02 1.612e+03
s>            ( - 3.333e+03 2 0 QUESTION0 -1 2.677e+02 1.822e+02)
s>            ( QUESTION0 -1 3.034e+04 6.318e+02 1.430e+03
s>                ( QUESTION4 1 1.257e+04 4.086e+02 6.167e+02
s>                    ( - 3.115e+03 2 0 QUESTION0_8_R 1 2.635e+02 1.657e+02)
s>                    ( - 9.050e+03 11 0 QUESTION8 1 3.191e+02 4.511e+02))
s>                ( QUESTION0_9_R 1 1.713e+04 5.399e+02 8.133e+02
s>                    ( QUESTION4 1 1.045e+04 5.293e+02 5.062e+02
s>                        ( - 3.837e+03 1 0)
s>                        ( - 6.080e+03 3 0 QUESTION0_10_R 1 3.463e+02 3.041e+02))
s>                    ( QUESTION0 1 6.144e+03 4.051e+02 3.071e+02
s>                        ( - 1.393e+03 1 0)
s>                        ( - 4.346e+03 3 0 QUESTION0_0_R 1 2.613e+02 2.283e+02))))))INFO: dtree.c(1315): Comp split 1
INFO: dtree.c(1478): Final simple tree
|( QUESTION0 -1 2.232e+04 5.741e+02 1.062e+03
|    ( QUESTION8 1 9.050e+03 3.191e+02 4.511e+02
|        ( - 1.422e+03 3 0 QUESTION0_10_R 1 1.753e+02 8.101e+01)
|        ( QUESTION0_0_R 1 7.308e+03 2.992e+02 3.701e+02
|            ( - 1.889e+03 1 0)
|            ( - 5.120e+03 7 0 QUESTION0_10_R 1 2.625e+02 2.636e+02)))
|    ( QUESTION0_10_R 1 1.270e+04 4.948e+02 6.112e+02
|        ( - 3.985e+03 1 0)
|        ( QUESTION0 1 8.216e+03 4.224e+02 4.029e+02
|            ( - 1.393e+03 1 0)
|            ( QUESTION0_19_R 1 6.401e+03 3.574e+02 3.241e+02
|                ( - 9.550e+02 1 0)
|                ( QUESTION0_8_R 1 5.088e+03 2.936e+02 2.675e+02
|                    ( - 3.303e+03 1 0)
|                    ( - 1.492e+03 3 0 QUESTION0_0_R 1 1.702e+02 8.641e+01))))))
s>    ( QUESTION0 -1 2.232e+04 5.741e+02 1.062e+03
s>        ( QUESTION8 1 9.050e+03 3.191e+02 4.511e+02
s>            ( - 1.422e+03 3 0 QUESTION0_10_R 1 1.753e+02 8.101e+01)
s>            ( QUESTION0_0_R 1 7.308e+03 2.992e+02 3.701e+02
s>                ( - 1.889e+03 1 0)
s>                ( - 5.120e+03 7 0 QUESTION0_10_R 1 2.625e+02 2.636e+02)))
s>        ( QUESTION0_10_R 1 1.270e+04 4.948e+02 6.112e+02
s>            ( - 3.985e+03 1 0)
s>            ( QUESTION0 1 8.216e+03 4.224e+02 4.029e+02
s>                ( - 1.393e+03 1 0)
s>                ( QUESTION0_19_R 1 6.401e+03 3.574e+02 3.241e+02
s>                    ( - 9.550e+02 1 0)
s>                    ( QUESTION0_8_R 1 5.088e+03 2.936e+02 2.675e+02
s>                        ( - 3.303e+03 1 0)
s>                        ( - 1.492e+03 3 0 QUESTION0_0_R 1 1.702e+02 8.641e+01))))))INFO: dtree.c(1439): stop. leaf nodes are specific
INFO: dtree.c(1478): Final simple tree
|( QUESTION0_9_R 1 2.455e+04 7.426e+02 1.198e+03
|    ( QUESTION0_16_R 1 9.753e+03 5.317e+02 4.818e+02
|        ( QUESTION0 -1 5.888e+03 3.263e+02 2.997e+02
|            ( - 1.724e+03 1 0)
|            ( - 3.837e+03 1 0))
|        ( QUESTION0 -1 3.333e+03 2.677e+02 1.822e+02
|            ( - 3.790e+02 1 0)
|            ( - 2.686e+03 1 0)))
|    ( QUESTION0 -1 1.406e+04 3.991e+02 7.158e+02
|        ( SILENCE 1 2.166e+03 2.386e+02 1.214e+02
|            ( - 8.001e+02 1 0)
|            ( - 1.127e+03 1 0))
|        ( - 1.149e+04 1 0)))
s>    ( QUESTION0_9_R 1 2.455e+04 7.426e+02 1.198e+03
s>        ( QUESTION0_16_R 1 9.753e+03 5.317e+02 4.818e+02
s>            ( QUESTION0 -1 5.888e+03 3.263e+02 2.997e+02
s>                ( - 1.724e+03 1 0)
s>                ( - 3.837e+03 1 0))
s>            ( QUESTION0 -1 3.333e+03 2.677e+02 1.822e+02
s>                ( - 3.790e+02 1 0)
s>                ( - 2.686e+03 1 0)))
s>        ( QUESTION0 -1 1.406e+04 3.991e+02 7.158e+02
s>            ( SILENCE 1 2.166e+03 2.386e+02 1.214e+02
s>                ( - 8.001e+02 1 0)
s>                ( - 1.127e+03 1 0))
s>            ( - 1.149e+04 1 0)))INFO: dtree.c(1315): Comp split 2
INFO: dtree.c(1439): stop. leaf nodes are specific
INFO: dtree.c(1478): Final simple tree
|( QUESTION0_16_R 1 7.017e+03 4.936e+02 3.543e+02
|    ( - 3.837e+03 1 0)
|    ( - 2.686e+03 1 0))
s>    ( QUESTION0_16_R 1 7.017e+03 4.936e+02 3.543e+02
s>        ( - 3.837e+03 1 0)
s>        ( - 2.686e+03 1 0))INFO: dtree.c(1439): stop. leaf nodes are specific
INFO: dtree.c(1478): Final simple tree
|( QUESTION0 -1 1.666e+04 4.064e+02 8.433e+02
|    ( QUESTION0_9_R 1 4.759e+03 3.129e+02 2.489e+02
|        ( QUESTION0_16_R 1 2.280e+03 1.765e+02 1.275e+02
|            ( - 1.724e+03 1 0)
|            ( - 3.790e+02 1 0))
|        ( SILENCE 1 2.166e+03 2.386e+02 1.214e+02
|            ( - 8.001e+02 1 0)
|            ( - 1.127e+03 1 0)))
|    ( - 1.149e+04 1 0))
s>    ( QUESTION0 -1 1.666e+04 4.064e+02 8.433e+02
s>        ( QUESTION0_9_R 1 4.759e+03 3.129e+02 2.489e+02
s>            ( QUESTION0_16_R 1 2.280e+03 1.765e+02 1.275e+02
s>                ( - 1.724e+03 1 0)
s>                ( - 3.790e+02 1 0))
s>            ( SILENCE 1 2.166e+03 2.386e+02 1.214e+02
s>                ( - 8.001e+02 1 0)
s>                ( - 1.127e+03 1 0)))
s>        ( - 1.149e+04 1 0))INFO: dtree.c(1315): Comp split 3
INFO: dtree.c(1478): Final simple tree
|( QUESTION0 -1 1.469e+04 4.770e+02 7.164e+02
|    ( QUESTION0_0_R 1 7.308e+03 2.992e+02 3.701e+02
|        ( - 1.889e+03 1 0)
|        ( QUESTION0_10_R 1 5.120e+03 2.625e+02 2.636e+02
|            ( QUESTION0_11_R 1 3.053e+03 1.893e+02 1.626e+02
|                ( - 2.644e+02 1 0)
|                ( - 2.599e+03 1 0))
|            ( QUESTION0_15_R 1 1.804e+03 2.035e+02 1.010e+02
|                ( - 8.218e+02 2 0 QUESTION0_16_R 1 1.489e+02 5.400e+01)
|                ( - 7.789e+02 3 0 QUESTION0_8_R 1 9.437e+01 4.699e+01))))
|    ( QUESTION0 1 6.904e+03 4.224e+02 3.463e+02
|        ( - 1.393e+03 1 0)
|        ( QUESTION0_8_R 1 5.088e+03 2.936e+02 2.675e+02
|            ( - 3.303e+03 1 0)
|            ( - 1.492e+03 3 0 QUESTION0_0_R 1 1.702e+02 8.641e+01))))
s>    ( QUESTION0 -1 1.469e+04 4.770e+02 7.164e+02
s>        ( QUESTION0_0_R 1 7.308e+03 2.992e+02 3.701e+02
s>            ( - 1.889e+03 1 0)
s>            ( QUESTION0_10_R 1 5.120e+03 2.625e+02 2.636e+02
s>                ( QUESTION0_11_R 1 3.053e+03 1.893e+02 1.626e+02
s>                    ( - 2.644e+02 1 0)
s>                    ( - 2.599e+03 1 0))
s>                ( QUESTION0_15_R 1 1.804e+03 2.035e+02 1.010e+02
s>                    ( - 8.218e+02 2 0 QUESTION0_16_R 1 1.489e+02 5.400e+01)
s>                    ( - 7.789e+02 3 0 QUESTION0_8_R 1 9.437e+01 4.699e+01))))
s>        ( QUESTION0 1 6.904e+03 4.224e+02 3.463e+02
s>            ( - 1.393e+03 1 0)
s>            ( QUESTION0_8_R 1 5.088e+03 2.936e+02 2.675e+02
s>                ( - 3.303e+03 1 0)
s>                ( - 1.492e+03 3 0 QUESTION0_0_R 1 1.702e+02 8.641e+01))))INFO: dtree.c(1439): stop. leaf nodes are specific
INFO: dtree.c(1478): Final simple tree
|( QUESTION0 -1 7.033e+03 3.615e+02 3.459e+02
|    ( QUESTION0_10_R 1 1.422e+03 1.753e+02 8.101e+01
|        ( - 5.526e+02 1 0)
|        ( QUESTION0_18_R 1 6.945e+02 1.396e+02 4.301e+01
|            ( - 2.167e+02 1 0)
|            ( - 3.383e+02 1 0)))
|    ( QUESTION0_10_R 1 5.249e+03 3.082e+02 2.648e+02
|        ( - 3.985e+03 1 0)
|        ( - 9.550e+02 1 0)))
s>    ( QUESTION0 -1 7.033e+03 3.615e+02 3.459e+02
s>        ( QUESTION0_10_R 1 1.422e+03 1.753e+02 8.101e+01
s>            ( - 5.526e+02 1 0)
s>            ( QUESTION0_18_R 1 6.945e+02 1.396e+02 4.301e+01
s>                ( - 2.167e+02 1 0)
s>                ( - 3.383e+02 1 0)))
s>        ( QUESTION0_10_R 1 5.249e+03 3.082e+02 2.648e+02
s>            ( - 3.985e+03 1 0)
s>            ( - 9.550e+02 1 0)))INFO: dtree.c(1315): Comp split 4
INFO: dtree.c(1439): stop. leaf nodes are specific
INFO: dtree.c(1478): Final simple tree
|( QUESTION0_8_R 1 1.235e+04 3.362e+02 6.228e+02
|    ( - 9.398e+03 3 0)
|    ( WDBNDRY_E 0 2.613e+03 4.027e+01 1.401e+02
|        ( - 2.565e+03 2 0)
|        ( - 8.239e+00 1 0)))
s>    ( QUESTION0_8_R 1 1.235e+04 3.362e+02 6.228e+02
s>        ( - 9.398e+03 3 0)
s>        ( WDBNDRY_E 0 2.613e+03 4.027e+01 1.401e+02
s>            ( - 2.565e+03 2 0)
s>            ( - 8.239e+00 1 0)))INFO: dtree.c(1439): stop. leaf nodes are specific
INFO: dtree.c(1478): Final simple tree
|( QUESTION0_0_R 1 5.627e+03 3.375e+02 2.877e+02
|    ( - 1.149e+03 1 0)
|    ( - 4.140e+03 1 0))
s>    ( QUESTION0_0_R 1 5.627e+03 3.375e+02 2.877e+02
s>        ( - 1.149e+03 1 0)
s>        ( - 4.140e+03 1 0))INFO: dtree.c(1315): Comp split 5
INFO: dtree.c(1439): stop. leaf nodes are specific
INFO: dtree.c(1478): Final simple tree
|( QUESTION0_8_R 1 6.133e+03 2.966e+02 3.215e+02
|    ( - 3.303e+03 1 0)
|    ( QUESTION0_16_R 1 2.534e+03 2.619e+02 1.404e+02
|        ( QUESTION0 -1 1.095e+03 1.330e+02 6.922e+01
|            ( - 4.216e+02 1 0)
|            ( - 5.403e+02 1 0))
|        ( QUESTION7 -1 1.177e+03 1.500e+02 7.119e+01
|            ( - 7.321e+02 1 0)
|            ( WDBNDRY_E 0 2.954e+02 3.609e+01 2.600e+01
|                ( - 2.513e+02 1 0)
|                ( - 8.000e+00 1 0)))))
s>    ( QUESTION0_8_R 1 6.133e+03 2.966e+02 3.215e+02
s>        ( - 3.303e+03 1 0)
s>        ( QUESTION0_16_R 1 2.534e+03 2.619e+02 1.404e+02
s>            ( QUESTION0 -1 1.095e+03 1.330e+02 6.922e+01
s>                ( - 4.216e+02 1 0)
s>                ( - 5.403e+02 1 0))
s>            ( QUESTION7 -1 1.177e+03 1.500e+02 7.119e+01
s>                ( - 7.321e+02 1 0)
s>                ( WDBNDRY_E 0 2.954e+02 3.609e+01 2.600e+01
s>                    ( - 2.513e+02 1 0)
s>                    ( - 8.000e+00 1 0)))))INFO: dtree.c(1439): stop. leaf nodes are specific
INFO: dtree.c(1478): Final simple tree
|( QUESTION0_8_R 1 8.047e+03 4.239e+02 3.948e+02
|    ( QUESTION0 -1 2.252e+03 2.378e+02 1.188e+02
|        ( - 6.213e+02 2 0)
|        ( - 1.393e+03 1 0))
|    ( QUESTION7 1 5.371e+03 2.956e+02 2.761e+02
|        ( - 2.599e+03 1 0)
|        ( QUESTION0_0_R 1 2.476e+03 1.872e+02 1.334e+02
|            ( - 1.889e+03 1 0)
|            ( QUESTION0_10_R 1 3.998e+02 7.227e+01 2.699e+01
|                ( - 2.644e+02 1 0)
|                ( - 6.318e+01 1 0)))))
s>    ( QUESTION0_8_R 1 8.047e+03 4.239e+02 3.948e+02
s>        ( QUESTION0 -1 2.252e+03 2.378e+02 1.188e+02
s>            ( - 6.213e+02 2 0)
s>            ( - 1.393e+03 1 0))
s>        ( QUESTION7 1 5.371e+03 2.956e+02 2.761e+02
s>            ( - 2.599e+03 1 0)
s>            ( QUESTION0_0_R 1 2.476e+03 1.872e+02 1.334e+02
s>                ( - 1.889e+03 1 0)
s>                ( QUESTION0_10_R 1 3.998e+02 7.227e+01 2.699e+01
s>                    ( - 2.644e+02 1 0)
s>                    ( - 6.318e+01 1 0)))))INFO: dtree.c(1315): Comp split 6
INFO: dtree.c(1315): Comp split 7
INFO: dtree.c(1439): stop. leaf nodes are specific
INFO: dtree.c(1478): Final simple tree
|( QUESTION7 1 5.371e+03 2.956e+02 2.761e+02
|    ( - 2.599e+03 1 0)
|    ( QUESTION0_0_R 1 2.476e+03 1.872e+02 1.334e+02
|        ( - 1.889e+03 1 0)
|        ( QUESTION0_10_R 1 3.998e+02 7.227e+01 2.699e+01
|            ( - 2.644e+02 1 0)
|            ( - 6.318e+01 1 0))))
s>    ( QUESTION7 1 5.371e+03 2.956e+02 2.761e+02
s>        ( - 2.599e+03 1 0)
s>        ( QUESTION0_0_R 1 2.476e+03 1.872e+02 1.334e+02
s>            ( - 1.889e+03 1 0)
s>            ( QUESTION0_10_R 1 3.998e+02 7.227e+01 2.699e+01
s>                ( - 2.644e+02 1 0)
s>                ( - 6.318e+01 1 0))))INFO: dtree.c(1439): stop. leaf nodes are specific
INFO: dtree.c(1478): Final simple tree
|( QUESTION0 -1 2.252e+03 2.378e+02 1.188e+02
|    ( - 6.213e+02 2 0)
|    ( - 1.393e+03 1 0))
s>    ( QUESTION0 -1 2.252e+03 2.378e+02 1.188e+02
s>        ( - 6.213e+02 2 0)
s>        ( - 1.393e+03 1 0))INFO: dtree.c(1315): Comp split 8
INFO: dtree.c(1439): stop. leaf nodes are specific
INFO: dtree.c(1478): Final simple tree
|( QUESTION0_9_R 1 4.759e+03 3.129e+02 2.489e+02
|    ( QUESTION0_16_R 1 2.280e+03 1.765e+02 1.275e+02
|        ( - 1.724e+03 1 0)
|        ( - 3.790e+02 1 0))
|    ( SILENCE 1 2.166e+03 2.386e+02 1.214e+02
|        ( - 8.001e+02 1 0)
|        ( - 1.127e+03 1 0)))
s>    ( QUESTION0_9_R 1 4.759e+03 3.129e+02 2.489e+02
s>        ( QUESTION0_16_R 1 2.280e+03 1.765e+02 1.275e+02
s>            ( - 1.724e+03 1 0)
s>            ( - 3.790e+02 1 0))
s>        ( SILENCE 1 2.166e+03 2.386e+02 1.214e+02
s>            ( - 8.001e+02 1 0)
s>            ( - 1.127e+03 1 0)))INFO: dtree.c(1315): Comp split 9
INFO: dtree.c(1439): stop. leaf nodes are specific
INFO: dtree.c(1478): Final simple tree
|( QUESTION0_19_R 1 2.651e+03 2.732e+02 1.376e+02
|    ( - 9.550e+02 1 0)
|    ( QUESTION0_10_R 1 1.422e+03 1.753e+02 8.101e+01
|        ( - 5.526e+02 1 0)
|        ( QUESTION0_18_R 1 6.945e+02 1.396e+02 4.301e+01
|            ( - 2.167e+02 1 0)
|            ( - 3.383e+02 1 0))))
s>    ( QUESTION0_19_R 1 2.651e+03 2.732e+02 1.376e+02
s>        ( - 9.550e+02 1 0)
s>        ( QUESTION0_10_R 1 1.422e+03 1.753e+02 8.101e+01
s>            ( - 5.526e+02 1 0)
s>            ( QUESTION0_18_R 1 6.945e+02 1.396e+02 4.301e+01
s>                ( - 2.167e+02 1 0)
s>                ( - 3.383e+02 1 0))))INFO: dtree.c(1315): Comp split 10
INFO: dtree.c(1315): Comp split 11
INFO: dtree.c(1439): stop. leaf nodes are specific
INFO: dtree.c(1478): Final simple tree
|( WDBNDRY_E 0 2.613e+03 4.027e+01 1.401e+02
|    ( - 2.565e+03 2 0)
|    ( - 8.239e+00 1 0))
s>    ( WDBNDRY_E 0 2.613e+03 4.027e+01 1.401e+02
s>        ( - 2.565e+03 2 0)
s>        ( - 8.239e+00 1 0))INFO: dtree.c(1315): Comp split 12
INFO: dtree.c(1439): stop. leaf nodes are specific
INFO: dtree.c(1478): Final simple tree
|( SILENCE 1 2.166e+03 2.386e+02 1.214e+02
|    ( - 8.001e+02 1 0)
|    ( - 1.127e+03 1 0))
s>    ( SILENCE 1 2.166e+03 2.386e+02 1.214e+02
s>        ( - 8.001e+02 1 0)
s>        ( - 1.127e+03 1 0))INFO: dtree.c(1439): stop. leaf nodes are specific
INFO: dtree.c(1478): Final simple tree
|( QUESTION0_16_R 1 2.280e+03 1.765e+02 1.275e+02
|    ( - 1.724e+03 1 0)
|    ( - 3.790e+02 1 0))
s>    ( QUESTION0_16_R 1 2.280e+03 1.765e+02 1.275e+02
s>        ( - 1.724e+03 1 0)
s>        ( - 3.790e+02 1 0))INFO: dtree.c(1315): Comp split 13
INFO: dtree.c(1439): stop. leaf nodes are specific
INFO: dtree.c(1478): Final simple tree
|( QUESTION7 -1 1.177e+03 1.500e+02 7.119e+01
|    ( - 7.321e+02 1 0)
|    ( WDBNDRY_E 0 2.954e+02 3.609e+01 2.600e+01
|        ( - 2.513e+02 1 0)
|        ( - 8.000e+00 1 0)))
s>    ( QUESTION7 -1 1.177e+03 1.500e+02 7.119e+01
s>        ( - 7.321e+02 1 0)
s>        ( WDBNDRY_E 0 2.954e+02 3.609e+01 2.600e+01
s>            ( - 2.513e+02 1 0)
s>            ( - 8.000e+00 1 0)))INFO: dtree.c(1439): stop. leaf nodes are specific
INFO: dtree.c(1478): Final simple tree
|( QUESTION0_8_R 1 4.646e+03 2.482e+02 2.503e+02
|    ( - 3.303e+03 1 0)
|    ( QUESTION0 -1 1.095e+03 1.330e+02 6.922e+01
|        ( - 4.216e+02 1 0)
|        ( - 5.403e+02 1 0)))
s>    ( QUESTION0_8_R 1 4.646e+03 2.482e+02 2.503e+02
s>        ( - 3.303e+03 1 0)
s>        ( QUESTION0 -1 1.095e+03 1.330e+02 6.922e+01
s>            ( - 4.216e+02 1 0)
s>            ( - 5.403e+02 1 0)))INFO: dtree.c(1315): Comp split 14
INFO: dtree.c(1439): stop. leaf nodes are specific
INFO: dtree.c(1478): Final simple tree
|( QUESTION0_0_R 1 2.476e+03 1.872e+02 1.334e+02
|    ( - 1.889e+03 1 0)
|    ( QUESTION0_10_R 1 3.998e+02 7.227e+01 2.699e+01
|        ( - 2.644e+02 1 0)
|        ( - 6.318e+01 1 0)))
s>    ( QUESTION0_0_R 1 2.476e+03 1.872e+02 1.334e+02
s>        ( - 1.889e+03 1 0)
s>        ( QUESTION0_10_R 1 3.998e+02 7.227e+01 2.699e+01
s>            ( - 2.644e+02 1 0)
s>            ( - 6.318e+01 1 0)))INFO: dtree.c(1315): Comp split 15
INFO: dtree.c(1439): stop. leaf nodes are specific
INFO: dtree.c(1478): Final simple tree
|( QUESTION0_10_R 1 1.422e+03 1.753e+02 8.101e+01
|    ( - 5.526e+02 1 0)
|    ( QUESTION0_18_R 1 6.945e+02 1.396e+02 4.301e+01
|        ( - 2.167e+02 1 0)
|        ( - 3.383e+02 1 0)))
s>    ( QUESTION0_10_R 1 1.422e+03 1.753e+02 8.101e+01
s>        ( - 5.526e+02 1 0)
s>        ( QUESTION0_18_R 1 6.945e+02 1.396e+02 4.301e+01
s>            ( - 2.167e+02 1 0)
s>            ( - 3.383e+02 1 0)))INFO: dtree.c(1315): Comp split 16
INFO: dtree.c(1439): stop. leaf nodes are specific
INFO: dtree.c(1478): Final simple tree
|( QUESTION0 -1 1.095e+03 1.330e+02 6.922e+01
|    ( - 4.216e+02 1 0)
|    ( - 5.403e+02 1 0))
s>    ( QUESTION0 -1 1.095e+03 1.330e+02 6.922e+01
s>        ( - 4.216e+02 1 0)
s>        ( - 5.403e+02 1 0))INFO: dtree.c(1315): Comp split 17
INFO: dtree.c(1315): Comp split 18
INFO: dtree.c(1315): Comp split 19
INFO: dtree.c(1439): stop. leaf nodes are specific
INFO: dtree.c(1478): Final simple tree
|( QUESTION0_10_R 1 8.930e+02 1.238e+02 5.501e+01
|    ( - 5.526e+02 1 0)
|    ( - 2.167e+02 1 0))
s>    ( QUESTION0_10_R 1 8.930e+02 1.238e+02 5.501e+01
s>        ( - 5.526e+02 1 0)
s>        ( - 2.167e+02 1 0))INFO: dtree.c(1315): Comp split 20
INFO: dtree.c(1439): stop. leaf nodes are specific
INFO: dtree.c(1478): Final simple tree
|( QUESTION0_10_R 1 3.998e+02 7.227e+01 2.699e+01
|    ( - 2.644e+02 1 0)
|    ( - 6.318e+01 1 0))
s>    ( QUESTION0_10_R 1 3.998e+02 7.227e+01 2.699e+01
s>        ( - 2.644e+02 1 0)
s>        ( - 6.318e+01 1 0))INFO: dtree.c(1315): Comp split 21
INFO: dtree.c(1315): Comp split 22
INFO: dtree.c(1439): stop. leaf nodes are specific
INFO: dtree.c(1478): Final simple tree
|( WDBNDRY_E 0 2.954e+02 3.609e+01 2.600e+01
|    ( - 2.513e+02 1 0)
|    ( - 8.000e+00 1 0))
s>    ( WDBNDRY_E 0 2.954e+02 3.609e+01 2.600e+01
s>        ( - 2.513e+02 1 0)
s>        ( - 8.000e+00 1 0))INFO: dtree.c(1315): Comp split 23
INFO: dtree.c(1315): Comp split 24
INFO: dtree.c(1315): Comp split 25
INFO: dtree.c(1315): Comp split 26
INFO: dtree.c(1315): Comp split 27
INFO: dtree.c(1315): Comp split 28
INFO: dtree.c(1318): stop. leaf nodes are specific
Mon May 23 22:39:55 2022
