Current configuration:
[NAME]		[DEFLT]	[VALUE]
-allphones	no	no
-cntthresh	0.00001	1.000000e-05
-csplitmax	100	2000
-csplitmin	1	1
-csplitthr	8e-4	0.000000e+00
-example	no	no
-fullvar	no	no
-help		no	no
-meanfn			
-mixwfn			/home/rakha/Kuliah/Semester8/nlp/speech-sphinx/train-new-model/an4-master/model_parameters/an4.cd_ptm_untied/mixture_weights
-moddeffn		/home/rakha/Kuliah/Semester8/nlp/speech-sphinx/train-new-model/an4-master/model_architecture/an4.untied.mdef
-mwfloor	1e-4	1.000000e-08
-phone			OW
-psetfn			/home/rakha/Kuliah/Semester8/nlp/speech-sphinx/train-new-model/an4-master/model_architecture/an4.tree_questions
-ssplitmax	5	7
-ssplitmin	1	1
-ssplitthr	8e-4	0.000000e+00
-state			1
-stwt			1.0,0.05,0.0,
-treefn			/home/rakha/Kuliah/Semester8/nlp/speech-sphinx/train-new-model/an4-master/trees/an4.unpruned/OW-1.dtree
-ts2cbfn	.semi.	.semi.
-varfloor	0.00001	1.000000e-05
-varfn			

INFO: main.c(223): Reading: /home/rakha/Kuliah/Semester8/nlp/speech-sphinx/train-new-model/an4-master/model_architecture/an4.untied.mdef
INFO: model_def_io.c(573): Model definition info:
INFO: model_def_io.c(574): 1618 total models defined (34 base, 1584 tri)
INFO: model_def_io.c(575): 6472 total states
INFO: model_def_io.c(576): 4854 total tied states
INFO: model_def_io.c(577): 102 total tied CI states
INFO: model_def_io.c(578): 34 total tied transition matrices
INFO: model_def_io.c(579): 4 max state/model
INFO: model_def_io.c(580): 4 min state/model
INFO: main.c(242): Building trees for [OW AY AA s] through [OW V SIL s]
INFO: main.c(269): Covering states |[3225 3578]| == 354
INFO: main.c(275): Reading: /home/rakha/Kuliah/Semester8/nlp/speech-sphinx/train-new-model/an4-master/model_parameters/an4.cd_ptm_untied/mixture_weights
INFO: s3mixw_io.c(173): Read /home/rakha/Kuliah/Semester8/nlp/speech-sphinx/train-new-model/an4-master/model_parameters/an4.cd_ptm_untied/mixture_weights [354x4x64 array]
INFO: main.c(311): 118 of 118 models have observation count greater than 0.000010
INFO: main.c(95): nrm stwt: 0.045 0.909 0.045 
INFO: main.c(411): 118-class entropy: 2.812942e+04
INFO: main.c(549): Reading: /home/rakha/Kuliah/Semester8/nlp/speech-sphinx/train-new-model/an4-master/model_architecture/an4.tree_questions
INFO: main.c(588): 180 total simple questions (172 phone; 8 word bndry)
INFO: main.c(590): 42 Left Only questions, and 42 Right Only questions
INFO: dtree.c(1478): Final simple tree
|( WDBNDRY_S 0 4.387e+04 8.963e+02 2.376e+03
|    ( QUESTION2 -1 3.826e+04 4.775e+02 2.133e+03
|        ( - 7.456e+03 24 0 QUESTION0_8_R 1 2.494e+02 4.398e+02)
|        ( QUESTION6 1 3.032e+04 4.418e+02 1.693e+03
|            ( - 5.516e+03 23 0 QUESTION7 -1 2.845e+02 3.252e+02)
|            ( SILENCE 1 2.437e+04 4.295e+02 1.368e+03
|                ( - 1.824e+03 7 0 QUESTION5 -1 2.043e+02 1.150e+02)
|                ( QUESTION0_8_R 1 2.211e+04 3.355e+02 1.253e+03
|                    ( QUESTION2 1 1.020e+04 3.735e+02 5.992e+02
|                        ( - 5.216e+03 10 0 QUESTION2_2_L -1 2.703e+02 3.304e+02)
|                        ( - 4.612e+03 18 0 QUESTION0 1 2.899e+02 2.688e+02))
|                    ( - 1.157e+04 25 0 QUESTION0 -1 2.524e+02 6.535e+02)))))
|    ( QUESTION20 -1 4.719e+03 3.681e+02 2.431e+02
|        ( - 1.936e+03 7 0 SILENCE 1 1.806e+02 1.127e+02)
|        ( - 2.414e+03 4 0 QUESTION4 -1 2.375e+02 1.303e+02)))
s>    ( WDBNDRY_S 0 4.387e+04 8.963e+02 2.376e+03
s>        ( QUESTION2 -1 3.826e+04 4.775e+02 2.133e+03
s>            ( - 7.456e+03 24 0 QUESTION0_8_R 1 2.494e+02 4.398e+02)
s>            ( QUESTION6 1 3.032e+04 4.418e+02 1.693e+03
s>                ( - 5.516e+03 23 0 QUESTION7 -1 2.845e+02 3.252e+02)
s>                ( SILENCE 1 2.437e+04 4.295e+02 1.368e+03
s>                    ( - 1.824e+03 7 0 QUESTION5 -1 2.043e+02 1.150e+02)
s>                    ( QUESTION0_8_R 1 2.211e+04 3.355e+02 1.253e+03
s>                        ( QUESTION2 1 1.020e+04 3.735e+02 5.992e+02
s>                            ( - 5.216e+03 10 0 QUESTION2_2_L -1 2.703e+02 3.304e+02)
s>                            ( - 4.612e+03 18 0 QUESTION0 1 2.899e+02 2.688e+02))
s>                        ( - 1.157e+04 25 0 QUESTION0 -1 2.524e+02 6.535e+02)))))
s>        ( QUESTION20 -1 4.719e+03 3.681e+02 2.431e+02
s>            ( - 1.936e+03 7 0 SILENCE 1 1.806e+02 1.127e+02)
s>            ( - 2.414e+03 4 0 QUESTION4 -1 2.375e+02 1.303e+02)))INFO: dtree.c(1315): Comp split 0
INFO: dtree.c(1478): Final simple tree
|( QUESTION2_6_L -1 6.932e+03 4.296e+02 3.581e+02
|    ( SILENCE 1 2.087e+03 1.898e+02 1.207e+02
|        ( - 1.121e+03 2 0 WDBNDRY_E 0 8.531e+01 6.948e+01)
|        ( QUESTION0_13_R 1 7.765e+02 1.150e+02 5.125e+01
|            ( - 3.385e+02 3 0 QUESTION4 1 7.846e+01 2.714e+01)
|            ( - 3.230e+02 3 0 QUESTION4 1 7.596e+01 2.410e+01)))
|    ( WDBNDRY_S 0 4.415e+03 3.239e+02 2.374e+02
|        ( QUESTION5 -1 1.677e+03 1.933e+02 1.070e+02
|            ( - 3.920e+02 2 0 QUESTION6 -1 7.951e+01 3.400e+01)
|            ( QUESTION0 -1 1.092e+03 1.035e+02 7.303e+01
|                ( - 3.749e+02 2 0)
|                ( - 6.133e+02 2 0 QUESTION2_1_L -1 8.738e+01 4.403e+01)))
|        ( QUESTION4 -1 2.414e+03 2.375e+02 1.303e+02
|            ( - 1.600e+03 1 0)
|            ( - 5.768e+02 3 0 WDBNDRY_E 0 1.017e+02 3.442e+01))))
s>    ( QUESTION2_6_L -1 6.932e+03 4.296e+02 3.581e+02
s>        ( SILENCE 1 2.087e+03 1.898e+02 1.207e+02
s>            ( - 1.121e+03 2 0 WDBNDRY_E 0 8.531e+01 6.948e+01)
s>            ( QUESTION0_13_R 1 7.765e+02 1.150e+02 5.125e+01
s>                ( - 3.385e+02 3 0 QUESTION4 1 7.846e+01 2.714e+01)
s>                ( - 3.230e+02 3 0 QUESTION4 1 7.596e+01 2.410e+01)))
s>        ( WDBNDRY_S 0 4.415e+03 3.239e+02 2.374e+02
s>            ( QUESTION5 -1 1.677e+03 1.933e+02 1.070e+02
s>                ( - 3.920e+02 2 0 QUESTION6 -1 7.951e+01 3.400e+01)
s>                ( QUESTION0 -1 1.092e+03 1.035e+02 7.303e+01
s>                    ( - 3.749e+02 2 0)
s>                    ( - 6.133e+02 2 0 QUESTION2_1_L -1 8.738e+01 4.403e+01)))
s>            ( QUESTION4 -1 2.414e+03 2.375e+02 1.303e+02
s>                ( - 1.600e+03 1 0)
s>                ( - 5.768e+02 3 0 WDBNDRY_E 0 1.017e+02 3.442e+01))))INFO: dtree.c(1478): Final simple tree
|( QUESTION2 -1 3.599e+04 4.556e+02 2.018e+03
|    ( - 7.456e+03 24 0 QUESTION0_8_R 1 2.494e+02 4.398e+02)
|    ( QUESTION6 1 2.808e+04 4.488e+02 1.578e+03
|        ( QUESTION7 -1 5.516e+03 2.845e+02 3.252e+02
|            ( - 4.722e+02 4 0 QUESTION0_11_R 1 1.017e+02 4.300e+01)
|            ( - 4.760e+03 19 0 QUESTION0_10_R 1 2.299e+02 2.822e+02))
|        ( QUESTION0_8_R 1 2.211e+04 3.355e+02 1.253e+03
|            ( QUESTION2 1 1.020e+04 3.735e+02 5.992e+02
|                ( QUESTION2_2_L -1 5.216e+03 2.703e+02 3.304e+02
|                    ( - 3.199e+03 7 0 QUESTION2_9_L -1 1.916e+02 2.038e+02)
|                    ( - 1.748e+03 3 0 SILENCE -1 1.568e+02 1.266e+02))
|                ( QUESTION0 1 4.612e+03 2.899e+02 2.688e+02
|                    ( - 2.343e+03 11 0 QUESTION0 -1 1.935e+02 1.448e+02)
|                    ( - 1.979e+03 7 0 QUESTION4 -1 2.096e+02 1.240e+02)))
|            ( - 1.157e+04 25 0 QUESTION0 -1 2.524e+02 6.535e+02))))
s>    ( QUESTION2 -1 3.599e+04 4.556e+02 2.018e+03
s>        ( - 7.456e+03 24 0 QUESTION0_8_R 1 2.494e+02 4.398e+02)
s>        ( QUESTION6 1 2.808e+04 4.488e+02 1.578e+03
s>            ( QUESTION7 -1 5.516e+03 2.845e+02 3.252e+02
s>                ( - 4.722e+02 4 0 QUESTION0_11_R 1 1.017e+02 4.300e+01)
s>                ( - 4.760e+03 19 0 QUESTION0_10_R 1 2.299e+02 2.822e+02))
s>            ( QUESTION0_8_R 1 2.211e+04 3.355e+02 1.253e+03
s>                ( QUESTION2 1 1.020e+04 3.735e+02 5.992e+02
s>                    ( QUESTION2_2_L -1 5.216e+03 2.703e+02 3.304e+02
s>                        ( - 3.199e+03 7 0 QUESTION2_9_L -1 1.916e+02 2.038e+02)
s>                        ( - 1.748e+03 3 0 SILENCE -1 1.568e+02 1.266e+02))
s>                    ( QUESTION0 1 4.612e+03 2.899e+02 2.688e+02
s>                        ( - 2.343e+03 11 0 QUESTION0 -1 1.935e+02 1.448e+02)
s>                        ( - 1.979e+03 7 0 QUESTION4 -1 2.096e+02 1.240e+02)))
s>                ( - 1.157e+04 25 0 QUESTION0 -1 2.524e+02 6.535e+02))))INFO: dtree.c(1315): Comp split 1
INFO: dtree.c(1478): Final simple tree
|( QUESTION2 -1 1.055e+04 4.290e+02 6.067e+02
|    ( QUESTION0_8_R 1 7.456e+03 2.494e+02 4.398e+02
|        ( QUESTION1 1 2.062e+03 1.860e+02 1.311e+02
|            ( - 8.070e+02 4 0)
|            ( - 1.069e+03 4 0 QUESTION0 1 1.244e+02 7.613e+01))
|        ( QUESTION6 1 5.145e+03 2.172e+02 3.086e+02
|            ( - 1.921e+03 7 0 QUESTION8 1 1.566e+02 1.262e+02)
|            ( QUESTION0_0_R 1 3.007e+03 2.296e+02 1.825e+02
|                ( - 1.371e+03 2 0)
|                ( - 1.406e+03 7 0 QUESTION0_14_R 1 1.419e+02 9.365e+01))))
|    ( QUESTION2_2_L -1 2.666e+03 2.270e+02 1.670e+02
|        ( QUESTION2_5_L -1 1.386e+03 1.822e+02 8.999e+01
|            ( - 3.494e+02 2 0 QUESTION4 -1 8.339e+01 2.299e+01)
|            ( - 8.547e+02 2 0 QUESTION0 -1 9.215e+01 6.700e+01))
|        ( - 1.052e+03 7 0 QUESTION10 1 1.767e+02 7.700e+01)))
s>    ( QUESTION2 -1 1.055e+04 4.290e+02 6.067e+02
s>        ( QUESTION0_8_R 1 7.456e+03 2.494e+02 4.398e+02
s>            ( QUESTION1 1 2.062e+03 1.860e+02 1.311e+02
s>                ( - 8.070e+02 4 0)
s>                ( - 1.069e+03 4 0 QUESTION0 1 1.244e+02 7.613e+01))
s>            ( QUESTION6 1 5.145e+03 2.172e+02 3.086e+02
s>                ( - 1.921e+03 7 0 QUESTION8 1 1.566e+02 1.262e+02)
s>                ( QUESTION0_0_R 1 3.007e+03 2.296e+02 1.825e+02
s>                    ( - 1.371e+03 2 0)
s>                    ( - 1.406e+03 7 0 QUESTION0_14_R 1 1.419e+02 9.365e+01))))
s>        ( QUESTION2_2_L -1 2.666e+03 2.270e+02 1.670e+02
s>            ( QUESTION2_5_L -1 1.386e+03 1.822e+02 8.999e+01
s>                ( - 3.494e+02 2 0 QUESTION4 -1 8.339e+01 2.299e+01)
s>                ( - 8.547e+02 2 0 QUESTION0 -1 9.215e+01 6.700e+01))
s>            ( - 1.052e+03 7 0 QUESTION10 1 1.767e+02 7.700e+01)))INFO: dtree.c(1478): Final simple tree
|( QUESTION6 1 2.488e+04 3.850e+02 1.411e+03
|    ( QUESTION0_10_R 1 4.760e+03 2.299e+02 2.822e+02
|        ( - 2.034e+03 7 0 QUESTION2_1_L -1 1.670e+02 1.292e+02)
|        ( - 2.495e+03 12 0 QUESTION0_18_R 1 1.860e+02 1.530e+02))
|    ( QUESTION2 1 1.973e+04 3.012e+02 1.129e+03
|        ( QUESTION2_2_L -1 6.369e+03 2.829e+02 3.928e+02
|            ( - 4.338e+03 10 0 QUESTION2_9_L -1 2.094e+02 2.661e+02)
|            ( - 1.748e+03 3 0 SILENCE -1 1.568e+02 1.266e+02))
|        ( QUESTION0 -1 1.306e+04 2.944e+02 7.360e+02
|            ( - 4.817e+03 9 0 QUESTION0_9_R 1 2.206e+02 2.910e+02)
|            ( QUESTION0_9_R 1 7.952e+03 2.671e+02 4.449e+02
|                ( QUESTION16 -1 6.159e+03 2.317e+02 3.519e+02
|                    ( - 2.457e+03 5 0 QUESTION0_16_R 1 1.711e+02 1.489e+02)
|                    ( - 3.470e+03 8 0 QUESTION2_2_L -1 1.781e+02 2.030e+02))
|                ( - 1.526e+03 11 0 QUESTION2_1_L -1 1.744e+02 9.302e+01)))))
s>    ( QUESTION6 1 2.488e+04 3.850e+02 1.411e+03
s>        ( QUESTION0_10_R 1 4.760e+03 2.299e+02 2.822e+02
s>            ( - 2.034e+03 7 0 QUESTION2_1_L -1 1.670e+02 1.292e+02)
s>            ( - 2.495e+03 12 0 QUESTION0_18_R 1 1.860e+02 1.530e+02))
s>        ( QUESTION2 1 1.973e+04 3.012e+02 1.129e+03
s>            ( QUESTION2_2_L -1 6.369e+03 2.829e+02 3.928e+02
s>                ( - 4.338e+03 10 0 QUESTION2_9_L -1 2.094e+02 2.661e+02)
s>                ( - 1.748e+03 3 0 SILENCE -1 1.568e+02 1.266e+02))
s>            ( QUESTION0 -1 1.306e+04 2.944e+02 7.360e+02
s>                ( - 4.817e+03 9 0 QUESTION0_9_R 1 2.206e+02 2.910e+02)
s>                ( QUESTION0_9_R 1 7.952e+03 2.671e+02 4.449e+02
s>                    ( QUESTION16 -1 6.159e+03 2.317e+02 3.519e+02
s>                        ( - 2.457e+03 5 0 QUESTION0_16_R 1 1.711e+02 1.489e+02)
s>                        ( - 3.470e+03 8 0 QUESTION2_2_L -1 1.781e+02 2.030e+02))
s>                    ( - 1.526e+03 11 0 QUESTION2_1_L -1 1.744e+02 9.302e+01)))))INFO: dtree.c(1315): Comp split 2
INFO: dtree.c(1478): Final simple tree
|( QUESTION0_10_R 1 6.532e+03 2.539e+02 3.753e+02
|    ( QUESTION2_1_L -1 2.034e+03 1.670e+02 1.292e+02
|        ( - 4.143e+02 2 0 QUESTION0_11_R 1 8.599e+01 3.200e+01)
|        ( QUESTION4 -1 1.453e+03 1.235e+02 9.724e+01
|            ( - 4.320e+02 1 0)
|            ( - 8.976e+02 4 0 QUESTION16 -1 1.113e+02 6.592e+01)))
|    ( QUESTION2_4_L -1 4.244e+03 2.267e+02 2.460e+02
|        ( QUESTION16 -1 2.316e+03 2.067e+02 1.370e+02
|            ( - 8.681e+02 7 0 QUESTION0_18_R 1 1.069e+02 5.900e+01)
|            ( QUESTION0_16_R 1 1.241e+03 1.597e+02 7.802e+01
|                ( - 6.165e+02 3 0 QUESTION0_18_R 1 1.069e+02 4.500e+01)
|                ( - 4.650e+02 6 0 QUESTION0 1 8.456e+01 3.302e+01)))
|        ( QUESTION0_8_R 1 1.701e+03 1.634e+02 1.090e+02
|            ( - 5.665e+02 4 0 QUESTION4 -1 9.975e+01 4.200e+01)
|            ( - 9.714e+02 3 0 QUESTION0_14_R 1 1.182e+02 6.700e+01))))
s>    ( QUESTION0_10_R 1 6.532e+03 2.539e+02 3.753e+02
s>        ( QUESTION2_1_L -1 2.034e+03 1.670e+02 1.292e+02
s>            ( - 4.143e+02 2 0 QUESTION0_11_R 1 8.599e+01 3.200e+01)
s>            ( QUESTION4 -1 1.453e+03 1.235e+02 9.724e+01
s>                ( - 4.320e+02 1 0)
s>                ( - 8.976e+02 4 0 QUESTION16 -1 1.113e+02 6.592e+01)))
s>        ( QUESTION2_4_L -1 4.244e+03 2.267e+02 2.460e+02
s>            ( QUESTION16 -1 2.316e+03 2.067e+02 1.370e+02
s>                ( - 8.681e+02 7 0 QUESTION0_18_R 1 1.069e+02 5.900e+01)
s>                ( QUESTION0_16_R 1 1.241e+03 1.597e+02 7.802e+01
s>                    ( - 6.165e+02 3 0 QUESTION0_18_R 1 1.069e+02 4.500e+01)
s>                    ( - 4.650e+02 6 0 QUESTION0 1 8.456e+01 3.302e+01)))
s>            ( QUESTION0_8_R 1 1.701e+03 1.634e+02 1.090e+02
s>                ( - 5.665e+02 4 0 QUESTION4 -1 9.975e+01 4.200e+01)
s>                ( - 9.714e+02 3 0 QUESTION0_14_R 1 1.182e+02 6.700e+01))))INFO: dtree.c(1478): Final simple tree
|( QUESTION0_8_R 1 1.790e+04 2.971e+02 1.036e+03
|    ( QUESTION2_2_L -1 6.563e+03 2.690e+02 4.102e+02
|        ( QUESTION1 1 4.546e+03 2.194e+02 2.836e+02
|            ( - 1.128e+03 3 0)
|            ( QUESTION2_9_L -1 3.199e+03 1.916e+02 2.038e+02
|                ( - 9.794e+02 1 0)
|                ( - 2.027e+03 6 0 QUESTION0 -1 1.599e+02 1.347e+02)))
|        ( - 1.748e+03 3 0 SILENCE -1 1.568e+02 1.266e+02))
|    ( QUESTION0 -1 1.104e+04 2.492e+02 6.255e+02
|        ( - 3.940e+03 7 0 QUESTION0_0_R 1 1.800e+02 2.376e+02)
|        ( QUESTION5 1 6.851e+03 2.356e+02 3.879e+02
|            ( QUESTION16 -1 5.012e+03 2.071e+02 2.899e+02
|                ( - 1.897e+03 4 0 QUESTION2_9_L -1 1.244e+02 1.169e+02)
|                ( - 2.909e+03 5 0 QUESTION5 -1 1.592e+02 1.730e+02))
|            ( - 1.603e+03 6 0 QUESTION4 -1 1.605e+02 9.802e+01))))
s>    ( QUESTION0_8_R 1 1.790e+04 2.971e+02 1.036e+03
s>        ( QUESTION2_2_L -1 6.563e+03 2.690e+02 4.102e+02
s>            ( QUESTION1 1 4.546e+03 2.194e+02 2.836e+02
s>                ( - 1.128e+03 3 0)
s>                ( QUESTION2_9_L -1 3.199e+03 1.916e+02 2.038e+02
s>                    ( - 9.794e+02 1 0)
s>                    ( - 2.027e+03 6 0 QUESTION0 -1 1.599e+02 1.347e+02)))
s>            ( - 1.748e+03 3 0 SILENCE -1 1.568e+02 1.266e+02))
s>        ( QUESTION0 -1 1.104e+04 2.492e+02 6.255e+02
s>            ( - 3.940e+03 7 0 QUESTION0_0_R 1 1.800e+02 2.376e+02)
s>            ( QUESTION5 1 6.851e+03 2.356e+02 3.879e+02
s>                ( QUESTION16 -1 5.012e+03 2.071e+02 2.899e+02
s>                    ( - 1.897e+03 4 0 QUESTION2_9_L -1 1.244e+02 1.169e+02)
s>                    ( - 2.909e+03 5 0 QUESTION5 -1 1.592e+02 1.730e+02))
s>                ( - 1.603e+03 6 0 QUESTION4 -1 1.605e+02 9.802e+01))))INFO: dtree.c(1315): Comp split 3
INFO: dtree.c(1478): Final simple tree
|( QUESTION0 -1 3.968e+03 2.524e+02 2.431e+02
|    ( QUESTION1 -1 1.898e+03 1.902e+02 1.281e+02
|        ( - 6.396e+02 1 0)
|        ( QUESTION0 1 1.069e+03 1.244e+02 7.613e+01
|            ( - 5.662e+02 3 0 QUESTION2_0_L -1 8.643e+01 4.100e+01)
|            ( - 3.779e+02 1 0)))
|    ( QUESTION5 -1 1.817e+03 2.129e+02 1.150e+02
|        ( QUESTION0_10_R 1 9.973e+02 1.733e+02 7.200e+01
|            ( - 3.097e+02 3 0 QUESTION0_12_R 1 8.123e+01 3.300e+01)
|            ( QUESTION2_5_L -1 5.143e+02 9.265e+01 3.900e+01
|                ( - 8.328e+01 1 0)
|                ( - 3.384e+02 3 0 QUESTION0_8_R 1 7.465e+01 3.000e+01)))
|        ( SILENCE -1 6.072e+02 1.017e+02 4.299e+01
|            ( - 1.308e+02 1 0)
|            ( - 3.747e+02 2 0 QUESTION2_1_L -1 6.998e+01 2.999e+01))))
s>    ( QUESTION0 -1 3.968e+03 2.524e+02 2.431e+02
s>        ( QUESTION1 -1 1.898e+03 1.902e+02 1.281e+02
s>            ( - 6.396e+02 1 0)
s>            ( QUESTION0 1 1.069e+03 1.244e+02 7.613e+01
s>                ( - 5.662e+02 3 0 QUESTION2_0_L -1 8.643e+01 4.100e+01)
s>                ( - 3.779e+02 1 0)))
s>        ( QUESTION5 -1 1.817e+03 2.129e+02 1.150e+02
s>            ( QUESTION0_10_R 1 9.973e+02 1.733e+02 7.200e+01
s>                ( - 3.097e+02 3 0 QUESTION0_12_R 1 8.123e+01 3.300e+01)
s>                ( QUESTION2_5_L -1 5.143e+02 9.265e+01 3.900e+01
s>                    ( - 8.328e+01 1 0)
s>                    ( - 3.384e+02 3 0 QUESTION0_8_R 1 7.465e+01 3.000e+01)))
s>            ( SILENCE -1 6.072e+02 1.017e+02 4.299e+01
s>                ( - 1.308e+02 1 0)
s>                ( - 3.747e+02 2 0 QUESTION2_1_L -1 6.998e+01 2.999e+01))))INFO: dtree.c(1478): Final simple tree
|( QUESTION6 1 6.142e+03 2.244e+02 3.636e+02
|    ( QUESTION8 1 1.921e+03 1.566e+02 1.262e+02
|        ( QUESTION0_18_R 1 1.483e+03 9.562e+01 9.936e+01
|            ( - 1.209e+03 2 0)
|            ( - 1.785e+02 2 0 QUESTION0_10_R 1 4.891e+01 1.600e+01))
|        ( - 2.818e+02 3 0 QUESTION0_10_R 1 6.391e+01 2.680e+01))
|    ( QUESTION0_7_R 1 3.996e+03 2.455e+02 2.375e+02
|        ( QUESTION0_8_R 1 2.239e+03 1.620e+02 1.427e+02
|            ( - 8.070e+02 4 0)
|            ( QUESTION0_14_R 1 1.270e+03 1.302e+02 8.765e+01
|                ( - 7.304e+02 3 0)
|                ( - 4.092e+02 3 0 QUESTION0_16_R 1 4.777e+01 3.439e+01)))
|        ( SILENCE 1 1.512e+03 9.242e+01 9.482e+01
|            ( - 4.818e+01 1 0)
|            ( - 1.371e+03 2 0))))
s>    ( QUESTION6 1 6.142e+03 2.244e+02 3.636e+02
s>        ( QUESTION8 1 1.921e+03 1.566e+02 1.262e+02
s>            ( QUESTION0_18_R 1 1.483e+03 9.562e+01 9.936e+01
s>                ( - 1.209e+03 2 0)
s>                ( - 1.785e+02 2 0 QUESTION0_10_R 1 4.891e+01 1.600e+01))
s>            ( - 2.818e+02 3 0 QUESTION0_10_R 1 6.391e+01 2.680e+01))
s>        ( QUESTION0_7_R 1 3.996e+03 2.455e+02 2.375e+02
s>            ( QUESTION0_8_R 1 2.239e+03 1.620e+02 1.427e+02
s>                ( - 8.070e+02 4 0)
s>                ( QUESTION0_14_R 1 1.270e+03 1.302e+02 8.765e+01
s>                    ( - 7.304e+02 3 0)
s>                    ( - 4.092e+02 3 0 QUESTION0_16_R 1 4.777e+01 3.439e+01)))
s>            ( SILENCE 1 1.512e+03 9.242e+01 9.482e+01
s>                ( - 4.818e+01 1 0)
s>                ( - 1.371e+03 2 0))))INFO: dtree.c(1315): Comp split 4
INFO: dtree.c(1478): Final simple tree
|( WDBNDRY_S 0 4.415e+03 3.239e+02 2.374e+02
|    ( QUESTION5 -1 1.677e+03 1.933e+02 1.070e+02
|        ( QUESTION6 -1 3.920e+02 7.951e+01 3.400e+01
|            ( - 6.679e+01 1 0)
|            ( - 2.457e+02 1 0))
|        ( QUESTION0 -1 1.092e+03 1.035e+02 7.303e+01
|            ( - 3.749e+02 2 0)
|            ( QUESTION2_1_L -1 6.133e+02 8.738e+01 4.403e+01
|                ( - 1.744e+02 1 0)
|                ( - 3.515e+02 1 0))))
|    ( QUESTION4 -1 2.414e+03 2.375e+02 1.303e+02
|        ( - 1.600e+03 1 0)
|        ( WDBNDRY_E 0 5.768e+02 1.017e+02 3.442e+01
|            ( - 3.225e+02 1 0)
|            ( - 1.526e+02 2 0 QUESTION0_18_R 1 4.947e+01 1.300e+01))))
s>    ( WDBNDRY_S 0 4.415e+03 3.239e+02 2.374e+02
s>        ( QUESTION5 -1 1.677e+03 1.933e+02 1.070e+02
s>            ( QUESTION6 -1 3.920e+02 7.951e+01 3.400e+01
s>                ( - 6.679e+01 1 0)
s>                ( - 2.457e+02 1 0))
s>            ( QUESTION0 -1 1.092e+03 1.035e+02 7.303e+01
s>                ( - 3.749e+02 2 0)
s>                ( QUESTION2_1_L -1 6.133e+02 8.738e+01 4.403e+01
s>                    ( - 1.744e+02 1 0)
s>                    ( - 3.515e+02 1 0))))
s>        ( QUESTION4 -1 2.414e+03 2.375e+02 1.303e+02
s>            ( - 1.600e+03 1 0)
s>            ( WDBNDRY_E 0 5.768e+02 1.017e+02 3.442e+01
s>                ( - 3.225e+02 1 0)
s>                ( - 1.526e+02 2 0 QUESTION0_18_R 1 4.947e+01 1.300e+01))))INFO: dtree.c(1478): Final simple tree
|( SILENCE 1 2.087e+03 1.898e+02 1.207e+02
|    ( WDBNDRY_E 0 1.121e+03 8.531e+01 6.948e+01
|        ( - 9.794e+02 1 0)
|        ( - 5.626e+01 1 0))
|    ( QUESTION0_13_R 1 7.765e+02 1.150e+02 5.125e+01
|        ( QUESTION4 1 3.385e+02 7.846e+01 2.714e+01
|            ( - 1.735e+02 1 0)
|            ( QUESTION0_16_R 1 8.654e+01 1.267e+01 1.100e+01
|                ( - 0.000e+00 1 0)
|                ( - 7.387e+01 1 0)))
|        ( QUESTION4 1 3.230e+02 7.596e+01 2.410e+01
|            ( - 1.723e+02 1 0)
|            ( QUESTION0_8_R 1 7.480e+01 2.565e+01 8.089e+00
|                ( - 4.124e+01 1 0)
|                ( - 7.909e+00 1 0)))))
s>    ( SILENCE 1 2.087e+03 1.898e+02 1.207e+02
s>        ( WDBNDRY_E 0 1.121e+03 8.531e+01 6.948e+01
s>            ( - 9.794e+02 1 0)
s>            ( - 5.626e+01 1 0))
s>        ( QUESTION0_13_R 1 7.765e+02 1.150e+02 5.125e+01
s>            ( QUESTION4 1 3.385e+02 7.846e+01 2.714e+01
s>                ( - 1.735e+02 1 0)
s>                ( QUESTION0_16_R 1 8.654e+01 1.267e+01 1.100e+01
s>                    ( - 0.000e+00 1 0)
s>                    ( - 7.387e+01 1 0)))
s>            ( QUESTION4 1 3.230e+02 7.596e+01 2.410e+01
s>                ( - 1.723e+02 1 0)
s>                ( QUESTION0_8_R 1 7.480e+01 2.565e+01 8.089e+00
s>                    ( - 4.124e+01 1 0)
s>                    ( - 7.909e+00 1 0)))))INFO: dtree.c(1315): Comp split 5
INFO: dtree.c(1478): Final simple tree
|( QUESTION16 -1 1.326e+04 2.574e+02 7.602e+02
|    ( QUESTION5 1 3.460e+03 2.127e+02 2.076e+02
|        ( - 1.897e+03 4 0 QUESTION2_9_L -1 1.244e+02 1.169e+02)
|        ( - 1.350e+03 4 0 QUESTION0_9_R 1 1.274e+02 9.075e+01))
|    ( QUESTION2_2_L -1 9.543e+03 2.389e+02 5.526e+02
|        ( QUESTION0_14_R 1 7.018e+03 2.080e+02 4.166e+02
|            ( QUESTION0 -1 3.466e+03 1.661e+02 2.091e+02
|                ( - 2.608e+03 2 0)
|                ( - 6.920e+02 1 0))
|            ( QUESTION0_0_R 1 3.344e+03 1.825e+02 2.075e+02
|                ( - 9.518e+02 4 0 QUESTION0 -1 1.316e+02 6.338e+01)
|                ( QUESTION5 -1 2.209e+03 1.688e+02 1.442e+02
|                    ( - 4.270e+02 2 0)
|                    ( - 1.614e+03 6 0 QUESTION0_8_R 1 1.199e+02 1.052e+02))))
|        ( - 2.286e+03 5 0 SILENCE -1 1.248e+02 1.360e+02)))
s>    ( QUESTION16 -1 1.326e+04 2.574e+02 7.602e+02
s>        ( QUESTION5 1 3.460e+03 2.127e+02 2.076e+02
s>            ( - 1.897e+03 4 0 QUESTION2_9_L -1 1.244e+02 1.169e+02)
s>            ( - 1.350e+03 4 0 QUESTION0_9_R 1 1.274e+02 9.075e+01))
s>        ( QUESTION2_2_L -1 9.543e+03 2.389e+02 5.526e+02
s>            ( QUESTION0_14_R 1 7.018e+03 2.080e+02 4.166e+02
s>                ( QUESTION0 -1 3.466e+03 1.661e+02 2.091e+02
s>                    ( - 2.608e+03 2 0)
s>                    ( - 6.920e+02 1 0))
s>                ( QUESTION0_0_R 1 3.344e+03 1.825e+02 2.075e+02
s>                    ( - 9.518e+02 4 0 QUESTION0 -1 1.316e+02 6.338e+01)
s>                    ( QUESTION5 -1 2.209e+03 1.688e+02 1.442e+02
s>                        ( - 4.270e+02 2 0)
s>                        ( - 1.614e+03 6 0 QUESTION0_8_R 1 1.199e+02 1.052e+02))))
s>            ( - 2.286e+03 5 0 SILENCE -1 1.248e+02 1.360e+02)))INFO: dtree.c(1439): stop. leaf nodes are specific
INFO: dtree.c(1478): Final simple tree
|( QUESTION3 -1 4.282e+03 2.424e+02 2.755e+02
|    ( QUESTION4 -1 1.810e+03 1.606e+02 1.270e+02
|        ( - 6.704e+02 1 0)
|        ( - 9.794e+02 1 0))
|    ( SILENCE -1 2.229e+03 1.800e+02 1.485e+02
|        ( - 9.205e+02 2 0)
|        ( - 1.128e+03 3 0)))
s>    ( QUESTION3 -1 4.282e+03 2.424e+02 2.755e+02
s>        ( QUESTION4 -1 1.810e+03 1.606e+02 1.270e+02
s>            ( - 6.704e+02 1 0)
s>            ( - 9.794e+02 1 0))
s>        ( SILENCE -1 2.229e+03 1.800e+02 1.485e+02
s>            ( - 9.205e+02 2 0)
s>            ( - 1.128e+03 3 0)))INFO: dtree.c(1315): Comp split 6
INFO: dtree.c(1439): stop. leaf nodes are specific
INFO: dtree.c(1478): Final simple tree
|( QUESTION5 -1 1.990e+03 2.190e+02 1.195e+02
|    ( WDBNDRY_E 0 6.794e+02 1.111e+02 4.642e+01
|        ( - 3.225e+02 1 0)
|        ( - 2.457e+02 1 0))
|    ( QUESTION0 -1 1.092e+03 1.035e+02 7.303e+01
|        ( - 3.749e+02 2 0)
|        ( QUESTION2_1_L -1 6.133e+02 8.738e+01 4.403e+01
|            ( - 1.744e+02 1 0)
|            ( - 3.515e+02 1 0))))
s>    ( QUESTION5 -1 1.990e+03 2.190e+02 1.195e+02
s>        ( WDBNDRY_E 0 6.794e+02 1.111e+02 4.642e+01
s>            ( - 3.225e+02 1 0)
s>            ( - 2.457e+02 1 0))
s>        ( QUESTION0 -1 1.092e+03 1.035e+02 7.303e+01
s>            ( - 3.749e+02 2 0)
s>            ( QUESTION2_1_L -1 6.133e+02 8.738e+01 4.403e+01
s>                ( - 1.744e+02 1 0)
s>                ( - 3.515e+02 1 0))))INFO: dtree.c(1439): stop. leaf nodes are specific
INFO: dtree.c(1478): Final simple tree
|( WDBNDRY_E 0 2.075e+03 1.929e+02 1.179e+02
|    ( - 1.600e+03 1 0)
|    ( WDBNDRY_S 0 2.816e+02 6.220e+01 2.200e+01
|        ( - 6.679e+01 1 0)
|        ( QUESTION0_18_R 1 1.526e+02 4.947e+01 1.300e+01
|            ( - 4.151e+01 1 0)
|            ( - 6.160e+01 1 0))))
s>    ( WDBNDRY_E 0 2.075e+03 1.929e+02 1.179e+02
s>        ( - 1.600e+03 1 0)
s>        ( WDBNDRY_S 0 2.816e+02 6.220e+01 2.200e+01
s>            ( - 6.679e+01 1 0)
s>            ( QUESTION0_18_R 1 1.526e+02 4.947e+01 1.300e+01
s>                ( - 4.151e+01 1 0)
s>                ( - 6.160e+01 1 0))))INFO: dtree.c(1315): Comp split 7
INFO: dtree.c(1439): stop. leaf nodes are specific
INFO: dtree.c(1478): Final simple tree
|( QUESTION0_11_R 1 1.604e+03 1.693e+02 1.111e+02
|    ( QUESTION0_12_R 1 2.485e+02 6.446e+01 3.000e+01
|        ( - 1.201e+02 1 0)
|        ( - 6.400e+01 1 0))
|    ( QUESTION3 -1 1.186e+03 1.534e+02 8.112e+01
|        ( QUESTION2_1_L -1 4.197e+02 7.333e+01 3.299e+01
|            ( QUESTION0_8_R 1 1.637e+02 2.943e+01 1.900e+01
|                ( - 1.220e+02 1 0)
|                ( - 1.223e+01 1 0))
|            ( - 1.827e+02 1 0))
|        ( SILENCE -1 6.127e+02 1.040e+02 4.813e+01
|            ( - 1.308e+02 1 0)
|            ( - 3.779e+02 1 0))))
s>    ( QUESTION0_11_R 1 1.604e+03 1.693e+02 1.111e+02
s>        ( QUESTION0_12_R 1 2.485e+02 6.446e+01 3.000e+01
s>            ( - 1.201e+02 1 0)
s>            ( - 6.400e+01 1 0))
s>        ( QUESTION3 -1 1.186e+03 1.534e+02 8.112e+01
s>            ( QUESTION2_1_L -1 4.197e+02 7.333e+01 3.299e+01
s>                ( QUESTION0_8_R 1 1.637e+02 2.943e+01 1.900e+01
s>                    ( - 1.220e+02 1 0)
s>                    ( - 1.223e+01 1 0))
s>                ( - 1.827e+02 1 0))
s>            ( SILENCE -1 6.127e+02 1.040e+02 4.813e+01
s>                ( - 1.308e+02 1 0)
s>                ( - 3.779e+02 1 0))))INFO: dtree.c(1439): stop. leaf nodes are specific
INFO: dtree.c(1478): Final simple tree
|( QUESTION2_3_L -1 2.048e+03 1.906e+02 1.320e+02
|    ( QUESTION0 1 1.200e+03 1.395e+02 8.500e+01
|        ( - 4.212e+02 2 0)
|        ( - 6.396e+02 1 0))
|    ( QUESTION4 1 6.566e+02 1.048e+02 4.700e+01
|        ( QUESTION2_5_L -1 3.573e+02 7.943e+01 2.900e+01
|            ( - 8.328e+01 1 0)
|            ( QUESTION6 -1 1.946e+02 3.750e+01 2.000e+01
|                ( - 3.421e+01 1 0)
|                ( - 1.229e+02 1 0)))
|        ( QUESTION0_8_R 1 1.945e+02 6.676e+01 1.800e+01
|            ( - 5.863e+01 1 0)
|            ( - 6.916e+01 1 0))))
s>    ( QUESTION2_3_L -1 2.048e+03 1.906e+02 1.320e+02
s>        ( QUESTION0 1 1.200e+03 1.395e+02 8.500e+01
s>            ( - 4.212e+02 2 0)
s>            ( - 6.396e+02 1 0))
s>        ( QUESTION4 1 6.566e+02 1.048e+02 4.700e+01
s>            ( QUESTION2_5_L -1 3.573e+02 7.943e+01 2.900e+01
s>                ( - 8.328e+01 1 0)
s>                ( QUESTION6 -1 1.946e+02 3.750e+01 2.000e+01
s>                    ( - 3.421e+01 1 0)
s>                    ( - 1.229e+02 1 0)))
s>            ( QUESTION0_8_R 1 1.945e+02 6.676e+01 1.800e+01
s>                ( - 5.863e+01 1 0)
s>                ( - 6.916e+01 1 0))))INFO: dtree.c(1315): Comp split 8
INFO: dtree.c(1478): Final simple tree
|( QUESTION16 -1 6.539e+03 2.472e+02 3.809e+02
|    ( QUESTION0_9_R 1 1.350e+03 1.274e+02 9.075e+01
|        ( - 3.892e+02 1 0)
|        ( - 8.337e+02 3 0 QUESTION0_0_R 1 1.013e+02 5.874e+01))
|    ( QUESTION2_2_L -1 4.942e+03 1.967e+02 2.902e+02
|        ( QUESTION0_14_R 1 2.459e+03 1.530e+02 1.542e+02
|            ( - 6.920e+02 1 0)
|            ( QUESTION0_8_R 1 1.614e+03 1.199e+02 1.052e+02
|                ( - 7.645e+02 2 0)
|                ( - 7.292e+02 4 0 QUESTION0 -1 9.024e+01 5.116e+01)))
|        ( SILENCE -1 2.286e+03 1.248e+02 1.360e+02
|            ( - 3.550e+02 1 0)
|            ( QUESTION0_14_R 1 1.807e+03 1.135e+02 1.100e+02
|                ( - 1.498e+03 2 0)
|                ( - 1.954e+02 2 0)))))
s>    ( QUESTION16 -1 6.539e+03 2.472e+02 3.809e+02
s>        ( QUESTION0_9_R 1 1.350e+03 1.274e+02 9.075e+01
s>            ( - 3.892e+02 1 0)
s>            ( - 8.337e+02 3 0 QUESTION0_0_R 1 1.013e+02 5.874e+01))
s>        ( QUESTION2_2_L -1 4.942e+03 1.967e+02 2.902e+02
s>            ( QUESTION0_14_R 1 2.459e+03 1.530e+02 1.542e+02
s>                ( - 6.920e+02 1 0)
s>                ( QUESTION0_8_R 1 1.614e+03 1.199e+02 1.052e+02
s>                    ( - 7.645e+02 2 0)
s>                    ( - 7.292e+02 4 0 QUESTION0 -1 9.024e+01 5.116e+01)))
s>            ( SILENCE -1 2.286e+03 1.248e+02 1.360e+02
s>                ( - 3.550e+02 1 0)
s>                ( QUESTION0_14_R 1 1.807e+03 1.135e+02 1.100e+02
s>                    ( - 1.498e+03 2 0)
s>                    ( - 1.954e+02 2 0)))))INFO: dtree.c(1478): Final simple tree
|( QUESTION16 -1 6.417e+03 2.142e+02 3.793e+02
|    ( QUESTION2_9_L -1 1.897e+03 1.244e+02 1.169e+02
|        ( - 1.676e+02 1 0)
|        ( QUESTION0_14_R 1 1.605e+03 1.051e+02 1.008e+02
|            ( - 1.353e+03 1 0)
|            ( - 1.465e+02 2 0 QUESTION2_5_L -1 4.262e+01 1.400e+01)))
|    ( QUESTION0_0_R 1 4.306e+03 1.869e+02 2.624e+02
|        ( QUESTION0 -1 9.518e+02 1.316e+02 6.338e+01
|            ( QUESTION0_1_R 1 5.770e+02 8.905e+01 4.436e+01
|                ( - 1.881e+02 2 0)
|                ( - 2.998e+02 1 0))
|            ( - 2.432e+02 1 0))
|        ( QUESTION0_8_R 1 3.168e+03 1.325e+02 1.991e+02
|            ( - 4.270e+02 2 0)
|            ( - 2.608e+03 2 0))))
s>    ( QUESTION16 -1 6.417e+03 2.142e+02 3.793e+02
s>        ( QUESTION2_9_L -1 1.897e+03 1.244e+02 1.169e+02
s>            ( - 1.676e+02 1 0)
s>            ( QUESTION0_14_R 1 1.605e+03 1.051e+02 1.008e+02
s>                ( - 1.353e+03 1 0)
s>                ( - 1.465e+02 2 0 QUESTION2_5_L -1 4.262e+01 1.400e+01)))
s>        ( QUESTION0_0_R 1 4.306e+03 1.869e+02 2.624e+02
s>            ( QUESTION0 -1 9.518e+02 1.316e+02 6.338e+01
s>                ( QUESTION0_1_R 1 5.770e+02 8.905e+01 4.436e+01
s>                    ( - 1.881e+02 2 0)
s>                    ( - 2.998e+02 1 0))
s>                ( - 2.432e+02 1 0))
s>            ( QUESTION0_8_R 1 3.168e+03 1.325e+02 1.991e+02
s>                ( - 4.270e+02 2 0)
s>                ( - 2.608e+03 2 0))))INFO: dtree.c(1315): Comp split 9
INFO: dtree.c(1439): stop. leaf nodes are specific
INFO: dtree.c(1478): Final simple tree
|( QUESTION0_8_R 1 2.384e+03 1.714e+02 1.487e+02
|    ( - 8.070e+02 4 0)
|    ( QUESTION0_14_R 1 1.406e+03 1.419e+02 9.365e+01
|        ( - 7.304e+02 3 0)
|        ( QUESTION0_16_R 1 5.335e+02 1.008e+02 4.039e+01
|            ( - 3.507e+02 2 0)
|            ( SILENCE 1 8.203e+01 2.309e+01 9.000e+00
|                ( - 4.818e+01 1 0)
|                ( - 1.076e+01 1 0)))))
s>    ( QUESTION0_8_R 1 2.384e+03 1.714e+02 1.487e+02
s>        ( - 8.070e+02 4 0)
s>        ( QUESTION0_14_R 1 1.406e+03 1.419e+02 9.365e+01
s>            ( - 7.304e+02 3 0)
s>            ( QUESTION0_16_R 1 5.335e+02 1.008e+02 4.039e+01
s>                ( - 3.507e+02 2 0)
s>                ( SILENCE 1 8.203e+01 2.309e+01 9.000e+00
s>                    ( - 4.818e+01 1 0)
s>                    ( - 1.076e+01 1 0)))))INFO: dtree.c(1439): stop. leaf nodes are specific
INFO: dtree.c(1478): Final simple tree
|( QUESTION8 1 3.456e+03 1.744e+02 2.150e+02
|    ( QUESTION0_18_R 1 1.483e+03 9.562e+01 9.936e+01
|        ( - 1.209e+03 2 0)
|        ( QUESTION0_10_R 1 1.785e+02 4.891e+01 1.600e+01
|            ( - 5.991e+01 1 0)
|            ( - 6.965e+01 1 0)))
|    ( QUESTION0_0_R 1 1.799e+03 1.460e+02 1.156e+02
|        ( - 1.371e+03 2 0)
|        ( QUESTION0_10_R 1 2.818e+02 6.391e+01 2.680e+01
|            ( - 1.596e+02 2 0)
|            ( - 5.831e+01 1 0))))
s>    ( QUESTION8 1 3.456e+03 1.744e+02 2.150e+02
s>        ( QUESTION0_18_R 1 1.483e+03 9.562e+01 9.936e+01
s>            ( - 1.209e+03 2 0)
s>            ( QUESTION0_10_R 1 1.785e+02 4.891e+01 1.600e+01
s>                ( - 5.991e+01 1 0)
s>                ( - 6.965e+01 1 0)))
s>        ( QUESTION0_0_R 1 1.799e+03 1.460e+02 1.156e+02
s>            ( - 1.371e+03 2 0)
s>            ( QUESTION0_10_R 1 2.818e+02 6.391e+01 2.680e+01
s>                ( - 1.596e+02 2 0)
s>                ( - 5.831e+01 1 0))))INFO: dtree.c(1315): Comp split 10
INFO: dtree.c(1478): Final simple tree
|( QUESTION0_10_R 1 3.268e+03 2.091e+02 1.973e+02
|    ( QUESTION4 -1 1.453e+03 1.235e+02 9.724e+01
|        ( - 4.320e+02 1 0)
|        ( QUESTION16 -1 8.976e+02 1.113e+02 6.592e+01
|            ( - 2.536e+02 2 0 QUESTION2_9_L -1 5.361e+01 2.200e+01)
|            ( - 5.326e+02 2 0 QUESTION0 -1 6.395e+01 4.392e+01)))
|    ( QUESTION2_4_L -1 1.606e+03 1.691e+02 1.000e+02
|        ( QUESTION0 1 4.650e+02 8.456e+01 3.302e+01
|            ( - 2.374e+02 3 0 QUESTION0_0_R 1 5.179e+01 2.002e+01)
|            ( - 1.430e+02 3 0 QUESTION0_15_R 1 4.485e+01 1.300e+01))
|        ( QUESTION0_14_R 1 9.714e+02 1.182e+02 6.700e+01
|            ( - 1.923e+02 1 0)
|            ( QUESTION0_0_R 1 6.609e+02 7.364e+01 4.700e+01
|                ( - 9.457e+01 1 0)
|                ( - 4.927e+02 1 0)))))
s>    ( QUESTION0_10_R 1 3.268e+03 2.091e+02 1.973e+02
s>        ( QUESTION4 -1 1.453e+03 1.235e+02 9.724e+01
s>            ( - 4.320e+02 1 0)
s>            ( QUESTION16 -1 8.976e+02 1.113e+02 6.592e+01
s>                ( - 2.536e+02 2 0 QUESTION2_9_L -1 5.361e+01 2.200e+01)
s>                ( - 5.326e+02 2 0 QUESTION0 -1 6.395e+01 4.392e+01)))
s>        ( QUESTION2_4_L -1 1.606e+03 1.691e+02 1.000e+02
s>            ( QUESTION0 1 4.650e+02 8.456e+01 3.302e+01
s>                ( - 2.374e+02 3 0 QUESTION0_0_R 1 5.179e+01 2.002e+01)
s>                ( - 1.430e+02 3 0 QUESTION0_15_R 1 4.485e+01 1.300e+01))
s>            ( QUESTION0_14_R 1 9.714e+02 1.182e+02 6.700e+01
s>                ( - 1.923e+02 1 0)
s>                ( QUESTION0_0_R 1 6.609e+02 7.364e+01 4.700e+01
s>                    ( - 9.457e+01 1 0)
s>                    ( - 4.927e+02 1 0)))))INFO: dtree.c(1478): Final simple tree
|( QUESTION7 1 2.966e+03 2.064e+02 1.780e+02
|    ( QUESTION0_18_R 1 1.377e+03 1.510e+02 8.900e+01
|        ( QUESTION4 -1 4.074e+02 7.490e+01 3.100e+01
|            ( - 1.714e+02 1 0)
|            ( - 1.611e+02 3 0 QUESTION6 -1 2.245e+01 1.500e+01))
|        ( QUESTION0_10_R 1 8.182e+02 1.213e+02 5.800e+01
|            ( - 2.838e+02 1 0)
|            ( - 4.131e+02 2 0 QUESTION6 -1 6.071e+01 3.300e+01)))
|    ( QUESTION16 -1 1.383e+03 1.472e+02 8.900e+01
|        ( QUESTION0_16_R 1 5.589e+02 8.847e+01 4.000e+01
|            ( - 1.515e+02 1 0)
|            ( - 3.190e+02 3 0 QUESTION0_8_R 1 6.555e+01 2.500e+01))
|        ( QUESTION4 -1 6.771e+02 1.063e+02 4.900e+01
|            ( - 3.707e+02 3 0 QUESTION0_8_R 1 5.964e+01 3.000e+01)
|            ( - 2.002e+02 2 0 SILENCE -1 4.200e+01 1.900e+01))))
s>    ( QUESTION7 1 2.966e+03 2.064e+02 1.780e+02
s>        ( QUESTION0_18_R 1 1.377e+03 1.510e+02 8.900e+01
s>            ( QUESTION4 -1 4.074e+02 7.490e+01 3.100e+01
s>                ( - 1.714e+02 1 0)
s>                ( - 1.611e+02 3 0 QUESTION6 -1 2.245e+01 1.500e+01))
s>            ( QUESTION0_10_R 1 8.182e+02 1.213e+02 5.800e+01
s>                ( - 2.838e+02 1 0)
s>                ( - 4.131e+02 2 0 QUESTION6 -1 6.071e+01 3.300e+01)))
s>        ( QUESTION16 -1 1.383e+03 1.472e+02 8.900e+01
s>            ( QUESTION0_16_R 1 5.589e+02 8.847e+01 4.000e+01
s>                ( - 1.515e+02 1 0)
s>                ( - 3.190e+02 3 0 QUESTION0_8_R 1 6.555e+01 2.500e+01))
s>            ( QUESTION4 -1 6.771e+02 1.063e+02 4.900e+01
s>                ( - 3.707e+02 3 0 QUESTION0_8_R 1 5.964e+01 3.000e+01)
s>                ( - 2.002e+02 2 0 SILENCE -1 4.200e+01 1.900e+01))))INFO: dtree.c(1315): Comp split 11
INFO: dtree.c(1439): stop. leaf nodes are specific
INFO: dtree.c(1478): Final simple tree
|( QUESTION0_0_R 1 2.021e+03 1.476e+02 1.238e+02
|    ( QUESTION0_1_R 1 5.206e+02 8.933e+01 3.702e+01
|        ( - 1.881e+02 2 0)
|        ( - 2.432e+02 1 0))
|    ( - 1.353e+03 1 0))
s>    ( QUESTION0_0_R 1 2.021e+03 1.476e+02 1.238e+02
s>        ( QUESTION0_1_R 1 5.206e+02 8.933e+01 3.702e+01
s>            ( - 1.881e+02 2 0)
s>            ( - 2.432e+02 1 0))
s>        ( - 1.353e+03 1 0))INFO: dtree.c(1439): stop. leaf nodes are specific
INFO: dtree.c(1478): Final simple tree
|( QUESTION0 -1 4.130e+03 1.805e+02 2.555e+02
|    ( QUESTION0_0_R 1 3.032e+03 1.236e+02 1.864e+02
|        ( - 2.998e+02 1 0)
|        ( - 2.608e+03 2 0))
|    ( QUESTION0_8_R 1 9.176e+02 1.117e+02 6.905e+01
|        ( - 4.270e+02 2 0)
|        ( QUESTION0_14_R 1 3.788e+02 6.471e+01 3.005e+01
|            ( - 1.676e+02 1 0)
|            ( QUESTION2_5_L -1 1.465e+02 4.262e+01 1.400e+01
|                ( - 3.807e+01 1 0)
|                ( - 6.584e+01 1 0)))))
s>    ( QUESTION0 -1 4.130e+03 1.805e+02 2.555e+02
s>        ( QUESTION0_0_R 1 3.032e+03 1.236e+02 1.864e+02
s>            ( - 2.998e+02 1 0)
s>            ( - 2.608e+03 2 0))
s>        ( QUESTION0_8_R 1 9.176e+02 1.117e+02 6.905e+01
s>            ( - 4.270e+02 2 0)
s>            ( QUESTION0_14_R 1 3.788e+02 6.471e+01 3.005e+01
s>                ( - 1.676e+02 1 0)
s>                ( QUESTION2_5_L -1 1.465e+02 4.262e+01 1.400e+01
s>                    ( - 3.807e+01 1 0)
s>                    ( - 6.584e+01 1 0)))))INFO: dtree.c(1315): Comp split 12
INFO: dtree.c(1478): Final simple tree
|( QUESTION0_14_R 1 4.451e+03 1.968e+02 2.642e+02
|    ( QUESTION4 -1 2.332e+03 1.419e+02 1.420e+02
|        ( - 1.498e+03 2 0)
|        ( - 6.920e+02 1 0))
|    ( QUESTION0 -1 1.923e+03 1.353e+02 1.222e+02
|        ( QUESTION0_16_R 1 1.313e+03 1.091e+02 8.716e+01
|            ( - 2.960e+02 1 0)
|            ( QUESTION0_8_R 1 9.076e+02 6.312e+01 6.400e+01
|                ( - 7.645e+02 2 0)
|                ( - 7.997e+01 1 0)))
|        ( QUESTION2_1_L -1 4.750e+02 8.537e+01 3.500e+01
|            ( - 1.954e+02 2 0)
|            ( QUESTION0_16_R 1 1.942e+02 3.352e+01 1.800e+01
|                ( - 1.337e+02 1 0)
|                ( - 2.698e+01 1 0)))))
s>    ( QUESTION0_14_R 1 4.451e+03 1.968e+02 2.642e+02
s>        ( QUESTION4 -1 2.332e+03 1.419e+02 1.420e+02
s>            ( - 1.498e+03 2 0)
s>            ( - 6.920e+02 1 0))
s>        ( QUESTION0 -1 1.923e+03 1.353e+02 1.222e+02
s>            ( QUESTION0_16_R 1 1.313e+03 1.091e+02 8.716e+01
s>                ( - 2.960e+02 1 0)
s>                ( QUESTION0_8_R 1 9.076e+02 6.312e+01 6.400e+01
s>                    ( - 7.645e+02 2 0)
s>                    ( - 7.997e+01 1 0)))
s>            ( QUESTION2_1_L -1 4.750e+02 8.537e+01 3.500e+01
s>                ( - 1.954e+02 2 0)
s>                ( QUESTION0_16_R 1 1.942e+02 3.352e+01 1.800e+01
s>                    ( - 1.337e+02 1 0)
s>                    ( - 2.698e+01 1 0)))))INFO: dtree.c(1439): stop. leaf nodes are specific
INFO: dtree.c(1478): Final simple tree
|( QUESTION0_15_R 1 1.838e+03 1.408e+02 1.168e+02
|    ( - 3.892e+02 1 0)
|    ( SILENCE -1 1.308e+03 1.194e+02 8.475e+01
|        ( - 3.550e+02 1 0)
|        ( QUESTION0_0_R 1 8.337e+02 1.013e+02 5.874e+01
|            ( - 1.792e+02 1 0)
|            ( - 5.532e+02 2 0))))
s>    ( QUESTION0_15_R 1 1.838e+03 1.408e+02 1.168e+02
s>        ( - 3.892e+02 1 0)
s>        ( SILENCE -1 1.308e+03 1.194e+02 8.475e+01
s>            ( - 3.550e+02 1 0)
s>            ( QUESTION0_0_R 1 8.337e+02 1.013e+02 5.874e+01
s>                ( - 1.792e+02 1 0)
s>                ( - 5.532e+02 2 0))))INFO: dtree.c(1315): Comp split 13
INFO: dtree.c(1439): stop. leaf nodes are specific
INFO: dtree.c(1478): Final simple tree
|( SILENCE -1 2.229e+03 1.800e+02 1.485e+02
|    ( - 9.205e+02 2 0)
|    ( - 1.128e+03 3 0))
s>    ( SILENCE -1 2.229e+03 1.800e+02 1.485e+02
s>        ( - 9.205e+02 2 0)
s>        ( - 1.128e+03 3 0))INFO: dtree.c(1439): stop. leaf nodes are specific
INFO: dtree.c(1478): Final simple tree
|( QUESTION4 -1 1.810e+03 1.606e+02 1.270e+02
|    ( - 6.704e+02 1 0)
|    ( - 9.794e+02 1 0))
s>    ( QUESTION4 -1 1.810e+03 1.606e+02 1.270e+02
s>        ( - 6.704e+02 1 0)
s>        ( - 9.794e+02 1 0))INFO: dtree.c(1315): Comp split 14
INFO: dtree.c(1439): stop. leaf nodes are specific
INFO: dtree.c(1478): Final simple tree
|( QUESTION0_10_R 1 2.012e+03 1.429e+02 1.329e+02
|    ( QUESTION16 -1 8.976e+02 1.113e+02 6.592e+01
|        ( QUESTION2_9_L -1 2.536e+02 5.361e+01 2.200e+01
|            ( - 1.800e+02 1 0)
|            ( - 2.000e+01 1 0))
|        ( QUESTION0 -1 5.326e+02 6.395e+01 4.392e+01
|            ( - 3.876e+02 1 0)
|            ( - 8.106e+01 1 0)))
|    ( QUESTION0_14_R 1 9.714e+02 1.182e+02 6.700e+01
|        ( - 1.923e+02 1 0)
|        ( QUESTION0_0_R 1 6.609e+02 7.364e+01 4.700e+01
|            ( - 9.457e+01 1 0)
|            ( - 4.927e+02 1 0))))
s>    ( QUESTION0_10_R 1 2.012e+03 1.429e+02 1.329e+02
s>        ( QUESTION16 -1 8.976e+02 1.113e+02 6.592e+01
s>            ( QUESTION2_9_L -1 2.536e+02 5.361e+01 2.200e+01
s>                ( - 1.800e+02 1 0)
s>                ( - 2.000e+01 1 0))
s>            ( QUESTION0 -1 5.326e+02 6.395e+01 4.392e+01
s>                ( - 3.876e+02 1 0)
s>                ( - 8.106e+01 1 0)))
s>        ( QUESTION0_14_R 1 9.714e+02 1.182e+02 6.700e+01
s>            ( - 1.923e+02 1 0)
s>            ( QUESTION0_0_R 1 6.609e+02 7.364e+01 4.700e+01
s>                ( - 9.457e+01 1 0)
s>                ( - 4.927e+02 1 0))))INFO: dtree.c(1439): stop. leaf nodes are specific
INFO: dtree.c(1478): Final simple tree
|( QUESTION0_10_R 1 1.023e+03 1.262e+02 6.433e+01
|    ( - 4.320e+02 1 0)
|    ( QUESTION0 1 4.650e+02 8.456e+01 3.302e+01
|        ( QUESTION0_0_R 1 2.374e+02 5.179e+01 2.002e+01
|            ( - 9.473e+01 1 0)
|            ( QUESTION4 -1 9.089e+01 2.369e+01 9.018e+00
|                ( - 5.994e+01 1 0)
|                ( - 7.261e+00 1 0)))
|        ( QUESTION0_15_R 1 1.430e+02 4.485e+01 1.300e+01
|            ( - 2.314e+01 1 0)
|            ( QUESTION0_0_R 1 7.500e+01 2.342e+01 9.001e+00
|                ( - 4.278e+01 1 0)
|                ( - 8.793e+00 1 0)))))
s>    ( QUESTION0_10_R 1 1.023e+03 1.262e+02 6.433e+01
s>        ( - 4.320e+02 1 0)
s>        ( QUESTION0 1 4.650e+02 8.456e+01 3.302e+01
s>            ( QUESTION0_0_R 1 2.374e+02 5.179e+01 2.002e+01
s>                ( - 9.473e+01 1 0)
s>                ( QUESTION4 -1 9.089e+01 2.369e+01 9.018e+00
s>                    ( - 5.994e+01 1 0)
s>                    ( - 7.261e+00 1 0)))
s>            ( QUESTION0_15_R 1 1.430e+02 4.485e+01 1.300e+01
s>                ( - 2.314e+01 1 0)
s>                ( QUESTION0_0_R 1 7.500e+01 2.342e+01 9.001e+00
s>                    ( - 4.278e+01 1 0)
s>                    ( - 8.793e+00 1 0)))))INFO: dtree.c(1315): Comp split 15
INFO: dtree.c(1439): stop. leaf nodes are specific
INFO: dtree.c(1478): Final simple tree
|( QUESTION0_8_R 1 1.173e+03 1.545e+02 7.700e+01
|    ( SILENCE -1 2.002e+02 4.200e+01 1.900e+01
|        ( - 2.292e+01 1 0)
|        ( - 1.352e+02 1 0))
|    ( QUESTION0_10_R 1 8.182e+02 1.213e+02 5.800e+01
|        ( - 2.838e+02 1 0)
|        ( QUESTION6 -1 4.131e+02 6.071e+01 3.300e+01
|            ( - 3.139e+02 1 0)
|            ( - 3.846e+01 1 0))))
s>    ( QUESTION0_8_R 1 1.173e+03 1.545e+02 7.700e+01
s>        ( SILENCE -1 2.002e+02 4.200e+01 1.900e+01
s>            ( - 2.292e+01 1 0)
s>            ( - 1.352e+02 1 0))
s>        ( QUESTION0_10_R 1 8.182e+02 1.213e+02 5.800e+01
s>            ( - 2.838e+02 1 0)
s>            ( QUESTION6 -1 4.131e+02 6.071e+01 3.300e+01
s>                ( - 3.139e+02 1 0)
s>                ( - 3.846e+01 1 0))))INFO: dtree.c(1478): Final simple tree
|( QUESTION0_16_R 1 1.571e+03 1.390e+02 1.010e+02
|    ( QUESTION16 -1 6.347e+02 8.476e+01 4.600e+01
|        ( QUESTION7 1 3.542e+02 6.565e+01 2.900e+01
|            ( - 1.371e+02 2 0 QUESTION2_9_L -1 2.014e+01 1.400e+01)
|            ( - 1.515e+02 1 0))
|        ( - 1.957e+02 2 0 QUESTION4 -1 2.272e+01 1.700e+01))
|    ( QUESTION4 -1 7.969e+02 1.072e+02 5.500e+01
|        ( QUESTION0_8_R 1 3.707e+02 5.964e+01 3.000e+01
|            ( - 2.666e+02 2 0)
|            ( - 4.446e+01 1 0))
|        ( QUESTION0_8_R 1 3.190e+02 6.555e+01 2.500e+01
|            ( QUESTION2_9_L -1 1.559e+02 3.247e+01 1.400e+01
|                ( - 1.615e+01 1 0)
|                ( - 1.072e+02 1 0))
|            ( - 9.759e+01 1 0))))
s>    ( QUESTION0_16_R 1 1.571e+03 1.390e+02 1.010e+02
s>        ( QUESTION16 -1 6.347e+02 8.476e+01 4.600e+01
s>            ( QUESTION7 1 3.542e+02 6.565e+01 2.900e+01
s>                ( - 1.371e+02 2 0 QUESTION2_9_L -1 2.014e+01 1.400e+01)
s>                ( - 1.515e+02 1 0))
s>            ( - 1.957e+02 2 0 QUESTION4 -1 2.272e+01 1.700e+01))
s>        ( QUESTION4 -1 7.969e+02 1.072e+02 5.500e+01
s>            ( QUESTION0_8_R 1 3.707e+02 5.964e+01 3.000e+01
s>                ( - 2.666e+02 2 0)
s>                ( - 4.446e+01 1 0))
s>            ( QUESTION0_8_R 1 3.190e+02 6.555e+01 2.500e+01
s>                ( QUESTION2_9_L -1 1.559e+02 3.247e+01 1.400e+01
s>                    ( - 1.615e+01 1 0)
s>                    ( - 1.072e+02 1 0))
s>                ( - 9.759e+01 1 0))))INFO: dtree.c(1315): Comp split 16
INFO: dtree.c(1439): stop. leaf nodes are specific
INFO: dtree.c(1478): Final simple tree
|( QUESTION0 -1 1.092e+03 1.035e+02 7.303e+01
|    ( - 3.749e+02 2 0)
|    ( QUESTION2_1_L -1 6.133e+02 8.738e+01 4.403e+01
|        ( - 1.744e+02 1 0)
|        ( - 3.515e+02 1 0)))
s>    ( QUESTION0 -1 1.092e+03 1.035e+02 7.303e+01
s>        ( - 3.749e+02 2 0)
s>        ( QUESTION2_1_L -1 6.133e+02 8.738e+01 4.403e+01
s>            ( - 1.744e+02 1 0)
s>            ( - 3.515e+02 1 0)))INFO: dtree.c(1439): stop. leaf nodes are specific
INFO: dtree.c(1478): Final simple tree
|( WDBNDRY_E 0 6.794e+02 1.111e+02 4.642e+01
|    ( - 3.225e+02 1 0)
|    ( - 2.457e+02 1 0))
s>    ( WDBNDRY_E 0 6.794e+02 1.111e+02 4.642e+01
s>        ( - 3.225e+02 1 0)
s>        ( - 2.457e+02 1 0))INFO: dtree.c(1315): Comp split 17
INFO: dtree.c(1439): stop. leaf nodes are specific
INFO: dtree.c(1478): Final simple tree
|( SILENCE 1 1.151e+03 8.544e+01 7.250e+01
|    ( - 9.794e+02 1 0)
|    ( QUESTION0_16_R 1 8.654e+01 1.267e+01 1.100e+01
|        ( - 0.000e+00 1 0)
|        ( - 7.387e+01 1 0)))
s>    ( SILENCE 1 1.151e+03 8.544e+01 7.250e+01
s>        ( - 9.794e+02 1 0)
s>        ( QUESTION0_16_R 1 8.654e+01 1.267e+01 1.100e+01
s>            ( - 0.000e+00 1 0)
s>            ( - 7.387e+01 1 0)))INFO: dtree.c(1439): stop. leaf nodes are specific
INFO: dtree.c(1478): Final simple tree
|( QUESTION0_8_R 1 7.316e+02 1.207e+02 4.822e+01
|    ( QUESTION0 1 2.847e+02 7.115e+01 2.210e+01
|        ( - 4.124e+01 1 0)
|        ( - 1.723e+02 1 0))
|    ( QUESTION0_13_R 1 3.262e+02 5.945e+01 2.612e+01
|        ( - 1.735e+02 1 0)
|        ( WDBNDRY_E 0 9.322e+01 2.906e+01 9.979e+00
|            ( - 7.909e+00 1 0)
|            ( - 5.626e+01 1 0))))
s>    ( QUESTION0_8_R 1 7.316e+02 1.207e+02 4.822e+01
s>        ( QUESTION0 1 2.847e+02 7.115e+01 2.210e+01
s>            ( - 4.124e+01 1 0)
s>            ( - 1.723e+02 1 0))
s>        ( QUESTION0_13_R 1 3.262e+02 5.945e+01 2.612e+01
s>            ( - 1.735e+02 1 0)
s>            ( WDBNDRY_E 0 9.322e+01 2.906e+01 9.979e+00
s>                ( - 7.909e+00 1 0)
s>                ( - 5.626e+01 1 0))))INFO: dtree.c(1315): Comp split 18
INFO: dtree.c(1439): stop. leaf nodes are specific
INFO: dtree.c(1478): Final simple tree
|( SILENCE -1 6.562e+02 1.057e+02 4.599e+01
|    ( - 1.308e+02 1 0)
|    ( QUESTION2_1_L -1 4.197e+02 7.333e+01 3.299e+01
|        ( QUESTION0_8_R 1 1.637e+02 2.943e+01 1.900e+01
|            ( - 1.220e+02 1 0)
|            ( - 1.223e+01 1 0))
|        ( - 1.827e+02 1 0)))
s>    ( SILENCE -1 6.562e+02 1.057e+02 4.599e+01
s>        ( - 1.308e+02 1 0)
s>        ( QUESTION2_1_L -1 4.197e+02 7.333e+01 3.299e+01
s>            ( QUESTION0_8_R 1 1.637e+02 2.943e+01 1.900e+01
s>                ( - 1.220e+02 1 0)
s>                ( - 1.223e+01 1 0))
s>            ( - 1.827e+02 1 0)))INFO: dtree.c(1439): stop. leaf nodes are specific
INFO: dtree.c(1478): Final simple tree
|( QUESTION0_12_R 1 7.474e+02 1.318e+02 6.513e+01
|    ( - 1.201e+02 1 0)
|    ( QUESTION0_8_R 1 4.955e+02 5.353e+01 4.213e+01
|        ( - 3.779e+02 1 0)
|        ( - 6.400e+01 1 0)))
s>    ( QUESTION0_12_R 1 7.474e+02 1.318e+02 6.513e+01
s>        ( - 1.201e+02 1 0)
s>        ( QUESTION0_8_R 1 4.955e+02 5.353e+01 4.213e+01
s>            ( - 3.779e+02 1 0)
s>            ( - 6.400e+01 1 0)))INFO: dtree.c(1315): Comp split 19
INFO: dtree.c(1439): stop. leaf nodes are specific
INFO: dtree.c(1478): Final simple tree
|( QUESTION0 -1 1.923e+03 1.353e+02 1.222e+02
|    ( QUESTION0_16_R 1 1.313e+03 1.091e+02 8.716e+01
|        ( - 2.960e+02 1 0)
|        ( QUESTION0_8_R 1 9.076e+02 6.312e+01 6.400e+01
|            ( - 7.645e+02 2 0)
|            ( - 7.997e+01 1 0)))
|    ( QUESTION2_1_L -1 4.750e+02 8.537e+01 3.500e+01
|        ( - 1.954e+02 2 0)
|        ( QUESTION0_16_R 1 1.942e+02 3.352e+01 1.800e+01
|            ( - 1.337e+02 1 0)
|            ( - 2.698e+01 1 0))))
s>    ( QUESTION0 -1 1.923e+03 1.353e+02 1.222e+02
s>        ( QUESTION0_16_R 1 1.313e+03 1.091e+02 8.716e+01
s>            ( - 2.960e+02 1 0)
s>            ( QUESTION0_8_R 1 9.076e+02 6.312e+01 6.400e+01
s>                ( - 7.645e+02 2 0)
s>                ( - 7.997e+01 1 0)))
s>        ( QUESTION2_1_L -1 4.750e+02 8.537e+01 3.500e+01
s>            ( - 1.954e+02 2 0)
s>            ( QUESTION0_16_R 1 1.942e+02 3.352e+01 1.800e+01
s>                ( - 1.337e+02 1 0)
s>                ( - 2.698e+01 1 0))))INFO: dtree.c(1439): stop. leaf nodes are specific
INFO: dtree.c(1478): Final simple tree
|( QUESTION4 -1 2.332e+03 1.419e+02 1.420e+02
|    ( - 1.498e+03 2 0)
|    ( - 6.920e+02 1 0))
s>    ( QUESTION4 -1 2.332e+03 1.419e+02 1.420e+02
s>        ( - 1.498e+03 2 0)
s>        ( - 6.920e+02 1 0))INFO: dtree.c(1315): Comp split 20
INFO: dtree.c(1439): stop. leaf nodes are specific
INFO: dtree.c(1478): Final simple tree
|( QUESTION0 -1 1.030e+03 1.302e+02 7.700e+01
|    ( - 6.396e+02 1 0)
|    ( QUESTION0_8_R 1 2.604e+02 6.839e+01 2.500e+01
|        ( - 1.229e+02 1 0)
|        ( - 6.916e+01 1 0)))
s>    ( QUESTION0 -1 1.030e+03 1.302e+02 7.700e+01
s>        ( - 6.396e+02 1 0)
s>        ( QUESTION0_8_R 1 2.604e+02 6.839e+01 2.500e+01
s>            ( - 1.229e+02 1 0)
s>            ( - 6.916e+01 1 0)))INFO: dtree.c(1439): stop. leaf nodes are specific
INFO: dtree.c(1478): Final simple tree
|( QUESTION2_3_L -1 8.212e+02 1.175e+02 5.500e+01
|    ( - 4.212e+02 2 0)
|    ( QUESTION16 -1 2.825e+02 6.622e+01 2.200e+01
|        ( - 8.328e+01 1 0)
|        ( QUESTION0 -1 1.330e+02 4.021e+01 1.300e+01
|            ( - 5.863e+01 1 0)
|            ( - 3.421e+01 1 0))))
s>    ( QUESTION2_3_L -1 8.212e+02 1.175e+02 5.500e+01
s>        ( - 4.212e+02 2 0)
s>        ( QUESTION16 -1 2.825e+02 6.622e+01 2.200e+01
s>            ( - 8.328e+01 1 0)
s>            ( QUESTION0 -1 1.330e+02 4.021e+01 1.300e+01
s>                ( - 5.863e+01 1 0)
s>                ( - 3.421e+01 1 0))))INFO: dtree.c(1315): Comp split 21
INFO: dtree.c(1439): stop. leaf nodes are specific
INFO: dtree.c(1478): Final simple tree
|( WDBNDRY_S 0 2.816e+02 6.220e+01 2.200e+01
|    ( - 6.679e+01 1 0)
|    ( QUESTION0_18_R 1 1.526e+02 4.947e+01 1.300e+01
|        ( - 4.151e+01 1 0)
|        ( - 6.160e+01 1 0)))
s>    ( WDBNDRY_S 0 2.816e+02 6.220e+01 2.200e+01
s>        ( - 6.679e+01 1 0)
s>        ( QUESTION0_18_R 1 1.526e+02 4.947e+01 1.300e+01
s>            ( - 4.151e+01 1 0)
s>            ( - 6.160e+01 1 0)))INFO: dtree.c(1315): Comp split 22
INFO: dtree.c(1439): stop. leaf nodes are specific
INFO: dtree.c(1478): Final simple tree
|( QUESTION0_0_R 1 1.664e+03 1.055e+02 1.066e+02
|    ( - 1.371e+03 2 0)
|    ( QUESTION0_16_R 1 1.873e+02 5.932e+01 1.780e+01
|        ( - 6.965e+01 1 0)
|        ( - 5.831e+01 1 0)))
s>    ( QUESTION0_0_R 1 1.664e+03 1.055e+02 1.066e+02
s>        ( - 1.371e+03 2 0)
s>        ( QUESTION0_16_R 1 1.873e+02 5.932e+01 1.780e+01
s>            ( - 6.965e+01 1 0)
s>            ( - 5.831e+01 1 0)))INFO: dtree.c(1439): stop. leaf nodes are specific
INFO: dtree.c(1478): Final simple tree
|( QUESTION0_10_R 1 1.611e+03 1.263e+02 1.084e+02
|    ( QUESTION0_11_R 1 2.763e+02 5.680e+01 2.500e+01
|        ( - 5.991e+01 1 0)
|        ( - 1.596e+02 2 0))
|    ( - 1.209e+03 2 0))
s>    ( QUESTION0_10_R 1 1.611e+03 1.263e+02 1.084e+02
s>        ( QUESTION0_11_R 1 2.763e+02 5.680e+01 2.500e+01
s>            ( - 5.991e+01 1 0)
s>            ( - 1.596e+02 2 0))
s>        ( - 1.209e+03 2 0))INFO: dtree.c(1315): Comp split 23
INFO: dtree.c(1439): stop. leaf nodes are specific
INFO: dtree.c(1478): Final simple tree
|( QUESTION0_8_R 1 9.176e+02 1.117e+02 6.905e+01
|    ( - 4.270e+02 2 0)
|    ( QUESTION0_14_R 1 3.788e+02 6.471e+01 3.005e+01
|        ( - 1.676e+02 1 0)
|        ( QUESTION2_5_L -1 1.465e+02 4.262e+01 1.400e+01
|            ( - 3.807e+01 1 0)
|            ( - 6.584e+01 1 0))))
s>    ( QUESTION0_8_R 1 9.176e+02 1.117e+02 6.905e+01
s>        ( - 4.270e+02 2 0)
s>        ( QUESTION0_14_R 1 3.788e+02 6.471e+01 3.005e+01
s>            ( - 1.676e+02 1 0)
s>            ( QUESTION2_5_L -1 1.465e+02 4.262e+01 1.400e+01
s>                ( - 3.807e+01 1 0)
s>                ( - 6.584e+01 1 0))))INFO: dtree.c(1439): stop. leaf nodes are specific
INFO: dtree.c(1478): Final simple tree
|( QUESTION0_0_R 1 3.032e+03 1.236e+02 1.864e+02
|    ( - 2.998e+02 1 0)
|    ( - 2.608e+03 2 0))
s>    ( QUESTION0_0_R 1 3.032e+03 1.236e+02 1.864e+02
s>        ( - 2.998e+02 1 0)
s>        ( - 2.608e+03 2 0))INFO: dtree.c(1315): Comp split 24
INFO: dtree.c(1315): Comp split 25
INFO: dtree.c(1439): stop. leaf nodes are specific
INFO: dtree.c(1478): Final simple tree
|( QUESTION0_16_R 1 5.335e+02 1.008e+02 4.039e+01
|    ( - 3.507e+02 2 0)
|    ( SILENCE 1 8.203e+01 2.309e+01 9.000e+00
|        ( - 4.818e+01 1 0)
|        ( - 1.076e+01 1 0)))
s>    ( QUESTION0_16_R 1 5.335e+02 1.008e+02 4.039e+01
s>        ( - 3.507e+02 2 0)
s>        ( SILENCE 1 8.203e+01 2.309e+01 9.000e+00
s>            ( - 4.818e+01 1 0)
s>            ( - 1.076e+01 1 0)))INFO: dtree.c(1439): stop. leaf nodes are specific
INFO: dtree.c(1478): Final simple tree
|( QUESTION0_8_R 1 1.675e+03 1.372e+02 1.083e+02
|    ( - 8.070e+02 4 0)
|    ( - 7.304e+02 3 0))
s>    ( QUESTION0_8_R 1 1.675e+03 1.372e+02 1.083e+02
s>        ( - 8.070e+02 4 0)
s>        ( - 7.304e+02 3 0))INFO: dtree.c(1315): Comp split 26
INFO: dtree.c(1439): stop. leaf nodes are specific
INFO: dtree.c(1478): Final simple tree
|( QUESTION0_13_R 1 8.965e+02 9.659e+01 6.200e+01
|    ( - 4.927e+02 1 0)
|    ( QUESTION10 -1 3.072e+02 7.133e+01 2.600e+01
|        ( - 8.106e+01 1 0)
|        ( QUESTION0_0_R 1 1.548e+02 4.026e+01 1.500e+01
|            ( - 9.457e+01 1 0)
|            ( - 2.000e+01 1 0))))
s>    ( QUESTION0_13_R 1 8.965e+02 9.659e+01 6.200e+01
s>        ( - 4.927e+02 1 0)
s>        ( QUESTION10 -1 3.072e+02 7.133e+01 2.600e+01
s>            ( - 8.106e+01 1 0)
s>            ( QUESTION0_0_R 1 1.548e+02 4.026e+01 1.500e+01
s>                ( - 9.457e+01 1 0)
s>                ( - 2.000e+01 1 0))))INFO: dtree.c(1439): stop. leaf nodes are specific
INFO: dtree.c(1478): Final simple tree
|( QUESTION0_10_R 1 9.397e+02 9.340e+01 7.092e+01
|    ( QUESTION0 -1 6.541e+02 8.643e+01 5.092e+01
|        ( - 3.876e+02 1 0)
|        ( - 1.800e+02 1 0))
|    ( - 1.923e+02 1 0))
s>    ( QUESTION0_10_R 1 9.397e+02 9.340e+01 7.092e+01
s>        ( QUESTION0 -1 6.541e+02 8.643e+01 5.092e+01
s>            ( - 3.876e+02 1 0)
s>            ( - 1.800e+02 1 0))
s>        ( - 1.923e+02 1 0))INFO: dtree.c(1315): Comp split 27
INFO: dtree.c(1439): stop. leaf nodes are specific
INFO: dtree.c(1478): Final simple tree
|( QUESTION6 -1 2.977e+02 6.654e+01 2.400e+01
|    ( - 1.352e+02 1 0)
|    ( SILENCE -1 9.597e+01 3.459e+01 9.000e+00
|        ( - 2.292e+01 1 0)
|        ( - 3.846e+01 1 0)))
s>    ( QUESTION6 -1 2.977e+02 6.654e+01 2.400e+01
s>        ( - 1.352e+02 1 0)
s>        ( SILENCE -1 9.597e+01 3.459e+01 9.000e+00
s>            ( - 2.292e+01 1 0)
s>            ( - 3.846e+01 1 0)))INFO: dtree.c(1439): stop. leaf nodes are specific
INFO: dtree.c(1478): Final simple tree
|( QUESTION0_10_R 1 7.070e+02 1.092e+02 5.300e+01
|    ( - 2.838e+02 1 0)
|    ( - 3.139e+02 1 0))
s>    ( QUESTION0_10_R 1 7.070e+02 1.092e+02 5.300e+01
s>        ( - 2.838e+02 1 0)
s>        ( - 3.139e+02 1 0))INFO: dtree.c(1315): Comp split 28
INFO: dtree.c(1315): Comp split 29
INFO: dtree.c(1439): stop. leaf nodes are specific
INFO: dtree.c(1478): Final simple tree
|( SILENCE -1 1.014e+03 1.057e+02 6.775e+01
|    ( - 3.550e+02 1 0)
|    ( - 5.532e+02 2 0))
s>    ( SILENCE -1 1.014e+03 1.057e+02 6.775e+01
s>        ( - 3.550e+02 1 0)
s>        ( - 5.532e+02 2 0))INFO: dtree.c(1439): stop. leaf nodes are specific
INFO: dtree.c(1478): Final simple tree
|( QUESTION0_0_R 1 6.705e+02 1.022e+02 4.900e+01
|    ( - 1.792e+02 1 0)
|    ( - 3.892e+02 1 0))
s>    ( QUESTION0_0_R 1 6.705e+02 1.022e+02 4.900e+01
s>        ( - 1.792e+02 1 0)
s>        ( - 3.892e+02 1 0))INFO: dtree.c(1315): Comp split 30
INFO: dtree.c(1439): stop. leaf nodes are specific
INFO: dtree.c(1478): Final simple tree
|( QUESTION16 -1 8.805e+02 9.481e+01 6.000e+01
|    ( QUESTION10 1 5.900e+02 8.406e+01 4.300e+01
|        ( - 1.515e+02 1 0)
|        ( QUESTION0_8_R 1 3.545e+02 6.152e+01 2.800e+01
|            ( QUESTION2_9_L -1 1.559e+02 3.247e+01 1.400e+01
|                ( - 1.615e+01 1 0)
|                ( - 1.072e+02 1 0))
|            ( QUESTION2_9_L -1 1.371e+02 2.014e+01 1.400e+01
|                ( - 1.283e+00 1 0)
|                ( - 1.157e+02 1 0))))
|    ( QUESTION4 -1 1.957e+02 2.272e+01 1.700e+01
|        ( - 1.714e+02 1 0)
|        ( - 1.565e+00 1 0)))
s>    ( QUESTION16 -1 8.805e+02 9.481e+01 6.000e+01
s>        ( QUESTION10 1 5.900e+02 8.406e+01 4.300e+01
s>            ( - 1.515e+02 1 0)
s>            ( QUESTION0_8_R 1 3.545e+02 6.152e+01 2.800e+01
s>                ( QUESTION2_9_L -1 1.559e+02 3.247e+01 1.400e+01
s>                    ( - 1.615e+01 1 0)
s>                    ( - 1.072e+02 1 0))
s>                ( QUESTION2_9_L -1 1.371e+02 2.014e+01 1.400e+01
s>                    ( - 1.283e+00 1 0)
s>                    ( - 1.157e+02 1 0))))
s>        ( QUESTION4 -1 1.957e+02 2.272e+01 1.700e+01
s>            ( - 1.714e+02 1 0)
s>            ( - 1.565e+00 1 0)))INFO: dtree.c(1439): stop. leaf nodes are specific
INFO: dtree.c(1478): Final simple tree
|( QUESTION0_8_R 1 5.421e+02 7.721e+01 4.100e+01
|    ( - 2.666e+02 2 0)
|    ( QUESTION0_10_R 1 1.983e+02 5.626e+01 1.800e+01
|        ( - 4.446e+01 1 0)
|        ( - 9.759e+01 1 0)))
s>    ( QUESTION0_8_R 1 5.421e+02 7.721e+01 4.100e+01
s>        ( - 2.666e+02 2 0)
s>        ( QUESTION0_10_R 1 1.983e+02 5.626e+01 1.800e+01
s>            ( - 4.446e+01 1 0)
s>            ( - 9.759e+01 1 0)))INFO: dtree.c(1315): Comp split 31
INFO: dtree.c(1439): stop. leaf nodes are specific
INFO: dtree.c(1478): Final simple tree
|( QUESTION0_1_R 1 5.206e+02 8.933e+01 3.702e+01
|    ( - 1.881e+02 2 0)
|    ( - 2.432e+02 1 0))
s>    ( QUESTION0_1_R 1 5.206e+02 8.933e+01 3.702e+01
s>        ( - 1.881e+02 2 0)
s>        ( - 2.432e+02 1 0))INFO: dtree.c(1315): Comp split 32
INFO: dtree.c(1315): Comp split 33
INFO: dtree.c(1439): stop. leaf nodes are specific
INFO: dtree.c(1478): Final simple tree
|( QUESTION0_8_R 1 1.198e+03 1.089e+02 8.200e+01
|    ( - 7.645e+02 2 0)
|    ( QUESTION0_16_R 1 3.246e+02 5.260e+01 2.800e+01
|        ( - 1.337e+02 1 0)
|        ( QUESTION0 -1 1.383e+02 3.138e+01 1.500e+01
|            ( - 7.997e+01 1 0)
|            ( - 2.698e+01 1 0))))
s>    ( QUESTION0_8_R 1 1.198e+03 1.089e+02 8.200e+01
s>        ( - 7.645e+02 2 0)
s>        ( QUESTION0_16_R 1 3.246e+02 5.260e+01 2.800e+01
s>            ( - 1.337e+02 1 0)
s>            ( QUESTION0 -1 1.383e+02 3.138e+01 1.500e+01
s>                ( - 7.997e+01 1 0)
s>                ( - 2.698e+01 1 0))))INFO: dtree.c(1439): stop. leaf nodes are specific
INFO: dtree.c(1478): Final simple tree
|( QUESTION0 -1 5.840e+02 9.261e+01 4.016e+01
|    ( - 2.960e+02 1 0)
|    ( - 1.954e+02 2 0))
s>    ( QUESTION0 -1 5.840e+02 9.261e+01 4.016e+01
s>        ( - 2.960e+02 1 0)
s>        ( - 1.954e+02 2 0))INFO: dtree.c(1315): Comp split 34
INFO: dtree.c(1315): Comp split 35
INFO: dtree.c(1439): stop. leaf nodes are specific
INFO: dtree.c(1478): Final simple tree
|( QUESTION0_8_R 1 2.073e+02 2.717e+01 1.801e+01
|    ( - 1.723e+02 1 0)
|    ( - 7.909e+00 1 0))
s>    ( QUESTION0_8_R 1 2.073e+02 2.717e+01 1.801e+01
s>        ( - 1.723e+02 1 0)
s>        ( - 7.909e+00 1 0))INFO: dtree.c(1439): stop. leaf nodes are specific
INFO: dtree.c(1478): Final simple tree
|( QUESTION0_9_R 1 3.905e+02 7.472e+01 3.021e+01
|    ( - 1.735e+02 1 0)
|    ( WDBNDRY_E 0 1.423e+02 4.476e+01 1.407e+01
|        ( - 4.124e+01 1 0)
|        ( - 5.626e+01 1 0)))
s>    ( QUESTION0_9_R 1 3.905e+02 7.472e+01 3.021e+01
s>        ( - 1.735e+02 1 0)
s>        ( WDBNDRY_E 0 1.423e+02 4.476e+01 1.407e+01
s>            ( - 4.124e+01 1 0)
s>            ( - 5.626e+01 1 0)))INFO: dtree.c(1315): Comp split 36
INFO: dtree.c(1439): stop. leaf nodes are specific
INFO: dtree.c(1478): Final simple tree
|( QUESTION0 1 3.443e+02 6.964e+01 2.702e+01
|    ( QUESTION0_0_R 1 1.997e+02 4.502e+01 1.802e+01
|        ( - 9.473e+01 1 0)
|        ( - 5.994e+01 1 0))
|    ( QUESTION0_0_R 1 7.500e+01 2.342e+01 9.001e+00
|        ( - 4.278e+01 1 0)
|        ( - 8.793e+00 1 0)))
s>    ( QUESTION0 1 3.443e+02 6.964e+01 2.702e+01
s>        ( QUESTION0_0_R 1 1.997e+02 4.502e+01 1.802e+01
s>            ( - 9.473e+01 1 0)
s>            ( - 5.994e+01 1 0))
s>        ( QUESTION0_0_R 1 7.500e+01 2.342e+01 9.001e+00
s>            ( - 4.278e+01 1 0)
s>            ( - 8.793e+00 1 0)))INFO: dtree.c(1439): stop. leaf nodes are specific
INFO: dtree.c(1478): Final simple tree
|( QUESTION0_10_R 1 5.458e+02 6.617e+01 3.731e+01
|    ( - 4.320e+02 1 0)
|    ( QUESTION0_8_R 1 4.762e+01 1.722e+01 6.000e+00
|        ( - 7.261e+00 1 0)
|        ( - 2.314e+01 1 0)))
s>    ( QUESTION0_10_R 1 5.458e+02 6.617e+01 3.731e+01
s>        ( - 4.320e+02 1 0)
s>        ( QUESTION0_8_R 1 4.762e+01 1.722e+01 6.000e+00
s>            ( - 7.261e+00 1 0)
s>            ( - 2.314e+01 1 0)))INFO: dtree.c(1315): Comp split 37
INFO: dtree.c(1439): stop. leaf nodes are specific
INFO: dtree.c(1478): Final simple tree
|( QUESTION0_8_R 1 4.955e+02 5.353e+01 4.213e+01
|    ( - 3.779e+02 1 0)
|    ( - 6.400e+01 1 0))
s>    ( QUESTION0_8_R 1 4.955e+02 5.353e+01 4.213e+01
s>        ( - 3.779e+02 1 0)
s>        ( - 6.400e+01 1 0))INFO: dtree.c(1315): Comp split 38
INFO: dtree.c(1439): stop. leaf nodes are specific
INFO: dtree.c(1478): Final simple tree
|( QUESTION0_8_R 1 2.604e+02 6.839e+01 2.500e+01
|    ( - 1.229e+02 1 0)
|    ( - 6.916e+01 1 0))
s>    ( QUESTION0_8_R 1 2.604e+02 6.839e+01 2.500e+01
s>        ( - 1.229e+02 1 0)
s>        ( - 6.916e+01 1 0))INFO: dtree.c(1315): Comp split 39
INFO: dtree.c(1439): stop. leaf nodes are specific
INFO: dtree.c(1478): Final simple tree
|( QUESTION0_11_R 1 2.763e+02 5.680e+01 2.500e+01
|    ( - 5.991e+01 1 0)
|    ( - 1.596e+02 2 0))
s>    ( QUESTION0_11_R 1 2.763e+02 5.680e+01 2.500e+01
s>        ( - 5.991e+01 1 0)
s>        ( - 1.596e+02 2 0))INFO: dtree.c(1315): Comp split 40
INFO: dtree.c(1439): stop. leaf nodes are specific
INFO: dtree.c(1478): Final simple tree
|( QUESTION0 -1 1.937e+02 5.182e+01 1.700e+01
|    ( - 5.863e+01 1 0)
|    ( - 8.328e+01 1 0))
s>    ( QUESTION0 -1 1.937e+02 5.182e+01 1.700e+01
s>        ( - 5.863e+01 1 0)
s>        ( - 8.328e+01 1 0))INFO: dtree.c(1439): stop. leaf nodes are specific
INFO: dtree.c(1478): Final simple tree
|( QUESTION0 -1 5.030e+02 4.762e+01 3.800e+01
|    ( - 4.212e+02 2 0)
|    ( - 3.421e+01 1 0))
s>    ( QUESTION0 -1 5.030e+02 4.762e+01 3.800e+01
s>        ( - 4.212e+02 2 0)
s>        ( - 3.421e+01 1 0))INFO: dtree.c(1315): Comp split 41
INFO: dtree.c(1315): Comp split 42
INFO: dtree.c(1439): stop. leaf nodes are specific
INFO: dtree.c(1478): Final simple tree
|( QUESTION0_14_R 1 2.463e+02 4.071e+01 2.105e+01
|    ( - 1.676e+02 1 0)
|    ( - 3.807e+01 1 0))
s>    ( QUESTION0_14_R 1 2.463e+02 4.071e+01 2.105e+01
s>        ( - 1.676e+02 1 0)
s>        ( - 3.807e+01 1 0))INFO: dtree.c(1439): stop. leaf nodes are specific
INFO: dtree.c(1478): Final simple tree
|( QUESTION0_8_R 1 5.576e+02 6.474e+01 4.800e+01
|    ( - 4.270e+02 2 0)
|    ( - 6.584e+01 1 0))
s>    ( QUESTION0_8_R 1 5.576e+02 6.474e+01 4.800e+01
s>        ( - 4.270e+02 2 0)
s>        ( - 6.584e+01 1 0))INFO: dtree.c(1315): Comp split 43
INFO: dtree.c(1315): Comp split 44
INFO: dtree.c(1315): Comp split 45
INFO: dtree.c(1439): stop. leaf nodes are specific
INFO: dtree.c(1478): Final simple tree
|( QUESTION0_16_R 1 3.246e+02 5.260e+01 2.800e+01
|    ( - 1.337e+02 1 0)
|    ( QUESTION0 -1 1.383e+02 3.138e+01 1.500e+01
|        ( - 7.997e+01 1 0)
|        ( - 2.698e+01 1 0)))
s>    ( QUESTION0_16_R 1 3.246e+02 5.260e+01 2.800e+01
s>        ( - 1.337e+02 1 0)
s>        ( QUESTION0 -1 1.383e+02 3.138e+01 1.500e+01
s>            ( - 7.997e+01 1 0)
s>            ( - 2.698e+01 1 0)))INFO: dtree.c(1315): Comp split 46
INFO: dtree.c(1439): stop. leaf nodes are specific
INFO: dtree.c(1478): Final simple tree
|( QUESTION0_8_R 1 3.388e+02 6.019e+01 2.700e+01
|    ( - 1.072e+02 1 0)
|    ( - 1.714e+02 1 0))
s>    ( QUESTION0_8_R 1 3.388e+02 6.019e+01 2.700e+01
s>        ( - 1.072e+02 1 0)
s>        ( - 1.714e+02 1 0))INFO: dtree.c(1439): stop. leaf nodes are specific
INFO: dtree.c(1478): Final simple tree
|( QUESTION10 1 4.336e+02 7.253e+01 3.300e+01
|    ( - 1.515e+02 1 0)
|    ( QUESTION2_9_L -1 2.096e+02 3.852e+01 1.800e+01
|        ( QUESTION0_8_R 1 3.205e+01 1.462e+01 4.000e+00
|            ( - 1.615e+01 1 0)
|            ( - 1.283e+00 1 0))
|        ( QUESTION6 -1 1.390e+02 2.178e+01 1.400e+01
|            ( - 1.565e+00 1 0)
|            ( - 1.157e+02 1 0))))
s>    ( QUESTION10 1 4.336e+02 7.253e+01 3.300e+01
s>        ( - 1.515e+02 1 0)
s>        ( QUESTION2_9_L -1 2.096e+02 3.852e+01 1.800e+01
s>            ( QUESTION0_8_R 1 3.205e+01 1.462e+01 4.000e+00
s>                ( - 1.615e+01 1 0)
s>                ( - 1.283e+00 1 0))
s>            ( QUESTION6 -1 1.390e+02 2.178e+01 1.400e+01
s>                ( - 1.565e+00 1 0)
s>                ( - 1.157e+02 1 0))))INFO: dtree.c(1315): Comp split 47
INFO: dtree.c(1315): Comp split 48
INFO: dtree.c(1439): stop. leaf nodes are specific
INFO: dtree.c(1478): Final simple tree
|( QUESTION2_1_L -1 4.197e+02 7.333e+01 3.299e+01
|    ( QUESTION0_8_R 1 1.637e+02 2.943e+01 1.900e+01
|        ( - 1.220e+02 1 0)
|        ( - 1.223e+01 1 0))
|    ( - 1.827e+02 1 0))
s>    ( QUESTION2_1_L -1 4.197e+02 7.333e+01 3.299e+01
s>        ( QUESTION0_8_R 1 1.637e+02 2.943e+01 1.900e+01
s>            ( - 1.220e+02 1 0)
s>            ( - 1.223e+01 1 0))
s>        ( - 1.827e+02 1 0))INFO: dtree.c(1315): Comp split 49
INFO: dtree.c(1439): stop. leaf nodes are specific
INFO: dtree.c(1478): Final simple tree
|( QUESTION0_16_R 1 1.873e+02 5.932e+01 1.780e+01
|    ( - 6.965e+01 1 0)
|    ( - 5.831e+01 1 0))
s>    ( QUESTION0_16_R 1 1.873e+02 5.932e+01 1.780e+01
s>        ( - 6.965e+01 1 0)
s>        ( - 5.831e+01 1 0))INFO: dtree.c(1315): Comp split 50
INFO: dtree.c(1439): stop. leaf nodes are specific
INFO: dtree.c(1478): Final simple tree
|( QUESTION2_1_L -1 6.133e+02 8.738e+01 4.403e+01
|    ( - 1.744e+02 1 0)
|    ( - 3.515e+02 1 0))
s>    ( QUESTION2_1_L -1 6.133e+02 8.738e+01 4.403e+01
s>        ( - 1.744e+02 1 0)
s>        ( - 3.515e+02 1 0))INFO: dtree.c(1315): Comp split 51
INFO: dtree.c(1439): stop. leaf nodes are specific
INFO: dtree.c(1478): Final simple tree
|( QUESTION0_10_R 1 4.488e+02 7.647e+01 3.800e+01
|    ( - 1.800e+02 1 0)
|    ( - 1.923e+02 1 0))
s>    ( QUESTION0_10_R 1 4.488e+02 7.647e+01 3.800e+01
s>        ( - 1.800e+02 1 0)
s>        ( - 1.923e+02 1 0))INFO: dtree.c(1315): Comp split 52
INFO: dtree.c(1315): Comp split 53
INFO: dtree.c(1439): stop. leaf nodes are specific
INFO: dtree.c(1478): Final simple tree
|( SILENCE 1 8.203e+01 2.309e+01 9.000e+00
|    ( - 4.818e+01 1 0)
|    ( - 1.076e+01 1 0))
s>    ( SILENCE 1 8.203e+01 2.309e+01 9.000e+00
s>        ( - 4.818e+01 1 0)
s>        ( - 1.076e+01 1 0))INFO: dtree.c(1315): Comp split 54
INFO: dtree.c(1439): stop. leaf nodes are specific
INFO: dtree.c(1478): Final simple tree
|( QUESTION10 -1 3.072e+02 7.133e+01 2.600e+01
|    ( - 8.106e+01 1 0)
|    ( QUESTION0_0_R 1 1.548e+02 4.026e+01 1.500e+01
|        ( - 9.457e+01 1 0)
|        ( - 2.000e+01 1 0)))
s>    ( QUESTION10 -1 3.072e+02 7.133e+01 2.600e+01
s>        ( - 8.106e+01 1 0)
s>        ( QUESTION0_0_R 1 1.548e+02 4.026e+01 1.500e+01
s>            ( - 9.457e+01 1 0)
s>            ( - 2.000e+01 1 0)))INFO: dtree.c(1315): Comp split 55
INFO: dtree.c(1315): Comp split 56
INFO: dtree.c(1315): Comp split 57
INFO: dtree.c(1315): Comp split 58
INFO: dtree.c(1439): stop. leaf nodes are specific
INFO: dtree.c(1478): Final simple tree
|( QUESTION0_16_R 1 8.654e+01 1.267e+01 1.100e+01
|    ( - 0.000e+00 1 0)
|    ( - 7.387e+01 1 0))
s>    ( QUESTION0_16_R 1 8.654e+01 1.267e+01 1.100e+01
s>        ( - 0.000e+00 1 0)
s>        ( - 7.387e+01 1 0))INFO: dtree.c(1315): Comp split 59
INFO: dtree.c(1439): stop. leaf nodes are specific
INFO: dtree.c(1478): Final simple tree
|( QUESTION0_8_R 1 1.611e+02 2.929e+01 1.600e+01
|    ( - 1.615e+01 1 0)
|    ( - 1.157e+02 1 0))
s>    ( QUESTION0_8_R 1 1.611e+02 2.929e+01 1.600e+01
s>        ( - 1.615e+01 1 0)
s>        ( - 1.157e+02 1 0))INFO: dtree.c(1439): stop. leaf nodes are specific
INFO: dtree.c(1478): Final simple tree
|( QUESTION7 1 1.939e+02 3.020e+01 1.700e+01
|    ( QUESTION6 -1 1.223e+01 9.378e+00 2.000e+00
|        ( - 1.565e+00 1 0)
|        ( - 1.283e+00 1 0))
|    ( - 1.515e+02 1 0))
s>    ( QUESTION7 1 1.939e+02 3.020e+01 1.700e+01
s>        ( QUESTION6 -1 1.223e+01 9.378e+00 2.000e+00
s>            ( - 1.565e+00 1 0)
s>            ( - 1.283e+00 1 0))
s>        ( - 1.515e+02 1 0))INFO: dtree.c(1315): Comp split 60
INFO: dtree.c(1439): stop. leaf nodes are specific
INFO: dtree.c(1478): Final simple tree
|( QUESTION0_10_R 1 1.983e+02 5.626e+01 1.800e+01
|    ( - 4.446e+01 1 0)
|    ( - 9.759e+01 1 0))
s>    ( QUESTION0_10_R 1 1.983e+02 5.626e+01 1.800e+01
s>        ( - 4.446e+01 1 0)
s>        ( - 9.759e+01 1 0))INFO: dtree.c(1315): Comp split 61
INFO: dtree.c(1315): Comp split 62
INFO: dtree.c(1439): stop. leaf nodes are specific
INFO: dtree.c(1478): Final simple tree
|( WDBNDRY_E 0 1.423e+02 4.476e+01 1.407e+01
|    ( - 4.124e+01 1 0)
|    ( - 5.626e+01 1 0))
s>    ( WDBNDRY_E 0 1.423e+02 4.476e+01 1.407e+01
s>        ( - 4.124e+01 1 0)
s>        ( - 5.626e+01 1 0))INFO: dtree.c(1315): Comp split 63
INFO: dtree.c(1439): stop. leaf nodes are specific
INFO: dtree.c(1478): Final simple tree
|( QUESTION0_8_R 1 2.233e+02 2.829e+01 1.699e+01
|    ( - 1.827e+02 1 0)
|    ( - 1.223e+01 1 0))
s>    ( QUESTION0_8_R 1 2.233e+02 2.829e+01 1.699e+01
s>        ( - 1.827e+02 1 0)
s>        ( - 1.223e+01 1 0))INFO: dtree.c(1315): Comp split 64
INFO: dtree.c(1439): stop. leaf nodes are specific
INFO: dtree.c(1478): Final simple tree
|( QUESTION0_0_R 1 1.548e+02 4.026e+01 1.500e+01
|    ( - 9.457e+01 1 0)
|    ( - 2.000e+01 1 0))
s>    ( QUESTION0_0_R 1 1.548e+02 4.026e+01 1.500e+01
s>        ( - 9.457e+01 1 0)
s>        ( - 2.000e+01 1 0))INFO: dtree.c(1315): Comp split 65
INFO: dtree.c(1439): stop. leaf nodes are specific
INFO: dtree.c(1478): Final simple tree
|( QUESTION0_0_R 1 7.500e+01 2.342e+01 9.001e+00
|    ( - 4.278e+01 1 0)
|    ( - 8.793e+00 1 0))
s>    ( QUESTION0_0_R 1 7.500e+01 2.342e+01 9.001e+00
s>        ( - 4.278e+01 1 0)
s>        ( - 8.793e+00 1 0))INFO: dtree.c(1439): stop. leaf nodes are specific
INFO: dtree.c(1478): Final simple tree
|( QUESTION0_0_R 1 1.997e+02 4.502e+01 1.802e+01
|    ( - 9.473e+01 1 0)
|    ( - 5.994e+01 1 0))
s>    ( QUESTION0_0_R 1 1.997e+02 4.502e+01 1.802e+01
s>        ( - 9.473e+01 1 0)
s>        ( - 5.994e+01 1 0))INFO: dtree.c(1315): Comp split 66
INFO: dtree.c(1315): Comp split 67
INFO: dtree.c(1439): stop. leaf nodes are specific
INFO: dtree.c(1478): Final simple tree
|( WDBNDRY_S 0 1.527e+02 4.435e+01 1.500e+01
|    ( - 6.679e+01 1 0)
|    ( - 4.151e+01 1 0))
s>    ( WDBNDRY_S 0 1.527e+02 4.435e+01 1.500e+01
s>        ( - 6.679e+01 1 0)
s>        ( - 4.151e+01 1 0))INFO: dtree.c(1315): Comp split 68
INFO: dtree.c(1439): stop. leaf nodes are specific
INFO: dtree.c(1478): Final simple tree
|( SILENCE -1 9.597e+01 3.459e+01 9.000e+00
|    ( - 2.292e+01 1 0)
|    ( - 3.846e+01 1 0))
s>    ( SILENCE -1 9.597e+01 3.459e+01 9.000e+00
s>        ( - 2.292e+01 1 0)
s>        ( - 3.846e+01 1 0))INFO: dtree.c(1315): Comp split 69
INFO: dtree.c(1439): stop. leaf nodes are specific
INFO: dtree.c(1478): Final simple tree
|( QUESTION0_8_R 1 4.762e+01 1.722e+01 6.000e+00
|    ( - 7.261e+00 1 0)
|    ( - 2.314e+01 1 0))
s>    ( QUESTION0_8_R 1 4.762e+01 1.722e+01 6.000e+00
s>        ( - 7.261e+00 1 0)
s>        ( - 2.314e+01 1 0))INFO: dtree.c(1315): Comp split 70
INFO: dtree.c(1315): Comp split 71
INFO: dtree.c(1315): Comp split 72
INFO: dtree.c(1315): Comp split 73
INFO: dtree.c(1315): Comp split 74
INFO: dtree.c(1315): Comp split 75
INFO: dtree.c(1315): Comp split 76
INFO: dtree.c(1439): stop. leaf nodes are specific
INFO: dtree.c(1478): Final simple tree
|( QUESTION0 -1 1.383e+02 3.138e+01 1.500e+01
|    ( - 7.997e+01 1 0)
|    ( - 2.698e+01 1 0))
s>    ( QUESTION0 -1 1.383e+02 3.138e+01 1.500e+01
s>        ( - 7.997e+01 1 0)
s>        ( - 2.698e+01 1 0))INFO: dtree.c(1315): Comp split 77
INFO: dtree.c(1315): Comp split 78
INFO: dtree.c(1315): Comp split 79
INFO: dtree.c(1315): Comp split 80
INFO: dtree.c(1315): Comp split 81
INFO: dtree.c(1315): Comp split 82
INFO: dtree.c(1315): Comp split 83
INFO: dtree.c(1315): Comp split 84
INFO: dtree.c(1315): Comp split 85
INFO: dtree.c(1315): Comp split 86
INFO: dtree.c(1439): stop. leaf nodes are specific
INFO: dtree.c(1478): Final simple tree
|( QUESTION6 -1 1.223e+01 9.378e+00 2.000e+00
|    ( - 1.565e+00 1 0)
|    ( - 1.283e+00 1 0))
s>    ( QUESTION6 -1 1.223e+01 9.378e+00 2.000e+00
s>        ( - 1.565e+00 1 0)
s>        ( - 1.283e+00 1 0))INFO: dtree.c(1315): Comp split 87
INFO: dtree.c(1315): Comp split 88
INFO: dtree.c(1315): Comp split 89
INFO: dtree.c(1315): Comp split 90
INFO: dtree.c(1315): Comp split 91
INFO: dtree.c(1315): Comp split 92
INFO: dtree.c(1315): Comp split 93
INFO: dtree.c(1315): Comp split 94
INFO: dtree.c(1315): Comp split 95
INFO: dtree.c(1318): stop. leaf nodes are specific
Mon May 23 22:39:54 2022
