Current configuration:
[NAME]		[DEFLT]	[VALUE]
-allphones	no	no
-cntthresh	0.00001	1.000000e-05
-csplitmax	100	2000
-csplitmin	1	1
-csplitthr	8e-4	0.000000e+00
-example	no	no
-fullvar	no	no
-help		no	no
-meanfn			
-mixwfn			/home/rakha/Kuliah/Semester8/nlp/speech-sphinx/train-new-model/an4-master/model_parameters/an4.cd_ptm_untied/mixture_weights
-moddeffn		/home/rakha/Kuliah/Semester8/nlp/speech-sphinx/train-new-model/an4-master/model_architecture/an4.untied.mdef
-mwfloor	1e-4	1.000000e-08
-phone			S
-psetfn			/home/rakha/Kuliah/Semester8/nlp/speech-sphinx/train-new-model/an4-master/model_architecture/an4.tree_questions
-ssplitmax	5	7
-ssplitmin	1	1
-ssplitthr	8e-4	0.000000e+00
-state			0
-stwt			1.0,0.05,0.0,
-treefn			/home/rakha/Kuliah/Semester8/nlp/speech-sphinx/train-new-model/an4-master/trees/an4.unpruned/S-0.dtree
-ts2cbfn	.semi.	.semi.
-varfloor	0.00001	1.000000e-05
-varfn			

INFO: main.c(223): Reading: /home/rakha/Kuliah/Semester8/nlp/speech-sphinx/train-new-model/an4-master/model_architecture/an4.untied.mdef
INFO: model_def_io.c(573): Model definition info:
INFO: model_def_io.c(574): 1618 total models defined (34 base, 1584 tri)
INFO: model_def_io.c(575): 6472 total states
INFO: model_def_io.c(576): 4854 total tied states
INFO: model_def_io.c(577): 102 total tied CI states
INFO: model_def_io.c(578): 34 total tied transition matrices
INFO: model_def_io.c(579): 4 max state/model
INFO: model_def_io.c(580): 4 min state/model
INFO: main.c(242): Building trees for [S AA T i] through [S V IH b]
INFO: main.c(269): Covering states |[3759 4079]| == 321
INFO: main.c(275): Reading: /home/rakha/Kuliah/Semester8/nlp/speech-sphinx/train-new-model/an4-master/model_parameters/an4.cd_ptm_untied/mixture_weights
INFO: s3mixw_io.c(173): Read /home/rakha/Kuliah/Semester8/nlp/speech-sphinx/train-new-model/an4-master/model_parameters/an4.cd_ptm_untied/mixture_weights [321x4x64 array]
INFO: main.c(311): 107 of 107 models have observation count greater than 0.000010
INFO: main.c(95): nrm stwt: 0.952 0.048 0.000 
INFO: main.c(411): 107-class entropy: 8.148690e+04
INFO: main.c(549): Reading: /home/rakha/Kuliah/Semester8/nlp/speech-sphinx/train-new-model/an4-master/model_architecture/an4.tree_questions
INFO: main.c(588): 180 total simple questions (172 phone; 8 word bndry)
INFO: main.c(590): 42 Left Only questions, and 42 Right Only questions
INFO: dtree.c(1478): Final simple tree
|( QUESTION2_18_L -1 1.074e+05 3.165e+03 4.791e+03
|    ( - 1.959e+04 20 0 SILENCE 1 4.340e+02 9.686e+02)
|    ( QUESTION8 -1 8.465e+04 2.494e+03 3.822e+03
|        ( - 9.473e+03 24 0 WDBNDRY_E 0 5.275e+02 4.914e+02)
|        ( QUESTION0 -1 7.268e+04 1.894e+03 3.331e+03
|            ( QUESTION1 -1 3.262e+04 7.814e+02 1.538e+03
|                ( - 1.635e+04 21 0 QUESTION17 1 4.401e+02 8.115e+02)
|                ( QUESTION2_0_L -1 1.549e+04 6.364e+02 7.262e+02
|                    ( - 8.528e+03 8 0 QUESTION0_9_R 1 3.124e+02 4.185e+02)
|                    ( - 6.329e+03 6 0 QUESTION16 1 5.666e+02 3.077e+02)))
|            ( SILENCE -1 3.817e+04 1.066e+03 1.793e+03
|                ( - 1.066e+04 4 0 QUESTION0_10_R 1 3.463e+02 5.733e+02)
|                ( QUESTION2_5_L -1 2.644e+04 9.081e+02 1.220e+03
|                    ( - 1.185e+04 5 0 QUESTION4 -1 3.008e+02 5.843e+02)
|                    ( - 1.369e+04 19 0 QUESTION16 -1 5.166e+02 6.356e+02))))))
s>    ( QUESTION2_18_L -1 1.074e+05 3.165e+03 4.791e+03
s>        ( - 1.959e+04 20 0 SILENCE 1 4.340e+02 9.686e+02)
s>        ( QUESTION8 -1 8.465e+04 2.494e+03 3.822e+03
s>            ( - 9.473e+03 24 0 WDBNDRY_E 0 5.275e+02 4.914e+02)
s>            ( QUESTION0 -1 7.268e+04 1.894e+03 3.331e+03
s>                ( QUESTION1 -1 3.262e+04 7.814e+02 1.538e+03
s>                    ( - 1.635e+04 21 0 QUESTION17 1 4.401e+02 8.115e+02)
s>                    ( QUESTION2_0_L -1 1.549e+04 6.364e+02 7.262e+02
s>                        ( - 8.528e+03 8 0 QUESTION0_9_R 1 3.124e+02 4.185e+02)
s>                        ( - 6.329e+03 6 0 QUESTION16 1 5.666e+02 3.077e+02)))
s>                ( SILENCE -1 3.817e+04 1.066e+03 1.793e+03
s>                    ( - 1.066e+04 4 0 QUESTION0_10_R 1 3.463e+02 5.733e+02)
s>                    ( QUESTION2_5_L -1 2.644e+04 9.081e+02 1.220e+03
s>                        ( - 1.185e+04 5 0 QUESTION4 -1 3.008e+02 5.843e+02)
s>                        ( - 1.369e+04 19 0 QUESTION16 -1 5.166e+02 6.356e+02))))))INFO: dtree.c(1315): Comp split 0
INFO: dtree.c(1478): Final simple tree
|( QUESTION0 -1 7.268e+04 1.894e+03 3.331e+03
|    ( QUESTION1 -1 3.262e+04 7.814e+02 1.538e+03
|        ( - 1.635e+04 21 0 QUESTION17 1 4.401e+02 8.115e+02)
|        ( QUESTION2_0_L -1 1.549e+04 6.364e+02 7.262e+02
|            ( - 8.528e+03 8 0 QUESTION0_9_R 1 3.124e+02 4.185e+02)
|            ( QUESTION16 1 6.329e+03 5.666e+02 3.077e+02
|                ( - 1.726e+03 3 0 QUESTION0_8_R 1 1.961e+02 1.053e+02)
|                ( - 4.037e+03 3 0 QUESTION2_12_L -1 2.652e+02 2.024e+02))))
|    ( SILENCE -1 3.817e+04 1.066e+03 1.793e+03
|        ( - 1.066e+04 4 0 QUESTION0_10_R 1 3.463e+02 5.733e+02)
|        ( QUESTION2_5_L -1 2.644e+04 9.081e+02 1.220e+03
|            ( - 1.185e+04 5 0 QUESTION4 -1 3.008e+02 5.843e+02)
|            ( QUESTION16 -1 1.369e+04 5.166e+02 6.356e+02
|                ( - 7.401e+03 9 0 QUESTION0_8_R 1 4.162e+02 3.570e+02)
|                ( - 5.769e+03 10 0 QUESTION4 -1 3.542e+02 2.785e+02)))))
s>    ( QUESTION0 -1 7.268e+04 1.894e+03 3.331e+03
s>        ( QUESTION1 -1 3.262e+04 7.814e+02 1.538e+03
s>            ( - 1.635e+04 21 0 QUESTION17 1 4.401e+02 8.115e+02)
s>            ( QUESTION2_0_L -1 1.549e+04 6.364e+02 7.262e+02
s>                ( - 8.528e+03 8 0 QUESTION0_9_R 1 3.124e+02 4.185e+02)
s>                ( QUESTION16 1 6.329e+03 5.666e+02 3.077e+02
s>                    ( - 1.726e+03 3 0 QUESTION0_8_R 1 1.961e+02 1.053e+02)
s>                    ( - 4.037e+03 3 0 QUESTION2_12_L -1 2.652e+02 2.024e+02))))
s>        ( SILENCE -1 3.817e+04 1.066e+03 1.793e+03
s>            ( - 1.066e+04 4 0 QUESTION0_10_R 1 3.463e+02 5.733e+02)
s>            ( QUESTION2_5_L -1 2.644e+04 9.081e+02 1.220e+03
s>                ( - 1.185e+04 5 0 QUESTION4 -1 3.008e+02 5.843e+02)
s>                ( QUESTION16 -1 1.369e+04 5.166e+02 6.356e+02
s>                    ( - 7.401e+03 9 0 QUESTION0_8_R 1 4.162e+02 3.570e+02)
s>                    ( - 5.769e+03 10 0 QUESTION4 -1 3.542e+02 2.785e+02)))))INFO: dtree.c(1478): Final simple tree
|( QUESTION6 -1 3.125e+04 2.184e+03 1.460e+03
|    ( WDBNDRY_E 0 9.473e+03 5.275e+02 4.914e+02
|        ( SILENCE 1 7.143e+03 3.234e+02 3.798e+02
|            ( - 3.041e+03 1 0)
|            ( - 3.779e+03 20 0 QUESTION0_15_R 1 1.703e+02 2.059e+02))
|        ( - 1.803e+03 3 0 QUESTION0_10_R 1 8.021e+01 1.116e+02))
|    ( SILENCE 1 1.959e+04 4.340e+02 9.686e+02
|        ( - 4.856e+03 1 0)
|        ( QUESTION0_10_R 1 1.430e+04 2.889e+02 7.312e+02
|            ( - 2.342e+03 4 0 QUESTION0_11_R 1 1.572e+02 1.289e+02)
|            ( QUESTION0_15_R 1 1.167e+04 2.309e+02 6.024e+02
|                ( - 6.032e+03 5 0 QUESTION0_18_R 1 1.815e+02 3.154e+02)
|                ( QUESTION1 1 5.405e+03 2.103e+02 2.870e+02
|                    ( - 1.481e+03 3 0 QUESTION0_0_R 1 1.271e+02 8.678e+01)
|                    ( - 3.713e+03 7 0 QUESTION5 1 1.889e+02 2.002e+02))))))
s>    ( QUESTION6 -1 3.125e+04 2.184e+03 1.460e+03
s>        ( WDBNDRY_E 0 9.473e+03 5.275e+02 4.914e+02
s>            ( SILENCE 1 7.143e+03 3.234e+02 3.798e+02
s>                ( - 3.041e+03 1 0)
s>                ( - 3.779e+03 20 0 QUESTION0_15_R 1 1.703e+02 2.059e+02))
s>            ( - 1.803e+03 3 0 QUESTION0_10_R 1 8.021e+01 1.116e+02))
s>        ( SILENCE 1 1.959e+04 4.340e+02 9.686e+02
s>            ( - 4.856e+03 1 0)
s>            ( QUESTION0_10_R 1 1.430e+04 2.889e+02 7.312e+02
s>                ( - 2.342e+03 4 0 QUESTION0_11_R 1 1.572e+02 1.289e+02)
s>                ( QUESTION0_15_R 1 1.167e+04 2.309e+02 6.024e+02
s>                    ( - 6.032e+03 5 0 QUESTION0_18_R 1 1.815e+02 3.154e+02)
s>                    ( QUESTION1 1 5.405e+03 2.103e+02 2.870e+02
s>                        ( - 1.481e+03 3 0 QUESTION0_0_R 1 1.271e+02 8.678e+01)
s>                        ( - 3.713e+03 7 0 QUESTION5 1 1.889e+02 2.002e+02))))))INFO: dtree.c(1315): Comp split 1
INFO: dtree.c(1478): Final simple tree
|( SILENCE 1 1.959e+04 4.340e+02 9.686e+02
|    ( - 4.856e+03 1 0)
|    ( QUESTION0_10_R 1 1.430e+04 2.889e+02 7.312e+02
|        ( QUESTION0_11_R 1 2.342e+03 1.572e+02 1.289e+02
|            ( - 7.587e+02 2 0 QUESTION0_12_R 1 6.714e+01 4.331e+01)
|            ( - 1.426e+03 2 0 WDBNDRY_E 0 7.341e+01 8.555e+01))
|        ( QUESTION0_15_R 1 1.167e+04 2.309e+02 6.024e+02
|            ( QUESTION0_18_R 1 6.032e+03 1.815e+02 3.154e+02
|                ( - 5.742e+02 2 0 QUESTION7 1 8.265e+01 3.794e+01)
|                ( - 5.277e+03 3 0 QUESTION0_16_R 1 1.255e+02 2.775e+02))
|            ( QUESTION1 1 5.405e+03 2.103e+02 2.870e+02
|                ( - 1.481e+03 3 0 QUESTION0_0_R 1 1.271e+02 8.678e+01)
|                ( QUESTION5 1 3.713e+03 1.889e+02 2.002e+02
|                    ( - 1.847e+03 3 0 QUESTION17 1 1.405e+02 1.045e+02)
|                    ( - 1.677e+03 4 0 QUESTION0_0_R 1 1.315e+02 9.569e+01))))))
s>    ( SILENCE 1 1.959e+04 4.340e+02 9.686e+02
s>        ( - 4.856e+03 1 0)
s>        ( QUESTION0_10_R 1 1.430e+04 2.889e+02 7.312e+02
s>            ( QUESTION0_11_R 1 2.342e+03 1.572e+02 1.289e+02
s>                ( - 7.587e+02 2 0 QUESTION0_12_R 1 6.714e+01 4.331e+01)
s>                ( - 1.426e+03 2 0 WDBNDRY_E 0 7.341e+01 8.555e+01))
s>            ( QUESTION0_15_R 1 1.167e+04 2.309e+02 6.024e+02
s>                ( QUESTION0_18_R 1 6.032e+03 1.815e+02 3.154e+02
s>                    ( - 5.742e+02 2 0 QUESTION7 1 8.265e+01 3.794e+01)
s>                    ( - 5.277e+03 3 0 QUESTION0_16_R 1 1.255e+02 2.775e+02))
s>                ( QUESTION1 1 5.405e+03 2.103e+02 2.870e+02
s>                    ( - 1.481e+03 3 0 QUESTION0_0_R 1 1.271e+02 8.678e+01)
s>                    ( QUESTION5 1 3.713e+03 1.889e+02 2.002e+02
s>                        ( - 1.847e+03 3 0 QUESTION17 1 1.405e+02 1.045e+02)
s>                        ( - 1.677e+03 4 0 QUESTION0_0_R 1 1.315e+02 9.569e+01))))))INFO: dtree.c(1478): Final simple tree
|( WDBNDRY_E 0 9.473e+03 5.275e+02 4.914e+02
|    ( SILENCE 1 7.143e+03 3.234e+02 3.798e+02
|        ( - 3.041e+03 1 0)
|        ( QUESTION0_15_R 1 3.779e+03 1.703e+02 2.059e+02
|            ( QUESTION4 1 1.230e+03 1.402e+02 7.062e+01
|                ( - 4.644e+02 1 0)
|                ( QUESTION13 1 6.256e+02 9.628e+01 3.964e+01
|                    ( - 2.425e+02 1 0)
|                    ( - 2.868e+02 4 0 QUESTION0_16_R 1 4.509e+01 2.091e+01)))
|            ( QUESTION0 1 2.378e+03 1.477e+02 1.353e+02
|                ( - 9.407e+02 6 0 QUESTION1 1 7.877e+01 5.583e+01)
|                ( QUESTION0_8_R 1 1.290e+03 1.129e+02 7.942e+01
|                    ( - 5.434e+02 1 0)
|                    ( - 6.333e+02 7 0 QUESTION7 1 8.300e+01 4.088e+01)))))
|    ( - 1.803e+03 3 0 QUESTION0_10_R 1 8.021e+01 1.116e+02))
s>    ( WDBNDRY_E 0 9.473e+03 5.275e+02 4.914e+02
s>        ( SILENCE 1 7.143e+03 3.234e+02 3.798e+02
s>            ( - 3.041e+03 1 0)
s>            ( QUESTION0_15_R 1 3.779e+03 1.703e+02 2.059e+02
s>                ( QUESTION4 1 1.230e+03 1.402e+02 7.062e+01
s>                    ( - 4.644e+02 1 0)
s>                    ( QUESTION13 1 6.256e+02 9.628e+01 3.964e+01
s>                        ( - 2.425e+02 1 0)
s>                        ( - 2.868e+02 4 0 QUESTION0_16_R 1 4.509e+01 2.091e+01)))
s>                ( QUESTION0 1 2.378e+03 1.477e+02 1.353e+02
s>                    ( - 9.407e+02 6 0 QUESTION1 1 7.877e+01 5.583e+01)
s>                    ( QUESTION0_8_R 1 1.290e+03 1.129e+02 7.942e+01
s>                        ( - 5.434e+02 1 0)
s>                        ( - 6.333e+02 7 0 QUESTION7 1 8.300e+01 4.088e+01)))))
s>        ( - 1.803e+03 3 0 QUESTION0_10_R 1 8.021e+01 1.116e+02))INFO: dtree.c(1315): Comp split 2
INFO: dtree.c(1478): Final simple tree
|( SILENCE -1 2.762e+04 1.089e+03 1.314e+03
|    ( QUESTION0_10_R 1 1.066e+04 3.463e+02 5.733e+02
|        ( - 2.780e+03 1 0)
|        ( - 7.534e+03 3 0 QUESTION0_0_R 1 2.468e+02 4.045e+02))
|    ( QUESTION5 -1 1.587e+04 5.680e+02 7.409e+02
|        ( QUESTION2_17_L -1 9.726e+03 4.177e+02 4.554e+02
|            ( QUESTION0_8_R 1 4.503e+03 3.665e+02 2.275e+02
|                ( - 2.698e+03 1 0)
|                ( - 1.438e+03 2 0 WDBNDRY_B 0 1.074e+02 8.260e+01))
|            ( QUESTION20 -1 4.805e+03 3.333e+02 2.279e+02
|                ( - 2.357e+03 5 0 QUESTION0_9_R 1 2.191e+02 1.215e+02)
|                ( - 2.114e+03 7 0 QUESTION7 -1 2.015e+02 1.064e+02)))
|        ( QUESTION0 -1 5.574e+03 3.600e+02 2.855e+02
|            ( - 1.726e+03 3 0 QUESTION0_8_R 1 1.961e+02 1.053e+02)
|            ( - 3.488e+03 4 0 QUESTION0_9_R 1 2.301e+02 1.802e+02))))
s>    ( SILENCE -1 2.762e+04 1.089e+03 1.314e+03
s>        ( QUESTION0_10_R 1 1.066e+04 3.463e+02 5.733e+02
s>            ( - 2.780e+03 1 0)
s>            ( - 7.534e+03 3 0 QUESTION0_0_R 1 2.468e+02 4.045e+02))
s>        ( QUESTION5 -1 1.587e+04 5.680e+02 7.409e+02
s>            ( QUESTION2_17_L -1 9.726e+03 4.177e+02 4.554e+02
s>                ( QUESTION0_8_R 1 4.503e+03 3.665e+02 2.275e+02
s>                    ( - 2.698e+03 1 0)
s>                    ( - 1.438e+03 2 0 WDBNDRY_B 0 1.074e+02 8.260e+01))
s>                ( QUESTION20 -1 4.805e+03 3.333e+02 2.279e+02
s>                    ( - 2.357e+03 5 0 QUESTION0_9_R 1 2.191e+02 1.215e+02)
s>                    ( - 2.114e+03 7 0 QUESTION7 -1 2.015e+02 1.064e+02)))
s>            ( QUESTION0 -1 5.574e+03 3.600e+02 2.855e+02
s>                ( - 1.726e+03 3 0 QUESTION0_8_R 1 1.961e+02 1.053e+02)
s>                ( - 3.488e+03 4 0 QUESTION0_9_R 1 2.301e+02 1.802e+02))))INFO: dtree.c(1478): Final simple tree
|( QUESTION0 -1 4.290e+04 9.458e+02 2.017e+03
|    ( QUESTION1 -1 3.011e+04 7.224e+02 1.432e+03
|        ( QUESTION17 1 1.635e+04 4.401e+02 8.115e+02
|            ( - 1.160e+04 5 0 QUESTION0_8_R 1 2.553e+02 5.795e+02)
|            ( - 4.305e+03 16 0 WDBNDRY_B 0 2.270e+02 2.319e+02))
|        ( QUESTION2_0_L -1 1.304e+04 4.763e+02 6.209e+02
|            ( QUESTION0_9_R 1 8.528e+03 3.124e+02 4.185e+02
|                ( - 2.817e+03 3 0)
|                ( - 5.399e+03 5 0 QUESTION0_0_R 1 1.788e+02 2.743e+02))
|            ( QUESTION2_12_L -1 4.037e+03 2.652e+02 2.024e+02
|                ( - 1.912e+03 1 0)
|                ( - 1.859e+03 2 0 WDBNDRY_B 0 1.799e+02 9.933e+01))))
|    ( QUESTION4 -1 1.185e+04 3.008e+02 5.843e+02
|        ( - 1.038e+04 3 0 QUESTION0_9_R 1 2.407e+02 5.176e+02)
|        ( - 1.169e+03 2 0 QUESTION0_8_R 1 1.254e+02 6.669e+01)))
s>    ( QUESTION0 -1 4.290e+04 9.458e+02 2.017e+03
s>        ( QUESTION1 -1 3.011e+04 7.224e+02 1.432e+03
s>            ( QUESTION17 1 1.635e+04 4.401e+02 8.115e+02
s>                ( - 1.160e+04 5 0 QUESTION0_8_R 1 2.553e+02 5.795e+02)
s>                ( - 4.305e+03 16 0 WDBNDRY_B 0 2.270e+02 2.319e+02))
s>            ( QUESTION2_0_L -1 1.304e+04 4.763e+02 6.209e+02
s>                ( QUESTION0_9_R 1 8.528e+03 3.124e+02 4.185e+02
s>                    ( - 2.817e+03 3 0)
s>                    ( - 5.399e+03 5 0 QUESTION0_0_R 1 1.788e+02 2.743e+02))
s>                ( QUESTION2_12_L -1 4.037e+03 2.652e+02 2.024e+02
s>                    ( - 1.912e+03 1 0)
s>                    ( - 1.859e+03 2 0 WDBNDRY_B 0 1.799e+02 9.933e+01))))
s>        ( QUESTION4 -1 1.185e+04 3.008e+02 5.843e+02
s>            ( - 1.038e+04 3 0 QUESTION0_9_R 1 2.407e+02 5.176e+02)
s>            ( - 1.169e+03 2 0 QUESTION0_8_R 1 1.254e+02 6.669e+01)))INFO: dtree.c(1315): Comp split 3
INFO: dtree.c(1478): Final simple tree
|( QUESTION5 -1 1.587e+04 5.680e+02 7.409e+02
|    ( QUESTION2_17_L -1 9.726e+03 4.177e+02 4.554e+02
|        ( QUESTION0_8_R 1 4.503e+03 3.665e+02 2.275e+02
|            ( - 2.698e+03 1 0)
|            ( - 1.438e+03 2 0 WDBNDRY_B 0 1.074e+02 8.260e+01))
|        ( QUESTION20 -1 4.805e+03 3.333e+02 2.279e+02
|            ( QUESTION0_9_R 1 2.357e+03 2.191e+02 1.215e+02
|                ( - 1.155e+03 2 0 QUESTION2_9_L -1 1.179e+02 6.469e+01)
|                ( - 9.827e+02 3 0 QUESTION0_0_R 1 1.124e+02 5.686e+01))
|            ( - 2.114e+03 7 0 QUESTION7 -1 2.015e+02 1.064e+02)))
|    ( QUESTION0 -1 5.574e+03 3.600e+02 2.855e+02
|        ( - 1.726e+03 3 0 QUESTION0_8_R 1 1.961e+02 1.053e+02)
|        ( QUESTION0_9_R 1 3.488e+03 2.301e+02 1.802e+02
|            ( - 1.442e+03 1 0)
|            ( - 1.816e+03 3 0 QUESTION0_0_R 1 1.986e+02 9.941e+01))))
s>    ( QUESTION5 -1 1.587e+04 5.680e+02 7.409e+02
s>        ( QUESTION2_17_L -1 9.726e+03 4.177e+02 4.554e+02
s>            ( QUESTION0_8_R 1 4.503e+03 3.665e+02 2.275e+02
s>                ( - 2.698e+03 1 0)
s>                ( - 1.438e+03 2 0 WDBNDRY_B 0 1.074e+02 8.260e+01))
s>            ( QUESTION20 -1 4.805e+03 3.333e+02 2.279e+02
s>                ( QUESTION0_9_R 1 2.357e+03 2.191e+02 1.215e+02
s>                    ( - 1.155e+03 2 0 QUESTION2_9_L -1 1.179e+02 6.469e+01)
s>                    ( - 9.827e+02 3 0 QUESTION0_0_R 1 1.124e+02 5.686e+01))
s>                ( - 2.114e+03 7 0 QUESTION7 -1 2.015e+02 1.064e+02)))
s>        ( QUESTION0 -1 5.574e+03 3.600e+02 2.855e+02
s>            ( - 1.726e+03 3 0 QUESTION0_8_R 1 1.961e+02 1.053e+02)
s>            ( QUESTION0_9_R 1 3.488e+03 2.301e+02 1.802e+02
s>                ( - 1.442e+03 1 0)
s>                ( - 1.816e+03 3 0 QUESTION0_0_R 1 1.986e+02 9.941e+01))))INFO: dtree.c(1439): stop. leaf nodes are specific
INFO: dtree.c(1478): Final simple tree
|( QUESTION0_10_R 1 1.066e+04 3.463e+02 5.733e+02
|    ( - 2.780e+03 1 0)
|    ( QUESTION0_0_R 1 7.534e+03 2.468e+02 4.045e+02
|        ( - 2.626e+03 1 0)
|        ( QUESTION0_8_R 1 4.661e+03 1.597e+02 2.600e+02
|            ( - 2.857e+03 1 0)
|            ( - 1.645e+03 1 0))))
s>    ( QUESTION0_10_R 1 1.066e+04 3.463e+02 5.733e+02
s>        ( - 2.780e+03 1 0)
s>        ( QUESTION0_0_R 1 7.534e+03 2.468e+02 4.045e+02
s>            ( - 2.626e+03 1 0)
s>            ( QUESTION0_8_R 1 4.661e+03 1.597e+02 2.600e+02
s>                ( - 2.857e+03 1 0)
s>                ( - 1.645e+03 1 0))))INFO: dtree.c(1315): Comp split 4
INFO: dtree.c(1478): Final simple tree
|( QUESTION0 -1 2.110e+04 7.264e+02 1.003e+03
|    ( QUESTION0_9_R 1 8.528e+03 3.124e+02 4.185e+02
|        ( - 2.817e+03 3 0)
|        ( QUESTION0_0_R 1 5.399e+03 1.788e+02 2.743e+02
|            ( - 3.198e+02 3 0)
|            ( - 4.900e+03 2 0)))
|    ( QUESTION4 -1 1.185e+04 3.008e+02 5.843e+02
|        ( QUESTION0_9_R 1 1.038e+04 2.407e+02 5.176e+02
|            ( - 3.321e+03 1 0)
|            ( QUESTION0_0_R 1 6.816e+03 1.872e+02 3.405e+02
|                ( - 3.326e+02 1 0)
|                ( - 6.296e+03 1 0)))
|        ( QUESTION0_8_R 1 1.169e+03 1.254e+02 6.669e+01
|            ( - 5.804e+02 1 0)
|            ( - 4.629e+02 1 0))))
s>    ( QUESTION0 -1 2.110e+04 7.264e+02 1.003e+03
s>        ( QUESTION0_9_R 1 8.528e+03 3.124e+02 4.185e+02
s>            ( - 2.817e+03 3 0)
s>            ( QUESTION0_0_R 1 5.399e+03 1.788e+02 2.743e+02
s>                ( - 3.198e+02 3 0)
s>                ( - 4.900e+03 2 0)))
s>        ( QUESTION4 -1 1.185e+04 3.008e+02 5.843e+02
s>            ( QUESTION0_9_R 1 1.038e+04 2.407e+02 5.176e+02
s>                ( - 3.321e+03 1 0)
s>                ( QUESTION0_0_R 1 6.816e+03 1.872e+02 3.405e+02
s>                    ( - 3.326e+02 1 0)
s>                    ( - 6.296e+03 1 0)))
s>            ( QUESTION0_8_R 1 1.169e+03 1.254e+02 6.669e+01
s>                ( - 5.804e+02 1 0)
s>                ( - 4.629e+02 1 0))))INFO: dtree.c(1478): Final simple tree
|( QUESTION17 1 2.084e+04 5.572e+02 1.014e+03
|    ( QUESTION0_8_R 1 1.160e+04 2.553e+02 5.795e+02
|        ( - 4.854e+03 2 0)
|        ( - 6.494e+03 3 0 WDBNDRY_B 0 1.683e+02 3.261e+02))
|    ( QUESTION1 -1 8.676e+03 3.349e+02 4.343e+02
|        ( WDBNDRY_B 0 4.305e+03 2.270e+02 2.319e+02
|            ( - 1.251e+03 2 0)
|            ( QUESTION0_9_R 1 2.826e+03 2.028e+02 1.583e+02
|                ( - 1.254e+03 6 0 QUESTION0_11_R 1 1.514e+02 7.298e+01)
|                ( - 1.370e+03 8 0 QUESTION0_2_R 1 1.273e+02 8.533e+01)))
|        ( QUESTION2_12_L -1 4.037e+03 2.652e+02 2.024e+02
|            ( - 1.912e+03 1 0)
|            ( WDBNDRY_B 0 1.859e+03 1.799e+02 9.933e+01
|                ( - 1.474e+03 1 0)
|                ( - 2.051e+02 1 0)))))
s>    ( QUESTION17 1 2.084e+04 5.572e+02 1.014e+03
s>        ( QUESTION0_8_R 1 1.160e+04 2.553e+02 5.795e+02
s>            ( - 4.854e+03 2 0)
s>            ( - 6.494e+03 3 0 WDBNDRY_B 0 1.683e+02 3.261e+02))
s>        ( QUESTION1 -1 8.676e+03 3.349e+02 4.343e+02
s>            ( WDBNDRY_B 0 4.305e+03 2.270e+02 2.319e+02
s>                ( - 1.251e+03 2 0)
s>                ( QUESTION0_9_R 1 2.826e+03 2.028e+02 1.583e+02
s>                    ( - 1.254e+03 6 0 QUESTION0_11_R 1 1.514e+02 7.298e+01)
s>                    ( - 1.370e+03 8 0 QUESTION0_2_R 1 1.273e+02 8.533e+01)))
s>            ( QUESTION2_12_L -1 4.037e+03 2.652e+02 2.024e+02
s>                ( - 1.912e+03 1 0)
s>                ( WDBNDRY_B 0 1.859e+03 1.799e+02 9.933e+01
s>                    ( - 1.474e+03 1 0)
s>                    ( - 2.051e+02 1 0)))))INFO: dtree.c(1315): Comp split 5
INFO: dtree.c(1439): stop. leaf nodes are specific
INFO: dtree.c(1478): Final simple tree
|( QUESTION4 -1 1.185e+04 3.008e+02 5.843e+02
|    ( QUESTION0_9_R 1 1.038e+04 2.407e+02 5.176e+02
|        ( - 3.321e+03 1 0)
|        ( QUESTION0_0_R 1 6.816e+03 1.872e+02 3.405e+02
|            ( - 3.326e+02 1 0)
|            ( - 6.296e+03 1 0)))
|    ( QUESTION0_8_R 1 1.169e+03 1.254e+02 6.669e+01
|        ( - 5.804e+02 1 0)
|        ( - 4.629e+02 1 0)))
s>    ( QUESTION4 -1 1.185e+04 3.008e+02 5.843e+02
s>        ( QUESTION0_9_R 1 1.038e+04 2.407e+02 5.176e+02
s>            ( - 3.321e+03 1 0)
s>            ( QUESTION0_0_R 1 6.816e+03 1.872e+02 3.405e+02
s>                ( - 3.326e+02 1 0)
s>                ( - 6.296e+03 1 0)))
s>        ( QUESTION0_8_R 1 1.169e+03 1.254e+02 6.669e+01
s>            ( - 5.804e+02 1 0)
s>            ( - 4.629e+02 1 0)))INFO: dtree.c(1439): stop. leaf nodes are specific
INFO: dtree.c(1478): Final simple tree
|( QUESTION0_9_R 1 8.528e+03 3.124e+02 4.185e+02
|    ( - 2.817e+03 3 0)
|    ( QUESTION0_0_R 1 5.399e+03 1.788e+02 2.743e+02
|        ( - 3.198e+02 3 0)
|        ( - 4.900e+03 2 0)))
s>    ( QUESTION0_9_R 1 8.528e+03 3.124e+02 4.185e+02
s>        ( - 2.817e+03 3 0)
s>        ( QUESTION0_0_R 1 5.399e+03 1.788e+02 2.743e+02
s>            ( - 3.198e+02 3 0)
s>            ( - 4.900e+03 2 0)))INFO: dtree.c(1315): Comp split 6
INFO: dtree.c(1478): Final simple tree
|( QUESTION6 -1 6.516e+03 3.515e+02 3.105e+02
|    ( QUESTION7 -1 1.927e+03 1.799e+02 9.836e+01
|        ( QUESTION0_9_R 1 1.351e+03 1.376e+02 7.238e+01
|            ( - 5.598e+02 1 0)
|            ( - 6.540e+02 2 0 QUESTION0_0_R 1 7.426e+01 3.748e+01))
|        ( - 3.960e+02 3 0 QUESTION0_8_R 1 7.882e+01 2.598e+01))
|    ( QUESTION17 -1 4.237e+03 2.533e+02 2.121e+02
|        ( WDBNDRY_B 0 1.626e+03 1.497e+02 9.060e+01
|            ( - 1.207e+03 1 0)
|            ( - 2.701e+02 2 0 QUESTION0_10_R 1 7.206e+01 2.000e+01))
|        ( QUESTION0_9_R 1 2.357e+03 2.191e+02 1.215e+02
|            ( QUESTION2_9_L -1 1.155e+03 1.179e+02 6.469e+01
|                ( - 9.190e+01 1 0)
|                ( - 9.457e+02 1 0))
|            ( - 9.827e+02 3 0 QUESTION0_0_R 1 1.124e+02 5.686e+01))))
s>    ( QUESTION6 -1 6.516e+03 3.515e+02 3.105e+02
s>        ( QUESTION7 -1 1.927e+03 1.799e+02 9.836e+01
s>            ( QUESTION0_9_R 1 1.351e+03 1.376e+02 7.238e+01
s>                ( - 5.598e+02 1 0)
s>                ( - 6.540e+02 2 0 QUESTION0_0_R 1 7.426e+01 3.748e+01))
s>            ( - 3.960e+02 3 0 QUESTION0_8_R 1 7.882e+01 2.598e+01))
s>        ( QUESTION17 -1 4.237e+03 2.533e+02 2.121e+02
s>            ( WDBNDRY_B 0 1.626e+03 1.497e+02 9.060e+01
s>                ( - 1.207e+03 1 0)
s>                ( - 2.701e+02 2 0 QUESTION0_10_R 1 7.206e+01 2.000e+01))
s>            ( QUESTION0_9_R 1 2.357e+03 2.191e+02 1.215e+02
s>                ( QUESTION2_9_L -1 1.155e+03 1.179e+02 6.469e+01
s>                    ( - 9.190e+01 1 0)
s>                    ( - 9.457e+02 1 0))
s>                ( - 9.827e+02 3 0 QUESTION0_0_R 1 1.124e+02 5.686e+01))))INFO: dtree.c(1439): stop. leaf nodes are specific
INFO: dtree.c(1478): Final simple tree
|( QUESTION4 -1 8.685e+03 4.402e+02 4.304e+02
|    ( QUESTION0_9_R 1 3.488e+03 2.301e+02 1.802e+02
|        ( - 1.442e+03 1 0)
|        ( QUESTION0_0_R 1 1.816e+03 1.986e+02 9.941e+01
|            ( - 4.757e+02 1 0)
|            ( - 1.142e+03 2 0)))
|    ( QUESTION0 -1 4.757e+03 3.325e+02 2.502e+02
|        ( QUESTION0_8_R 1 1.726e+03 1.961e+02 1.053e+02
|            ( QUESTION2_12_L -1 1.110e+03 9.252e+01 6.731e+01
|                ( - 4.877e+01 1 0)
|                ( - 9.683e+02 1 0))
|            ( - 4.205e+02 1 0))
|        ( - 2.698e+03 1 0)))
s>    ( QUESTION4 -1 8.685e+03 4.402e+02 4.304e+02
s>        ( QUESTION0_9_R 1 3.488e+03 2.301e+02 1.802e+02
s>            ( - 1.442e+03 1 0)
s>            ( QUESTION0_0_R 1 1.816e+03 1.986e+02 9.941e+01
s>                ( - 4.757e+02 1 0)
s>                ( - 1.142e+03 2 0)))
s>        ( QUESTION0 -1 4.757e+03 3.325e+02 2.502e+02
s>            ( QUESTION0_8_R 1 1.726e+03 1.961e+02 1.053e+02
s>                ( QUESTION2_12_L -1 1.110e+03 9.252e+01 6.731e+01
s>                    ( - 4.877e+01 1 0)
s>                    ( - 9.683e+02 1 0))
s>                ( - 4.205e+02 1 0))
s>            ( - 2.698e+03 1 0)))INFO: dtree.c(1315): Comp split 7
INFO: dtree.c(1439): stop. leaf nodes are specific
INFO: dtree.c(1478): Final simple tree
|( QUESTION0_0_R 1 1.338e+04 3.032e+02 6.619e+02
|    ( - 1.474e+03 1 0)
|    ( QUESTION0_8_R 1 1.160e+04 2.553e+02 5.795e+02
|        ( - 4.854e+03 2 0)
|        ( WDBNDRY_B 0 6.494e+03 1.683e+02 3.261e+02
|            ( - 5.910e+03 2 0)
|            ( - 4.151e+02 1 0))))
s>    ( QUESTION0_0_R 1 1.338e+04 3.032e+02 6.619e+02
s>        ( - 1.474e+03 1 0)
s>        ( QUESTION0_8_R 1 1.160e+04 2.553e+02 5.795e+02
s>            ( - 4.854e+03 2 0)
s>            ( WDBNDRY_B 0 6.494e+03 1.683e+02 3.261e+02
s>                ( - 5.910e+03 2 0)
s>                ( - 4.151e+02 1 0))))INFO: dtree.c(1478): Final simple tree
|( QUESTION1 -1 6.882e+03 3.053e+02 3.520e+02
|    ( WDBNDRY_B 0 4.305e+03 2.270e+02 2.319e+02
|        ( - 1.251e+03 2 0)
|        ( QUESTION0_9_R 1 2.826e+03 2.028e+02 1.583e+02
|            ( QUESTION0_11_R 1 1.254e+03 1.514e+02 7.298e+01
|                ( - 6.257e+02 2 0 QUESTION0_12_R 1 8.598e+01 3.999e+01)
|                ( QUESTION8 1 4.766e+02 1.026e+02 3.299e+01
|                    ( - 2.096e+02 2 0 QUESTION0_18_R 1 4.556e+01 1.699e+01)
|                    ( - 1.644e+02 2 0 QUESTION0_10_R 1 3.257e+01 1.600e+01)))
|            ( QUESTION0_2_R 1 1.370e+03 1.273e+02 8.533e+01
|                ( - 6.194e+02 3 0 QUESTION0_3_R 1 7.991e+01 4.332e+01)
|                ( - 6.232e+02 5 0 QUESTION2 1 7.356e+01 4.200e+01))))
|    ( WDBNDRY_B 0 2.272e+03 1.549e+02 1.201e+02
|        ( - 1.912e+03 1 0)
|        ( - 2.051e+02 1 0)))
s>    ( QUESTION1 -1 6.882e+03 3.053e+02 3.520e+02
s>        ( WDBNDRY_B 0 4.305e+03 2.270e+02 2.319e+02
s>            ( - 1.251e+03 2 0)
s>            ( QUESTION0_9_R 1 2.826e+03 2.028e+02 1.583e+02
s>                ( QUESTION0_11_R 1 1.254e+03 1.514e+02 7.298e+01
s>                    ( - 6.257e+02 2 0 QUESTION0_12_R 1 8.598e+01 3.999e+01)
s>                    ( QUESTION8 1 4.766e+02 1.026e+02 3.299e+01
s>                        ( - 2.096e+02 2 0 QUESTION0_18_R 1 4.556e+01 1.699e+01)
s>                        ( - 1.644e+02 2 0 QUESTION0_10_R 1 3.257e+01 1.600e+01)))
s>                ( QUESTION0_2_R 1 1.370e+03 1.273e+02 8.533e+01
s>                    ( - 6.194e+02 3 0 QUESTION0_3_R 1 7.991e+01 4.332e+01)
s>                    ( - 6.232e+02 5 0 QUESTION2 1 7.356e+01 4.200e+01))))
s>        ( WDBNDRY_B 0 2.272e+03 1.549e+02 1.201e+02
s>            ( - 1.912e+03 1 0)
s>            ( - 2.051e+02 1 0)))INFO: dtree.c(1315): Comp split 8
INFO: dtree.c(1478): Final simple tree
|( SILENCE 1 7.143e+03 3.234e+02 3.798e+02
|    ( - 3.041e+03 1 0)
|    ( QUESTION0_15_R 1 3.779e+03 1.703e+02 2.059e+02
|        ( QUESTION4 1 1.230e+03 1.402e+02 7.062e+01
|            ( - 4.644e+02 1 0)
|            ( QUESTION13 1 6.256e+02 9.628e+01 3.964e+01
|                ( - 2.425e+02 1 0)
|                ( - 2.868e+02 4 0 QUESTION0_16_R 1 4.509e+01 2.091e+01)))
|        ( QUESTION0 1 2.378e+03 1.477e+02 1.353e+02
|            ( - 9.407e+02 6 0 QUESTION1 1 7.877e+01 5.583e+01)
|            ( QUESTION0_8_R 1 1.290e+03 1.129e+02 7.942e+01
|                ( - 5.434e+02 1 0)
|                ( QUESTION7 1 6.333e+02 8.300e+01 4.088e+01
|                    ( - 2.520e+02 2 0 QUESTION0_11_R 1 2.375e+01 1.888e+01)
|                    ( - 2.983e+02 5 0 QUESTION0_0_R 1 5.887e+01 2.200e+01))))))
s>    ( SILENCE 1 7.143e+03 3.234e+02 3.798e+02
s>        ( - 3.041e+03 1 0)
s>        ( QUESTION0_15_R 1 3.779e+03 1.703e+02 2.059e+02
s>            ( QUESTION4 1 1.230e+03 1.402e+02 7.062e+01
s>                ( - 4.644e+02 1 0)
s>                ( QUESTION13 1 6.256e+02 9.628e+01 3.964e+01
s>                    ( - 2.425e+02 1 0)
s>                    ( - 2.868e+02 4 0 QUESTION0_16_R 1 4.509e+01 2.091e+01)))
s>            ( QUESTION0 1 2.378e+03 1.477e+02 1.353e+02
s>                ( - 9.407e+02 6 0 QUESTION1 1 7.877e+01 5.583e+01)
s>                ( QUESTION0_8_R 1 1.290e+03 1.129e+02 7.942e+01
s>                    ( - 5.434e+02 1 0)
s>                    ( QUESTION7 1 6.333e+02 8.300e+01 4.088e+01
s>                        ( - 2.520e+02 2 0 QUESTION0_11_R 1 2.375e+01 1.888e+01)
s>                        ( - 2.983e+02 5 0 QUESTION0_0_R 1 5.887e+01 2.200e+01))))))INFO: dtree.c(1439): stop. leaf nodes are specific
INFO: dtree.c(1478): Final simple tree
|( QUESTION0_10_R 1 1.803e+03 8.021e+01 1.116e+02
|    ( - 1.673e+03 1 0)
|    ( WDBNDRY_B 0 4.975e+01 1.889e+01 6.000e+00
|        ( - 2.324e+01 1 0)
|        ( - 7.619e+00 1 0)))
s>    ( QUESTION0_10_R 1 1.803e+03 8.021e+01 1.116e+02
s>        ( - 1.673e+03 1 0)
s>        ( WDBNDRY_B 0 4.975e+01 1.889e+01 6.000e+00
s>            ( - 2.324e+01 1 0)
s>            ( - 7.619e+00 1 0)))INFO: dtree.c(1315): Comp split 9
INFO: dtree.c(1478): Final simple tree
|( QUESTION7 1 1.257e+04 2.459e+02 6.457e+02
|    ( QUESTION0_10_R 1 6.099e+03 1.437e+02 3.179e+02
|        ( - 6.606e+02 1 0)
|        ( - 5.295e+03 2 0 QUESTION0_18_R 1 1.246e+02 2.795e+02))
|    ( QUESTION0_0_R 1 6.229e+03 2.244e+02 3.278e+02
|        ( QUESTION0_3_R 1 2.230e+03 1.602e+02 1.270e+02
|            ( - 1.206e+03 2 0)
|            ( - 8.633e+02 2 0 QUESTION0_1_R 1 7.843e+01 5.538e+01))
|        ( QUESTION0_14_R 1 3.775e+03 2.000e+02 2.008e+02
|            ( - 1.558e+03 2 0 QUESTION6 1 1.124e+02 8.851e+01)
|            ( QUESTION0 1 2.017e+03 1.590e+02 1.123e+02
|                ( - 9.468e+02 3 0 QUESTION1 1 7.168e+01 5.740e+01)
|                ( QUESTION11 1 9.110e+02 1.247e+02 5.488e+01
|                    ( - 3.143e+02 2 0 QUESTION0_10_R 1 4.093e+01 2.285e+01)
|                    ( - 4.719e+02 3 0 QUESTION0_8_R 1 7.162e+01 3.202e+01))))))
s>    ( QUESTION7 1 1.257e+04 2.459e+02 6.457e+02
s>        ( QUESTION0_10_R 1 6.099e+03 1.437e+02 3.179e+02
s>            ( - 6.606e+02 1 0)
s>            ( - 5.295e+03 2 0 QUESTION0_18_R 1 1.246e+02 2.795e+02))
s>        ( QUESTION0_0_R 1 6.229e+03 2.244e+02 3.278e+02
s>            ( QUESTION0_3_R 1 2.230e+03 1.602e+02 1.270e+02
s>                ( - 1.206e+03 2 0)
s>                ( - 8.633e+02 2 0 QUESTION0_1_R 1 7.843e+01 5.538e+01))
s>            ( QUESTION0_14_R 1 3.775e+03 2.000e+02 2.008e+02
s>                ( - 1.558e+03 2 0 QUESTION6 1 1.124e+02 8.851e+01)
s>                ( QUESTION0 1 2.017e+03 1.590e+02 1.123e+02
s>                    ( - 9.468e+02 3 0 QUESTION1 1 7.168e+01 5.740e+01)
s>                    ( QUESTION11 1 9.110e+02 1.247e+02 5.488e+01
s>                        ( - 3.143e+02 2 0 QUESTION0_10_R 1 4.093e+01 2.285e+01)
s>                        ( - 4.719e+02 3 0 QUESTION0_8_R 1 7.162e+01 3.202e+01))))))INFO: dtree.c(1439): stop. leaf nodes are specific
INFO: dtree.c(1478): Final simple tree
|( SILENCE 1 6.553e+03 2.706e+02 3.229e+02
|    ( - 4.856e+03 1 0)
|    ( WDBNDRY_E 0 1.426e+03 7.341e+01 8.555e+01
|        ( - 1.311e+03 1 0)
|        ( - 4.151e+01 1 0)))
s>    ( SILENCE 1 6.553e+03 2.706e+02 3.229e+02
s>        ( - 4.856e+03 1 0)
s>        ( WDBNDRY_E 0 1.426e+03 7.341e+01 8.555e+01
s>            ( - 1.311e+03 1 0)
s>            ( - 4.151e+01 1 0)))INFO: dtree.c(1315): Comp split 10
INFO: dtree.c(1439): stop. leaf nodes are specific
INFO: dtree.c(1478): Final simple tree
|( QUESTION0_9_R 1 4.152e+03 2.609e+02 2.182e+02
|    ( QUESTION0 -1 2.075e+03 2.126e+02 1.188e+02
|        ( - 4.205e+02 1 0)
|        ( - 1.442e+03 1 0))
|    ( QUESTION0_0_R 1 1.816e+03 1.986e+02 9.941e+01
|        ( - 4.757e+02 1 0)
|        ( - 1.142e+03 2 0)))
s>    ( QUESTION0_9_R 1 4.152e+03 2.609e+02 2.182e+02
s>        ( QUESTION0 -1 2.075e+03 2.126e+02 1.188e+02
s>            ( - 4.205e+02 1 0)
s>            ( - 1.442e+03 1 0))
s>        ( QUESTION0_0_R 1 1.816e+03 1.986e+02 9.941e+01
s>            ( - 4.757e+02 1 0)
s>            ( - 1.142e+03 2 0)))INFO: dtree.c(1439): stop. leaf nodes are specific
INFO: dtree.c(1478): Final simple tree
|( QUESTION0 -1 4.092e+03 2.842e+02 2.122e+02
|    ( QUESTION2_12_L -1 1.110e+03 9.252e+01 6.731e+01
|        ( - 4.877e+01 1 0)
|        ( - 9.683e+02 1 0))
|    ( - 2.698e+03 1 0))
s>    ( QUESTION0 -1 4.092e+03 2.842e+02 2.122e+02
s>        ( QUESTION2_12_L -1 1.110e+03 9.252e+01 6.731e+01
s>            ( - 4.877e+01 1 0)
s>            ( - 9.683e+02 1 0))
s>        ( - 2.698e+03 1 0))INFO: dtree.c(1315): Comp split 11
INFO: dtree.c(1439): stop. leaf nodes are specific
INFO: dtree.c(1478): Final simple tree
|( QUESTION7 -1 2.129e+03 2.112e+02 1.074e+02
|    ( QUESTION0_9_R 1 1.351e+03 1.376e+02 7.238e+01
|        ( - 5.598e+02 1 0)
|        ( QUESTION0_0_R 1 6.540e+02 7.426e+01 3.748e+01
|            ( - 1.332e+02 1 0)
|            ( - 4.465e+02 1 0)))
|    ( QUESTION11 -1 5.663e+02 9.466e+01 3.498e+01
|        ( QUESTION0_8_R 1 2.634e+02 3.798e+01 1.898e+01
|            ( - 1.044e+01 1 0)
|            ( - 2.149e+02 1 0))
|        ( QUESTION0_8_R 1 2.083e+02 5.338e+01 1.600e+01
|            ( - 6.300e+01 1 0)
|            ( - 9.190e+01 1 0))))
s>    ( QUESTION7 -1 2.129e+03 2.112e+02 1.074e+02
s>        ( QUESTION0_9_R 1 1.351e+03 1.376e+02 7.238e+01
s>            ( - 5.598e+02 1 0)
s>            ( QUESTION0_0_R 1 6.540e+02 7.426e+01 3.748e+01
s>                ( - 1.332e+02 1 0)
s>                ( - 4.465e+02 1 0)))
s>        ( QUESTION11 -1 5.663e+02 9.466e+01 3.498e+01
s>            ( QUESTION0_8_R 1 2.634e+02 3.798e+01 1.898e+01
s>                ( - 1.044e+01 1 0)
s>                ( - 2.149e+02 1 0))
s>            ( QUESTION0_8_R 1 2.083e+02 5.338e+01 1.600e+01
s>                ( - 6.300e+01 1 0)
s>                ( - 9.190e+01 1 0))))INFO: dtree.c(1439): stop. leaf nodes are specific
INFO: dtree.c(1478): Final simple tree
|( QUESTION0_9_R 1 4.027e+03 2.525e+02 2.031e+02
|    ( QUESTION2_0_L -1 2.792e+03 2.279e+02 1.463e+02
|        ( WDBNDRY_B 0 1.126e+03 1.067e+02 6.369e+01
|            ( - 9.457e+02 1 0)
|            ( - 7.405e+01 1 0))
|        ( WDBNDRY_B 0 1.438e+03 1.074e+02 8.260e+01
|            ( - 1.207e+03 1 0)
|            ( - 1.240e+02 1 0)))
|    ( QUESTION0_0_R 1 9.827e+02 1.124e+02 5.686e+01
|        ( QUESTION2_9_L -1 1.249e+02 4.097e+01 1.100e+01
|            ( - 4.106e+01 1 0)
|            ( - 4.289e+01 1 0))
|        ( - 7.454e+02 1 0)))
s>    ( QUESTION0_9_R 1 4.027e+03 2.525e+02 2.031e+02
s>        ( QUESTION2_0_L -1 2.792e+03 2.279e+02 1.463e+02
s>            ( WDBNDRY_B 0 1.126e+03 1.067e+02 6.369e+01
s>                ( - 9.457e+02 1 0)
s>                ( - 7.405e+01 1 0))
s>            ( WDBNDRY_B 0 1.438e+03 1.074e+02 8.260e+01
s>                ( - 1.207e+03 1 0)
s>                ( - 1.240e+02 1 0)))
s>        ( QUESTION0_0_R 1 9.827e+02 1.124e+02 5.686e+01
s>            ( QUESTION2_9_L -1 1.249e+02 4.097e+01 1.100e+01
s>                ( - 4.106e+01 1 0)
s>                ( - 4.289e+01 1 0))
s>            ( - 7.454e+02 1 0)))INFO: dtree.c(1315): Comp split 12
INFO: dtree.c(1439): stop. leaf nodes are specific
INFO: dtree.c(1478): Final simple tree
|( QUESTION0_0_R 1 7.534e+03 2.468e+02 4.045e+02
|    ( - 2.626e+03 1 0)
|    ( QUESTION0_8_R 1 4.661e+03 1.597e+02 2.600e+02
|        ( - 2.857e+03 1 0)
|        ( - 1.645e+03 1 0)))
s>    ( QUESTION0_0_R 1 7.534e+03 2.468e+02 4.045e+02
s>        ( - 2.626e+03 1 0)
s>        ( QUESTION0_8_R 1 4.661e+03 1.597e+02 2.600e+02
s>            ( - 2.857e+03 1 0)
s>            ( - 1.645e+03 1 0)))INFO: dtree.c(1315): Comp split 13
INFO: dtree.c(1439): stop. leaf nodes are specific
INFO: dtree.c(1478): Final simple tree
|( WDBNDRY_B 0 3.066e+03 1.964e+02 1.600e+02
|    ( - 1.912e+03 1 0)
|    ( WDBNDRY_E 0 9.572e+02 1.264e+02 5.699e+01
|        ( QUESTION0_12_R 1 6.257e+02 8.598e+01 3.999e+01
|            ( - 3.094e+02 1 0)
|            ( - 2.303e+02 1 0))
|        ( - 2.051e+02 1 0)))
s>    ( WDBNDRY_B 0 3.066e+03 1.964e+02 1.600e+02
s>        ( - 1.912e+03 1 0)
s>        ( WDBNDRY_E 0 9.572e+02 1.264e+02 5.699e+01
s>            ( QUESTION0_12_R 1 6.257e+02 8.598e+01 3.999e+01
s>                ( - 3.094e+02 1 0)
s>                ( - 2.303e+02 1 0))
s>            ( - 2.051e+02 1 0)))INFO: dtree.c(1478): Final simple tree
|( WDBNDRY_B 0 3.488e+03 2.379e+02 1.919e+02
|    ( - 1.251e+03 2 0)
|    ( QUESTION0_9_R 1 1.999e+03 1.520e+02 1.183e+02
|        ( QUESTION8 1 4.766e+02 1.026e+02 3.299e+01
|            ( - 2.096e+02 2 0 QUESTION0_18_R 1 4.556e+01 1.699e+01)
|            ( - 1.644e+02 2 0 QUESTION0_10_R 1 3.257e+01 1.600e+01))
|        ( QUESTION0_2_R 1 1.370e+03 1.273e+02 8.533e+01
|            ( QUESTION0_3_R 1 6.194e+02 7.991e+01 4.332e+01
|                ( - 3.854e+02 2 0)
|                ( - 1.541e+02 1 0))
|            ( QUESTION2 1 6.232e+02 7.356e+01 4.200e+01
|                ( - 1.828e+02 3 0)
|                ( QUESTION0_0_R 1 3.669e+02 5.012e+01 2.700e+01
|                    ( - 1.535e+02 1 0)
|                    ( - 1.633e+02 1 0))))))
s>    ( WDBNDRY_B 0 3.488e+03 2.379e+02 1.919e+02
s>        ( - 1.251e+03 2 0)
s>        ( QUESTION0_9_R 1 1.999e+03 1.520e+02 1.183e+02
s>            ( QUESTION8 1 4.766e+02 1.026e+02 3.299e+01
s>                ( - 2.096e+02 2 0 QUESTION0_18_R 1 4.556e+01 1.699e+01)
s>                ( - 1.644e+02 2 0 QUESTION0_10_R 1 3.257e+01 1.600e+01))
s>            ( QUESTION0_2_R 1 1.370e+03 1.273e+02 8.533e+01
s>                ( QUESTION0_3_R 1 6.194e+02 7.991e+01 4.332e+01
s>                    ( - 3.854e+02 2 0)
s>                    ( - 1.541e+02 1 0))
s>                ( QUESTION2 1 6.232e+02 7.356e+01 4.200e+01
s>                    ( - 1.828e+02 3 0)
s>                    ( QUESTION0_0_R 1 3.669e+02 5.012e+01 2.700e+01
s>                        ( - 1.535e+02 1 0)
s>                        ( - 1.633e+02 1 0))))))INFO: dtree.c(1315): Comp split 14
INFO: dtree.c(1439): stop. leaf nodes are specific
INFO: dtree.c(1478): Final simple tree
|( QUESTION0_0_R 1 1.676e+03 1.744e+02 8.967e+01
|    ( - 3.326e+02 1 0)
|    ( QUESTION0_8_R 1 1.169e+03 1.254e+02 6.669e+01
|        ( - 5.804e+02 1 0)
|        ( - 4.629e+02 1 0)))
s>    ( QUESTION0_0_R 1 1.676e+03 1.744e+02 8.967e+01
s>        ( - 3.326e+02 1 0)
s>        ( QUESTION0_8_R 1 1.169e+03 1.254e+02 6.669e+01
s>            ( - 5.804e+02 1 0)
s>            ( - 4.629e+02 1 0)))INFO: dtree.c(1439): stop. leaf nodes are specific
INFO: dtree.c(1478): Final simple tree
|( QUESTION0_8_R 1 9.846e+03 2.294e+02 4.947e+02
|    ( - 6.296e+03 1 0)
|    ( - 3.321e+03 1 0))
s>    ( QUESTION0_8_R 1 9.846e+03 2.294e+02 4.947e+02
s>        ( - 6.296e+03 1 0)
s>        ( - 3.321e+03 1 0))INFO: dtree.c(1315): Comp split 15
INFO: dtree.c(1478): Final simple tree
|( QUESTION0_15_R 1 3.779e+03 1.703e+02 2.059e+02
|    ( QUESTION4 1 1.230e+03 1.402e+02 7.062e+01
|        ( - 4.644e+02 1 0)
|        ( QUESTION13 1 6.256e+02 9.628e+01 3.964e+01
|            ( - 2.425e+02 1 0)
|            ( - 2.868e+02 4 0 QUESTION0_16_R 1 4.509e+01 2.091e+01)))
|    ( QUESTION0 1 2.378e+03 1.477e+02 1.353e+02
|        ( QUESTION1 1 9.407e+02 7.877e+01 5.583e+01
|            ( - 7.135e+02 2 0 QUESTION0_0_R 1 3.655e+01 4.383e+01)
|            ( - 1.485e+02 4 0 QUESTION0_0_R 1 3.071e+01 1.200e+01))
|        ( QUESTION0_8_R 1 1.290e+03 1.129e+02 7.942e+01
|            ( - 5.434e+02 1 0)
|            ( QUESTION7 1 6.333e+02 8.300e+01 4.088e+01
|                ( - 2.520e+02 2 0 QUESTION0_11_R 1 2.375e+01 1.888e+01)
|                ( - 2.983e+02 5 0 QUESTION0_0_R 1 5.887e+01 2.200e+01)))))
s>    ( QUESTION0_15_R 1 3.779e+03 1.703e+02 2.059e+02
s>        ( QUESTION4 1 1.230e+03 1.402e+02 7.062e+01
s>            ( - 4.644e+02 1 0)
s>            ( QUESTION13 1 6.256e+02 9.628e+01 3.964e+01
s>                ( - 2.425e+02 1 0)
s>                ( - 2.868e+02 4 0 QUESTION0_16_R 1 4.509e+01 2.091e+01)))
s>        ( QUESTION0 1 2.378e+03 1.477e+02 1.353e+02
s>            ( QUESTION1 1 9.407e+02 7.877e+01 5.583e+01
s>                ( - 7.135e+02 2 0 QUESTION0_0_R 1 3.655e+01 4.383e+01)
s>                ( - 1.485e+02 4 0 QUESTION0_0_R 1 3.071e+01 1.200e+01))
s>            ( QUESTION0_8_R 1 1.290e+03 1.129e+02 7.942e+01
s>                ( - 5.434e+02 1 0)
s>                ( QUESTION7 1 6.333e+02 8.300e+01 4.088e+01
s>                    ( - 2.520e+02 2 0 QUESTION0_11_R 1 2.375e+01 1.888e+01)
s>                    ( - 2.983e+02 5 0 QUESTION0_0_R 1 5.887e+01 2.200e+01)))))INFO: dtree.c(1315): Comp split 16
INFO: dtree.c(1439): stop. leaf nodes are specific
INFO: dtree.c(1478): Final simple tree
|( QUESTION0_0_R 1 5.399e+03 1.788e+02 2.743e+02
|    ( - 3.198e+02 3 0)
|    ( - 4.900e+03 2 0))
s>    ( QUESTION0_0_R 1 5.399e+03 1.788e+02 2.743e+02
s>        ( - 3.198e+02 3 0)
s>        ( - 4.900e+03 2 0))INFO: dtree.c(1315): Comp split 17
INFO: dtree.c(1439): stop. leaf nodes are specific
INFO: dtree.c(1478): Final simple tree
|( QUESTION0_0_R 1 7.166e+03 2.793e+02 3.628e+02
|    ( - 1.474e+03 1 0)
|    ( WDBNDRY_B 0 5.412e+03 1.437e+02 2.805e+02
|        ( - 4.854e+03 2 0)
|        ( - 4.151e+02 1 0)))
s>    ( QUESTION0_0_R 1 7.166e+03 2.793e+02 3.628e+02
s>        ( - 1.474e+03 1 0)
s>        ( WDBNDRY_B 0 5.412e+03 1.437e+02 2.805e+02
s>            ( - 4.854e+03 2 0)
s>            ( - 4.151e+02 1 0)))INFO: dtree.c(1315): Comp split 18
INFO: dtree.c(1439): stop. leaf nodes are specific
INFO: dtree.c(1478): Final simple tree
|( QUESTION0_8_R 1 2.793e+03 2.094e+02 1.480e+02
|    ( - 1.142e+03 2 0)
|    ( - 1.442e+03 1 0))
s>    ( QUESTION0_8_R 1 2.793e+03 2.094e+02 1.480e+02
s>        ( - 1.142e+03 2 0)
s>        ( - 1.442e+03 1 0))INFO: dtree.c(1439): stop. leaf nodes are specific
INFO: dtree.c(1478): Final simple tree
|( QUESTION0_0_R 1 1.055e+03 1.592e+02 7.019e+01
|    ( - 4.757e+02 1 0)
|    ( - 4.205e+02 1 0))
s>    ( QUESTION0_0_R 1 1.055e+03 1.592e+02 7.019e+01
s>        ( - 4.757e+02 1 0)
s>        ( - 4.205e+02 1 0))INFO: dtree.c(1315): Comp split 19
INFO: dtree.c(1439): stop. leaf nodes are specific
INFO: dtree.c(1478): Final simple tree
|( QUESTION0_8_R 1 2.144e+03 1.915e+02 1.165e+02
|    ( - 7.454e+02 1 0)
|    ( - 1.207e+03 1 0))
s>    ( QUESTION0_8_R 1 2.144e+03 1.915e+02 1.165e+02
s>        ( - 7.454e+02 1 0)
s>        ( - 1.207e+03 1 0))INFO: dtree.c(1439): stop. leaf nodes are specific
INFO: dtree.c(1478): Final simple tree
|( QUESTION0_13_R 1 1.599e+03 1.470e+02 8.669e+01
|    ( WDBNDRY_B 0 1.126e+03 1.067e+02 6.369e+01
|        ( - 9.457e+02 1 0)
|        ( - 7.405e+01 1 0))
|    ( WDBNDRY_B 0 3.256e+02 7.673e+01 2.300e+01
|        ( QUESTION2_9_L -1 1.249e+02 4.097e+01 1.100e+01
|            ( - 4.106e+01 1 0)
|            ( - 4.289e+01 1 0))
|        ( - 1.240e+02 1 0)))
s>    ( QUESTION0_13_R 1 1.599e+03 1.470e+02 8.669e+01
s>        ( WDBNDRY_B 0 1.126e+03 1.067e+02 6.369e+01
s>            ( - 9.457e+02 1 0)
s>            ( - 7.405e+01 1 0))
s>        ( WDBNDRY_B 0 3.256e+02 7.673e+01 2.300e+01
s>            ( QUESTION2_9_L -1 1.249e+02 4.097e+01 1.100e+01
s>                ( - 4.106e+01 1 0)
s>                ( - 4.289e+01 1 0))
s>            ( - 1.240e+02 1 0)))INFO: dtree.c(1315): Comp split 20
INFO: dtree.c(1439): stop. leaf nodes are specific
INFO: dtree.c(1478): Final simple tree
|( QUESTION2_12_L -1 1.110e+03 9.252e+01 6.731e+01
|    ( - 4.877e+01 1 0)
|    ( - 9.683e+02 1 0))
s>    ( QUESTION2_12_L -1 1.110e+03 9.252e+01 6.731e+01
s>        ( - 4.877e+01 1 0)
s>        ( - 9.683e+02 1 0))INFO: dtree.c(1315): Comp split 21
INFO: dtree.c(1439): stop. leaf nodes are specific
INFO: dtree.c(1478): Final simple tree
|( QUESTION7 1 8.136e+03 2.009e+02 4.215e+02
|    ( QUESTION0_10_R 1 6.099e+03 1.437e+02 3.179e+02
|        ( - 6.606e+02 1 0)
|        ( QUESTION0_18_R 1 5.295e+03 1.246e+02 2.795e+02
|            ( - 2.491e+02 1 0)
|            ( - 4.921e+03 1 0)))
|    ( QUESTION0_0_R 1 1.836e+03 1.581e+02 1.037e+02
|        ( - 1.206e+03 2 0)
|        ( QUESTION0_8_R 1 4.719e+02 7.162e+01 3.202e+01
|            ( - 1.702e+02 1 0)
|            ( QUESTION0_20_R 1 2.301e+02 4.235e+01 1.800e+01
|                ( - 1.253e+02 1 0)
|                ( - 6.248e+01 1 0)))))
s>    ( QUESTION7 1 8.136e+03 2.009e+02 4.215e+02
s>        ( QUESTION0_10_R 1 6.099e+03 1.437e+02 3.179e+02
s>            ( - 6.606e+02 1 0)
s>            ( QUESTION0_18_R 1 5.295e+03 1.246e+02 2.795e+02
s>                ( - 2.491e+02 1 0)
s>                ( - 4.921e+03 1 0)))
s>        ( QUESTION0_0_R 1 1.836e+03 1.581e+02 1.037e+02
s>            ( - 1.206e+03 2 0)
s>            ( QUESTION0_8_R 1 4.719e+02 7.162e+01 3.202e+01
s>                ( - 1.702e+02 1 0)
s>                ( QUESTION0_20_R 1 2.301e+02 4.235e+01 1.800e+01
s>                    ( - 1.253e+02 1 0)
s>                    ( - 6.248e+01 1 0)))))INFO: dtree.c(1478): Final simple tree
|( QUESTION0_14_R 1 4.158e+03 1.980e+02 2.241e+02
|    ( QUESTION6 1 1.558e+03 1.124e+02 8.851e+01
|        ( - 3.044e+02 1 0)
|        ( - 1.141e+03 1 0))
|    ( QUESTION0_0_R 1 2.402e+03 1.625e+02 1.356e+02
|        ( QUESTION0_1_R 1 8.633e+02 7.843e+01 5.538e+01
|            ( - 5.873e+02 1 0)
|            ( - 1.976e+02 1 0))
|        ( QUESTION1 1 1.376e+03 1.159e+02 8.026e+01
|            ( - 7.667e+02 2 0)
|            ( QUESTION0_13_R 1 4.936e+02 7.134e+01 3.285e+01
|                ( - 2.425e+02 1 0)
|                ( QUESTION0_8_R 1 1.798e+02 4.042e+01 1.500e+01
|                    ( - 1.085e+02 1 0)
|                    ( - 3.093e+01 1 0))))))
s>    ( QUESTION0_14_R 1 4.158e+03 1.980e+02 2.241e+02
s>        ( QUESTION6 1 1.558e+03 1.124e+02 8.851e+01
s>            ( - 3.044e+02 1 0)
s>            ( - 1.141e+03 1 0))
s>        ( QUESTION0_0_R 1 2.402e+03 1.625e+02 1.356e+02
s>            ( QUESTION0_1_R 1 8.633e+02 7.843e+01 5.538e+01
s>                ( - 5.873e+02 1 0)
s>                ( - 1.976e+02 1 0))
s>            ( QUESTION1 1 1.376e+03 1.159e+02 8.026e+01
s>                ( - 7.667e+02 2 0)
s>                ( QUESTION0_13_R 1 4.936e+02 7.134e+01 3.285e+01
s>                    ( - 2.425e+02 1 0)
s>                    ( QUESTION0_8_R 1 1.798e+02 4.042e+01 1.500e+01
s>                        ( - 1.085e+02 1 0)
s>                        ( - 3.093e+01 1 0))))))INFO: dtree.c(1315): Comp split 22
INFO: dtree.c(1439): stop. leaf nodes are specific
INFO: dtree.c(1478): Final simple tree
|( WDBNDRY_B 0 5.412e+03 1.437e+02 2.805e+02
|    ( - 4.854e+03 2 0)
|    ( - 4.151e+02 1 0))
s>    ( WDBNDRY_B 0 5.412e+03 1.437e+02 2.805e+02
s>        ( - 4.854e+03 2 0)
s>        ( - 4.151e+02 1 0))INFO: dtree.c(1315): Comp split 23
INFO: dtree.c(1439): stop. leaf nodes are specific
INFO: dtree.c(1478): Final simple tree
|( WDBNDRY_E 0 1.426e+03 7.341e+01 8.555e+01
|    ( - 1.311e+03 1 0)
|    ( - 4.151e+01 1 0))
s>    ( WDBNDRY_E 0 1.426e+03 7.341e+01 8.555e+01
s>        ( - 1.311e+03 1 0)
s>        ( - 4.151e+01 1 0))INFO: dtree.c(1315): Comp split 24
INFO: dtree.c(1439): stop. leaf nodes are specific
INFO: dtree.c(1478): Final simple tree
|( QUESTION0_8_R 1 4.661e+03 1.597e+02 2.600e+02
|    ( - 2.857e+03 1 0)
|    ( - 1.645e+03 1 0))
s>    ( QUESTION0_8_R 1 4.661e+03 1.597e+02 2.600e+02
s>        ( - 2.857e+03 1 0)
s>        ( - 1.645e+03 1 0))INFO: dtree.c(1315): Comp split 25
INFO: dtree.c(1439): stop. leaf nodes are specific
INFO: dtree.c(1478): Final simple tree
|( QUESTION5 1 1.644e+03 1.309e+02 1.013e+02
|    ( QUESTION0_0_R 1 3.895e+02 7.103e+01 3.100e+01
|        ( - 1.541e+02 1 0)
|        ( QUESTION0_10_R 1 1.644e+02 3.257e+01 1.600e+01
|            ( - 5.893e+01 1 0)
|            ( - 7.289e+01 1 0)))
|    ( QUESTION0_2_R 1 1.124e+03 1.153e+02 7.033e+01
|        ( - 3.854e+02 2 0)
|        ( QUESTION2 1 6.232e+02 7.356e+01 4.200e+01
|            ( - 1.828e+02 3 0)
|            ( QUESTION0_0_R 1 3.669e+02 5.012e+01 2.700e+01
|                ( - 1.535e+02 1 0)
|                ( - 1.633e+02 1 0)))))
s>    ( QUESTION5 1 1.644e+03 1.309e+02 1.013e+02
s>        ( QUESTION0_0_R 1 3.895e+02 7.103e+01 3.100e+01
s>            ( - 1.541e+02 1 0)
s>            ( QUESTION0_10_R 1 1.644e+02 3.257e+01 1.600e+01
s>                ( - 5.893e+01 1 0)
s>                ( - 7.289e+01 1 0)))
s>        ( QUESTION0_2_R 1 1.124e+03 1.153e+02 7.033e+01
s>            ( - 3.854e+02 2 0)
s>            ( QUESTION2 1 6.232e+02 7.356e+01 4.200e+01
s>                ( - 1.828e+02 3 0)
s>                ( QUESTION0_0_R 1 3.669e+02 5.012e+01 2.700e+01
s>                    ( - 1.535e+02 1 0)
s>                    ( - 1.633e+02 1 0)))))INFO: dtree.c(1439): stop. leaf nodes are specific
INFO: dtree.c(1478): Final simple tree
|( WDBNDRY_B 0 1.603e+03 1.420e+02 9.062e+01
|    ( - 1.251e+03 2 0)
|    ( QUESTION0_18_R 1 2.096e+02 4.556e+01 1.699e+01
|        ( - 1.195e+02 1 0)
|        ( - 4.454e+01 1 0)))
s>    ( WDBNDRY_B 0 1.603e+03 1.420e+02 9.062e+01
s>        ( - 1.251e+03 2 0)
s>        ( QUESTION0_18_R 1 2.096e+02 4.556e+01 1.699e+01
s>            ( - 1.195e+02 1 0)
s>            ( - 4.454e+01 1 0)))INFO: dtree.c(1315): Comp split 26
INFO: dtree.c(1315): Comp split 27
INFO: dtree.c(1439): stop. leaf nodes are specific
INFO: dtree.c(1478): Final simple tree
|( QUESTION0_16_R 1 5.067e+03 8.329e+01 2.665e+02
|    ( - 4.921e+03 1 0)
|    ( - 6.248e+01 1 0))
s>    ( QUESTION0_16_R 1 5.067e+03 8.329e+01 2.665e+02
s>        ( - 4.921e+03 1 0)
s>        ( - 6.248e+01 1 0))INFO: dtree.c(1439): stop. leaf nodes are specific
INFO: dtree.c(1478): Final simple tree
|( QUESTION6 1 2.855e+03 1.506e+02 1.551e+02
|    ( QUESTION0_10_R 1 1.016e+03 1.058e+02 5.840e+01
|        ( - 6.606e+02 1 0)
|        ( - 2.491e+02 1 0))
|    ( QUESTION0_0_R 1 1.689e+03 1.330e+02 9.669e+01
|        ( - 1.206e+03 2 0)
|        ( QUESTION0_8_R 1 3.493e+02 5.384e+01 2.502e+01
|            ( - 1.702e+02 1 0)
|            ( - 1.253e+02 1 0))))
s>    ( QUESTION6 1 2.855e+03 1.506e+02 1.551e+02
s>        ( QUESTION0_10_R 1 1.016e+03 1.058e+02 5.840e+01
s>            ( - 6.606e+02 1 0)
s>            ( - 2.491e+02 1 0))
s>        ( QUESTION0_0_R 1 1.689e+03 1.330e+02 9.669e+01
s>            ( - 1.206e+03 2 0)
s>            ( QUESTION0_8_R 1 3.493e+02 5.384e+01 2.502e+01
s>                ( - 1.702e+02 1 0)
s>                ( - 1.253e+02 1 0))))INFO: dtree.c(1315): Comp split 28
INFO: dtree.c(1439): stop. leaf nodes are specific
INFO: dtree.c(1478): Final simple tree
|( QUESTION17 1 2.030e+03 1.486e+02 1.145e+02
|    ( - 1.141e+03 1 0)
|    ( QUESTION0_0_R 1 7.399e+02 7.420e+01 4.903e+01
|        ( - 1.976e+02 1 0)
|        ( QUESTION0_8_R 1 4.681e+02 5.525e+01 3.303e+01
|            ( - 1.085e+02 1 0)
|            ( - 3.044e+02 1 0))))
s>    ( QUESTION17 1 2.030e+03 1.486e+02 1.145e+02
s>        ( - 1.141e+03 1 0)
s>        ( QUESTION0_0_R 1 7.399e+02 7.420e+01 4.903e+01
s>            ( - 1.976e+02 1 0)
s>            ( QUESTION0_8_R 1 4.681e+02 5.525e+01 3.303e+01
s>                ( - 1.085e+02 1 0)
s>                ( - 3.044e+02 1 0))))INFO: dtree.c(1439): stop. leaf nodes are specific
INFO: dtree.c(1478): Final simple tree
|( QUESTION0_8_R 1 1.914e+03 1.396e+02 1.096e+02
|    ( - 7.667e+02 2 0)
|    ( QUESTION0_0_R 1 1.008e+03 1.063e+02 6.223e+01
|        ( - 5.873e+02 1 0)
|        ( QUESTION0_10_R 1 3.143e+02 4.093e+01 2.285e+01
|            ( - 3.093e+01 1 0)
|            ( - 2.425e+02 1 0))))
s>    ( QUESTION0_8_R 1 1.914e+03 1.396e+02 1.096e+02
s>        ( - 7.667e+02 2 0)
s>        ( QUESTION0_0_R 1 1.008e+03 1.063e+02 6.223e+01
s>            ( - 5.873e+02 1 0)
s>            ( QUESTION0_10_R 1 3.143e+02 4.093e+01 2.285e+01
s>                ( - 3.093e+01 1 0)
s>                ( - 2.425e+02 1 0))))INFO: dtree.c(1315): Comp split 29
INFO: dtree.c(1439): stop. leaf nodes are specific
INFO: dtree.c(1478): Final simple tree
|( QUESTION11 -1 5.663e+02 9.466e+01 3.498e+01
|    ( QUESTION0_8_R 1 2.634e+02 3.798e+01 1.898e+01
|        ( - 1.044e+01 1 0)
|        ( - 2.149e+02 1 0))
|    ( QUESTION0_8_R 1 2.083e+02 5.338e+01 1.600e+01
|        ( - 6.300e+01 1 0)
|        ( - 9.190e+01 1 0)))
s>    ( QUESTION11 -1 5.663e+02 9.466e+01 3.498e+01
s>        ( QUESTION0_8_R 1 2.634e+02 3.798e+01 1.898e+01
s>            ( - 1.044e+01 1 0)
s>            ( - 2.149e+02 1 0))
s>        ( QUESTION0_8_R 1 2.083e+02 5.338e+01 1.600e+01
s>            ( - 6.300e+01 1 0)
s>            ( - 9.190e+01 1 0)))INFO: dtree.c(1439): stop. leaf nodes are specific
INFO: dtree.c(1478): Final simple tree
|( QUESTION0_9_R 1 1.351e+03 1.376e+02 7.238e+01
|    ( - 5.598e+02 1 0)
|    ( QUESTION0_0_R 1 6.540e+02 7.426e+01 3.748e+01
|        ( - 1.332e+02 1 0)
|        ( - 4.465e+02 1 0)))
s>    ( QUESTION0_9_R 1 1.351e+03 1.376e+02 7.238e+01
s>        ( - 5.598e+02 1 0)
s>        ( QUESTION0_0_R 1 6.540e+02 7.426e+01 3.748e+01
s>            ( - 1.332e+02 1 0)
s>            ( - 4.465e+02 1 0)))INFO: dtree.c(1315): Comp split 30
INFO: dtree.c(1315): Comp split 31
INFO: dtree.c(1439): stop. leaf nodes are specific
INFO: dtree.c(1478): Final simple tree
|( WDBNDRY_E 0 9.572e+02 1.264e+02 5.699e+01
|    ( QUESTION0_12_R 1 6.257e+02 8.598e+01 3.999e+01
|        ( - 3.094e+02 1 0)
|        ( - 2.303e+02 1 0))
|    ( - 2.051e+02 1 0))
s>    ( WDBNDRY_E 0 9.572e+02 1.264e+02 5.699e+01
s>        ( QUESTION0_12_R 1 6.257e+02 8.598e+01 3.999e+01
s>            ( - 3.094e+02 1 0)
s>            ( - 2.303e+02 1 0))
s>        ( - 2.051e+02 1 0))INFO: dtree.c(1315): Comp split 32
INFO: dtree.c(1315): Comp split 33
INFO: dtree.c(1478): Final simple tree
|( QUESTION0_9_R 1 1.707e+03 1.404e+02 9.547e+01
|    ( QUESTION13 1 6.256e+02 9.628e+01 3.964e+01
|        ( - 2.425e+02 1 0)
|        ( QUESTION0_16_R 1 2.868e+02 4.509e+01 2.091e+01
|            ( QUESTION7 1 7.456e+01 2.257e+01 7.000e+00
|                ( - 8.430e+00 2 0 QUESTION0_18_R 1 8.144e+00 2.000e+00)
|                ( - 4.355e+01 1 0))
|            ( - 1.672e+02 1 0)))
|    ( QUESTION1 1 9.407e+02 7.877e+01 5.583e+01
|        ( QUESTION0_0_R 1 7.135e+02 3.655e+01 4.383e+01
|            ( - 4.000e+00 1 0)
|            ( - 6.729e+02 1 0))
|        ( QUESTION0_0_R 1 1.485e+02 3.071e+01 1.200e+01
|            ( - 8.663e+01 2 0)
|            ( - 3.115e+01 2 0))))
s>    ( QUESTION0_9_R 1 1.707e+03 1.404e+02 9.547e+01
s>        ( QUESTION13 1 6.256e+02 9.628e+01 3.964e+01
s>            ( - 2.425e+02 1 0)
s>            ( QUESTION0_16_R 1 2.868e+02 4.509e+01 2.091e+01
s>                ( QUESTION7 1 7.456e+01 2.257e+01 7.000e+00
s>                    ( - 8.430e+00 2 0 QUESTION0_18_R 1 8.144e+00 2.000e+00)
s>                    ( - 4.355e+01 1 0))
s>                ( - 1.672e+02 1 0)))
s>        ( QUESTION1 1 9.407e+02 7.877e+01 5.583e+01
s>            ( QUESTION0_0_R 1 7.135e+02 3.655e+01 4.383e+01
s>                ( - 4.000e+00 1 0)
s>                ( - 6.729e+02 1 0))
s>            ( QUESTION0_0_R 1 1.485e+02 3.071e+01 1.200e+01
s>                ( - 8.663e+01 2 0)
s>                ( - 3.115e+01 2 0))))INFO: dtree.c(1478): Final simple tree
|( QUESTION0_13_R 1 1.889e+03 1.390e+02 1.104e+02
|    ( QUESTION0_14_R 1 6.251e+02 6.647e+01 3.999e+01
|        ( QUESTION6 1 9.417e+01 1.588e+01 9.003e+00
|            ( - 2.192e+00 1 0)
|            ( - 7.610e+01 1 0))
|        ( - 4.644e+02 1 0))
|    ( QUESTION0_8_R 1 1.125e+03 1.134e+02 7.042e+01
|        ( - 5.434e+02 1 0)
|        ( QUESTION7 1 4.681e+02 6.662e+01 3.187e+01
|            ( QUESTION0_11_R 1 2.520e+02 2.375e+01 1.888e+01
|                ( - 4.220e+00 1 0)
|                ( - 2.240e+02 1 0))
|            ( QUESTION0_1_R 1 1.495e+02 3.066e+01 1.299e+01
|                ( - 1.007e+02 1 0)
|                ( - 1.817e+01 2 0 QUESTION0_0_R 1 1.176e+01 3.000e+00)))))
s>    ( QUESTION0_13_R 1 1.889e+03 1.390e+02 1.104e+02
s>        ( QUESTION0_14_R 1 6.251e+02 6.647e+01 3.999e+01
s>            ( QUESTION6 1 9.417e+01 1.588e+01 9.003e+00
s>                ( - 2.192e+00 1 0)
s>                ( - 7.610e+01 1 0))
s>            ( - 4.644e+02 1 0))
s>        ( QUESTION0_8_R 1 1.125e+03 1.134e+02 7.042e+01
s>            ( - 5.434e+02 1 0)
s>            ( QUESTION7 1 4.681e+02 6.662e+01 3.187e+01
s>                ( QUESTION0_11_R 1 2.520e+02 2.375e+01 1.888e+01
s>                    ( - 4.220e+00 1 0)
s>                    ( - 2.240e+02 1 0))
s>                ( QUESTION0_1_R 1 1.495e+02 3.066e+01 1.299e+01
s>                    ( - 1.007e+02 1 0)
s>                    ( - 1.817e+01 2 0 QUESTION0_0_R 1 1.176e+01 3.000e+00)))))INFO: dtree.c(1315): Comp split 34
INFO: dtree.c(1315): Comp split 35
INFO: dtree.c(1439): stop. leaf nodes are specific
INFO: dtree.c(1478): Final simple tree
|( QUESTION0_8_R 1 1.169e+03 1.254e+02 6.669e+01
|    ( - 5.804e+02 1 0)
|    ( - 4.629e+02 1 0))
s>    ( QUESTION0_8_R 1 1.169e+03 1.254e+02 6.669e+01
s>        ( - 5.804e+02 1 0)
s>        ( - 4.629e+02 1 0))INFO: dtree.c(1315): Comp split 36
INFO: dtree.c(1439): stop. leaf nodes are specific
INFO: dtree.c(1478): Final simple tree
|( WDBNDRY_B 0 2.688e+02 6.982e+01 1.900e+01
|    ( QUESTION2_9_L -1 1.249e+02 4.097e+01 1.100e+01
|        ( - 4.106e+01 1 0)
|        ( - 4.289e+01 1 0))
|    ( - 7.405e+01 1 0))
s>    ( WDBNDRY_B 0 2.688e+02 6.982e+01 1.900e+01
s>        ( QUESTION2_9_L -1 1.249e+02 4.097e+01 1.100e+01
s>            ( - 4.106e+01 1 0)
s>            ( - 4.289e+01 1 0))
s>        ( - 7.405e+01 1 0))INFO: dtree.c(1439): stop. leaf nodes are specific
INFO: dtree.c(1478): Final simple tree
|( WDBNDRY_B 0 1.158e+03 8.812e+01 6.769e+01
|    ( - 9.457e+02 1 0)
|    ( - 1.240e+02 1 0))
s>    ( WDBNDRY_B 0 1.158e+03 8.812e+01 6.769e+01
s>        ( - 9.457e+02 1 0)
s>        ( - 1.240e+02 1 0))INFO: dtree.c(1315): Comp split 37
INFO: dtree.c(1439): stop. leaf nodes are specific
INFO: dtree.c(1478): Final simple tree
|( QUESTION0_10_R 1 1.132e+03 1.218e+02 6.334e+01
|    ( - 6.606e+02 1 0)
|    ( QUESTION0_8_R 1 3.493e+02 5.384e+01 2.502e+01
|        ( - 1.702e+02 1 0)
|        ( - 1.253e+02 1 0)))
s>    ( QUESTION0_10_R 1 1.132e+03 1.218e+02 6.334e+01
s>        ( - 6.606e+02 1 0)
s>        ( QUESTION0_8_R 1 3.493e+02 5.384e+01 2.502e+01
s>            ( - 1.702e+02 1 0)
s>            ( - 1.253e+02 1 0)))INFO: dtree.c(1439): stop. leaf nodes are specific
INFO: dtree.c(1478): Final simple tree
|( QUESTION0_0_R 1 1.555e+03 9.907e+01 9.175e+01
|    ( - 1.206e+03 2 0)
|    ( - 2.491e+02 1 0))
s>    ( QUESTION0_0_R 1 1.555e+03 9.907e+01 9.175e+01
s>        ( - 1.206e+03 2 0)
s>        ( - 2.491e+02 1 0))INFO: dtree.c(1315): Comp split 38
INFO: dtree.c(1315): Comp split 39
INFO: dtree.c(1315): Comp split 40
INFO: dtree.c(1439): stop. leaf nodes are specific
INFO: dtree.c(1478): Final simple tree
|( QUESTION0_0_R 1 7.399e+02 7.420e+01 4.903e+01
|    ( - 1.976e+02 1 0)
|    ( QUESTION0_8_R 1 4.681e+02 5.525e+01 3.303e+01
|        ( - 1.085e+02 1 0)
|        ( - 3.044e+02 1 0)))
s>    ( QUESTION0_0_R 1 7.399e+02 7.420e+01 4.903e+01
s>        ( - 1.976e+02 1 0)
s>        ( QUESTION0_8_R 1 4.681e+02 5.525e+01 3.303e+01
s>            ( - 1.085e+02 1 0)
s>            ( - 3.044e+02 1 0)))INFO: dtree.c(1315): Comp split 41
INFO: dtree.c(1439): stop. leaf nodes are specific
INFO: dtree.c(1478): Final simple tree
|( QUESTION7 1 4.681e+02 6.662e+01 3.187e+01
|    ( QUESTION0_11_R 1 2.520e+02 2.375e+01 1.888e+01
|        ( - 4.220e+00 1 0)
|        ( - 2.240e+02 1 0))
|    ( QUESTION0_1_R 1 1.495e+02 3.066e+01 1.299e+01
|        ( - 1.007e+02 1 0)
|        ( QUESTION0_0_R 1 1.817e+01 1.176e+01 3.000e+00
|            ( - 6.793e-01 1 0)
|            ( - 5.735e+00 1 0))))
s>    ( QUESTION7 1 4.681e+02 6.662e+01 3.187e+01
s>        ( QUESTION0_11_R 1 2.520e+02 2.375e+01 1.888e+01
s>            ( - 4.220e+00 1 0)
s>            ( - 2.240e+02 1 0))
s>        ( QUESTION0_1_R 1 1.495e+02 3.066e+01 1.299e+01
s>            ( - 1.007e+02 1 0)
s>            ( QUESTION0_0_R 1 1.817e+01 1.176e+01 3.000e+00
s>                ( - 6.793e-01 1 0)
s>                ( - 5.735e+00 1 0))))INFO: dtree.c(1439): stop. leaf nodes are specific
INFO: dtree.c(1478): Final simple tree
|( QUESTION0_15_R 1 1.274e+03 1.099e+02 7.854e+01
|    ( - 4.644e+02 1 0)
|    ( QUESTION0_8_R 1 6.994e+02 6.179e+01 4.755e+01
|        ( - 5.434e+02 1 0)
|        ( QUESTION6 1 9.417e+01 1.588e+01 9.003e+00
|            ( - 2.192e+00 1 0)
|            ( - 7.610e+01 1 0))))
s>    ( QUESTION0_15_R 1 1.274e+03 1.099e+02 7.854e+01
s>        ( - 4.644e+02 1 0)
s>        ( QUESTION0_8_R 1 6.994e+02 6.179e+01 4.755e+01
s>            ( - 5.434e+02 1 0)
s>            ( QUESTION6 1 9.417e+01 1.588e+01 9.003e+00
s>                ( - 2.192e+00 1 0)
s>                ( - 7.610e+01 1 0))))INFO: dtree.c(1315): Comp split 42
INFO: dtree.c(1439): stop. leaf nodes are specific
INFO: dtree.c(1478): Final simple tree
|( QUESTION13 1 6.621e+02 9.947e+01 4.164e+01
|    ( - 2.425e+02 1 0)
|    ( QUESTION0_19_R 1 3.201e+02 5.382e+01 2.291e+01
|        ( - 1.672e+02 1 0)
|        ( QUESTION10 1 9.914e+01 2.699e+01 9.000e+00
|            ( - 4.355e+01 1 0)
|            ( QUESTION0_0_R 1 2.859e+01 1.616e+01 4.000e+00
|                ( - 4.000e+00 1 0)
|                ( QUESTION0_18_R 1 8.430e+00 8.144e+00 2.000e+00
|                    ( - 2.857e-01 1 0)
|                    ( - 0.000e+00 1 0))))))
s>    ( QUESTION13 1 6.621e+02 9.947e+01 4.164e+01
s>        ( - 2.425e+02 1 0)
s>        ( QUESTION0_19_R 1 3.201e+02 5.382e+01 2.291e+01
s>            ( - 1.672e+02 1 0)
s>            ( QUESTION10 1 9.914e+01 2.699e+01 9.000e+00
s>                ( - 4.355e+01 1 0)
s>                ( QUESTION0_0_R 1 2.859e+01 1.616e+01 4.000e+00
s>                    ( - 4.000e+00 1 0)
s>                    ( QUESTION0_18_R 1 8.430e+00 8.144e+00 2.000e+00
s>                        ( - 2.857e-01 1 0)
s>                        ( - 0.000e+00 1 0))))))INFO: dtree.c(1439): stop. leaf nodes are specific
INFO: dtree.c(1478): Final simple tree
|( QUESTION1 1 8.997e+02 7.830e+01 5.383e+01
|    ( - 6.729e+02 1 0)
|    ( QUESTION0_0_R 1 1.485e+02 3.071e+01 1.200e+01
|        ( - 8.663e+01 2 0)
|        ( - 3.115e+01 2 0)))
s>    ( QUESTION1 1 8.997e+02 7.830e+01 5.383e+01
s>        ( - 6.729e+02 1 0)
s>        ( QUESTION0_0_R 1 1.485e+02 3.071e+01 1.200e+01
s>            ( - 8.663e+01 2 0)
s>            ( - 3.115e+01 2 0)))INFO: dtree.c(1315): Comp split 43
INFO: dtree.c(1439): stop. leaf nodes are specific
INFO: dtree.c(1478): Final simple tree
|( QUESTION0_0_R 1 9.269e+02 9.717e+01 5.723e+01
|    ( - 5.873e+02 1 0)
|    ( - 2.425e+02 1 0))
s>    ( QUESTION0_0_R 1 9.269e+02 9.717e+01 5.723e+01
s>        ( - 5.873e+02 1 0)
s>        ( - 2.425e+02 1 0))INFO: dtree.c(1439): stop. leaf nodes are specific
INFO: dtree.c(1478): Final simple tree
|( QUESTION0_8_R 1 8.427e+02 4.507e+01 5.240e+01
|    ( - 7.667e+02 2 0)
|    ( - 3.093e+01 1 0))
s>    ( QUESTION0_8_R 1 8.427e+02 4.507e+01 5.240e+01
s>        ( - 7.667e+02 2 0)
s>        ( - 3.093e+01 1 0))INFO: dtree.c(1315): Comp split 44
INFO: dtree.c(1315): Comp split 45
INFO: dtree.c(1439): stop. leaf nodes are specific
INFO: dtree.c(1478): Final simple tree
|( QUESTION0_18_R 1 2.096e+02 4.556e+01 1.699e+01
|    ( - 1.195e+02 1 0)
|    ( - 4.454e+01 1 0))
s>    ( QUESTION0_18_R 1 2.096e+02 4.556e+01 1.699e+01
s>        ( - 1.195e+02 1 0)
s>        ( - 4.454e+01 1 0))INFO: dtree.c(1315): Comp split 46
INFO: dtree.c(1439): stop. leaf nodes are specific
INFO: dtree.c(1478): Final simple tree
|( QUESTION2 1 6.232e+02 7.356e+01 4.200e+01
|    ( - 1.828e+02 3 0)
|    ( QUESTION0_0_R 1 3.669e+02 5.012e+01 2.700e+01
|        ( - 1.535e+02 1 0)
|        ( - 1.633e+02 1 0)))
s>    ( QUESTION2 1 6.232e+02 7.356e+01 4.200e+01
s>        ( - 1.828e+02 3 0)
s>        ( QUESTION0_0_R 1 3.669e+02 5.012e+01 2.700e+01
s>            ( - 1.535e+02 1 0)
s>            ( - 1.633e+02 1 0)))INFO: dtree.c(1439): stop. leaf nodes are specific
INFO: dtree.c(1478): Final simple tree
|( QUESTION0_3_R 1 8.794e+02 1.045e+02 5.932e+01
|    ( - 3.854e+02 2 0)
|    ( QUESTION0_0_R 1 3.895e+02 7.103e+01 3.100e+01
|        ( - 1.541e+02 1 0)
|        ( QUESTION0_10_R 1 1.644e+02 3.257e+01 1.600e+01
|            ( - 5.893e+01 1 0)
|            ( - 7.289e+01 1 0))))
s>    ( QUESTION0_3_R 1 8.794e+02 1.045e+02 5.932e+01
s>        ( - 3.854e+02 2 0)
s>        ( QUESTION0_0_R 1 3.895e+02 7.103e+01 3.100e+01
s>            ( - 1.541e+02 1 0)
s>            ( QUESTION0_10_R 1 1.644e+02 3.257e+01 1.600e+01
s>                ( - 5.893e+01 1 0)
s>                ( - 7.289e+01 1 0))))INFO: dtree.c(1315): Comp split 47
INFO: dtree.c(1439): stop. leaf nodes are specific
INFO: dtree.c(1478): Final simple tree
|( QUESTION0_0_R 1 6.540e+02 7.426e+01 3.748e+01
|    ( - 1.332e+02 1 0)
|    ( - 4.465e+02 1 0))
s>    ( QUESTION0_0_R 1 6.540e+02 7.426e+01 3.748e+01
s>        ( - 1.332e+02 1 0)
s>        ( - 4.465e+02 1 0))INFO: dtree.c(1315): Comp split 48
INFO: dtree.c(1439): stop. leaf nodes are specific
INFO: dtree.c(1478): Final simple tree
|( QUESTION0_12_R 1 6.257e+02 8.598e+01 3.999e+01
|    ( - 3.094e+02 1 0)
|    ( - 2.303e+02 1 0))
s>    ( QUESTION0_12_R 1 6.257e+02 8.598e+01 3.999e+01
s>        ( - 3.094e+02 1 0)
s>        ( - 2.303e+02 1 0))INFO: dtree.c(1315): Comp split 49
INFO: dtree.c(1315): Comp split 50
INFO: dtree.c(1439): stop. leaf nodes are specific
INFO: dtree.c(1478): Final simple tree
|( QUESTION0_8_R 1 3.493e+02 5.384e+01 2.502e+01
|    ( - 1.702e+02 1 0)
|    ( - 1.253e+02 1 0))
s>    ( QUESTION0_8_R 1 3.493e+02 5.384e+01 2.502e+01
s>        ( - 1.702e+02 1 0)
s>        ( - 1.253e+02 1 0))INFO: dtree.c(1315): Comp split 51
INFO: dtree.c(1439): stop. leaf nodes are specific
INFO: dtree.c(1478): Final simple tree
|( QUESTION0_8_R 1 6.994e+02 6.179e+01 4.755e+01
|    ( - 5.434e+02 1 0)
|    ( QUESTION6 1 9.417e+01 1.588e+01 9.003e+00
|        ( - 2.192e+00 1 0)
|        ( - 7.610e+01 1 0)))
s>    ( QUESTION0_8_R 1 6.994e+02 6.179e+01 4.755e+01
s>        ( - 5.434e+02 1 0)
s>        ( QUESTION6 1 9.417e+01 1.588e+01 9.003e+00
s>            ( - 2.192e+00 1 0)
s>            ( - 7.610e+01 1 0)))INFO: dtree.c(1315): Comp split 52
INFO: dtree.c(1439): stop. leaf nodes are specific
INFO: dtree.c(1478): Final simple tree
|( QUESTION0_0_R 1 3.895e+02 7.103e+01 3.100e+01
|    ( - 1.541e+02 1 0)
|    ( QUESTION0_10_R 1 1.644e+02 3.257e+01 1.600e+01
|        ( - 5.893e+01 1 0)
|        ( - 7.289e+01 1 0)))
s>    ( QUESTION0_0_R 1 3.895e+02 7.103e+01 3.100e+01
s>        ( - 1.541e+02 1 0)
s>        ( QUESTION0_10_R 1 1.644e+02 3.257e+01 1.600e+01
s>            ( - 5.893e+01 1 0)
s>            ( - 7.289e+01 1 0)))INFO: dtree.c(1315): Comp split 53
INFO: dtree.c(1439): stop. leaf nodes are specific
INFO: dtree.c(1478): Final simple tree
|( QUESTION0_16_R 1 2.594e+02 1.661e+01 1.972e+01
|    ( - 2.857e-01 1 0)
|    ( - 2.425e+02 1 0))
s>    ( QUESTION0_16_R 1 2.594e+02 1.661e+01 1.972e+01
s>        ( - 2.857e-01 1 0)
s>        ( - 2.425e+02 1 0))INFO: dtree.c(1439): stop. leaf nodes are specific
INFO: dtree.c(1478): Final simple tree
|( QUESTION0_19_R 1 3.015e+02 5.453e+01 2.191e+01
|    ( - 1.672e+02 1 0)
|    ( QUESTION0_18_R 1 7.980e+01 2.123e+01 8.000e+00
|        ( - 4.355e+01 1 0)
|        ( QUESTION0_0_R 1 1.502e+01 1.102e+01 3.000e+00
|            ( - 4.000e+00 1 0)
|            ( - 0.000e+00 1 0))))
s>    ( QUESTION0_19_R 1 3.015e+02 5.453e+01 2.191e+01
s>        ( - 1.672e+02 1 0)
s>        ( QUESTION0_18_R 1 7.980e+01 2.123e+01 8.000e+00
s>            ( - 4.355e+01 1 0)
s>            ( QUESTION0_0_R 1 1.502e+01 1.102e+01 3.000e+00
s>                ( - 4.000e+00 1 0)
s>                ( - 0.000e+00 1 0))))INFO: dtree.c(1315): Comp split 54
INFO: dtree.c(1315): Comp split 55
INFO: dtree.c(1315): Comp split 56
INFO: dtree.c(1439): stop. leaf nodes are specific
INFO: dtree.c(1478): Final simple tree
|( QUESTION0_8_R 1 2.083e+02 5.338e+01 1.600e+01
|    ( - 6.300e+01 1 0)
|    ( - 9.190e+01 1 0))
s>    ( QUESTION0_8_R 1 2.083e+02 5.338e+01 1.600e+01
s>        ( - 6.300e+01 1 0)
s>        ( - 9.190e+01 1 0))INFO: dtree.c(1439): stop. leaf nodes are specific
INFO: dtree.c(1478): Final simple tree
|( QUESTION0_8_R 1 2.634e+02 3.798e+01 1.898e+01
|    ( - 1.044e+01 1 0)
|    ( - 2.149e+02 1 0))
s>    ( QUESTION0_8_R 1 2.634e+02 3.798e+01 1.898e+01
s>        ( - 1.044e+01 1 0)
s>        ( - 2.149e+02 1 0))INFO: dtree.c(1315): Comp split 57
INFO: dtree.c(1315): Comp split 58
INFO: dtree.c(1315): Comp split 59
INFO: dtree.c(1315): Comp split 60
INFO: dtree.c(1315): Comp split 61
INFO: dtree.c(1439): stop. leaf nodes are specific
INFO: dtree.c(1478): Final simple tree
|( WDBNDRY_B 0 4.975e+01 1.889e+01 6.000e+00
|    ( - 2.324e+01 1 0)
|    ( - 7.619e+00 1 0))
s>    ( WDBNDRY_B 0 4.975e+01 1.889e+01 6.000e+00
s>        ( - 2.324e+01 1 0)
s>        ( - 7.619e+00 1 0))INFO: dtree.c(1315): Comp split 62
INFO: dtree.c(1439): stop. leaf nodes are specific
INFO: dtree.c(1478): Final simple tree
|( QUESTION0_0_R 1 1.485e+02 3.071e+01 1.200e+01
|    ( - 8.663e+01 2 0)
|    ( - 3.115e+01 2 0))
s>    ( QUESTION0_0_R 1 1.485e+02 3.071e+01 1.200e+01
s>        ( - 8.663e+01 2 0)
s>        ( - 3.115e+01 2 0))INFO: dtree.c(1315): Comp split 63
INFO: dtree.c(1315): Comp split 64
INFO: dtree.c(1439): stop. leaf nodes are specific
INFO: dtree.c(1478): Final simple tree
|( QUESTION0_8_R 1 4.681e+02 5.525e+01 3.303e+01
|    ( - 1.085e+02 1 0)
|    ( - 3.044e+02 1 0))
s>    ( QUESTION0_8_R 1 4.681e+02 5.525e+01 3.303e+01
s>        ( - 1.085e+02 1 0)
s>        ( - 3.044e+02 1 0))INFO: dtree.c(1315): Comp split 65
INFO: dtree.c(1439): stop. leaf nodes are specific
INFO: dtree.c(1478): Final simple tree
|( QUESTION0_0_R 1 3.669e+02 5.012e+01 2.700e+01
|    ( - 1.535e+02 1 0)
|    ( - 1.633e+02 1 0))
s>    ( QUESTION0_0_R 1 3.669e+02 5.012e+01 2.700e+01
s>        ( - 1.535e+02 1 0)
s>        ( - 1.633e+02 1 0))INFO: dtree.c(1315): Comp split 66
INFO: dtree.c(1315): Comp split 67
INFO: dtree.c(1439): stop. leaf nodes are specific
INFO: dtree.c(1478): Final simple tree
|( QUESTION0_1_R 1 1.714e+02 3.396e+01 1.399e+01
|    ( - 1.007e+02 1 0)
|    ( QUESTION0_12_R 1 3.674e+01 1.704e+01 4.000e+00
|        ( - 5.735e+00 1 0)
|        ( QUESTION0_0_R 1 1.397e+01 9.073e+00 2.000e+00
|            ( - 6.793e-01 1 0)
|            ( - 4.220e+00 1 0))))
s>    ( QUESTION0_1_R 1 1.714e+02 3.396e+01 1.399e+01
s>        ( - 1.007e+02 1 0)
s>        ( QUESTION0_12_R 1 3.674e+01 1.704e+01 4.000e+00
s>            ( - 5.735e+00 1 0)
s>            ( QUESTION0_0_R 1 1.397e+01 9.073e+00 2.000e+00
s>                ( - 6.793e-01 1 0)
s>                ( - 4.220e+00 1 0))))INFO: dtree.c(1315): Comp split 68
INFO: dtree.c(1439): stop. leaf nodes are specific
INFO: dtree.c(1478): Final simple tree
|( QUESTION0_10_R 1 1.644e+02 3.257e+01 1.600e+01
|    ( - 5.893e+01 1 0)
|    ( - 7.289e+01 1 0))
s>    ( QUESTION0_10_R 1 1.644e+02 3.257e+01 1.600e+01
s>        ( - 5.893e+01 1 0)
s>        ( - 7.289e+01 1 0))INFO: dtree.c(1315): Comp split 69
INFO: dtree.c(1439): stop. leaf nodes are specific
INFO: dtree.c(1478): Final simple tree
|( QUESTION2_9_L -1 1.249e+02 4.097e+01 1.100e+01
|    ( - 4.106e+01 1 0)
|    ( - 4.289e+01 1 0))
s>    ( QUESTION2_9_L -1 1.249e+02 4.097e+01 1.100e+01
s>        ( - 4.106e+01 1 0)
s>        ( - 4.289e+01 1 0))INFO: dtree.c(1315): Comp split 70
INFO: dtree.c(1439): stop. leaf nodes are specific
INFO: dtree.c(1478): Final simple tree
|( QUESTION6 1 9.417e+01 1.588e+01 9.003e+00
|    ( - 2.192e+00 1 0)
|    ( - 7.610e+01 1 0))
s>    ( QUESTION6 1 9.417e+01 1.588e+01 9.003e+00
s>        ( - 2.192e+00 1 0)
s>        ( - 7.610e+01 1 0))INFO: dtree.c(1315): Comp split 71
INFO: dtree.c(1315): Comp split 72
INFO: dtree.c(1439): stop. leaf nodes are specific
INFO: dtree.c(1478): Final simple tree
|( QUESTION0_0_R 1 6.487e+01 1.732e+01 7.000e+00
|    ( - 4.000e+00 1 0)
|    ( - 4.355e+01 1 0))
s>    ( QUESTION0_0_R 1 6.487e+01 1.732e+01 7.000e+00
s>        ( - 4.000e+00 1 0)
s>        ( - 4.355e+01 1 0))INFO: dtree.c(1439): stop. leaf nodes are specific
INFO: dtree.c(1478): Final simple tree
|( QUESTION0_16_R 1 1.819e+02 1.478e+01 1.491e+01
|    ( - 0.000e+00 1 0)
|    ( - 1.672e+02 1 0))
s>    ( QUESTION0_16_R 1 1.819e+02 1.478e+01 1.491e+01
s>        ( - 0.000e+00 1 0)
s>        ( - 1.672e+02 1 0))INFO: dtree.c(1315): Comp split 73
INFO: dtree.c(1315): Comp split 74
INFO: dtree.c(1315): Comp split 75
INFO: dtree.c(1315): Comp split 76
INFO: dtree.c(1315): Comp split 77
INFO: dtree.c(1315): Comp split 78
INFO: dtree.c(1315): Comp split 79
INFO: dtree.c(1315): Comp split 80
INFO: dtree.c(1439): stop. leaf nodes are specific
INFO: dtree.c(1478): Final simple tree
|( QUESTION0_12_R 1 3.674e+01 1.704e+01 4.000e+00
|    ( - 5.735e+00 1 0)
|    ( QUESTION0_0_R 1 1.397e+01 9.073e+00 2.000e+00
|        ( - 6.793e-01 1 0)
|        ( - 4.220e+00 1 0)))
s>    ( QUESTION0_12_R 1 3.674e+01 1.704e+01 4.000e+00
s>        ( - 5.735e+00 1 0)
s>        ( QUESTION0_0_R 1 1.397e+01 9.073e+00 2.000e+00
s>            ( - 6.793e-01 1 0)
s>            ( - 4.220e+00 1 0)))INFO: dtree.c(1315): Comp split 81
INFO: dtree.c(1315): Comp split 82
INFO: dtree.c(1315): Comp split 83
INFO: dtree.c(1315): Comp split 84
INFO: dtree.c(1315): Comp split 85
INFO: dtree.c(1439): stop. leaf nodes are specific
INFO: dtree.c(1478): Final simple tree
|( QUESTION0_0_R 1 1.397e+01 9.073e+00 2.000e+00
|    ( - 6.793e-01 1 0)
|    ( - 4.220e+00 1 0))
s>    ( QUESTION0_0_R 1 1.397e+01 9.073e+00 2.000e+00
s>        ( - 6.793e-01 1 0)
s>        ( - 4.220e+00 1 0))INFO: dtree.c(1315): Comp split 86
INFO: dtree.c(1315): Comp split 87
INFO: dtree.c(1315): Comp split 88
INFO: dtree.c(1315): Comp split 89
INFO: dtree.c(1315): Comp split 90
INFO: dtree.c(1318): stop. leaf nodes are specific
Mon May 23 22:39:53 2022
