Current configuration:
[NAME]		[DEFLT]	[VALUE]
-allphones	no	no
-cntthresh	0.00001	1.000000e-05
-csplitmax	100	2000
-csplitmin	1	1
-csplitthr	8e-4	0.000000e+00
-example	no	no
-fullvar	no	no
-help		no	no
-meanfn			
-mixwfn			/home/rakha/Kuliah/Semester8/nlp/speech-sphinx/train-new-model/an4-master/model_parameters/an4.cd_ptm_untied/mixture_weights
-moddeffn		/home/rakha/Kuliah/Semester8/nlp/speech-sphinx/train-new-model/an4-master/model_architecture/an4.untied.mdef
-mwfloor	1e-4	1.000000e-08
-phone			F
-psetfn			/home/rakha/Kuliah/Semester8/nlp/speech-sphinx/train-new-model/an4-master/model_architecture/an4.tree_questions
-ssplitmax	5	7
-ssplitmin	1	1
-ssplitthr	8e-4	0.000000e+00
-state			1
-stwt			1.0,0.05,0.0,
-treefn			/home/rakha/Kuliah/Semester8/nlp/speech-sphinx/train-new-model/an4-master/trees/an4.unpruned/F-1.dtree
-ts2cbfn	.semi.	.semi.
-varfloor	0.00001	1.000000e-05
-varfn			

INFO: main.c(223): Reading: /home/rakha/Kuliah/Semester8/nlp/speech-sphinx/train-new-model/an4-master/model_architecture/an4.untied.mdef
INFO: model_def_io.c(573): Model definition info:
INFO: model_def_io.c(574): 1618 total models defined (34 base, 1584 tri)
INFO: model_def_io.c(575): 6472 total states
INFO: model_def_io.c(576): 4854 total tied states
INFO: model_def_io.c(577): 102 total tied CI states
INFO: model_def_io.c(578): 34 total tied transition matrices
INFO: model_def_io.c(579): 4 max state/model
INFO: model_def_io.c(580): 4 min state/model
INFO: main.c(242): Building trees for [F AE SIL e] through [F V IH b]
INFO: main.c(269): Covering states |[1536 1739]| == 204
INFO: main.c(275): Reading: /home/rakha/Kuliah/Semester8/nlp/speech-sphinx/train-new-model/an4-master/model_parameters/an4.cd_ptm_untied/mixture_weights
INFO: s3mixw_io.c(173): Read /home/rakha/Kuliah/Semester8/nlp/speech-sphinx/train-new-model/an4-master/model_parameters/an4.cd_ptm_untied/mixture_weights [204x4x64 array]
INFO: main.c(311): 68 of 68 models have observation count greater than 0.000010
INFO: main.c(95): nrm stwt: 0.045 0.909 0.045 
INFO: main.c(411): 68-class entropy: 3.719967e+04
INFO: main.c(549): Reading: /home/rakha/Kuliah/Semester8/nlp/speech-sphinx/train-new-model/an4-master/model_architecture/an4.tree_questions
INFO: main.c(588): 180 total simple questions (172 phone; 8 word bndry)
INFO: main.c(590): 42 Left Only questions, and 42 Right Only questions
INFO: dtree.c(1478): Final simple tree
|( QUESTION0_3_R 1 4.688e+04 7.011e+02 2.262e+03
|    ( QUESTION2_5_L -1 1.923e+04 4.939e+02 9.313e+02
|        ( - 7.346e+03 2 0 QUESTION4 -1 1.490e+02 3.810e+02)
|        ( QUESTION2_3_L -1 1.139e+04 3.625e+02 5.503e+02
|            ( - 5.100e+03 4 0 QUESTION1 -1 2.529e+02 2.559e+02)
|            ( - 5.931e+03 9 0 SILENCE -1 2.647e+02 2.944e+02)))
|    ( QUESTION17 -1 2.695e+04 5.168e+02 1.331e+03
|        ( WDBNDRY_I 0 9.957e+03 3.624e+02 5.139e+02
|            ( - 1.239e+03 2 0 QUESTION0_10_R 1 1.129e+02 7.056e+01)
|            ( - 8.356e+03 20 0 QUESTION3 1 2.394e+02 4.434e+02))
|        ( QUESTION2_3_L -1 1.648e+04 3.422e+02 8.168e+02
|            ( - 5.895e+03 9 0 QUESTION1 -1 2.584e+02 2.969e+02)
|            ( SILENCE -1 1.024e+04 2.661e+02 5.199e+02
|                ( - 2.618e+03 3 0 QUESTION0 1 1.519e+02 1.412e+02)
|                ( - 7.355e+03 19 0 QUESTION2_5_L -1 2.233e+02 3.788e+02)))))
s>    ( QUESTION0_3_R 1 4.688e+04 7.011e+02 2.262e+03
s>        ( QUESTION2_5_L -1 1.923e+04 4.939e+02 9.313e+02
s>            ( - 7.346e+03 2 0 QUESTION4 -1 1.490e+02 3.810e+02)
s>            ( QUESTION2_3_L -1 1.139e+04 3.625e+02 5.503e+02
s>                ( - 5.100e+03 4 0 QUESTION1 -1 2.529e+02 2.559e+02)
s>                ( - 5.931e+03 9 0 SILENCE -1 2.647e+02 2.944e+02)))
s>        ( QUESTION17 -1 2.695e+04 5.168e+02 1.331e+03
s>            ( WDBNDRY_I 0 9.957e+03 3.624e+02 5.139e+02
s>                ( - 1.239e+03 2 0 QUESTION0_10_R 1 1.129e+02 7.056e+01)
s>                ( - 8.356e+03 20 0 QUESTION3 1 2.394e+02 4.434e+02))
s>            ( QUESTION2_3_L -1 1.648e+04 3.422e+02 8.168e+02
s>                ( - 5.895e+03 9 0 QUESTION1 -1 2.584e+02 2.969e+02)
s>                ( SILENCE -1 1.024e+04 2.661e+02 5.199e+02
s>                    ( - 2.618e+03 3 0 QUESTION0 1 1.519e+02 1.412e+02)
s>                    ( - 7.355e+03 19 0 QUESTION2_5_L -1 2.233e+02 3.788e+02)))))INFO: dtree.c(1315): Comp split 0
INFO: dtree.c(1478): Final simple tree
|( QUESTION2_18_L -1 3.163e+04 4.775e+02 1.555e+03
|    ( QUESTION3 1 8.226e+03 2.468e+02 4.356e+02
|        ( - 3.933e+03 11 0 QUESTION0_13_R 1 2.198e+02 2.203e+02)
|        ( - 4.047e+03 8 0 QUESTION1 1 1.928e+02 2.153e+02))
|    ( SILENCE -1 2.292e+04 3.782e+02 1.119e+03
|        ( - 4.301e+03 4 0 QUESTION0_0_R 1 2.207e+02 2.252e+02)
|        ( QUESTION0_8_R 1 1.824e+04 3.387e+02 8.938e+02
|            ( QUESTION2_3_L -1 1.482e+04 3.132e+02 7.413e+02
|                ( QUESTION1 -1 5.798e+03 2.599e+02 2.929e+02
|                    ( - 2.837e+03 4 0 QUESTION0 1 1.787e+02 1.467e+02)
|                    ( - 2.701e+03 4 0 QUESTION0 1 1.302e+02 1.462e+02))
|                ( QUESTION2_5_L -1 8.711e+03 2.277e+02 4.484e+02
|                    ( - 3.099e+03 4 0 QUESTION0 1 1.674e+02 1.692e+02)
|                    ( - 5.384e+03 15 0 QUESTION16 -1 2.108e+02 2.792e+02)))
|            ( - 3.082e+03 10 0 QUESTION5 -1 1.722e+02 1.525e+02))))
s>    ( QUESTION2_18_L -1 3.163e+04 4.775e+02 1.555e+03
s>        ( QUESTION3 1 8.226e+03 2.468e+02 4.356e+02
s>            ( - 3.933e+03 11 0 QUESTION0_13_R 1 2.198e+02 2.203e+02)
s>            ( - 4.047e+03 8 0 QUESTION1 1 1.928e+02 2.153e+02))
s>        ( SILENCE -1 2.292e+04 3.782e+02 1.119e+03
s>            ( - 4.301e+03 4 0 QUESTION0_0_R 1 2.207e+02 2.252e+02)
s>            ( QUESTION0_8_R 1 1.824e+04 3.387e+02 8.938e+02
s>                ( QUESTION2_3_L -1 1.482e+04 3.132e+02 7.413e+02
s>                    ( QUESTION1 -1 5.798e+03 2.599e+02 2.929e+02
s>                        ( - 2.837e+03 4 0 QUESTION0 1 1.787e+02 1.467e+02)
s>                        ( - 2.701e+03 4 0 QUESTION0 1 1.302e+02 1.462e+02))
s>                    ( QUESTION2_5_L -1 8.711e+03 2.277e+02 4.484e+02
s>                        ( - 3.099e+03 4 0 QUESTION0 1 1.674e+02 1.692e+02)
s>                        ( - 5.384e+03 15 0 QUESTION16 -1 2.108e+02 2.792e+02)))
s>                ( - 3.082e+03 10 0 QUESTION5 -1 1.722e+02 1.525e+02))))INFO: dtree.c(1439): stop. leaf nodes are specific
INFO: dtree.c(1478): Final simple tree
|( QUESTION2_3_L -1 1.453e+04 4.870e+02 7.074e+02
|    ( WDBNDRY_B 0 6.698e+03 3.582e+02 3.265e+02
|        ( QUESTION1 -1 5.100e+03 2.529e+02 2.559e+02
|            ( - 2.902e+03 2 0)
|            ( - 1.945e+03 2 0))
|        ( QUESTION0_10_R 1 1.239e+03 1.129e+02 7.056e+01
|            ( - 1.038e+03 1 0)
|            ( - 8.849e+01 1 0)))
|    ( QUESTION4 -1 7.346e+03 1.490e+02 3.810e+02
|        ( - 6.896e+03 1 0)
|        ( - 3.005e+02 1 0)))
s>    ( QUESTION2_3_L -1 1.453e+04 4.870e+02 7.074e+02
s>        ( WDBNDRY_B 0 6.698e+03 3.582e+02 3.265e+02
s>            ( QUESTION1 -1 5.100e+03 2.529e+02 2.559e+02
s>                ( - 2.902e+03 2 0)
s>                ( - 1.945e+03 2 0))
s>            ( QUESTION0_10_R 1 1.239e+03 1.129e+02 7.056e+01
s>                ( - 1.038e+03 1 0)
s>                ( - 8.849e+01 1 0)))
s>        ( QUESTION4 -1 7.346e+03 1.490e+02 3.810e+02
s>            ( - 6.896e+03 1 0)
s>            ( - 3.005e+02 1 0)))INFO: dtree.c(1315): Comp split 1
INFO: dtree.c(1439): stop. leaf nodes are specific
INFO: dtree.c(1478): Final simple tree
|( QUESTION4 -1 7.547e+03 1.778e+02 3.910e+02
|    ( - 6.896e+03 1 0)
|    ( WDBNDRY_B 0 4.726e+02 8.360e+01 3.000e+01
|        ( - 3.005e+02 1 0)
|        ( - 8.849e+01 1 0)))
s>    ( QUESTION4 -1 7.547e+03 1.778e+02 3.910e+02
s>        ( - 6.896e+03 1 0)
s>        ( WDBNDRY_B 0 4.726e+02 8.360e+01 3.000e+01
s>            ( - 3.005e+02 1 0)
s>            ( - 8.849e+01 1 0)))INFO: dtree.c(1439): stop. leaf nodes are specific
INFO: dtree.c(1478): Final simple tree
|( WDBNDRY_B 0 6.484e+03 3.457e+02 3.165e+02
|    ( QUESTION1 -1 5.100e+03 2.529e+02 2.559e+02
|        ( - 2.902e+03 2 0)
|        ( - 1.945e+03 2 0))
|    ( - 1.038e+03 1 0))
s>    ( WDBNDRY_B 0 6.484e+03 3.457e+02 3.165e+02
s>        ( QUESTION1 -1 5.100e+03 2.529e+02 2.559e+02
s>            ( - 2.902e+03 2 0)
s>            ( - 1.945e+03 2 0))
s>        ( - 1.038e+03 1 0))INFO: dtree.c(1315): Comp split 2
INFO: dtree.c(1478): Final simple tree
|( SILENCE -1 2.292e+04 3.782e+02 1.119e+03
|    ( QUESTION0_0_R 1 4.301e+03 2.207e+02 2.252e+02
|        ( - 1.462e+03 1 0)
|        ( - 2.618e+03 3 0 QUESTION0 1 1.519e+02 1.412e+02))
|    ( QUESTION0_8_R 1 1.824e+04 3.387e+02 8.938e+02
|        ( QUESTION2_3_L -1 1.482e+04 3.132e+02 7.413e+02
|            ( QUESTION1 -1 5.798e+03 2.599e+02 2.929e+02
|                ( - 2.837e+03 4 0 QUESTION0 1 1.787e+02 1.467e+02)
|                ( - 2.701e+03 4 0 QUESTION0 1 1.302e+02 1.462e+02))
|            ( QUESTION2_5_L -1 8.711e+03 2.277e+02 4.484e+02
|                ( - 3.099e+03 4 0 QUESTION0 1 1.674e+02 1.692e+02)
|                ( QUESTION16 -1 5.384e+03 2.108e+02 2.792e+02
|                    ( - 2.927e+03 7 0 QUESTION17 -1 1.651e+02 1.642e+02)
|                    ( - 2.246e+03 8 0 QUESTION5 -1 1.746e+02 1.150e+02))))
|        ( - 3.082e+03 10 0 QUESTION5 -1 1.722e+02 1.525e+02)))
s>    ( SILENCE -1 2.292e+04 3.782e+02 1.119e+03
s>        ( QUESTION0_0_R 1 4.301e+03 2.207e+02 2.252e+02
s>            ( - 1.462e+03 1 0)
s>            ( - 2.618e+03 3 0 QUESTION0 1 1.519e+02 1.412e+02))
s>        ( QUESTION0_8_R 1 1.824e+04 3.387e+02 8.938e+02
s>            ( QUESTION2_3_L -1 1.482e+04 3.132e+02 7.413e+02
s>                ( QUESTION1 -1 5.798e+03 2.599e+02 2.929e+02
s>                    ( - 2.837e+03 4 0 QUESTION0 1 1.787e+02 1.467e+02)
s>                    ( - 2.701e+03 4 0 QUESTION0 1 1.302e+02 1.462e+02))
s>                ( QUESTION2_5_L -1 8.711e+03 2.277e+02 4.484e+02
s>                    ( - 3.099e+03 4 0 QUESTION0 1 1.674e+02 1.692e+02)
s>                    ( QUESTION16 -1 5.384e+03 2.108e+02 2.792e+02
s>                        ( - 2.927e+03 7 0 QUESTION17 -1 1.651e+02 1.642e+02)
s>                        ( - 2.246e+03 8 0 QUESTION5 -1 1.746e+02 1.150e+02))))
s>            ( - 3.082e+03 10 0 QUESTION5 -1 1.722e+02 1.525e+02)))INFO: dtree.c(1478): Final simple tree
|( QUESTION3 1 8.226e+03 2.468e+02 4.356e+02
|    ( QUESTION0_13_R 1 3.933e+03 2.198e+02 2.203e+02
|        ( QUESTION6 1 1.881e+03 1.443e+02 1.122e+02
|            ( - 4.539e+02 4 0 QUESTION0_18_R 1 6.558e+01 3.200e+01)
|            ( - 1.283e+03 2 0 QUESTION0_14_R 1 8.268e+01 8.017e+01))
|        ( QUESTION7 1 1.832e+03 1.233e+02 1.082e+02
|            ( - 1.203e+03 2 0 QUESTION0_11_R 1 8.479e+01 7.415e+01)
|            ( - 5.052e+02 3 0 QUESTION0_9_R 1 7.635e+01 3.400e+01)))
|    ( QUESTION1 1 4.047e+03 1.928e+02 2.153e+02
|        ( QUESTION0_0_R 1 1.290e+03 1.167e+02 7.445e+01
|            ( - 9.046e+02 1 0)
|            ( - 2.687e+02 1 0))
|        ( QUESTION0_7_R 1 2.564e+03 1.631e+02 1.408e+02
|            ( - 1.140e+03 3 0)
|            ( - 1.261e+03 3 0 SILENCE 1 3.261e+01 7.286e+01))))
s>    ( QUESTION3 1 8.226e+03 2.468e+02 4.356e+02
s>        ( QUESTION0_13_R 1 3.933e+03 2.198e+02 2.203e+02
s>            ( QUESTION6 1 1.881e+03 1.443e+02 1.122e+02
s>                ( - 4.539e+02 4 0 QUESTION0_18_R 1 6.558e+01 3.200e+01)
s>                ( - 1.283e+03 2 0 QUESTION0_14_R 1 8.268e+01 8.017e+01))
s>            ( QUESTION7 1 1.832e+03 1.233e+02 1.082e+02
s>                ( - 1.203e+03 2 0 QUESTION0_11_R 1 8.479e+01 7.415e+01)
s>                ( - 5.052e+02 3 0 QUESTION0_9_R 1 7.635e+01 3.400e+01)))
s>        ( QUESTION1 1 4.047e+03 1.928e+02 2.153e+02
s>            ( QUESTION0_0_R 1 1.290e+03 1.167e+02 7.445e+01
s>                ( - 9.046e+02 1 0)
s>                ( - 2.687e+02 1 0))
s>            ( QUESTION0_7_R 1 2.564e+03 1.631e+02 1.408e+02
s>                ( - 1.140e+03 3 0)
s>                ( - 1.261e+03 3 0 SILENCE 1 3.261e+01 7.286e+01))))INFO: dtree.c(1315): Comp split 3
INFO: dtree.c(1478): Final simple tree
|( QUESTION2_3_L -1 1.482e+04 3.132e+02 7.413e+02
|    ( QUESTION1 -1 5.798e+03 2.599e+02 2.929e+02
|        ( QUESTION0 1 2.837e+03 1.787e+02 1.467e+02
|            ( - 2.239e+03 2 0)
|            ( - 4.191e+02 2 0 QUESTION19 1 4.659e+01 2.802e+01))
|        ( - 2.701e+03 4 0 QUESTION0 1 1.302e+02 1.462e+02))
|    ( QUESTION2_5_L -1 8.711e+03 2.277e+02 4.484e+02
|        ( QUESTION0 1 3.099e+03 1.674e+02 1.692e+02
|            ( - 2.427e+03 2 0 QUESTION4 -1 1.692e+02 1.361e+02)
|            ( - 5.043e+02 2 0 QUESTION4 -1 5.770e+01 3.309e+01))
|        ( QUESTION16 -1 5.384e+03 2.108e+02 2.792e+02
|            ( - 2.927e+03 7 0 QUESTION17 -1 1.651e+02 1.642e+02)
|            ( QUESTION5 -1 2.246e+03 1.746e+02 1.150e+02
|                ( - 1.672e+03 5 0 QUESTION8 -1 6.670e+01 9.073e+01)
|                ( - 3.995e+02 3 0 QUESTION0 -1 5.902e+01 2.428e+01)))))
s>    ( QUESTION2_3_L -1 1.482e+04 3.132e+02 7.413e+02
s>        ( QUESTION1 -1 5.798e+03 2.599e+02 2.929e+02
s>            ( QUESTION0 1 2.837e+03 1.787e+02 1.467e+02
s>                ( - 2.239e+03 2 0)
s>                ( - 4.191e+02 2 0 QUESTION19 1 4.659e+01 2.802e+01))
s>            ( - 2.701e+03 4 0 QUESTION0 1 1.302e+02 1.462e+02))
s>        ( QUESTION2_5_L -1 8.711e+03 2.277e+02 4.484e+02
s>            ( QUESTION0 1 3.099e+03 1.674e+02 1.692e+02
s>                ( - 2.427e+03 2 0 QUESTION4 -1 1.692e+02 1.361e+02)
s>                ( - 5.043e+02 2 0 QUESTION4 -1 5.770e+01 3.309e+01))
s>            ( QUESTION16 -1 5.384e+03 2.108e+02 2.792e+02
s>                ( - 2.927e+03 7 0 QUESTION17 -1 1.651e+02 1.642e+02)
s>                ( QUESTION5 -1 2.246e+03 1.746e+02 1.150e+02
s>                    ( - 1.672e+03 5 0 QUESTION8 -1 6.670e+01 9.073e+01)
s>                    ( - 3.995e+02 3 0 QUESTION0 -1 5.902e+01 2.428e+01)))))INFO: dtree.c(1478): Final simple tree
|( SILENCE -1 7.693e+03 3.096e+02 3.777e+02
|    ( QUESTION0_0_R 1 4.301e+03 2.207e+02 2.252e+02
|        ( - 1.462e+03 1 0)
|        ( QUESTION0 1 2.618e+03 1.519e+02 1.412e+02
|            ( - 2.250e+03 1 0)
|            ( - 2.160e+02 2 0 QUESTION0_8_R 1 3.376e+01 1.600e+01)))
|    ( QUESTION5 -1 3.082e+03 1.722e+02 1.525e+02
|        ( QUESTION20 -1 2.237e+03 1.533e+02 1.205e+02
|            ( - 4.442e+02 1 0)
|            ( QUESTION7 -1 1.640e+03 1.390e+02 9.255e+01
|                ( - 7.275e+02 1 0)
|                ( - 7.733e+02 2 0 WDBNDRY_B 0 5.521e+01 5.065e+01)))
|        ( QUESTION0 -1 6.727e+02 9.607e+01 3.200e+01
|            ( - 2.255e+02 3 0 WDBNDRY_B 0 4.820e+01 1.500e+01)
|            ( - 3.512e+02 3 0 QUESTION0_0_R 1 3.203e+01 1.700e+01))))
s>    ( SILENCE -1 7.693e+03 3.096e+02 3.777e+02
s>        ( QUESTION0_0_R 1 4.301e+03 2.207e+02 2.252e+02
s>            ( - 1.462e+03 1 0)
s>            ( QUESTION0 1 2.618e+03 1.519e+02 1.412e+02
s>                ( - 2.250e+03 1 0)
s>                ( - 2.160e+02 2 0 QUESTION0_8_R 1 3.376e+01 1.600e+01)))
s>        ( QUESTION5 -1 3.082e+03 1.722e+02 1.525e+02
s>            ( QUESTION20 -1 2.237e+03 1.533e+02 1.205e+02
s>                ( - 4.442e+02 1 0)
s>                ( QUESTION7 -1 1.640e+03 1.390e+02 9.255e+01
s>                    ( - 7.275e+02 1 0)
s>                    ( - 7.733e+02 2 0 WDBNDRY_B 0 5.521e+01 5.065e+01)))
s>            ( QUESTION0 -1 6.727e+02 9.607e+01 3.200e+01
s>                ( - 2.255e+02 3 0 WDBNDRY_B 0 4.820e+01 1.500e+01)
s>                ( - 3.512e+02 3 0 QUESTION0_0_R 1 3.203e+01 1.700e+01))))INFO: dtree.c(1315): Comp split 4
INFO: dtree.c(1439): stop. leaf nodes are specific
INFO: dtree.c(1478): Final simple tree
|( QUESTION1 -1 5.100e+03 2.529e+02 2.559e+02
|    ( - 2.902e+03 2 0)
|    ( - 1.945e+03 2 0))
s>    ( QUESTION1 -1 5.100e+03 2.529e+02 2.559e+02
s>        ( - 2.902e+03 2 0)
s>        ( - 1.945e+03 2 0))INFO: dtree.c(1315): Comp split 5
INFO: dtree.c(1439): stop. leaf nodes are specific
INFO: dtree.c(1478): Final simple tree
|( QUESTION1 -1 2.794e+03 1.552e+02 1.429e+02
|    ( - 2.239e+03 2 0)
|    ( QUESTION0 -1 3.995e+02 5.902e+01 2.428e+01
|        ( QUESTION0 1 4.176e+01 1.373e+01 5.000e+00
|            ( - 5.634e+00 1 0)
|            ( - 2.240e+01 1 0))
|        ( - 2.988e+02 1 0)))
s>    ( QUESTION1 -1 2.794e+03 1.552e+02 1.429e+02
s>        ( - 2.239e+03 2 0)
s>        ( QUESTION0 -1 3.995e+02 5.902e+01 2.428e+01
s>            ( QUESTION0 1 4.176e+01 1.373e+01 5.000e+00
s>                ( - 5.634e+00 1 0)
s>                ( - 2.240e+01 1 0))
s>            ( - 2.988e+02 1 0)))INFO: dtree.c(1478): Final simple tree
|( QUESTION0 -1 1.169e+04 2.925e+02 5.983e+02
|    ( QUESTION0 1 3.268e+03 1.914e+02 1.742e+02
|        ( - 2.400e+03 2 0)
|        ( - 6.770e+02 4 0 QUESTION1 -1 8.683e+01 4.102e+01))
|    ( QUESTION2_5_L -1 8.127e+03 2.259e+02 4.241e+02
|        ( QUESTION0 1 3.099e+03 1.674e+02 1.692e+02
|            ( QUESTION4 -1 2.427e+03 1.692e+02 1.361e+02
|                ( - 1.714e+03 1 0)
|                ( - 5.440e+02 1 0))
|            ( - 5.043e+02 2 0 QUESTION4 -1 5.770e+01 3.309e+01))
|        ( QUESTION6 -1 4.802e+03 2.030e+02 2.549e+02
|            ( - 1.672e+03 5 0 QUESTION8 -1 6.670e+01 9.073e+01)
|            ( QUESTION17 -1 2.927e+03 1.651e+02 1.642e+02
|                ( - 1.342e+03 3 0 QUESTION19 1 1.190e+02 7.862e+01)
|                ( - 1.420e+03 4 0 QUESTION2_9_L -1 1.219e+02 8.559e+01)))))
s>    ( QUESTION0 -1 1.169e+04 2.925e+02 5.983e+02
s>        ( QUESTION0 1 3.268e+03 1.914e+02 1.742e+02
s>            ( - 2.400e+03 2 0)
s>            ( - 6.770e+02 4 0 QUESTION1 -1 8.683e+01 4.102e+01))
s>        ( QUESTION2_5_L -1 8.127e+03 2.259e+02 4.241e+02
s>            ( QUESTION0 1 3.099e+03 1.674e+02 1.692e+02
s>                ( QUESTION4 -1 2.427e+03 1.692e+02 1.361e+02
s>                    ( - 1.714e+03 1 0)
s>                    ( - 5.440e+02 1 0))
s>                ( - 5.043e+02 2 0 QUESTION4 -1 5.770e+01 3.309e+01))
s>            ( QUESTION6 -1 4.802e+03 2.030e+02 2.549e+02
s>                ( - 1.672e+03 5 0 QUESTION8 -1 6.670e+01 9.073e+01)
s>                ( QUESTION17 -1 2.927e+03 1.651e+02 1.642e+02
s>                    ( - 1.342e+03 3 0 QUESTION19 1 1.190e+02 7.862e+01)
s>                    ( - 1.420e+03 4 0 QUESTION2_9_L -1 1.219e+02 8.559e+01)))))INFO: dtree.c(1315): Comp split 6
INFO: dtree.c(1478): Final simple tree
|( QUESTION0 -1 5.527e+03 2.329e+02 2.868e+02
|    ( QUESTION0 1 3.268e+03 1.914e+02 1.742e+02
|        ( - 2.400e+03 2 0)
|        ( QUESTION1 -1 6.770e+02 8.683e+01 4.102e+01
|            ( QUESTION19 1 4.191e+02 4.659e+01 2.802e+01
|                ( - 3.449e+02 1 0)
|                ( - 2.758e+01 1 0))
|            ( - 1.710e+02 2 0)))
|    ( QUESTION17 -1 2.026e+03 1.399e+02 1.126e+02
|        ( QUESTION19 1 1.342e+03 1.190e+02 7.862e+01
|            ( - 3.706e+02 1 0)
|            ( QUESTION0 1 8.524e+02 6.777e+01 5.289e+01
|                ( - 7.230e+02 1 0)
|                ( - 6.171e+01 1 0)))
|        ( - 5.440e+02 1 0)))
s>    ( QUESTION0 -1 5.527e+03 2.329e+02 2.868e+02
s>        ( QUESTION0 1 3.268e+03 1.914e+02 1.742e+02
s>            ( - 2.400e+03 2 0)
s>            ( QUESTION1 -1 6.770e+02 8.683e+01 4.102e+01
s>                ( QUESTION19 1 4.191e+02 4.659e+01 2.802e+01
s>                    ( - 3.449e+02 1 0)
s>                    ( - 2.758e+01 1 0))
s>                ( - 1.710e+02 2 0)))
s>        ( QUESTION17 -1 2.026e+03 1.399e+02 1.126e+02
s>            ( QUESTION19 1 1.342e+03 1.190e+02 7.862e+01
s>                ( - 3.706e+02 1 0)
s>                ( QUESTION0 1 8.524e+02 6.777e+01 5.289e+01
s>                    ( - 7.230e+02 1 0)
s>                    ( - 6.171e+01 1 0)))
s>            ( - 5.440e+02 1 0)))INFO: dtree.c(1478): Final simple tree
|( QUESTION2_5_L -1 5.851e+03 2.064e+02 3.115e+02
|    ( QUESTION0 1 2.376e+03 1.580e+02 1.352e+02
|        ( - 1.714e+03 1 0)
|        ( QUESTION4 -1 5.043e+02 5.770e+01 3.309e+01
|            ( - 3.815e+02 1 0)
|            ( - 6.517e+01 1 0)))
|    ( QUESTION6 -1 3.268e+03 1.760e+02 1.763e+02
|        ( QUESTION8 -1 1.672e+03 6.670e+01 9.073e+01
|            ( - 8.988e+01 2 0 QUESTION0 1 2.340e+01 7.989e+00)
|            ( QUESTION7 -1 1.515e+03 6.352e+01 8.274e+01
|                ( - 1.416e+03 1 0)
|                ( - 3.595e+01 2 0 QUESTION0 1 1.492e+01 5.000e+00)))
|        ( QUESTION2_9_L -1 1.420e+03 1.219e+02 8.559e+01
|            ( - 1.627e+02 2 0 QUESTION0 1 2.822e+01 1.300e+01)
|            ( - 1.136e+03 2 0 QUESTION0 1 3.266e+01 7.259e+01))))
s>    ( QUESTION2_5_L -1 5.851e+03 2.064e+02 3.115e+02
s>        ( QUESTION0 1 2.376e+03 1.580e+02 1.352e+02
s>            ( - 1.714e+03 1 0)
s>            ( QUESTION4 -1 5.043e+02 5.770e+01 3.309e+01
s>                ( - 3.815e+02 1 0)
s>                ( - 6.517e+01 1 0)))
s>        ( QUESTION6 -1 3.268e+03 1.760e+02 1.763e+02
s>            ( QUESTION8 -1 1.672e+03 6.670e+01 9.073e+01
s>                ( - 8.988e+01 2 0 QUESTION0 1 2.340e+01 7.989e+00)
s>                ( QUESTION7 -1 1.515e+03 6.352e+01 8.274e+01
s>                    ( - 1.416e+03 1 0)
s>                    ( - 3.595e+01 2 0 QUESTION0 1 1.492e+01 5.000e+00)))
s>            ( QUESTION2_9_L -1 1.420e+03 1.219e+02 8.559e+01
s>                ( - 1.627e+02 2 0 QUESTION0 1 2.822e+01 1.300e+01)
s>                ( - 1.136e+03 2 0 QUESTION0 1 3.266e+01 7.259e+01))))INFO: dtree.c(1315): Comp split 7
INFO: dtree.c(1478): Final simple tree
|( QUESTION5 -1 3.082e+03 1.722e+02 1.525e+02
|    ( QUESTION20 -1 2.237e+03 1.533e+02 1.205e+02
|        ( - 4.442e+02 1 0)
|        ( QUESTION7 -1 1.640e+03 1.390e+02 9.255e+01
|            ( - 7.275e+02 1 0)
|            ( WDBNDRY_B 0 7.733e+02 5.521e+01 5.065e+01
|                ( - 6.730e+02 1 0)
|                ( - 4.518e+01 1 0))))
|    ( QUESTION0 -1 6.727e+02 9.607e+01 3.200e+01
|        ( WDBNDRY_B 0 2.255e+02 4.820e+01 1.500e+01
|            ( - 1.287e+02 1 0)
|            ( - 4.859e+01 2 0 QUESTION0_0_R 1 1.502e+01 5.000e+00))
|        ( QUESTION0_0_R 1 3.512e+02 3.203e+01 1.700e+01
|            ( - 3.102e+02 2 0)
|            ( - 8.993e+00 1 0))))
s>    ( QUESTION5 -1 3.082e+03 1.722e+02 1.525e+02
s>        ( QUESTION20 -1 2.237e+03 1.533e+02 1.205e+02
s>            ( - 4.442e+02 1 0)
s>            ( QUESTION7 -1 1.640e+03 1.390e+02 9.255e+01
s>                ( - 7.275e+02 1 0)
s>                ( WDBNDRY_B 0 7.733e+02 5.521e+01 5.065e+01
s>                    ( - 6.730e+02 1 0)
s>                    ( - 4.518e+01 1 0))))
s>        ( QUESTION0 -1 6.727e+02 9.607e+01 3.200e+01
s>            ( WDBNDRY_B 0 2.255e+02 4.820e+01 1.500e+01
s>                ( - 1.287e+02 1 0)
s>                ( - 4.859e+01 2 0 QUESTION0_0_R 1 1.502e+01 5.000e+00))
s>            ( QUESTION0_0_R 1 3.512e+02 3.203e+01 1.700e+01
s>                ( - 3.102e+02 2 0)
s>                ( - 8.993e+00 1 0))))INFO: dtree.c(1439): stop. leaf nodes are specific
INFO: dtree.c(1478): Final simple tree
|( QUESTION0_0_R 1 4.301e+03 2.207e+02 2.252e+02
|    ( - 1.462e+03 1 0)
|    ( QUESTION0 1 2.618e+03 1.519e+02 1.412e+02
|        ( - 2.250e+03 1 0)
|        ( QUESTION0_8_R 1 2.160e+02 3.376e+01 1.600e+01
|            ( - 1.749e+02 1 0)
|            ( - 7.403e+00 1 0))))
s>    ( QUESTION0_0_R 1 4.301e+03 2.207e+02 2.252e+02
s>        ( - 1.462e+03 1 0)
s>        ( QUESTION0 1 2.618e+03 1.519e+02 1.412e+02
s>            ( - 2.250e+03 1 0)
s>            ( QUESTION0_8_R 1 2.160e+02 3.376e+01 1.600e+01
s>                ( - 1.749e+02 1 0)
s>                ( - 7.403e+00 1 0))))INFO: dtree.c(1315): Comp split 8
INFO: dtree.c(1439): stop. leaf nodes are specific
INFO: dtree.c(1478): Final simple tree
|( QUESTION0_7_R 1 5.044e+03 2.071e+02 2.695e+02
|    ( QUESTION0_8_R 1 2.495e+03 1.518e+02 1.421e+02
|        ( - 1.140e+03 3 0)
|        ( QUESTION0_11_R 1 1.203e+03 8.479e+01 7.415e+01
|            ( - 2.016e+02 1 0)
|            ( - 9.167e+02 1 0)))
|    ( QUESTION0_1_R 1 2.342e+03 1.761e+02 1.273e+02
|        ( - 9.046e+02 1 0)
|        ( SILENCE 1 1.261e+03 3.261e+01 7.286e+01
|            ( - 8.991e+00 1 0)
|            ( - 1.219e+03 2 0))))
s>    ( QUESTION0_7_R 1 5.044e+03 2.071e+02 2.695e+02
s>        ( QUESTION0_8_R 1 2.495e+03 1.518e+02 1.421e+02
s>            ( - 1.140e+03 3 0)
s>            ( QUESTION0_11_R 1 1.203e+03 8.479e+01 7.415e+01
s>                ( - 2.016e+02 1 0)
s>                ( - 9.167e+02 1 0)))
s>        ( QUESTION0_1_R 1 2.342e+03 1.761e+02 1.273e+02
s>            ( - 9.046e+02 1 0)
s>            ( SILENCE 1 1.261e+03 3.261e+01 7.286e+01
s>                ( - 8.991e+00 1 0)
s>                ( - 1.219e+03 2 0))))INFO: dtree.c(1478): Final simple tree
|( QUESTION0_13_R 1 2.910e+03 1.636e+02 1.662e+02
|    ( QUESTION6 1 1.881e+03 1.443e+02 1.122e+02
|        ( QUESTION0_18_R 1 4.539e+02 6.558e+01 3.200e+01
|            ( - 4.933e+01 2 0 QUESTION7 1 1.393e+01 6.000e+00)
|            ( - 3.389e+02 2 0 QUESTION0_16_R 1 4.641e+01 2.600e+01))
|        ( QUESTION0_14_R 1 1.283e+03 8.268e+01 8.017e+01
|            ( - 1.047e+03 1 0)
|            ( - 1.540e+02 1 0)))
|    ( QUESTION0_8_R 1 8.647e+02 9.859e+01 5.400e+01
|        ( QUESTION0 1 4.041e+02 6.483e+01 2.800e+01
|            ( - 2.687e+02 1 0)
|            ( - 7.055e+01 1 0))
|        ( QUESTION0_0_R 1 3.620e+02 5.818e+01 2.600e+01
|            ( - 1.249e+02 1 0)
|            ( - 1.789e+02 1 0))))
s>    ( QUESTION0_13_R 1 2.910e+03 1.636e+02 1.662e+02
s>        ( QUESTION6 1 1.881e+03 1.443e+02 1.122e+02
s>            ( QUESTION0_18_R 1 4.539e+02 6.558e+01 3.200e+01
s>                ( - 4.933e+01 2 0 QUESTION7 1 1.393e+01 6.000e+00)
s>                ( - 3.389e+02 2 0 QUESTION0_16_R 1 4.641e+01 2.600e+01))
s>            ( QUESTION0_14_R 1 1.283e+03 8.268e+01 8.017e+01
s>                ( - 1.047e+03 1 0)
s>                ( - 1.540e+02 1 0)))
s>        ( QUESTION0_8_R 1 8.647e+02 9.859e+01 5.400e+01
s>            ( QUESTION0 1 4.041e+02 6.483e+01 2.800e+01
s>                ( - 2.687e+02 1 0)
s>                ( - 7.055e+01 1 0))
s>            ( QUESTION0_0_R 1 3.620e+02 5.818e+01 2.600e+01
s>                ( - 1.249e+02 1 0)
s>                ( - 1.789e+02 1 0))))INFO: dtree.c(1315): Comp split 9
INFO: dtree.c(1315): Comp split 10
INFO: dtree.c(1439): stop. leaf nodes are specific
INFO: dtree.c(1478): Final simple tree
|( QUESTION0_8_R 1 2.298e+03 4.060e+01 1.272e+02
|    ( - 2.250e+03 1 0)
|    ( - 7.403e+00 1 0))
s>    ( QUESTION0_8_R 1 2.298e+03 4.060e+01 1.272e+02
s>        ( - 2.250e+03 1 0)
s>        ( - 7.403e+00 1 0))INFO: dtree.c(1439): stop. leaf nodes are specific
INFO: dtree.c(1478): Final simple tree
|( QUESTION0_0_R 1 1.769e+03 1.320e+02 9.802e+01
|    ( - 1.462e+03 1 0)
|    ( - 1.749e+02 1 0))
s>    ( QUESTION0_0_R 1 1.769e+03 1.320e+02 9.802e+01
s>        ( - 1.462e+03 1 0)
s>        ( - 1.749e+02 1 0))INFO: dtree.c(1315): Comp split 11
INFO: dtree.c(1439): stop. leaf nodes are specific
INFO: dtree.c(1478): Final simple tree
|( QUESTION17 -1 2.026e+03 1.399e+02 1.126e+02
|    ( QUESTION19 1 1.342e+03 1.190e+02 7.862e+01
|        ( - 3.706e+02 1 0)
|        ( QUESTION0 1 8.524e+02 6.777e+01 5.289e+01
|            ( - 7.230e+02 1 0)
|            ( - 6.171e+01 1 0)))
|    ( - 5.440e+02 1 0))
s>    ( QUESTION17 -1 2.026e+03 1.399e+02 1.126e+02
s>        ( QUESTION19 1 1.342e+03 1.190e+02 7.862e+01
s>            ( - 3.706e+02 1 0)
s>            ( QUESTION0 1 8.524e+02 6.777e+01 5.289e+01
s>                ( - 7.230e+02 1 0)
s>                ( - 6.171e+01 1 0)))
s>        ( - 5.440e+02 1 0))INFO: dtree.c(1439): stop. leaf nodes are specific
INFO: dtree.c(1478): Final simple tree
|( QUESTION0 1 3.268e+03 1.914e+02 1.742e+02
|    ( - 2.400e+03 2 0)
|    ( QUESTION1 -1 6.770e+02 8.683e+01 4.102e+01
|        ( QUESTION19 1 4.191e+02 4.659e+01 2.802e+01
|            ( - 3.449e+02 1 0)
|            ( - 2.758e+01 1 0))
|        ( - 1.710e+02 2 0)))
s>    ( QUESTION0 1 3.268e+03 1.914e+02 1.742e+02
s>        ( - 2.400e+03 2 0)
s>        ( QUESTION1 -1 6.770e+02 8.683e+01 4.102e+01
s>            ( QUESTION19 1 4.191e+02 4.659e+01 2.802e+01
s>                ( - 3.449e+02 1 0)
s>                ( - 2.758e+01 1 0))
s>            ( - 1.710e+02 2 0)))INFO: dtree.c(1315): Comp split 12
INFO: dtree.c(1439): stop. leaf nodes are specific
INFO: dtree.c(1478): Final simple tree
|( QUESTION4 -1 3.020e+03 1.701e+02 1.747e+02
|    ( - 1.714e+03 1 0)
|    ( QUESTION0 1 1.136e+03 3.266e+01 7.259e+01
|        ( - 1.095e+03 1 0)
|        ( - 8.137e+00 1 0)))
s>    ( QUESTION4 -1 3.020e+03 1.701e+02 1.747e+02
s>        ( - 1.714e+03 1 0)
s>        ( QUESTION0 1 1.136e+03 3.266e+01 7.259e+01
s>            ( - 1.095e+03 1 0)
s>            ( - 8.137e+00 1 0)))INFO: dtree.c(1478): Final simple tree
|( QUESTION7 -1 2.612e+03 1.764e+02 1.368e+02
|    ( QUESTION8 -1 1.572e+03 6.655e+01 8.573e+01
|        ( QUESTION0 1 8.988e+01 2.340e+01 7.989e+00
|            ( - 5.897e+01 1 0)
|            ( - 7.514e+00 1 0))
|        ( - 1.416e+03 1 0))
|    ( QUESTION2_5_L -1 8.638e+02 1.118e+02 5.109e+01
|        ( QUESTION4 -1 5.043e+02 5.770e+01 3.309e+01
|            ( - 3.815e+02 1 0)
|            ( - 6.517e+01 1 0))
|        ( QUESTION6 -1 2.477e+02 4.901e+01 1.800e+01
|            ( - 3.595e+01 2 0 QUESTION0 1 1.492e+01 5.000e+00)
|            ( QUESTION0 1 1.627e+02 2.822e+01 1.300e+01
|                ( - 1.075e+02 1 0)
|                ( - 2.702e+01 1 0)))))
s>    ( QUESTION7 -1 2.612e+03 1.764e+02 1.368e+02
s>        ( QUESTION8 -1 1.572e+03 6.655e+01 8.573e+01
s>            ( QUESTION0 1 8.988e+01 2.340e+01 7.989e+00
s>                ( - 5.897e+01 1 0)
s>                ( - 7.514e+00 1 0))
s>            ( - 1.416e+03 1 0))
s>        ( QUESTION2_5_L -1 8.638e+02 1.118e+02 5.109e+01
s>            ( QUESTION4 -1 5.043e+02 5.770e+01 3.309e+01
s>                ( - 3.815e+02 1 0)
s>                ( - 6.517e+01 1 0))
s>            ( QUESTION6 -1 2.477e+02 4.901e+01 1.800e+01
s>                ( - 3.595e+01 2 0 QUESTION0 1 1.492e+01 5.000e+00)
s>                ( QUESTION0 1 1.627e+02 2.822e+01 1.300e+01
s>                    ( - 1.075e+02 1 0)
s>                    ( - 2.702e+01 1 0)))))INFO: dtree.c(1315): Comp split 13
INFO: dtree.c(1439): stop. leaf nodes are specific
INFO: dtree.c(1478): Final simple tree
|( QUESTION0_1_R 1 2.342e+03 1.761e+02 1.273e+02
|    ( - 9.046e+02 1 0)
|    ( SILENCE 1 1.261e+03 3.261e+01 7.286e+01
|        ( - 8.991e+00 1 0)
|        ( - 1.219e+03 2 0)))
s>    ( QUESTION0_1_R 1 2.342e+03 1.761e+02 1.273e+02
s>        ( - 9.046e+02 1 0)
s>        ( SILENCE 1 1.261e+03 3.261e+01 7.286e+01
s>            ( - 8.991e+00 1 0)
s>            ( - 1.219e+03 2 0)))INFO: dtree.c(1439): stop. leaf nodes are specific
INFO: dtree.c(1478): Final simple tree
|( QUESTION0_8_R 1 2.495e+03 1.518e+02 1.421e+02
|    ( - 1.140e+03 3 0)
|    ( QUESTION0_11_R 1 1.203e+03 8.479e+01 7.415e+01
|        ( - 2.016e+02 1 0)
|        ( - 9.167e+02 1 0)))
s>    ( QUESTION0_8_R 1 2.495e+03 1.518e+02 1.421e+02
s>        ( - 1.140e+03 3 0)
s>        ( QUESTION0_11_R 1 1.203e+03 8.479e+01 7.415e+01
s>            ( - 2.016e+02 1 0)
s>            ( - 9.167e+02 1 0)))INFO: dtree.c(1315): Comp split 14
INFO: dtree.c(1439): stop. leaf nodes are specific
INFO: dtree.c(1478): Final simple tree
|( QUESTION7 -1 1.755e+03 1.396e+02 9.755e+01
|    ( - 7.275e+02 1 0)
|    ( WDBNDRY_B 0 8.880e+02 7.962e+01 5.565e+01
|        ( - 6.730e+02 1 0)
|        ( QUESTION0_7_R 1 1.354e+02 4.186e+01 1.100e+01
|            ( - 3.348e+01 1 0)
|            ( WDBNDRY_E 0 6.009e+01 1.482e+01 7.000e+00
|                ( - 4.518e+01 1 0)
|                ( - 9.091e-02 1 0)))))
s>    ( QUESTION7 -1 1.755e+03 1.396e+02 9.755e+01
s>        ( - 7.275e+02 1 0)
s>        ( WDBNDRY_B 0 8.880e+02 7.962e+01 5.565e+01
s>            ( - 6.730e+02 1 0)
s>            ( QUESTION0_7_R 1 1.354e+02 4.186e+01 1.100e+01
s>                ( - 3.348e+01 1 0)
s>                ( WDBNDRY_E 0 6.009e+01 1.482e+01 7.000e+00
s>                    ( - 4.518e+01 1 0)
s>                    ( - 9.091e-02 1 0)))))INFO: dtree.c(1439): stop. leaf nodes are specific
INFO: dtree.c(1478): Final simple tree
|( QUESTION5 -1 1.135e+03 1.320e+02 5.500e+01
|    ( - 4.442e+02 1 0)
|    ( QUESTION0 -1 5.592e+02 7.932e+01 2.700e+01
|        ( - 1.287e+02 1 0)
|        ( QUESTION0_0_R 1 3.512e+02 3.203e+01 1.700e+01
|            ( - 3.102e+02 2 0)
|            ( - 8.993e+00 1 0))))
s>    ( QUESTION5 -1 1.135e+03 1.320e+02 5.500e+01
s>        ( - 4.442e+02 1 0)
s>        ( QUESTION0 -1 5.592e+02 7.932e+01 2.700e+01
s>            ( - 1.287e+02 1 0)
s>            ( QUESTION0_0_R 1 3.512e+02 3.203e+01 1.700e+01
s>                ( - 3.102e+02 2 0)
s>                ( - 8.993e+00 1 0))))INFO: dtree.c(1315): Comp split 15
INFO: dtree.c(1439): stop. leaf nodes are specific
INFO: dtree.c(1478): Final simple tree
|( QUESTION1 -1 6.770e+02 8.683e+01 4.102e+01
|    ( QUESTION19 1 4.191e+02 4.659e+01 2.802e+01
|        ( - 3.449e+02 1 0)
|        ( - 2.758e+01 1 0))
|    ( - 1.710e+02 2 0))
s>    ( QUESTION1 -1 6.770e+02 8.683e+01 4.102e+01
s>        ( QUESTION19 1 4.191e+02 4.659e+01 2.802e+01
s>            ( - 3.449e+02 1 0)
s>            ( - 2.758e+01 1 0))
s>        ( - 1.710e+02 2 0))INFO: dtree.c(1315): Comp split 16
INFO: dtree.c(1439): stop. leaf nodes are specific
INFO: dtree.c(1478): Final simple tree
|( QUESTION0_14_R 1 1.424e+03 9.153e+01 8.817e+01
|    ( - 1.047e+03 1 0)
|    ( QUESTION0_8_R 1 2.860e+02 6.151e+01 2.200e+01
|        ( - 7.055e+01 1 0)
|        ( - 1.540e+02 1 0)))
s>    ( QUESTION0_14_R 1 1.424e+03 9.153e+01 8.817e+01
s>        ( - 1.047e+03 1 0)
s>        ( QUESTION0_8_R 1 2.860e+02 6.151e+01 2.200e+01
s>            ( - 7.055e+01 1 0)
s>            ( - 1.540e+02 1 0)))INFO: dtree.c(1439): stop. leaf nodes are specific
INFO: dtree.c(1478): Final simple tree
|( QUESTION0_13_R 1 1.299e+03 1.291e+02 7.800e+01
|    ( QUESTION0_18_R 1 4.539e+02 6.558e+01 3.200e+01
|        ( QUESTION7 1 4.933e+01 1.393e+01 6.000e+00
|            ( - 3.522e+01 1 0)
|            ( - 1.818e-01 1 0))
|        ( QUESTION0_16_R 1 3.389e+02 4.641e+01 2.600e+01
|            ( - 2.462e+02 1 0)
|            ( - 4.633e+01 1 0)))
|    ( QUESTION0_8_R 1 7.157e+02 8.499e+01 4.600e+01
|        ( - 2.687e+02 1 0)
|        ( QUESTION0_0_R 1 3.620e+02 5.818e+01 2.600e+01
|            ( - 1.249e+02 1 0)
|            ( - 1.789e+02 1 0))))
s>    ( QUESTION0_13_R 1 1.299e+03 1.291e+02 7.800e+01
s>        ( QUESTION0_18_R 1 4.539e+02 6.558e+01 3.200e+01
s>            ( QUESTION7 1 4.933e+01 1.393e+01 6.000e+00
s>                ( - 3.522e+01 1 0)
s>                ( - 1.818e-01 1 0))
s>            ( QUESTION0_16_R 1 3.389e+02 4.641e+01 2.600e+01
s>                ( - 2.462e+02 1 0)
s>                ( - 4.633e+01 1 0)))
s>        ( QUESTION0_8_R 1 7.157e+02 8.499e+01 4.600e+01
s>            ( - 2.687e+02 1 0)
s>            ( QUESTION0_0_R 1 3.620e+02 5.818e+01 2.600e+01
s>                ( - 1.249e+02 1 0)
s>                ( - 1.789e+02 1 0))))INFO: dtree.c(1315): Comp split 17
INFO: dtree.c(1439): stop. leaf nodes are specific
INFO: dtree.c(1478): Final simple tree
|( WDBNDRY_B 0 4.726e+02 8.360e+01 3.000e+01
|    ( - 3.005e+02 1 0)
|    ( - 8.849e+01 1 0))
s>    ( WDBNDRY_B 0 4.726e+02 8.360e+01 3.000e+01
s>        ( - 3.005e+02 1 0)
s>        ( - 8.849e+01 1 0))INFO: dtree.c(1315): Comp split 18
INFO: dtree.c(1439): stop. leaf nodes are specific
INFO: dtree.c(1478): Final simple tree
|( QUESTION2_5_L -1 8.638e+02 1.118e+02 5.109e+01
|    ( QUESTION4 -1 5.043e+02 5.770e+01 3.309e+01
|        ( - 3.815e+02 1 0)
|        ( - 6.517e+01 1 0))
|    ( QUESTION6 -1 2.477e+02 4.901e+01 1.800e+01
|        ( QUESTION0 1 3.595e+01 1.492e+01 5.000e+00
|            ( - 3.818e+00 1 0)
|            ( - 1.721e+01 1 0))
|        ( QUESTION0 1 1.627e+02 2.822e+01 1.300e+01
|            ( - 1.075e+02 1 0)
|            ( - 2.702e+01 1 0))))
s>    ( QUESTION2_5_L -1 8.638e+02 1.118e+02 5.109e+01
s>        ( QUESTION4 -1 5.043e+02 5.770e+01 3.309e+01
s>            ( - 3.815e+02 1 0)
s>            ( - 6.517e+01 1 0))
s>        ( QUESTION6 -1 2.477e+02 4.901e+01 1.800e+01
s>            ( QUESTION0 1 3.595e+01 1.492e+01 5.000e+00
s>                ( - 3.818e+00 1 0)
s>                ( - 1.721e+01 1 0))
s>            ( QUESTION0 1 1.627e+02 2.822e+01 1.300e+01
s>                ( - 1.075e+02 1 0)
s>                ( - 2.702e+01 1 0))))INFO: dtree.c(1439): stop. leaf nodes are specific
INFO: dtree.c(1478): Final simple tree
|( QUESTION8 -1 1.572e+03 6.655e+01 8.573e+01
|    ( QUESTION0 1 8.988e+01 2.340e+01 7.989e+00
|        ( - 5.897e+01 1 0)
|        ( - 7.514e+00 1 0))
|    ( - 1.416e+03 1 0))
s>    ( QUESTION8 -1 1.572e+03 6.655e+01 8.573e+01
s>        ( QUESTION0 1 8.988e+01 2.340e+01 7.989e+00
s>            ( - 5.897e+01 1 0)
s>            ( - 7.514e+00 1 0))
s>        ( - 1.416e+03 1 0))INFO: dtree.c(1315): Comp split 19
INFO: dtree.c(1439): stop. leaf nodes are specific
INFO: dtree.c(1478): Final simple tree
|( SILENCE 1 1.261e+03 3.261e+01 7.286e+01
|    ( - 8.991e+00 1 0)
|    ( - 1.219e+03 2 0))
s>    ( SILENCE 1 1.261e+03 3.261e+01 7.286e+01
s>        ( - 8.991e+00 1 0)
s>        ( - 1.219e+03 2 0))INFO: dtree.c(1315): Comp split 20
INFO: dtree.c(1439): stop. leaf nodes are specific
INFO: dtree.c(1478): Final simple tree
|( QUESTION0 1 1.136e+03 3.266e+01 7.259e+01
|    ( - 1.095e+03 1 0)
|    ( - 8.137e+00 1 0))
s>    ( QUESTION0 1 1.136e+03 3.266e+01 7.259e+01
s>        ( - 1.095e+03 1 0)
s>        ( - 8.137e+00 1 0))INFO: dtree.c(1315): Comp split 21
INFO: dtree.c(1439): stop. leaf nodes are specific
INFO: dtree.c(1478): Final simple tree
|( QUESTION0 -1 3.995e+02 5.902e+01 2.428e+01
|    ( QUESTION0 1 4.176e+01 1.373e+01 5.000e+00
|        ( - 5.634e+00 1 0)
|        ( - 2.240e+01 1 0))
|    ( - 2.988e+02 1 0))
s>    ( QUESTION0 -1 3.995e+02 5.902e+01 2.428e+01
s>        ( QUESTION0 1 4.176e+01 1.373e+01 5.000e+00
s>            ( - 5.634e+00 1 0)
s>            ( - 2.240e+01 1 0))
s>        ( - 2.988e+02 1 0))INFO: dtree.c(1315): Comp split 22
INFO: dtree.c(1439): stop. leaf nodes are specific
INFO: dtree.c(1478): Final simple tree
|( QUESTION0_11_R 1 1.203e+03 8.479e+01 7.415e+01
|    ( - 2.016e+02 1 0)
|    ( - 9.167e+02 1 0))
s>    ( QUESTION0_11_R 1 1.203e+03 8.479e+01 7.415e+01
s>        ( - 2.016e+02 1 0)
s>        ( - 9.167e+02 1 0))INFO: dtree.c(1315): Comp split 23
INFO: dtree.c(1439): stop. leaf nodes are specific
INFO: dtree.c(1478): Final simple tree
|( QUESTION0 1 6.722e+02 6.647e+01 4.097e+01
|    ( - 5.440e+02 1 0)
|    ( - 6.171e+01 1 0))
s>    ( QUESTION0 1 6.722e+02 6.647e+01 4.097e+01
s>        ( - 5.440e+02 1 0)
s>        ( - 6.171e+01 1 0))INFO: dtree.c(1439): stop. leaf nodes are specific
INFO: dtree.c(1478): Final simple tree
|( QUESTION0 1 1.205e+03 1.113e+02 7.162e+01
|    ( - 7.230e+02 1 0)
|    ( - 3.706e+02 1 0))
s>    ( QUESTION0 1 1.205e+03 1.113e+02 7.162e+01
s>        ( - 7.230e+02 1 0)
s>        ( - 3.706e+02 1 0))INFO: dtree.c(1315): Comp split 24
INFO: dtree.c(1439): stop. leaf nodes are specific
INFO: dtree.c(1478): Final simple tree
|( WDBNDRY_B 0 7.991e+02 6.601e+01 5.165e+01
|    ( - 6.730e+02 1 0)
|    ( WDBNDRY_E 0 6.009e+01 1.482e+01 7.000e+00
|        ( - 4.518e+01 1 0)
|        ( - 9.091e-02 1 0)))
s>    ( WDBNDRY_B 0 7.991e+02 6.601e+01 5.165e+01
s>        ( - 6.730e+02 1 0)
s>        ( WDBNDRY_E 0 6.009e+01 1.482e+01 7.000e+00
s>            ( - 4.518e+01 1 0)
s>            ( - 9.091e-02 1 0)))INFO: dtree.c(1439): stop. leaf nodes are specific
INFO: dtree.c(1478): Final simple tree
|( WDBNDRY_B 0 8.096e+02 4.864e+01 4.590e+01
|    ( - 7.275e+02 1 0)
|    ( - 3.348e+01 1 0))
s>    ( WDBNDRY_B 0 8.096e+02 4.864e+01 4.590e+01
s>        ( - 7.275e+02 1 0)
s>        ( - 3.348e+01 1 0))INFO: dtree.c(1315): Comp split 25
INFO: dtree.c(1439): stop. leaf nodes are specific
INFO: dtree.c(1478): Final simple tree
|( QUESTION0_9_R 1 8.018e+02 8.959e+01 5.100e+01
|    ( QUESTION0_10_R 1 2.587e+02 4.460e+01 2.000e+01
|        ( - 1.789e+02 1 0)
|        ( - 3.522e+01 1 0))
|    ( QUESTION0_0_R 1 4.535e+02 5.984e+01 3.100e+01
|        ( - 1.249e+02 1 0)
|        ( - 2.687e+02 1 0)))
s>    ( QUESTION0_9_R 1 8.018e+02 8.959e+01 5.100e+01
s>        ( QUESTION0_10_R 1 2.587e+02 4.460e+01 2.000e+01
s>            ( - 1.789e+02 1 0)
s>            ( - 3.522e+01 1 0))
s>        ( QUESTION0_0_R 1 4.535e+02 5.984e+01 3.100e+01
s>            ( - 1.249e+02 1 0)
s>            ( - 2.687e+02 1 0)))INFO: dtree.c(1439): stop. leaf nodes are specific
INFO: dtree.c(1478): Final simple tree
|( QUESTION7 1 3.634e+02 5.413e+01 2.700e+01
|    ( - 2.462e+02 1 0)
|    ( QUESTION0_16_R 1 6.302e+01 1.651e+01 7.000e+00
|        ( - 1.818e-01 1 0)
|        ( - 4.633e+01 1 0)))
s>    ( QUESTION7 1 3.634e+02 5.413e+01 2.700e+01
s>        ( - 2.462e+02 1 0)
s>        ( QUESTION0_16_R 1 6.302e+01 1.651e+01 7.000e+00
s>            ( - 1.818e-01 1 0)
s>            ( - 4.633e+01 1 0)))INFO: dtree.c(1315): Comp split 26
INFO: dtree.c(1439): stop. leaf nodes are specific
INFO: dtree.c(1478): Final simple tree
|( QUESTION0 -1 5.592e+02 7.932e+01 2.700e+01
|    ( - 1.287e+02 1 0)
|    ( QUESTION0_0_R 1 3.512e+02 3.203e+01 1.700e+01
|        ( - 3.102e+02 2 0)
|        ( - 8.993e+00 1 0)))
s>    ( QUESTION0 -1 5.592e+02 7.932e+01 2.700e+01
s>        ( - 1.287e+02 1 0)
s>        ( QUESTION0_0_R 1 3.512e+02 3.203e+01 1.700e+01
s>            ( - 3.102e+02 2 0)
s>            ( - 8.993e+00 1 0)))INFO: dtree.c(1315): Comp split 27
INFO: dtree.c(1315): Comp split 28
INFO: dtree.c(1439): stop. leaf nodes are specific
INFO: dtree.c(1478): Final simple tree
|( QUESTION6 -1 2.477e+02 4.901e+01 1.800e+01
|    ( QUESTION0 1 3.595e+01 1.492e+01 5.000e+00
|        ( - 3.818e+00 1 0)
|        ( - 1.721e+01 1 0))
|    ( QUESTION0 1 1.627e+02 2.822e+01 1.300e+01
|        ( - 1.075e+02 1 0)
|        ( - 2.702e+01 1 0)))
s>    ( QUESTION6 -1 2.477e+02 4.901e+01 1.800e+01
s>        ( QUESTION0 1 3.595e+01 1.492e+01 5.000e+00
s>            ( - 3.818e+00 1 0)
s>            ( - 1.721e+01 1 0))
s>        ( QUESTION0 1 1.627e+02 2.822e+01 1.300e+01
s>            ( - 1.075e+02 1 0)
s>            ( - 2.702e+01 1 0)))INFO: dtree.c(1439): stop. leaf nodes are specific
INFO: dtree.c(1478): Final simple tree
|( QUESTION4 -1 5.043e+02 5.770e+01 3.309e+01
|    ( - 3.815e+02 1 0)
|    ( - 6.517e+01 1 0))
s>    ( QUESTION4 -1 5.043e+02 5.770e+01 3.309e+01
s>        ( - 3.815e+02 1 0)
s>        ( - 6.517e+01 1 0))INFO: dtree.c(1315): Comp split 29
INFO: dtree.c(1315): Comp split 30
INFO: dtree.c(1439): stop. leaf nodes are specific
INFO: dtree.c(1478): Final simple tree
|( QUESTION0_8_R 1 3.435e+02 3.955e+01 2.500e+01
|    ( - 2.687e+02 1 0)
|    ( - 3.522e+01 1 0))
s>    ( QUESTION0_8_R 1 3.435e+02 3.955e+01 2.500e+01
s>        ( - 2.687e+02 1 0)
s>        ( - 3.522e+01 1 0))INFO: dtree.c(1439): stop. leaf nodes are specific
INFO: dtree.c(1478): Final simple tree
|( QUESTION0_0_R 1 3.620e+02 5.818e+01 2.600e+01
|    ( - 1.249e+02 1 0)
|    ( - 1.789e+02 1 0))
s>    ( QUESTION0_0_R 1 3.620e+02 5.818e+01 2.600e+01
s>        ( - 1.249e+02 1 0)
s>        ( - 1.789e+02 1 0))INFO: dtree.c(1315): Comp split 31
INFO: dtree.c(1439): stop. leaf nodes are specific
INFO: dtree.c(1478): Final simple tree
|( QUESTION0_8_R 1 2.860e+02 6.151e+01 2.200e+01
|    ( - 7.055e+01 1 0)
|    ( - 1.540e+02 1 0))
s>    ( QUESTION0_8_R 1 2.860e+02 6.151e+01 2.200e+01
s>        ( - 7.055e+01 1 0)
s>        ( - 1.540e+02 1 0))INFO: dtree.c(1315): Comp split 32
INFO: dtree.c(1439): stop. leaf nodes are specific
INFO: dtree.c(1478): Final simple tree
|( QUESTION1 -1 2.416e+02 4.303e+01 1.700e+01
|    ( - 2.758e+01 1 0)
|    ( - 1.710e+02 2 0))
s>    ( QUESTION1 -1 2.416e+02 4.303e+01 1.700e+01
s>        ( - 2.758e+01 1 0)
s>        ( - 1.710e+02 2 0))INFO: dtree.c(1315): Comp split 33
INFO: dtree.c(1315): Comp split 34
INFO: dtree.c(1315): Comp split 35
INFO: dtree.c(1439): stop. leaf nodes are specific
INFO: dtree.c(1478): Final simple tree
|( QUESTION0_0_R 1 3.512e+02 3.203e+01 1.700e+01
|    ( - 3.102e+02 2 0)
|    ( - 8.993e+00 1 0))
s>    ( QUESTION0_0_R 1 3.512e+02 3.203e+01 1.700e+01
s>        ( - 3.102e+02 2 0)
s>        ( - 8.993e+00 1 0))INFO: dtree.c(1315): Comp split 36
INFO: dtree.c(1439): stop. leaf nodes are specific
INFO: dtree.c(1478): Final simple tree
|( QUESTION0 1 8.988e+01 2.340e+01 7.989e+00
|    ( - 5.897e+01 1 0)
|    ( - 7.514e+00 1 0))
s>    ( QUESTION0 1 8.988e+01 2.340e+01 7.989e+00
s>        ( - 5.897e+01 1 0)
s>        ( - 7.514e+00 1 0))INFO: dtree.c(1315): Comp split 37
INFO: dtree.c(1315): Comp split 38
INFO: dtree.c(1439): stop. leaf nodes are specific
INFO: dtree.c(1478): Final simple tree
|( WDBNDRY_E 0 6.009e+01 1.482e+01 7.000e+00
|    ( - 4.518e+01 1 0)
|    ( - 9.091e-02 1 0))
s>    ( WDBNDRY_E 0 6.009e+01 1.482e+01 7.000e+00
s>        ( - 4.518e+01 1 0)
s>        ( - 9.091e-02 1 0))INFO: dtree.c(1315): Comp split 39
INFO: dtree.c(1315): Comp split 40
INFO: dtree.c(1439): stop. leaf nodes are specific
INFO: dtree.c(1478): Final simple tree
|( QUESTION0 1 4.176e+01 1.373e+01 5.000e+00
|    ( - 5.634e+00 1 0)
|    ( - 2.240e+01 1 0))
s>    ( QUESTION0 1 4.176e+01 1.373e+01 5.000e+00
s>        ( - 5.634e+00 1 0)
s>        ( - 2.240e+01 1 0))INFO: dtree.c(1315): Comp split 41
INFO: dtree.c(1315): Comp split 42
INFO: dtree.c(1315): Comp split 43
INFO: dtree.c(1439): stop. leaf nodes are specific
INFO: dtree.c(1478): Final simple tree
|( QUESTION0_16_R 1 6.302e+01 1.651e+01 7.000e+00
|    ( - 1.818e-01 1 0)
|    ( - 4.633e+01 1 0))
s>    ( QUESTION0_16_R 1 6.302e+01 1.651e+01 7.000e+00
s>        ( - 1.818e-01 1 0)
s>        ( - 4.633e+01 1 0))INFO: dtree.c(1315): Comp split 44
INFO: dtree.c(1439): stop. leaf nodes are specific
INFO: dtree.c(1478): Final simple tree
|( QUESTION0 1 1.627e+02 2.822e+01 1.300e+01
|    ( - 1.075e+02 1 0)
|    ( - 2.702e+01 1 0))
s>    ( QUESTION0 1 1.627e+02 2.822e+01 1.300e+01
s>        ( - 1.075e+02 1 0)
s>        ( - 2.702e+01 1 0))INFO: dtree.c(1439): stop. leaf nodes are specific
INFO: dtree.c(1478): Final simple tree
|( QUESTION0 1 3.595e+01 1.492e+01 5.000e+00
|    ( - 3.818e+00 1 0)
|    ( - 1.721e+01 1 0))
s>    ( QUESTION0 1 3.595e+01 1.492e+01 5.000e+00
s>        ( - 3.818e+00 1 0)
s>        ( - 1.721e+01 1 0))INFO: dtree.c(1315): Comp split 45
INFO: dtree.c(1315): Comp split 46
INFO: dtree.c(1315): Comp split 47
INFO: dtree.c(1315): Comp split 48
INFO: dtree.c(1315): Comp split 49
INFO: dtree.c(1315): Comp split 50
INFO: dtree.c(1315): Comp split 51
INFO: dtree.c(1315): Comp split 52
INFO: dtree.c(1315): Comp split 53
INFO: dtree.c(1315): Comp split 54
INFO: dtree.c(1315): Comp split 55
INFO: dtree.c(1315): Comp split 56
INFO: dtree.c(1315): Comp split 57
INFO: dtree.c(1315): Comp split 58
INFO: dtree.c(1318): stop. leaf nodes are specific
Mon May 23 22:39:48 2022
