Current configuration:
[NAME]		[DEFLT]	[VALUE]
-allphones	no	no
-cntthresh	0.00001	1.000000e-05
-csplitmax	100	2000
-csplitmin	1	1
-csplitthr	8e-4	0.000000e+00
-example	no	no
-fullvar	no	no
-help		no	no
-meanfn			
-mixwfn			/home/rakha/Kuliah/Semester8/nlp/speech-sphinx/train-new-model/an4-master/model_parameters/an4.cd_ptm_untied/mixture_weights
-moddeffn		/home/rakha/Kuliah/Semester8/nlp/speech-sphinx/train-new-model/an4-master/model_architecture/an4.untied.mdef
-mwfloor	1e-4	1.000000e-08
-phone			B
-psetfn			/home/rakha/Kuliah/Semester8/nlp/speech-sphinx/train-new-model/an4-master/model_architecture/an4.tree_questions
-ssplitmax	5	7
-ssplitmin	1	1
-ssplitthr	8e-4	0.000000e+00
-state			2
-stwt			1.0,0.05,0.0,
-treefn			/home/rakha/Kuliah/Semester8/nlp/speech-sphinx/train-new-model/an4-master/trees/an4.unpruned/B-2.dtree
-ts2cbfn	.semi.	.semi.
-varfloor	0.00001	1.000000e-05
-varfn			

INFO: main.c(223): Reading: /home/rakha/Kuliah/Semester8/nlp/speech-sphinx/train-new-model/an4-master/model_architecture/an4.untied.mdef
INFO: model_def_io.c(573): Model definition info:
INFO: model_def_io.c(574): 1618 total models defined (34 base, 1584 tri)
INFO: model_def_io.c(575): 6472 total states
INFO: model_def_io.c(576): 4854 total tied states
INFO: model_def_io.c(577): 102 total tied CI states
INFO: model_def_io.c(578): 34 total tied transition matrices
INFO: model_def_io.c(579): 4 max state/model
INFO: model_def_io.c(580): 4 min state/model
INFO: main.c(242): Building trees for [B AH AH i] through [B UW IY b]
INFO: main.c(269): Covering states |[735 788]| == 54
INFO: main.c(275): Reading: /home/rakha/Kuliah/Semester8/nlp/speech-sphinx/train-new-model/an4-master/model_parameters/an4.cd_ptm_untied/mixture_weights
INFO: s3mixw_io.c(173): Read /home/rakha/Kuliah/Semester8/nlp/speech-sphinx/train-new-model/an4-master/model_parameters/an4.cd_ptm_untied/mixture_weights [54x4x64 array]
INFO: main.c(311): 18 of 18 models have observation count greater than 0.000010
INFO: main.c(95): nrm stwt: 0.000 0.048 0.952 
INFO: main.c(411): 18-class entropy: 1.026294e+04
INFO: main.c(549): Reading: /home/rakha/Kuliah/Semester8/nlp/speech-sphinx/train-new-model/an4-master/model_architecture/an4.tree_questions
INFO: main.c(588): 180 total simple questions (172 phone; 8 word bndry)
INFO: main.c(590): 42 Left Only questions, and 42 Right Only questions
INFO: dtree.c(1478): Final simple tree
|( WDBNDRY_B 0 1.363e+04 1.533e+03 7.127e+02
|    ( QUESTION2_1_L -1 7.266e+03 1.630e+02 4.438e+02
|        ( - 3.019e+03 2 0)
|        ( QUESTION0 -1 4.084e+03 1.341e+02 2.505e+02
|            ( - 1.494e+03 6 0 QUESTION1 -1 9.139e+01 9.523e+01)
|            ( SILENCE -1 2.456e+03 1.007e+02 1.552e+02
|                ( - 1.615e+03 1 0)
|                ( QUESTION16 -1 7.411e+02 9.886e+01 4.956e+01
|                    ( - 2.943e+02 2 0 QUESTION2_9_L -1 5.799e+01 2.256e+01)
|                    ( - 3.479e+02 2 0 QUESTION4 -1 5.265e+01 2.700e+01)))))
|    ( QUESTION0 1 4.832e+03 6.171e+02 2.689e+02
|        ( - 2.099e+03 2 0 QUESTION0 -1 7.579e+01 1.186e+02)
|        ( QUESTION0_0_R 1 2.116e+03 1.038e+02 1.503e+02
|            ( - 1.892e+03 1 0)
|            ( - 1.195e+02 2 0 QUESTION0 -1 3.200e+01 1.100e+01))))
s>    ( WDBNDRY_B 0 1.363e+04 1.533e+03 7.127e+02
s>        ( QUESTION2_1_L -1 7.266e+03 1.630e+02 4.438e+02
s>            ( - 3.019e+03 2 0)
s>            ( QUESTION0 -1 4.084e+03 1.341e+02 2.505e+02
s>                ( - 1.494e+03 6 0 QUESTION1 -1 9.139e+01 9.523e+01)
s>                ( SILENCE -1 2.456e+03 1.007e+02 1.552e+02
s>                    ( - 1.615e+03 1 0)
s>                    ( QUESTION16 -1 7.411e+02 9.886e+01 4.956e+01
s>                        ( - 2.943e+02 2 0 QUESTION2_9_L -1 5.799e+01 2.256e+01)
s>                        ( - 3.479e+02 2 0 QUESTION4 -1 5.265e+01 2.700e+01)))))
s>        ( QUESTION0 1 4.832e+03 6.171e+02 2.689e+02
s>            ( - 2.099e+03 2 0 QUESTION0 -1 7.579e+01 1.186e+02)
s>            ( QUESTION0_0_R 1 2.116e+03 1.038e+02 1.503e+02
s>                ( - 1.892e+03 1 0)
s>                ( - 1.195e+02 2 0 QUESTION0 -1 3.200e+01 1.100e+01))))INFO: dtree.c(1315): Comp split 0
INFO: dtree.c(1478): Final simple tree
|( QUESTION2_1_L -1 7.266e+03 1.630e+02 4.438e+02
|    ( - 3.019e+03 2 0)
|    ( QUESTION0 -1 4.084e+03 1.341e+02 2.505e+02
|        ( QUESTION1 -1 1.494e+03 9.139e+01 9.523e+01
|            ( - 5.465e+02 2 0)
|            ( QUESTION2_12_L -1 8.557e+02 8.689e+01 5.823e+01
|                ( - 2.308e+02 1 0)
|                ( - 5.380e+02 3 0 QUESTION2_0_L -1 5.170e+01 3.923e+01)))
|        ( SILENCE -1 2.456e+03 1.007e+02 1.552e+02
|            ( - 1.615e+03 1 0)
|            ( QUESTION16 -1 7.411e+02 9.886e+01 4.956e+01
|                ( QUESTION2_9_L -1 2.943e+02 5.799e+01 2.256e+01
|                    ( - 4.064e+01 1 0)
|                    ( - 1.957e+02 1 0))
|                ( - 3.479e+02 2 0 QUESTION4 -1 5.265e+01 2.700e+01)))))
s>    ( QUESTION2_1_L -1 7.266e+03 1.630e+02 4.438e+02
s>        ( - 3.019e+03 2 0)
s>        ( QUESTION0 -1 4.084e+03 1.341e+02 2.505e+02
s>            ( QUESTION1 -1 1.494e+03 9.139e+01 9.523e+01
s>                ( - 5.465e+02 2 0)
s>                ( QUESTION2_12_L -1 8.557e+02 8.689e+01 5.823e+01
s>                    ( - 2.308e+02 1 0)
s>                    ( - 5.380e+02 3 0 QUESTION2_0_L -1 5.170e+01 3.923e+01)))
s>            ( SILENCE -1 2.456e+03 1.007e+02 1.552e+02
s>                ( - 1.615e+03 1 0)
s>                ( QUESTION16 -1 7.411e+02 9.886e+01 4.956e+01
s>                    ( QUESTION2_9_L -1 2.943e+02 5.799e+01 2.256e+01
s>                        ( - 4.064e+01 1 0)
s>                        ( - 1.957e+02 1 0))
s>                    ( - 3.479e+02 2 0 QUESTION4 -1 5.265e+01 2.700e+01)))))INFO: dtree.c(1439): stop. leaf nodes are specific
INFO: dtree.c(1478): Final simple tree
|( QUESTION0 1 4.832e+03 6.171e+02 2.689e+02
|    ( QUESTION0 -1 2.099e+03 7.579e+01 1.186e+02
|        ( - 1.979e+03 1 0)
|        ( - 4.362e+01 1 0))
|    ( QUESTION0_0_R 1 2.116e+03 1.038e+02 1.503e+02
|        ( - 1.892e+03 1 0)
|        ( QUESTION0 -1 1.195e+02 3.200e+01 1.100e+01
|            ( - 2.037e+01 1 0)
|            ( - 6.713e+01 1 0))))
s>    ( QUESTION0 1 4.832e+03 6.171e+02 2.689e+02
s>        ( QUESTION0 -1 2.099e+03 7.579e+01 1.186e+02
s>            ( - 1.979e+03 1 0)
s>            ( - 4.362e+01 1 0))
s>        ( QUESTION0_0_R 1 2.116e+03 1.038e+02 1.503e+02
s>            ( - 1.892e+03 1 0)
s>            ( QUESTION0 -1 1.195e+02 3.200e+01 1.100e+01
s>                ( - 2.037e+01 1 0)
s>                ( - 6.713e+01 1 0))))INFO: dtree.c(1315): Comp split 1
INFO: dtree.c(1439): stop. leaf nodes are specific
INFO: dtree.c(1478): Final simple tree
|( QUESTION2_11_L -1 2.182e+03 1.098e+02 1.216e+02
|    ( - 1.979e+03 1 0)
|    ( QUESTION0 -1 9.264e+01 2.865e+01 8.000e+00
|        ( - 2.037e+01 1 0)
|        ( - 4.362e+01 1 0)))
s>    ( QUESTION2_11_L -1 2.182e+03 1.098e+02 1.216e+02
s>        ( - 1.979e+03 1 0)
s>        ( QUESTION0 -1 9.264e+01 2.865e+01 8.000e+00
s>            ( - 2.037e+01 1 0)
s>            ( - 4.362e+01 1 0)))INFO: dtree.c(1439): stop. leaf nodes are specific
INFO: dtree.c(1478): Final simple tree
|( QUESTION0_0_R 1 2.032e+03 7.227e+01 1.473e+02
|    ( - 1.892e+03 1 0)
|    ( - 6.713e+01 1 0))
s>    ( QUESTION0_0_R 1 2.032e+03 7.227e+01 1.473e+02
s>        ( - 1.892e+03 1 0)
s>        ( - 6.713e+01 1 0))INFO: dtree.c(1315): Comp split 2
INFO: dtree.c(1439): stop. leaf nodes are specific
INFO: dtree.c(1478): Final simple tree
|( QUESTION2_1_L -1 3.467e+03 1.001e+02 2.203e+02
|    ( - 3.019e+03 2 0)
|    ( QUESTION4 -1 3.479e+02 5.265e+01 2.700e+01
|        ( - 1.431e+02 1 0)
|        ( - 1.522e+02 1 0)))
s>    ( QUESTION2_1_L -1 3.467e+03 1.001e+02 2.203e+02
s>        ( - 3.019e+03 2 0)
s>        ( QUESTION4 -1 3.479e+02 5.265e+01 2.700e+01
s>            ( - 1.431e+02 1 0)
s>            ( - 1.522e+02 1 0)))INFO: dtree.c(1439): stop. leaf nodes are specific
INFO: dtree.c(1478): Final simple tree
|( QUESTION0 -1 3.627e+03 1.328e+02 2.235e+02
|    ( QUESTION1 -1 1.494e+03 9.139e+01 9.523e+01
|        ( - 5.465e+02 2 0)
|        ( QUESTION2_12_L -1 8.557e+02 8.689e+01 5.823e+01
|            ( - 2.308e+02 1 0)
|            ( QUESTION2_0_L -1 5.380e+02 5.170e+01 3.923e+01
|                ( - 4.179e+02 2 0)
|                ( - 6.836e+01 1 0))))
|    ( SILENCE -1 2.001e+03 9.163e+01 1.282e+02
|        ( - 1.615e+03 1 0)
|        ( QUESTION2_9_L -1 2.943e+02 5.799e+01 2.256e+01
|            ( - 4.064e+01 1 0)
|            ( - 1.957e+02 1 0))))
s>    ( QUESTION0 -1 3.627e+03 1.328e+02 2.235e+02
s>        ( QUESTION1 -1 1.494e+03 9.139e+01 9.523e+01
s>            ( - 5.465e+02 2 0)
s>            ( QUESTION2_12_L -1 8.557e+02 8.689e+01 5.823e+01
s>                ( - 2.308e+02 1 0)
s>                ( QUESTION2_0_L -1 5.380e+02 5.170e+01 3.923e+01
s>                    ( - 4.179e+02 2 0)
s>                    ( - 6.836e+01 1 0))))
s>        ( SILENCE -1 2.001e+03 9.163e+01 1.282e+02
s>            ( - 1.615e+03 1 0)
s>            ( QUESTION2_9_L -1 2.943e+02 5.799e+01 2.256e+01
s>                ( - 4.064e+01 1 0)
s>                ( - 1.957e+02 1 0))))INFO: dtree.c(1315): Comp split 3
INFO: dtree.c(1439): stop. leaf nodes are specific
INFO: dtree.c(1478): Final simple tree
|( QUESTION2 -1 1.442e+03 9.278e+01 9.278e+01
|    ( QUESTION2_0_L -1 5.380e+02 5.170e+01 3.923e+01
|        ( - 4.179e+02 2 0)
|        ( - 6.836e+01 1 0))
|    ( QUESTION0 -1 8.108e+02 6.855e+01 5.356e+01
|        ( - 5.465e+02 2 0)
|        ( - 1.957e+02 1 0)))
s>    ( QUESTION2 -1 1.442e+03 9.278e+01 9.278e+01
s>        ( QUESTION2_0_L -1 5.380e+02 5.170e+01 3.923e+01
s>            ( - 4.179e+02 2 0)
s>            ( - 6.836e+01 1 0))
s>        ( QUESTION0 -1 8.108e+02 6.855e+01 5.356e+01
s>            ( - 5.465e+02 2 0)
s>            ( - 1.957e+02 1 0)))INFO: dtree.c(1439): stop. leaf nodes are specific
INFO: dtree.c(1478): Final simple tree
|( SILENCE -1 2.046e+03 1.043e+02 1.307e+02
|    ( - 1.615e+03 1 0)
|    ( QUESTION0 -1 3.271e+02 5.566e+01 2.500e+01
|        ( - 2.308e+02 1 0)
|        ( - 4.064e+01 1 0)))
s>    ( SILENCE -1 2.046e+03 1.043e+02 1.307e+02
s>        ( - 1.615e+03 1 0)
s>        ( QUESTION0 -1 3.271e+02 5.566e+01 2.500e+01
s>            ( - 2.308e+02 1 0)
s>            ( - 4.064e+01 1 0)))INFO: dtree.c(1315): Comp split 4
INFO: dtree.c(1439): stop. leaf nodes are specific
INFO: dtree.c(1478): Final simple tree
|( QUESTION0 -1 9.264e+01 2.865e+01 8.000e+00
|    ( - 2.037e+01 1 0)
|    ( - 4.362e+01 1 0))
s>    ( QUESTION0 -1 9.264e+01 2.865e+01 8.000e+00
s>        ( - 2.037e+01 1 0)
s>        ( - 4.362e+01 1 0))INFO: dtree.c(1315): Comp split 5
INFO: dtree.c(1439): stop. leaf nodes are specific
INFO: dtree.c(1478): Final simple tree
|( QUESTION0 -1 3.271e+02 5.566e+01 2.500e+01
|    ( - 2.308e+02 1 0)
|    ( - 4.064e+01 1 0))
s>    ( QUESTION0 -1 3.271e+02 5.566e+01 2.500e+01
s>        ( - 2.308e+02 1 0)
s>        ( - 4.064e+01 1 0))INFO: dtree.c(1315): Comp split 6
INFO: dtree.c(1439): stop. leaf nodes are specific
INFO: dtree.c(1478): Final simple tree
|( QUESTION4 -1 3.479e+02 5.265e+01 2.700e+01
|    ( - 1.431e+02 1 0)
|    ( - 1.522e+02 1 0))
s>    ( QUESTION4 -1 3.479e+02 5.265e+01 2.700e+01
s>        ( - 1.431e+02 1 0)
s>        ( - 1.522e+02 1 0))INFO: dtree.c(1315): Comp split 7
INFO: dtree.c(1439): stop. leaf nodes are specific
INFO: dtree.c(1478): Final simple tree
|( QUESTION0 -1 8.108e+02 6.855e+01 5.356e+01
|    ( - 5.465e+02 2 0)
|    ( - 1.957e+02 1 0))
s>    ( QUESTION0 -1 8.108e+02 6.855e+01 5.356e+01
s>        ( - 5.465e+02 2 0)
s>        ( - 1.957e+02 1 0))INFO: dtree.c(1439): stop. leaf nodes are specific
INFO: dtree.c(1478): Final simple tree
|( QUESTION2_0_L -1 5.380e+02 5.170e+01 3.923e+01
|    ( - 4.179e+02 2 0)
|    ( - 6.836e+01 1 0))
s>    ( QUESTION2_0_L -1 5.380e+02 5.170e+01 3.923e+01
s>        ( - 4.179e+02 2 0)
s>        ( - 6.836e+01 1 0))INFO: dtree.c(1315): Comp split 8
INFO: dtree.c(1315): Comp split 9
INFO: dtree.c(1315): Comp split 10
INFO: dtree.c(1315): Comp split 11
INFO: dtree.c(1315): Comp split 12
INFO: dtree.c(1315): Comp split 13
INFO: dtree.c(1315): Comp split 14
INFO: dtree.c(1318): stop. leaf nodes are specific
Mon May 23 22:39:46 2022
