Current configuration:
[NAME]		[DEFLT]	[VALUE]
-allphones	no	no
-cntthresh	0.00001	1.000000e-05
-csplitmax	100	2000
-csplitmin	1	1
-csplitthr	8e-4	0.000000e+00
-example	no	no
-fullvar	no	no
-help		no	no
-meanfn			
-mixwfn			/home/rakha/Kuliah/Semester8/nlp/speech-sphinx/train-new-model/an4-master/model_parameters/an4.cd_ptm_untied/mixture_weights
-moddeffn		/home/rakha/Kuliah/Semester8/nlp/speech-sphinx/train-new-model/an4-master/model_architecture/an4.untied.mdef
-mwfloor	1e-4	1.000000e-08
-phone			UW
-psetfn			/home/rakha/Kuliah/Semester8/nlp/speech-sphinx/train-new-model/an4-master/model_architecture/an4.tree_questions
-ssplitmax	5	7
-ssplitmin	1	1
-ssplitthr	8e-4	0.000000e+00
-state			1
-stwt			1.0,0.05,0.0,
-treefn			/home/rakha/Kuliah/Semester8/nlp/speech-sphinx/train-new-model/an4-master/trees/an4.unpruned/UW-1.dtree
-ts2cbfn	.semi.	.semi.
-varfloor	0.00001	1.000000e-05
-varfn			

INFO: main.c(223): Reading: /home/rakha/Kuliah/Semester8/nlp/speech-sphinx/train-new-model/an4-master/model_architecture/an4.untied.mdef
INFO: model_def_io.c(573): Model definition info:
INFO: model_def_io.c(574): 1618 total models defined (34 base, 1584 tri)
INFO: model_def_io.c(575): 6472 total states
INFO: model_def_io.c(576): 4854 total tied states
INFO: model_def_io.c(577): 102 total tied CI states
INFO: model_def_io.c(578): 34 total tied transition matrices
INFO: model_def_io.c(579): 4 max state/model
INFO: model_def_io.c(580): 4 min state/model
INFO: main.c(242): Building trees for [UW JH N i] through [UW Y Z e]
INFO: main.c(269): Covering states |[4488 4586]| == 99
INFO: main.c(275): Reading: /home/rakha/Kuliah/Semester8/nlp/speech-sphinx/train-new-model/an4-master/model_parameters/an4.cd_ptm_untied/mixture_weights
INFO: s3mixw_io.c(173): Read /home/rakha/Kuliah/Semester8/nlp/speech-sphinx/train-new-model/an4-master/model_parameters/an4.cd_ptm_untied/mixture_weights [99x4x64 array]
INFO: main.c(311): 33 of 33 models have observation count greater than 0.000010
INFO: main.c(95): nrm stwt: 0.045 0.909 0.045 
INFO: main.c(411): 33-class entropy: 3.546671e+04
INFO: main.c(549): Reading: /home/rakha/Kuliah/Semester8/nlp/speech-sphinx/train-new-model/an4-master/model_architecture/an4.tree_questions
INFO: main.c(588): 180 total simple questions (172 phone; 8 word bndry)
INFO: main.c(590): 42 Left Only questions, and 42 Right Only questions
INFO: dtree.c(1478): Final simple tree
|( QUESTION0 -1 4.458e+04 1.704e+03 2.150e+03
|    ( QUESTION2 1 1.501e+04 6.250e+02 7.427e+02
|        ( - 5.425e+03 5 0 QUESTION0_0_R 1 2.781e+02 3.011e+02)
|        ( QUESTION17 1 8.956e+03 4.255e+02 4.416e+02
|            ( - 1.812e+03 2 0 WDBNDRY_E 0 5.135e+01 1.020e+02)
|            ( - 6.718e+03 15 0 QUESTION0_7_R 1 3.136e+02 3.396e+02)))
|    ( QUESTION3 1 2.787e+04 8.258e+02 1.407e+03
|        ( QUESTION0_20_R 1 1.697e+04 6.373e+02 8.832e+02
|            ( - 3.022e+03 1 0)
|            ( QUESTION0_10_R 1 1.331e+04 4.125e+02 7.037e+02
|                ( - 3.680e+03 1 0)
|                ( - 9.215e+03 6 0 QUESTION4 1 2.985e+02 4.759e+02)))
|        ( SILENCE 1 1.008e+04 5.032e+02 5.238e+02
|            ( - 7.369e+03 1 0)
|            ( - 2.207e+03 2 0 QUESTION0_0_R 1 1.512e+02 1.367e+02))))
s>    ( QUESTION0 -1 4.458e+04 1.704e+03 2.150e+03
s>        ( QUESTION2 1 1.501e+04 6.250e+02 7.427e+02
s>            ( - 5.425e+03 5 0 QUESTION0_0_R 1 2.781e+02 3.011e+02)
s>            ( QUESTION17 1 8.956e+03 4.255e+02 4.416e+02
s>                ( - 1.812e+03 2 0 WDBNDRY_E 0 5.135e+01 1.020e+02)
s>                ( - 6.718e+03 15 0 QUESTION0_7_R 1 3.136e+02 3.396e+02)))
s>        ( QUESTION3 1 2.787e+04 8.258e+02 1.407e+03
s>            ( QUESTION0_20_R 1 1.697e+04 6.373e+02 8.832e+02
s>                ( - 3.022e+03 1 0)
s>                ( QUESTION0_10_R 1 1.331e+04 4.125e+02 7.037e+02
s>                    ( - 3.680e+03 1 0)
s>                    ( - 9.215e+03 6 0 QUESTION4 1 2.985e+02 4.759e+02)))
s>            ( SILENCE 1 1.008e+04 5.032e+02 5.238e+02
s>                ( - 7.369e+03 1 0)
s>                ( - 2.207e+03 2 0 QUESTION0_0_R 1 1.512e+02 1.367e+02))))INFO: dtree.c(1315): Comp split 0
INFO: dtree.c(1478): Final simple tree
|( QUESTION3 1 2.787e+04 8.258e+02 1.407e+03
|    ( QUESTION0_20_R 1 1.697e+04 6.373e+02 8.832e+02
|        ( - 3.022e+03 1 0)
|        ( QUESTION0_10_R 1 1.331e+04 4.125e+02 7.037e+02
|            ( - 3.680e+03 1 0)
|            ( QUESTION4 1 9.215e+03 2.985e+02 4.759e+02
|                ( QUESTION0_9_R 1 7.079e+03 3.132e+02 3.721e+02
|                    ( - 2.561e+03 1 0)
|                    ( - 4.205e+03 3 0 QUESTION0_0_R 1 1.830e+02 2.276e+02))
|                ( QUESTION0_16_R 1 1.837e+03 2.068e+02 1.037e+02
|                    ( - 5.546e+02 1 0)
|                    ( - 1.076e+03 1 0)))))
|    ( SILENCE 1 1.008e+04 5.032e+02 5.238e+02
|        ( - 7.369e+03 1 0)
|        ( - 2.207e+03 2 0 QUESTION0_0_R 1 1.512e+02 1.367e+02)))
s>    ( QUESTION3 1 2.787e+04 8.258e+02 1.407e+03
s>        ( QUESTION0_20_R 1 1.697e+04 6.373e+02 8.832e+02
s>            ( - 3.022e+03 1 0)
s>            ( QUESTION0_10_R 1 1.331e+04 4.125e+02 7.037e+02
s>                ( - 3.680e+03 1 0)
s>                ( QUESTION4 1 9.215e+03 2.985e+02 4.759e+02
s>                    ( QUESTION0_9_R 1 7.079e+03 3.132e+02 3.721e+02
s>                        ( - 2.561e+03 1 0)
s>                        ( - 4.205e+03 3 0 QUESTION0_0_R 1 1.830e+02 2.276e+02))
s>                    ( QUESTION0_16_R 1 1.837e+03 2.068e+02 1.037e+02
s>                        ( - 5.546e+02 1 0)
s>                        ( - 1.076e+03 1 0)))))
s>        ( SILENCE 1 1.008e+04 5.032e+02 5.238e+02
s>            ( - 7.369e+03 1 0)
s>            ( - 2.207e+03 2 0 QUESTION0_0_R 1 1.512e+02 1.367e+02)))INFO: dtree.c(1478): Final simple tree
|( QUESTION2 1 1.501e+04 6.250e+02 7.427e+02
|    ( QUESTION0_0_R 1 5.425e+03 2.781e+02 3.011e+02
|        ( - 9.636e+02 2 0)
|        ( - 4.183e+03 3 0))
|    ( QUESTION17 1 8.956e+03 4.255e+02 4.416e+02
|        ( - 1.812e+03 2 0 WDBNDRY_E 0 5.135e+01 1.020e+02)
|        ( QUESTION0_7_R 1 6.718e+03 3.136e+02 3.396e+02
|            ( QUESTION0_11_R 1 5.036e+03 2.556e+02 2.642e+02
|                ( - 1.119e+03 2 0 QUESTION0_12_R 1 1.712e+02 6.856e+01)
|                ( QUESTION6 1 3.662e+03 2.167e+02 1.957e+02
|                    ( QUESTION0_10_R 1 1.896e+03 1.891e+02 1.074e+02
|                        ( - 9.071e+02 1 0)
|                        ( - 8.000e+02 5 0 QUESTION7 1 1.056e+02 4.800e+01))
|                    ( - 1.549e+03 5 0 QUESTION0_16_R 1 1.685e+02 8.828e+01)))
|            ( - 1.369e+03 2 0 SILENCE 1 1.648e+02 7.541e+01))))
s>    ( QUESTION2 1 1.501e+04 6.250e+02 7.427e+02
s>        ( QUESTION0_0_R 1 5.425e+03 2.781e+02 3.011e+02
s>            ( - 9.636e+02 2 0)
s>            ( - 4.183e+03 3 0))
s>        ( QUESTION17 1 8.956e+03 4.255e+02 4.416e+02
s>            ( - 1.812e+03 2 0 WDBNDRY_E 0 5.135e+01 1.020e+02)
s>            ( QUESTION0_7_R 1 6.718e+03 3.136e+02 3.396e+02
s>                ( QUESTION0_11_R 1 5.036e+03 2.556e+02 2.642e+02
s>                    ( - 1.119e+03 2 0 QUESTION0_12_R 1 1.712e+02 6.856e+01)
s>                    ( QUESTION6 1 3.662e+03 2.167e+02 1.957e+02
s>                        ( QUESTION0_10_R 1 1.896e+03 1.891e+02 1.074e+02
s>                            ( - 9.071e+02 1 0)
s>                            ( - 8.000e+02 5 0 QUESTION7 1 1.056e+02 4.800e+01))
s>                        ( - 1.549e+03 5 0 QUESTION0_16_R 1 1.685e+02 8.828e+01)))
s>                ( - 1.369e+03 2 0 SILENCE 1 1.648e+02 7.541e+01))))INFO: dtree.c(1315): Comp split 1
INFO: dtree.c(1439): stop. leaf nodes are specific
INFO: dtree.c(1478): Final simple tree
|( QUESTION0_10_R 1 1.331e+04 4.125e+02 7.037e+02
|    ( - 3.680e+03 1 0)
|    ( QUESTION4 1 9.215e+03 2.985e+02 4.759e+02
|        ( QUESTION0_9_R 1 7.079e+03 3.132e+02 3.721e+02
|            ( - 2.561e+03 1 0)
|            ( QUESTION0_0_R 1 4.205e+03 1.830e+02 2.276e+02
|                ( WDBNDRY_E 0 6.003e+02 3.805e+01 3.961e+01
|                    ( - 5.543e+02 1 0)
|                    ( - 8.000e+00 1 0))
|                ( - 3.421e+03 1 0)))
|        ( QUESTION0_16_R 1 1.837e+03 2.068e+02 1.037e+02
|            ( - 5.546e+02 1 0)
|            ( - 1.076e+03 1 0))))
s>    ( QUESTION0_10_R 1 1.331e+04 4.125e+02 7.037e+02
s>        ( - 3.680e+03 1 0)
s>        ( QUESTION4 1 9.215e+03 2.985e+02 4.759e+02
s>            ( QUESTION0_9_R 1 7.079e+03 3.132e+02 3.721e+02
s>                ( - 2.561e+03 1 0)
s>                ( QUESTION0_0_R 1 4.205e+03 1.830e+02 2.276e+02
s>                    ( WDBNDRY_E 0 6.003e+02 3.805e+01 3.961e+01
s>                        ( - 5.543e+02 1 0)
s>                        ( - 8.000e+00 1 0))
s>                    ( - 3.421e+03 1 0)))
s>            ( QUESTION0_16_R 1 1.837e+03 2.068e+02 1.037e+02
s>                ( - 5.546e+02 1 0)
s>                ( - 1.076e+03 1 0))))INFO: dtree.c(1439): stop. leaf nodes are specific
INFO: dtree.c(1478): Final simple tree
|( SILENCE 1 1.361e+04 7.218e+02 7.033e+02
|    ( - 7.369e+03 1 0)
|    ( QUESTION0_9_R 1 5.520e+03 2.913e+02 3.162e+02
|        ( - 3.022e+03 1 0)
|        ( QUESTION0_0_R 1 2.207e+03 1.512e+02 1.367e+02
|            ( - 5.983e+02 1 0)
|            ( - 1.458e+03 1 0))))
s>    ( SILENCE 1 1.361e+04 7.218e+02 7.033e+02
s>        ( - 7.369e+03 1 0)
s>        ( QUESTION0_9_R 1 5.520e+03 2.913e+02 3.162e+02
s>            ( - 3.022e+03 1 0)
s>            ( QUESTION0_0_R 1 2.207e+03 1.512e+02 1.367e+02
s>                ( - 5.983e+02 1 0)
s>                ( - 1.458e+03 1 0))))INFO: dtree.c(1315): Comp split 2
INFO: dtree.c(1439): stop. leaf nodes are specific
INFO: dtree.c(1478): Final simple tree
|( QUESTION0_9_R 1 5.520e+03 2.913e+02 3.162e+02
|    ( - 3.022e+03 1 0)
|    ( QUESTION0_0_R 1 2.207e+03 1.512e+02 1.367e+02
|        ( - 5.983e+02 1 0)
|        ( - 1.458e+03 1 0)))
s>    ( QUESTION0_9_R 1 5.520e+03 2.913e+02 3.162e+02
s>        ( - 3.022e+03 1 0)
s>        ( QUESTION0_0_R 1 2.207e+03 1.512e+02 1.367e+02
s>            ( - 5.983e+02 1 0)
s>            ( - 1.458e+03 1 0)))INFO: dtree.c(1315): Comp split 3
INFO: dtree.c(1478): Final simple tree
|( QUESTION0_7_R 1 6.718e+03 3.136e+02 3.396e+02
|    ( QUESTION0_11_R 1 5.036e+03 2.556e+02 2.642e+02
|        ( QUESTION0_12_R 1 1.119e+03 1.712e+02 6.856e+01
|            ( - 4.147e+02 1 0)
|            ( - 5.328e+02 1 0))
|        ( QUESTION6 1 3.662e+03 2.167e+02 1.957e+02
|            ( QUESTION0_10_R 1 1.896e+03 1.891e+02 1.074e+02
|                ( - 9.071e+02 1 0)
|                ( - 8.000e+02 5 0 QUESTION7 1 1.056e+02 4.800e+01))
|            ( QUESTION0_16_R 1 1.549e+03 1.685e+02 8.828e+01
|                ( - 6.123e+02 1 0)
|                ( - 7.680e+02 4 0 QUESTION4 1 9.704e+01 4.755e+01))))
|    ( SILENCE 1 1.369e+03 1.648e+02 7.541e+01
|        ( - 2.367e+02 1 0)
|        ( - 9.671e+02 1 0)))
s>    ( QUESTION0_7_R 1 6.718e+03 3.136e+02 3.396e+02
s>        ( QUESTION0_11_R 1 5.036e+03 2.556e+02 2.642e+02
s>            ( QUESTION0_12_R 1 1.119e+03 1.712e+02 6.856e+01
s>                ( - 4.147e+02 1 0)
s>                ( - 5.328e+02 1 0))
s>            ( QUESTION6 1 3.662e+03 2.167e+02 1.957e+02
s>                ( QUESTION0_10_R 1 1.896e+03 1.891e+02 1.074e+02
s>                    ( - 9.071e+02 1 0)
s>                    ( - 8.000e+02 5 0 QUESTION7 1 1.056e+02 4.800e+01))
s>                ( QUESTION0_16_R 1 1.549e+03 1.685e+02 8.828e+01
s>                    ( - 6.123e+02 1 0)
s>                    ( - 7.680e+02 4 0 QUESTION4 1 9.704e+01 4.755e+01))))
s>        ( SILENCE 1 1.369e+03 1.648e+02 7.541e+01
s>            ( - 2.367e+02 1 0)
s>            ( - 9.671e+02 1 0)))INFO: dtree.c(1439): stop. leaf nodes are specific
INFO: dtree.c(1478): Final simple tree
|( QUESTION0_8_R 1 7.595e+03 4.205e+02 4.031e+02
|    ( - 4.183e+03 3 0)
|    ( QUESTION0_0_R 1 2.991e+03 2.155e+02 1.603e+02
|        ( - 9.636e+02 2 0)
|        ( WDBNDRY_E 0 1.812e+03 5.135e+01 1.020e+02
|            ( - 1.749e+03 1 0)
|            ( - 1.247e+01 1 0))))
s>    ( QUESTION0_8_R 1 7.595e+03 4.205e+02 4.031e+02
s>        ( - 4.183e+03 3 0)
s>        ( QUESTION0_0_R 1 2.991e+03 2.155e+02 1.603e+02
s>            ( - 9.636e+02 2 0)
s>            ( WDBNDRY_E 0 1.812e+03 5.135e+01 1.020e+02
s>                ( - 1.749e+03 1 0)
s>                ( - 1.247e+01 1 0))))INFO: dtree.c(1315): Comp split 4
INFO: dtree.c(1439): stop. leaf nodes are specific
INFO: dtree.c(1478): Final simple tree
|( QUESTION0_10_R 1 5.256e+03 2.634e+02 3.086e+02
|    ( - 3.680e+03 1 0)
|    ( QUESTION0_0_R 1 1.313e+03 1.581e+02 8.079e+01
|        ( WDBNDRY_E 0 6.003e+02 3.805e+01 3.961e+01
|            ( - 5.543e+02 1 0)
|            ( - 8.000e+00 1 0))
|        ( - 5.546e+02 1 0)))
s>    ( QUESTION0_10_R 1 5.256e+03 2.634e+02 3.086e+02
s>        ( - 3.680e+03 1 0)
s>        ( QUESTION0_0_R 1 1.313e+03 1.581e+02 8.079e+01
s>            ( WDBNDRY_E 0 6.003e+02 3.805e+01 3.961e+01
s>                ( - 5.543e+02 1 0)
s>                ( - 8.000e+00 1 0))
s>            ( - 5.546e+02 1 0)))INFO: dtree.c(1439): stop. leaf nodes are specific
INFO: dtree.c(1478): Final simple tree
|( QUESTION0_16_R 1 7.623e+03 3.175e+02 3.951e+02
|    ( - 2.561e+03 1 0)
|    ( QUESTION0_8_R 1 4.745e+03 2.477e+02 2.506e+02
|        ( - 3.421e+03 1 0)
|        ( - 1.076e+03 1 0)))
s>    ( QUESTION0_16_R 1 7.623e+03 3.175e+02 3.951e+02
s>        ( - 2.561e+03 1 0)
s>        ( QUESTION0_8_R 1 4.745e+03 2.477e+02 2.506e+02
s>            ( - 3.421e+03 1 0)
s>            ( - 1.076e+03 1 0)))INFO: dtree.c(1315): Comp split 5
INFO: dtree.c(1439): stop. leaf nodes are specific
INFO: dtree.c(1478): Final simple tree
|( QUESTION0_0_R 1 2.991e+03 2.155e+02 1.603e+02
|    ( - 9.636e+02 2 0)
|    ( WDBNDRY_E 0 1.812e+03 5.135e+01 1.020e+02
|        ( - 1.749e+03 1 0)
|        ( - 1.247e+01 1 0)))
s>    ( QUESTION0_0_R 1 2.991e+03 2.155e+02 1.603e+02
s>        ( - 9.636e+02 2 0)
s>        ( WDBNDRY_E 0 1.812e+03 5.135e+01 1.020e+02
s>            ( - 1.749e+03 1 0)
s>            ( - 1.247e+01 1 0)))INFO: dtree.c(1315): Comp split 6
INFO: dtree.c(1478): Final simple tree
|( QUESTION8 1 4.394e+03 2.441e+02 2.339e+02
|    ( QUESTION0_10_R 1 1.020e+03 1.275e+02 6.326e+01
|        ( - 5.328e+02 1 0)
|        ( - 3.600e+02 2 0 QUESTION0_18_R 1 6.764e+01 2.499e+01))
|    ( QUESTION0_8_R 1 3.130e+03 1.986e+02 1.707e+02
|        ( QUESTION0 1 5.935e+02 8.200e+01 3.655e+01
|            ( - 2.201e+02 2 0)
|            ( - 2.914e+02 1 0))
|        ( QUESTION0_15_R 1 2.338e+03 1.801e+02 1.341e+02
|            ( QUESTION4 1 1.116e+03 1.304e+02 6.673e+01
|                ( - 6.123e+02 1 0)
|                ( QUESTION0_16_R 1 3.738e+02 7.434e+01 2.600e+01
|                    ( - 1.219e+02 1 0)
|                    ( - 1.775e+02 2 0 QUESTION0_20_R 1 2.947e+01 1.600e+01)))
|            ( - 1.041e+03 2 0 QUESTION0_10_R 1 7.075e+01 6.740e+01))))
s>    ( QUESTION8 1 4.394e+03 2.441e+02 2.339e+02
s>        ( QUESTION0_10_R 1 1.020e+03 1.275e+02 6.326e+01
s>            ( - 5.328e+02 1 0)
s>            ( - 3.600e+02 2 0 QUESTION0_18_R 1 6.764e+01 2.499e+01))
s>        ( QUESTION0_8_R 1 3.130e+03 1.986e+02 1.707e+02
s>            ( QUESTION0 1 5.935e+02 8.200e+01 3.655e+01
s>                ( - 2.201e+02 2 0)
s>                ( - 2.914e+02 1 0))
s>            ( QUESTION0_15_R 1 2.338e+03 1.801e+02 1.341e+02
s>                ( QUESTION4 1 1.116e+03 1.304e+02 6.673e+01
s>                    ( - 6.123e+02 1 0)
s>                    ( QUESTION0_16_R 1 3.738e+02 7.434e+01 2.600e+01
s>                        ( - 1.219e+02 1 0)
s>                        ( - 1.775e+02 2 0 QUESTION0_20_R 1 2.947e+01 1.600e+01)))
s>                ( - 1.041e+03 2 0 QUESTION0_10_R 1 7.075e+01 6.740e+01))))INFO: dtree.c(1439): stop. leaf nodes are specific
INFO: dtree.c(1478): Final simple tree
|( QUESTION0_0_R 1 1.973e+03 2.217e+02 1.057e+02
|    ( - 9.671e+02 1 0)
|    ( SILENCE 1 7.841e+02 1.327e+02 4.829e+01
|        ( - 2.367e+02 1 0)
|        ( - 4.147e+02 1 0)))
s>    ( QUESTION0_0_R 1 1.973e+03 2.217e+02 1.057e+02
s>        ( - 9.671e+02 1 0)
s>        ( SILENCE 1 7.841e+02 1.327e+02 4.829e+01
s>            ( - 2.367e+02 1 0)
s>            ( - 4.147e+02 1 0)))INFO: dtree.c(1315): Comp split 7
INFO: dtree.c(1439): stop. leaf nodes are specific
INFO: dtree.c(1478): Final simple tree
|( QUESTION0_8_R 1 4.745e+03 2.477e+02 2.506e+02
|    ( - 3.421e+03 1 0)
|    ( - 1.076e+03 1 0))
s>    ( QUESTION0_8_R 1 4.745e+03 2.477e+02 2.506e+02
s>        ( - 3.421e+03 1 0)
s>        ( - 1.076e+03 1 0))INFO: dtree.c(1315): Comp split 8
INFO: dtree.c(1439): stop. leaf nodes are specific
INFO: dtree.c(1478): Final simple tree
|( QUESTION0_0_R 1 2.207e+03 1.512e+02 1.367e+02
|    ( - 5.983e+02 1 0)
|    ( - 1.458e+03 1 0))
s>    ( QUESTION0_0_R 1 2.207e+03 1.512e+02 1.367e+02
s>        ( - 5.983e+02 1 0)
s>        ( - 1.458e+03 1 0))INFO: dtree.c(1315): Comp split 9
INFO: dtree.c(1439): stop. leaf nodes are specific
INFO: dtree.c(1478): Final simple tree
|( QUESTION7 1 1.684e+03 1.667e+02 9.281e+01
|    ( QUESTION0_10_R 1 1.020e+03 1.275e+02 6.326e+01
|        ( - 5.328e+02 1 0)
|        ( QUESTION0_18_R 1 3.600e+02 6.764e+01 2.499e+01
|            ( - 1.817e+02 1 0)
|            ( - 1.106e+02 1 0)))
|    ( QUESTION0_8_R 1 4.975e+02 8.416e+01 2.955e+01
|        ( - 2.914e+02 1 0)
|        ( - 1.219e+02 1 0)))
s>    ( QUESTION7 1 1.684e+03 1.667e+02 9.281e+01
s>        ( QUESTION0_10_R 1 1.020e+03 1.275e+02 6.326e+01
s>            ( - 5.328e+02 1 0)
s>            ( QUESTION0_18_R 1 3.600e+02 6.764e+01 2.499e+01
s>                ( - 1.817e+02 1 0)
s>                ( - 1.106e+02 1 0)))
s>        ( QUESTION0_8_R 1 4.975e+02 8.416e+01 2.955e+01
s>            ( - 2.914e+02 1 0)
s>            ( - 1.219e+02 1 0)))INFO: dtree.c(1439): stop. leaf nodes are specific
INFO: dtree.c(1478): Final simple tree
|( QUESTION0_15_R 1 2.438e+03 1.671e+02 1.411e+02
|    ( QUESTION0_16_R 1 8.900e+02 1.002e+02 5.673e+01
|        ( - 6.123e+02 1 0)
|        ( QUESTION0_20_R 1 1.775e+02 2.947e+01 1.600e+01
|            ( - 1.098e+02 1 0)
|            ( - 3.832e+01 1 0)))
|    ( QUESTION0_10_R 1 1.380e+03 1.226e+02 8.440e+01
|        ( - 9.071e+02 1 0)
|        ( QUESTION0_8_R 1 3.507e+02 6.734e+01 2.501e+01
|            ( - 2.201e+02 2 0)
|            ( - 6.322e+01 1 0))))
s>    ( QUESTION0_15_R 1 2.438e+03 1.671e+02 1.411e+02
s>        ( QUESTION0_16_R 1 8.900e+02 1.002e+02 5.673e+01
s>            ( - 6.123e+02 1 0)
s>            ( QUESTION0_20_R 1 1.775e+02 2.947e+01 1.600e+01
s>                ( - 1.098e+02 1 0)
s>                ( - 3.832e+01 1 0)))
s>        ( QUESTION0_10_R 1 1.380e+03 1.226e+02 8.440e+01
s>            ( - 9.071e+02 1 0)
s>            ( QUESTION0_8_R 1 3.507e+02 6.734e+01 2.501e+01
s>                ( - 2.201e+02 2 0)
s>                ( - 6.322e+01 1 0))))INFO: dtree.c(1315): Comp split 10
INFO: dtree.c(1439): stop. leaf nodes are specific
INFO: dtree.c(1478): Final simple tree
|( QUESTION0_0_R 1 1.265e+03 1.558e+02 7.879e+01
|    ( - 5.543e+02 1 0)
|    ( - 5.546e+02 1 0))
s>    ( QUESTION0_0_R 1 1.265e+03 1.558e+02 7.879e+01
s>        ( - 5.543e+02 1 0)
s>        ( - 5.546e+02 1 0))INFO: dtree.c(1439): stop. leaf nodes are specific
INFO: dtree.c(1478): Final simple tree
|( WDBNDRY_E 0 3.728e+03 3.998e+01 2.298e+02
|    ( - 3.680e+03 1 0)
|    ( - 8.000e+00 1 0))
s>    ( WDBNDRY_E 0 3.728e+03 3.998e+01 2.298e+02
s>        ( - 3.680e+03 1 0)
s>        ( - 8.000e+00 1 0))INFO: dtree.c(1315): Comp split 11
INFO: dtree.c(1315): Comp split 12
INFO: dtree.c(1439): stop. leaf nodes are specific
INFO: dtree.c(1478): Final simple tree
|( SILENCE 1 7.841e+02 1.327e+02 4.829e+01
|    ( - 2.367e+02 1 0)
|    ( - 4.147e+02 1 0))
s>    ( SILENCE 1 7.841e+02 1.327e+02 4.829e+01
s>        ( - 2.367e+02 1 0)
s>        ( - 4.147e+02 1 0))INFO: dtree.c(1315): Comp split 13
INFO: dtree.c(1439): stop. leaf nodes are specific
INFO: dtree.c(1478): Final simple tree
|( WDBNDRY_E 0 1.024e+03 4.765e+01 6.132e+01
|    ( - 9.636e+02 2 0)
|    ( - 1.247e+01 1 0))
s>    ( WDBNDRY_E 0 1.024e+03 4.765e+01 6.132e+01
s>        ( - 9.636e+02 2 0)
s>        ( - 1.247e+01 1 0))INFO: dtree.c(1315): Comp split 14
INFO: dtree.c(1439): stop. leaf nodes are specific
INFO: dtree.c(1478): Final simple tree
|( QUESTION0_16_R 1 1.219e+03 1.456e+02 7.374e+01
|    ( - 6.123e+02 1 0)
|    ( QUESTION0_8_R 1 4.615e+02 6.390e+01 3.300e+01
|        ( - 2.201e+02 2 0)
|        ( QUESTION0_20_R 1 1.775e+02 2.947e+01 1.600e+01
|            ( - 1.098e+02 1 0)
|            ( - 3.832e+01 1 0))))
s>    ( QUESTION0_16_R 1 1.219e+03 1.456e+02 7.374e+01
s>        ( - 6.123e+02 1 0)
s>        ( QUESTION0_8_R 1 4.615e+02 6.390e+01 3.300e+01
s>            ( - 2.201e+02 2 0)
s>            ( QUESTION0_20_R 1 1.775e+02 2.947e+01 1.600e+01
s>                ( - 1.098e+02 1 0)
s>                ( - 3.832e+01 1 0))))INFO: dtree.c(1439): stop. leaf nodes are specific
INFO: dtree.c(1478): Final simple tree
|( QUESTION0_10_R 1 1.041e+03 7.075e+01 6.740e+01
|    ( - 9.071e+02 1 0)
|    ( - 6.322e+01 1 0))
s>    ( QUESTION0_10_R 1 1.041e+03 7.075e+01 6.740e+01
s>        ( - 9.071e+02 1 0)
s>        ( - 6.322e+01 1 0))INFO: dtree.c(1315): Comp split 15
INFO: dtree.c(1439): stop. leaf nodes are specific
INFO: dtree.c(1478): Final simple tree
|( QUESTION0_8_R 1 6.969e+02 1.114e+02 3.955e+01
|    ( - 2.914e+02 1 0)
|    ( QUESTION0_18_R 1 2.941e+02 6.166e+01 2.000e+01
|        ( - 1.219e+02 1 0)
|        ( - 1.106e+02 1 0)))
s>    ( QUESTION0_8_R 1 6.969e+02 1.114e+02 3.955e+01
s>        ( - 2.914e+02 1 0)
s>        ( QUESTION0_18_R 1 2.941e+02 6.166e+01 2.000e+01
s>            ( - 1.219e+02 1 0)
s>            ( - 1.106e+02 1 0)))INFO: dtree.c(1439): stop. leaf nodes are specific
INFO: dtree.c(1478): Final simple tree
|( QUESTION0_10_R 1 8.202e+02 1.057e+02 5.326e+01
|    ( - 5.328e+02 1 0)
|    ( - 1.817e+02 1 0))
s>    ( QUESTION0_10_R 1 8.202e+02 1.057e+02 5.326e+01
s>        ( - 5.328e+02 1 0)
s>        ( - 1.817e+02 1 0))INFO: dtree.c(1315): Comp split 16
INFO: dtree.c(1315): Comp split 17
INFO: dtree.c(1315): Comp split 18
INFO: dtree.c(1439): stop. leaf nodes are specific
INFO: dtree.c(1478): Final simple tree
|( QUESTION0_8_R 1 4.615e+02 6.390e+01 3.300e+01
|    ( - 2.201e+02 2 0)
|    ( QUESTION0_20_R 1 1.775e+02 2.947e+01 1.600e+01
|        ( - 1.098e+02 1 0)
|        ( - 3.832e+01 1 0)))
s>    ( QUESTION0_8_R 1 4.615e+02 6.390e+01 3.300e+01
s>        ( - 2.201e+02 2 0)
s>        ( QUESTION0_20_R 1 1.775e+02 2.947e+01 1.600e+01
s>            ( - 1.098e+02 1 0)
s>            ( - 3.832e+01 1 0)))INFO: dtree.c(1315): Comp split 19
INFO: dtree.c(1315): Comp split 20
INFO: dtree.c(1439): stop. leaf nodes are specific
INFO: dtree.c(1478): Final simple tree
|( QUESTION0_18_R 1 2.941e+02 6.166e+01 2.000e+01
|    ( - 1.219e+02 1 0)
|    ( - 1.106e+02 1 0))
s>    ( QUESTION0_18_R 1 2.941e+02 6.166e+01 2.000e+01
s>        ( - 1.219e+02 1 0)
s>        ( - 1.106e+02 1 0))INFO: dtree.c(1315): Comp split 21
INFO: dtree.c(1315): Comp split 22
INFO: dtree.c(1315): Comp split 23
INFO: dtree.c(1439): stop. leaf nodes are specific
INFO: dtree.c(1478): Final simple tree
|( QUESTION0_20_R 1 1.775e+02 2.947e+01 1.600e+01
|    ( - 1.098e+02 1 0)
|    ( - 3.832e+01 1 0))
s>    ( QUESTION0_20_R 1 1.775e+02 2.947e+01 1.600e+01
s>        ( - 1.098e+02 1 0)
s>        ( - 3.832e+01 1 0))INFO: dtree.c(1315): Comp split 24
INFO: dtree.c(1315): Comp split 25
INFO: dtree.c(1315): Comp split 26
INFO: dtree.c(1315): Comp split 27
INFO: dtree.c(1315): Comp split 28
INFO: dtree.c(1318): stop. leaf nodes are specific
Mon May 23 22:39:55 2022
