Current configuration:
[NAME]		[DEFLT]	[VALUE]
-allphones	no	no
-cntthresh	0.00001	1.000000e-05
-csplitmax	100	2000
-csplitmin	1	1
-csplitthr	8e-4	0.000000e+00
-example	no	no
-fullvar	no	no
-help		no	no
-meanfn			
-mixwfn			/home/rakha/Kuliah/Semester8/nlp/speech-sphinx/train-new-model/an4-master/model_parameters/an4.cd_ptm_untied/mixture_weights
-moddeffn		/home/rakha/Kuliah/Semester8/nlp/speech-sphinx/train-new-model/an4-master/model_architecture/an4.untied.mdef
-mwfloor	1e-4	1.000000e-08
-phone			TH
-psetfn			/home/rakha/Kuliah/Semester8/nlp/speech-sphinx/train-new-model/an4-master/model_architecture/an4.tree_questions
-ssplitmax	5	7
-ssplitmin	1	1
-ssplitthr	8e-4	0.000000e+00
-state			0
-stwt			1.0,0.05,0.0,
-treefn			/home/rakha/Kuliah/Semester8/nlp/speech-sphinx/train-new-model/an4-master/trees/an4.unpruned/TH-0.dtree
-ts2cbfn	.semi.	.semi.
-varfloor	0.00001	1.000000e-05
-varfn			

INFO: main.c(223): Reading: /home/rakha/Kuliah/Semester8/nlp/speech-sphinx/train-new-model/an4-master/model_architecture/an4.untied.mdef
INFO: model_def_io.c(573): Model definition info:
INFO: model_def_io.c(574): 1618 total models defined (34 base, 1584 tri)
INFO: model_def_io.c(575): 6472 total states
INFO: model_def_io.c(576): 4854 total tied states
INFO: model_def_io.c(577): 102 total tied CI states
INFO: model_def_io.c(578): 34 total tied transition matrices
INFO: model_def_io.c(579): 4 max state/model
INFO: model_def_io.c(580): 4 min state/model
INFO: main.c(242): Building trees for [TH AH N e] through [TH V R b]
INFO: main.c(269): Covering states |[4362 4487]| == 126
INFO: main.c(275): Reading: /home/rakha/Kuliah/Semester8/nlp/speech-sphinx/train-new-model/an4-master/model_parameters/an4.cd_ptm_untied/mixture_weights
INFO: s3mixw_io.c(173): Read /home/rakha/Kuliah/Semester8/nlp/speech-sphinx/train-new-model/an4-master/model_parameters/an4.cd_ptm_untied/mixture_weights [126x4x64 array]
INFO: main.c(311): 42 of 42 models have observation count greater than 0.000010
INFO: main.c(95): nrm stwt: 0.952 0.048 0.000 
INFO: main.c(411): 42-class entropy: 2.923365e+04
INFO: main.c(549): Reading: /home/rakha/Kuliah/Semester8/nlp/speech-sphinx/train-new-model/an4-master/model_architecture/an4.tree_questions
INFO: main.c(588): 180 total simple questions (172 phone; 8 word bndry)
INFO: main.c(590): 42 Left Only questions, and 42 Right Only questions
INFO: dtree.c(1478): Final simple tree
|( QUESTION0_2_R 1 3.644e+04 4.929e+02 1.794e+03
|    ( QUESTION2_2_L -1 2.421e+04 4.497e+02 1.186e+03
|        ( QUESTION2_5_L -1 1.639e+04 3.925e+02 8.015e+02
|            ( QUESTION4 -1 4.978e+03 2.814e+02 2.513e+02
|                ( - 2.757e+03 2 0 QUESTION0_5_R 1 7.484e+01 1.455e+02)
|                ( - 1.940e+03 1 0))
|            ( QUESTION1 -1 1.102e+04 3.244e+02 5.502e+02
|                ( - 5.779e+03 2 0)
|                ( - 4.916e+03 7 0 QUESTION16 -1 2.106e+02 2.489e+02)))
|        ( - 7.374e+03 7 0 QUESTION2_10_L -1 2.697e+02 3.848e+02))
|    ( QUESTION4 -1 1.173e+04 3.941e+02 6.077e+02
|        ( - 4.923e+03 9 0 QUESTION0_0_R 1 2.496e+02 2.660e+02)
|        ( WDBNDRY_B 0 6.418e+03 2.724e+02 3.416e+02
|            ( - 4.779e+03 11 0 QUESTION1 -1 2.238e+02 2.586e+02)
|            ( - 1.366e+03 3 0 QUESTION0 -1 1.739e+02 8.300e+01))))
s>    ( QUESTION0_2_R 1 3.644e+04 4.929e+02 1.794e+03
s>        ( QUESTION2_2_L -1 2.421e+04 4.497e+02 1.186e+03
s>            ( QUESTION2_5_L -1 1.639e+04 3.925e+02 8.015e+02
s>                ( QUESTION4 -1 4.978e+03 2.814e+02 2.513e+02
s>                    ( - 2.757e+03 2 0 QUESTION0_5_R 1 7.484e+01 1.455e+02)
s>                    ( - 1.940e+03 1 0))
s>                ( QUESTION1 -1 1.102e+04 3.244e+02 5.502e+02
s>                    ( - 5.779e+03 2 0)
s>                    ( - 4.916e+03 7 0 QUESTION16 -1 2.106e+02 2.489e+02)))
s>            ( - 7.374e+03 7 0 QUESTION2_10_L -1 2.697e+02 3.848e+02))
s>        ( QUESTION4 -1 1.173e+04 3.941e+02 6.077e+02
s>            ( - 4.923e+03 9 0 QUESTION0_0_R 1 2.496e+02 2.660e+02)
s>            ( WDBNDRY_B 0 6.418e+03 2.724e+02 3.416e+02
s>                ( - 4.779e+03 11 0 QUESTION1 -1 2.238e+02 2.586e+02)
s>                ( - 1.366e+03 3 0 QUESTION0 -1 1.739e+02 8.300e+01))))INFO: dtree.c(1315): Comp split 0
INFO: dtree.c(1478): Final simple tree
|( QUESTION1 -1 1.783e+04 4.082e+02 8.919e+02
|    ( QUESTION0_0_R 1 7.032e+03 2.015e+02 3.664e+02
|        ( - 5.779e+03 2 0)
|        ( - 1.052e+03 1 0))
|    ( QUESTION0_2_R 1 1.039e+04 3.332e+02 5.255e+02
|        ( QUESTION16 -1 4.916e+03 2.106e+02 2.489e+02
|            ( - 9.016e+02 2 0 QUESTION0_5_R 1 1.173e+02 5.505e+01)
|            ( - 3.804e+03 5 0 QUESTION0 -1 7.913e+01 1.938e+02))
|        ( WDBNDRY_B 0 5.145e+03 2.755e+02 2.766e+02
|            ( QUESTION2_10_L -1 3.503e+03 1.851e+02 1.936e+02
|                ( - 9.921e+02 2 0 QUESTION0 -1 1.065e+02 6.163e+01)
|                ( - 2.326e+03 8 0 QUESTION2_4_L -1 1.649e+02 1.320e+02))
|            ( QUESTION0 -1 1.366e+03 1.739e+02 8.300e+01
|                ( - 8.043e+02 1 0)
|                ( - 3.883e+02 2 0 QUESTION6 -1 6.307e+01 3.400e+01)))))
s>    ( QUESTION1 -1 1.783e+04 4.082e+02 8.919e+02
s>        ( QUESTION0_0_R 1 7.032e+03 2.015e+02 3.664e+02
s>            ( - 5.779e+03 2 0)
s>            ( - 1.052e+03 1 0))
s>        ( QUESTION0_2_R 1 1.039e+04 3.332e+02 5.255e+02
s>            ( QUESTION16 -1 4.916e+03 2.106e+02 2.489e+02
s>                ( - 9.016e+02 2 0 QUESTION0_5_R 1 1.173e+02 5.505e+01)
s>                ( - 3.804e+03 5 0 QUESTION0 -1 7.913e+01 1.938e+02))
s>            ( WDBNDRY_B 0 5.145e+03 2.755e+02 2.766e+02
s>                ( QUESTION2_10_L -1 3.503e+03 1.851e+02 1.936e+02
s>                    ( - 9.921e+02 2 0 QUESTION0 -1 1.065e+02 6.163e+01)
s>                    ( - 2.326e+03 8 0 QUESTION2_4_L -1 1.649e+02 1.320e+02))
s>                ( QUESTION0 -1 1.366e+03 1.739e+02 8.300e+01
s>                    ( - 8.043e+02 1 0)
s>                    ( - 3.883e+02 2 0 QUESTION6 -1 6.307e+01 3.400e+01)))))INFO: dtree.c(1478): Final simple tree
|( QUESTION2_2_L -1 1.805e+04 4.112e+02 9.021e+02
|    ( QUESTION0_2_R 1 8.705e+03 3.393e+02 4.363e+02
|        ( QUESTION4 -1 4.978e+03 2.814e+02 2.513e+02
|            ( - 2.757e+03 2 0 QUESTION0_5_R 1 7.484e+01 1.455e+02)
|            ( - 1.940e+03 1 0))
|        ( QUESTION4 1 3.387e+03 2.448e+02 1.850e+02
|            ( - 2.104e+03 2 0 QUESTION0_0_R 1 2.005e+02 1.180e+02)
|            ( - 1.039e+03 2 0 WDBNDRY_B 0 6.571e+01 6.702e+01)))
|    ( QUESTION4 -1 8.931e+03 2.829e+02 4.658e+02
|        ( QUESTION0_6_R 1 2.490e+03 2.165e+02 1.380e+02
|            ( - 9.486e+02 1 0)
|            ( - 1.325e+03 6 0 QUESTION0_1_R 1 1.277e+02 8.200e+01))
|        ( QUESTION2_10_L -1 6.158e+03 2.662e+02 3.278e+02
|            ( - 6.492e+02 2 0 QUESTION0 -1 1.104e+02 5.100e+01)
|            ( - 5.243e+03 3 0 SILENCE -1 2.159e+02 2.768e+02))))
s>    ( QUESTION2_2_L -1 1.805e+04 4.112e+02 9.021e+02
s>        ( QUESTION0_2_R 1 8.705e+03 3.393e+02 4.363e+02
s>            ( QUESTION4 -1 4.978e+03 2.814e+02 2.513e+02
s>                ( - 2.757e+03 2 0 QUESTION0_5_R 1 7.484e+01 1.455e+02)
s>                ( - 1.940e+03 1 0))
s>            ( QUESTION4 1 3.387e+03 2.448e+02 1.850e+02
s>                ( - 2.104e+03 2 0 QUESTION0_0_R 1 2.005e+02 1.180e+02)
s>                ( - 1.039e+03 2 0 WDBNDRY_B 0 6.571e+01 6.702e+01)))
s>        ( QUESTION4 -1 8.931e+03 2.829e+02 4.658e+02
s>            ( QUESTION0_6_R 1 2.490e+03 2.165e+02 1.380e+02
s>                ( - 9.486e+02 1 0)
s>                ( - 1.325e+03 6 0 QUESTION0_1_R 1 1.277e+02 8.200e+01))
s>            ( QUESTION2_10_L -1 6.158e+03 2.662e+02 3.278e+02
s>                ( - 6.492e+02 2 0 QUESTION0 -1 1.104e+02 5.100e+01)
s>                ( - 5.243e+03 3 0 SILENCE -1 2.159e+02 2.768e+02))))INFO: dtree.c(1315): Comp split 1
INFO: dtree.c(1478): Final simple tree
|( QUESTION2_10_L -1 1.021e+04 2.756e+02 5.328e+02
|    ( QUESTION0 -1 6.492e+02 1.104e+02 5.100e+01
|        ( - 2.701e+02 1 0)
|        ( - 2.687e+02 1 0))
|    ( QUESTION2_1_L -1 9.289e+03 2.756e+02 4.818e+02
|        ( QUESTION4 -1 4.716e+03 2.311e+02 2.502e+02
|            ( QUESTION0_6_R 1 2.490e+03 2.165e+02 1.380e+02
|                ( - 9.486e+02 1 0)
|                ( QUESTION0_1_R 1 1.325e+03 1.277e+02 8.200e+01
|                    ( - 4.134e+02 2 0)
|                    ( - 7.836e+02 4 0 QUESTION0_8_R 1 5.374e+01 5.100e+01)))
|            ( - 1.995e+03 2 0 QUESTION0_5_R 1 4.527e+01 1.122e+02))
|        ( SILENCE -1 4.297e+03 2.267e+02 2.316e+02
|            ( - 3.032e+03 1 0)
|            ( - 1.039e+03 2 0 WDBNDRY_B 0 6.571e+01 6.702e+01))))
s>    ( QUESTION2_10_L -1 1.021e+04 2.756e+02 5.328e+02
s>        ( QUESTION0 -1 6.492e+02 1.104e+02 5.100e+01
s>            ( - 2.701e+02 1 0)
s>            ( - 2.687e+02 1 0))
s>        ( QUESTION2_1_L -1 9.289e+03 2.756e+02 4.818e+02
s>            ( QUESTION4 -1 4.716e+03 2.311e+02 2.502e+02
s>                ( QUESTION0_6_R 1 2.490e+03 2.165e+02 1.380e+02
s>                    ( - 9.486e+02 1 0)
s>                    ( QUESTION0_1_R 1 1.325e+03 1.277e+02 8.200e+01
s>                        ( - 4.134e+02 2 0)
s>                        ( - 7.836e+02 4 0 QUESTION0_8_R 1 5.374e+01 5.100e+01)))
s>                ( - 1.995e+03 2 0 QUESTION0_5_R 1 4.527e+01 1.122e+02))
s>            ( SILENCE -1 4.297e+03 2.267e+02 2.316e+02
s>                ( - 3.032e+03 1 0)
s>                ( - 1.039e+03 2 0 WDBNDRY_B 0 6.571e+01 6.702e+01))))INFO: dtree.c(1439): stop. leaf nodes are specific
INFO: dtree.c(1478): Final simple tree
|( WDBNDRY_B 0 7.391e+03 3.093e+02 3.693e+02
|    ( QUESTION4 -1 4.978e+03 2.814e+02 2.513e+02
|        ( QUESTION0_5_R 1 2.757e+03 7.484e+01 1.455e+02
|            ( - 3.184e+01 1 0)
|            ( - 2.651e+03 1 0))
|        ( - 1.940e+03 1 0))
|    ( QUESTION0_0_R 1 2.104e+03 2.005e+02 1.180e+02
|        ( - 1.318e+03 1 0)
|        ( - 5.850e+02 1 0)))
s>    ( WDBNDRY_B 0 7.391e+03 3.093e+02 3.693e+02
s>        ( QUESTION4 -1 4.978e+03 2.814e+02 2.513e+02
s>            ( QUESTION0_5_R 1 2.757e+03 7.484e+01 1.455e+02
s>                ( - 3.184e+01 1 0)
s>                ( - 2.651e+03 1 0))
s>            ( - 1.940e+03 1 0))
s>        ( QUESTION0_0_R 1 2.104e+03 2.005e+02 1.180e+02
s>            ( - 1.318e+03 1 0)
s>            ( - 5.850e+02 1 0)))INFO: dtree.c(1315): Comp split 2
INFO: dtree.c(1439): stop. leaf nodes are specific
INFO: dtree.c(1478): Final simple tree
|( QUESTION0_2_R 1 7.681e+03 2.662e+02 4.004e+02
|    ( - 5.779e+03 2 0)
|    ( WDBNDRY_B 0 1.636e+03 1.958e+02 9.901e+01
|        ( - 1.052e+03 1 0)
|        ( QUESTION6 -1 3.883e+02 6.307e+01 3.400e+01
|            ( - 2.419e+02 1 0)
|            ( - 8.330e+01 1 0))))
s>    ( QUESTION0_2_R 1 7.681e+03 2.662e+02 4.004e+02
s>        ( - 5.779e+03 2 0)
s>        ( WDBNDRY_B 0 1.636e+03 1.958e+02 9.901e+01
s>            ( - 1.052e+03 1 0)
s>            ( QUESTION6 -1 3.883e+02 6.307e+01 3.400e+01
s>                ( - 2.419e+02 1 0)
s>                ( - 8.330e+01 1 0))))INFO: dtree.c(1478): Final simple tree
|( QUESTION0_2_R 1 9.724e+03 3.214e+02 4.915e+02
|    ( QUESTION16 -1 4.916e+03 2.106e+02 2.489e+02
|        ( QUESTION0_5_R 1 9.016e+02 1.173e+02 5.505e+01
|            ( - 1.896e+02 1 0)
|            ( - 5.947e+02 1 0))
|        ( - 3.804e+03 5 0 QUESTION0 -1 7.913e+01 1.938e+02))
|    ( QUESTION2_10_L -1 4.486e+03 2.042e+02 2.426e+02
|        ( WDBNDRY_B 0 1.956e+03 1.597e+02 1.106e+02
|            ( - 9.921e+02 2 0 QUESTION0 -1 1.065e+02 6.163e+01)
|            ( - 8.043e+02 1 0))
|        ( QUESTION2_4_L -1 2.326e+03 1.649e+02 1.320e+02
|            ( QUESTION2_8_L -1 8.780e+02 1.205e+02 5.500e+01
|                ( - 3.959e+02 2 0 QUESTION2_9_L -1 8.165e+01 2.800e+01)
|                ( - 3.615e+02 2 0 QUESTION6 -1 6.407e+01 2.700e+01))
|            ( - 1.283e+03 4 0 QUESTION0 -1 1.066e+02 7.699e+01))))
s>    ( QUESTION0_2_R 1 9.724e+03 3.214e+02 4.915e+02
s>        ( QUESTION16 -1 4.916e+03 2.106e+02 2.489e+02
s>            ( QUESTION0_5_R 1 9.016e+02 1.173e+02 5.505e+01
s>                ( - 1.896e+02 1 0)
s>                ( - 5.947e+02 1 0))
s>            ( - 3.804e+03 5 0 QUESTION0 -1 7.913e+01 1.938e+02))
s>        ( QUESTION2_10_L -1 4.486e+03 2.042e+02 2.426e+02
s>            ( WDBNDRY_B 0 1.956e+03 1.597e+02 1.106e+02
s>                ( - 9.921e+02 2 0 QUESTION0 -1 1.065e+02 6.163e+01)
s>                ( - 8.043e+02 1 0))
s>            ( QUESTION2_4_L -1 2.326e+03 1.649e+02 1.320e+02
s>                ( QUESTION2_8_L -1 8.780e+02 1.205e+02 5.500e+01
s>                    ( - 3.959e+02 2 0 QUESTION2_9_L -1 8.165e+01 2.800e+01)
s>                    ( - 3.615e+02 2 0 QUESTION6 -1 6.407e+01 2.700e+01))
s>                ( - 1.283e+03 4 0 QUESTION0 -1 1.066e+02 7.699e+01))))INFO: dtree.c(1315): Comp split 3
INFO: dtree.c(1439): stop. leaf nodes are specific
INFO: dtree.c(1478): Final simple tree
|( QUESTION0_2_R 1 2.188e+03 2.158e+02 1.330e+02
|    ( QUESTION5 -1 6.692e+02 1.136e+02 5.200e+01
|        ( - 2.687e+02 1 0)
|        ( QUESTION0_5_R 1 2.869e+02 1.685e+01 3.100e+01
|            ( - 0.000e+00 1 0)
|            ( - 2.701e+02 1 0)))
|    ( QUESTION0_0_R 1 1.303e+03 1.273e+02 8.100e+01
|        ( - 4.134e+02 2 0)
|        ( WDBNDRY_B 0 7.621e+02 4.523e+01 5.000e+01
|            ( - 7.097e+02 2 0)
|            ( - 7.247e+00 1 0))))
s>    ( QUESTION0_2_R 1 2.188e+03 2.158e+02 1.330e+02
s>        ( QUESTION5 -1 6.692e+02 1.136e+02 5.200e+01
s>            ( - 2.687e+02 1 0)
s>            ( QUESTION0_5_R 1 2.869e+02 1.685e+01 3.100e+01
s>                ( - 0.000e+00 1 0)
s>                ( - 2.701e+02 1 0)))
s>        ( QUESTION0_0_R 1 1.303e+03 1.273e+02 8.100e+01
s>            ( - 4.134e+02 2 0)
s>            ( WDBNDRY_B 0 7.621e+02 4.523e+01 5.000e+01
s>                ( - 7.097e+02 2 0)
s>                ( - 7.247e+00 1 0))))INFO: dtree.c(1439): stop. leaf nodes are specific
INFO: dtree.c(1478): Final simple tree
|( QUESTION4 -1 7.703e+03 2.390e+02 3.998e+02
|    ( QUESTION0_0_R 1 2.221e+03 2.337e+02 1.230e+02
|        ( - 9.486e+02 1 0)
|        ( WDBNDRY_B 0 1.039e+03 6.571e+01 6.702e+01
|            ( - 9.077e+02 1 0)
|            ( - 6.534e+01 1 0)))
|    ( SILENCE -1 5.243e+03 2.159e+02 2.768e+02
|        ( - 3.032e+03 1 0)
|        ( QUESTION0_5_R 1 1.995e+03 4.527e+01 1.122e+02
|            ( - 3.810e+00 1 0)
|            ( - 1.946e+03 1 0))))
s>    ( QUESTION4 -1 7.703e+03 2.390e+02 3.998e+02
s>        ( QUESTION0_0_R 1 2.221e+03 2.337e+02 1.230e+02
s>            ( - 9.486e+02 1 0)
s>            ( WDBNDRY_B 0 1.039e+03 6.571e+01 6.702e+01
s>                ( - 9.077e+02 1 0)
s>                ( - 6.534e+01 1 0)))
s>        ( SILENCE -1 5.243e+03 2.159e+02 2.768e+02
s>            ( - 3.032e+03 1 0)
s>            ( QUESTION0_5_R 1 1.995e+03 4.527e+01 1.122e+02
s>                ( - 3.810e+00 1 0)
s>                ( - 1.946e+03 1 0))))INFO: dtree.c(1315): Comp split 4
INFO: dtree.c(1478): Final simple tree
|( QUESTION2_10_L -1 4.486e+03 2.042e+02 2.426e+02
|    ( WDBNDRY_B 0 1.956e+03 1.597e+02 1.106e+02
|        ( QUESTION0 -1 9.921e+02 1.065e+02 6.163e+01
|            ( - 2.831e+02 1 0)
|            ( - 6.025e+02 1 0))
|        ( - 8.043e+02 1 0))
|    ( QUESTION2_4_L -1 2.326e+03 1.649e+02 1.320e+02
|        ( QUESTION2_8_L -1 8.780e+02 1.205e+02 5.500e+01
|            ( QUESTION2_9_L -1 3.959e+02 8.165e+01 2.800e+01
|                ( - 7.422e+01 1 0)
|                ( - 2.401e+02 1 0))
|            ( - 3.615e+02 2 0 QUESTION6 -1 6.407e+01 2.700e+01))
|        ( QUESTION0 -1 1.283e+03 1.066e+02 7.699e+01
|            ( - 9.011e+02 2 0)
|            ( - 2.755e+02 2 0 SILENCE -1 3.382e+01 2.099e+01))))
s>    ( QUESTION2_10_L -1 4.486e+03 2.042e+02 2.426e+02
s>        ( WDBNDRY_B 0 1.956e+03 1.597e+02 1.106e+02
s>            ( QUESTION0 -1 9.921e+02 1.065e+02 6.163e+01
s>                ( - 2.831e+02 1 0)
s>                ( - 6.025e+02 1 0))
s>            ( - 8.043e+02 1 0))
s>        ( QUESTION2_4_L -1 2.326e+03 1.649e+02 1.320e+02
s>            ( QUESTION2_8_L -1 8.780e+02 1.205e+02 5.500e+01
s>                ( QUESTION2_9_L -1 3.959e+02 8.165e+01 2.800e+01
s>                    ( - 7.422e+01 1 0)
s>                    ( - 2.401e+02 1 0))
s>                ( - 3.615e+02 2 0 QUESTION6 -1 6.407e+01 2.700e+01))
s>            ( QUESTION0 -1 1.283e+03 1.066e+02 7.699e+01
s>                ( - 9.011e+02 2 0)
s>                ( - 2.755e+02 2 0 SILENCE -1 3.382e+01 2.099e+01))))INFO: dtree.c(1439): stop. leaf nodes are specific
INFO: dtree.c(1478): Final simple tree
|( QUESTION16 -1 4.916e+03 2.106e+02 2.489e+02
|    ( QUESTION0_5_R 1 9.016e+02 1.173e+02 5.505e+01
|        ( - 1.896e+02 1 0)
|        ( - 5.947e+02 1 0))
|    ( QUESTION0 -1 3.804e+03 7.913e+01 1.938e+02
|        ( QUESTION0_5_R 1 3.665e+03 3.856e+01 1.868e+02
|            ( - 5.714e+00 1 0)
|            ( - 3.621e+03 3 0))
|        ( - 5.938e+01 1 0)))
s>    ( QUESTION16 -1 4.916e+03 2.106e+02 2.489e+02
s>        ( QUESTION0_5_R 1 9.016e+02 1.173e+02 5.505e+01
s>            ( - 1.896e+02 1 0)
s>            ( - 5.947e+02 1 0))
s>        ( QUESTION0 -1 3.804e+03 7.913e+01 1.938e+02
s>            ( QUESTION0_5_R 1 3.665e+03 3.856e+01 1.868e+02
s>                ( - 5.714e+00 1 0)
s>                ( - 3.621e+03 3 0))
s>            ( - 5.938e+01 1 0)))INFO: dtree.c(1315): Comp split 5
INFO: dtree.c(1439): stop. leaf nodes are specific
INFO: dtree.c(1478): Final simple tree
|( QUESTION0_5_R 1 2.757e+03 7.484e+01 1.455e+02
|    ( - 3.184e+01 1 0)
|    ( - 2.651e+03 1 0))
s>    ( QUESTION0_5_R 1 2.757e+03 7.484e+01 1.455e+02
s>        ( - 3.184e+01 1 0)
s>        ( - 2.651e+03 1 0))INFO: dtree.c(1439): stop. leaf nodes are specific
INFO: dtree.c(1478): Final simple tree
|( WDBNDRY_B 0 4.314e+03 2.707e+02 2.238e+02
|    ( - 1.940e+03 1 0)
|    ( QUESTION0_0_R 1 2.104e+03 2.005e+02 1.180e+02
|        ( - 1.318e+03 1 0)
|        ( - 5.850e+02 1 0)))
s>    ( WDBNDRY_B 0 4.314e+03 2.707e+02 2.238e+02
s>        ( - 1.940e+03 1 0)
s>        ( QUESTION0_0_R 1 2.104e+03 2.005e+02 1.180e+02
s>            ( - 1.318e+03 1 0)
s>            ( - 5.850e+02 1 0)))INFO: dtree.c(1315): Comp split 6
INFO: dtree.c(1439): stop. leaf nodes are specific
INFO: dtree.c(1478): Final simple tree
|( QUESTION0_0_R 1 2.104e+03 2.005e+02 1.180e+02
|    ( - 1.318e+03 1 0)
|    ( - 5.850e+02 1 0))
s>    ( QUESTION0_0_R 1 2.104e+03 2.005e+02 1.180e+02
s>        ( - 1.318e+03 1 0)
s>        ( - 5.850e+02 1 0))INFO: dtree.c(1315): Comp split 7
INFO: dtree.c(1439): stop. leaf nodes are specific
INFO: dtree.c(1478): Final simple tree
|( WDBNDRY_B 0 1.636e+03 1.958e+02 9.901e+01
|    ( - 1.052e+03 1 0)
|    ( QUESTION6 -1 3.883e+02 6.307e+01 3.400e+01
|        ( - 2.419e+02 1 0)
|        ( - 8.330e+01 1 0)))
s>    ( WDBNDRY_B 0 1.636e+03 1.958e+02 9.901e+01
s>        ( - 1.052e+03 1 0)
s>        ( QUESTION6 -1 3.883e+02 6.307e+01 3.400e+01
s>            ( - 2.419e+02 1 0)
s>            ( - 8.330e+01 1 0)))INFO: dtree.c(1315): Comp split 8
INFO: dtree.c(1439): stop. leaf nodes are specific
INFO: dtree.c(1478): Final simple tree
|( QUESTION0_0_R 1 3.196e+03 2.107e+02 1.772e+02
|    ( - 1.946e+03 1 0)
|    ( WDBNDRY_B 0 1.039e+03 6.571e+01 6.702e+01
|        ( - 9.077e+02 1 0)
|        ( - 6.534e+01 1 0)))
s>    ( QUESTION0_0_R 1 3.196e+03 2.107e+02 1.772e+02
s>        ( - 1.946e+03 1 0)
s>        ( WDBNDRY_B 0 1.039e+03 6.571e+01 6.702e+01
s>            ( - 9.077e+02 1 0)
s>            ( - 6.534e+01 1 0)))INFO: dtree.c(1439): stop. leaf nodes are specific
INFO: dtree.c(1478): Final simple tree
|( SILENCE -1 4.252e+03 2.315e+02 2.226e+02
|    ( - 3.032e+03 1 0)
|    ( QUESTION0_5_R 1 9.880e+02 3.562e+01 5.800e+01
|        ( - 3.810e+00 1 0)
|        ( - 9.486e+02 1 0)))
s>    ( SILENCE -1 4.252e+03 2.315e+02 2.226e+02
s>        ( - 3.032e+03 1 0)
s>        ( QUESTION0_5_R 1 9.880e+02 3.562e+01 5.800e+01
s>            ( - 3.810e+00 1 0)
s>            ( - 9.486e+02 1 0)))INFO: dtree.c(1315): Comp split 9
INFO: dtree.c(1439): stop. leaf nodes are specific
INFO: dtree.c(1478): Final simple tree
|( QUESTION3 -1 2.205e+03 1.615e+02 1.246e+02
|    ( QUESTION17 -1 8.046e+02 9.889e+01 4.963e+01
|        ( - 6.025e+02 1 0)
|        ( QUESTION6 -1 1.032e+02 2.301e+01 1.000e+01
|            ( - 6.000e+00 1 0)
|            ( - 7.422e+01 1 0)))
|    ( SILENCE -1 1.239e+03 1.020e+02 7.499e+01
|        ( - 2.357e+02 1 0)
|        ( - 9.011e+02 2 0)))
s>    ( QUESTION3 -1 2.205e+03 1.615e+02 1.246e+02
s>        ( QUESTION17 -1 8.046e+02 9.889e+01 4.963e+01
s>            ( - 6.025e+02 1 0)
s>            ( QUESTION6 -1 1.032e+02 2.301e+01 1.000e+01
s>                ( - 6.000e+00 1 0)
s>                ( - 7.422e+01 1 0)))
s>        ( SILENCE -1 1.239e+03 1.020e+02 7.499e+01
s>            ( - 2.357e+02 1 0)
s>            ( - 9.011e+02 2 0)))INFO: dtree.c(1439): stop. leaf nodes are specific
INFO: dtree.c(1478): Final simple tree
|( WDBNDRY_B 0 2.050e+03 1.454e+02 1.180e+02
|    ( QUESTION2_6_L -1 1.100e+03 1.344e+02 6.900e+01
|        ( QUESTION6 -1 3.851e+02 6.192e+01 3.000e+01
|            ( - 8.315e+01 1 0)
|            ( - 2.401e+02 1 0))
|        ( QUESTION0 -1 5.803e+02 8.290e+01 3.900e+01
|            ( - 2.831e+02 1 0)
|            ( - 2.143e+02 1 0)))
|    ( - 8.043e+02 1 0))
s>    ( WDBNDRY_B 0 2.050e+03 1.454e+02 1.180e+02
s>        ( QUESTION2_6_L -1 1.100e+03 1.344e+02 6.900e+01
s>            ( QUESTION6 -1 3.851e+02 6.192e+01 3.000e+01
s>                ( - 8.315e+01 1 0)
s>                ( - 2.401e+02 1 0))
s>            ( QUESTION0 -1 5.803e+02 8.290e+01 3.900e+01
s>                ( - 2.831e+02 1 0)
s>                ( - 2.143e+02 1 0)))
s>        ( - 8.043e+02 1 0))INFO: dtree.c(1315): Comp split 10
INFO: dtree.c(1439): stop. leaf nodes are specific
INFO: dtree.c(1478): Final simple tree
|( QUESTION0_5_R 1 9.880e+02 3.562e+01 5.800e+01
|    ( - 3.810e+00 1 0)
|    ( - 9.486e+02 1 0))
s>    ( QUESTION0_5_R 1 9.880e+02 3.562e+01 5.800e+01
s>        ( - 3.810e+00 1 0)
s>        ( - 9.486e+02 1 0))INFO: dtree.c(1315): Comp split 11
INFO: dtree.c(1439): stop. leaf nodes are specific
INFO: dtree.c(1478): Final simple tree
|( QUESTION0_0_R 1 1.303e+03 1.273e+02 8.100e+01
|    ( - 4.134e+02 2 0)
|    ( WDBNDRY_B 0 7.621e+02 4.523e+01 5.000e+01
|        ( - 7.097e+02 2 0)
|        ( - 7.247e+00 1 0)))
s>    ( QUESTION0_0_R 1 1.303e+03 1.273e+02 8.100e+01
s>        ( - 4.134e+02 2 0)
s>        ( WDBNDRY_B 0 7.621e+02 4.523e+01 5.000e+01
s>            ( - 7.097e+02 2 0)
s>            ( - 7.247e+00 1 0)))INFO: dtree.c(1439): stop. leaf nodes are specific
INFO: dtree.c(1478): Final simple tree
|( QUESTION5 -1 6.692e+02 1.136e+02 5.200e+01
|    ( - 2.687e+02 1 0)
|    ( QUESTION0_5_R 1 2.869e+02 1.685e+01 3.100e+01
|        ( - 0.000e+00 1 0)
|        ( - 2.701e+02 1 0)))
s>    ( QUESTION5 -1 6.692e+02 1.136e+02 5.200e+01
s>        ( - 2.687e+02 1 0)
s>        ( QUESTION0_5_R 1 2.869e+02 1.685e+01 3.100e+01
s>            ( - 0.000e+00 1 0)
s>            ( - 2.701e+02 1 0)))INFO: dtree.c(1315): Comp split 12
INFO: dtree.c(1439): stop. leaf nodes are specific
INFO: dtree.c(1478): Final simple tree
|( WDBNDRY_B 0 1.039e+03 6.571e+01 6.702e+01
|    ( - 9.077e+02 1 0)
|    ( - 6.534e+01 1 0))
s>    ( WDBNDRY_B 0 1.039e+03 6.571e+01 6.702e+01
s>        ( - 9.077e+02 1 0)
s>        ( - 6.534e+01 1 0))INFO: dtree.c(1315): Comp split 13
INFO: dtree.c(1439): stop. leaf nodes are specific
INFO: dtree.c(1478): Final simple tree
|( QUESTION0 -1 3.804e+03 7.913e+01 1.938e+02
|    ( QUESTION0_5_R 1 3.665e+03 3.856e+01 1.868e+02
|        ( - 5.714e+00 1 0)
|        ( - 3.621e+03 3 0))
|    ( - 5.938e+01 1 0))
s>    ( QUESTION0 -1 3.804e+03 7.913e+01 1.938e+02
s>        ( QUESTION0_5_R 1 3.665e+03 3.856e+01 1.868e+02
s>            ( - 5.714e+00 1 0)
s>            ( - 3.621e+03 3 0))
s>        ( - 5.938e+01 1 0))INFO: dtree.c(1439): stop. leaf nodes are specific
INFO: dtree.c(1478): Final simple tree
|( QUESTION0_5_R 1 9.016e+02 1.173e+02 5.505e+01
|    ( - 1.896e+02 1 0)
|    ( - 5.947e+02 1 0))
s>    ( QUESTION0_5_R 1 9.016e+02 1.173e+02 5.505e+01
s>        ( - 1.896e+02 1 0)
s>        ( - 5.947e+02 1 0))INFO: dtree.c(1315): Comp split 14
INFO: dtree.c(1315): Comp split 15
INFO: dtree.c(1439): stop. leaf nodes are specific
INFO: dtree.c(1478): Final simple tree
|( QUESTION6 -1 3.883e+02 6.307e+01 3.400e+01
|    ( - 2.419e+02 1 0)
|    ( - 8.330e+01 1 0))
s>    ( QUESTION6 -1 3.883e+02 6.307e+01 3.400e+01
s>        ( - 2.419e+02 1 0)
s>        ( - 8.330e+01 1 0))INFO: dtree.c(1315): Comp split 16
INFO: dtree.c(1439): stop. leaf nodes are specific
INFO: dtree.c(1478): Final simple tree
|( QUESTION17 -1 8.046e+02 9.889e+01 4.963e+01
|    ( - 6.025e+02 1 0)
|    ( QUESTION6 -1 1.032e+02 2.301e+01 1.000e+01
|        ( - 6.000e+00 1 0)
|        ( - 7.422e+01 1 0)))
s>    ( QUESTION17 -1 8.046e+02 9.889e+01 4.963e+01
s>        ( - 6.025e+02 1 0)
s>        ( QUESTION6 -1 1.032e+02 2.301e+01 1.000e+01
s>            ( - 6.000e+00 1 0)
s>            ( - 7.422e+01 1 0)))INFO: dtree.c(1439): stop. leaf nodes are specific
INFO: dtree.c(1478): Final simple tree
|( SILENCE -1 1.239e+03 1.020e+02 7.499e+01
|    ( - 2.357e+02 1 0)
|    ( - 9.011e+02 2 0))
s>    ( SILENCE -1 1.239e+03 1.020e+02 7.499e+01
s>        ( - 2.357e+02 1 0)
s>        ( - 9.011e+02 2 0))INFO: dtree.c(1315): Comp split 17
INFO: dtree.c(1439): stop. leaf nodes are specific
INFO: dtree.c(1478): Final simple tree
|( QUESTION0 -1 5.803e+02 8.290e+01 3.900e+01
|    ( - 2.831e+02 1 0)
|    ( - 2.143e+02 1 0))
s>    ( QUESTION0 -1 5.803e+02 8.290e+01 3.900e+01
s>        ( - 2.831e+02 1 0)
s>        ( - 2.143e+02 1 0))INFO: dtree.c(1439): stop. leaf nodes are specific
INFO: dtree.c(1478): Final simple tree
|( WDBNDRY_B 0 1.313e+03 1.235e+02 7.900e+01
|    ( QUESTION6 -1 3.851e+02 6.192e+01 3.000e+01
|        ( - 8.315e+01 1 0)
|        ( - 2.401e+02 1 0))
|    ( - 8.043e+02 1 0))
s>    ( WDBNDRY_B 0 1.313e+03 1.235e+02 7.900e+01
s>        ( QUESTION6 -1 3.851e+02 6.192e+01 3.000e+01
s>            ( - 8.315e+01 1 0)
s>            ( - 2.401e+02 1 0))
s>        ( - 8.043e+02 1 0))INFO: dtree.c(1315): Comp split 18
INFO: dtree.c(1439): stop. leaf nodes are specific
INFO: dtree.c(1478): Final simple tree
|( WDBNDRY_B 0 7.621e+02 4.523e+01 5.000e+01
|    ( - 7.097e+02 2 0)
|    ( - 7.247e+00 1 0))
s>    ( WDBNDRY_B 0 7.621e+02 4.523e+01 5.000e+01
s>        ( - 7.097e+02 2 0)
s>        ( - 7.247e+00 1 0))INFO: dtree.c(1315): Comp split 19
INFO: dtree.c(1439): stop. leaf nodes are specific
INFO: dtree.c(1478): Final simple tree
|( QUESTION6 -1 3.851e+02 6.192e+01 3.000e+01
|    ( - 8.315e+01 1 0)
|    ( - 2.401e+02 1 0))
s>    ( QUESTION6 -1 3.851e+02 6.192e+01 3.000e+01
s>        ( - 8.315e+01 1 0)
s>        ( - 2.401e+02 1 0))INFO: dtree.c(1315): Comp split 20
INFO: dtree.c(1315): Comp split 21
INFO: dtree.c(1439): stop. leaf nodes are specific
INFO: dtree.c(1478): Final simple tree
|( QUESTION0_5_R 1 2.869e+02 1.685e+01 3.100e+01
|    ( - 0.000e+00 1 0)
|    ( - 2.701e+02 1 0))
s>    ( QUESTION0_5_R 1 2.869e+02 1.685e+01 3.100e+01
s>        ( - 0.000e+00 1 0)
s>        ( - 2.701e+02 1 0))INFO: dtree.c(1315): Comp split 22
INFO: dtree.c(1315): Comp split 23
INFO: dtree.c(1439): stop. leaf nodes are specific
INFO: dtree.c(1478): Final simple tree
|( QUESTION6 -1 1.032e+02 2.301e+01 1.000e+01
|    ( - 6.000e+00 1 0)
|    ( - 7.422e+01 1 0))
s>    ( QUESTION6 -1 1.032e+02 2.301e+01 1.000e+01
s>        ( - 6.000e+00 1 0)
s>        ( - 7.422e+01 1 0))INFO: dtree.c(1315): Comp split 24
INFO: dtree.c(1439): stop. leaf nodes are specific
INFO: dtree.c(1478): Final simple tree
|( QUESTION0_5_R 1 9.209e+01 2.699e+01 9.000e+00
|    ( - 5.714e+00 1 0)
|    ( - 5.938e+01 1 0))
s>    ( QUESTION0_5_R 1 9.209e+01 2.699e+01 9.000e+00
s>        ( - 5.714e+00 1 0)
s>        ( - 5.938e+01 1 0))INFO: dtree.c(1315): Comp split 25
INFO: dtree.c(1315): Comp split 26
INFO: dtree.c(1315): Comp split 27
INFO: dtree.c(1315): Comp split 28
INFO: dtree.c(1315): Comp split 29
INFO: dtree.c(1315): Comp split 30
INFO: dtree.c(1315): Comp split 31
INFO: dtree.c(1315): Comp split 32
INFO: dtree.c(1315): Comp split 33
INFO: dtree.c(1315): Comp split 34
INFO: dtree.c(1315): Comp split 35
INFO: dtree.c(1318): stop. leaf nodes are specific
Mon May 23 22:39:54 2022
