Current configuration:
[NAME]		[DEFLT]	[VALUE]
-allphones	no	no
-cntthresh	0.00001	1.000000e-05
-csplitmax	100	2000
-csplitmin	1	1
-csplitthr	8e-4	0.000000e+00
-example	no	no
-fullvar	no	no
-help		no	no
-meanfn			
-mixwfn			/home/rakha/Kuliah/Semester8/nlp/speech-sphinx/train-new-model/an4-master/model_parameters/an4.cd_ptm_untied/mixture_weights
-moddeffn		/home/rakha/Kuliah/Semester8/nlp/speech-sphinx/train-new-model/an4-master/model_architecture/an4.untied.mdef
-mwfloor	1e-4	1.000000e-08
-phone			P
-psetfn			/home/rakha/Kuliah/Semester8/nlp/speech-sphinx/train-new-model/an4-master/model_architecture/an4.tree_questions
-ssplitmax	5	7
-ssplitmin	1	1
-ssplitthr	8e-4	0.000000e+00
-state			1
-stwt			1.0,0.05,0.0,
-treefn			/home/rakha/Kuliah/Semester8/nlp/speech-sphinx/train-new-model/an4-master/trees/an4.unpruned/P-1.dtree
-ts2cbfn	.semi.	.semi.
-varfloor	0.00001	1.000000e-05
-varfn			

INFO: main.c(223): Reading: /home/rakha/Kuliah/Semester8/nlp/speech-sphinx/train-new-model/an4-master/model_architecture/an4.untied.mdef
INFO: model_def_io.c(573): Model definition info:
INFO: model_def_io.c(574): 1618 total models defined (34 base, 1584 tri)
INFO: model_def_io.c(575): 6472 total states
INFO: model_def_io.c(576): 4854 total tied states
INFO: model_def_io.c(577): 102 total tied CI states
INFO: model_def_io.c(578): 34 total tied transition matrices
INFO: model_def_io.c(579): 4 max state/model
INFO: model_def_io.c(580): 4 min state/model
INFO: main.c(242): Building trees for [P AA SIL e] through [P UW IY b]
INFO: main.c(269): Covering states |[3579 3629]| == 51
INFO: main.c(275): Reading: /home/rakha/Kuliah/Semester8/nlp/speech-sphinx/train-new-model/an4-master/model_parameters/an4.cd_ptm_untied/mixture_weights
INFO: s3mixw_io.c(173): Read /home/rakha/Kuliah/Semester8/nlp/speech-sphinx/train-new-model/an4-master/model_parameters/an4.cd_ptm_untied/mixture_weights [51x4x64 array]
INFO: main.c(311): 17 of 17 models have observation count greater than 0.000010
INFO: main.c(95): nrm stwt: 0.045 0.909 0.045 
INFO: main.c(411): 17-class entropy: 1.198630e+04
INFO: main.c(549): Reading: /home/rakha/Kuliah/Semester8/nlp/speech-sphinx/train-new-model/an4-master/model_architecture/an4.tree_questions
INFO: main.c(588): 180 total simple questions (172 phone; 8 word bndry)
INFO: main.c(590): 42 Left Only questions, and 42 Right Only questions
INFO: dtree.c(1478): Final simple tree
|( QUESTION0_1_R 1 1.430e+04 7.428e+02 7.222e+02
|    ( QUESTION16 -1 1.192e+04 2.580e+02 6.418e+02
|        ( WDBNDRY_B 0 2.035e+03 1.590e+02 1.156e+02
|            ( - 4.546e+02 1 0)
|            ( - 1.422e+03 1 0))
|        ( QUESTION0 -1 9.625e+03 2.166e+02 5.262e+02
|            ( QUESTION2_12_L -1 2.156e+03 1.206e+02 1.237e+02
|                ( - 3.263e+02 1 0)
|                ( - 1.709e+03 4 0 QUESTION1 -1 9.699e+01 1.008e+02))
|            ( SILENCE -1 7.252e+03 1.254e+02 4.025e+02
|                ( - 6.299e+03 1 0)
|                ( - 8.275e+02 4 0 QUESTION2_1_L -1 9.746e+01 5.200e+01))))
|    ( QUESTION2_0_L -1 1.635e+03 1.517e+02 8.043e+01
|        ( - 5.986e+02 2 0 WDBNDRY_E 0 2.248e+01 3.436e+01)
|        ( - 8.848e+02 3 0 WDBNDRY_E 0 8.274e+01 4.608e+01)))
s>    ( QUESTION0_1_R 1 1.430e+04 7.428e+02 7.222e+02
s>        ( QUESTION16 -1 1.192e+04 2.580e+02 6.418e+02
s>            ( WDBNDRY_B 0 2.035e+03 1.590e+02 1.156e+02
s>                ( - 4.546e+02 1 0)
s>                ( - 1.422e+03 1 0))
s>            ( QUESTION0 -1 9.625e+03 2.166e+02 5.262e+02
s>                ( QUESTION2_12_L -1 2.156e+03 1.206e+02 1.237e+02
s>                    ( - 3.263e+02 1 0)
s>                    ( - 1.709e+03 4 0 QUESTION1 -1 9.699e+01 1.008e+02))
s>                ( SILENCE -1 7.252e+03 1.254e+02 4.025e+02
s>                    ( - 6.299e+03 1 0)
s>                    ( - 8.275e+02 4 0 QUESTION2_1_L -1 9.746e+01 5.200e+01))))
s>        ( QUESTION2_0_L -1 1.635e+03 1.517e+02 8.043e+01
s>            ( - 5.986e+02 2 0 WDBNDRY_E 0 2.248e+01 3.436e+01)
s>            ( - 8.848e+02 3 0 WDBNDRY_E 0 8.274e+01 4.608e+01)))INFO: dtree.c(1315): Comp split 0
INFO: dtree.c(1478): Final simple tree
|( QUESTION16 -1 1.192e+04 2.580e+02 6.418e+02
|    ( WDBNDRY_B 0 2.035e+03 1.590e+02 1.156e+02
|        ( - 4.546e+02 1 0)
|        ( - 1.422e+03 1 0))
|    ( QUESTION0 -1 9.625e+03 2.166e+02 5.262e+02
|        ( QUESTION2_12_L -1 2.156e+03 1.206e+02 1.237e+02
|            ( - 3.263e+02 1 0)
|            ( QUESTION1 -1 1.709e+03 9.699e+01 1.008e+02
|                ( - 1.061e+03 1 0)
|                ( - 5.509e+02 3 0 QUESTION2_0_L -1 7.997e+01 3.700e+01)))
|        ( SILENCE -1 7.252e+03 1.254e+02 4.025e+02
|            ( - 6.299e+03 1 0)
|            ( QUESTION2_1_L -1 8.275e+02 9.746e+01 5.200e+01
|                ( - 4.642e+02 2 0 QUESTION4 -1 6.786e+01 3.100e+01)
|                ( - 2.658e+02 2 0 QUESTION4 -1 3.975e+01 2.100e+01)))))
s>    ( QUESTION16 -1 1.192e+04 2.580e+02 6.418e+02
s>        ( WDBNDRY_B 0 2.035e+03 1.590e+02 1.156e+02
s>            ( - 4.546e+02 1 0)
s>            ( - 1.422e+03 1 0))
s>        ( QUESTION0 -1 9.625e+03 2.166e+02 5.262e+02
s>            ( QUESTION2_12_L -1 2.156e+03 1.206e+02 1.237e+02
s>                ( - 3.263e+02 1 0)
s>                ( QUESTION1 -1 1.709e+03 9.699e+01 1.008e+02
s>                    ( - 1.061e+03 1 0)
s>                    ( - 5.509e+02 3 0 QUESTION2_0_L -1 7.997e+01 3.700e+01)))
s>            ( SILENCE -1 7.252e+03 1.254e+02 4.025e+02
s>                ( - 6.299e+03 1 0)
s>                ( QUESTION2_1_L -1 8.275e+02 9.746e+01 5.200e+01
s>                    ( - 4.642e+02 2 0 QUESTION4 -1 6.786e+01 3.100e+01)
s>                    ( - 2.658e+02 2 0 QUESTION4 -1 3.975e+01 2.100e+01)))))INFO: dtree.c(1439): stop. leaf nodes are specific
INFO: dtree.c(1478): Final simple tree
|( QUESTION2_0_L -1 1.635e+03 1.517e+02 8.043e+01
|    ( WDBNDRY_E 0 5.986e+02 2.248e+01 3.436e+01
|        ( - 5.755e+02 1 0)
|        ( - 6.827e-01 1 0))
|    ( WDBNDRY_E 0 8.848e+02 8.274e+01 4.608e+01
|        ( - 7.399e+02 1 0)
|        ( QUESTION0_8_R 1 6.220e+01 1.385e+01 6.000e+00
|            ( - 0.000e+00 1 0)
|            ( - 4.835e+01 1 0))))
s>    ( QUESTION2_0_L -1 1.635e+03 1.517e+02 8.043e+01
s>        ( WDBNDRY_E 0 5.986e+02 2.248e+01 3.436e+01
s>            ( - 5.755e+02 1 0)
s>            ( - 6.827e-01 1 0))
s>        ( WDBNDRY_E 0 8.848e+02 8.274e+01 4.608e+01
s>            ( - 7.399e+02 1 0)
s>            ( QUESTION0_8_R 1 6.220e+01 1.385e+01 6.000e+00
s>                ( - 0.000e+00 1 0)
s>                ( - 4.835e+01 1 0))))INFO: dtree.c(1315): Comp split 1
INFO: dtree.c(1478): Final simple tree
|( QUESTION0 -1 9.625e+03 2.166e+02 5.262e+02
|    ( QUESTION2_12_L -1 2.156e+03 1.206e+02 1.237e+02
|        ( - 3.263e+02 1 0)
|        ( QUESTION1 -1 1.709e+03 9.699e+01 1.008e+02
|            ( - 1.061e+03 1 0)
|            ( QUESTION2_0_L -1 5.509e+02 7.997e+01 3.700e+01
|                ( - 2.216e+02 2 0)
|                ( - 2.493e+02 1 0))))
|    ( SILENCE -1 7.252e+03 1.254e+02 4.025e+02
|        ( - 6.299e+03 1 0)
|        ( QUESTION2_1_L -1 8.275e+02 9.746e+01 5.200e+01
|            ( QUESTION4 -1 4.642e+02 6.786e+01 3.100e+01
|                ( - 2.676e+02 1 0)
|                ( - 1.287e+02 1 0))
|            ( - 2.658e+02 2 0 QUESTION4 -1 3.975e+01 2.100e+01))))
s>    ( QUESTION0 -1 9.625e+03 2.166e+02 5.262e+02
s>        ( QUESTION2_12_L -1 2.156e+03 1.206e+02 1.237e+02
s>            ( - 3.263e+02 1 0)
s>            ( QUESTION1 -1 1.709e+03 9.699e+01 1.008e+02
s>                ( - 1.061e+03 1 0)
s>                ( QUESTION2_0_L -1 5.509e+02 7.997e+01 3.700e+01
s>                    ( - 2.216e+02 2 0)
s>                    ( - 2.493e+02 1 0))))
s>        ( SILENCE -1 7.252e+03 1.254e+02 4.025e+02
s>            ( - 6.299e+03 1 0)
s>            ( QUESTION2_1_L -1 8.275e+02 9.746e+01 5.200e+01
s>                ( QUESTION4 -1 4.642e+02 6.786e+01 3.100e+01
s>                    ( - 2.676e+02 1 0)
s>                    ( - 1.287e+02 1 0))
s>                ( - 2.658e+02 2 0 QUESTION4 -1 3.975e+01 2.100e+01))))INFO: dtree.c(1439): stop. leaf nodes are specific
INFO: dtree.c(1478): Final simple tree
|( WDBNDRY_B 0 2.035e+03 1.590e+02 1.156e+02
|    ( - 4.546e+02 1 0)
|    ( - 1.422e+03 1 0))
s>    ( WDBNDRY_B 0 2.035e+03 1.590e+02 1.156e+02
s>        ( - 4.546e+02 1 0)
s>        ( - 1.422e+03 1 0))INFO: dtree.c(1315): Comp split 2
INFO: dtree.c(1439): stop. leaf nodes are specific
INFO: dtree.c(1478): Final simple tree
|( QUESTION2_3_L -1 2.510e+03 1.284e+02 1.447e+02
|    ( QUESTION1 -1 1.372e+03 8.899e+01 8.182e+01
|        ( - 1.061e+03 1 0)
|        ( - 2.216e+02 2 0))
|    ( QUESTION2_13_L -1 1.009e+03 9.763e+01 6.290e+01
|        ( - 2.493e+02 1 0)
|        ( QUESTION0 -1 6.625e+02 7.036e+01 4.390e+01
|            ( - 3.263e+02 1 0)
|            ( QUESTION4 -1 2.658e+02 3.975e+01 2.100e+01
|                ( - 1.987e+02 1 0)
|                ( - 2.732e+01 1 0)))))
s>    ( QUESTION2_3_L -1 2.510e+03 1.284e+02 1.447e+02
s>        ( QUESTION1 -1 1.372e+03 8.899e+01 8.182e+01
s>            ( - 1.061e+03 1 0)
s>            ( - 2.216e+02 2 0))
s>        ( QUESTION2_13_L -1 1.009e+03 9.763e+01 6.290e+01
s>            ( - 2.493e+02 1 0)
s>            ( QUESTION0 -1 6.625e+02 7.036e+01 4.390e+01
s>                ( - 3.263e+02 1 0)
s>                ( QUESTION4 -1 2.658e+02 3.975e+01 2.100e+01
s>                    ( - 1.987e+02 1 0)
s>                    ( - 2.732e+01 1 0)))))INFO: dtree.c(1439): stop. leaf nodes are specific
INFO: dtree.c(1478): Final simple tree
|( SILENCE -1 6.888e+03 1.246e+02 3.815e+02
|    ( - 6.299e+03 1 0)
|    ( QUESTION4 -1 4.642e+02 6.786e+01 3.100e+01
|        ( - 2.676e+02 1 0)
|        ( - 1.287e+02 1 0)))
s>    ( SILENCE -1 6.888e+03 1.246e+02 3.815e+02
s>        ( - 6.299e+03 1 0)
s>        ( QUESTION4 -1 4.642e+02 6.786e+01 3.100e+01
s>            ( - 2.676e+02 1 0)
s>            ( - 1.287e+02 1 0)))INFO: dtree.c(1315): Comp split 3
INFO: dtree.c(1315): Comp split 4
INFO: dtree.c(1439): stop. leaf nodes are specific
INFO: dtree.c(1478): Final simple tree
|( WDBNDRY_E 0 8.848e+02 8.274e+01 4.608e+01
|    ( - 7.399e+02 1 0)
|    ( QUESTION0_8_R 1 6.220e+01 1.385e+01 6.000e+00
|        ( - 0.000e+00 1 0)
|        ( - 4.835e+01 1 0)))
s>    ( WDBNDRY_E 0 8.848e+02 8.274e+01 4.608e+01
s>        ( - 7.399e+02 1 0)
s>        ( QUESTION0_8_R 1 6.220e+01 1.385e+01 6.000e+00
s>            ( - 0.000e+00 1 0)
s>            ( - 4.835e+01 1 0)))INFO: dtree.c(1439): stop. leaf nodes are specific
INFO: dtree.c(1478): Final simple tree
|( WDBNDRY_E 0 5.986e+02 2.248e+01 3.436e+01
|    ( - 5.755e+02 1 0)
|    ( - 6.827e-01 1 0))
s>    ( WDBNDRY_E 0 5.986e+02 2.248e+01 3.436e+01
s>        ( - 5.755e+02 1 0)
s>        ( - 6.827e-01 1 0))INFO: dtree.c(1315): Comp split 5
INFO: dtree.c(1439): stop. leaf nodes are specific
INFO: dtree.c(1478): Final simple tree
|( QUESTION0 -1 6.625e+02 7.036e+01 4.390e+01
|    ( - 3.263e+02 1 0)
|    ( QUESTION4 -1 2.658e+02 3.975e+01 2.100e+01
|        ( - 1.987e+02 1 0)
|        ( - 2.732e+01 1 0)))
s>    ( QUESTION0 -1 6.625e+02 7.036e+01 4.390e+01
s>        ( - 3.263e+02 1 0)
s>        ( QUESTION4 -1 2.658e+02 3.975e+01 2.100e+01
s>            ( - 1.987e+02 1 0)
s>            ( - 2.732e+01 1 0)))INFO: dtree.c(1439): stop. leaf nodes are specific
INFO: dtree.c(1478): Final simple tree
|( QUESTION1 -1 1.709e+03 9.699e+01 1.008e+02
|    ( - 1.061e+03 1 0)
|    ( QUESTION2_0_L -1 5.509e+02 7.997e+01 3.700e+01
|        ( - 2.216e+02 2 0)
|        ( - 2.493e+02 1 0)))
s>    ( QUESTION1 -1 1.709e+03 9.699e+01 1.008e+02
s>        ( - 1.061e+03 1 0)
s>        ( QUESTION2_0_L -1 5.509e+02 7.997e+01 3.700e+01
s>            ( - 2.216e+02 2 0)
s>            ( - 2.493e+02 1 0)))INFO: dtree.c(1315): Comp split 6
INFO: dtree.c(1439): stop. leaf nodes are specific
INFO: dtree.c(1478): Final simple tree
|( QUESTION4 -1 4.642e+02 6.786e+01 3.100e+01
|    ( - 2.676e+02 1 0)
|    ( - 1.287e+02 1 0))
s>    ( QUESTION4 -1 4.642e+02 6.786e+01 3.100e+01
s>        ( - 2.676e+02 1 0)
s>        ( - 1.287e+02 1 0))INFO: dtree.c(1315): Comp split 7
INFO: dtree.c(1439): stop. leaf nodes are specific
INFO: dtree.c(1478): Final simple tree
|( QUESTION2_0_L -1 5.509e+02 7.997e+01 3.700e+01
|    ( - 2.216e+02 2 0)
|    ( - 2.493e+02 1 0))
s>    ( QUESTION2_0_L -1 5.509e+02 7.997e+01 3.700e+01
s>        ( - 2.216e+02 2 0)
s>        ( - 2.493e+02 1 0))INFO: dtree.c(1315): Comp split 8
INFO: dtree.c(1439): stop. leaf nodes are specific
INFO: dtree.c(1478): Final simple tree
|( QUESTION0_8_R 1 6.220e+01 1.385e+01 6.000e+00
|    ( - 0.000e+00 1 0)
|    ( - 4.835e+01 1 0))
s>    ( QUESTION0_8_R 1 6.220e+01 1.385e+01 6.000e+00
s>        ( - 0.000e+00 1 0)
s>        ( - 4.835e+01 1 0))INFO: dtree.c(1315): Comp split 9
INFO: dtree.c(1315): Comp split 10
INFO: dtree.c(1439): stop. leaf nodes are specific
INFO: dtree.c(1478): Final simple tree
|( QUESTION4 -1 2.658e+02 3.975e+01 2.100e+01
|    ( - 1.987e+02 1 0)
|    ( - 2.732e+01 1 0))
s>    ( QUESTION4 -1 2.658e+02 3.975e+01 2.100e+01
s>        ( - 1.987e+02 1 0)
s>        ( - 2.732e+01 1 0))INFO: dtree.c(1315): Comp split 11
INFO: dtree.c(1315): Comp split 12
INFO: dtree.c(1315): Comp split 13
INFO: dtree.c(1315): Comp split 14
INFO: dtree.c(1315): Comp split 15
INFO: dtree.c(1318): stop. leaf nodes are specific
Mon May 23 22:39:53 2022
