Current configuration:
[NAME]		[DEFLT]	[VALUE]
-allphones	no	no
-cntthresh	0.00001	1.000000e-05
-csplitmax	100	2000
-csplitmin	1	1
-csplitthr	8e-4	0.000000e+00
-example	no	no
-fullvar	no	no
-help		no	no
-meanfn			
-mixwfn			/home/rakha/Kuliah/Semester8/nlp/speech-sphinx/train-new-model/an4-master/model_parameters/an4.cd_ptm_untied/mixture_weights
-moddeffn		/home/rakha/Kuliah/Semester8/nlp/speech-sphinx/train-new-model/an4-master/model_architecture/an4.untied.mdef
-mwfloor	1e-4	1.000000e-08
-phone			JH
-psetfn			/home/rakha/Kuliah/Semester8/nlp/speech-sphinx/train-new-model/an4-master/model_architecture/an4.tree_questions
-ssplitmax	5	7
-ssplitmin	1	1
-ssplitthr	8e-4	0.000000e+00
-state			2
-stwt			1.0,0.05,0.0,
-treefn			/home/rakha/Kuliah/Semester8/nlp/speech-sphinx/train-new-model/an4-master/trees/an4.unpruned/JH-2.dtree
-ts2cbfn	.semi.	.semi.
-varfloor	0.00001	1.000000e-05
-varfn			

INFO: main.c(223): Reading: /home/rakha/Kuliah/Semester8/nlp/speech-sphinx/train-new-model/an4-master/model_architecture/an4.untied.mdef
INFO: model_def_io.c(573): Model definition info:
INFO: model_def_io.c(574): 1618 total models defined (34 base, 1584 tri)
INFO: model_def_io.c(575): 6472 total states
INFO: model_def_io.c(576): 4854 total tied states
INFO: model_def_io.c(577): 102 total tied CI states
INFO: model_def_io.c(578): 34 total tied transition matrices
INFO: model_def_io.c(579): 4 max state/model
INFO: model_def_io.c(580): 4 min state/model
INFO: main.c(242): Building trees for [JH AH EY b] through [JH UW IY b]
INFO: main.c(269): Covering states |[2643 2732]| == 90
INFO: main.c(275): Reading: /home/rakha/Kuliah/Semester8/nlp/speech-sphinx/train-new-model/an4-master/model_parameters/an4.cd_ptm_untied/mixture_weights
INFO: s3mixw_io.c(173): Read /home/rakha/Kuliah/Semester8/nlp/speech-sphinx/train-new-model/an4-master/model_parameters/an4.cd_ptm_untied/mixture_weights [90x4x64 array]
INFO: main.c(311): 30 of 30 models have observation count greater than 0.000010
INFO: main.c(95): nrm stwt: 0.000 0.048 0.952 
INFO: main.c(411): 30-class entropy: 1.783646e+04
INFO: main.c(549): Reading: /home/rakha/Kuliah/Semester8/nlp/speech-sphinx/train-new-model/an4-master/model_architecture/an4.tree_questions
INFO: main.c(588): 180 total simple questions (172 phone; 8 word bndry)
INFO: main.c(590): 42 Left Only questions, and 42 Right Only questions
INFO: dtree.c(1478): Final simple tree
|( QUESTION0_1_R 1 2.279e+04 1.655e+03 1.254e+03
|    ( QUESTION2_6_L -1 1.448e+04 4.710e+02 8.304e+02
|        ( - 5.921e+03 3 0 QUESTION6 -1 8.013e+01 3.464e+02)
|        ( SILENCE -1 8.090e+03 2.526e+02 4.840e+02
|            ( - 2.498e+03 2 0 QUESTION1 1 8.212e+01 1.596e+02)
|            ( QUESTION2_13_L -1 5.340e+03 1.831e+02 3.245e+02
|                ( - 4.927e+02 1 0)
|                ( QUESTION2_1_L -1 4.664e+03 1.673e+02 2.826e+02
|                    ( - 4.649e+02 3 0 QUESTION4 -1 9.042e+01 3.743e+01)
|                    ( - 4.032e+03 7 0 QUESTION1 -1 1.369e+02 2.452e+02)))))
|    ( SILENCE -1 6.657e+03 2.871e+02 4.238e+02
|        ( - 3.174e+03 3 0 QUESTION1 1 1.151e+02 2.004e+02)
|        ( QUESTION1 -1 3.196e+03 1.783e+02 2.233e+02
|            ( - 1.501e+03 2 0)
|            ( - 1.517e+03 9 0 QUESTION2_5_L -1 1.528e+02 1.063e+02))))
s>    ( QUESTION0_1_R 1 2.279e+04 1.655e+03 1.254e+03
s>        ( QUESTION2_6_L -1 1.448e+04 4.710e+02 8.304e+02
s>            ( - 5.921e+03 3 0 QUESTION6 -1 8.013e+01 3.464e+02)
s>            ( SILENCE -1 8.090e+03 2.526e+02 4.840e+02
s>                ( - 2.498e+03 2 0 QUESTION1 1 8.212e+01 1.596e+02)
s>                ( QUESTION2_13_L -1 5.340e+03 1.831e+02 3.245e+02
s>                    ( - 4.927e+02 1 0)
s>                    ( QUESTION2_1_L -1 4.664e+03 1.673e+02 2.826e+02
s>                        ( - 4.649e+02 3 0 QUESTION4 -1 9.042e+01 3.743e+01)
s>                        ( - 4.032e+03 7 0 QUESTION1 -1 1.369e+02 2.452e+02)))))
s>        ( SILENCE -1 6.657e+03 2.871e+02 4.238e+02
s>            ( - 3.174e+03 3 0 QUESTION1 1 1.151e+02 2.004e+02)
s>            ( QUESTION1 -1 3.196e+03 1.783e+02 2.233e+02
s>                ( - 1.501e+03 2 0)
s>                ( - 1.517e+03 9 0 QUESTION2_5_L -1 1.528e+02 1.063e+02))))INFO: dtree.c(1315): Comp split 0
INFO: dtree.c(1478): Final simple tree
|( QUESTION2_6_L -1 1.448e+04 4.710e+02 8.304e+02
|    ( - 5.921e+03 3 0 QUESTION6 -1 8.013e+01 3.464e+02)
|    ( SILENCE -1 8.090e+03 2.526e+02 4.840e+02
|        ( - 2.498e+03 2 0 QUESTION1 1 8.212e+01 1.596e+02)
|        ( QUESTION2_13_L -1 5.340e+03 1.831e+02 3.245e+02
|            ( - 4.927e+02 1 0)
|            ( QUESTION2_1_L -1 4.664e+03 1.673e+02 2.826e+02
|                ( - 4.649e+02 3 0 QUESTION4 -1 9.042e+01 3.743e+01)
|                ( QUESTION1 -1 4.032e+03 1.369e+02 2.452e+02
|                    ( - 1.434e+03 2 0)
|                    ( QUESTION2_3_L -1 2.461e+03 1.265e+02 1.537e+02
|                        ( - 8.347e+02 3 0)
|                        ( QUESTION0 -1 1.500e+03 1.105e+02 9.704e+01
|                            ( - 6.856e+02 1 0)
|                            ( - 7.041e+02 1 0))))))))
s>    ( QUESTION2_6_L -1 1.448e+04 4.710e+02 8.304e+02
s>        ( - 5.921e+03 3 0 QUESTION6 -1 8.013e+01 3.464e+02)
s>        ( SILENCE -1 8.090e+03 2.526e+02 4.840e+02
s>            ( - 2.498e+03 2 0 QUESTION1 1 8.212e+01 1.596e+02)
s>            ( QUESTION2_13_L -1 5.340e+03 1.831e+02 3.245e+02
s>                ( - 4.927e+02 1 0)
s>                ( QUESTION2_1_L -1 4.664e+03 1.673e+02 2.826e+02
s>                    ( - 4.649e+02 3 0 QUESTION4 -1 9.042e+01 3.743e+01)
s>                    ( QUESTION1 -1 4.032e+03 1.369e+02 2.452e+02
s>                        ( - 1.434e+03 2 0)
s>                        ( QUESTION2_3_L -1 2.461e+03 1.265e+02 1.537e+02
s>                            ( - 8.347e+02 3 0)
s>                            ( QUESTION0 -1 1.500e+03 1.105e+02 9.704e+01
s>                                ( - 6.856e+02 1 0)
s>                                ( - 7.041e+02 1 0))))))))INFO: dtree.c(1478): Final simple tree
|( SILENCE -1 6.657e+03 2.871e+02 4.238e+02
|    ( QUESTION1 1 3.174e+03 1.151e+02 2.004e+02
|        ( - 2.984e+03 1 0)
|        ( - 7.555e+01 2 0 QUESTION0_0_R 1 2.467e+01 7.000e+00))
|    ( QUESTION1 -1 3.196e+03 1.783e+02 2.233e+02
|        ( - 1.501e+03 2 0)
|        ( QUESTION2_5_L -1 1.517e+03 1.528e+02 1.063e+02
|            ( - 3.028e+02 1 0)
|            ( QUESTION0 -1 1.061e+03 9.514e+01 7.626e+01
|                ( QUESTION2_0_L -1 3.393e+02 5.815e+01 2.809e+01
|                    ( - 1.847e+02 2 0)
|                    ( - 9.646e+01 2 0 QUESTION2_12_L -1 2.763e+01 1.104e+01))
|                ( QUESTION4 -1 6.265e+02 6.690e+01 4.817e+01
|                    ( - 2.985e+02 2 0)
|                    ( - 2.611e+02 2 0 QUESTION6 -1 5.064e+01 2.300e+01))))))
s>    ( SILENCE -1 6.657e+03 2.871e+02 4.238e+02
s>        ( QUESTION1 1 3.174e+03 1.151e+02 2.004e+02
s>            ( - 2.984e+03 1 0)
s>            ( - 7.555e+01 2 0 QUESTION0_0_R 1 2.467e+01 7.000e+00))
s>        ( QUESTION1 -1 3.196e+03 1.783e+02 2.233e+02
s>            ( - 1.501e+03 2 0)
s>            ( QUESTION2_5_L -1 1.517e+03 1.528e+02 1.063e+02
s>                ( - 3.028e+02 1 0)
s>                ( QUESTION0 -1 1.061e+03 9.514e+01 7.626e+01
s>                    ( QUESTION2_0_L -1 3.393e+02 5.815e+01 2.809e+01
s>                        ( - 1.847e+02 2 0)
s>                        ( - 9.646e+01 2 0 QUESTION2_12_L -1 2.763e+01 1.104e+01))
s>                    ( QUESTION4 -1 6.265e+02 6.690e+01 4.817e+01
s>                        ( - 2.985e+02 2 0)
s>                        ( - 2.611e+02 2 0 QUESTION6 -1 5.064e+01 2.300e+01))))))INFO: dtree.c(1315): Comp split 1
INFO: dtree.c(1478): Final simple tree
|( SILENCE -1 8.090e+03 2.526e+02 4.840e+02
|    ( - 2.498e+03 2 0 QUESTION1 1 8.212e+01 1.596e+02)
|    ( QUESTION2_13_L -1 5.340e+03 1.831e+02 3.245e+02
|        ( - 4.927e+02 1 0)
|        ( QUESTION2_1_L -1 4.664e+03 1.673e+02 2.826e+02
|            ( QUESTION4 -1 4.649e+02 9.042e+01 3.743e+01
|                ( - 2.657e+02 2 0)
|                ( - 1.088e+02 1 0))
|            ( QUESTION1 -1 4.032e+03 1.369e+02 2.452e+02
|                ( - 1.434e+03 2 0)
|                ( QUESTION2_3_L -1 2.461e+03 1.265e+02 1.537e+02
|                    ( - 8.347e+02 3 0)
|                    ( QUESTION0 -1 1.500e+03 1.105e+02 9.704e+01
|                        ( - 6.856e+02 1 0)
|                        ( - 7.041e+02 1 0)))))))
s>    ( SILENCE -1 8.090e+03 2.526e+02 4.840e+02
s>        ( - 2.498e+03 2 0 QUESTION1 1 8.212e+01 1.596e+02)
s>        ( QUESTION2_13_L -1 5.340e+03 1.831e+02 3.245e+02
s>            ( - 4.927e+02 1 0)
s>            ( QUESTION2_1_L -1 4.664e+03 1.673e+02 2.826e+02
s>                ( QUESTION4 -1 4.649e+02 9.042e+01 3.743e+01
s>                    ( - 2.657e+02 2 0)
s>                    ( - 1.088e+02 1 0))
s>                ( QUESTION1 -1 4.032e+03 1.369e+02 2.452e+02
s>                    ( - 1.434e+03 2 0)
s>                    ( QUESTION2_3_L -1 2.461e+03 1.265e+02 1.537e+02
s>                        ( - 8.347e+02 3 0)
s>                        ( QUESTION0 -1 1.500e+03 1.105e+02 9.704e+01
s>                            ( - 6.856e+02 1 0)
s>                            ( - 7.041e+02 1 0)))))))INFO: dtree.c(1439): stop. leaf nodes are specific
INFO: dtree.c(1478): Final simple tree
|( QUESTION6 -1 5.921e+03 8.013e+01 3.464e+02
|    ( - 7.732e+01 1 0)
|    ( QUESTION2_9_L -1 5.764e+03 5.426e+01 3.384e+02
|        ( - 1.219e+01 1 0)
|        ( - 5.697e+03 1 0)))
s>    ( QUESTION6 -1 5.921e+03 8.013e+01 3.464e+02
s>        ( - 7.732e+01 1 0)
s>        ( QUESTION2_9_L -1 5.764e+03 5.426e+01 3.384e+02
s>            ( - 1.219e+01 1 0)
s>            ( - 5.697e+03 1 0)))INFO: dtree.c(1315): Comp split 2
INFO: dtree.c(1478): Final simple tree
|( QUESTION1 -1 3.196e+03 1.783e+02 2.233e+02
|    ( - 1.501e+03 2 0)
|    ( QUESTION2_5_L -1 1.517e+03 1.528e+02 1.063e+02
|        ( - 3.028e+02 1 0)
|        ( QUESTION0 -1 1.061e+03 9.514e+01 7.626e+01
|            ( QUESTION2_0_L -1 3.393e+02 5.815e+01 2.809e+01
|                ( - 1.847e+02 2 0)
|                ( QUESTION2_12_L -1 9.646e+01 2.763e+01 1.104e+01
|                    ( - 3.646e+01 1 0)
|                    ( - 3.237e+01 1 0)))
|            ( QUESTION4 -1 6.265e+02 6.690e+01 4.817e+01
|                ( - 2.985e+02 2 0)
|                ( QUESTION6 -1 2.611e+02 5.064e+01 2.300e+01
|                    ( - 8.323e+01 1 0)
|                    ( - 1.273e+02 1 0))))))
s>    ( QUESTION1 -1 3.196e+03 1.783e+02 2.233e+02
s>        ( - 1.501e+03 2 0)
s>        ( QUESTION2_5_L -1 1.517e+03 1.528e+02 1.063e+02
s>            ( - 3.028e+02 1 0)
s>            ( QUESTION0 -1 1.061e+03 9.514e+01 7.626e+01
s>                ( QUESTION2_0_L -1 3.393e+02 5.815e+01 2.809e+01
s>                    ( - 1.847e+02 2 0)
s>                    ( QUESTION2_12_L -1 9.646e+01 2.763e+01 1.104e+01
s>                        ( - 3.646e+01 1 0)
s>                        ( - 3.237e+01 1 0)))
s>                ( QUESTION4 -1 6.265e+02 6.690e+01 4.817e+01
s>                    ( - 2.985e+02 2 0)
s>                    ( QUESTION6 -1 2.611e+02 5.064e+01 2.300e+01
s>                        ( - 8.323e+01 1 0)
s>                        ( - 1.273e+02 1 0))))))INFO: dtree.c(1439): stop. leaf nodes are specific
INFO: dtree.c(1478): Final simple tree
|( QUESTION1 1 3.174e+03 1.151e+02 2.004e+02
|    ( - 2.984e+03 1 0)
|    ( QUESTION0_0_R 1 7.555e+01 2.467e+01 7.000e+00
|        ( - 8.000e+00 1 0)
|        ( - 4.288e+01 1 0)))
s>    ( QUESTION1 1 3.174e+03 1.151e+02 2.004e+02
s>        ( - 2.984e+03 1 0)
s>        ( QUESTION0_0_R 1 7.555e+01 2.467e+01 7.000e+00
s>            ( - 8.000e+00 1 0)
s>            ( - 4.288e+01 1 0)))INFO: dtree.c(1315): Comp split 3
INFO: dtree.c(1439): stop. leaf nodes are specific
INFO: dtree.c(1478): Final simple tree
|( QUESTION2_4_L -1 4.440e+03 1.436e+02 2.706e+02
|    ( - 7.041e+02 1 0)
|    ( QUESTION2 -1 3.592e+03 1.349e+02 2.219e+02
|        ( QUESTION2_0_L -1 1.635e+03 1.149e+02 1.050e+02
|            ( - 8.347e+02 3 0)
|            ( - 6.856e+02 1 0))
|        ( QUESTION0 -1 1.822e+03 1.230e+02 1.170e+02
|            ( - 1.434e+03 2 0)
|            ( - 2.657e+02 2 0))))
s>    ( QUESTION2_4_L -1 4.440e+03 1.436e+02 2.706e+02
s>        ( - 7.041e+02 1 0)
s>        ( QUESTION2 -1 3.592e+03 1.349e+02 2.219e+02
s>            ( QUESTION2_0_L -1 1.635e+03 1.149e+02 1.050e+02
s>                ( - 8.347e+02 3 0)
s>                ( - 6.856e+02 1 0))
s>            ( QUESTION0 -1 1.822e+03 1.230e+02 1.170e+02
s>                ( - 1.434e+03 2 0)
s>                ( - 2.657e+02 2 0))))INFO: dtree.c(1439): stop. leaf nodes are specific
INFO: dtree.c(1478): Final simple tree
|( SILENCE -1 3.367e+03 1.799e+02 2.134e+02
|    ( QUESTION1 1 2.498e+03 8.212e+01 1.596e+02
|        ( - 2.376e+03 1 0)
|        ( - 3.957e+01 1 0))
|    ( QUESTION0 -1 6.888e+02 8.734e+01 5.381e+01
|        ( - 4.927e+02 1 0)
|        ( - 1.088e+02 1 0)))
s>    ( SILENCE -1 3.367e+03 1.799e+02 2.134e+02
s>        ( QUESTION1 1 2.498e+03 8.212e+01 1.596e+02
s>            ( - 2.376e+03 1 0)
s>            ( - 3.957e+01 1 0))
s>        ( QUESTION0 -1 6.888e+02 8.734e+01 5.381e+01
s>            ( - 4.927e+02 1 0)
s>            ( - 1.088e+02 1 0)))INFO: dtree.c(1315): Comp split 4
INFO: dtree.c(1439): stop. leaf nodes are specific
INFO: dtree.c(1478): Final simple tree
|( QUESTION4 -1 9.129e+02 1.304e+02 6.709e+01
|    ( - 3.028e+02 1 0)
|    ( QUESTION2_0_L -1 4.797e+02 6.431e+01 3.709e+01
|        ( QUESTION0 -1 3.189e+02 5.097e+01 2.605e+01
|            ( - 1.847e+02 2 0)
|            ( - 8.323e+01 1 0))
|        ( QUESTION2_12_L -1 9.646e+01 2.763e+01 1.104e+01
|            ( - 3.646e+01 1 0)
|            ( - 3.237e+01 1 0))))
s>    ( QUESTION4 -1 9.129e+02 1.304e+02 6.709e+01
s>        ( - 3.028e+02 1 0)
s>        ( QUESTION2_0_L -1 4.797e+02 6.431e+01 3.709e+01
s>            ( QUESTION0 -1 3.189e+02 5.097e+01 2.605e+01
s>                ( - 1.847e+02 2 0)
s>                ( - 8.323e+01 1 0))
s>            ( QUESTION2_12_L -1 9.646e+01 2.763e+01 1.104e+01
s>                ( - 3.646e+01 1 0)
s>                ( - 3.237e+01 1 0))))INFO: dtree.c(1439): stop. leaf nodes are specific
INFO: dtree.c(1478): Final simple tree
|( QUESTION0 -1 2.079e+03 1.006e+02 1.562e+02
|    ( - 1.501e+03 2 0)
|    ( QUESTION4 -1 4.775e+02 5.170e+01 3.917e+01
|        ( - 2.985e+02 2 0)
|        ( - 1.273e+02 1 0)))
s>    ( QUESTION0 -1 2.079e+03 1.006e+02 1.562e+02
s>        ( - 1.501e+03 2 0)
s>        ( QUESTION4 -1 4.775e+02 5.170e+01 3.917e+01
s>            ( - 2.985e+02 2 0)
s>            ( - 1.273e+02 1 0)))INFO: dtree.c(1315): Comp split 5
INFO: dtree.c(1439): stop. leaf nodes are specific
INFO: dtree.c(1478): Final simple tree
|( QUESTION0 -1 8.026e+02 1.073e+02 5.881e+01
|    ( - 4.927e+02 1 0)
|    ( SILENCE -1 2.027e+02 5.434e+01 1.700e+01
|        ( - 3.957e+01 1 0)
|        ( - 1.088e+02 1 0)))
s>    ( QUESTION0 -1 8.026e+02 1.073e+02 5.881e+01
s>        ( - 4.927e+02 1 0)
s>        ( SILENCE -1 2.027e+02 5.434e+01 1.700e+01
s>            ( - 3.957e+01 1 0)
s>            ( - 1.088e+02 1 0)))INFO: dtree.c(1315): Comp split 6
INFO: dtree.c(1439): stop. leaf nodes are specific
INFO: dtree.c(1478): Final simple tree
|( QUESTION0 -1 1.194e+03 9.368e+01 8.207e+01
|    ( - 8.347e+02 3 0)
|    ( - 2.657e+02 2 0))
s>    ( QUESTION0 -1 1.194e+03 9.368e+01 8.207e+01
s>        ( - 8.347e+02 3 0)
s>        ( - 2.657e+02 2 0))INFO: dtree.c(1439): stop. leaf nodes are specific
INFO: dtree.c(1478): Final simple tree
|( QUESTION0 -1 3.065e+03 1.365e+02 1.886e+02
|    ( QUESTION1 -1 2.225e+03 1.053e+02 1.399e+02
|        ( - 1.434e+03 2 0)
|        ( - 6.856e+02 1 0))
|    ( - 7.041e+02 1 0))
s>    ( QUESTION0 -1 3.065e+03 1.365e+02 1.886e+02
s>        ( QUESTION1 -1 2.225e+03 1.053e+02 1.399e+02
s>            ( - 1.434e+03 2 0)
s>            ( - 6.856e+02 1 0))
s>        ( - 7.041e+02 1 0))INFO: dtree.c(1315): Comp split 7
INFO: dtree.c(1439): stop. leaf nodes are specific
INFO: dtree.c(1478): Final simple tree
|( QUESTION1 -1 2.225e+03 1.053e+02 1.399e+02
|    ( - 1.434e+03 2 0)
|    ( - 6.856e+02 1 0))
s>    ( QUESTION1 -1 2.225e+03 1.053e+02 1.399e+02
s>        ( - 1.434e+03 2 0)
s>        ( - 6.856e+02 1 0))INFO: dtree.c(1315): Comp split 8
INFO: dtree.c(1439): stop. leaf nodes are specific
INFO: dtree.c(1478): Final simple tree
|( QUESTION2_0_L -1 4.797e+02 6.431e+01 3.709e+01
|    ( QUESTION0 -1 3.189e+02 5.097e+01 2.605e+01
|        ( - 1.847e+02 2 0)
|        ( - 8.323e+01 1 0))
|    ( QUESTION2_12_L -1 9.646e+01 2.763e+01 1.104e+01
|        ( - 3.646e+01 1 0)
|        ( - 3.237e+01 1 0)))
s>    ( QUESTION2_0_L -1 4.797e+02 6.431e+01 3.709e+01
s>        ( QUESTION0 -1 3.189e+02 5.097e+01 2.605e+01
s>            ( - 1.847e+02 2 0)
s>            ( - 8.323e+01 1 0))
s>        ( QUESTION2_12_L -1 9.646e+01 2.763e+01 1.104e+01
s>            ( - 3.646e+01 1 0)
s>            ( - 3.237e+01 1 0)))INFO: dtree.c(1315): Comp split 9
INFO: dtree.c(1439): stop. leaf nodes are specific
INFO: dtree.c(1478): Final simple tree
|( QUESTION0_0_R 1 7.555e+01 2.467e+01 7.000e+00
|    ( - 8.000e+00 1 0)
|    ( - 4.288e+01 1 0))
s>    ( QUESTION0_0_R 1 7.555e+01 2.467e+01 7.000e+00
s>        ( - 8.000e+00 1 0)
s>        ( - 4.288e+01 1 0))INFO: dtree.c(1315): Comp split 10
INFO: dtree.c(1439): stop. leaf nodes are specific
INFO: dtree.c(1478): Final simple tree
|( SILENCE -1 2.027e+02 5.434e+01 1.700e+01
|    ( - 3.957e+01 1 0)
|    ( - 1.088e+02 1 0))
s>    ( SILENCE -1 2.027e+02 5.434e+01 1.700e+01
s>        ( - 3.957e+01 1 0)
s>        ( - 1.088e+02 1 0))INFO: dtree.c(1315): Comp split 11
INFO: dtree.c(1315): Comp split 12
INFO: dtree.c(1439): stop. leaf nodes are specific
INFO: dtree.c(1478): Final simple tree
|( QUESTION6 -1 1.226e+02 3.306e+01 1.100e+01
|    ( - 7.732e+01 1 0)
|    ( - 1.219e+01 1 0))
s>    ( QUESTION6 -1 1.226e+02 3.306e+01 1.100e+01
s>        ( - 7.732e+01 1 0)
s>        ( - 1.219e+01 1 0))INFO: dtree.c(1315): Comp split 13
INFO: dtree.c(1439): stop. leaf nodes are specific
INFO: dtree.c(1478): Final simple tree
|( QUESTION4 -1 4.775e+02 5.170e+01 3.917e+01
|    ( - 2.985e+02 2 0)
|    ( - 1.273e+02 1 0))
s>    ( QUESTION4 -1 4.775e+02 5.170e+01 3.917e+01
s>        ( - 2.985e+02 2 0)
s>        ( - 1.273e+02 1 0))INFO: dtree.c(1315): Comp split 14
INFO: dtree.c(1315): Comp split 15
INFO: dtree.c(1439): stop. leaf nodes are specific
INFO: dtree.c(1478): Final simple tree
|( QUESTION2_12_L -1 9.646e+01 2.763e+01 1.104e+01
|    ( - 3.646e+01 1 0)
|    ( - 3.237e+01 1 0))
s>    ( QUESTION2_12_L -1 9.646e+01 2.763e+01 1.104e+01
s>        ( - 3.646e+01 1 0)
s>        ( - 3.237e+01 1 0))INFO: dtree.c(1439): stop. leaf nodes are specific
INFO: dtree.c(1478): Final simple tree
|( QUESTION0 -1 3.189e+02 5.097e+01 2.605e+01
|    ( - 1.847e+02 2 0)
|    ( - 8.323e+01 1 0))
s>    ( QUESTION0 -1 3.189e+02 5.097e+01 2.605e+01
s>        ( - 1.847e+02 2 0)
s>        ( - 8.323e+01 1 0))INFO: dtree.c(1315): Comp split 16
INFO: dtree.c(1315): Comp split 17
INFO: dtree.c(1315): Comp split 18
INFO: dtree.c(1315): Comp split 19
INFO: dtree.c(1315): Comp split 20
INFO: dtree.c(1315): Comp split 21
INFO: dtree.c(1315): Comp split 22
INFO: dtree.c(1318): stop. leaf nodes are specific
Mon May 23 22:39:49 2022
