Current configuration:
[NAME]		[DEFLT]	[VALUE]
-accumdirs		/home/rakha/Kuliah/Semester8/nlp/speech-sphinx/train-new-model/an4-master/bwaccumdir/an4_buff_1,/home/rakha/Kuliah/Semester8/nlp/speech-sphinx/train-new-model/an4-master/bwaccumdir/an4_buff_4,/home/rakha/Kuliah/Semester8/nlp/speech-sphinx/train-new-model/an4-master/bwaccumdir/an4_buff_3,/home/rakha/Kuliah/Semester8/nlp/speech-sphinx/train-new-model/an4-master/bwaccumdir/an4_buff_2,
-cilambda	0.9	9.000000e-01
-example	no	no
-help		no	no
-maxiter	100	4000
-mixwfn			/home/rakha/Kuliah/Semester8/nlp/speech-sphinx/train-new-model/an4-master/model_parameters/an4.cd_ptm_200_delinterp/mixture_weights
-moddeffn		/home/rakha/Kuliah/Semester8/nlp/speech-sphinx/train-new-model/an4-master/model_architecture/an4.200.mdef

INFO: model_def_io.c(573): Model definition info:
INFO: model_def_io.c(574): 6406 total models defined (34 base, 6372 tri)
INFO: model_def_io.c(575): 25624 total states
INFO: model_def_io.c(576): 302 total tied states
INFO: model_def_io.c(577): 102 total tied CI states
INFO: model_def_io.c(578): 34 total tied transition matrices
INFO: model_def_io.c(579): 4 max state/model
INFO: model_def_io.c(580): 4 min state/model
INFO: main.c(474): Reading /home/rakha/Kuliah/Semester8/nlp/speech-sphinx/train-new-model/an4-master/bwaccumdir/an4_buff_1/mixw_counts
INFO: s3mixw_io.c(117): Read /home/rakha/Kuliah/Semester8/nlp/speech-sphinx/train-new-model/an4-master/bwaccumdir/an4_buff_1/mixw_counts [302x4x64 array]
INFO: main.c(474): Reading /home/rakha/Kuliah/Semester8/nlp/speech-sphinx/train-new-model/an4-master/bwaccumdir/an4_buff_4/mixw_counts
INFO: s3mixw_io.c(117): Read /home/rakha/Kuliah/Semester8/nlp/speech-sphinx/train-new-model/an4-master/bwaccumdir/an4_buff_4/mixw_counts [302x4x64 array]
INFO: main.c(474): Reading /home/rakha/Kuliah/Semester8/nlp/speech-sphinx/train-new-model/an4-master/bwaccumdir/an4_buff_3/mixw_counts
INFO: s3mixw_io.c(117): Read /home/rakha/Kuliah/Semester8/nlp/speech-sphinx/train-new-model/an4-master/bwaccumdir/an4_buff_3/mixw_counts [302x4x64 array]
INFO: main.c(474): Reading /home/rakha/Kuliah/Semester8/nlp/speech-sphinx/train-new-model/an4-master/bwaccumdir/an4_buff_2/mixw_counts
INFO: s3mixw_io.c(117): Read /home/rakha/Kuliah/Semester8/nlp/speech-sphinx/train-new-model/an4-master/bwaccumdir/an4_buff_2/mixw_counts [302x4x64 array]
INFO: main.c(261): Interpolating 200 CD states
INFO: main.c(262): 4 states max/model
INFO: main.c(392): 0:0:200
INFO: main.c(392): 1:0:200
INFO: main.c(392): 2:0:200
INFO: main.c(392): 3:0:200
INFO: main.c(392): 4:0:200
INFO: main.c(392): 5:0:200
INFO: main.c(392): 6:0:200
INFO: main.c(392): 7:0:200
INFO: main.c(392): 8:7:200
INFO: main.c(392): 9:9:200
INFO: main.c(392): 10:15:200
INFO: main.c(392): 11:19:200
INFO: main.c(392): 12:28:200
INFO: main.c(392): 13:32:200
INFO: main.c(392): 14:33:200
INFO: main.c(392): 15:35:200
INFO: main.c(392): 16:40:200
INFO: main.c(392): 17:41:200
INFO: main.c(392): 18:41:200
INFO: main.c(392): 19:43:200
INFO: main.c(392): 20:43:200
INFO: main.c(392): 21:44:200
INFO: main.c(392): 22:45:200
INFO: main.c(392): 23:46:200
INFO: main.c(392): 24:49:200
INFO: main.c(392): 25:49:200
INFO: main.c(392): 26:52:200
INFO: main.c(392): 27:52:200
INFO: main.c(392): 28:52:200
INFO: main.c(392): 29:54:200
INFO: main.c(392): 30:54:200
INFO: main.c(392): 31:55:200
INFO: main.c(392): 32:60:200
INFO: main.c(392): 33:63:200
INFO: main.c(392): 34:68:200
INFO: main.c(392): 35:73:200
INFO: main.c(392): 36:77:200
INFO: main.c(392): 37:81:200
INFO: main.c(392): 38:83:200
INFO: main.c(392): 39:89:200
INFO: main.c(392): 40:91:200
INFO: main.c(392): 41:93:200
INFO: main.c(392): 42:93:200
INFO: main.c(392): 43:93:200
INFO: main.c(392): 44:96:200
INFO: main.c(392): 45:96:200
INFO: main.c(392): 46:97:200
INFO: main.c(392): 47:101:200
INFO: main.c(392): 48:102:200
INFO: main.c(392): 49:103:200
INFO: main.c(392): 50:104:200
INFO: main.c(392): 51:105:200
INFO: main.c(392): 52:106:200
INFO: main.c(392): 53:109:200
INFO: main.c(392): 54:109:200
INFO: main.c(392): 55:110:200
INFO: main.c(392): 56:114:200
INFO: main.c(392): 57:115:200
INFO: main.c(392): 58:117:200
INFO: main.c(392): 59:119:200
INFO: main.c(392): 60:119:200
INFO: main.c(392): 61:121:200
INFO: main.c(392): 62:124:200
INFO: main.c(392): 63:125:200
INFO: main.c(392): 64:127:200
INFO: main.c(392): 65:128:200
INFO: main.c(392): 66:128:200
INFO: main.c(392): 67:131:200
INFO: main.c(392): 68:132:200
INFO: main.c(392): 69:133:200
INFO: main.c(392): 70:134:200
INFO: main.c(392): 71:136:200
INFO: main.c(392): 72:136:200
INFO: main.c(392): 73:136:200
INFO: main.c(392): 74:137:200
INFO: main.c(392): 75:140:200
INFO: main.c(392): 76:142:200
INFO: main.c(392): 77:144:200
INFO: main.c(392): 78:146:200
INFO: main.c(392): 79:148:200
INFO: main.c(392): 80:149:200
INFO: main.c(392): 81:149:200
INFO: main.c(392): 82:149:200
INFO: main.c(392): 83:149:200
INFO: main.c(392): 84:151:200
INFO: main.c(392): 85:153:200
INFO: main.c(392): 86:153:200
INFO: main.c(392): 87:155:200
INFO: main.c(392): 88:156:200
INFO: main.c(392): 89:157:200
INFO: main.c(392): 90:158:200
INFO: main.c(392): 91:159:200
INFO: main.c(392): 92:160:200
INFO: main.c(392): 93:160:200
INFO: main.c(392): 94:162:200
INFO: main.c(392): 95:164:200
INFO: main.c(392): 96:165:200
INFO: main.c(392): 97:165:200
INFO: main.c(392): 98:165:200
INFO: main.c(392): 99:167:200
INFO: main.c(392): 100:169:200
INFO: main.c(392): 101:170:200
INFO: main.c(392): 102:171:200
INFO: main.c(392): 103:171:200
INFO: main.c(392): 104:172:200
INFO: main.c(392): 105:172:200
INFO: main.c(392): 106:174:200
INFO: main.c(392): 107:174:200
INFO: main.c(392): 108:175:200
INFO: main.c(392): 109:175:200
INFO: main.c(392): 110:175:200
INFO: main.c(392): 111:175:200
INFO: main.c(392): 112:177:200
INFO: main.c(392): 113:178:200
INFO: main.c(392): 114:179:200
INFO: main.c(392): 115:179:200
INFO: main.c(392): 116:179:200
INFO: main.c(392): 117:179:200
INFO: main.c(392): 118:179:200
INFO: main.c(392): 119:179:200
INFO: main.c(392): 120:180:200
INFO: main.c(392): 121:180:200
INFO: main.c(392): 122:180:200
INFO: main.c(392): 123:180:200
INFO: main.c(392): 124:180:200
INFO: main.c(392): 125:180:200
INFO: main.c(392): 126:180:200
INFO: main.c(392): 127:180:200
INFO: main.c(392): 128:182:200
INFO: main.c(392): 129:182:200
INFO: main.c(392): 130:182:200
INFO: main.c(392): 131:182:200
INFO: main.c(392): 132:183:200
INFO: main.c(392): 133:183:200
INFO: main.c(392): 134:183:200
INFO: main.c(392): 135:183:200
INFO: main.c(392): 136:184:200
INFO: main.c(392): 137:185:200
INFO: main.c(392): 138:186:200
INFO: main.c(392): 139:187:200
INFO: main.c(392): 140:187:200
INFO: main.c(392): 141:188:200
INFO: main.c(392): 142:188:200
INFO: main.c(392): 143:188:200
INFO: main.c(392): 144:189:200
INFO: main.c(392): 145:189:200
INFO: main.c(392): 146:189:200
INFO: main.c(392): 147:189:200
INFO: main.c(392): 148:189:200
INFO: main.c(392): 149:190:200
INFO: main.c(392): 150:190:200
INFO: main.c(392): 151:191:200
INFO: main.c(392): 152:191:200
INFO: main.c(392): 153:191:200
INFO: main.c(392): 154:191:200
INFO: main.c(392): 155:191:200
INFO: main.c(392): 156:191:200
INFO: main.c(392): 157:191:200
INFO: main.c(392): 158:191:200
INFO: main.c(392): 159:193:200
INFO: main.c(392): 160:193:200
INFO: main.c(392): 161:193:200
INFO: main.c(392): 162:193:200
INFO: main.c(392): 163:193:200
INFO: main.c(392): 164:193:200
INFO: main.c(392): 165:193:200
INFO: main.c(392): 166:193:200
INFO: main.c(392): 167:193:200
INFO: main.c(392): 168:193:200
INFO: main.c(392): 169:193:200
INFO: main.c(392): 170:193:200
INFO: main.c(392): 171:194:200
INFO: main.c(392): 172:195:200
INFO: main.c(392): 173:195:200
INFO: main.c(392): 174:195:200
INFO: main.c(392): 175:195:200
INFO: main.c(392): 176:195:200
INFO: main.c(392): 177:195:200
INFO: main.c(392): 178:195:200
INFO: main.c(392): 179:196:200
INFO: main.c(392): 180:196:200
INFO: main.c(392): 181:196:200
INFO: main.c(392): 182:196:200
INFO: main.c(392): 183:197:200
INFO: main.c(392): 184:197:200
INFO: main.c(392): 185:197:200
INFO: main.c(392): 186:197:200
INFO: main.c(392): 187:198:200
INFO: main.c(392): 188:198:200
INFO: main.c(392): 189:198:200
INFO: main.c(392): 190:198:200
INFO: main.c(392): 191:198:200
INFO: main.c(392): 192:198:200
INFO: main.c(392): 193:198:200
INFO: main.c(392): 194:198:200
INFO: main.c(392): 195:198:200
INFO: main.c(392): 196:198:200
INFO: main.c(392): 197:198:200
INFO: main.c(392): 198:198:200
INFO: main.c(392): 199:198:200
INFO: main.c(392): 200:198:200
INFO: main.c(392): 201:198:200
INFO: main.c(392): 202:198:200
INFO: main.c(392): 203:198:200
INFO: main.c(392): 204:198:200
INFO: main.c(392): 205:198:200
INFO: main.c(392): 206:198:200
INFO: main.c(392): 207:198:200
INFO: main.c(392): 208:198:200
INFO: main.c(392): 209:198:200
INFO: main.c(392): 210:198:200
INFO: main.c(392): 211:198:200
INFO: main.c(392): 212:198:200
INFO: main.c(392): 213:198:200
INFO: main.c(392): 214:198:200
INFO: main.c(392): 215:198:200
INFO: main.c(392): 216:198:200
INFO: main.c(392): 217:198:200
INFO: main.c(392): 218:198:200
INFO: main.c(392): 219:198:200
INFO: main.c(392): 220:198:200
INFO: main.c(392): 221:198:200
INFO: main.c(392): 222:198:200
INFO: main.c(392): 223:198:200
INFO: main.c(392): 224:198:200
INFO: main.c(392): 225:198:200
INFO: main.c(392): 226:198:200
INFO: main.c(392): 227:198:200
INFO: main.c(392): 228:198:200
INFO: main.c(392): 229:198:200
INFO: main.c(392): 230:198:200
INFO: main.c(392): 231:198:200
INFO: main.c(392): 232:198:200
INFO: main.c(392): 233:198:200
INFO: main.c(392): 234:198:200
INFO: main.c(392): 235:198:200
INFO: main.c(392): 236:198:200
INFO: main.c(392): 237:198:200
INFO: main.c(392): 238:198:200
INFO: main.c(392): 239:198:200
INFO: main.c(392): 240:198:200
INFO: main.c(392): 241:198:200
INFO: main.c(392): 242:198:200
INFO: main.c(392): 243:198:200
INFO: main.c(392): 244:198:200
INFO: main.c(392): 245:198:200
INFO: main.c(392): 246:198:200
INFO: main.c(392): 247:198:200
INFO: main.c(392): 248:198:200
INFO: main.c(392): 249:198:200
INFO: main.c(392): 250:198:200
INFO: main.c(392): 251:198:200
INFO: main.c(392): 252:198:200
INFO: main.c(392): 253:198:200
INFO: main.c(392): 254:198:200
INFO: main.c(392): 255:198:200
INFO: main.c(392): 256:198:200
INFO: main.c(392): 257:198:200
INFO: main.c(392): 258:198:200
INFO: main.c(392): 259:198:200
INFO: main.c(392): 260:198:200
INFO: main.c(392): 261:198:200
INFO: main.c(392): 262:198:200
INFO: main.c(392): 263:198:200
INFO: main.c(392): 264:198:200
INFO: main.c(392): 265:199:200
INFO: main.c(392): 266:199:200
INFO: main.c(392): 267:199:200
INFO: main.c(392): 268:199:200
INFO: main.c(392): 269:199:200
INFO: main.c(392): 270:199:200
INFO: main.c(392): 271:199:200
INFO: main.c(392): 272:199:200
INFO: main.c(392): 273:199:200
INFO: main.c(392): 274:199:200
INFO: main.c(392): 275:199:200
INFO: main.c(392): 276:199:200
INFO: main.c(392): 277:199:200
INFO: main.c(392): 278:199:200
INFO: main.c(392): 279:199:200
INFO: main.c(392): 280:199:200
INFO: main.c(392): 281:199:200
INFO: main.c(392): 282:200:200
SUMMARY

 State  Count A   Count B    Total    CD    CI    UNI   Cnv
------ --------- --------- --------- ----- ----- ------ ---
   102 3.846e+02 4.941e+02 8.787e+02 0.938 0.010 0.052 y
   103 5.557e+02 5.208e+02 1.076e+03 0.833 0.106 0.061 y
   104 1.066e+03 1.160e+03 2.227e+03 0.664 0.332 0.003 y
   105 8.270e+02 1.017e+03 1.844e+03 0.661 0.330 0.009 y
   106 2.511e+01 9.910e+01 1.242e+02 0.114 0.057 0.829 y
   107 1.989e+01 7.204e+01 9.192e+01 0.014 0.007 0.980 y
   108 1.140e+02 6.886e+01 1.829e+02 0.037 0.019 0.944 y
   109 6.077e+02 6.205e+02 1.228e+03 0.952 0.004 0.043 y
   110 2.576e+02 2.314e+02 4.891e+02 0.892 0.047 0.060 y
   111 1.930e+02 1.896e+02 3.826e+02 0.957 0.001 0.042 y
   112 1.697e+02 1.765e+02 3.462e+02 0.792 0.094 0.113 y
   113 2.311e+02 1.776e+02 4.087e+02 0.950 0.021 0.029 y
   114 1.953e+02 1.718e+02 3.671e+02 0.969 0.001 0.031 y
   115 9.413e+02 9.463e+02 1.888e+03 0.987 0.003 0.010 y
   116 1.355e+02 1.811e+02 3.166e+02 0.873 0.001 0.127 y
   117 3.808e+02 3.387e+02 7.195e+02 0.971 0.008 0.021 y
   118 9.761e+02 9.353e+02 1.911e+03 0.975 0.007 0.017 y
   119 4.125e+02 4.668e+02 8.794e+02 0.651 0.326 0.023 y
   120 6.971e+02 7.921e+02 1.489e+03 0.644 0.322 0.034 y
   121 5.664e+02 6.388e+02 1.205e+03 0.642 0.321 0.037 y
   122 7.144e+02 1.017e+03 1.731e+03 0.632 0.316 0.051 y
   123 2.794e+02 4.713e+02 7.507e+02 0.605 0.303 0.092 y
   124 3.737e+02 6.903e+02 1.064e+03 0.648 0.324 0.028 y
   125 5.312e+02 8.185e+02 1.350e+03 0.963 0.011 0.026 y
   126 7.454e+02 6.352e+02 1.381e+03 0.875 0.009 0.115 y
   127 3.021e+02 3.150e+02 6.171e+02 0.923 0.045 0.031 y
   128 4.209e+02 4.423e+02 8.632e+02 0.883 0.104 0.012 y
   129 1.743e+03 1.389e+03 3.132e+03 0.926 0.068 0.006 y
   130 1.255e+03 1.063e+03 2.318e+03 0.899 0.084 0.018 y
   131 4.317e+02 2.722e+02 7.040e+02 0.886 0.095 0.019 y
   132 3.246e+02 2.840e+02 6.086e+02 0.939 0.040 0.021 y
   133 4.205e+02 4.234e+02 8.438e+02 0.926 0.055 0.018 y
   134 3.293e+02 3.396e+02 6.689e+02 0.636 0.176 0.188 y
   135 1.623e+02 1.728e+02 3.351e+02 0.956 0.028 0.016 y
   136 1.466e+02 1.291e+02 2.757e+02 0.817 0.048 0.136 y
   137 2.031e+02 2.255e+02 4.286e+02 0.961 0.000 0.038 y
   138 1.284e+02 1.389e+02 2.673e+02 0.811 0.030 0.159 y
   139 5.412e+02 5.061e+02 1.047e+03 0.654 0.327 0.019 y
   140 6.770e+02 6.493e+02 1.326e+03 0.662 0.331 0.007 y
   141 3.392e+02 4.779e+02 8.171e+02 0.798 0.077 0.125 y
   142 2.494e+02 2.338e+02 4.831e+02 0.948 0.031 0.021 y
   143 1.848e+02 2.183e+02 4.031e+02 0.590 0.206 0.204 y
   144 3.751e+02 4.698e+02 8.449e+02 0.914 0.017 0.069 y
   145 2.474e+02 3.017e+02 5.491e+02 0.607 0.303 0.090 y
   146 2.676e+02 3.791e+02 6.467e+02 0.612 0.306 0.083 y
   147 7.338e+02 4.181e+02 1.152e+03 0.975 0.011 0.014 y
   148 1.031e+03 6.700e+02 1.700e+03 0.908 0.085 0.007 y
   149 4.547e+02 4.971e+02 9.518e+02 0.986 0.005 0.009 y
   150 9.244e+01 8.989e+01 1.823e+02 0.898 0.001 0.100 y
   151 1.655e+02 1.408e+02 3.064e+02 0.990 0.000 0.010 y
   152 1.088e+03 9.962e+02 2.084e+03 0.954 0.041 0.005 y
   153 3.408e+02 4.008e+02 7.415e+02 0.959 0.035 0.005 y
   154 2.731e+02 1.519e+02 4.250e+02 0.936 0.046 0.017 y
   155 8.057e+02 7.735e+02 1.579e+03 0.980 0.017 0.003 y
   156 4.271e+02 3.215e+02 7.486e+02 0.965 0.031 0.004 y
   157 1.249e+03 1.081e+03 2.330e+03 0.931 0.068 0.001 y
   158 2.728e+02 1.633e+02 4.362e+02 0.834 0.138 0.027 y
   159 4.299e+02 3.876e+02 8.175e+02 0.570 0.285 0.145 y
   160 4.615e+02 3.700e+02 8.314e+02 0.627 0.313 0.060 y
   161 5.081e+02 5.858e+02 1.094e+03 0.643 0.321 0.036 y
   162 6.850e+02 7.019e+02 1.387e+03 0.899 0.030 0.071 y
   163 5.310e+02 4.454e+02 9.764e+02 0.854 0.106 0.040 y
   164 3.735e+02 2.155e+02 5.890e+02 0.935 0.002 0.063 y
   165 1.299e+03 1.193e+03 2.492e+03 0.766 0.228 0.005 y
   166 7.675e+02 5.476e+02 1.315e+03 0.867 0.130 0.003 y
   167 5.519e+02 3.448e+02 8.968e+02 0.927 0.027 0.045 y
   168 8.869e+02 8.140e+02 1.701e+03 0.945 0.050 0.005 y
   169 4.416e+02 3.974e+02 8.389e+02 0.848 0.130 0.022 y
   170 2.036e+02 1.877e+02 3.913e+02 0.927 0.060 0.012 y
   171 7.018e+02 5.943e+02 1.296e+03 0.903 0.065 0.032 y
   172 1.999e+02 1.932e+02 3.931e+02 0.979 0.007 0.014 y
   173 1.293e+03 1.176e+03 2.469e+03 0.665 0.333 0.002 y
   174 4.555e+02 4.081e+02 8.635e+02 0.950 0.011 0.039 y
   175 6.423e+02 6.099e+02 1.252e+03 0.965 0.024 0.011 y
   176 1.242e+02 4.400e+01 1.682e+02 0.215 0.107 0.678 y
   177 6.483e+01 3.297e+01 9.781e+01 0.358 0.179 0.463 y
   178 9.678e+01 7.203e+01 1.688e+02 0.435 0.218 0.347 y
   179 4.392e+02 4.931e+02 9.323e+02 0.922 0.004 0.075 y
   180 1.858e+02 2.061e+02 3.919e+02 0.798 0.063 0.138 y
   181 2.930e+02 2.911e+02 5.841e+02 0.900 0.014 0.086 y
   182 2.944e+02 2.222e+02 5.166e+02 0.926 0.036 0.038 y
   183 3.700e+02 4.585e+02 8.285e+02 0.649 0.324 0.027 y
   184 1.127e+02 9.498e+01 2.077e+02 0.914 0.006 0.080 y
   185 4.183e+02 4.597e+02 8.780e+02 0.975 0.007 0.018 y
   186 1.658e+02 1.155e+02 2.813e+02 0.830 0.026 0.144 y
   187 5.141e+02 5.306e+02 1.045e+03 0.974 0.006 0.020 y
   188 2.263e+02 1.381e+02 3.644e+02 0.819 0.052 0.129 y
   189 3.015e+02 4.077e+02 7.091e+02 0.963 0.005 0.032 y
   190 1.131e+03 1.134e+03 2.265e+03 0.987 0.009 0.005 y
   191 7.085e+02 7.634e+02 1.472e+03 0.923 0.066 0.010 y
   192 8.481e+02 8.657e+02 1.714e+03 0.960 0.016 0.024 y
   193 2.573e+03 2.835e+03 5.408e+03 0.914 0.086 0.000 y
   194 1.557e+03 1.510e+03 3.067e+03 0.987 0.012 0.001 y
   195 9.386e+02 9.185e+02 1.857e+03 0.483 0.517 0.001 y
   196 7.850e+02 7.498e+02 1.535e+03 0.943 0.053 0.005 y
   197 2.084e+03 1.965e+03 4.048e+03 0.905 0.048 0.047 y
   198 5.744e+02 6.274e+02 1.202e+03 0.924 0.036 0.040 y
   199 9.731e+02 7.776e+02 1.751e+03 0.934 0.049 0.017 y
   200 1.089e+03 1.336e+03 2.425e+03 0.977 0.017 0.007 y
   201 6.715e+02 5.274e+02 1.199e+03 0.632 0.316 0.052 y
   202 5.528e+02 4.976e+02 1.050e+03 0.658 0.329 0.014 y
   203 3.724e+02 3.715e+02 7.439e+02 0.932 0.011 0.057 y
   204 2.755e+02 1.360e+02 4.115e+02 0.903 0.067 0.030 y
   205 2.707e+02 1.840e+02 4.547e+02 0.864 0.086 0.050 y
   206 5.598e+02 6.042e+02 1.164e+03 0.954 0.025 0.021 y
   207 1.854e+02 1.234e+02 3.088e+02 0.959 0.006 0.035 y
   208 4.002e+02 4.612e+02 8.614e+02 0.972 0.014 0.014 y
   209 4.086e+02 2.507e+02 6.593e+02 0.979 0.002 0.018 y
   210 3.248e+02 3.493e+02 6.741e+02 0.985 0.007 0.008 y
   211 6.855e+02 4.697e+02 1.155e+03 0.658 0.329 0.013 y
   212 7.078e+02 6.189e+02 1.327e+03 0.984 0.002 0.014 y
   213 1.044e+02 1.281e+02 2.325e+02 0.892 0.005 0.103 y
   214 7.282e+02 4.594e+02 1.188e+03 0.830 0.084 0.086 y
   215 2.078e+02 2.820e+02 4.899e+02 0.776 0.124 0.101 y
   216 5.764e+02 1.786e+02 7.550e+02 0.452 0.226 0.322 y
   217 5.907e+02 3.108e+02 9.015e+02 0.595 0.297 0.108 y
   218 2.682e+02 2.347e+02 5.029e+02 0.747 0.006 0.247 y
   219 5.086e+02 1.017e+02 6.103e+02 0.470 0.161 0.369 y
   220 5.486e+02 4.539e+02 1.003e+03 0.895 0.071 0.035 y
   221 2.953e+02 3.068e+02 6.021e+02 0.955 0.012 0.033 y
   222 3.915e+02 4.713e+02 8.628e+02 0.926 0.072 0.001 y
   223 4.573e+02 4.214e+02 8.787e+02 0.951 0.047 0.003 y
   224 1.221e+03 1.302e+03 2.523e+03 0.938 0.039 0.023 y
   225 4.483e+02 5.113e+02 9.595e+02 0.966 0.022 0.012 y
   226 2.501e+02 2.185e+02 4.686e+02 0.965 0.021 0.014 y
   227 3.235e+02 3.455e+02 6.690e+02 0.938 0.010 0.051 y
   228 8.064e+02 8.845e+02 1.691e+03 0.918 0.044 0.039 y
   229 1.447e+02 1.547e+02 2.994e+02 0.916 0.007 0.077 y
   230 7.853e+02 8.293e+02 1.615e+03 0.970 0.013 0.016 y
   231 4.511e+02 3.484e+02 7.996e+02 0.889 0.086 0.025 y
   232 4.247e+02 3.604e+02 7.851e+02 0.915 0.030 0.055 y
   233 9.163e+02 9.487e+02 1.865e+03 0.628 0.303 0.070 y
   234 1.739e+02 1.127e+02 2.866e+02 0.909 0.006 0.085 y
   235 1.159e+03 1.456e+03 2.615e+03 0.662 0.331 0.006 y
   236 5.454e+02 6.448e+02 1.190e+03 0.891 0.057 0.051 y
   237 4.417e+02 4.461e+02 8.878e+02 0.882 0.087 0.031 y
   238 3.444e+02 4.490e+02 7.934e+02 0.920 0.016 0.064 y
   239 1.907e+02 1.791e+02 3.698e+02 0.887 0.028 0.085 y
   240 3.563e+02 3.498e+02 7.062e+02 0.654 0.327 0.019 y
   241 3.829e+02 3.021e+02 6.850e+02 0.621 0.310 0.069 y
   242 2.879e+02 2.756e+02 5.634e+02 0.969 0.010 0.021 y
   243 2.725e+02 1.928e+02INFO: interp_fn.c(159): Interpolating CD states
INFO: main.c(513): Writing /home/rakha/Kuliah/Semester8/nlp/speech-sphinx/train-new-model/an4-master/model_parameters/an4.cd_ptm_200_delinterp/mixture_weights
INFO: s3mixw_io.c(233): Wrote /home/rakha/Kuliah/Semester8/nlp/speech-sphinx/train-new-model/an4-master/model_parameters/an4.cd_ptm_200_delinterp/mixture_weights [302x4x64 array]
 4.653e+02 0.919 0.020 0.061 y
   244 5.051e+02 6.117e+02 1.117e+03 0.972 0.019 0.009 y
   245 1.955e+02 1.635e+02 3.590e+02 0.949 0.001 0.050 y
   246 1.505e+02 1.531e+02 3.036e+02 0.978 0.001 0.021 y
   247 2.185e+02 2.663e+02 4.848e+02 0.973 0.012 0.015 y
   248 3.221e+02 3.318e+02 6.538e+02 0.973 0.013 0.014 y
   249 5.027e+02 4.484e+02 9.510e+02 0.896 0.055 0.049 y
   250 3.976e+02 5.831e+02 9.806e+02 0.917 0.060 0.023 y
   251 2.817e+02 2.121e+02 4.938e+02 0.940 0.001 0.059 y
   252 3.646e+02 3.272e+02 6.918e+02 0.847 0.028 0.125 y
   253 2.429e+02 3.414e+02 5.843e+02 0.991 0.006 0.003 y
   254 1.028e+03 8.909e+02 1.919e+03 0.954 0.020 0.025 y
   255 5.203e+02 4.291e+02 9.494e+02 0.981 0.001 0.018 y
   256 2.155e+02 2.377e+02 4.532e+02 0.983 0.003 0.013 y
   257 1.209e+03 1.190e+03 2.400e+03 0.957 0.041 0.002 y
   258 1.033e+03 8.419e+02 1.875e+03 0.939 0.060 0.001 y
   259 7.442e+02 8.093e+02 1.554e+03 0.960 0.038 0.002 y
   260 5.062e+02 4.999e+02 1.006e+03 0.965 0.017 0.018 y
   261 9.127e+02 9.203e+02 1.833e+03 0.902 0.075 0.023 y
   262 5.099e+02 5.086e+02 1.018e+03 0.994 0.004 0.002 y
   263 1.523e+02 1.788e+02 3.311e+02 0.978 0.002 0.020 y
   264 6.008e+02 8.085e+02 1.409e+03 0.967 0.024 0.009 y
   265 3.460e+02 3.379e+02 6.839e+02 0.975 0.020 0.005 y
   266 1.397e+03 1.293e+03 2.689e+03 0.967 0.032 0.001 y
   267 5.435e+02 5.157e+02 1.059e+03 0.915 0.062 0.023 y
   268 7.577e+02 7.850e+02 1.543e+03 0.974 0.026 0.001 y
   269 4.736e+02 4.425e+02 9.160e+02 0.943 0.005 0.053 y
   270 8.418e+02 8.173e+02 1.659e+03 0.992 0.007 0.001 y
   271 6.445e+02 5.610e+02 1.206e+03 0.961 0.033 0.005 y
   272 8.981e+02 8.506e+02 1.749e+03 0.651 0.325 0.024 y
   273 4.643e+02 5.073e+02 9.716e+02 0.650 0.325 0.024 y
   274 4.318e+02 4.622e+02 8.940e+02 0.957 0.002 0.041 y
   275 9.157e+01 6.168e+01 1.533e+02 0.928 0.000 0.071 y
   276 9.787e+02 8.998e+02 1.879e+03 0.975 0.008 0.017 y
   277 2.344e+02 2.228e+02 4.571e+02 0.965 0.005 0.031 y
   278 6.807e+02 7.634e+02 1.444e+03 0.934 0.046 0.020 y
   279 3.773e+02 3.467e+02 7.240e+02 0.904 0.072 0.024 y
   280 4.472e+02 4.712e+02 9.184e+02 0.834 0.136 0.030 y
   281 1.007e+03 1.041e+03 2.048e+03 0.906 0.070 0.025 y
   282 3.342e+02 3.940e+02 7.282e+02 0.975 0.002 0.023 y
   283 3.782e+02 3.997e+02 7.778e+02 0.981 0.011 0.008 y
   284 3.663e+02 3.877e+02 7.540e+02 0.885 0.093 0.022 y
   285 2.768e+02 2.070e+02 4.838e+02 0.971 0.025 0.004 y
   286 6.164e+02 7.279e+02 1.344e+03 0.981 0.005 0.014 y
   287 1.990e+02 3.273e+02 5.263e+02 0.903 0.058 0.039 y
   288 2.603e+02 1.948e+02 4.551e+02 0.954 0.017 0.030 y
   289 3.632e+02 3.939e+02 7.571e+02 0.862 0.067 0.071 y
   290 1.925e+02 1.866e+02 3.791e+02 0.949 0.018 0.032 y
   291 3.323e+02 3.438e+02 6.761e+02 0.969 0.009 0.021 y
   292 6.269e+02 6.219e+02 1.249e+03 0.656 0.328 0.016 y
   293 7.104e+02 4.602e+02 1.171e+03 0.625 0.312 0.063 y
   294 3.052e+02 3.857e+02 6.909e+02 0.599 0.092 0.308 y
   295 1.814e+02 2.183e+02 3.997e+02 0.867 0.014 0.119 y
   296 3.017e+02 2.119e+02 5.136e+02 0.940 0.002 0.057 y
   297 6.852e+02 5.361e+02 1.221e+03 0.665 0.332 0.003 y
   298 5.189e+02 4.592e+02 9.781e+02 0.650 0.325 0.025 y
   299 4.082e+02 2.042e+02 6.124e+02 0.485 0.243 0.272 y
   300 4.067e+02 3.072e+02 7.139e+02 0.640 0.320 0.039 y
   301 3.331e+02 1.439e+02 4.770e+02 0.505 0.253 0.242 y
Mon May 23 22:40:22 2022
