        INFO: pocketsphinx.c(153): Parsed model-specific feature parameters from /home/rakha/Kuliah/Semester8/nlp/speech-sphinx/train-new-model/an4-master/model_parameters/an4.cd_cont_200/feat.params
Current configuration:
[NAME]			[DEFLT]		[VALUE]
-agc			none		none
-agcthresh		2.0		2.000000e+00
-allphone				
-allphone_ci		yes		yes
-alpha			0.97		9.700000e-01
-ascale			20.0		2.000000e+01
-aw			1		1
-backtrace		no		no
-beam			1e-48		1.000000e-80
-bestpath		yes		yes
-bestpathlw		9.5		1.000000e+01
-ceplen			13		13
-cmn			live		batch
-cmninit		40,3,-1		40,3,-1
-compallsen		no		no
-dict					/home/rakha/Kuliah/Semester8/nlp/speech-sphinx/train-new-model/an4-master/etc/an4.dic
-dictcase		no		no
-dither			no		no
-doublebw		no		no
-ds			1		1
-fdict					
-feat			1s_c_d_dd	1s_c_d_dd
-featparams				
-fillprob		1e-8		1.000000e-08
-frate			100		100
-fsg					
-fsgusealtpron		yes		yes
-fsgusefiller		yes		yes
-fwdflat		yes		yes
-fwdflatbeam		1e-64		1.000000e-80
-fwdflatefwid		4		4
-fwdflatlw		8.5		1.000000e+01
-fwdflatsfwin		25		25
-fwdflatwbeam		7e-29		1.000000e-40
-fwdtree		yes		yes
-hmm					/home/rakha/Kuliah/Semester8/nlp/speech-sphinx/train-new-model/an4-master/model_parameters/an4.cd_cont_200
-input_endian		little		little
-jsgf					
-keyphrase				
-kws					
-kws_delay		10		10
-kws_plp		1e-1		1.000000e-01
-kws_threshold		1e-30		1.000000e-30
-latsize		5000		5000
-lda					
-ldadim			0		0
-lifter			0		22
-lm					/home/rakha/Kuliah/Semester8/nlp/speech-sphinx/train-new-model/an4-master/etc/an4.ug.lm.DMP
-lmctl					
-lmname					
-logbase		1.0001		1.000100e+00
-logfn					
-logspec		no		no
-lowerf			133.33334	1.300000e+02
-lpbeam			1e-40		1.000000e-80
-lponlybeam		7e-29		1.000000e-80
-lw			6.5		1.000000e+01
-maxhmmpf		30000		30000
-maxwpf			-1		-1
-mdef					
-mean					
-mfclogdir				
-min_endfr		0		0
-mixw					
-mixwfloor		0.0000001	1.000000e-07
-mllr					
-mmap			yes		yes
-ncep			13		13
-nfft			512		512
-nfilt			40		25
-nwpen			1.0		1.000000e+00
-pbeam			1e-48		1.000000e-80
-pip			1.0		1.000000e+00
-pl_beam		1e-10		1.000000e-10
-pl_pbeam		1e-10		1.000000e-10
-pl_pip			1.0		1.000000e+00
-pl_weight		3.0		3.000000e+00
-pl_window		5		5
-rawlogdir				
-remove_dc		no		no
-remove_noise		yes		yes
-remove_silence		yes		yes
-round_filters		yes		yes
-samprate		16000		1.600000e+04
-seed			-1		-1
-sendump				
-senlogdir				
-senmgau				
-silprob		0.005		5.000000e-03
-smoothspec		no		no
-svspec					
-tmat					
-tmatfloor		0.0001		1.000000e-04
-topn			4		4
-topn_beam		0		0
-toprule				
-transform		legacy		dct
-unit_area		yes		yes
-upperf			6855.4976	6.800000e+03
-uw			1.0		1.000000e+00
-vad_postspeech		50		50
-vad_prespeech		20		20
-vad_startspeech	10		10
-vad_threshold		3.0		3.000000e+00
-var					
-varfloor		0.0001		1.000000e-04
-varnorm		no		no
-verbose		no		no
-warp_params				
-warp_type		inverse_linear	inverse_linear
-wbeam			7e-29		1.000000e-40
-wip			0.65		2.000000e-01
-wlen			0.025625	2.562500e-02

INFO: feat.c(715): Initializing feature stream to type: '1s_c_d_dd', ceplen=13, CMN='batch', VARNORM='no', AGC='none'
INFO: mdef.c(518): Reading model definition: /home/rakha/Kuliah/Semester8/nlp/speech-sphinx/train-new-model/an4-master/model_parameters/an4.cd_cont_200/mdef
INFO: bin_mdef.c(182): Allocating 7315 * 8 bytes (57 KiB) for CD tree
INFO: tmat.c(149): Reading HMM transition probability matrices: /home/rakha/Kuliah/Semester8/nlp/speech-sphinx/train-new-model/an4-master/model_parameters/an4.cd_cont_200/transition_matrices
INFO: acmod.c(113): Attempting to use PTM computation module
INFO: ms_gauden.c(127): Reading mixture gaussian parameter: /home/rakha/Kuliah/Semester8/nlp/speech-sphinx/train-new-model/an4-master/model_parameters/an4.cd_cont_200/means
INFO: ms_gauden.c(242): 302 codebook, 1 feature, size: 
INFO: ms_gauden.c(244):  8x39
INFO: ms_gauden.c(127): Reading mixture gaussian parameter: /home/rakha/Kuliah/Semester8/nlp/speech-sphinx/train-new-model/an4-master/model_parameters/an4.cd_cont_200/variances
INFO: ms_gauden.c(242): 302 codebook, 1 feature, size: 
INFO: ms_gauden.c(244):  8x39
INFO: ms_gauden.c(304): 78 variance values floored
INFO: ptm_mgau.c(803): Number of codebooks exceeds 256: 302
INFO: acmod.c(115): Attempting to use semi-continuous computation module
INFO: ms_gauden.c(127): Reading mixture gaussian parameter: /home/rakha/Kuliah/Semester8/nlp/speech-sphinx/train-new-model/an4-master/model_parameters/an4.cd_cont_200/means
INFO: ms_gauden.c(242): 302 codebook, 1 feature, size: 
INFO: ms_gauden.c(244):  8x39
INFO: ms_gauden.c(127): Reading mixture gaussian parameter: /home/rakha/Kuliah/Semester8/nlp/speech-sphinx/train-new-model/an4-master/model_parameters/an4.cd_cont_200/variances
INFO: ms_gauden.c(242): 302 codebook, 1 feature, size: 
INFO: ms_gauden.c(244):  8x39
INFO: ms_gauden.c(304): 78 variance values floored
INFO: acmod.c(117): Falling back to general multi-stream GMM computation
INFO: ms_gauden.c(127): Reading mixture gaussian parameter: /home/rakha/Kuliah/Semester8/nlp/speech-sphinx/train-new-model/an4-master/model_parameters/an4.cd_cont_200/means
INFO: ms_gauden.c(242): 302 codebook, 1 feature, size: 
INFO: ms_gauden.c(244):  8x39
INFO: ms_gauden.c(127): Reading mixture gaussian parameter: /home/rakha/Kuliah/Semester8/nlp/speech-sphinx/train-new-model/an4-master/model_parameters/an4.cd_cont_200/variances
INFO: ms_gauden.c(242): 302 codebook, 1 feature, size: 
INFO: ms_gauden.c(244):  8x39
INFO: ms_gauden.c(304): 78 variance values floored
INFO: ms_senone.c(149): Reading senone mixture weights: /home/rakha/Kuliah/Semester8/nlp/speech-sphinx/train-new-model/an4-master/model_parameters/an4.cd_cont_200/mixture_weights
INFO: ms_senone.c(200): Truncating senone logs3(pdf) values by 10 bits
INFO: ms_senone.c(207): Not transposing mixture weights in memory
INFO: ms_senone.c(268): Read mixture weights for 302 senones: 1 features x 8 codewords
INFO: ms_senone.c(320): Mapping senones to individual codebooks
INFO: ms_mgau.c(144): The value of topn: 4
INFO: phone_loop_search.c(114): State beam -225 Phone exit beam -225 Insertion penalty 0
INFO: dict.c(320): Allocating 4229 * 32 bytes (132 KiB) for word entries
INFO: dict.c(333): Reading main dictionary: /home/rakha/Kuliah/Semester8/nlp/speech-sphinx/train-new-model/an4-master/etc/an4.dic
INFO: dict.c(213): Dictionary size 130, allocated 0 KiB for strings, 1 KiB for phones
INFO: dict.c(336): 130 words read
INFO: dict.c(358): Reading filler dictionary: /home/rakha/Kuliah/Semester8/nlp/speech-sphinx/train-new-model/an4-master/model_parameters/an4.cd_cont_200/noisedict
INFO: dict.c(213): Dictionary size 133, allocated 0 KiB for strings, 0 KiB for phones
INFO: dict.c(361): 3 words read
INFO: dict2pid.c(396): Building PID tables for dictionary
INFO: dict2pid.c(406): Allocating 34^3 * 2 bytes (76 KiB) for word-initial triphones
INFO: dict2pid.c(132): Allocated 28016 bytes (27 KiB) for word-final triphones
INFO: dict2pid.c(196): Allocated 28016 bytes (27 KiB) for single-phone word triphones
INFO: ngram_model_trie.c(354): Trying to read LM in trie binary format
INFO: ngram_model_trie.c(365): Header doesn't match
INFO: ngram_model_trie.c(177): Trying to read LM in arpa format
INFO: ngram_model_trie.c(70): No \data\ mark in LM file
INFO: ngram_model_trie.c(445): Trying to read LM in dmp format
INFO: ngram_model_trie.c(527): ngrams 1=107, 2=1, 3=0
INFO: lm_trie.c(474): Training quantizer
INFO: lm_trie.c(482): Building LM trie
INFO: ngram_search_fwdtree.c(74): Initializing search tree
INFO: ngram_search_fwdtree.c(101): 71 unique initial diphones
INFO: ngram_search_fwdtree.c(186): Creating search channels
INFO: ngram_search_fwdtree.c(323): Max nonroot chan increased to 318
INFO: ngram_search_fwdtree.c(333): Created 71 root, 190 non-root channels, 9 single-phone words
INFO: ngram_search_fwdflat.c(157): fwdflat: min_ef_width = 4, max_sf_win = 25
INFO: batch.c(815): Decoding 'an4test_clstk/fcaw/an406-fcaw-b'
ERROR: "batch.c", line 457: Failed to open /home/rakha/Kuliah/Semester8/nlp/speech-sphinx/train-new-model/an4-master/feat/an4test_clstk/fcaw/an406-fcaw-b.mfc: No such file or directory
INFO: batch.c(815): Decoding 'an4test_clstk/fcaw/an407-fcaw-b'
ERROR: "batch.c", line 457: Failed to open /home/rakha/Kuliah/Semester8/nlp/speech-sphinx/train-new-model/an4-master/feat/an4test_clstk/fcaw/an407-fcaw-b.mfc: No such file or directory
INFO: batch.c(815): Decoding 'an4test_clstk/fcaw/an408-fcaw-b'
ERROR: "batch.c", line 457: Failed to open /home/rakha/Kuliah/Semester8/nlp/speech-sphinx/train-new-model/an4-master/feat/an4test_clstk/fcaw/an408-fcaw-b.mfc: No such file or directory
INFO: batch.c(815): Decoding 'an4test_clstk/fcaw/an409-fcaw-b'
ERROR: "batch.c", line 457: Failed to open /home/rakha/Kuliah/Semester8/nlp/speech-sphinx/train-new-model/an4-master/feat/an4test_clstk/fcaw/an409-fcaw-b.mfc: No such file or directory
INFO: batch.c(815): Decoding 'an4test_clstk/fcaw/an410-fcaw-b'
ERROR: "batch.c", line 457: Failed to open /home/rakha/Kuliah/Semester8/nlp/speech-sphinx/train-new-model/an4-master/feat/an4test_clstk/fcaw/an410-fcaw-b.mfc: No such file or directory
INFO: batch.c(815): Decoding 'an4test_clstk/fcaw/cen1-fcaw-b'
ERROR: "batch.c", line 457: Failed to open /home/rakha/Kuliah/Semester8/nlp/speech-sphinx/train-new-model/an4-master/feat/an4test_clstk/fcaw/cen1-fcaw-b.mfc: No such file or directory
INFO: batch.c(815): Decoding 'an4test_clstk/fcaw/cen2-fcaw-b'
ERROR: "batch.c", line 457: Failed to open /home/rakha/Kuliah/Semester8/nlp/speech-sphinx/train-new-model/an4-master/feat/an4test_clstk/fcaw/cen2-fcaw-b.mfc: No such file or directory
INFO: batch.c(815): Decoding 'an4test_clstk/fcaw/cen3-fcaw-b'
ERROR: "batch.c", line 457: Failed to open /home/rakha/Kuliah/Semester8/nlp/speech-sphinx/train-new-model/an4-master/feat/an4test_clstk/fcaw/cen3-fcaw-b.mfc: No such file or directory
INFO: batch.c(815): Decoding 'an4test_clstk/fcaw/cen4-fcaw-b'
ERROR: "batch.c", line 457: Failed to open /home/rakha/Kuliah/Semester8/nlp/speech-sphinx/train-new-model/an4-master/feat/an4test_clstk/fcaw/cen4-fcaw-b.mfc: No such file or directory
INFO: batch.c(815): Decoding 'an4test_clstk/fcaw/cen5-fcaw-b'
ERROR: "batch.c", line 457: Failed to open /home/rakha/Kuliah/Semester8/nlp/speech-sphinx/train-new-model/an4-master/feat/an4test_clstk/fcaw/cen5-fcaw-b.mfc: No such file or directory
INFO: batch.c(815): Decoding 'an4test_clstk/fcaw/cen6-fcaw-b'
ERROR: "batch.c", line 457: Failed to open /home/rakha/Kuliah/Semester8/nlp/speech-sphinx/train-new-model/an4-master/feat/an4test_clstk/fcaw/cen6-fcaw-b.mfc: No such file or directory
INFO: batch.c(815): Decoding 'an4test_clstk/fcaw/cen7-fcaw-b'
ERROR: "batch.c", line 457: Failed to open /home/rakha/Kuliah/Semester8/nlp/speech-sphinx/train-new-model/an4-master/feat/an4test_clstk/fcaw/cen7-fcaw-b.mfc: No such file or directory
INFO: batch.c(815): Decoding 'an4test_clstk/fcaw/cen8-fcaw-b'
ERROR: "batch.c", line 457: Failed to open /home/rakha/Kuliah/Semester8/nlp/speech-sphinx/train-new-model/an4-master/feat/an4test_clstk/fcaw/cen8-fcaw-b.mfc: No such file or directory
INFO: batch.c(815): Decoding 'an4test_clstk/fjlp/an416-fjlp-b'
ERROR: "batch.c", line 457: Failed to open /home/rakha/Kuliah/Semester8/nlp/speech-sphinx/train-new-model/an4-master/feat/an4test_clstk/fjlp/an416-fjlp-b.mfc: No such file or directory
INFO: batch.c(815): Decoding 'an4test_clstk/fjlp/an417-fjlp-b'
ERROR: "batch.c", line 457: Failed to open /home/rakha/Kuliah/Semester8/nlp/speech-sphinx/train-new-model/an4-master/feat/an4test_clstk/fjlp/an417-fjlp-b.mfc: No such file or directory
INFO: batch.c(815): Decoding 'an4test_clstk/fjlp/an418-fjlp-b'
ERROR: "batch.c", line 457: Failed to open /home/rakha/Kuliah/Semester8/nlp/speech-sphinx/train-new-model/an4-master/feat/an4test_clstk/fjlp/an418-fjlp-b.mfc: No such file or directory
INFO: batch.c(815): Decoding 'an4test_clstk/fjlp/an419-fjlp-b'
ERROR: "batch.c", line 457: Failed to open /home/rakha/Kuliah/Semester8/nlp/speech-sphinx/train-new-model/an4-master/feat/an4test_clstk/fjlp/an419-fjlp-b.mfc: No such file or directory
INFO: batch.c(815): Decoding 'an4test_clstk/fjlp/an420-fjlp-b'
ERROR: "batch.c", line 457: Failed to open /home/rakha/Kuliah/Semester8/nlp/speech-sphinx/train-new-model/an4-master/feat/an4test_clstk/fjlp/an420-fjlp-b.mfc: No such file or directory
INFO: batch.c(815): Decoding 'an4test_clstk/fjlp/cen1-fjlp-b'
ERROR: "batch.c", line 457: Failed to open /home/rakha/Kuliah/Semester8/nlp/speech-sphinx/train-new-model/an4-master/feat/an4test_clstk/fjlp/cen1-fjlp-b.mfc: No such file or directory
INFO: batch.c(815): Decoding 'an4test_clstk/fjlp/cen2-fjlp-b'
ERROR: "batch.c", line 457: Failed to open /home/rakha/Kuliah/Semester8/nlp/speech-sphinx/train-new-model/an4-master/feat/an4test_clstk/fjlp/cen2-fjlp-b.mfc: No such file or directory
INFO: batch.c(815): Decoding 'an4test_clstk/fjlp/cen3-fjlp-b'
ERROR: "batch.c", line 457: Failed to open /home/rakha/Kuliah/Semester8/nlp/speech-sphinx/train-new-model/an4-master/feat/an4test_clstk/fjlp/cen3-fjlp-b.mfc: No such file or directory
INFO: batch.c(815): Decoding 'an4test_clstk/fjlp/cen4-fjlp-b'
ERROR: "batch.c", line 457: Failed to open /home/rakha/Kuliah/Semester8/nlp/speech-sphinx/train-new-model/an4-master/feat/an4test_clstk/fjlp/cen4-fjlp-b.mfc: No such file or directory
INFO: batch.c(815): Decoding 'an4test_clstk/fjlp/cen5-fjlp-b'
ERROR: "batch.c", line 457: Failed to open /home/rakha/Kuliah/Semester8/nlp/speech-sphinx/train-new-model/an4-master/feat/an4test_clstk/fjlp/cen5-fjlp-b.mfc: No such file or directory
INFO: batch.c(815): Decoding 'an4test_clstk/fjlp/cen6-fjlp-b'
ERROR: "batch.c", line 457: Failed to open /home/rakha/Kuliah/Semester8/nlp/speech-sphinx/train-new-model/an4-master/feat/an4test_clstk/fjlp/cen6-fjlp-b.mfc: No such file or directory
INFO: batch.c(815): Decoding 'an4test_clstk/fjlp/cen7-fjlp-b'
ERROR: "batch.c", line 457: Failed to open /home/rakha/Kuliah/Semester8/nlp/speech-sphinx/train-new-model/an4-master/feat/an4test_clstk/fjlp/cen7-fjlp-b.mfc: No such file or directory
INFO: batch.c(815): Decoding 'an4test_clstk/fjlp/cen8-fjlp-b'
ERROR: "batch.c", line 457: Failed to open /home/rakha/Kuliah/Semester8/nlp/speech-sphinx/train-new-model/an4-master/feat/an4test_clstk/fjlp/cen8-fjlp-b.mfc: No such file or directory
INFO: batch.c(815): Decoding 'an4test_clstk/fvap/an426-fvap-b'
ERROR: "batch.c", line 457: Failed to open /home/rakha/Kuliah/Semester8/nlp/speech-sphinx/train-new-model/an4-master/feat/an4test_clstk/fvap/an426-fvap-b.mfc: No such file or directory
INFO: batch.c(815): Decoding 'an4test_clstk/fvap/an427-fvap-b'
ERROR: "batch.c", line 457: Failed to open /home/rakha/Kuliah/Semester8/nlp/speech-sphinx/train-new-model/an4-master/feat/an4test_clstk/fvap/an427-fvap-b.mfc: No such file or directory
INFO: batch.c(815): Decoding 'an4test_clstk/fvap/an428-fvap-b'
ERROR: "batch.c", line 457: Failed to open /home/rakha/Kuliah/Semester8/nlp/speech-sphinx/train-new-model/an4-master/feat/an4test_clstk/fvap/an428-fvap-b.mfc: No such file or directory
INFO: batch.c(815): Decoding 'an4test_clstk/fvap/an429-fvap-b'
ERROR: "batch.c", line 457: Failed to open /home/rakha/Kuliah/Semester8/nlp/speech-sphinx/train-new-model/an4-master/feat/an4test_clstk/fvap/an429-fvap-b.mfc: No such file or directory
INFO: batch.c(815): Decoding 'an4test_clstk/fvap/an430-fvap-b'
ERROR: "batch.c", line 457: Failed to open /home/rakha/Kuliah/Semester8/nlp/speech-sphinx/train-new-model/an4-master/feat/an4test_clstk/fvap/an430-fvap-b.mfc: No such file or directory
INFO: batch.c(815): Decoding 'an4test_clstk/fvap/cen1-fvap-b'
ERROR: "batch.c", line 457: Failed to open /home/rakha/Kuliah/Semester8/nlp/speech-sphinx/train-new-model/an4-master/feat/an4test_clstk/fvap/cen1-fvap-b.mfc: No such file or directory
INFO: batch.c(815): Decoding 'an4test_clstk/fvap/cen2-fvap-b'
ERROR: "batch.c", line 457: Failed to open /home/rakha/Kuliah/Semester8/nlp/speech-sphinx/train-new-model/an4-master/feat/an4test_clstk/fvap/cen2-fvap-b.mfc: No such file or directory
INFO: batch.c(815): Decoding 'an4test_clstk/fvap/cen3-fvap-b'
ERROR: "batch.c", line 457: Failed to open /home/rakha/Kuliah/Semester8/nlp/speech-sphinx/train-new-model/an4-master/feat/an4test_clstk/fvap/cen3-fvap-b.mfc: No such file or directory
INFO: batch.c(815): Decoding 'an4test_clstk/fvap/cen4-fvap-b'
ERROR: "batch.c", line 457: Failed to open /home/rakha/Kuliah/Semester8/nlp/speech-sphinx/train-new-model/an4-master/feat/an4test_clstk/fvap/cen4-fvap-b.mfc: No such file or directory
INFO: batch.c(815): Decoding 'an4test_clstk/fvap/cen5-fvap-b'
ERROR: "batch.c", line 457: Failed to open /home/rakha/Kuliah/Semester8/nlp/speech-sphinx/train-new-model/an4-master/feat/an4test_clstk/fvap/cen5-fvap-b.mfc: No such file or directory
INFO: batch.c(815): Decoding 'an4test_clstk/fvap/cen6-fvap-b'
ERROR: "batch.c", line 457: Failed to open /home/rakha/Kuliah/Semester8/nlp/speech-sphinx/train-new-model/an4-master/feat/an4test_clstk/fvap/cen6-fvap-b.mfc: No such file or directory
INFO: batch.c(815): Decoding 'an4test_clstk/fvap/cen7-fvap-b'
ERROR: "batch.c", line 457: Failed to open /home/rakha/Kuliah/Semester8/nlp/speech-sphinx/train-new-model/an4-master/feat/an4test_clstk/fvap/cen7-fvap-b.mfc: No such file or directory
INFO: batch.c(815): Decoding 'an4test_clstk/fvap/cen8-fvap-b'
ERROR: "batch.c", line 457: Failed to open /home/rakha/Kuliah/Semester8/nlp/speech-sphinx/train-new-model/an4-master/feat/an4test_clstk/fvap/cen8-fvap-b.mfc: No such file or directory
INFO: batch.c(815): Decoding 'an4test_clstk/marh/an431-marh-b'
ERROR: "batch.c", line 457: Failed to open /home/rakha/Kuliah/Semester8/nlp/speech-sphinx/train-new-model/an4-master/feat/an4test_clstk/marh/an431-marh-b.mfc: No such file or directory
INFO: batch.c(815): Decoding 'an4test_clstk/marh/an432-marh-b'
ERROR: "batch.c", line 457: Failed to open /home/rakha/Kuliah/Semester8/nlp/speech-sphinx/train-new-model/an4-master/feat/an4test_clstk/marh/an432-marh-b.mfc: No such file or directory
INFO: batch.c(815): Decoding 'an4test_clstk/marh/an433-marh-b'
ERROR: "batch.c", line 457: Failed to open /home/rakha/Kuliah/Semester8/nlp/speech-sphinx/train-new-model/an4-master/feat/an4test_clstk/marh/an433-marh-b.mfc: No such file or directory
INFO: batch.c(815): Decoding 'an4test_clstk/marh/an434-marh-b'
ERROR: "batch.c", line 457: Failed to open /home/rakha/Kuliah/Semester8/nlp/speech-sphinx/train-new-model/an4-master/feat/an4test_clstk/marh/an434-marh-b.mfc: No such file or directory
INFO: batch.c(815): Decoding 'an4test_clstk/marh/an435-marh-b'
ERROR: "batch.c", line 457: Failed to open /home/rakha/Kuliah/Semester8/nlp/speech-sphinx/train-new-model/an4-master/feat/an4test_clstk/marh/an435-marh-b.mfc: No such file or directory
INFO: batch.c(815): Decoding 'an4test_clstk/marh/cen1-marh-b'
ERROR: "batch.c", line 457: Failed to open /home/rakha/Kuliah/Semester8/nlp/speech-sphinx/train-new-model/an4-master/feat/an4test_clstk/marh/cen1-marh-b.mfc: No such file or directory
INFO: batch.c(815): Decoding 'an4test_clstk/marh/cen2-marh-b'
ERROR: "batch.c", line 457: Failed to open /home/rakha/Kuliah/Semester8/nlp/speech-sphinx/train-new-model/an4-master/feat/an4test_clstk/marh/cen2-marh-b.mfc: No such file or directory
INFO: batch.c(815): Decoding 'an4test_clstk/marh/cen3-marh-b'
ERROR: "batch.c", line 457: Failed to open /home/rakha/Kuliah/Semester8/nlp/speech-sphinx/train-new-model/an4-master/feat/an4test_clstk/marh/cen3-marh-b.mfc: No such file or directory
INFO: batch.c(815): Decoding 'an4test_clstk/marh/cen4-marh-b'
ERROR: "batch.c", line 457: Failed to open /home/rakha/Kuliah/Semester8/nlp/speech-sphinx/train-new-model/an4-master/feat/an4test_clstk/marh/cen4-marh-b.mfc: No such file or directory
INFO: batch.c(815): Decoding 'an4test_clstk/marh/cen5-marh-b'
ERROR: "batch.c", line 457: Failed to open /home/rakha/Kuliah/Semester8/nlp/speech-sphinx/train-new-model/an4-master/feat/an4test_clstk/marh/cen5-marh-b.mfc: No such file or directory
INFO: batch.c(815): Decoding 'an4test_clstk/marh/cen6-marh-b'
ERROR: "batch.c", line 457: Failed to open /home/rakha/Kuliah/Semester8/nlp/speech-sphinx/train-new-model/an4-master/feat/an4test_clstk/marh/cen6-marh-b.mfc: No such file or directory
INFO: batch.c(815): Decoding 'an4test_clstk/marh/cen7-marh-b'
ERROR: "batch.c", line 457: Failed to open /home/rakha/Kuliah/Semester8/nlp/speech-sphinx/train-new-model/an4-master/feat/an4test_clstk/marh/cen7-marh-b.mfc: No such file or directory
INFO: batch.c(815): Decoding 'an4test_clstk/marh/cen8-marh-b'
ERROR: "batch.c", line 457: Failed to open /home/rakha/Kuliah/Semester8/nlp/speech-sphinx/train-new-model/an4-master/feat/an4test_clstk/marh/cen8-marh-b.mfc: No such file or directory
INFO: batch.c(815): Decoding 'an4test_clstk/mdms2/an401-mdms2-b'
ERROR: "batch.c", line 457: Failed to open /home/rakha/Kuliah/Semester8/nlp/speech-sphinx/train-new-model/an4-master/feat/an4test_clstk/mdms2/an401-mdms2-b.mfc: No such file or directory
INFO: batch.c(815): Decoding 'an4test_clstk/mdms2/an402-mdms2-b'
ERROR: "batch.c", line 457: Failed to open /home/rakha/Kuliah/Semester8/nlp/speech-sphinx/train-new-model/an4-master/feat/an4test_clstk/mdms2/an402-mdms2-b.mfc: No such file or directory
INFO: batch.c(815): Decoding 'an4test_clstk/mdms2/an403-mdms2-b'
ERROR: "batch.c", line 457: Failed to open /home/rakha/Kuliah/Semester8/nlp/speech-sphinx/train-new-model/an4-master/feat/an4test_clstk/mdms2/an403-mdms2-b.mfc: No such file or directory
INFO: batch.c(815): Decoding 'an4test_clstk/mdms2/an404-mdms2-b'
ERROR: "batch.c", line 457: Failed to open /home/rakha/Kuliah/Semester8/nlp/speech-sphinx/train-new-model/an4-master/feat/an4test_clstk/mdms2/an404-mdms2-b.mfc: No such file or directory
INFO: batch.c(815): Decoding 'an4test_clstk/mdms2/an405-mdms2-b'
ERROR: "batch.c", line 457: Failed to open /home/rakha/Kuliah/Semester8/nlp/speech-sphinx/train-new-model/an4-master/feat/an4test_clstk/mdms2/an405-mdms2-b.mfc: No such file or directory
INFO: batch.c(815): Decoding 'an4test_clstk/mdms2/cen1-mdms2-b'
ERROR: "batch.c", line 457: Failed to open /home/rakha/Kuliah/Semester8/nlp/speech-sphinx/train-new-model/an4-master/feat/an4test_clstk/mdms2/cen1-mdms2-b.mfc: No such file or directory
INFO: batch.c(815): Decoding 'an4test_clstk/mdms2/cen2-mdms2-b'
ERROR: "batch.c", line 457: Failed to open /home/rakha/Kuliah/Semester8/nlp/speech-sphinx/train-new-model/an4-master/feat/an4test_clstk/mdms2/cen2-mdms2-b.mfc: No such file or directory
INFO: batch.c(815): Decoding 'an4test_clstk/mdms2/cen3-mdms2-b'
ERROR: "batch.c", line 457: Failed to open /home/rakha/Kuliah/Semester8/nlp/speech-sphinx/train-new-model/an4-master/feat/an4test_clstk/mdms2/cen3-mdms2-b.mfc: No such file or directory
INFO: batch.c(815): Decoding 'an4test_clstk/mdms2/cen4-mdms2-b'
ERROR: "batch.c", line 457: Failed to open /home/rakha/Kuliah/Semester8/nlp/speech-sphinx/train-new-model/an4-master/feat/an4test_clstk/mdms2/cen4-mdms2-b.mfc: No such file or directory
INFO: batch.c(815): Decoding 'an4test_clstk/mdms2/cen5-mdms2-b'
ERROR: "batch.c", line 457: Failed to open /home/rakha/Kuliah/Semester8/nlp/speech-sphinx/train-new-model/an4-master/feat/an4test_clstk/mdms2/cen5-mdms2-b.mfc: No such file or directory
INFO: batch.c(815): Decoding 'an4test_clstk/mdms2/cen6-mdms2-b'
ERROR: "batch.c", line 457: Failed to open /home/rakha/Kuliah/Semester8/nlp/speech-sphinx/train-new-model/an4-master/feat/an4test_clstk/mdms2/cen6-mdms2-b.mfc: No such file or directory
INFO: batch.c(815): Decoding 'an4test_clstk/mdms2/cen7-mdms2-b'
ERROR: "batch.c", line 457: Failed to open /home/rakha/Kuliah/Semester8/nlp/speech-sphinx/train-new-model/an4-master/feat/an4test_clstk/mdms2/cen7-mdms2-b.mfc: No such file or directory
INFO: batch.c(815): Decoding 'an4test_clstk/mdms2/cen8-mdms2-b'
ERROR: "batch.c", line 457: Failed to open /home/rakha/Kuliah/Semester8/nlp/speech-sphinx/train-new-model/an4-master/feat/an4test_clstk/mdms2/cen8-mdms2-b.mfc: No such file or directory
INFO: batch.c(815): Decoding 'an4test_clstk/menk/an421-menk-b'
ERROR: "batch.c", line 457: Failed to open /home/rakha/Kuliah/Semester8/nlp/speech-sphinx/train-new-model/an4-master/feat/an4test_clstk/menk/an421-menk-b.mfc: No such file or directory
INFO: batch.c(815): Decoding 'an4test_clstk/menk/an422-menk-b'
ERROR: "batch.c", line 457: Failed to open /home/rakha/Kuliah/Semester8/nlp/speech-sphinx/train-new-model/an4-master/feat/an4test_clstk/menk/an422-menk-b.mfc: No such file or directory
INFO: batch.c(815): Decoding 'an4test_clstk/menk/an423-menk-b'
ERROR: "batch.c", line 457: Failed to open /home/rakha/Kuliah/Semester8/nlp/speech-sphinx/train-new-model/an4-master/feat/an4test_clstk/menk/an423-menk-b.mfc: No such file or directory
INFO: batch.c(815): Decoding 'an4test_clstk/menk/an424-menk-b'
ERROR: "batch.c", line 457: Failed to open /home/rakha/Kuliah/Semester8/nlp/speech-sphinx/train-new-model/an4-master/feat/an4test_clstk/menk/an424-menk-b.mfc: No such file or directory
INFO: batch.c(815): Decoding 'an4test_clstk/menk/an425-menk-b'
ERROR: "batch.c", line 457: Failed to open /home/rakha/Kuliah/Semester8/nlp/speech-sphinx/train-new-model/an4-master/feat/an4test_clstk/menk/an425-menk-b.mfc: No such file or directory
INFO: batch.c(815): Decoding 'an4test_clstk/menk/cen1-menk-b'
ERROR: "batch.c", line 457: Failed to open /home/rakha/Kuliah/Semester8/nlp/speech-sphinx/train-new-model/an4-master/feat/an4test_clstk/menk/cen1-menk-b.mfc: No such file or directory
INFO: batch.c(815): Decoding 'an4test_clstk/menk/cen2-menk-b'
ERROR: "batch.c", line 457: Failed to open /home/rakha/Kuliah/Semester8/nlp/speech-sphinx/train-new-model/an4-master/feat/an4test_clstk/menk/cen2-menk-b.mfc: No such file or directory
INFO: batch.c(815): Decoding 'an4test_clstk/menk/cen3-menk-b'
ERROR: "batch.c", line 457: Failed to open /home/rakha/Kuliah/Semester8/nlp/speech-sphinx/train-new-model/an4-master/feat/an4test_clstk/menk/cen3-menk-b.mfc: No such file or directory
INFO: batch.c(815): Decoding 'an4test_clstk/menk/cen4-menk-b'
ERROR: "batch.c", line 457: Failed to open /home/rakha/Kuliah/Semester8/nlp/speech-sphinx/train-new-model/an4-master/feat/an4test_clstk/menk/cen4-menk-b.mfc: No such file or directory
INFO: batch.c(815): Decoding 'an4test_clstk/menk/cen5-menk-b'
ERROR: "batch.c", line 457: Failed to open /home/rakha/Kuliah/Semester8/nlp/speech-sphinx/train-new-model/an4-master/feat/an4test_clstk/menk/cen5-menk-b.mfc: No such file or directory
INFO: batch.c(815): Decoding 'an4test_clstk/menk/cen6-menk-b'
ERROR: "batch.c", line 457: Failed to open /home/rakha/Kuliah/Semester8/nlp/speech-sphinx/train-new-model/an4-master/feat/an4test_clstk/menk/cen6-menk-b.mfc: No such file or directory
INFO: batch.c(815): Decoding 'an4test_clstk/menk/cen7-menk-b'
ERROR: "batch.c", line 457: Failed to open /home/rakha/Kuliah/Semester8/nlp/speech-sphinx/train-new-model/an4-master/feat/an4test_clstk/menk/cen7-menk-b.mfc: No such file or directory
INFO: batch.c(815): Decoding 'an4test_clstk/menk/cen8-menk-b'
ERROR: "batch.c", line 457: Failed to open /home/rakha/Kuliah/Semester8/nlp/speech-sphinx/train-new-model/an4-master/feat/an4test_clstk/menk/cen8-menk-b.mfc: No such file or directory
INFO: batch.c(815): Decoding 'an4test_clstk/miry/an396-miry-b'
ERROR: "batch.c", line 457: Failed to open /home/rakha/Kuliah/Semester8/nlp/speech-sphinx/train-new-model/an4-master/feat/an4test_clstk/miry/an396-miry-b.mfc: No such file or directory
INFO: batch.c(815): Decoding 'an4test_clstk/miry/an397-miry-b'
ERROR: "batch.c", line 457: Failed to open /home/rakha/Kuliah/Semester8/nlp/speech-sphinx/train-new-model/an4-master/feat/an4test_clstk/miry/an397-miry-b.mfc: No such file or directory
INFO: batch.c(815): Decoding 'an4test_clstk/miry/an398-miry-b'
ERROR: "batch.c", line 457: Failed to open /home/rakha/Kuliah/Semester8/nlp/speech-sphinx/train-new-model/an4-master/feat/an4test_clstk/miry/an398-miry-b.mfc: No such file or directory
INFO: batch.c(815): Decoding 'an4test_clstk/miry/an399-miry-b'
ERROR: "batch.c", line 457: Failed to open /home/rakha/Kuliah/Semester8/nlp/speech-sphinx/train-new-model/an4-master/feat/an4test_clstk/miry/an399-miry-b.mfc: No such file or directory
INFO: batch.c(815): Decoding 'an4test_clstk/miry/an400-miry-b'
ERROR: "batch.c", line 457: Failed to open /home/rakha/Kuliah/Semester8/nlp/speech-sphinx/train-new-model/an4-master/feat/an4test_clstk/miry/an400-miry-b.mfc: No such file or directory
INFO: batch.c(815): Decoding 'an4test_clstk/miry/cen1-miry-b'
ERROR: "batch.c", line 457: Failed to open /home/rakha/Kuliah/Semester8/nlp/speech-sphinx/train-new-model/an4-master/feat/an4test_clstk/miry/cen1-miry-b.mfc: No such file or directory
INFO: batch.c(815): Decoding 'an4test_clstk/miry/cen2-miry-b'
ERROR: "batch.c", line 457: Failed to open /home/rakha/Kuliah/Semester8/nlp/speech-sphinx/train-new-model/an4-master/feat/an4test_clstk/miry/cen2-miry-b.mfc: No such file or directory
INFO: batch.c(815): Decoding 'an4test_clstk/miry/cen3-miry-b'
ERROR: "batch.c", line 457: Failed to open /home/rakha/Kuliah/Semester8/nlp/speech-sphinx/train-new-model/an4-master/feat/an4test_clstk/miry/cen3-miry-b.mfc: No such file or directory
INFO: batch.c(815): Decoding 'an4test_clstk/miry/cen4-miry-b'
ERROR: "batch.c", line 457: Failed to open /home/rakha/Kuliah/Semester8/nlp/speech-sphinx/train-new-model/an4-master/feat/an4test_clstk/miry/cen4-miry-b.mfc: No such file or directory
INFO: batch.c(815): Decoding 'an4test_clstk/miry/cen5-miry-b'
ERROR: "batch.c", line 457: Failed to open /home/rakha/Kuliah/Semester8/nlp/speech-sphinx/train-new-model/an4-master/feat/an4test_clstk/miry/cen5-miry-b.mfc: No such file or directory
INFO: batch.c(815): Decoding 'an4test_clstk/miry/cen6-miry-b'
ERROR: "batch.c", line 457: Failed to open /home/rakha/Kuliah/Semester8/nlp/speech-sphinx/train-new-model/an4-master/feat/an4test_clstk/miry/cen6-miry-b.mfc: No such file or directory
INFO: batch.c(815): Decoding 'an4test_clstk/miry/cen7-miry-b'
ERROR: "batch.c", line 457: Failed to open /home/rakha/Kuliah/Semester8/nlp/speech-sphinx/train-new-model/an4-master/feat/an4test_clstk/miry/cen7-miry-b.mfc: No such file or directory
INFO: batch.c(815): Decoding 'an4test_clstk/miry/cen8-miry-b'
ERROR: "batch.c", line 457: Failed to open /home/rakha/Kuliah/Semester8/nlp/speech-sphinx/train-new-model/an4-master/feat/an4test_clstk/miry/cen8-miry-b.mfc: No such file or directory
INFO: batch.c(815): Decoding 'an4test_clstk/mjgm/an436-mjgm-b'
ERROR: "batch.c", line 457: Failed to open /home/rakha/Kuliah/Semester8/nlp/speech-sphinx/train-new-model/an4-master/feat/an4test_clstk/mjgm/an436-mjgm-b.mfc: No such file or directory
INFO: batch.c(815): Decoding 'an4test_clstk/mjgm/an437-mjgm-b'
ERROR: "batch.c", line 457: Failed to open /home/rakha/Kuliah/Semester8/nlp/speech-sphinx/train-new-model/an4-master/feat/an4test_clstk/mjgm/an437-mjgm-b.mfc: No such file or directory
INFO: batch.c(815): Decoding 'an4test_clstk/mjgm/an438-mjgm-b'
ERROR: "batch.c", line 457: Failed to open /home/rakha/Kuliah/Semester8/nlp/speech-sphinx/train-new-model/an4-master/feat/an4test_clstk/mjgm/an438-mjgm-b.mfc: No such file or directory
INFO: batch.c(815): Decoding 'an4test_clstk/mjgm/an439-mjgm-b'
ERROR: "batch.c", line 457: Failed to open /home/rakha/Kuliah/Semester8/nlp/speech-sphinx/train-new-model/an4-master/feat/an4test_clstk/mjgm/an439-mjgm-b.mfc: No such file or directory
INFO: batch.c(815): Decoding 'an4test_clstk/mjgm/an440-mjgm-b'
ERROR: "batch.c", line 457: Failed to open /home/rakha/Kuliah/Semester8/nlp/speech-sphinx/train-new-model/an4-master/feat/an4test_clstk/mjgm/an440-mjgm-b.mfc: No such file or directory
INFO: batch.c(815): Decoding 'an4test_clstk/mjgm/cen1-mjgm-b'
ERROR: "batch.c", line 457: Failed to open /home/rakha/Kuliah/Semester8/nlp/speech-sphinx/train-new-model/an4-master/feat/an4test_clstk/mjgm/cen1-mjgm-b.mfc: No such file or directory
INFO: batch.c(815): Decoding 'an4test_clstk/mjgm/cen2-mjgm-b'
ERROR: "batch.c", line 457: Failed to open /home/rakha/Kuliah/Semester8/nlp/speech-sphinx/train-new-model/an4-master/feat/an4test_clstk/mjgm/cen2-mjgm-b.mfc: No such file or directory
INFO: batch.c(815): Decoding 'an4test_clstk/mjgm/cen3-mjgm-b'
ERROR: "batch.c", line 457: Failed to open /home/rakha/Kuliah/Semester8/nlp/speech-sphinx/train-new-model/an4-master/feat/an4test_clstk/mjgm/cen3-mjgm-b.mfc: No such file or directory
INFO: batch.c(815): Decoding 'an4test_clstk/mjgm/cen4-mjgm-b'
ERROR: "batch.c", line 457: Failed to open /home/rakha/Kuliah/Semester8/nlp/speech-sphinx/train-new-model/an4-master/feat/an4test_clstk/mjgm/cen4-mjgm-b.mfc: No such file or directory
INFO: batch.c(815): Decoding 'an4test_clstk/mjgm/cen5-mjgm-b'
ERROR: "batch.c", line 457: Failed to open /home/rakha/Kuliah/Semester8/nlp/speech-sphinx/train-new-model/an4-master/feat/an4test_clstk/mjgm/cen5-mjgm-b.mfc: No such file or directory
INFO: batch.c(815): Decoding 'an4test_clstk/mjgm/cen6-mjgm-b'
ERROR: "batch.c", line 457: Failed to open /home/rakha/Kuliah/Semester8/nlp/speech-sphinx/train-new-model/an4-master/feat/an4test_clstk/mjgm/cen6-mjgm-b.mfc: No such file or directory
INFO: batch.c(815): Decoding 'an4test_clstk/mjgm/cen7-mjgm-b'
ERROR: "batch.c", line 457: Failed to open /home/rakha/Kuliah/Semester8/nlp/speech-sphinx/train-new-model/an4-master/feat/an4test_clstk/mjgm/cen7-mjgm-b.mfc: No such file or directory
INFO: batch.c(815): Decoding 'an4test_clstk/mjgm/cen8-mjgm-b'
ERROR: "batch.c", line 457: Failed to open /home/rakha/Kuliah/Semester8/nlp/speech-sphinx/train-new-model/an4-master/feat/an4test_clstk/mjgm/cen8-mjgm-b.mfc: No such file or directory
INFO: batch.c(815): Decoding 'an4test_clstk/mjwl/an391-mjwl-b'
ERROR: "batch.c", line 457: Failed to open /home/rakha/Kuliah/Semester8/nlp/speech-sphinx/train-new-model/an4-master/feat/an4test_clstk/mjwl/an391-mjwl-b.mfc: No such file or directory
INFO: batch.c(815): Decoding 'an4test_clstk/mjwl/an392-mjwl-b'
ERROR: "batch.c", line 457: Failed to open /home/rakha/Kuliah/Semester8/nlp/speech-sphinx/train-new-model/an4-master/feat/an4test_clstk/mjwl/an392-mjwl-b.mfc: No such file or directory
INFO: batch.c(815): Decoding 'an4test_clstk/mjwl/an393-mjwl-b'
ERROR: "batch.c", line 457: Failed to open /home/rakha/Kuliah/Semester8/nlp/speech-sphinx/train-new-model/an4-master/feat/an4test_clstk/mjwl/an393-mjwl-b.mfc: No such file or directory
INFO: batch.c(815): Decoding 'an4test_clstk/mjwl/an394-mjwl-b'
ERROR: "batch.c", line 457: Failed to open /home/rakha/Kuliah/Semester8/nlp/speech-sphinx/train-new-model/an4-master/feat/an4test_clstk/mjwl/an394-mjwl-b.mfc: No such file or directory
INFO: batch.c(815): Decoding 'an4test_clstk/mjwl/an395-mjwl-b'
ERROR: "batch.c", line 457: Failed to open /home/rakha/Kuliah/Semester8/nlp/speech-sphinx/train-new-model/an4-master/feat/an4test_clstk/mjwl/an395-mjwl-b.mfc: No such file or directory
INFO: batch.c(815): Decoding 'an4test_clstk/mjwl/cen1-mjwl-b'
ERROR: "batch.c", line 457: Failed to open /home/rakha/Kuliah/Semester8/nlp/speech-sphinx/train-new-model/an4-master/feat/an4test_clstk/mjwl/cen1-mjwl-b.mfc: No such file or directory
INFO: batch.c(815): Decoding 'an4test_clstk/mjwl/cen2-mjwl-b'
ERROR: "batch.c", line 457: Failed to open /home/rakha/Kuliah/Semester8/nlp/speech-sphinx/train-new-model/an4-master/feat/an4test_clstk/mjwl/cen2-mjwl-b.mfc: No such file or directory
INFO: batch.c(815): Decoding 'an4test_clstk/mjwl/cen3-mjwl-b'
ERROR: "batch.c", line 457: Failed to open /home/rakha/Kuliah/Semester8/nlp/speech-sphinx/train-new-model/an4-master/feat/an4test_clstk/mjwl/cen3-mjwl-b.mfc: No such file or directory
INFO: batch.c(815): Decoding 'an4test_clstk/mjwl/cen4-mjwl-b'
ERROR: "batch.c", line 457: Failed to open /home/rakha/Kuliah/Semester8/nlp/speech-sphinx/train-new-model/an4-master/feat/an4test_clstk/mjwl/cen4-mjwl-b.mfc: No such file or directory
INFO: batch.c(815): Decoding 'an4test_clstk/mjwl/cen5-mjwl-b'
ERROR: "batch.c", line 457: Failed to open /home/rakha/Kuliah/Semester8/nlp/speech-sphinx/train-new-model/an4-master/feat/an4test_clstk/mjwl/cen5-mjwl-b.mfc: No such file or directory
INFO: batch.c(815): Decoding 'an4test_clstk/mjwl/cen6-mjwl-b'
ERROR: "batch.c", line 457: Failed to open /home/rakha/Kuliah/Semester8/nlp/speech-sphinx/train-new-model/an4-master/feat/an4test_clstk/mjwl/cen6-mjwl-b.mfc: No such file or directory
INFO: batch.c(815): Decoding 'an4test_clstk/mjwl/cen7-mjwl-b'
ERROR: "batch.c", line 457: Failed to open /home/rakha/Kuliah/Semester8/nlp/speech-sphinx/train-new-model/an4-master/feat/an4test_clstk/mjwl/cen7-mjwl-b.mfc: No such file or directory
INFO: batch.c(815): Decoding 'an4test_clstk/mjwl/cen8-mjwl-b'
ERROR: "batch.c", line 457: Failed to open /home/rakha/Kuliah/Semester8/nlp/speech-sphinx/train-new-model/an4-master/feat/an4test_clstk/mjwl/cen8-mjwl-b.mfc: No such file or directory
INFO: batch.c(815): Decoding 'an4test_clstk/mmxg/an441-mmxg-b'
ERROR: "batch.c", line 457: Failed to open /home/rakha/Kuliah/Semester8/nlp/speech-sphinx/train-new-model/an4-master/feat/an4test_clstk/mmxg/an441-mmxg-b.mfc: No such file or directory
INFO: batch.c(815): Decoding 'an4test_clstk/mmxg/an442-mmxg-b'
ERROR: "batch.c", line 457: Failed to open /home/rakha/Kuliah/Semester8/nlp/speech-sphinx/train-new-model/an4-master/feat/an4test_clstk/mmxg/an442-mmxg-b.mfc: No such file or directory
INFO: batch.c(815): Decoding 'an4test_clstk/mmxg/an443-mmxg-b'
ERROR: "batch.c", line 457: Failed to open /home/rakha/Kuliah/Semester8/nlp/speech-sphinx/train-new-model/an4-master/feat/an4test_clstk/mmxg/an443-mmxg-b.mfc: No such file or directory
INFO: batch.c(815): Decoding 'an4test_clstk/mmxg/an444-mmxg-b'
ERROR: "batch.c", line 457: Failed to open /home/rakha/Kuliah/Semester8/nlp/speech-sphinx/train-new-model/an4-master/feat/an4test_clstk/mmxg/an444-mmxg-b.mfc: No such file or directory
INFO: batch.c(815): Decoding 'an4test_clstk/mmxg/an445-mmxg-b'
ERROR: "batch.c", line 457: Failed to open /home/rakha/Kuliah/Semester8/nlp/speech-sphinx/train-new-model/an4-master/feat/an4test_clstk/mmxg/an445-mmxg-b.mfc: No such file or directory
INFO: batch.c(815): Decoding 'an4test_clstk/mmxg/cen1-mmxg-b'
ERROR: "batch.c", line 457: Failed to open /home/rakha/Kuliah/Semester8/nlp/speech-sphinx/train-new-model/an4-master/feat/an4test_clstk/mmxg/cen1-mmxg-b.mfc: No such file or directory
INFO: batch.c(815): Decoding 'an4test_clstk/mmxg/cen2-mmxg-b'
ERROR: "batch.c", line 457: Failed to open /home/rakha/Kuliah/Semester8/nlp/speech-sphinx/train-new-model/an4-master/feat/an4test_clstk/mmxg/cen2-mmxg-b.mfc: No such file or directory
INFO: batch.c(815): Decoding 'an4test_clstk/mmxg/cen3-mmxg-b'
ERROR: "batch.c", line 457: Failed to open /home/rakha/Kuliah/Semester8/nlp/speech-sphinx/train-new-model/an4-master/feat/an4test_clstk/mmxg/cen3-mmxg-b.mfc: No such file or directory
INFO: batch.c(815): Decoding 'an4test_clstk/mmxg/cen4-mmxg-b'
ERROR: "batch.c", line 457: Failed to open /home/rakha/Kuliah/Semester8/nlp/speech-sphinx/train-new-model/an4-master/feat/an4test_clstk/mmxg/cen4-mmxg-b.mfc: No such file or directory
INFO: batch.c(815): Decoding 'an4test_clstk/mmxg/cen5-mmxg-b'
ERROR: "batch.c", line 457: Failed to open /home/rakha/Kuliah/Semester8/nlp/speech-sphinx/train-new-model/an4-master/feat/an4test_clstk/mmxg/cen5-mmxg-b.mfc: No such file or directory
INFO: batch.c(815): Decoding 'an4test_clstk/mmxg/cen6-mmxg-b'
ERROR: "batch.c", line 457: Failed to open /home/rakha/Kuliah/Semester8/nlp/speech-sphinx/train-new-model/an4-master/feat/an4test_clstk/mmxg/cen6-mmxg-b.mfc: No such file or directory
INFO: batch.c(815): Decoding 'an4test_clstk/mmxg/cen7-mmxg-b'
ERROR: "batch.c", line 457: Failed to open /home/rakha/Kuliah/Semester8/nlp/speech-sphinx/train-new-model/an4-master/feat/an4test_clstk/mmxg/cen7-mmxg-b.mfc: No such file or directory
INFO: batch.c(815): Decoding 'an4test_clstk/mmxg/cen8-mmxg-b'
ERROR: "batch.c", line 457: Failed to open /home/rakha/Kuliah/Semester8/nlp/speech-sphinx/train-new-model/an4-master/feat/an4test_clstk/mmxg/cen8-mmxg-b.mfc: No such file or directory
INFO: batch.c(867): TOTAL 0.00 seconds speech, 0.00 seconds CPU, 0.00 seconds wall
INFO: batch.c(869): AVERAGE -nan xRT (CPU), -nan xRT (elapsed)
INFO: ngram_search_fwdtree.c(429): TOTAL fwdtree 0.00 CPU -nan xRT
INFO: ngram_search_fwdtree.c(432): TOTAL fwdtree 0.00 wall -nan xRT
INFO: ngram_search_fwdflat.c(176): TOTAL fwdflat 0.00 CPU -nan xRT
INFO: ngram_search_fwdflat.c(179): TOTAL fwdflat 0.00 wall -nan xRT
INFO: ngram_search.c(303): TOTAL bestpath 0.00 CPU -nan xRT
INFO: ngram_search.c(306): TOTAL bestpath 0.00 wall -nan xRT
Mon May 23 22:09:41 2022
