        INFO: main.c(229): Compiled on May 22 2022 at 21:52:28
Current configuration:
[NAME]		[DEFLT]		[VALUE]
-2passvar	no		yes
-abeam		1e-100		1.000000e-90
-accumdir			/home/rakha/Kuliah/Semester8/nlp/speech-sphinx/train-new-model/an4-master/bwaccumdir/an4_buff_2
-agc		none		none
-agcthresh	2.0		2.000000e+00
-bbeam		1e-100		1.000000e-10
-cb2mllrfn	.1cls.		.1cls.
-cepdir				/home/rakha/Kuliah/Semester8/nlp/speech-sphinx/train-new-model/an4-master/feat
-cepext		mfc		sph
-ceplen		13		13
-ckptintv			0
-cmn		live		batch
-cmninit	40,3,-1		40,3,-1
-ctlfn				/home/rakha/Kuliah/Semester8/nlp/speech-sphinx/train-new-model/an4-master/etc/an4_train.fileids
-diagfull	no		no
-dictfn				/home/rakha/Kuliah/Semester8/nlp/speech-sphinx/train-new-model/an4-master/etc/an4.dic
-example	no		no
-fdictfn			/home/rakha/Kuliah/Semester8/nlp/speech-sphinx/train-new-model/an4-master/etc/an4.filler
-feat		1s_c_d_dd	s2_4x
-fullvar	no		no
-help		no		no
-hmmdir				
-latdir				
-latext				
-lda				
-ldadim		0		0
-lsnfn				/home/rakha/Kuliah/Semester8/nlp/speech-sphinx/train-new-model/an4-master/etc/an4_train.transcription
-lw		11.5		1.150000e+01
-maxuttlen	0		0
-meanfn				/home/rakha/Kuliah/Semester8/nlp/speech-sphinx/train-new-model/an4-master/model_parameters/an4.cd_ptm_untied/means
-meanreest	yes		yes
-mixwfn				/home/rakha/Kuliah/Semester8/nlp/speech-sphinx/train-new-model/an4-master/model_parameters/an4.cd_ptm_untied/mixture_weights
-mixwreest	yes		yes
-mllrmat			
-mmie		no		no
-mmie_type	rand		rand
-moddeffn			/home/rakha/Kuliah/Semester8/nlp/speech-sphinx/train-new-model/an4-master/model_architecture/an4.untied.mdef
-mwfloor	0.00001		1.000000e-08
-npart				4
-nskip				0
-outphsegdir			
-outputfullpath	no		no
-part				2
-pdumpdir			
-phsegdir			
-phsegext	phseg		phseg
-runlen		-1		-1
-sentdir			
-sentext	sent		sent
-spthresh	0.0		0.000000e+00
-svspec				
-timing		yes		no
-tmatfn				/home/rakha/Kuliah/Semester8/nlp/speech-sphinx/train-new-model/an4-master/model_parameters/an4.cd_ptm_untied/transition_matrices
-tmatreest	yes		yes
-topn		4		1
-tpfloor	0.0001		1.000000e-04
-ts2cbfn			.ptm.
-varfloor	0.00001		1.000000e-04
-varfn				/home/rakha/Kuliah/Semester8/nlp/speech-sphinx/train-new-model/an4-master/model_parameters/an4.cd_ptm_untied/variances
-varnorm	no		no
-varreest	yes		yes
-viterbi	no		no

INFO: feat.c(715): Initializing feature stream to type: 's2_4x', ceplen=13, CMN='batch', VARNORM='no', AGC='none'
INFO: main.c(318): Reading /home/rakha/Kuliah/Semester8/nlp/speech-sphinx/train-new-model/an4-master/model_architecture/an4.untied.mdef
INFO: model_def_io.c(573): Model definition info:
INFO: model_def_io.c(574): 1618 total models defined (34 base, 1584 tri)
INFO: model_def_io.c(575): 6472 total states
INFO: model_def_io.c(576): 4854 total tied states
INFO: model_def_io.c(577): 102 total tied CI states
INFO: model_def_io.c(578): 34 total tied transition matrices
INFO: model_def_io.c(579): 4 max state/model
INFO: model_def_io.c(580): 4 min state/model
INFO: s3mixw_io.c(117): Read /home/rakha/Kuliah/Semester8/nlp/speech-sphinx/train-new-model/an4-master/model_parameters/an4.cd_ptm_untied/mixture_weights [4854x4x64 array]
INFO: s3tmat_io.c(118): Read /home/rakha/Kuliah/Semester8/nlp/speech-sphinx/train-new-model/an4-master/model_parameters/an4.cd_ptm_untied/transition_matrices [34x3x4 array]
INFO: mod_inv.c(301): inserting tprob floor 1.000000e-04 and renormalizing
INFO: s3gau_io.c(169): Read /home/rakha/Kuliah/Semester8/nlp/speech-sphinx/train-new-model/an4-master/model_parameters/an4.cd_ptm_untied/means [34x4x64 array]
INFO: s3gau_io.c(169): Read /home/rakha/Kuliah/Semester8/nlp/speech-sphinx/train-new-model/an4-master/model_parameters/an4.cd_ptm_untied/variances [34x4x64 array]
INFO: gauden.c(176): 34 total mgau
INFO: gauden.c(150): 4 feature streams (|0|=12 |1|=24 |2|=3 |3|=12 )
INFO: gauden.c(187): 64 total densities
INFO: gauden.c(90): min_var=1.000000e-04
INFO: gauden.c(165): compute 1 densities/frame
INFO: main.c(431): Will reestimate mixing weights.
INFO: main.c(433): Will reestimate means.
INFO: main.c(435): Will reestimate variances.
INFO: main.c(443): Will reestimate transition matrices
INFO: main.c(456): Reading main dictionary: /home/rakha/Kuliah/Semester8/nlp/speech-sphinx/train-new-model/an4-master/etc/an4.dic
INFO: lexicon.c(221): 130 entries added from /home/rakha/Kuliah/Semester8/nlp/speech-sphinx/train-new-model/an4-master/etc/an4.dic
INFO: main.c(466): Reading filler dictionary: /home/rakha/Kuliah/Semester8/nlp/speech-sphinx/train-new-model/an4-master/etc/an4.filler
INFO: lexicon.c(221): 3 entries added from /home/rakha/Kuliah/Semester8/nlp/speech-sphinx/train-new-model/an4-master/etc/an4.filler
INFO: corpus.c(403): skipping 236 utts.
INFO: corpus.c(407): Last utt skipped: cen1-ftal-b
INFO: corpus.c(1065): Will process 236 utts starting at 236
INFO: main.c(665): Reestimation: Baum-Welch
INFO: cmn.c(133): CMN: 43.84  3.86 -0.90  7.24 -1.35 -2.61 -4.51  7.91 -11.61  0.18  0.02  4.53  4.13 
column defns
	<seq>
	<id>
	<n_frame_in>
	<n_frame_del>
	<n_state_shmm>
	<avg_states_alpha>
	<avg_states_beta>
	<avg_states_reest>
	<avg_posterior_prune>
	<frame_log_lik>
	<utt_log_lik>
	... timing info ... 
utt>   236               cen2-ftal-b  179    0    44 7  1 2 1.289729e-12 -1.933617e+02 -3.461174e+04
INFO: cmn.c(133): CMN: 45.65  6.19 -3.08  8.34 -1.01  4.23 -11.86  6.73 -8.80 -2.97  1.73  5.48  3.84 
utt>   237               cen3-ftal-b  138    0    36 8  1 2 1.496796e-12 -1.931611e+02 -2.665624e+04
INFO: cmn.c(133): CMN: 51.53  3.60  3.89 26.73 -14.74 -0.56  1.50  0.66 -24.53 12.33 -2.52 -1.98 11.53 
utt>   238               cen4-ftal-b  132    0    32 7  1 2 1.414646e-12 -1.893954e+02 -2.500019e+04
INFO: cmn.c(133): CMN: 47.48  0.63  8.62 23.34 -9.01 -3.22 -4.55  4.12 -20.23  6.82 -1.05  2.35  5.95 
utt>   239               cen5-ftal-b  218    0    84 8  1 3 1.685883e-12 -1.952022e+02 -4.255409e+04
INFO: cmn.c(133): CMN: 45.59  7.68  0.22 10.82 -0.43 -1.04 -3.47  7.33 -8.86  0.19 -2.51  1.75  2.70 
utt>   240               cen6-ftal-b  155    0    68 8  1 3 1.563877e-12 -1.970239e+02 -3.053870e+04
INFO: cmn.c(133): CMN: 46.72  0.79  5.39 10.96  4.20 -3.56 -8.20  5.89 -8.79 -2.19 -2.64  4.39  6.02 
utt>   241               cen7-ftal-b  192    0    96 7  1 2 5.572988e-13 -2.027187e+02 -3.892200e+04
INFO: cmn.c(133): CMN: 44.26  3.80  6.48 12.88 -0.21 -3.84  1.87  1.68 -12.95  6.70 -4.99  2.85  4.89 
utt>   242               cen8-ftal-b  194    0    68 8  1 2 2.746900e-12 -1.992275e+02 -3.865013e+04
INFO: cmn.c(133): CMN: 45.93 -2.45  1.51  7.44  1.28 -4.47 -3.52  0.79  2.65 -2.91 -1.09  0.02  5.55 
utt>   243              an211-ftmj-b  188    0    60 7  1 2 2.138636e-12 -1.964387e+02 -3.693048e+04
INFO: cmn.c(133): CMN: 50.92  5.96 -2.30 12.98 -7.24  0.61 -0.98 -0.62 -0.24 -0.23 -2.71 -3.74  4.14 
utt>   244              an212-ftmj-b  379    0   100 6  1 2 1.554147e-12 -1.857888e+02 -7.041395e+04
INFO: cmn.c(133): CMN: 48.23  4.32  5.85 15.71 -9.90 -2.33 -1.32 -4.92 -1.07 -3.47 -1.25  1.46  6.41 
utt>   245              an213-ftmj-b  382    0   100 7  1 2 1.222690e-12 -1.979580e+02 -7.561997e+04
INFO: cmn.c(133): CMN: 45.33  0.61  0.85  7.37 -1.79 -2.36 -8.23  4.87  3.88 -4.58 -3.01  4.43  5.02 
utt>   246              an214-ftmj-b  139    0    40 8  1 2 1.766561e-12 -1.949407e+02 -2.709676e+04
INFO: cmn.c(133): CMN: 38.68 -2.87  5.90  6.75 -6.18 -0.07 -1.80  1.82  0.26 -0.98  1.18 -0.02  3.96 
utt>   247              an215-ftmj-b  109    0    20 7  1 2 1.885569e-12 -1.939872e+02 -2.114461e+04
INFO: cmn.c(133): CMN: 45.23 -2.99  8.38 25.28 -14.27  0.13  4.87 -3.33 -3.37  0.60 -3.73 -0.40  6.18 
utt>   248               cen1-ftmj-b  239    0    36 7  1 2 9.401107e-13 -1.857665e+02 -4.439819e+04
INFO: cmn.c(133): CMN: 48.62  7.68 -2.03 14.07 -14.53  0.66  2.27 -4.58 -1.33 -1.82 -0.57 -1.00  6.32 
utt>   249               cen2-ftmj-b  289    0    44 7  1 2 1.580961e-12 -1.908070e+02 -5.514321e+04
INFO: cmn.c(133): CMN: 45.11 -0.91  4.94  9.20 -3.55  1.07 -2.50 -0.26 -0.55 -5.26 -2.69 -1.45  6.43 
utt>   250               cen3-ftmj-b  211    0    72 7  1 2 1.528140e-12 -1.935223e+02 -4.083320e+04
INFO: cmn.c(133): CMN: 46.43  7.70  7.75 22.84 -14.95 -1.91  5.13 -7.34 -3.98 -3.26 -3.00 -1.98  6.15 
utt>   251               cen4-ftmj-b  420    0    88 6  1 2 4.640176e-13 -1.912707e+02 -8.033370e+04
INFO: cmn.c(133): CMN: 50.26  5.97  4.77 18.04 -12.11 -3.43 -1.12 -7.19 -3.02 -4.04 -2.51 -1.87  5.89 
utt>   252               cen5-ftmj-b  394    0    88 7  1 1 6.289315e-13 -1.899859e+02 -7.485443e+04
INFO: cmn.c(133): CMN: 47.12  6.13 -0.22  8.26 -9.45  2.05 -2.35 -0.45  2.53  0.23 -2.93 -0.01  5.87 
utt>   253               cen6-ftmj-b  229    0    68 7  1 3 3.474828e-12 -1.953734e+02 -4.474050e+04
INFO: cmn.c(133): CMN: 46.61  3.20  5.93  8.62 -4.52  1.62 -4.57  1.83  1.90 -7.15  0.83  0.21  7.87 
utt>   254               cen7-ftmj-b  339    0   100 7  1 2 1.569580e-12 -1.930491e+02 -6.544365e+04
INFO: cmn.c(133): CMN: 50.11  6.23 -5.35 11.78 -5.75 -0.51 -5.24  1.34  0.32 -0.13 -0.57 -3.69  5.85 
utt>   255               cen8-ftmj-b  272    0   108 6  1 2 1.146059e-12 -1.943598e+02 -5.286586e+04
INFO: cmn.c(133): CMN: 49.58  3.21  4.52 16.15 -13.17  4.77 -2.74  3.16 -7.65  7.39 -7.47  2.40 -1.27 
utt>   256              an221-fwxs-b  291    0    64 6  1 2 1.219143e-12 -1.900395e+02 -5.530151e+04
INFO: cmn.c(133): CMN: 44.54  6.67 -7.42 -0.21 -9.52  6.08  0.91  4.26 -0.50  1.49 -3.41 -0.83  1.08 
utt>   257              an222-fwxs-b   76    0    24 7  1 2 9.025141e-13 -1.908393e+02 -1.450378e+04
INFO: cmn.c(133): CMN: 43.46  7.67 -1.97 -1.04 -9.38  6.53  0.29  6.20 -2.22  1.17 -4.80 -2.53  3.11 
utt>   258              an223-fwxs-b   85    0    24 7  1 2 1.035938e-12 -1.912585e+02 -1.625698e+04
INFO: cmn.c(133): CMN: 47.85  3.22  7.93 19.28 -6.58  3.85 -2.98  6.23 -8.40  3.03 -7.35 -0.13 -1.26 
utt>   259              an224-fwxs-b  319    0    80 7  1 2 8.977203e-13 -1.915274e+02 -6.109725e+04
INFO: cmn.c(133): CMN: 46.19 -3.71 10.51  1.85 -2.83  2.35  0.44  4.12 -2.27 -0.92 -3.51 -0.66  2.40 
utt>   260              an225-fwxs-b   90    0    20 7  1 2 1.804348e-12 -1.887089e+02 -1.698380e+04
INFO: cmn.c(133): CMN: 51.15  2.59  5.59 16.82 -10.89  4.86  0.05  5.56 -8.07  8.84 -6.54 -1.97  2.29 
utt>   261               cen1-fwxs-b  416    0    80 6  1 1 8.647856e-13 -1.910599e+02 -7.948094e+04
INFO: cmn.c(133): CMN: 51.90  8.49  4.26 15.82 -12.41  3.33 -2.19  9.56 -13.29  7.66 -7.16 -2.42  0.06 
utt>   262               cen2-fwxs-b  288    0    76 6  1 2 1.422432e-12 -1.937738e+02 -5.580686e+04
INFO: cmn.c(133): CMN: 45.99  1.62 -3.58 12.06 -1.51  4.72 -5.44  6.84 -2.61 -1.05 -3.52 -1.55  0.37 
utt>   263               cen3-fwxs-b  138    0    28 7  1 3 7.447964e-13 -1.926177e+02 -2.658125e+04
INFO: cmn.c(133): CMN: 52.56  3.90  6.79 15.93 -15.98  5.69 -4.01  8.86 -11.06  9.16 -7.33  0.15 -1.25 
utt>   264               cen4-fwxs-b  504    0    88 6  1 1 9.138468e-13 -1.896190e+02 -9.556797e+04
INFO: cmn.c(133): CMN: 53.87  3.20  0.03 11.68 -12.54  2.30 -3.26  8.45 -11.07  9.92 -9.28  2.15 -1.75 
utt>   265               cen5-fwxs-b  419    0    88 6  1 1 8.362924e-13 -1.916723e+02 -8.031067e+04
INFO: cmn.c(133): CMN: 48.93  4.05 -1.46  9.59 -7.29  4.32 -4.63 10.04 -5.36  1.05 -3.56 -2.90  0.28 
utt>   266               cen6-fwxs-b  294    0    76 7  1 2 1.696410e-12 -1.926359e+02 -5.663496e+04
INFO: cmn.c(133): CMN: 50.14  8.47 -2.06  5.91 -6.30  7.37 -4.02  9.54 -6.48  3.11 -5.09 -3.36  0.19 
utt>   267               cen7-fwxs-b  401    0    92 7  1 2 1.238616e-12 -1.917344e+02 -7.688548e+04
INFO: cmn.c(133): CMN: 48.70  1.99 -0.14 16.43 -2.11 -1.83 -2.06 -4.93  1.49 -9.76 -1.03 -4.18 -1.67 
utt>   268              an371-mblb-b  351    0   116 7  1 2 9.311976e-13 -1.943355e+02 -6.821177e+04
INFO: cmn.c(133): CMN: 48.37 11.54 -4.35 12.26 -4.69  0.95  2.90 -7.29  2.93 -4.67 -0.56  2.23 -7.93 
utt>   269              an372-mblb-b  282    0    84 7  1 2 1.405573e-12 -1.905497e+02 -5.373501e+04
INFO: cmn.c(133): CMN: 45.68  2.25  2.09 19.06  2.02 -0.46 -1.30 -3.60 -0.60 -5.88 -4.94  0.93 -5.01 
utt>   270              an373-mblb-b  360    0   148 7  1 2 6.015194e-13 -1.878712e+02 -6.763363e+04
INFO: cmn.c(133): CMN: 47.23  4.44 -2.43 10.42 -0.21  1.06 -8.20 -6.30  4.76 -3.76 -1.98 -2.50 -1.76 
utt>   271              an374-mblb-b  208    0    80 7  1 2 1.164919e-12 -1.920626e+02 -3.994901e+04
INFO: cmn.c(133): CMN: 47.94  6.22 -5.84  8.22  1.17  0.47 -8.22 -5.87  5.34 -4.04 -6.13 -0.85 -2.87 
utt>   272              an375-mblb-b  209    0    84 7  1 2 5.692119e-13 -1.968196e+02 -4.113529e+04
INFO: cmn.c(133): CMN: 46.98  7.68 -3.96 16.89 -4.11 -2.25  0.16 -4.64  3.67 -9.06 -0.43 -2.97 -1.31 
utt>   273               cen1-mblb-b  245    0    60 6  1 2 1.464081e-12 -1.880770e+02 -4.607886e+04
INFO: cmn.c(133): CMN: 43.07  7.14 -2.23  7.62 -8.07  0.46 -4.49 -0.81  3.34 -6.43 -0.32  6.40 -1.09 
utt>   274               cen2-mblb-b  239    0    44 7  1 2 5.056491e-13 -1.888007e+02 -4.512337e+04
INFO: cmn.c(133): CMN: 44.57  6.92  1.74  9.06 -4.66 -0.27  4.85 -9.52  2.73  2.43 -6.34 -7.81 -0.91 
utt>   275               cen3-mblb-b   92    0    36 7  2 3 1.671060e-12 -1.922629e+02 -1.768818e+04
INFO: cmn.c(133): CMN: 43.22  9.86 -0.51 21.62 -6.40 -3.19  3.65 -4.41 -1.48 -10.46  2.39  0.84 -4.31 
utt>   276               cen4-mblb-b  252    0    72 7  1 2 8.833784e-13 -1.884371e+02 -4.748614e+04
INFO: cmn.c(133): CMN: 46.14 13.36 -2.16 14.23 -4.93  0.93 -0.54 -3.32  2.89 -7.93 -3.60  4.46 -6.96 
utt>   277               cen5-mblb-b  310    0    92 7  1 2 1.855914e-12 -1.876326e+02 -5.816611e+04
INFO: cmn.c(133): CMN: 45.63 -0.03 -0.29  6.39 -4.32  2.82 -5.79 -4.77  0.96 -2.01  2.83 -3.13  0.96 
utt>   278               cen6-mblb-b  148    0    60 7  1 2 2.047449e-12 -1.930440e+02 -2.857051e+04
INFO: cmn.c(133): CMN: 45.05  6.07  1.67 11.03 -1.48  0.66  0.88 -4.91 -0.64 -2.49 -0.86 -4.73 -5.92 
utt>   279               cen7-mblb-b  359    0   124 7  1 2 2.086786e-12 -1.909165e+02 -6.853902e+04
INFO: cmn.c(133): CMN: 45.15  3.65 -1.09  6.38 -4.21  0.01 -1.35  0.87 -0.36 -0.58 -2.93 -3.68 -0.51 
utt>   280               cen8-mblb-b  209    0   108 7  1 2 1.260868e-12 -1.981550e+02 -4.141440e+04
INFO: cmn.c(133): CMN: 48.03 -1.45 -0.77  5.55 -5.23 -2.87 -4.92 -7.89  3.65 -2.84  2.67 -8.28 -3.08 
utt>   281                an1-mblw-b  149    0    64 6  1 2 1.691976e-12 -1.996925e+02 -2.975418e+04
INFO: cmn.c(133): CMN: 48.56 -3.08  3.56 22.84 -0.03 -1.49 -2.06 -7.39  1.00 -14.69  3.44 -6.15 -3.37 
utt>   282                an2-mblw-b  132    0    36 6  1 2 6.072686e-13 -1.929794e+02 -2.547328e+04
INFO: cmn.c(133): CMN: 46.00 -6.97  1.50 13.92 -3.50 -2.38 -7.89 -4.03  3.38 -3.22 -2.50 -7.69 -1.44 
utt>   283                an3-mblw-b  117    0    44 7  1 3 3.217354e-12 -1.961354e+02 -2.294784e+04
INFO: cmn.c(133): CMN: 49.75  0.57 -0.67 14.82 -5.96  0.25 -4.07 -7.77  3.34 -6.17  2.69 -7.25 -1.04 
utt>   284                an4-mblw-b  115    0    52 7  1 3 1.544585e-12 -1.978440e+02 -2.275206e+04
INFO: cmn.c(133): CMN: 37.03  0.12 -2.49 19.59 -3.75  0.18 -6.05 -4.80  2.88 -2.39 -0.64 -6.89 -4.13 
utt>   285                an5-mblw-b   99    0    28 6  1 2 1.354232e-12 -1.931140e+02 -1.911828e+04
INFO: cmn.c(133): CMN: 48.19  4.62 -4.81 30.83 -9.28  1.58 -4.48 -4.31  1.19 -11.98  0.45 -4.22 -10.22 
utt>   286               cen1-mblw-b  169    0    56 8  1 2 2.216226e-12 -1.950638e+02 -3.296578e+04
INFO: cmn.c(133): CMN: 48.08  9.48 -4.47 23.21 -8.78  2.99 -4.64 -4.28  4.92 -13.09  1.69 -1.41 -4.67 
utt>   287               cen2-mblw-b  143    0    48 6  1 2 7.999935e-13 -1.930637e+02 -2.760811e+04
INFO: cmn.c(133): CMN: 48.92  4.53 -8.67 16.34 -3.40 -2.63 -4.70 -8.46  3.51 -8.25 -5.07 -2.60 -3.87 
utt>   288               cen3-mblw-b  145    0    72 7  1 3 1.441491e-12 -1.983360e+02 -2.875872e+04
INFO: cmn.c(133): CMN: 48.25  3.94 -2.21 20.98 -6.07 -1.19 -4.49 -6.88  3.72 -10.44  2.94 -4.38 -2.05 
utt>   289               cen4-mblw-b  209    0    80 6  1 2 2.223912e-12 -1.966969e+02 -4.110965e+04
INFO: cmn.c(133): CMN: 44.92 -7.71 -1.40 29.04 -5.72 -6.40 -1.03 -4.10  2.71 -7.73 -3.61 -2.75 -6.90 
utt>   290               cen5-mblw-b  103    0    32 8  1 2 3.367433e-12 -1.916938e+02 -1.974446e+04
INFO: cmn.c(133): CMN: 45.46  6.40 -2.65  8.50 -11.77 -0.61  1.71 -6.25 -1.24 -1.41  2.90 -4.33 -4.68 
utt>   291               cen6-mblw-b  169    0    80 8  1 3 2.963741e-12 -1.950882e+02 -3.296990e+04
INFO: cmn.c(133): CMN: 46.10  2.16 -1.03 12.40 -8.92 -0.03 -3.01 -6.45  3.31 -9.94  0.31 -4.77 -4.62 
utt>   292               cen7-mblw-b  240    0    80 6  1 2 1.464607e-12 -1.962447e+02 -4.709873e+04
INFO: cmn.c(133): CMN: 47.02  0.70  0.28 16.89 -6.83 -3.23 -2.01 -5.26  3.44 -6.75 -0.58 -5.36 -1.14 
utt>   293               cen8-mblw-b  176    0    80 7  1 3 2.260437e-12 -1.949975e+02 -3.431955e+04
INFO: cmn.c(133): CMN: 47.69  2.18 -5.06 10.53 -9.89  5.40 -10.69  0.48  3.74 -7.50 -1.35 -1.58 -1.84 
utt>   294              an266-mbmg-b  151    0    52 7  1 2 2.844235e-12 -1.939329e+02 -2.928387e+04
INFO: cmn.c(133): CMN: 47.67  0.57  3.12 14.66 -9.65  5.53  0.33  2.68 -1.74 -6.21 -3.18 -4.15 -1.50 
utt>   295              an267-mbmg-b  320    0    64 6  1 2 1.444905e-12 -1.898764e+02 -6.076044e+04
INFO: cmn.c(133): CMN: 49.77  1.65 -7.34 16.28 -9.73  1.79 -6.16  4.06  1.21 -4.07 -2.14 -0.86  1.18 
utt>   296              an268-mbmg-b  398    0    80 6  1 2 7.645306e-13 -1.895485e+02 -7.544030e+04
INFO: cmn.c(133): CMN: 48.42  2.67 -0.75 18.00 -14.41  2.86 -0.34 -0.41 -2.25 -4.57 -1.82 -4.02 -4.08 
utt>   297              an269-mbmg-b  383    0    72 6  1 1 5.647866e-13 -1.924417e+02 -7.370518e+04
INFO: cmn.c(133): CMN: 47.56  3.62 -2.92 10.76 -11.49  9.28 -10.06  0.97  0.43 -7.99 -2.39 -3.98  1.68 
utt>   298              an270-mbmg-b  209    0    64 7  1 2 1.981589e-12 -1.943603e+02 -4.062130e+04
INFO: cmn.c(133): CMN: 48.37  3.84 -3.89 19.86 -12.90  2.87 -0.26  3.47 -8.08 -5.71  2.42 -0.35 -7.62 
utt>   299               cen1-mbmg-b  261    0    52 6  1 1 5.561476e-13 -1.918139e+02 -5.006342e+04
INFO: cmn.c(133): CMN: 52.12  9.58 -14.97 19.30 -10.76 -1.22 -3.49 -1.21 -2.82 -4.50  2.74  4.14 -3.04 
utt>   300               cen2-mbmg-b  172    0    40 7  1 2 1.046949e-12 -1.895675e+02 -3.260561e+04
INFO: cmn.c(133): CMN: 49.09  9.06 -3.79  9.59 -15.15  7.39 -6.51 -3.19 -4.84 -6.80  1.30  0.63 -4.53 
utt>   301               cen3-mbmg-b  131    0    40 7  1 2 8.212951e-13 -1.929203e+02 -2.527256e+04
INFO: cmn.c(133): CMN: 48.23  7.60 -5.18 22.03 -15.18 -2.99 -5.15  1.19 -3.92 -8.81  2.52  1.80 -1.77 
utt>   302               cen4-mbmg-b  309    0    60 6  1 2 5.003018e-13 -1.908977e+02 -5.898740e+04
INFO: cmn.c(133): CMN: 51.78  6.90 -5.46 24.25 -13.40  2.38 -1.06 -4.48 -4.59 -6.35  0.46 -4.71 -0.12 
utt>   303               cen5-mbmg-b  371    0   124 7  1 2 9.382360e-13 -1.960796e+02 -7.274552e+04
INFO: cmn.c(133): CMN: 47.84  4.31 -7.62  8.46 -9.13  6.52 -9.25 -1.55  2.90 -5.79  0.15 -3.21 -2.97 
utt>   304               cen6-mbmg-b  239    0    72 8  1 2 1.065450e-12 -1.905677e+02 -4.554569e+04
INFO: cmn.c(133): CMN: 51.33  3.92 -5.78  5.42 -13.31  6.50 -8.07 -2.88  2.14 -6.54  2.58 -4.33 -1.83 
utt>   305               cen7-mbmg-b  380    0   128 7  1 2 1.432726e-12 -1.937127e+02 -7.361083e+04
INFO: cmn.c(133): CMN: 50.81 -5.11  2.01  7.90 -3.95  5.38 -8.46  0.67  0.02 -6.14  2.55 -3.28  1.86 
utt>   306               cen8-mbmg-b  307    0   152 7  1 3 6.588560e-13 -1.970470e+02 -6.049342e+04
INFO: cmn.c(133): CMN: 45.38  3.32 -6.27  3.04 -17.31  4.28  0.21 -1.03 -6.42  0.08  5.09 -2.23  2.78 
utt>   307              an201-mcel-b   92    0    24 7  1 2 1.477931e-12 -1.918142e+02 -1.764691e+04
INFO: cmn.c(133): CMN: 40.14  0.31 -2.08 28.72 -3.42  7.53 -2.90 -2.14  2.52 -5.04 -0.53  0.16  0.70 
utt>   308              an202-mcel-b   94    0    28 6  1 2 3.798099e-12 -1.948434e+02 -1.831528e+04
INFO: cmn.c(133): CMN: 46.80  6.72 -6.31 19.76 -10.05  6.08 -7.79 -5.94  2.62 -8.27  2.29 -2.88 -0.41 
utt>   309              an203-mcel-b  249    0    72 7  1 2 2.384861e-12 -1.952463e+02 -4.861633e+04
INFO: cmn.c(133): CMN: 41.20  4.96 -6.64  4.43 -9.72  4.84 -7.00 -8.27 -0.36 -1.57  5.57 -0.98  3.85 
utt>   310              an204-mcel-b   99    0    28 7  1 3 1.185803e-12 -1.923064e+02 -1.903834e+04
INFO: cmn.c(133): CMN: 50.35  9.81 -8.68 23.15 -14.06  1.02 -3.89 -3.24  2.66 -5.87  5.74 -2.21  0.94 
utt>   311              an205-mcel-b  339    0   100 7  1 2 1.377723e-12 -1.957138e+02 -6.634699e+04
INFO: cmn.c(133): CMN: 46.99 11.29 -7.91 24.45 -12.37 -0.69 -4.28 -7.30  1.98 -5.87  0.02 -2.36 -0.30 
utt>   312               cen1-mcel-b  297    0    56 6  1 2 5.863952e-13 -1.968932e+02 -5.847728e+04
INFO: cmn.c(133): CMN: 48.75  4.77 -9.06 22.64 -12.85 -1.02 -7.01 -3.91  3.42 -6.82 -0.84 -0.89  0.16 
utt>   313               cen2-mcel-b  257    0    44 6  1 2 1.624856e-12 -1.931943e+02 -4.965093e+04
INFO: cmn.c(133): CMN: 46.38 -3.82 -2.39 19.96 -2.45 -0.32 -8.09 -3.62  2.54 -7.54 -4.82 -0.46 -1.87 
utt>   314               cen3-mcel-b  189    0    44 8  1 2 7.278175e-13 -1.925094e+02 -3.638428e+04
INFO: cmn.c(133): CMN: 50.86  8.62 -9.00 38.12 -17.86 -0.45 -3.66 -5.47  5.91 -11.26  0.39 -1.61  0.07 
utt>   315               cen4-mcel-b  298    0    56 7  1 2 2.302032e-12 -1.955889e+02 -5.828549e+04
INFO: cmn.c(133): CMN: 47.85  8.02 -7.85 36.51 -13.76 -1.28 -3.36 -4.70  3.35 -11.27 -0.83  2.21 -2.89 
utt>   316               cen5-mcel-b  354    0    72 6  1 1 7.961436e-13 -1.954235e+02 -6.917994e+04
INFO: cmn.c(133): CMN: 46.20  9.86 -8.29 16.19 -9.62  1.33 -3.22 -5.77 -1.10 -9.24  3.02  0.71  1.39 
utt>   317               cen6-mcel-b  229    0    60 6  1 2 3.520012e-13 -1.945982e+02 -4.456298e+04
INFO: cmn.c(133): CMN: 48.15  8.26 -6.35 14.11 -14.79 -0.23 -3.15 -4.99 -1.14 -2.27 -2.04 -0.27  2.12 
utt>   318               cen8-mcel-b  239    0    72 6  1 2 1.777012e-12 -1.925884e+02 -4.602863e+04
INFO: cmn.c(133): CMN: 45.94 -8.12  0.52  4.29 -6.98  6.28 -5.56 -7.91  0.54 -3.53  1.86  4.82 -1.44 
utt>   319              an126-mcen-b   72    0    28 7  1 2 9.049823e-13 -1.992278e+02 -1.434440e+04
INFO: cmn.c(133): CMN: 42.06  2.17 -1.65 23.51  5.44  1.70 -9.72 -3.16  0.69 -6.02 -7.88  0.40 -5.45 
utt>   320              an127-mcen-b   81    0    28 6  1 2 1.648363e-12 -1.932151e+02 -1.565042e+04
INFO: cmn.c(133): CMN: 44.37  8.08 -1.41 12.15 -4.67  0.44 -5.99  3.36 -5.13 -3.53  3.72 -2.73 -3.20 
utt>   321              an128-mcen-b  377    0   116 7  1 2 8.317607e-13 -1.937105e+02 -7.302886e+04
INFO: cmn.c(133): CMN: 46.22 -4.78  1.54 11.11  0.48  6.16 -17.96 -2.06  2.11 -0.28 -4.95 -4.73  1.47 
utt>   322              an129-mcen-b  133    0    44 7  1 2 1.954334e-12 -1.945793e+02 -2.587904e+04
INFO: cmn.c(133): CMN: 40.52 10.09 -7.81  5.85 -9.39 -1.16  1.45 -6.83 -0.94 -1.75  3.89 -3.21 -0.07 
utt>   323              an130-mcen-b   53    0    24 8  1 2 1.733997e-12 -1.963511e+02 -1.040661e+04
INFO: cmn.c(133): CMN: 42.13  9.83 -1.27 19.16 -7.19  2.80 -9.92  3.80 -9.81 -1.29  2.70 -2.77 -3.92 
utt>   324               cen1-mcen-b  249    0    68 8  1 2 9.460969e-13 -1.921093e+02 -4.783522e+04
INFO: cmn.c(133): CMN: 45.61 -0.04 -0.26  8.98 -6.15  1.74 -16.79  5.81 -4.49 -2.51  2.36 -2.30 -3.64 
utt>   325               cen2-mcen-b  225    0    44 7  1 2 8.498871e-13 -1.894950e+02 -4.263636e+04
INFO: cmn.c(133): CMN: 47.25 10.86 -8.21  8.63 -2.47 -1.88 -12.99  4.22 -5.83  5.76  1.97 -8.08 -5.43 
utt>   326               cen3-mcen-b  227    0    80 6  1 1 7.552867e-13 -1.835489e+02 -4.166560e+04
INFO: cmn.c(133): CMN: 44.95  7.84 -1.25 22.30 -4.96 -6.90 -5.03  3.18 -11.14 -3.67  0.95 -0.09 -2.79 
utt>   327               cen4-mcen-b  249    0    48 6  1 2 7.666840e-13 -1.877658e+02 -4.675370e+04
INFO: cmn.c(133): CMN: 47.01  2.36 -2.39 27.55 -6.24 -3.08 -8.68  4.66 -8.57 -6.37  1.26 -5.82 -1.49 
utt>   328               cen5-mcen-b  399    0    84 8  1 2 1.978954e-12 -1.877363e+02 -7.490680e+04
INFO: cmn.c(133): CMN: 43.44  3.95 -2.56 11.02 -0.32  3.60 -8.93 -1.37 -3.86 -0.28 -2.85 -5.36 -2.46 
utt>   329               cen6-mcen-b  199    0    64 8  1 3 1.315750e-12 -1.918260e+02 -3.817337e+04
INFO: cmn.c(133): CMN: 45.38  1.59 -1.31  7.99 -3.20  4.41 -10.32 -0.10 -2.23  1.23 -0.43 -3.79 -2.97 
utt>   330               cen7-mcen-b  267    0   100 8  1 2 2.477046e-12 -1.936497e+02 -5.170446e+04
INFO: cmn.c(133): CMN: 42.46  0.82  1.26 12.99 -1.94  1.93 -9.83  3.02 -5.74 -2.52 -2.97 -4.18 -1.92 
utt>   331               cen8-mcen-b  259    0    88 8  1 3 2.280409e-12 -1.934974e+02 -5.011582e+04
INFO: cmn.c(133): CMN: 38.33 -3.25 -3.61 -1.28 -6.12 11.19 -12.11 -1.63  0.48  1.94 -1.79  1.94  1.80 
utt>   332              an261-mcfl-b   99    0    28 7  1 2 1.540818e-12 -1.998512e+02 -1.978527e+04
INFO: cmn.c(133): CMN: 46.82 -4.46 -1.10 22.85 -16.35  3.95 -4.46 -2.86  0.66 -4.66  6.01 -7.28  3.16 
utt>   333              an262-mcfl-b  334    0    68 6  1 2 1.232662e-12 -1.907116e+02 -6.369769e+04
INFO: cmn.c(133): CMN: 47.75  7.53 -6.47 14.87 -17.24  6.15 -3.29 -5.50  2.75  1.70  1.65  0.80  1.48 
utt>   334              an263-mcfl-b  357    0    80 6  1 1 9.751809e-13 -1.899080e+02 -6.779715e+04
INFO: cmn.c(133): CMN: 38.12  6.78 -6.76  7.08 -15.70  8.23 -0.80 -3.08 -1.15 -4.29  1.50 -5.83  3.91 
utt>   335              an264-mcfl-b   73    0    16 5  1 2 1.367745e-12 -1.797348e+02 -1.312064e+04
INFO: cmn.c(133): CMN: 37.03 -10.55 -2.09  5.10 -6.47 -0.39 -4.63  0.20  0.61 -3.58 -1.13  0.35  4.01 
utt>   336              an265-mcfl-b   99    0    20 6  1 2 6.675789e-13 -1.914004e+02 -1.894864e+04
INFO: cmn.c(133): CMN: 44.16  2.83 -1.50 19.38 -19.50  1.47  1.40 -3.74  1.51 -5.05  1.40 -3.97  3.62 
utt>   337               cen1-mcfl-b  249    0    40 6  1 1 3.975291e-13 -1.867534e+02 -4.650160e+04
INFO: cmn.c(133): CMN: 45.67 -0.35 -0.59 20.28 -17.96 -0.73  4.72 -5.04 -0.84 -7.38  8.92 -5.67  2.45 
utt>   338               cen2-mcfl-b  513    0    84 6  1 1 3.752150e-13 -1.881689e+02 -9.653067e+04
INFO: cmn.c(133): CMN: 44.38  5.37 -1.78 20.37 -9.45  3.94 -9.59 -3.35  1.45 -7.06 -1.79 -5.72  3.28 
utt>   339               cen3-mcfl-b  221    0    64 6  1 2 8.411926e-13 -1.983175e+02 -4.382817e+04
INFO: cmn.c(133): CMN: 48.74  2.63  0.54 27.27 -19.50  4.92 -0.74 -3.66 -3.44 -2.97  3.39 -6.27  6.62 
utt>   340               cen4-mcfl-b  318    0    80 6  1 2 7.277123e-13 -1.899794e+02 -6.041344e+04
INFO: cmn.c(133): CMN: 47.90  5.93  1.43 24.41 -20.39  6.42 -0.66  1.23 -5.88 -4.55  4.90 -5.36  2.13 
utt>   341               cen5-mcfl-b  302    0    80 7  1 2 1.409569e-12 -1.854421e+02 -5.600352e+04
INFO: cmn.c(133): CMN: 45.46  7.55 -4.16  5.88 -21.57  8.15 -8.50 -1.61 -3.26 -0.30 -1.46 -1.57  2.43 
utt>   342               cen6-mcfl-b  239    0    64 7  1 2 8.078945e-13 -1.932030e+02 -4.617552e+04
INFO: cmn.c(133): CMN: 43.86 -0.00 -5.11 11.07 -9.10  4.74 -8.20 -0.05  0.77 -1.21 -1.91 -2.90  1.58 
utt>   343               cen7-mcfl-b  369    0   100 7  1 2 2.036032e-12 -1.921817e+02 -7.091505e+04
INFO: cmn.c(133): CMN: 39.86 -5.48  2.19 14.89 -9.52  0.49 -6.44 -0.23 -0.21 -3.38 -1.52 -0.72  1.78 
utt>   344               cen8-mcfl-b  259    0    76 7  1 2 1.205136e-12 -1.984785e+02 -5.140594e+04
INFO: cmn.c(133): CMN: 47.44 12.05 -5.83  7.69 -7.64 -8.31  8.36 -5.10  3.96  2.93 -3.33  0.54 -6.84 
utt>   345              an141-mcrt-b   89    0    16 7  1 2 8.824857e-13 -1.949519e+02 -1.735072e+04
INFO: cmn.c(133): CMN: 48.69  8.30 -7.09  8.76 -2.27 -2.57 -0.69 -4.69  9.80 -4.47 -5.63  2.29  0.28 
utt>   346              an142-mcrt-b  180    0    52 8  1 2 1.329815e-12 -1.953146e+02 -3.515663e+04
INFO: cmn.c(133): CMN: 42.80  7.13 -2.00  0.47 -13.92  4.04  1.41 -0.18 -1.69  3.33 -2.51  3.37 -2.49 
utt>   347              an143-mcrt-b  109    0    24 6  1 3 7.928640e-13 -1.899708e+02 -2.070681e+04
INFO: cmn.c(133): CMN: 50.90  6.21 -3.80 13.63 -1.83 -4.82  1.42 -5.15 -0.08 -1.66  0.14 -0.32 -1.36 
utt>   348              an144-mcrt-b  392    0    92 7  1 2 1.131562e-12 -1.897103e+02 -7.436643e+04
INFO: cmn.c(133): CMN: 45.61 -2.70 -0.45  8.60 -5.61  5.70 -5.34 -5.66  7.42 -2.26 -1.40 -1.83 -0.38 
utt>   349              an145-mcrt-b  189    0    36 8  1 2 1.586925e-12 -1.911885e+02 -3.613463e+04
INFO: cmn.c(133): CMN: 48.56 15.37 -7.35  9.50 -13.16 -3.34  2.01  0.76  4.88 -3.91  0.38 -0.79  0.80 
utt>   350               cen1-mcrt-b  400    0    48 6  1 1 4.831549e-13 -1.873244e+02 -7.492974e+04
INFO: cmn.c(133): CMN: 40.56 15.19 -4.66 -1.84 -9.20 -0.11  1.07 -4.42  6.77 -3.82 -0.69  1.66  0.98 
utt>   351               cen2-mcrt-b  309    0    28 6  1 1 8.559972e-13 -1.899131e+02 -5.868313e+04
INFO: cmn.c(133): CMN: 56.71 -0.32 -5.45  9.78 -12.40  0.48 -3.78 -8.40  6.13 -2.88 -2.72 -3.81 -3.02 
utt>   352               cen3-mcrt-b  238    0    40 6  1 2 6.967649e-13 -1.919247e+02 -4.567807e+04
INFO: cmn.c(133): CMN: 51.60  2.75 -1.87 20.94 -8.15 -5.41  0.42  2.31 -1.96 -3.61  3.16 -3.50 -2.12 
utt>   353               cen4-mcrt-b  457    0    64 7  1 1 1.192942e-12 -1.870679e+02 -8.549004e+04
INFO: cmn.c(133): CMN: 50.21  3.84 -2.66 24.16 -6.16 -1.64  4.11  2.06 -2.78 -4.77  2.26 -4.67 -3.87 
utt>   354               cen5-mcrt-b  599    0    84 8  1 2 1.091600e-12 -1.865291e+02 -1.117309e+05
INFO: cmn.c(133): CMN: 54.20  4.53 -2.16 10.45 -14.32  3.05 -1.27 -8.07  1.55 -6.24  0.55 -0.98 -2.50 
utt>   355               cen6-mcrt-b  232    0    64 7  1 3 1.001490e-12 -1.878271e+02 -4.357589e+04
INFO: cmn.c(133): CMN: 51.96  3.17 -5.86 15.94 -4.80  1.87 -2.02 -6.90  3.50 -5.54 -4.20 -0.21 -2.98 
utt>   356               cen7-mcrt-b  358    0    88 7  1 2 1.628671e-12 -1.898213e+02 -6.795601e+04
INFO: cmn.c(133): CMN: 52.93  9.80 -2.33 16.04 -7.46 -4.32  0.96 -5.47  2.93 -4.21 -2.25 -0.43 -1.58 
utt>   357               cen8-mcrt-b  301    0    92 7  1 2 1.147025e-12 -1.880124e+02 -5.659174e+04
INFO: cmn.c(133): CMN: 44.01  8.25 -3.86 -3.87 -5.02  7.17 -8.88 -1.88  0.15  1.70 -1.67  0.36 -7.58 
utt>   358              an231-mcsc-b  149    0    32 8  1 2 2.308452e-12 -1.904462e+02 -2.837649e+04
INFO: cmn.c(133): CMN: 40.67  7.23 -1.80 -0.64 -8.61  3.96 -3.06 -0.16  0.42 -1.16 -3.43 -1.05 -5.35 
utt>   359              an232-mcsc-b   89    0    24 7  2 3 3.965915e-13 -1.894555e+02 -1.686154e+04
INFO: cmn.c(133): CMN: 46.30  8.86 -1.53  1.12 -1.81 -1.76 -2.90  2.97 -11.63 -1.76 -0.98  0.63 -2.69 
utt>   360              an233-mcsc-b   59    0    16 6  1 3 1.404926e-12 -1.815498e+02 -1.071144e+04
INFO: cmn.c(133): CMN: 45.22  4.41  4.06 15.53  9.61  0.74 -2.74  1.64  3.19 -7.02 -4.51 -4.17 -6.28 
utt>   361              an234-mcsc-b   73    0    28 6  1 2 7.933126e-13 -2.014015e+02 -1.470231e+04
INFO: cmn.c(133): CMN: 42.86  5.89 -1.11  0.12 -5.98  3.25 -0.89  6.08 -3.85  4.04  0.06 -3.04 -3.22 
utt>   362              an235-mcsc-b   79    0    16 7  1 3 1.686790e-13 -1.878462e+02 -1.483985e+04
INFO: cmn.c(133): CMN: 47.31  7.39  1.84  4.31  3.37 -2.89 -9.97 10.63 -1.92  0.16 -2.84  2.16 -3.93 
utt>   363               cen1-mcsc-b  462    0    64 6  1 1 5.640993e-13 -1.924983e+02 -8.893421e+04
INFO: cmn.c(133): CMN: 50.87  3.87  4.35  7.90  3.60 -3.08 -14.80  7.26 -5.11 -2.47 -3.39 -0.69  0.32 
utt>   364               cen2-mcsc-b  289    0    56 7  1 2 1.010662e-12 -1.967966e+02 -5.687421e+04
INFO: cmn.c(133): CMN: 50.29  4.43  7.22 12.07 -1.58  7.54 -7.60 -8.41  0.63  0.36 -0.95 -9.48 -5.17 
utt>   365               cen3-mcsc-b  207    0    72 7  1 2 3.362960e-12 -1.944599e+02 -4.025320e+04
INFO: cmn.c(133): CMN: 48.56 11.05  5.25 12.91  3.84 -4.90 -9.06  9.28 -11.19 -0.97  1.79 -6.53 -3.18 
utt>   366               cen4-mcsc-b  236    0    56 7  1 2 5.776852e-13 -1.916314e+02 -4.522500e+04
INFO: cmn.c(133): CMN: 46.08 -1.54  4.00 23.77  4.22 -6.57 -4.15 10.51 -1.48 -5.06 -6.62 -5.93 -4.26 
utt>   367               cen5-mcsc-b  139    0    32 8  1 3 8.033636e-13 -1.880289e+02 -2.613602e+04
INFO: cmn.c(133): CMN: 48.45 11.76  3.04  2.29 -2.38  0.05 -7.31  3.11 -5.86  1.33  2.46 -5.89 -9.10 
utt>   368               cen6-mcsc-b  190    0    68 8  1 3 2.157968e-12 -1.959242e+02 -3.722560e+04
INFO: cmn.c(133): CMN: 47.47 12.03  2.09  5.73  1.22  5.22 -12.55  1.71 -1.30 -3.29  0.48 -5.21 -4.38 
utt>   369               cen7-mcsc-b  297    0   104 8  1 2 2.364407e-12 -1.945619e+02 -5.778488e+04
INFO: cmn.c(133): CMN: 44.87  8.16  3.33  7.33 -2.52  2.16 -11.58  4.22 -0.33 -4.96 -3.76 -5.09 -5.41 
utt>   370               cen8-mcsc-b  249    0    68 7  1 2 7.839359e-13 -1.916628e+02 -4.772404e+04
INFO: cmn.c(133): CMN: 39.58 -3.73 -3.96 18.47 -2.34  3.46 -11.68 -0.41  2.80 -12.43 -4.40 -4.33 -1.50 
utt>   371              an241-mdcs-b  230    0    76 7  1 2 2.303529e-12 -1.953766e+02 -4.493661e+04
INFO: cmn.c(133): CMN: 46.86  2.89 -5.13 35.54 -3.56  2.59 -4.35 -7.36  9.13 -26.21 10.21 -9.68 -1.67 
utt>   372              an242-mdcs-b  260    0   116 7  1 2 9.041998e-13 -1.963460e+02 -5.104995e+04
INFO: cmn.c(133): CMN: 35.41 -1.48 -2.32 20.76 -3.14  6.98 -4.47 -2.93  5.21 -14.11 -2.19 -1.71 -2.58 
utt>   373              an243-mdcs-b   89    0    28 7  1 3 7.952595e-14 -1.900097e+02 -1.691087e+04
INFO: cmn.c(133): CMN: 47.39  8.12 -8.55  7.31 -21.09  7.43 -13.48 -6.85  5.37 -15.35 11.21 -5.15  6.36 
utt>   374              an244-mdcs-b  242    0    56 6  1 2 9.315502e-13 -1.904726e+02 -4.609437e+04
INFO: cmn.c(133): CMN: 49.43  3.46 -5.27 26.73 -5.98  5.10 -12.08 -1.87  0.79 -18.33 11.72 -11.85  0.07 
utt>   375              an245-mdcs-b  235    0    96 7  1 2 1.538295e-12 -1.941681e+02 -4.562950e+04
INFO: cmn.c(133): CMN: 44.31  0.08  3.07 26.40 -6.06  0.70 -3.34 -3.99  4.67 -21.01  6.35 -12.20 -0.56 
utt>   376               cen1-mdcs-b  225    0    44 7  1 2 2.171851e-12 -1.912086e+02 -4.302193e+04
INFO: cmn.c(133): CMN: 48.46  1.70 -2.58 37.68 -7.86  0.58 -1.28 -3.72  8.29 -28.43 10.93 -12.08 -1.52 
utt>   377               cen2-mdcs-b  159    0    40 6  1 2 9.696799e-13 -1.858805e+02 -2.955500e+04
INFO: cmn.c(133): CMN: 50.52 -4.62 -3.44 16.54 -6.13  2.80 -6.28 -1.75  7.71 -11.46  0.61 -4.95 -0.14 
utt>   378               cen3-mdcs-b  209    0   108 7  1 2 1.565135e-12 -1.904585e+02 -3.980582e+04
INFO: cmn.c(133): CMN: 51.72 14.99 -9.50 23.13 -12.21  7.39 -11.97 -5.54  5.68 -23.71  5.89 -9.84 -0.06 
utt>   379               cen4-mdcs-b  227    0    76 6  1 2 1.283207e-12 -1.898486e+02 -4.309564e+04
INFO: cmn.c(133): CMN: 49.83 -1.31 -1.66 30.01 -9.92  0.93 -6.85 -4.95  5.37 -21.38  6.11 -8.01  1.72 
utt>   380               cen5-mdcs-b  279    0    84 8  1 3 1.314224e-12 -1.911098e+02 -5.331965e+04
INFO: cmn.c(133): CMN: 52.03  5.62 -3.19 13.08 -13.88  7.61 -7.04 -6.77 -0.94 -13.35 11.20 -10.30  0.38 
utt>   381               cen6-mdcs-b  153    0    80 8  2 4 1.711497e-12 -1.929415e+02 -2.952004e+04
INFO: cmn.c(133): CMN: 49.42 -0.22 -2.91 20.54 -5.72  3.33 -7.05 -7.24  6.31 -18.16  5.16 -4.87 -3.68 
utt>   382               cen7-mdcs-b  349    0   124 7  1 2 1.820235e-12 -1.961352e+02 -6.845117e+04
INFO: cmn.c(133): CMN: 43.72 -0.25 -1.38 15.62 -7.86  1.30 -7.71  1.07 -0.68 -10.71  1.55 -7.19  2.24 
utt>   383               cen8-mdcs-b  244    0   120 7  1 2 2.511712e-12 -1.955323e+02 -4.770987e+04
INFO: cmn.c(133): CMN: 46.07  4.05 -8.63  9.71 -7.67 -1.55 -6.63 -5.72 -1.52  3.60 -3.37  1.39 -5.94 
utt>   384             an111-mdcs2-b  199    0    60 7  1 2 8.928354e-13 -1.884336e+02 -3.749829e+04
INFO: cmn.c(133): CMN: 48.86  2.45 -6.40 19.83 -8.72  6.19 -4.09 -5.41 -4.59  0.75 -3.40 -0.60 -2.67 
utt>   385             an112-mdcs2-b  245    0    60 5  1 2 1.470186e-12 -1.919532e+02 -4.702852e+04
INFO: cmn.c(133): CMN: 48.81  4.15 -6.12 12.68 -11.17  2.14 -8.34 -5.86 -2.98  2.06 -2.54 -0.03 -1.39 
utt>   386             an113-mdcs2-b  459    0   136 7  1 2 1.249855e-12 -1.953881e+02 -8.968315e+04
INFO: cmn.c(133): CMN: 49.25 13.87 -9.92 15.22 -23.99  1.46  1.42 -12.52 -1.21  2.82 -3.84  0.31 -4.35 
utt>   387             an114-mdcs2-b  299    0    80 6  1 2 6.983457e-13 -1.954552e+02 -5.844110e+04
INFO: cmn.c(133): CMN: 48.84  8.26 -9.10 24.00 -18.24  4.10 -4.27 -5.13 -5.90 -4.41 -4.15  0.62 -3.85 
utt>   388             an115-mdcs2-b  308    0    92 6  1 2 1.727365e-12 -1.959253e+02 -6.034499e+04
INFO: cmn.c(133): CMN: 48.60  9.31  0.52  7.98 -12.87  3.67 -2.39 -5.90  1.27  1.58  1.49 -1.45 -1.68 
utt>   389              cen1-mdcs2-b  228    0    56 6  1 2 1.043705e-12 -1.934881e+02 -4.411529e+04
INFO: cmn.c(133): CMN: 52.83  9.33 -4.39 26.38 -13.62  4.92 -9.07 -5.44 -2.59 -1.58 -2.39 -2.32  0.03 
utt>   390              cen2-mdcs2-b  197    0    48 6  1 2 1.790606e-12 -1.976136e+02 -3.892989e+04
INFO: cmn.c(133): CMN: 50.86  3.42 -4.27 16.33 -8.33  2.57 -0.73 -3.56  3.48 -7.28 -2.20 -1.32 -4.10 
utt>   391              cen3-mdcs2-b  151    0    56 7  1 3 1.498544e-12 -1.939437e+02 -2.928549e+04
INFO: cmn.c(133): CMN: 55.06  1.06 -2.73 25.66 -9.96  5.98 -5.48 -4.60 -1.97 -6.15 -1.37 -3.69 -1.58 
utt>   392              cen4-mdcs2-b  195    0    44 7  1 2 1.491467e-12 -1.912233e+02 -3.728854e+04
INFO: cmn.c(133): CMN: 53.64  1.09 -1.62 19.67 -6.91  4.54 -5.68 -3.41  1.40 -3.23 -3.99  0.20 -4.52 
utt>   393              cen5-mdcs2-b  254    0    76 7  1 2 1.948634e-12 -1.972191e+02 -5.009366e+04
INFO: cmn.c(133): CMN: 42.16  6.47 -1.85  5.89 -14.38  5.35 -0.47 -6.27 -2.34  3.14  0.34 -2.85 -3.29 
utt>   394              cen6-mdcs2-b  179    0    80 8  1 3 2.342110e-12 -1.953030e+02 -3.495924e+04
INFO: cmn.c(133): CMN: 45.04  4.31 -4.00 15.49 -7.68  2.95 -6.56 -6.22 -0.63 -2.23 -3.36 -3.93 -2.68 
utt>   395              cen7-mdcs2-b  196    0    88 8  1 3 2.443767e-12 -1.948102e+02 -3.818280e+04
INFO: cmn.c(133): CMN: 43.02  2.81 -5.17  8.68 -4.96  7.44 -5.12 -7.96  1.86 -0.69 -1.36 -2.43 -3.31 
utt>   396              cen8-mdcs2-b  249    0   116 7  1 2 1.452720e-12 -1.946968e+02 -4.847950e+04
INFO: cmn.c(133): CMN: 45.66  4.10  4.22  6.64 -2.02  5.15 -1.99 -2.85 -7.38 -3.28  1.31 -2.90  0.35 
utt>   397              an206-mdmc-b  328    0    64 7  1 2 5.371083e-13 -1.915990e+02 -6.284447e+04
INFO: cmn.c(133): CMN: 45.30  4.06  1.27 14.00 -1.22  5.41 -6.21  0.42 -4.43 -5.34  1.42 -3.72  1.48 
utt>   398              an207-mdmc-b  441    0   124 6  1 2 1.095575e-12 -1.900987e+02 -8.383353e+04
INFO: cmn.c(133): CMN: 46.94  3.63  4.02 12.61  1.93 -3.44 -5.69  3.16 -6.93 -2.98  0.44 -3.70  3.90 
utt>   399              an208-mdmc-b  371    0    92 6  1 2 5.625751e-13 -1.904812e+02 -7.066854e+04
INFO: cmn.c(133): CMN: 54.20 -5.14  7.29  7.97  0.64  1.54 -9.24  0.98 -5.54  0.97  1.16 -5.01  5.87 
utt>   400              an209-mdmc-b  290    0   104 7  1 2 1.425085e-12 -1.927590e+02 -5.590012e+04
INFO: cmn.c(133): CMN: 45.77  5.85  4.06  8.18  1.72  2.11 -4.65  1.93 -1.29 -2.45  2.02 -3.47  2.10 
utt>   401              an210-mdmc-b  490    0   120 7  1 2 1.081347e-12 -1.930959e+02 -9.461701e+04
INFO: cmn.c(133): CMN: 50.32  3.96 -1.01  1.13 -6.43 -0.85 -7.13 -5.72  6.97 -11.84 -0.26  4.90  4.83 
utt>   402               cen1-mdmc-b  207    0    48 7  1 2 5.463186e-13 -1.927294e+02 -3.989499e+04
INFO: cmn.c(133): CMN: 30.88 -1.46  6.35 17.82  1.99 -1.10 -2.61  4.28 -2.42 -3.92 -3.23  2.22 -3.55 
utt>   403               cen2-mdmc-b  249    0    40 7  1 2 1.056635e-12 -1.872048e+02 -4.661398e+04
INFO: cmn.c(133): CMN: 39.97  1.64 -0.88  4.75 -1.04  2.58 -6.55  2.50 -0.86  2.43  3.36 -7.14  5.19 
utt>   404               cen3-mdmc-b  124    0    32 7  1 2 2.650395e-12 -1.917087e+02 -2.377188e+04
INFO: cmn.c(133): CMN: 39.58  0.55  3.72 21.75  0.49 -3.13 -6.86  2.43 -3.08 -4.75  0.79 -3.03  2.31 
utt>   405               cen4-mdmc-b  271    0    64 6  1 2 8.069361e-13 -1.904253e+02 -5.160526e+04
INFO: cmn.c(133): CMN: 54.45  3.71  5.82 18.14  4.07 -5.01 -3.32  0.77 -1.66 -7.02 -2.36  1.46 -1.71 
utt>   406               cen5-mdmc-b  307    0    84 8  1 3 1.496373e-12 -1.907083e+02 -5.854744e+04
INFO: cmn.c(133): CMN: 49.73  1.20  8.39  4.25 -6.38  4.68 -4.10 -0.30 -7.48 -2.36  4.81 -4.37  1.14 
utt>   407               cen6-mdmc-b  202    0    64 7  1 3 2.324773e-12 -1.903863e+02 -3.845803e+04
INFO: cmn.c(133): CMN: 50.48  8.11  6.60  1.37 -5.76  6.01 -5.15 -4.49 -3.31  1.61  2.99 -3.42  1.16 
utt>   408               cen7-mdmc-b  316    0   108 7  1 2 2.572691e-12 -1.940632e+02 -6.132396e+04
INFO: cmn.c(133): CMN: 46.73  4.34  3.18  6.07  2.73  1.81 -1.93 -2.90 -2.56 -1.59  2.96 -3.96  3.30 
utt>   409               cen8-mdmc-b  329    0   124 6  1 2 6.319275e-13 -1.972988e+02 -6.491130e+04
INFO: cmn.c(133): CMN: 48.69  0.30 -4.33  9.18 -7.71 10.84 -12.66 -2.83  0.10  1.87 -7.70  2.18  2.62 
utt>   410              an106-mdxn-b  163    0    36 7  1 2 1.281814e-12 -1.931143e+02 -3.147763e+04
INFO: cmn.c(133): CMN: 50.51 -5.79  0.09 36.10 -7.84  2.83 -10.29  6.99 -4.57 -5.09 -5.28 -2.96 -1.98 
utt>   411              an107-mdxn-b  270    0    96 6  1 2 1.168303e-12 -1.926544e+02 -5.201668e+04
INFO: cmn.c(133): CMN: 47.22  7.78 -7.50 13.23 -10.01 12.97 -7.14 -3.61  5.52  1.85 -9.78 -0.58  3.20 
utt>   412              an108-mdxn-b  145    0    56 7  1 2 6.130387e-13 -1.971601e+02 -2.858821e+04
INFO: cmn.c(133): CMN: 48.05 -8.53  4.12 30.20 -6.88  8.04 -7.34  9.83 -4.56 -6.32  0.66 -1.74 -0.50 
utt>   413              an109-mdxn-b  269    0    76 7  1 2 2.302939e-12 -1.932224e+02 -5.197682e+04
INFO: cmn.c(133): CMN: 47.98  0.19 -0.56 20.45 -3.16 11.60 -10.11  1.99  4.05 -4.05 -6.79 -2.88  2.00 
utt>   414              an110-mdxn-b  184    0    84 7  1 3 1.208787e-12 -2.006013e+02 -3.691064e+04
INFO: cmn.c(133): CMN: 49.76  4.33 -3.80 17.20 -5.98  3.32 -11.87  2.13 -6.14 -0.81 -3.98  4.76  3.34 
utt>   415               cen1-mdxn-b  289    0    64 7  1 2 1.403837e-12 -1.918595e+02 -5.544738e+04
INFO: cmn.c(133): CMN: 49.34  1.79 -2.46 25.22 -8.43  5.30 -9.65  3.64 -3.27 -0.29 -3.48  1.20  1.36 
utt>   416               cen2-mdxn-b  194    0    40 7  1 2 1.768590e-13 -1.927202e+02 -3.738773e+04
INFO: cmn.c(133): CMN: 43.53 -6.93  2.76  6.98 -9.16  9.44 -7.65 -1.15 -0.46 -0.24 -1.65  0.29  5.62 
utt>   417               cen3-mdxn-b  189    0    44 8  1 2 9.272396e-13 -1.928778e+02 -3.645390e+04
INFO: cmn.c(133): CMN: 50.41 -1.39  2.05 16.86 -8.18  7.51 -12.31  4.19 -2.19 -0.60 -3.73  3.04  4.14 
utt>   418               cen4-mdxn-b  269    0    56 7  1 2 1.555314e-12 -1.898670e+02 -5.107422e+04
INFO: cmn.c(133): CMN: 49.01 -3.40  0.91 20.10 -4.80  1.09 -12.08  5.70 -3.94 -0.67 -6.89  3.41 -0.44 
utt>   419               cen5-mdxn-b  209    0    44 7  1 2 1.658781e-12 -1.937115e+02 -4.048571e+04
INFO: cmn.c(133): CMN: 47.81 14.96 -1.49  7.34 -11.81  6.83 -10.25 -0.17 -4.85 -0.91 -0.25  3.67  5.37 
utt>   420               cen6-mdxn-b  156    0    60 7  1 2 1.143160e-12 -1.930444e+02 -3.011493e+04
INFO: cmn.c(133): CMN: 45.16 -1.03  4.25 10.15 -6.83  7.48 -11.12 -1.54  1.38 -6.62 -3.34 -0.83  5.57 
utt>   421               cen7-mdxn-b  269    0   100 8  1 2 1.961143e-12 -1.944329e+02 -5.230245e+04
INFO: cmn.c(133): CMN: 46.81 -3.89  1.73 19.62 -2.85  4.22 -11.22  3.07 -3.88 -1.31 -6.62 -2.07  4.28 
utt>   422               cen8-mdxn-b  269    0   100 7  1 2 1.791279e-12 -1.932507e+02 -5.198444e+04
INFO: cmn.c(133): CMN: 43.91 -15.31  5.73  5.57 -3.52  3.50 -8.71 -2.51 -0.47  1.59 -3.07  1.01 -1.48 
utt>   423               an26-mdxs-b  102    0    20 6  1 2 3.370643e-12 -1.906128e+02 -1.944250e+04
INFO: cmn.c(133): CMN: 43.63 -5.79  0.88 14.43  0.46 -3.53 -2.41 -0.51 -1.27 -3.10 -1.07 -1.05 -3.38 
utt>   424               an27-mdxs-b  459    0    96 7  1 2 1.576952e-12 -1.886769e+02 -8.660270e+04
INFO: cmn.c(133): CMN: 45.58 -3.80 -4.05  0.58 -1.23  3.02 -10.79 -3.93  1.87  0.72 -1.62 -0.51  0.91 
utt>   425               an28-mdxs-b   86    0    28 7  1 2 7.406969e-13 -1.939021e+02 -1.667558e+04
INFO: cmn.c(133): CMN: 38.48 -2.34 -1.04 16.47 -1.37  1.84 -2.48  0.16  1.00 -1.94 -0.85  0.46 -2.86 
utt>   426               an29-mdxs-b  109    0    28 7  1 2 1.456401e-12 -1.893785e+02 -2.064225e+04
INFO: cmn.c(133): CMN: 45.07 11.93 -3.38  6.87 -7.65  2.44  2.84 -6.34  2.08 -2.74 -5.27 -0.88 -5.69 
utt>   427               an30-mdxs-b   76    0    16 7  1 3 1.216828e-12 -1.876460e+02 -1.426110e+04
INFO: cmn.c(133): CMN: 41.48  1.47  2.76 10.24  0.89 -2.32 -0.12 -1.50 -1.77 -0.88 -2.46  1.97 -7.25 
utt>   428               cen1-mdxs-b  519    0    72 6  1 1 5.951369e-13 -1.898365e+02 -9.852513e+04
INFO: cmn.c(133): CMN: 43.00  2.03  3.62 16.47  6.96 -9.39 -3.07  7.09 -10.47  8.38 -8.27  4.02 -8.14 
utt>   429               cen2-mdxs-b  221    0    44 7  1 2 4.002460e-13 -1.885830e+02 -4.167685e+04
INFO: cmn.c(133): CMN: 43.21 -3.07 -0.46 12.93  2.07 -0.07 -3.98  2.72 -1.57 -1.56 -2.81 -1.27 -4.79 
utt>   430               cen3-mdxs-b  249    0    60 8  1 2 1.138082e-12 -1.923925e+02 -4.790573e+04
INFO: cmn.c(133): CMN: 45.04  1.91  3.26 27.24  4.42  1.49  1.44 -1.06 -1.63 -4.26 -5.10  1.82 -12.44 
utt>   431               cen4-mdxs-b  284    0    60 6  1 1 1.473974e-12 -1.846623e+02 -5.244408e+04
INFO: cmn.c(133): CMN: 44.41 -5.40  4.03 18.21  1.95 -1.89 -2.18  2.16 -7.01  2.54 -4.59  0.86 -5.65 
utt>   432               cen5-mdxs-b  464    0    84 8  1 2 8.972518e-13 -1.880551e+02 -8.725756e+04
INFO: cmn.c(133): CMN: 43.75  4.58 -0.33 11.41  0.17  1.40 -2.02 -3.02  0.39 -0.38  0.73 -3.40 -4.85 
utt>   433               cen6-mdxs-b  219    0    72 8  1 3 2.792660e-12 -1.938045e+02 -4.244318e+04
INFO: cmn.c(133): CMN: 42.44 -2.62  0.68 11.85 -0.47 -0.99 -5.13  0.60 -1.51 -2.27 -0.02 -1.66 -2.61 
utt>   434               cen7-mdxs-b  409    0   140 8  1 2 1.752898e-12 -1.910990e+02 -7.815950e+04
INFO: cmn.c(133): CMN: 41.29 -0.18 -2.71 11.12 -0.71 -3.04 -1.54  2.79 -2.02 -1.65  1.79 -2.49 -2.80 
utt>   435               cen8-mdxs-b  312    0   116 7  1 2 1.925280e-12 -1.940933e+02 -6.055711e+04
INFO: cmn.c(133): CMN: 49.32  9.05 -4.41 13.68 -0.57 -3.75 -4.69 -5.05 -2.69  0.53 -5.75 -0.18 -3.66 
utt>   436              an136-meab-b  429    0   120 6  1 2 7.568382e-13 -1.914972e+02 -8.215231e+04
INFO: cmn.c(133): CMN: 46.48  9.35 -0.32 21.72  0.68 -4.05  2.27 -0.44 -4.61  2.87 -2.69 -1.72 -6.93 
utt>   437              an137-meab-b  418    0    76 7  1 1 8.544392e-13 -1.870698e+02 -7.819520e+04
INFO: cmn.c(133): CMN: 47.47  3.70  4.61 27.61  2.39 -7.97 -1.28  1.67 -8.46 -2.06 -6.43 -2.04 -3.63 
utt>   438              an138-meab-b  289    0    68 6  1 2 1.309386e-12 -1.867518e+02 -5.397128e+04
INFO: cmn.c(133): CMN: 46.82  8.06 -5.40 18.03  2.44 -2.83 -9.01 -5.44  1.01 -3.24 -5.92 -0.45 -2.79 
utt>   439              an139-meab-b  209    0    52 6  1 2 1.096203e-12 -1.928460e+02 -4.030480e+04
INFO: cmn.c(133): CMN: 47.52  9.79 -5.98  7.39 -3.01 -1.07 -2.89 -5.69 -2.72  3.55 -3.19  1.88 -4.70 
utt>   440              an140-meab-b  579    0   116 7  1 2 7.338493e-13 -1.889780e+02 -1.094183e+05
INFO: cmn.c(133): CMN: 47.88 10.53  0.14 19.74 -4.60 -4.09 -3.40  0.11 -10.43 -2.98 -3.85  1.39 -1.75 
utt>   441               cen1-meab-b  449    0    88 7  1 2 1.560091e-12 -1.896489e+02 -8.515237e+04
INFO: cmn.c(133): CMN: 45.05  5.85  0.64 20.20 -2.41  0.46 -0.97 -1.28 -6.86 -0.95  0.40  1.95 -6.46 
utt>   442               cen2-meab-b  270    0    60 7  1 2 9.655105e-13 -1.897305e+02 -5.122725e+04
INFO: cmn.c(133): CMN: 45.52  6.01 -3.67 16.25  0.82  3.34 -0.97 -2.10 -1.06 -6.06 -3.55 -0.10 -3.04 
utt>   443               cen3-meab-b  189    0    44 7  1 2 1.551001e-12 -1.883699e+02 -3.560191e+04
INFO: cmn.c(133): CMN: 48.30  7.14 -3.13 22.71 -1.67 -6.50 -1.10 -4.37 -1.08 -3.44 -3.99  3.29 -4.49 
utt>   444               cen4-meab-b  368    0    64 6  1 2 4.037392e-13 -1.879361e+02 -6.916047e+04
INFO: cmn.c(133): CMN: 50.24  5.73 -1.72 23.84 -0.65 -4.45 -0.66 -1.95 -5.03  0.65 -3.24  2.69 -6.62 
utt>   445               cen5-meab-b  406    0    84 8  1 2 1.190003e-12 -1.891423e+02 -7.679177e+04
INFO: cmn.c(133): CMN: 49.10 11.69 -1.35 10.50 -5.87 -1.28  0.18 -2.73 -0.83 -1.19 -4.63  3.94 -5.50 
utt>   446               cen6-meab-b  197    0    68 8  1 3 3.316840e-12 -1.914741e+02 -3.772039e+04
INFO: cmn.c(133): CMN: 47.01  3.63 -0.26 13.71 -0.77  3.21 -8.39 -8.06  1.72 -4.23 -3.62 -3.02 -4.29 
utt>   447               cen7-meab-b  420    0   128 7  1 2 1.643276e-12 -1.910187e+02 -8.022787e+04
INFO: cmn.c(133): CMN: 47.05 -3.41  3.57  9.42  1.88 -6.44 -4.75 -1.12 -1.21  1.48 -7.36 -1.56 -1.70 
utt>   448               cen8-meab-b  249    0    76 7  1 2 1.407767e-12 -1.924688e+02 -4.792472e+04
INFO: cmn.c(133): CMN: 43.62  4.52 -6.96 20.83 -3.37  3.23 -15.98  4.60 -4.36 -4.58  0.23 -4.22 -2.68 
utt>   449               an66-meht-b  269    0   108 7  1 2 1.704825e-12 -1.957356e+02 -5.265288e+04
INFO: cmn.c(133): CMN: 36.45  3.93 -4.68 10.57 -5.17  5.70 -7.16  7.89 -8.49  7.91  0.00 -3.77  0.34 
utt>   450               an67-meht-b   64    0    16 6  1 3 1.212999e-12 -1.943587e+02 -1.243896e+04
INFO: cmn.c(133): CMN: 40.03 -2.05 -3.74 32.71 -5.78  5.72 -8.28  8.72  1.51 -13.30  2.43 -4.42 -2.00 
utt>   451               an68-meht-b  209    0    64 7  1 2 1.538072e-12 -1.919952e+02 -4.012699e+04
INFO: cmn.c(133): CMN: 29.43  1.75 -4.29 18.42 -0.66  3.77 -4.69  3.57 -2.11 -7.09 -2.22 -1.11 -4.08 
utt>   452               an69-meht-b   75    0    28 7  1 2 1.414444e-12 -1.960730e+02 -1.470548e+04
INFO: cmn.c(133): CMN: 38.53  5.09 -6.23  7.84 -9.16  4.50 -4.27  5.14 -12.84 11.99 -1.05 -4.38 -0.02 
utt>   453               an70-meht-b   66    0    16 6  1 3 1.894175e-13 -1.888329e+02 -1.246297e+04
INFO: cmn.c(133): CMN: 46.76  3.89 -5.92 29.74 -12.64  2.29 -10.13  6.86 -7.49 -4.70 -1.86 -1.42 -5.29 
utt>   454               cen1-meht-b  190    0    48 7  1 2 1.017862e-12 -1.921056e+02 -3.650005e+04
INFO: cmn.c(133): CMN: 43.19 -2.17  0.27 16.24 -9.43  7.97 -15.05  9.65 -8.43  0.06 -3.21  1.36 -6.04 
utt>   455               cen2-meht-b  149    0    32 6  1 2 9.547006e-13 -1.949979e+02 -2.905468e+04
INFO: cmn.c(133): CMN: 40.61 -5.90  2.32 12.95 -2.06  8.40 -14.46  4.51 -3.90 -0.73 -4.67 -0.64 -2.21 
utt>   456               cen3-meht-b  189    0    80 7  1 3 3.319830e-12 -1.946372e+02 -3.678643e+04
INFO: cmn.c(133): CMN: 43.14 -4.36  1.97 27.52 -2.67  3.79 -15.07  5.42 -5.70 -2.23 -0.30 -4.42 -5.77 
utt>   457               cen4-meht-b  199    0    44 7  1 2 9.647836e-13 -1.945173e+02 -3.870895e+04
INFO: cmn.c(133): CMN: 43.62 -2.53 -0.78 28.80 -8.54  3.67 -10.73  3.27 -4.32 -7.94  1.10 -4.48 -3.55 
utt>   458               cen5-meht-b  299    0    84 7  1 2 1.451544e-12 -1.935336e+02 -5.786654e+04
INFO: cmn.c(133): CMN: 42.73  3.51 -2.39 10.25 -10.37  9.61 -12.95  3.05 -9.84  1.91  0.62 -0.84 -7.34 
utt>   459               cen6-meht-b  189    0    80 8  2 3 2.148339e-12 -1.914448e+02 -3.618306e+04
INFO: cmn.c(133): CMN: 45.19  4.88 -7.40 17.77 -10.78 10.33 -18.47  4.70 -7.62 -8.50 -1.20 -4.40 -1.90 
utt>   460               cen7-meht-b  329    0   116 7  1 3 2.843099e-12 -1.928983e+02 -6.346354e+04
INFO: cmn.c(133): CMN: 43.44 -2.08 -2.38  6.36 -5.94  7.12 -17.69  5.73 -8.40 -3.87 -1.08 -1.64 -1.48 
utt>   461               cen8-meht-b  190    0    76 8  1 3 3.159661e-12 -1.958821e+02 -3.721761e+04
INFO: cmn.c(133): CMN: 40.23  1.67 -2.59 10.23  3.82  6.34  1.72 -2.06 -1.02 -0.08 -5.02 -3.58  0.34 
utt>   462              an286-mema-b   88    0    28 6  1 3 8.537524e-13 -1.901956e+02 -1.673721e+04
INFO: cmn.c(133): CMN: 46.27  3.48 -4.05 13.28  2.96 -0.29 -0.97 -3.31 -2.86 -3.94 -3.74  1.73 -3.09 
utt>   463              an287-mema-b  249    0    56 6  1 2 5.970035e-13 -1.906115e+02 -4.746225e+04
INFO: cmn.c(133): CMN: 38.89 -0.25  1.29 -4.02 -7.21  5.39  4.36  3.39 -8.31  3.01 -0.33  1.08 -0.45 
utt>   464              an288-mema-b   89    0    24 8  1 3 1.112662e-12 -1.876161e+02 -1.669783e+04
INFO: cmn.c(133): CMN: 48.28 10.31 -9.24 12.97  6.97 -1.95  3.48 -7.01 -4.15  2.27 -5.47 -0.10 -2.33 
utt>   465              an289-mema-b  153    0    52 7  1 3 3.568387e-13 -1.959827e+02 -2.998535e+04
INFO: cmn.c(133): CMN: 46.95  5.80 -7.09 17.77  9.37 -5.28  2.90 -5.33 -3.86  3.37 -4.96 -1.79 -3.35 
utt>   466              an290-mema-b  251    0    76 7  1 2 6.125534e-13 -1.915684e+02 -4.808366e+04
INFO: cmn.c(133): CMN: 47.95  4.80 -1.74 19.01  9.41 -11.83 -1.04 -3.78 -1.76 -0.37 -6.72 -0.52 -2.12 
utt>   467               cen1-mema-b  214    0    56 7  1 2 1.175767e-12 -1.897199e+02 -4.060005e+04
INFO: cmn.c(133): CMN: 45.74  5.34 -4.61 10.66  5.08 -7.86 -3.27  1.90 -2.48 -4.11 -2.98  5.17 -3.15 
utt>   468               cen2-mema-b  139    0    32 6  1 2 5.601396e-13 -1.870985e+02 -2.600669e+04
INFO: cmn.c(133): CMN: 45.25  4.63 -0.33  5.15  5.03  2.80 -0.05 -1.74 -5.01  1.17 -5.15  1.64 -1.49 
utt>   469               cen3-mema-b  149    0    56 8  1 3 2.628108e-12 -1.904748e+02 -2.838074e+04
INFO: cmn.c(133): CMN: 46.04 -2.16  1.20 27.80 10.98 -10.51  3.58  0.34 -2.58 -0.49 -10.47  4.68 -2.24 
utt>   470               cen4-mema-b  333    0    68 6  1 1 1.205059e-12 -1.898555e+02 -6.322188e+04
INFO: cmn.c(133): CMN: 47.34 -6.07 -3.39 25.47  2.60 -1.44 -2.56 -0.73  0.94 -5.95 -5.71  0.34 -0.86 
utt>   471               cen5-mema-b  102    0    32 7  1 3 1.037084e-12 -1.912701e+02 -1.950955e+04
overall> stats 57334 (-0) -1.919689e+02 -1.100634e+07
WARN: "accum.c", line 628: Over 500 senones never occur in the input data. This is normal for context-dependent untied senone training or for adaptation, but could indicate a serious problem otherwise.
INFO: s3mixw_io.c(233): Wrote /home/rakha/Kuliah/Semester8/nlp/speech-sphinx/train-new-model/an4-master/bwaccumdir/an4_buff_2/mixw_counts [4854x4x64 array]
INFO: s3tmat_io.c(176): Wrote /home/rakha/Kuliah/Semester8/nlp/speech-sphinx/train-new-model/an4-master/bwaccumdir/an4_buff_2/tmat_counts [34x3x4 array]
INFO: s3gau_io.c(485): Wrote /home/rakha/Kuliah/Semester8/nlp/speech-sphinx/train-new-model/an4-master/bwaccumdir/an4_buff_2/gauden_counts with means with vars (2pass) [34x4x64 vector arrays]
INFO: main.c(999): Counts saved to /home/rakha/Kuliah/Semester8/nlp/speech-sphinx/train-new-model/an4-master/bwaccumdir/an4_buff_2
Mon May 23 22:39:40 2022
