        INFO: main.c(229): Compiled on May 22 2022 at 21:52:28
Current configuration:
[NAME]		[DEFLT]		[VALUE]
-2passvar	no		yes
-abeam		1e-100		1.000000e-90
-accumdir			/home/rakha/Kuliah/Semester8/nlp/speech-sphinx/train-new-model/an4-master/bwaccumdir/an4_buff_1
-agc		none		none
-agcthresh	2.0		2.000000e+00
-bbeam		1e-100		1.000000e-10
-cb2mllrfn	.1cls.		.1cls.
-cepdir				/home/rakha/Kuliah/Semester8/nlp/speech-sphinx/train-new-model/an4-master/feat
-cepext		mfc		sph
-ceplen		13		13
-ckptintv			0
-cmn		live		batch
-cmninit	40,3,-1		40,3,-1
-ctlfn				/home/rakha/Kuliah/Semester8/nlp/speech-sphinx/train-new-model/an4-master/etc/an4_train.fileids
-diagfull	no		no
-dictfn				/home/rakha/Kuliah/Semester8/nlp/speech-sphinx/train-new-model/an4-master/etc/an4.dic
-example	no		no
-fdictfn			/home/rakha/Kuliah/Semester8/nlp/speech-sphinx/train-new-model/an4-master/etc/an4.filler
-feat		1s_c_d_dd	s2_4x
-fullvar	no		no
-help		no		no
-hmmdir				
-latdir				
-latext				
-lda				
-ldadim		0		0
-lsnfn				/home/rakha/Kuliah/Semester8/nlp/speech-sphinx/train-new-model/an4-master/etc/an4_train.transcription
-lw		11.5		1.150000e+01
-maxuttlen	0		0
-meanfn				/home/rakha/Kuliah/Semester8/nlp/speech-sphinx/train-new-model/an4-master/model_parameters/an4.cd_ptm_untied/means
-meanreest	yes		yes
-mixwfn				/home/rakha/Kuliah/Semester8/nlp/speech-sphinx/train-new-model/an4-master/model_parameters/an4.cd_ptm_untied/mixture_weights
-mixwreest	yes		yes
-mllrmat			
-mmie		no		no
-mmie_type	rand		rand
-moddeffn			/home/rakha/Kuliah/Semester8/nlp/speech-sphinx/train-new-model/an4-master/model_architecture/an4.untied.mdef
-mwfloor	0.00001		1.000000e-08
-npart				4
-nskip				0
-outphsegdir			
-outputfullpath	no		no
-part				1
-pdumpdir			
-phsegdir			
-phsegext	phseg		phseg
-runlen		-1		-1
-sentdir			
-sentext	sent		sent
-spthresh	0.0		0.000000e+00
-svspec				
-timing		yes		no
-tmatfn				/home/rakha/Kuliah/Semester8/nlp/speech-sphinx/train-new-model/an4-master/model_parameters/an4.cd_ptm_untied/transition_matrices
-tmatreest	yes		yes
-topn		4		1
-tpfloor	0.0001		1.000000e-04
-ts2cbfn			.ptm.
-varfloor	0.00001		1.000000e-04
-varfn				/home/rakha/Kuliah/Semester8/nlp/speech-sphinx/train-new-model/an4-master/model_parameters/an4.cd_ptm_untied/variances
-varnorm	no		no
-varreest	yes		yes
-viterbi	no		no

INFO: feat.c(715): Initializing feature stream to type: 's2_4x', ceplen=13, CMN='batch', VARNORM='no', AGC='none'
INFO: main.c(318): Reading /home/rakha/Kuliah/Semester8/nlp/speech-sphinx/train-new-model/an4-master/model_architecture/an4.untied.mdef
INFO: model_def_io.c(573): Model definition info:
INFO: model_def_io.c(574): 1618 total models defined (34 base, 1584 tri)
INFO: model_def_io.c(575): 6472 total states
INFO: model_def_io.c(576): 4854 total tied states
INFO: model_def_io.c(577): 102 total tied CI states
INFO: model_def_io.c(578): 34 total tied transition matrices
INFO: model_def_io.c(579): 4 max state/model
INFO: model_def_io.c(580): 4 min state/model
INFO: s3mixw_io.c(117): Read /home/rakha/Kuliah/Semester8/nlp/speech-sphinx/train-new-model/an4-master/model_parameters/an4.cd_ptm_untied/mixture_weights [4854x4x64 array]
INFO: s3tmat_io.c(118): Read /home/rakha/Kuliah/Semester8/nlp/speech-sphinx/train-new-model/an4-master/model_parameters/an4.cd_ptm_untied/transition_matrices [34x3x4 array]
INFO: mod_inv.c(301): inserting tprob floor 1.000000e-04 and renormalizing
INFO: s3gau_io.c(169): Read /home/rakha/Kuliah/Semester8/nlp/speech-sphinx/train-new-model/an4-master/model_parameters/an4.cd_ptm_untied/means [34x4x64 array]
INFO: s3gau_io.c(169): Read /home/rakha/Kuliah/Semester8/nlp/speech-sphinx/train-new-model/an4-master/model_parameters/an4.cd_ptm_untied/variances [34x4x64 array]
INFO: gauden.c(176): 34 total mgau
INFO: gauden.c(150): 4 feature streams (|0|=12 |1|=24 |2|=3 |3|=12 )
INFO: gauden.c(187): 64 total densities
INFO: gauden.c(90): min_var=1.000000e-04
INFO: gauden.c(165): compute 1 densities/frame
INFO: main.c(431): Will reestimate mixing weights.
INFO: main.c(433): Will reestimate means.
INFO: main.c(435): Will reestimate variances.
INFO: main.c(443): Will reestimate transition matrices
INFO: main.c(456): Reading main dictionary: /home/rakha/Kuliah/Semester8/nlp/speech-sphinx/train-new-model/an4-master/etc/an4.dic
INFO: lexicon.c(221): 130 entries added from /home/rakha/Kuliah/Semester8/nlp/speech-sphinx/train-new-model/an4-master/etc/an4.dic
INFO: main.c(466): Reading filler dictionary: /home/rakha/Kuliah/Semester8/nlp/speech-sphinx/train-new-model/an4-master/etc/an4.filler
INFO: lexicon.c(221): 3 entries added from /home/rakha/Kuliah/Semester8/nlp/speech-sphinx/train-new-model/an4-master/etc/an4.filler
INFO: corpus.c(1065): Will process 236 utts starting at 0
INFO: main.c(665): Reestimation: Baum-Welch
INFO: cmn.c(133): CMN: 27.49 -3.59  3.75 -0.30 -0.87 -5.74 -5.25 -0.84 -1.40  4.68 -9.71 -1.12  5.31 
column defns
	<seq>
	<id>
	<n_frame_in>
	<n_frame_del>
	<n_state_shmm>
	<avg_states_alpha>
	<avg_states_beta>
	<avg_states_reest>
	<avg_posterior_prune>
	<frame_log_lik>
	<utt_log_lik>
	... timing info ... 
utt>     0              an251-fash-b   99    0    20 7  1 3 3.613636e-12 -1.881835e+02 -1.863017e+04
INFO: cmn.c(133): CMN: 37.00  4.60 -2.97 -8.36 -6.66  1.90 -15.96  5.53 -12.22 11.98 -4.25 -0.99  9.77 
utt>     1              an253-fash-b   50    0    16 6  1 2 3.634094e-12 -1.785446e+02 -8.927228e+03
INFO: cmn.c(133): CMN: 32.19 -5.22  2.20 -1.04 -3.13 -7.18 -5.31  0.36 -2.61  4.39 -9.64  0.95  7.13 
utt>     2              an254-fash-b   72    0    20 7  2 3 1.562434e-12 -1.849827e+02 -1.331876e+04
INFO: cmn.c(133): CMN: 42.82 -1.74  3.52  8.68 -4.38 -5.95 -11.08  5.40 -12.30  5.62 -8.54 -0.25  3.41 
utt>     3              an255-fash-b  244    0    64 6  1 2 4.406292e-13 -1.855625e+02 -4.527726e+04
INFO: cmn.c(133): CMN: 34.13 -3.07  2.66  9.77 -7.56 -7.60  0.51  2.25 -7.92  3.53 -4.60  0.23 -0.09 
utt>     4               cen1-fash-b  349    0    48 7  1 2 8.104838e-13 -1.886869e+02 -6.585173e+04
INFO: cmn.c(133): CMN: 37.71  7.28  1.43  9.93 -11.31 -6.93  0.50  2.96  1.82  0.72 -2.83  4.22 -2.29 
utt>     5               cen2-fash-b  129    0    28 7  1 2 1.524686e-12 -1.853955e+02 -2.391601e+04
INFO: cmn.c(133): CMN: 38.21 10.01  5.67  8.70 -8.57  0.27 -1.17  1.27 -17.49  4.14 -1.03 -2.16  2.77 
utt>     6               cen4-fash-b  359    0    76 7  1 2 1.254655e-12 -1.876113e+02 -6.735245e+04
INFO: cmn.c(133): CMN: 37.94 -2.79  7.86 13.73 -8.79 -6.47  0.72  0.60 -10.50  4.41 -1.15 -1.54  1.99 
utt>     7               cen5-fash-b  449    0    84 8  1 2 1.136270e-12 -1.872557e+02 -8.407780e+04
INFO: cmn.c(133): CMN: 40.54  1.57  4.01  8.16 -7.06 -10.77 -0.28  4.22 -6.89 -5.28 -2.08  1.87 -0.18 
utt>     8               cen7-fash-b  225    0    88 7  1 2 1.329288e-12 -1.916407e+02 -4.311916e+04
INFO: cmn.c(133): CMN: 50.28 -4.84 11.88 21.24  1.63 -6.34 -1.09 -2.65 -12.53  0.98 -11.20 -7.70  4.71 
utt>     9               an86-fbbh-b  312    0    76 7  1 2 1.153342e-12 -1.868486e+02 -5.829675e+04
INFO: cmn.c(133): CMN: 46.85  0.84  1.90  3.92 -0.98  2.14 -12.39  0.28 -4.45 -2.95  0.08 -3.45  6.31 
utt>    10               an87-fbbh-b  169    0    56 7  1 3 1.472140e-12 -1.951181e+02 -3.297496e+04
INFO: cmn.c(133): CMN: 54.62  1.31 -3.38  9.21 -5.88 -1.52 -8.82  1.43 -7.98  4.06 -2.95 -2.31  1.57 
utt>    11               an88-fbbh-b  449    0    84 6  1 1 7.607474e-13 -1.870944e+02 -8.400538e+04
INFO: cmn.c(133): CMN: 49.33 -1.72  2.26 17.60 -3.82 -2.09 -5.71  0.48 -6.68  0.97 -5.68 -3.82  5.14 
utt>    12               an89-fbbh-b  601    0   156 7  1 2 5.086100e-13 -1.882433e+02 -1.131342e+05
INFO: cmn.c(133): CMN: 46.75  7.69 -0.54  9.77 -11.19  1.12 -4.70 -1.63 -7.78  3.16 -7.19  5.80  2.10 
utt>    13               an90-fbbh-b   78    0    16 6  1 2 1.230991e-12 -1.906423e+02 -1.487010e+04
INFO: cmn.c(133): CMN: 47.40  6.67 -3.25 11.87 -9.46  0.99 -5.54  2.43 -8.57  2.96 -5.33 -1.50  1.77 
utt>    14               cen1-fbbh-b  239    0    68 7  1 2 2.054029e-12 -1.913815e+02 -4.574019e+04
INFO: cmn.c(133): CMN: 47.96  4.56  1.04 15.70 -7.74  2.09 -6.59  1.04 -8.90  2.02 -8.67  0.30 -1.42 
utt>    15               cen2-fbbh-b  299    0    56 7  1 2 2.120530e-12 -1.852704e+02 -5.539584e+04
INFO: cmn.c(133): CMN: 43.49 -7.54  2.67  7.59  2.45 -2.68 -7.99  2.04 -3.48 -1.38 -6.27  1.90  5.79 
utt>    16               cen3-fbbh-b  229    0    80 7  1 3 1.378379e-12 -1.904860e+02 -4.362129e+04
INFO: cmn.c(133): CMN: 44.75 -0.40 -0.03 12.86 -4.45 -1.59 -7.95  1.74 -7.54  1.59 -5.08  2.68  1.06 
utt>    17               cen4-fbbh-b  339    0    48 7  1 1 1.048952e-12 -1.848302e+02 -6.265743e+04
INFO: cmn.c(133): CMN: 52.70 -0.69 -1.51 17.29 -6.20 -8.15 -8.78  2.98 -4.65  3.95 -7.95  1.08 -0.86 
utt>    18               cen5-fbbh-b  265    0    56 6  1 2 5.799159e-13 -1.870935e+02 -4.957977e+04
INFO: cmn.c(133): CMN: 49.09 12.38 -1.64 -5.39 -9.84  4.56 -11.38  2.08 -3.75  4.76 -1.55 -1.00  3.44 
utt>    19               cen6-fbbh-b  220    0    64 7  1 2 1.064997e-12 -1.920081e+02 -4.224179e+04
INFO: cmn.c(133): CMN: 49.78 -0.43 -0.09 11.45  0.74  1.24 -14.92  3.90 -6.71 -5.23 -5.53 -5.26  4.56 
utt>    20               cen7-fbbh-b  286    0    96 7  1 2 1.488886e-12 -1.923014e+02 -5.499821e+04
INFO: cmn.c(133): CMN: 45.26  0.79 -2.55  9.92  0.73 -1.58 -9.69 -0.02 -4.73  3.23 -6.59  3.65  2.55 
utt>    21               cen8-fbbh-b  279    0    88 6  1 2 4.045533e-13 -1.881821e+02 -5.250280e+04
INFO: cmn.c(133): CMN: 50.85  5.24 -1.83  9.39 -15.53  3.47 -12.83  1.17  6.64 -5.34 -3.42 10.35  1.68 
utt>    22              an146-fclc-b  339    0    92 7  1 2 1.279385e-12 -1.954223e+02 -6.624817e+04
INFO: cmn.c(133): CMN: 47.02 -8.57  7.86 15.72 -11.13 -0.79 -8.42  0.92 -4.53 -5.59 -5.11  4.32  1.12 
utt>    23              an147-fclc-b  289    0    48 6  1 2 1.288130e-12 -1.934203e+02 -5.589846e+04
INFO: cmn.c(133): CMN: 55.41  2.10  0.72 14.91 -16.31 -1.64 -12.18 -2.62 -0.30 -3.50 -2.29  6.43  1.54 
utt>    24              an148-fclc-b  386    0    88 6  1 2 6.093830e-13 -1.906350e+02 -7.358511e+04
INFO: cmn.c(133): CMN: 53.22  6.35 -4.12 23.17 -15.67 -1.91 -9.43  4.75  1.57 -11.55 -1.84  7.43  0.22 
utt>    25              an149-fclc-b  210    0    56 7  1 2 1.641838e-12 -1.955629e+02 -4.106821e+04
INFO: cmn.c(133): CMN: 53.78 -0.25  3.81 14.94 -14.08 -0.85 -9.29  2.00 -6.88 -5.73 -1.64  5.91 -1.66 
utt>    26              an150-fclc-b  415    0   124 7  1 2 8.902077e-13 -1.919558e+02 -7.966164e+04
INFO: cmn.c(133): CMN: 47.96 13.19 -0.29 13.48 -22.05  5.69 -8.37 -1.55  0.80 -9.49 -1.42  5.32  2.07 
utt>    27               cen1-fclc-b  352    0    64 6  1 1 1.711413e-12 -1.941431e+02 -6.833837e+04
INFO: cmn.c(133): CMN: 46.72  5.63 -0.12 11.50 -10.18 -1.55 -5.09 -2.10 -0.44 -7.24 -1.37  1.00  2.53 
utt>    28               cen2-fclc-b  228    0    44 7  1 2 1.773383e-12 -1.918842e+02 -4.374959e+04
INFO: cmn.c(133): CMN: 48.48  5.19 -9.00  7.05 -11.80  2.83 -6.29 -7.78 10.11 -1.00 -4.53  0.52  1.89 
utt>    29               cen3-fclc-b  183    0    56 7  1 2 1.947603e-12 -1.936415e+02 -3.543639e+04
INFO: cmn.c(133): CMN: 48.35 13.36 -4.09  8.63 -25.89  5.21 -5.11 -9.67  3.19 -8.28  1.36  1.79 -1.14 
utt>    30               cen4-fclc-b  369    0    64 6  1 1 9.021834e-13 -1.915807e+02 -7.069327e+04
INFO: cmn.c(133): CMN: 49.23  1.27  3.54 21.24 -16.50  2.08 -4.18 -5.28 -5.26 -5.18 -0.95 -2.02 -0.07 
utt>    31               cen5-fclc-b  414    0    84 8  1 2 1.440565e-12 -1.935690e+02 -8.013757e+04
INFO: cmn.c(133): CMN: 52.25  9.85  2.74 11.01 -17.19  3.42 -4.03 -13.89  5.54  0.09 -2.55  7.69 -2.63 
utt>    32               cen6-fclc-b  172    0    80 8  1 3 2.465454e-12 -1.999206e+02 -3.438634e+04
INFO: cmn.c(133): CMN: 49.69 -1.08 -0.21  9.57 -9.95 -3.15 -10.32 -0.54  2.17 -4.68 -3.99  8.86 -0.04 
utt>    33               cen7-fclc-b  284    0    84 8  1 2 1.664594e-12 -1.965616e+02 -5.582350e+04
INFO: cmn.c(133): CMN: 49.82 -2.05  4.14  8.48 -9.41  1.71 -9.45  2.18 -0.82 -5.59 -1.27  8.51 -0.65 
utt>    34               cen8-fclc-b  269    0   116 7  1 2 2.219433e-12 -1.980777e+02 -5.328289e+04
INFO: cmn.c(133): CMN: 42.99  3.64 -4.41 10.46 -11.01  2.85 -0.33 -1.63  0.12  4.27  0.75 -3.83  9.85 
utt>    35               an36-fejs-b  361    0    88 7  1 2 3.616520e-13 -1.911643e+02 -6.901030e+04
INFO: cmn.c(133): CMN: 45.30 -5.77  2.21 17.68 -14.13  1.01 -2.32 -2.16 -4.99  1.47 -0.38 -1.47  8.11 
utt>    36               an37-fejs-b  449    0   100 6  1 1 7.462983e-13 -1.896919e+02 -8.517165e+04
INFO: cmn.c(133): CMN: 40.99  6.62 -5.78  6.58 -10.39  4.18 -9.28 -0.57 -4.34  7.89  0.15 -0.94  7.81 
utt>    37               an38-fejs-b   79    0    16 7  1 2 8.965496e-13 -1.840033e+02 -1.453626e+04
INFO: cmn.c(133): CMN: 43.98  1.43  3.52 19.55 -16.89  4.62 -2.70 -4.15 -5.92  2.66  0.99 -4.41 10.09 
utt>    38               an39-fejs-b  248    0    48 6  1 1 1.361633e-12 -1.879402e+02 -4.660916e+04
INFO: cmn.c(133): CMN: 46.68  2.63 -3.70  8.52 -13.04 -0.40 -7.43  1.96 -3.20  1.19  0.45 -4.37  8.10 
utt>    39               an40-fejs-b  309    0    76 6  1 2 1.301796e-12 -1.866321e+02 -5.766933e+04
INFO: cmn.c(133): CMN: 48.04 -1.59 -3.30 20.82 -16.76 -6.68  1.62 -2.76 -3.27  1.78 -0.79 -1.23  5.40 
utt>    40               cen1-fejs-b  421    0    72 6  1 1 1.291935e-12 -1.868172e+02 -7.865006e+04
INFO: cmn.c(133): CMN: 46.42 -3.60 -2.17 27.72 -18.87 -4.33 -2.41 -6.91 -2.30 -1.29 -0.00 -0.08  5.76 
utt>    41               cen2-fejs-b  210    0    32 8  1 2 1.357740e-12 -1.887855e+02 -3.964496e+04
INFO: cmn.c(133): CMN: 43.96  1.54 -4.86  4.36 -4.36 -0.26 -7.14 -0.17 -0.65  3.56 -1.58 -2.75  8.82 
utt>    42               cen3-fejs-b  257    0    68 8  1 2 1.281083e-12 -1.884444e+02 -4.843020e+04
INFO: cmn.c(133): CMN: 45.95  3.76 -8.05 19.53 -18.68  1.43  0.50 -3.91 -2.97  4.97 -2.08 -4.32  7.35 
utt>    43               cen4-fejs-b  505    0    88 6  1 1 7.922534e-13 -1.895035e+02 -9.569929e+04
INFO: cmn.c(133): CMN: 44.15 -5.49  3.04 24.87 -14.71  2.34  0.93 -6.70 -3.73  1.28  0.61 -4.19  8.31 
utt>    44               cen5-fejs-b  409    0    84 8  1 2 8.734545e-13 -1.908712e+02 -7.806631e+04
INFO: cmn.c(133): CMN: 45.02  4.80 -4.43 15.08 -10.43  0.86 -3.45 -6.00 -0.73 -1.74 -2.86 -2.83  6.22 
utt>    45               cen6-fejs-b  187    0    68 8  1 3 1.401492e-12 -1.911587e+02 -3.574667e+04
INFO: cmn.c(133): CMN: 46.36 -4.61  0.54 24.13 -8.35 -3.87 -4.74 -0.21 -6.34 -0.00  1.72 -1.32  7.80 
utt>    46               cen7-fejs-b  277    0    84 6  1 2 1.096849e-12 -1.919295e+02 -5.316448e+04
INFO: cmn.c(133): CMN: 47.16 -9.81  2.72 24.46 -10.75 -1.66 -4.76 -3.63 -5.60 -2.82  3.07 -1.82  7.20 
utt>    47               cen8-fejs-b  196    0    72 7  1 2 2.134734e-12 -1.949667e+02 -3.821347e+04
INFO: cmn.c(133): CMN: 49.49  9.67 -8.04 10.37 -7.89  4.97 -12.57  5.47  2.28 -1.20 -1.79 -5.61  8.68 
utt>    48              an291-ffmm-b  131    0    32 7  1 2 2.296735e-12 -1.900527e+02 -2.489691e+04
INFO: cmn.c(133): CMN: 49.95  0.54  5.41 25.33 -6.05 -1.46 -8.77  6.51 -13.29  1.33 -3.53 -5.93 11.31 
utt>    49              an292-ffmm-b  148    0    52 8  1 2 2.315965e-12 -1.935575e+02 -2.864650e+04
INFO: cmn.c(133): CMN: 50.60  6.05  0.00 15.05 -7.82 -1.12 -9.01  5.08 -5.17  0.48  1.38 -3.14  7.13 
utt>    50              an293-ffmm-b  319    0    92 7  1 2 1.480364e-12 -1.904360e+02 -6.074909e+04
INFO: cmn.c(133): CMN: 50.14 -1.24  7.31 16.29 -8.21 -0.50 -2.60  1.54 -5.04  5.92 -2.44 -1.88 10.44 
utt>    51              an294-ffmm-b  269    0    84 7  1 2 6.921811e-13 -1.909714e+02 -5.137130e+04
INFO: cmn.c(133): CMN: 48.86  4.17  4.97 19.11 -8.21  1.88 -7.43 -0.50 -4.41  2.14 -2.64 -1.72  9.50 
utt>    52              an295-ffmm-b  289    0    92 7  1 2 1.612238e-12 -1.902426e+02 -5.498012e+04
INFO: cmn.c(133): CMN: 41.69  6.60  4.73 27.60 -8.43  6.95  1.18 -2.04 -8.24 -1.34 -1.62 -5.02  6.38 
utt>    53               cen1-ffmm-b  329    0    56 6  1 1 1.354110e-12 -1.888437e+02 -6.212957e+04
INFO: cmn.c(133): CMN: 45.30  6.51  3.05 17.22 -14.09  1.86 -3.39  0.03 -5.09 -0.87  0.47 -0.36  7.75 
utt>    54               cen2-ffmm-b  476    0    84 7  1 1 6.737230e-13 -1.892131e+02 -9.006542e+04
INFO: cmn.c(133): CMN: 47.37 -4.26  3.91 16.71 -2.74 -0.19 -10.49  6.68 -8.69 -2.36 -1.33 -1.43  8.07 
utt>    55               cen3-ffmm-b  199    0    68 7  1 2 1.769192e-12 -1.954941e+02 -3.890332e+04
INFO: cmn.c(133): CMN: 46.29  1.95  0.17 13.77 -12.79 -1.86 -1.50 -3.53 -1.42  4.90 -1.92 -0.43  7.17 
utt>    56               cen4-ffmm-b  404    0    64 7  1 2 7.089188e-13 -1.912092e+02 -7.724852e+04
INFO: cmn.c(133): CMN: 45.17  0.84  5.02 23.89 -13.07 -1.67  3.44 -6.49 -4.21 -0.52 -0.33 -4.03 10.56 
utt>    57               cen5-ffmm-b  466    0    84 8  1 2 8.197826e-13 -1.912232e+02 -8.911003e+04
INFO: cmn.c(133): CMN: 50.92  6.09  1.48 15.64 -10.04  5.33 -10.92  2.94  0.19  2.54 -2.08 -4.71 10.44 
utt>    58               cen6-ffmm-b  204    0    80 8  1 3 1.394785e-12 -1.946001e+02 -3.969841e+04
INFO: cmn.c(133): CMN: 48.21  5.02  4.44 13.47 -5.44  2.80 -6.57  3.77 -4.57 -2.58 -0.24 -2.53  9.84 
utt>    59               cen7-ffmm-b  465    0   124 7  1 2 1.400419e-12 -1.926315e+02 -8.957367e+04
INFO: cmn.c(133): CMN: 46.18 -2.24  4.31 12.07 -4.22 -0.37 -6.03  7.08 -5.47  1.93  1.49 -2.57  7.93 
utt>    60               cen8-ffmm-b  325    0   128 7  1 2 1.611444e-12 -1.974289e+02 -6.416440e+04
INFO: cmn.c(133): CMN: 47.57 -4.62 -0.13  2.91 -3.67 -1.04 -1.04 -0.44 -3.03 -1.69 -4.94  0.50 -0.24 
utt>    61               an76-fjam-b   67    0    20 6  2 3 3.400876e-12 -1.901704e+02 -1.274142e+04
INFO: cmn.c(133): CMN: 49.71  1.23 -3.22 11.04 -9.85 -4.74 -1.67  3.59  2.90 -0.08 -3.45  2.76  4.52 
utt>    62               an77-fjam-b  309    0   108 6  1 2 4.491772e-13 -1.959968e+02 -6.056302e+04
INFO: cmn.c(133): CMN: 51.10  1.41  2.14 12.29 -19.84  4.34 -6.45  3.90 -8.10  2.30 -4.94  1.81  1.22 
utt>    63               an78-fjam-b  178    0    56 6  1 2 2.301773e-12 -1.948493e+02 -3.468317e+04
INFO: cmn.c(133): CMN: 47.02  3.62 -1.30 13.53 -15.44  3.11 -0.87 -0.95 -4.87  2.62 -3.33  0.10  3.33 
utt>    64               an79-fjam-b  309    0    84 7  1 1 1.023901e-12 -1.921461e+02 -5.937314e+04
INFO: cmn.c(133): CMN: 36.83 -1.19 -2.15 -4.43 -4.47  5.44 -0.96 -3.39  1.24 -2.59 -3.01  4.46 -1.74 
utt>    65               an80-fjam-b   89    0    24 8  1 2 2.916321e-12 -1.915829e+02 -1.705087e+04
INFO: cmn.c(133): CMN: 52.62  6.52 -3.85  5.84 -19.74 -5.55 -2.49  2.00 -2.87 10.40 -4.94  3.71 -4.18 
utt>    66               cen1-fjam-b  239    0    56 7  1 2 9.838161e-13 -1.942353e+02 -4.642223e+04
INFO: cmn.c(133): CMN: 54.60  3.16  0.24 13.45 -15.81 -2.28 -11.97 -2.95 -14.71  7.72 -7.79 -0.11 -0.91 
utt>    67               cen2-fjam-b  134    0    40 6  1 2 1.240489e-12 -1.900482e+02 -2.546645e+04
INFO: cmn.c(133): CMN: 45.68 -2.34 -5.32  1.67 -5.11 -0.91 -0.70  1.43 -0.89 -1.85 -4.08 -0.39 -0.58 
utt>    68               cen3-fjam-b  179    0    60 8  1 2 2.359722e-12 -1.939496e+02 -3.471698e+04
INFO: cmn.c(133): CMN: 51.93  4.36 -4.82  9.20 -18.99 -1.06 -5.31  4.25  2.08  2.56 -2.17  2.60 -2.21 
utt>    69               cen4-fjam-b  328    0    72 7  1 2 8.171448e-13 -1.937273e+02 -6.354256e+04
INFO: cmn.c(133): CMN: 50.56 -2.55  2.53 12.94 -11.83 -5.61 -2.95  0.34 -5.95  3.81 -7.49  6.02 -2.18 
utt>    70               cen5-fjam-b  369    0    76 7  1 2 8.422798e-13 -1.901077e+02 -7.014975e+04
INFO: cmn.c(133): CMN: 44.13 -0.33 -5.21  4.08 -5.76 -1.40 -6.65  1.28  1.26 -1.03 -8.03  1.85 -6.12 
utt>    71               cen6-fjam-b  192    0    76 7  1 3 1.180866e-12 -1.985237e+02 -3.811655e+04
INFO: cmn.c(133): CMN: 48.08 -1.69 -0.38  8.50 -8.31 -2.83 -8.17  4.98 -4.86 -2.25 -3.57  3.94 -0.39 
utt>    72               cen7-fjam-b  239    0   104 8  1 2 1.833558e-12 -1.994399e+02 -4.766614e+04
INFO: cmn.c(133): CMN: 46.96 -2.08 -0.54 12.43 -5.59 -2.72 -6.67  5.91  0.75 -2.23 -2.43  4.92 -3.03 
utt>    73               cen8-fjam-b  209    0   100 6  1 2 3.159922e-13 -1.989769e+02 -4.158617e+04
INFO: cmn.c(133): CMN: 32.85  6.10 -4.98 -4.07 -8.46  6.58  3.97  0.42  5.84  0.74 -5.03  5.31  3.73 
utt>    74              an121-fjdn-b   69    0    24 8  1 3 5.648110e-13 -1.924624e+02 -1.327991e+04
INFO: cmn.c(133): CMN: 45.44  4.18 -7.04 13.70 -7.23 -4.35 -5.94  3.81 -4.87  1.09 -9.03  5.64  4.39 
utt>    75              an122-fjdn-b  145    0    56 7  1 3 1.560318e-12 -1.983590e+02 -2.876206e+04
INFO: cmn.c(133): CMN: 44.12  2.54 -6.13  9.01 -7.05 -4.41 -0.66  0.71 -1.86  2.14 -9.08  3.28  1.04 
utt>    76              an123-fjdn-b  108    0    52 8  1 3 9.346742e-13 -1.955677e+02 -2.112131e+04
INFO: cmn.c(133): CMN: 50.23  9.39 -12.01 10.31 -14.03  0.86 -8.51 -0.58 -0.11  7.27 -6.39  2.91  2.63 
utt>    77              an124-fjdn-b  250    0    84 6  1 2 9.355073e-13 -1.916799e+02 -4.791998e+04
INFO: cmn.c(133): CMN: 43.53 -3.61  1.50 16.14 -8.08 -2.71 -5.10  5.46 -2.40  3.91 -5.38  2.11  5.92 
utt>    78              an125-fjdn-b   94    0    44 8  1 3 1.549758e-12 -1.940512e+02 -1.824081e+04
INFO: cmn.c(133): CMN: 46.83  8.45 -2.08  4.95 -11.36 -2.12 -1.81 -1.76  0.82  9.01 -7.18  3.74  4.80 
utt>    79               cen1-fjdn-b  126    0    48 7  1 3 2.258887e-12 -1.925086e+02 -2.425609e+04
INFO: cmn.c(133): CMN: 48.53  5.29 -4.23 16.27 -11.42 -7.44 -7.37  7.38 -4.92  6.28 -12.52  6.56  4.89 
utt>    80               cen2-fjdn-b  164    0    60 7  1 2 1.564946e-12 -1.919679e+02 -3.148274e+04
INFO: cmn.c(133): CMN: 40.10  4.91 -7.29 19.40 -6.94 -4.97 -6.01  4.54 -4.93  0.98 -7.64  6.31  2.06 
utt>    81               cen3-fjdn-b   81    0    36 7  1 3 3.231282e-12 -1.924521e+02 -1.558862e+04
INFO: cmn.c(133): CMN: 44.31  6.55  0.62 24.95 -11.42 -5.98 -4.42  4.24 -9.37 -2.55 -7.56  3.56  1.04 
utt>    82               cen4-fjdn-b  125    0    48 6  1 2 8.773742e-13 -1.912933e+02 -2.391167e+04
INFO: cmn.c(133): CMN: 49.04 12.00 -7.70 19.00 -20.73 -2.99 -7.60  3.98 -8.16  4.37 -6.54  2.39  0.05 
utt>    83               cen5-fjdn-b  210    0    60 7  1 2 9.103918e-13 -1.887438e+02 -3.963620e+04
INFO: cmn.c(133): CMN: 42.40  3.74 -4.48  6.95 -4.78 -2.64 -4.90 -0.07 -2.42  5.72 -6.43  2.90  4.75 
utt>    84               cen6-fjdn-b  149    0    60 7  1 3 1.707233e-12 -1.964355e+02 -2.926888e+04
INFO: cmn.c(133): CMN: 44.17  7.21 -5.63  7.64 -9.94 -4.13 -3.55 -2.02 -4.61  3.86 -7.28  7.58  1.60 
utt>    85               cen7-fjdn-b  259    0   116 7  1 2 8.341760e-13 -1.952920e+02 -5.058064e+04
INFO: cmn.c(133): CMN: 44.17  3.26  0.71 12.89 -6.45 -7.54 -2.40  0.93 -0.17  4.08 -3.64  5.35  2.63 
utt>    86               cen8-fjdn-b  146    0   100 7  1 2 2.521480e-13 -2.006396e+02 -2.929338e+04
INFO: cmn.c(133): CMN: 45.59  2.79  4.76 22.92 -7.01  6.53 -5.88  4.68 -12.97  6.19 -6.25 -2.49 -1.14 
utt>    87               an10-fjmd-b  159    0    48 7  1 2 1.724920e-12 -1.959480e+02 -3.115573e+04
INFO: cmn.c(133): CMN: 41.81  7.37 -0.90  7.89 -5.39  4.80 -1.25  4.69 -4.71  9.85 -5.71  2.72 -4.91 
utt>    88                an6-fjmd-b   59    0    16 6  1 3 7.539053e-13 -1.900880e+02 -1.121519e+04
INFO: cmn.c(133): CMN: 48.23  3.72  2.25 12.04 -4.18  3.63 -8.92  4.83 -6.86  7.55 -7.57  0.54 -0.94 
utt>    89                an7-fjmd-b  219    0    84 7  1 2 2.134016e-12 -1.982160e+02 -4.340930e+04
INFO: cmn.c(133): CMN: 47.28  0.81  1.81  7.67 -3.65  2.87 -3.28  2.44 -4.57  5.12 -5.31 -1.90  0.55 
utt>    90                an8-fjmd-b  179    0    68 7  1 2 2.105565e-12 -1.962113e+02 -3.512182e+04
INFO: cmn.c(133): CMN: 49.90  1.67  1.02 19.44 -6.61 -3.11 -8.30  6.62 -10.99  0.27  1.35 -2.54  0.19 
utt>    91                an9-fjmd-b  161    0    56 6  1 2 7.810861e-13 -1.929445e+02 -3.106407e+04
INFO: cmn.c(133): CMN: 55.20  1.79 -4.01 15.56 -12.94 -7.24 -9.25  7.61 -13.58  6.37 -1.12 -5.73 -0.38 
utt>    92               cen1-fjmd-b  137    0    44 6  1 2 8.490616e-13 -1.941351e+02 -2.659651e+04
INFO: cmn.c(133): CMN: 48.08 -5.35  8.03 25.58 -15.49  0.59 -2.96  0.48 -11.86  2.56 -4.72 -3.77  0.78 
utt>    93               cen2-fjmd-b  278    0    56 7  1 2 1.083174e-12 -1.912803e+02 -5.317592e+04
INFO: cmn.c(133): CMN: 43.47  1.52  2.35  5.80  2.38 -1.93 -0.61  6.27 -3.64  2.02 -6.99  3.29 -3.88 
utt>    94               cen3-fjmd-b   99    0    36 7  1 3 3.145833e-12 -1.945056e+02 -1.925605e+04
INFO: cmn.c(133): CMN: 49.77 -2.60  7.81 19.41 -11.83  1.99 -5.07  4.34 -8.26  5.79 -4.46 -5.34  2.47 
utt>    95               cen4-fjmd-b  334    0    84 6  1 2 6.419297e-13 -1.925187e+02 -6.430123e+04
INFO: cmn.c(133): CMN: 55.22  3.40  2.70 10.28 -16.20  1.59 -10.37  3.31 -5.59  7.39 -2.69 -3.36  3.63 
utt>    96               cen5-fjmd-b  288    0   112 7  1 2 1.367654e-12 -1.937044e+02 -5.578687e+04
INFO: cmn.c(133): CMN: 47.74 -4.15  3.62 11.00  2.14 -4.51 -7.54  1.33 -1.69  2.16 -8.63 -0.85  2.95 
utt>    97               cen6-fjmd-b  180    0    80 7  1 3 1.062737e-12 -1.995562e+02 -3.592011e+04
INFO: cmn.c(133): CMN: 47.36  2.30  2.39 14.93 -0.03  1.32 -12.27  4.07 -6.72  7.66 -7.53 -0.42  1.22 
utt>    98               cen7-fjmd-b  201    0    68 6  1 2 1.307631e-12 -1.962023e+02 -3.943667e+04
INFO: cmn.c(133): CMN: 45.60  1.93  7.70 11.68  1.59 -3.00 -4.01  3.36 -4.19  6.50 -9.26  3.07  0.37 
utt>    99               cen8-fjmd-b  219    0    76 8  1 2 4.059017e-13 -1.958519e+02 -4.289157e+04
INFO: cmn.c(133): CMN: 48.08  3.99 -3.26 10.96 -8.94  1.58 -13.04 -0.04 -1.79  3.97 -5.63 -0.07  4.25 
utt>   100              an311-fkai-b  297    0    76 7  1 2 1.607332e-12 -1.908908e+02 -5.669457e+04
INFO: cmn.c(133): CMN: 48.66  3.31 -2.15 24.55 -7.79 -4.39 -7.60  7.44 -5.24 -3.61 -5.11  0.17  6.36 
utt>   101              an312-fkai-b  388    0   140 6  1 1 9.860299e-13 -1.908372e+02 -7.404484e+04
INFO: cmn.c(133): CMN: 51.54  1.81  0.86 17.01 -7.70 -4.14 -9.31  7.27 -6.53 -0.88 -5.08  1.03  5.74 
utt>   102              an313-fkai-b  454    0   168 6  1 2 1.008220e-12 -1.907012e+02 -8.657834e+04
INFO: cmn.c(133): CMN: 50.94  2.54 -1.82 14.70 -9.42 -3.87 -11.12  7.72 -1.64  2.70 -6.97  3.04  6.29 
utt>   103              an314-fkai-b  369    0   156 6  1 2 1.361751e-12 -1.930522e+02 -7.123627e+04
INFO: cmn.c(133): CMN: 44.68  0.94 -3.52 17.94 -6.27  4.74 -10.56  4.99 -2.94 -1.72 -2.71  4.45  2.57 
utt>   104              an315-fkai-b  180    0    56 8  1 2 1.221720e-12 -1.931109e+02 -3.475995e+04
INFO: cmn.c(133): CMN: 53.15  8.41 -4.69 10.55 -14.75  1.79 -13.04  1.85 -0.96  7.42 -7.24  2.38  4.61 
utt>   105               cen1-fkai-b  161    0    52 7  1 2 2.601755e-12 -1.937847e+02 -3.119934e+04
INFO: cmn.c(133): CMN: 49.24  6.61 -8.68 12.15 -15.32 -0.64 -15.63  4.09 -2.66  6.96 -3.16  4.21  3.99 
utt>   106               cen2-fkai-b  159    0    40 6  1 2 8.934624e-13 -1.907239e+02 -3.032509e+04
INFO: cmn.c(133): CMN: 44.38  5.18 -3.42  2.97 -6.98  7.58 -6.91  0.40 -1.64  5.09 -7.54  1.54  5.54 
utt>   107               cen3-fkai-b  109    0    44 7  1 3 1.430327e-12 -1.944986e+02 -2.120034e+04
INFO: cmn.c(133): CMN: 47.37 15.38 -1.70 22.40 -20.12  6.27 -6.94  0.58 -11.12 -3.46 -0.07 -1.69  4.79 
utt>   108               cen4-fkai-b  231    0    76 7  1 2 1.271648e-12 -1.942550e+02 -4.487292e+04
INFO: cmn.c(133): CMN: 48.22 -1.06  0.84 22.04 -11.18 -2.46 -9.05  7.99 -11.58 -1.55 -3.86 -1.83  7.44 
utt>   109               cen5-fkai-b  301    0    84 9  1 3 1.983424e-12 -1.911579e+02 -5.753853e+04
INFO: cmn.c(133): CMN: 47.81  3.82 -1.91  7.74 -7.87  5.16 -3.62  0.15  3.56  0.06 -4.00 -3.51  8.29 
utt>   110               cen6-fkai-b  179    0    80 8  2 3 2.432876e-12 -1.937834e+02 -3.468722e+04
INFO: cmn.c(133): CMN: 48.23  3.95 -4.36  5.54 -9.79  4.77 -5.54 -0.07 -6.17 -2.30 -0.96  1.18  1.80 
utt>   111               cen7-fkai-b  159    0    64 8  2 3 4.725784e-12 -1.883811e+02 -2.995260e+04
INFO: cmn.c(133): CMN: 48.46  0.46 -3.70  9.42 -0.95 -1.18 -5.27  4.35 -0.94 -3.29 -2.09 -1.17  6.08 
utt>   112               cen8-fkai-b  219    0   108 7  1 2 1.958408e-12 -1.991614e+02 -4.361636e+04
INFO: cmn.c(133): CMN: 47.13  6.51 -3.28  2.55 -3.46 -3.15  2.89 -2.78  2.06  2.20  0.77 -4.88  8.01 
utt>   113              an131-fkdo-b  586    0   144 7  1 2 1.303993e-12 -1.908246e+02 -1.118232e+05
INFO: cmn.c(133): CMN: 38.51  0.56 -2.86 -2.10  0.49  1.93 -2.60  1.16 -1.13 -1.10 -0.65 -8.27  7.21 
utt>   114              an132-fkdo-b  140    0    16 5  1 1 1.977860e-13 -1.809228e+02 -2.532920e+04
INFO: cmn.c(133): CMN: 40.44 -0.62  2.43 13.50 -1.46 -3.52  2.25 -3.79 -3.95 -4.91 -2.00 -2.53  3.16 
utt>   115              an133-fkdo-b   91    0    28 6  1 2 8.269836e-13 -1.962053e+02 -1.785468e+04
INFO: cmn.c(133): CMN: 37.88 -7.00  0.81 -0.31 -5.13  6.42  1.23 -2.26 -2.62  1.92 -2.85 -1.74  1.55 
utt>   116              an134-fkdo-b  129    0    24 7  1 2 1.612842e-12 -1.959260e+02 -2.527445e+04
INFO: cmn.c(133): CMN: 44.60  2.53 -0.53 10.75 -5.61 -5.75  6.58 -5.62  1.54 -1.95  0.77 -6.38  4.16 
utt>   117              an135-fkdo-b  262    0    68 6  1 2 1.016498e-12 -1.945681e+02 -5.097685e+04
INFO: cmn.c(133): CMN: 47.50  7.19  1.91  4.87 -4.20 -14.19  6.99 -2.18 -2.49 -1.19  2.73 -7.17  6.64 
utt>   118               cen1-fkdo-b  197    0    40 6  1 2 2.733983e-13 -1.946792e+02 -3.835181e+04
INFO: cmn.c(133): CMN: 43.42  4.07 -2.32 11.76 -1.66 -10.81  6.06 -5.28 -5.27 -0.44  1.84 -2.18  6.04 
utt>   119               cen2-fkdo-b  289    0    40 7  1 1 1.660231e-12 -1.933206e+02 -5.586965e+04
INFO: cmn.c(133): CMN: 45.47  3.09 -2.87 15.10  3.17 -6.20  1.98 -2.25 -5.13 -2.44 -2.34 -2.98  5.48 
utt>   120               cen3-fkdo-b  258    0    48 7  1 2 1.125828e-12 -1.951511e+02 -5.034898e+04
INFO: cmn.c(133): CMN: 48.61  8.86  1.90  9.54 -3.63 -11.14 12.76 -8.01  2.60 -1.30  2.93 -5.28  8.88 
utt>   121               cen4-fkdo-b  245    0    48 6  1 1 6.348752e-13 -1.936371e+02 -4.744108e+04
INFO: cmn.c(133): CMN: 47.62  2.28  1.70 16.93 -2.77 -11.31  8.65 -6.25 -3.72  1.14 -1.31 -3.84  8.24 
utt>   122               cen5-fkdo-b  383    0    84 8  1 2 1.399340e-12 -1.934738e+02 -7.410048e+04
INFO: cmn.c(133): CMN: 43.45  9.85 -0.67  5.97  2.30 -0.60  3.40 -5.18  0.11  1.93  2.24 -3.64  7.52 
utt>   123               cen6-fkdo-b  239    0    64 8  1 2 1.205378e-12 -1.917669e+02 -4.583229e+04
INFO: cmn.c(133): CMN: 45.06  5.34  0.85 16.24 -0.50 -9.25  6.88 -8.05 -3.75 -1.29 -0.97 -1.91  5.35 
utt>   124               cen7-fkdo-b  342    0    68 7  1 2 7.859570e-13 -1.910944e+02 -6.535428e+04
INFO: cmn.c(133): CMN: 47.73  4.30 -0.42  1.71  0.72 -6.42  3.47  0.26  2.65  0.78 -1.71 -3.01  2.99 
utt>   125               cen8-fkdo-b  238    0    88 8  1 2 1.524781e-12 -1.959493e+02 -4.663593e+04
INFO: cmn.c(133): CMN: 45.96 -4.68  2.01 14.37 -4.96  5.71 -13.50  9.40 -5.41  5.61 -4.26  5.91  5.40 
utt>   126              an61-flmm2-b  259    0    64 7  1 2 1.218600e-12 -1.950148e+02 -5.050882e+04
INFO: cmn.c(133): CMN: 46.31  0.38 -1.93 12.05 -3.72  8.19 -14.90 15.22  0.21  2.46  1.95  3.32  5.44 
utt>   127              an62-flmm2-b  148    0    48 7  1 2 5.769866e-13 -1.955626e+02 -2.894327e+04
INFO: cmn.c(133): CMN: 46.83  0.77 -4.35 12.89 -6.16  7.18 -13.32 14.39 -5.97  2.78  0.54 -0.05  6.66 
utt>   128              an63-flmm2-b  223    0    68 7  1 2 8.980597e-13 -1.957435e+02 -4.365080e+04
INFO: cmn.c(133): CMN: 41.73  8.33 -3.66  4.82 -6.69  9.09 -8.16  9.80 -1.57  3.42 -1.01  3.19  0.91 
utt>   129              an64-flmm2-b  114    0    32 7  1 3 4.344080e-13 -1.920148e+02 -2.188969e+04
INFO: cmn.c(133): CMN: 45.35 -9.36  6.52 15.77 -10.50  6.42 -5.35  9.59 -7.83  0.20 -1.02 -0.13  7.96 
utt>   130              an65-flmm2-b  216    0    48 6  1 2 6.020118e-13 -1.915606e+02 -4.137708e+04
INFO: cmn.c(133): CMN: 41.90 -4.84  6.99 13.14 -5.04  0.29 -5.22  8.63 -7.66  8.39 -5.16  9.17  2.22 
utt>   131              cen1-flmm2-b  372    0    60 7  1 1 9.724130e-13 -1.913643e+02 -7.118750e+04
INFO: cmn.c(133): CMN: 43.33  3.50  4.25 11.75 -12.41  4.51 -0.53 12.74 -8.22 10.55 -4.52  7.65  3.77 
utt>   132              cen2-flmm2-b  181    0    40 7  1 2 8.921853e-13 -1.852489e+02 -3.353006e+04
INFO: cmn.c(133): CMN: 43.18  1.51  0.15  5.19 -2.08 -0.40 -8.30  8.42 -6.21  1.52 -1.02  1.54  2.11 
utt>   133              cen3-flmm2-b  179    0    56 7  1 2 1.967037e-12 -1.886970e+02 -3.377675e+04
INFO: cmn.c(133): CMN: 41.97 -2.30  9.16 23.86 -16.40  7.67 -0.53  1.09 -7.92  6.53 -2.55 -0.54 11.57 
utt>   134              cen4-flmm2-b  596    0   120 6  1 2 9.382530e-13 -1.873249e+02 -1.116456e+05
INFO: cmn.c(133): CMN: 42.13 -6.90  6.09  2.43 -2.21  3.12 -5.67 10.92 -3.91  6.00 -4.04  3.77  6.85 
utt>   135              cen6-flmm2-b  229    0    76 8  1 3 8.605258e-13 -1.939040e+02 -4.440402e+04
INFO: cmn.c(133): CMN: 43.34 -5.07  5.27  6.64 -2.46  7.64 -5.53  9.83  3.42  5.53 -0.15  2.55  7.18 
utt>   136              cen7-flmm2-b  273    0   104 8  1 3 1.918463e-12 -1.941601e+02 -5.300571e+04
INFO: cmn.c(133): CMN: 43.01  5.58 -3.79 11.34 -8.26  2.88 -3.55  8.14 -1.77  3.25  4.13  5.12  5.31 
utt>   137              cen8-flmm2-b  570    0   152 6  1 2 9.835103e-13 -1.850393e+02 -1.054724e+05
INFO: cmn.c(133): CMN: 47.63  0.58  6.47 18.01 -12.83  3.02 -10.86  5.02 -9.44  9.47 -3.76  0.62  6.74 
utt>   138               an21-flrp-b  391    0   132 7  1 2 8.359624e-13 -1.918177e+02 -7.500071e+04
INFO: cmn.c(133): CMN: 47.90 -7.57 12.59 26.37 -17.66  6.47 -4.58  2.67 -8.96  7.02 -2.64  1.88  5.73 
utt>   139             an2121-flrp-b  302    0    80 6  1 2 7.672167e-13 -1.854243e+02 -5.599813e+04
INFO: cmn.c(133): CMN: 41.61 -3.86 -2.74  9.18 -13.40  0.75 -7.81  3.06 -0.02  2.13  1.03 -2.90  0.47 
utt>   140               an22-flrp-b   82    0    20 7  2 3 1.437114e-12 -1.893613e+02 -1.552762e+04
INFO: cmn.c(133): CMN: 48.92  1.74 -0.91  7.05 -15.26 10.62 -10.92  3.64 -0.58  7.74 -4.03  3.73  3.42 
utt>   141               an23-flrp-b  387    0    96 6  1 2 9.273111e-13 -1.888437e+02 -7.308252e+04
INFO: cmn.c(133): CMN: 42.42 -4.32  9.50 30.13 -18.39  2.43 -13.45  2.63 -9.20  6.79  1.10  0.17  4.05 
utt>   142               an24-flrp-b   71    0    28 7  1 2 3.550446e-12 -1.985618e+02 -1.409789e+04
INFO: cmn.c(133): CMN: 46.54 -4.18  5.55 15.87 -17.58 11.71 -10.87  2.52 -3.48 10.40 -3.05  1.44  5.82 
utt>   143               an25-flrp-b  394    0   116 7  1 2 9.388253e-13 -1.863808e+02 -7.343402e+04
INFO: cmn.c(133): CMN: 51.54 -2.23  2.77 24.40 -23.12  3.03 -7.97  9.14 -7.56 10.14 -2.66  0.29  2.41 
utt>   144               cen1-flrp-b  289    0    68 7  1 2 7.030242e-13 -1.871387e+02 -5.408308e+04
INFO: cmn.c(133): CMN: 47.55  0.06  0.54 17.97 -22.93  2.69 -3.36  7.98 -4.85  5.97 -2.07  0.26  2.95 
utt>   145               cen2-flrp-b  159    0    40 7  1 2 1.108676e-12 -1.857771e+02 -2.953856e+04
INFO: cmn.c(133): CMN: 47.86 -3.03  6.81 19.57 -16.02  1.73 -8.86  7.97 -7.23  2.54 -3.07  4.32  8.26 
utt>   146               cen3-flrp-b  155    0    68 7  1 2 1.839276e-12 -1.942473e+02 -3.010832e+04
INFO: cmn.c(133): CMN: 52.42  0.60 -1.35 21.33 -24.87  6.55 -11.06  8.85 -8.99 11.31 -5.61 -0.95  1.99 
utt>   147               cen4-flrp-b  274    0    60 7  1 2 1.068711e-12 -1.882259e+02 -5.157390e+04
INFO: cmn.c(133): CMN: 45.11 -3.01  2.76 16.73 -16.08  4.69 -9.83  3.53 -9.96  5.09 -4.93 -0.88  0.15 
utt>   148               cen5-flrp-b  441    0    84 8  1 2 1.851105e-12 -1.862782e+02 -8.214868e+04
INFO: cmn.c(133): CMN: 49.01  2.37 -1.74 19.09 -16.48  3.55 -12.19  9.35 -6.33  7.28 -3.20  2.74  5.05 
utt>   149               cen6-flrp-b  194    0    72 8  1 3 1.817316e-12 -1.942100e+02 -3.767675e+04
INFO: cmn.c(133): CMN: 51.02 -1.21 -5.02 16.84 -13.92  0.10 -11.71  6.16 -4.30  5.16 -2.76  2.23  3.96 
utt>   150               cen7-flrp-b  233    0    84 7  1 2 2.275081e-12 -1.933688e+02 -4.505494e+04
INFO: cmn.c(133): CMN: 49.14 -1.82  1.89 19.60 -15.17 -1.46 -11.13  4.64 -8.43  4.17 -0.90  1.97  4.72 
utt>   151               cen8-flrp-b  199    0    92 8  1 3 1.439188e-12 -1.947825e+02 -3.876172e+04
INFO: cmn.c(133): CMN: 47.56  2.88  0.69 10.53 -4.18 -3.83 -6.81 -4.51 -3.43  0.04 -3.03  3.93  4.19 
utt>   152              an116-fmjc-b  209    0    72 6  1 2 1.089443e-12 -1.926954e+02 -4.027334e+04
INFO: cmn.c(133): CMN: 47.35  1.61 -0.33  3.37 -5.77  2.81 -7.35 -7.24  1.85 -2.34 -4.20  5.82  1.03 
utt>   153              an117-fmjc-b  300    0   112 7  1 2 1.362877e-12 -1.973766e+02 -5.921298e+04
INFO: cmn.c(133): CMN: 48.09 -0.50 -2.06  6.99 -10.30 -0.80 -2.38 -9.04 -4.12  0.21 -5.81  6.60  1.67 
utt>   154              an118-fmjc-b  224    0    68 7  1 1 9.081882e-13 -1.967555e+02 -4.407323e+04
INFO: cmn.c(133): CMN: 34.62  0.99 -4.72  0.10  0.21  3.31 -8.19 -0.15 -1.03 -5.61 -3.50 -1.89 -1.10 
utt>   155              an119-fmjc-b  238    0    48 8  1 2 1.821037e-12 -1.918381e+02 -4.565748e+04
INFO: cmn.c(133): CMN: 43.63  7.75 -3.03 -4.65 -8.67  0.47 -9.19 -4.97 -4.39  5.06 -4.12  2.23  2.92 
utt>   156              an120-fmjc-b  229    0    80 7  1 2 5.739398e-13 -1.973524e+02 -4.519371e+04
INFO: cmn.c(133): CMN: 41.51  1.94  3.00  4.39 -13.93  2.21 -0.59 -8.61 -1.23  2.57 -3.96  1.21  0.78 
utt>   157               cen1-fmjc-b  289    0    44 7  1 2 4.521984e-13 -1.922222e+02 -5.555222e+04
INFO: cmn.c(133): CMN: 44.90  1.32 -1.88  6.45 -10.98 -0.31 -3.45 -9.03  0.67  1.04 -8.64  2.12 -4.10 
utt>   158               cen2-fmjc-b  249    0    44 6  1 2 9.624682e-13 -1.913478e+02 -4.764561e+04
INFO: cmn.c(133): CMN: 45.39 -1.31 -2.78 -3.73 -8.81  0.52 -4.77 -5.00 -2.95  5.48 -4.68 -0.03 -2.10 
utt>   159               cen3-fmjc-b  182    0    64 7  1 3 2.245072e-12 -1.918769e+02 -3.492159e+04
INFO: cmn.c(133): CMN: 45.08 -1.35  0.44 16.85 -10.31 -6.24 -8.75 -6.93 -10.53 -3.47 -2.90 -1.36 -2.18 
utt>   160               cen4-fmjc-b  194    0    48 6  1 2 2.408035e-13 -1.934969e+02 -3.753841e+04
INFO: cmn.c(133): CMN: 44.46 -3.59  1.86 18.61 -10.74 -3.90 -3.52 -4.01 -9.83 -1.80 -4.86 -2.70 -0.14 
utt>   161               cen5-fmjc-b  289    0    84 8  1 3 2.501699e-12 -1.929486e+02 -5.576214e+04
INFO: cmn.c(133): CMN: 45.27  2.26 -0.64  0.80 -5.75  3.20 -4.17 -8.01 -6.81  5.99 -3.24 -1.30 -2.62 
utt>   162               cen6-fmjc-b  164    0    80 8  1 3 2.799405e-12 -1.988810e+02 -3.261649e+04
INFO: cmn.c(133): CMN: 42.48  7.01 -2.87 -4.89 -8.47  5.92 -9.48 -0.03 -7.23  3.43 -3.73 -2.14 -0.27 
utt>   163               cen7-fmjc-b  249    0    88 7  1 2 1.373420e-12 -1.987765e+02 -4.949534e+04
INFO: cmn.c(133): CMN: 42.71 -2.78 -4.83 11.31  2.86 -0.53 -8.73  2.21 -5.50 -6.66 -7.67  0.10 -2.59 
utt>   164               cen8-fmjc-b  205    0    88 6  1 2 5.040498e-13 -1.996310e+02 -4.092435e+04
INFO: cmn.c(133): CMN: 46.92 10.82 -7.59 10.20 -7.61  1.96  1.62  6.83 -0.57 -1.31 -2.82 -5.28 11.29 
utt>   165              an191-fmjd-b   65    0    16 7  1 3 2.987752e-12 -1.888434e+02 -1.227482e+04
INFO: cmn.c(133): CMN: 46.23  2.20  8.19 18.82 -5.84 -5.72  0.47 -0.69 -9.85  1.13 -8.82 -2.03  6.73 
utt>   166              an192-fmjd-b  414    0    64 6  1 1 7.046091e-13 -1.876779e+02 -7.769865e+04
INFO: cmn.c(133): CMN: 47.03  2.06  8.55 15.52 -6.49 -1.68  0.94 -1.37 -3.28  2.13 -6.63 -1.49  5.83 
utt>   167              an193-fmjd-b  429    0   100 6  1 2 1.412722e-12 -1.901432e+02 -8.157143e+04
INFO: cmn.c(133): CMN: 46.67 -1.40 11.66 21.62 -7.46  1.00  0.87  2.32 -6.42  0.46 -7.84 -0.62  3.81 
utt>   168              an194-fmjd-b  250    0    72 6  1 2 1.956085e-12 -1.931962e+02 -4.829904e+04
INFO: cmn.c(133): CMN: 47.93  2.43  1.69 12.42 -10.62 -4.17 -0.66 -1.02  1.08  2.42 -6.21 -3.02  3.28 
utt>   169              an195-fmjd-b  319    0    76 6  1 2 7.104233e-13 -1.902818e+02 -6.069990e+04
INFO: cmn.c(133): CMN: 43.60  7.92  6.95 20.93 -8.84  0.60  3.03 -0.13 -3.89  2.52 -5.43  2.19  4.66 
utt>   170               cen1-fmjd-b  319    0    76 7  1 1 1.217650e-12 -1.921353e+02 -6.129116e+04
INFO: cmn.c(133): CMN: 44.70 11.08  1.62  9.98 -11.90 -5.73  0.36  2.71 -0.55  3.84 -1.51 -0.51  4.45 
utt>   171               cen2-fmjd-b  339    0    48 7  1 1 4.719717e-13 -1.876310e+02 -6.360691e+04
INFO: cmn.c(133): CMN: 47.94 -1.25  1.96  1.48 -5.03 -2.68 -5.70  4.18 -1.34  0.52 -1.89 -0.80  2.70 
utt>   172               cen3-fmjd-b  185    0    60 7  1 2 3.817635e-12 -1.928508e+02 -3.567740e+04
INFO: cmn.c(133): CMN: 45.01  6.80 11.56 12.58 -8.97 -1.29  6.29 -11.07  6.39 -1.49 -6.08  4.62  3.99 
utt>   173               cen4-fmjd-b  319    0    56 7  1 1 9.829330e-13 -1.876048e+02 -5.984593e+04
INFO: cmn.c(133): CMN: 46.89 -3.02 10.74 19.47 -8.20 -2.18  2.67 -1.97 -4.32  6.32 -7.37  1.04  7.35 
utt>   174               cen5-fmjd-b  398    0    84 8  1 2 2.098813e-12 -1.924934e+02 -7.661238e+04
INFO: cmn.c(133): CMN: 49.14  5.97  4.22  7.99 -4.75 -1.01 -3.33  4.45  5.56 -0.23 -2.29 -4.34  6.25 
utt>   175               cen6-fmjd-b  188    0    80 8  1 3 3.258377e-12 -1.920847e+02 -3.611192e+04
INFO: cmn.c(133): CMN: 47.78  7.27  0.69  6.20 -5.63 -4.12 -6.64  5.94  0.89 -2.63 -3.41 -0.61  5.31 
utt>   176               cen7-fmjd-b  299    0    92 7  1 2 1.215310e-12 -1.932709e+02 -5.778801e+04
INFO: cmn.c(133): CMN: 48.18  0.01  8.90  8.28 -4.96 -2.92 -4.02  6.66 -2.01 -0.33 -6.69 -0.25  4.67 
utt>   177               cen8-fmjd-b  249    0    92 8  1 2 2.265718e-12 -1.951126e+02 -4.858305e+04
INFO: cmn.c(133): CMN: 50.42 -0.13 15.07 16.75 -14.69  5.90 -0.53 -3.72 -5.08 -0.77 -1.70 -4.40  6.29 
utt>   178              an181-fnsv-b  304    0    76 6  1 2 5.889308e-13 -1.910399e+02 -5.807612e+04
INFO: cmn.c(133): CMN: 40.11 -8.20  6.40 16.50 -6.77  7.30 -5.75 -3.92 -5.67 -2.74 -0.74 -0.98  2.75 
utt>   179              an182-fnsv-b  129    0    28 7  1 2 2.346930e-12 -1.896535e+02 -2.446531e+04
INFO: cmn.c(133): CMN: 50.15  0.16  3.10  2.34 -11.56  0.40 -0.86 -2.54  1.06  8.96 -6.50 -0.91  2.31 
utt>   180              an183-fnsv-b  339    0    80 6  1 1 8.218524e-13 -1.928576e+02 -6.537873e+04
INFO: cmn.c(133): CMN: 46.10  7.92  3.78  7.84 -14.40 10.76 -5.23 -3.63 -2.02  6.66 -6.00 -2.72  1.01 
utt>   181              an184-fnsv-b   71    0    16 7  1 2 3.870149e-13 -1.888280e+02 -1.340679e+04
INFO: cmn.c(133): CMN: 45.36  0.61 -0.03 -0.47 -12.06  7.20 -3.08  2.77 -0.55  1.14 -3.15  0.05  1.57 
utt>   182              an185-fnsv-b   78    0    24 7  1 2 2.007445e-12 -1.916370e+02 -1.494769e+04
INFO: cmn.c(133): CMN: 46.51 -10.23 10.73 18.84 -11.41  4.06 -2.88 -0.19 -4.31  2.27 -3.43  3.76  4.57 
utt>   183               cen1-fnsv-b  356    0    48 7  1 1 4.264749e-13 -1.904101e+02 -6.778599e+04
INFO: cmn.c(133): CMN: 50.12  0.89 10.06 12.76 -17.34  8.77 -10.55 -5.90 -0.91  0.43 -1.68 -1.32  5.52 
utt>   184               cen2-fnsv-b  261    0    44 6  1 2 6.915912e-13 -1.919759e+02 -5.010571e+04
INFO: cmn.c(133): CMN: 48.73 -2.97  5.25  4.66 -5.97  2.16 -3.52 -0.26 -1.07  1.87 -3.51  1.48  3.45 
utt>   185               cen3-fnsv-b  230    0    60 7  1 2 1.631813e-12 -1.928842e+02 -4.436337e+04
INFO: cmn.c(133): CMN: 49.14 -1.73  7.24 12.66 -18.56  6.87 -10.02 -3.73 -2.12 -0.09  1.21  1.04  6.58 
utt>   186               cen4-fnsv-b  469    0    92 7  1 2 7.078482e-13 -1.922619e+02 -9.017082e+04
INFO: cmn.c(133): CMN: 49.67 -7.03  9.06 15.12 -15.99  4.68 -4.09  0.19 -3.61  1.88 -2.07 -1.21  5.30 
utt>   187               cen5-fnsv-b  503    0    84 8  1 2 8.994160e-13 -1.921678e+02 -9.666043e+04
INFO: cmn.c(133): CMN: 47.26 -1.98  4.62 12.11 -7.37  8.15 -11.92  0.20 -2.96  0.43 -3.24  0.89  4.84 
utt>   188               cen6-fnsv-b  259    0    64 8  1 2 1.299183e-12 -1.953288e+02 -5.059015e+04
INFO: cmn.c(133): CMN: 49.96 -1.95  8.24  2.35 -4.90  2.17 -11.31  3.14 -1.46 -1.21 -4.72  2.02  4.12 
utt>   189               cen7-fnsv-b  388    0   112 8  1 2 1.544159e-12 -1.948389e+02 -7.559748e+04
INFO: cmn.c(133): CMN: 48.47 -5.51 10.05 19.34 -7.32 -0.35 -7.04  0.35 -5.85 -0.08  0.63  2.23  6.65 
utt>   190               cen8-fnsv-b  339    0   128 7  1 2 8.347385e-13 -1.968950e+02 -6.674742e+04
INFO: cmn.c(133): CMN: 53.77 -4.54  2.50  8.54 -4.75 -7.41  4.31  1.67 -0.43 -7.96  0.28  0.21  4.40 
utt>   191               an91-fplp-b  434    0    72 6  1 1 5.580984e-13 -1.856094e+02 -8.055449e+04
INFO: cmn.c(133): CMN: 50.01 -2.24 -0.58  7.09 -1.86 -3.64 -0.34  4.77  2.34 -4.10 -1.73  0.75  4.84 
utt>   192               an92-fplp-b  576    0    96 7  1 1 6.466589e-13 -1.890013e+02 -1.088648e+05
INFO: cmn.c(133): CMN: 47.79 -1.85 -9.03 -7.38 -6.12  1.46  1.96  3.87 -1.37 -1.25 -0.44 -1.15  2.32 
utt>   193               an93-fplp-b   92    0    24 8  1 3 7.905335e-13 -1.878669e+02 -1.728376e+04
INFO: cmn.c(133): CMN: 49.39 -4.29 10.59 16.65 -5.74 -6.51  4.39  4.34 -6.61 -3.37 -3.23 -1.33  6.56 
utt>   194               an94-fplp-b  548    0    84 6  1 1 9.191464e-13 -1.836693e+02 -1.006508e+05
INFO: cmn.c(133): CMN: 52.04 -3.30 -1.14 12.08 -4.34 -7.91  1.34  3.84 -4.38 -2.91 -4.50  0.26  5.80 
utt>   195               an95-fplp-b  609    0   108 7  1 1 4.701322e-13 -1.875953e+02 -1.142455e+05
INFO: cmn.c(133): CMN: 52.95 -2.87  4.88 15.75 -8.11 -6.10  2.57  0.57 -6.70 -3.88 -2.04 -3.17  5.57 
utt>   196               cen1-fplp-b  559    0    68 7  1 1 6.333915e-13 -1.817947e+02 -1.016233e+05
INFO: cmn.c(133): CMN: 54.28 -1.44  0.98  3.69 -11.18 -4.55  2.44  2.96 -3.50 -0.05  1.47 -0.31  8.50 
utt>   197               cen2-fplp-b  429    0    60 7  1 1 9.740101e-13 -1.833544e+02 -7.865905e+04
INFO: cmn.c(133): CMN: 50.40  2.85  2.59  1.18 -1.84 -2.26 -2.47  5.70 -3.81 -7.67 -2.78 -0.16  5.07 
utt>   198               cen3-fplp-b  295    0    60 8  1 2 2.599681e-12 -1.913141e+02 -5.643765e+04
INFO: cmn.c(133): CMN: 53.35  2.89  2.88  7.48 -14.75 -3.80 -0.46  3.72 -6.14 -1.17  0.04 -2.03  3.94 
utt>   199               cen4-fplp-b  492    0    60 6  1 1 6.757122e-13 -1.811582e+02 -8.912983e+04
INFO: cmn.c(133): CMN: 51.40 -4.92  6.61 19.46 -8.48 -1.97  2.29 -0.01 -9.88 -1.31 -4.36 -2.80  7.08 
utt>   200               cen5-fplp-b  609    0    84 8  1 2 1.394139e-12 -1.820703e+02 -1.108808e+05
INFO: cmn.c(133): CMN: 51.72 -1.96 -3.17  5.52  1.59 -1.69 -1.25  2.10  0.04 -6.11 -3.41  0.77  6.89 
utt>   201               cen6-fplp-b  389    0    72 8  1 2 1.289678e-12 -1.854913e+02 -7.215610e+04
INFO: cmn.c(133): CMN: 51.91  1.61 -0.76  3.49 -4.38 -2.64 -2.75  5.06 -0.98 -5.28 -0.12 -0.12  5.35 
utt>   202               cen7-fplp-b  540    0   100 7  1 2 5.212591e-13 -1.879815e+02 -1.015100e+05
INFO: cmn.c(133): CMN: 48.77 -10.70  0.76  3.38  3.90 -6.86 -2.51  6.00 -0.58 -3.52 -0.50 -1.14  8.34 
utt>   203               cen8-fplp-b  386    0    88 7  1 2 1.632798e-12 -1.937301e+02 -7.477982e+04
INFO: cmn.c(133): CMN: 48.02 -2.38 12.75 25.47 -11.33  9.33 -7.98  5.76 -6.94  1.75 -4.67  5.06  5.43 
utt>   204             an296-fsaf2-b  266    0   100 6  1 2 1.115824e-12 -1.955141e+02 -5.200674e+04
INFO: cmn.c(133): CMN: 50.48  0.19 11.67 15.00 -11.41  4.76 -8.01  2.75 -3.97  1.99 -3.27  4.30  3.04 
utt>   205             an297-fsaf2-b  412    0   144 7  1 2 8.462541e-13 -1.959848e+02 -8.074572e+04
INFO: cmn.c(133): CMN: 37.16 -1.26  6.95 15.99 -2.31  8.32 -1.33 -2.53 -8.76  2.70 -4.94  8.59  0.78 
utt>   206             an298-fsaf2-b   99    0    28 7  1 2 1.133537e-12 -1.941696e+02 -1.922279e+04
INFO: cmn.c(133): CMN: 49.34  1.28 11.49 10.87 -10.69  4.24 -3.09  3.41 -1.02  3.79 -4.76  2.04  1.13 
utt>   207             an299-fsaf2-b  379    0   100 6  1 2 1.203227e-12 -1.949876e+02 -7.390028e+04
INFO: cmn.c(133): CMN: 49.49 -1.02  6.52  8.43 -11.46  1.11 -5.02  3.78  3.66  1.42 -1.50  3.63  1.64 
utt>   208             an300-fsaf2-b  386    0   108 6  1 2 1.209991e-12 -1.929774e+02 -7.448927e+04
INFO: cmn.c(133): CMN: 47.14  9.31  1.63  6.72 -16.03  5.99 -3.22  2.96  5.86  0.39  0.93  0.01  1.46 
utt>   209              cen1-fsaf2-b  356    0    64 6  1 1 1.550048e-12 -1.906925e+02 -6.788652e+04
INFO: cmn.c(133): CMN: 43.81 -1.93  7.62 13.17 -14.07  7.09 -2.08  3.96  3.82 -3.56 -0.84  0.68  3.03 
utt>   210              cen2-fsaf2-b  309    0    44 6  1 1 5.682107e-13 -1.942575e+02 -6.002557e+04
INFO: cmn.c(133): CMN: 43.36  4.75  7.56  8.10 -13.34 11.64  0.25  0.06  0.78  0.53 -2.08  1.64  2.20 
utt>   211              cen3-fsaf2-b  109    0    44 7  1 3 2.545314e-12 -1.968880e+02 -2.146080e+04
INFO: cmn.c(133): CMN: 47.47  1.29 14.33 15.34 -20.49 11.29 -3.45  0.08 -0.75 -0.70 -3.61  0.44  3.47 
utt>   212              cen4-fsaf2-b  439    0   104 7  1 2 9.297848e-13 -1.948638e+02 -8.554520e+04
INFO: cmn.c(133): CMN: 49.03  8.21  4.00  6.12 -15.79  7.44 -4.08 -0.69  2.04  2.62 -3.20  1.66  2.34 
utt>   213              cen5-fsaf2-b  370    0    80 7  1 2 1.379179e-12 -1.942788e+02 -7.188317e+04
INFO: cmn.c(133): CMN: 46.22  3.98  9.01  7.88 -12.09  3.48 -7.98  2.96  3.71  2.70 -4.51  6.18  3.73 
utt>   214              cen6-fsaf2-b  189    0    60 7  1 2 1.492387e-12 -1.944576e+02 -3.675249e+04
INFO: cmn.c(133): CMN: 50.40  3.60  4.57 10.95 -5.73  3.55 -7.35  3.53  0.21  0.11 -4.28  4.74  1.95 
utt>   215              cen7-fsaf2-b  358    0   144 7  1 2 2.343710e-12 -1.979889e+02 -7.088002e+04
INFO: cmn.c(133): CMN: 47.85 -7.58 12.22  6.32 -1.74  2.80 -1.89  3.31 -0.26 -0.64 -3.07  3.17  2.68 
utt>   216              cen8-fsaf2-b  182    0    84 8  1 3 1.668781e-12 -1.982190e+02 -3.607586e+04
INFO: cmn.c(133): CMN: 47.05  9.39 -3.29 14.97 -13.89  0.66 -2.37 -4.90  1.62  2.51  4.72  0.09  3.97 
utt>   217              an166-fsrb-b  226    0    44 6  1 1 8.471645e-13 -1.946946e+02 -4.400098e+04
INFO: cmn.c(133): CMN: 43.17  4.18 -0.90 10.79 -4.20 -1.14 -6.19 -2.75  3.11 -7.45  1.06 -4.11  1.77 
utt>   218              an167-fsrb-b  247    0   100 8  1 2 1.408972e-12 -2.019263e+02 -4.987580e+04
INFO: cmn.c(133): CMN: 42.42  9.59  2.71 12.94 -6.67  1.38 -2.17 -2.31  4.01  2.81  3.43  1.27  9.34 
utt>   219              an168-fsrb-b  334    0   116 7  1 2 1.691775e-12 -2.009703e+02 -6.712408e+04
INFO: cmn.c(133): CMN: 39.58  1.70  6.13 14.38 -0.89  2.49 -3.07 -6.05  4.43 -4.43  3.19  2.19  5.20 
utt>   220              an169-fsrb-b  159    0    60 8  1 2 2.635934e-12 -2.021118e+02 -3.213578e+04
INFO: cmn.c(133): CMN: 40.46 -3.58 -1.80 10.94 -1.66 -0.57 -4.67 -3.50  2.91 -6.50  2.72  2.70  2.71 
utt>   221              an170-fsrb-b  234    0    68 7  1 2 1.512808e-12 -1.953369e+02 -4.570883e+04
INFO: cmn.c(133): CMN: 41.83  3.98  4.58 19.13 -8.40  2.32  0.40 -1.37  0.49  1.30  8.68 -1.05  4.34 
utt>   222               cen1-fsrb-b  262    0    48 6  1 2 6.243338e-13 -1.942753e+02 -5.090014e+04
INFO: cmn.c(133): CMN: 44.33  8.88 -0.56 16.15 -13.32  1.02 -0.34 -4.46  3.81  0.99  3.63 -1.40  6.12 
utt>   223               cen2-fsrb-b  293    0    48 7  1 1 5.928317e-13 -1.980034e+02 -5.801500e+04
INFO: cmn.c(133): CMN: 42.61  8.42 -3.16 18.08 -1.82  4.41 -11.20 -2.82  1.62 -3.20  3.88 -5.10  6.50 
utt>   224               cen3-fsrb-b  199    0    64 7  1 2 1.203505e-12 -1.970949e+02 -3.922188e+04
INFO: cmn.c(133): CMN: 40.32  4.22  1.50 19.50 -14.20  2.72  0.85 -8.17 -2.49  0.14  1.02 -1.09  3.05 
utt>   225               cen4-fsrb-b  439    0    52 6  1 1 3.940810e-13 -1.933423e+02 -8.487727e+04
INFO: cmn.c(133): CMN: 42.02  1.84  4.93 22.32 -10.17  1.66  1.54 -5.11 -1.67  4.04  4.37  0.11  6.51 
utt>   226               cen5-fsrb-b  490    0    84 8  1 2 1.404266e-12 -1.927664e+02 -9.445555e+04
INFO: cmn.c(133): CMN: 42.97 10.86  1.33 12.19 -9.29  3.98 -0.26 -1.07  6.88  3.10 -0.42 -1.93  9.64 
utt>   227               cen6-fsrb-b  219    0    72 8  1 2 1.827171e-12 -1.995207e+02 -4.369502e+04
INFO: cmn.c(133): CMN: 41.07 10.65 -0.37 13.60 -4.12  4.05 -3.64 -3.00  3.79 -1.38  3.32 -2.43  7.76 
utt>   228               cen7-fsrb-b  466    0   132 8  1 2 1.356809e-12 -1.973090e+02 -9.194598e+04
INFO: cmn.c(133): CMN: 43.00  7.57  4.93 17.71 -6.94 -0.96  0.29 -4.97 -0.90  1.59  4.58  0.43  6.00 
utt>   229               cen8-fsrb-b  288    0   112 6  1 2 8.904198e-13 -2.017868e+02 -5.811459e+04
INFO: cmn.c(133): CMN: 43.20  7.09 -2.89 -7.59 -1.44  6.35  3.29 -4.21 -8.37 -4.29  8.07 -2.85  0.56 
utt>   230              an326-ftal-b   67    0    24 7  1 3 5.172887e-13 -1.909679e+02 -1.279485e+04
INFO: cmn.c(133): CMN: 44.96  1.86  2.63 13.17  3.75 -1.08 -4.94  4.19 -9.09  3.60 -3.32  0.92  6.77 
utt>   231              an327-ftal-b  159    0    60 8  1 3 3.049476e-12 -2.009606e+02 -3.195274e+04
INFO: cmn.c(133): CMN: 46.74  1.24  4.27 17.04 -3.54 -3.49 -3.49  4.37 -14.94  3.63 -5.58  2.42  7.21 
utt>   232              an328-ftal-b  304    0    88 7  1 2 1.562786e-12 -1.959485e+02 -5.956835e+04
INFO: cmn.c(133): CMN: 44.64  8.51  1.86 13.32 -7.07  3.64 -4.78  4.87 -11.94  1.76 -2.26  1.96  6.82 
utt>   233              an329-ftal-b  228    0    60 6  1 2 1.254228e-12 -1.929198e+02 -4.398572e+04
INFO: cmn.c(133): CMN: 42.65 -4.61  5.67  8.87  1.06 -1.28 -6.44  6.49 -7.66  0.26 -0.74  3.93  6.31 
utt>   234              an330-ftal-b  169    0    44 7  1 3 2.022584e-12 -1.967305e+02 -3.324745e+04
INFO: cmn.c(133): CMN: 44.95  5.56  0.12  6.35  0.98  2.67 -3.43  2.90 -12.15  0.28 -0.61  1.33  8.00 
utt>   235               cen1-ftal-b  199    0    60 7  1 2 8.658008e-13 -1.939244e+02 -3.859095e+04
overall> stats 63713 (-0) -1.917688e+02 -1.221816e+07
WARN: "accum.c", line 628: Over 500 senones never occur in the input data. This is normal for context-dependent untied senone training or for adaptation, but could indicate a serious problem otherwise.
INFO: s3mixw_io.c(233): Wrote /home/rakha/Kuliah/Semester8/nlp/speech-sphinx/train-new-model/an4-master/bwaccumdir/an4_buff_1/mixw_counts [4854x4x64 array]
INFO: s3tmat_io.c(176): Wrote /home/rakha/Kuliah/Semester8/nlp/speech-sphinx/train-new-model/an4-master/bwaccumdir/an4_buff_1/tmat_counts [34x3x4 array]
INFO: s3gau_io.c(485): Wrote /home/rakha/Kuliah/Semester8/nlp/speech-sphinx/train-new-model/an4-master/bwaccumdir/an4_buff_1/gauden_counts with means with vars (2pass) [34x4x64 vector arrays]
INFO: main.c(999): Counts saved to /home/rakha/Kuliah/Semester8/nlp/speech-sphinx/train-new-model/an4-master/bwaccumdir/an4_buff_1
Mon May 23 22:39:40 2022
