        INFO: main.c(229): Compiled on May 22 2022 at 21:52:28
Current configuration:
[NAME]		[DEFLT]		[VALUE]
-2passvar	no		yes
-abeam		1e-100		1.000000e-90
-accumdir			/home/rakha/Kuliah/Semester8/nlp/speech-sphinx/train-new-model/an4-master/bwaccumdir/an4_buff_4
-agc		none		none
-agcthresh	2.0		2.000000e+00
-bbeam		1e-100		1.000000e-10
-cb2mllrfn	.1cls.		.1cls.
-cepdir				/home/rakha/Kuliah/Semester8/nlp/speech-sphinx/train-new-model/an4-master/feat
-cepext		mfc		sph
-ceplen		13		13
-ckptintv			0
-cmn		live		batch
-cmninit	40,3,-1		40,3,-1
-ctlfn				/home/rakha/Kuliah/Semester8/nlp/speech-sphinx/train-new-model/an4-master/etc/an4_train.fileids
-diagfull	no		no
-dictfn				/home/rakha/Kuliah/Semester8/nlp/speech-sphinx/train-new-model/an4-master/etc/an4.dic
-example	no		no
-fdictfn			/home/rakha/Kuliah/Semester8/nlp/speech-sphinx/train-new-model/an4-master/etc/an4.filler
-feat		1s_c_d_dd	s2_4x
-fullvar	no		no
-help		no		no
-hmmdir				
-latdir				
-latext				
-lda				
-ldadim		0		0
-lsnfn				/home/rakha/Kuliah/Semester8/nlp/speech-sphinx/train-new-model/an4-master/etc/an4_train.transcription
-lw		11.5		1.150000e+01
-maxuttlen	0		0
-meanfn				/home/rakha/Kuliah/Semester8/nlp/speech-sphinx/train-new-model/an4-master/model_parameters/an4.cd_ptm_untied/means
-meanreest	yes		yes
-mixwfn				/home/rakha/Kuliah/Semester8/nlp/speech-sphinx/train-new-model/an4-master/model_parameters/an4.cd_ptm_untied/mixture_weights
-mixwreest	yes		yes
-mllrmat			
-mmie		no		no
-mmie_type	rand		rand
-moddeffn			/home/rakha/Kuliah/Semester8/nlp/speech-sphinx/train-new-model/an4-master/model_architecture/an4.untied.mdef
-mwfloor	0.00001		1.000000e-08
-npart				4
-nskip				0
-outphsegdir			
-outputfullpath	no		no
-part				4
-pdumpdir			
-phsegdir			
-phsegext	phseg		phseg
-runlen		-1		-1
-sentdir			
-sentext	sent		sent
-spthresh	0.0		0.000000e+00
-svspec				
-timing		yes		no
-tmatfn				/home/rakha/Kuliah/Semester8/nlp/speech-sphinx/train-new-model/an4-master/model_parameters/an4.cd_ptm_untied/transition_matrices
-tmatreest	yes		yes
-topn		4		1
-tpfloor	0.0001		1.000000e-04
-ts2cbfn			.ptm.
-varfloor	0.00001		1.000000e-04
-varfn				/home/rakha/Kuliah/Semester8/nlp/speech-sphinx/train-new-model/an4-master/model_parameters/an4.cd_ptm_untied/variances
-varnorm	no		no
-varreest	yes		yes
-viterbi	no		no

INFO: feat.c(715): Initializing feature stream to type: 's2_4x', ceplen=13, CMN='batch', VARNORM='no', AGC='none'
INFO: main.c(318): Reading /home/rakha/Kuliah/Semester8/nlp/speech-sphinx/train-new-model/an4-master/model_architecture/an4.untied.mdef
INFO: model_def_io.c(573): Model definition info:
INFO: model_def_io.c(574): 1618 total models defined (34 base, 1584 tri)
INFO: model_def_io.c(575): 6472 total states
INFO: model_def_io.c(576): 4854 total tied states
INFO: model_def_io.c(577): 102 total tied CI states
INFO: model_def_io.c(578): 34 total tied transition matrices
INFO: model_def_io.c(579): 4 max state/model
INFO: model_def_io.c(580): 4 min state/model
INFO: s3mixw_io.c(117): Read /home/rakha/Kuliah/Semester8/nlp/speech-sphinx/train-new-model/an4-master/model_parameters/an4.cd_ptm_untied/mixture_weights [4854x4x64 array]
INFO: s3tmat_io.c(118): Read /home/rakha/Kuliah/Semester8/nlp/speech-sphinx/train-new-model/an4-master/model_parameters/an4.cd_ptm_untied/transition_matrices [34x3x4 array]
INFO: mod_inv.c(301): inserting tprob floor 1.000000e-04 and renormalizing
INFO: s3gau_io.c(169): Read /home/rakha/Kuliah/Semester8/nlp/speech-sphinx/train-new-model/an4-master/model_parameters/an4.cd_ptm_untied/means [34x4x64 array]
INFO: s3gau_io.c(169): Read /home/rakha/Kuliah/Semester8/nlp/speech-sphinx/train-new-model/an4-master/model_parameters/an4.cd_ptm_untied/variances [34x4x64 array]
INFO: gauden.c(176): 34 total mgau
INFO: gauden.c(150): 4 feature streams (|0|=12 |1|=24 |2|=3 |3|=12 )
INFO: gauden.c(187): 64 total densities
INFO: gauden.c(90): min_var=1.000000e-04
INFO: gauden.c(165): compute 1 densities/frame
INFO: main.c(431): Will reestimate mixing weights.
INFO: main.c(433): Will reestimate means.
INFO: main.c(435): Will reestimate variances.
INFO: main.c(443): Will reestimate transition matrices
INFO: main.c(456): Reading main dictionary: /home/rakha/Kuliah/Semester8/nlp/speech-sphinx/train-new-model/an4-master/etc/an4.dic
INFO: lexicon.c(221): 130 entries added from /home/rakha/Kuliah/Semester8/nlp/speech-sphinx/train-new-model/an4-master/etc/an4.dic
INFO: main.c(466): Reading filler dictionary: /home/rakha/Kuliah/Semester8/nlp/speech-sphinx/train-new-model/an4-master/etc/an4.filler
INFO: lexicon.c(221): 3 entries added from /home/rakha/Kuliah/Semester8/nlp/speech-sphinx/train-new-model/an4-master/etc/an4.filler
INFO: corpus.c(403): skipping 708 utts.
INFO: corpus.c(407): Last utt skipped: an387-mmtm-b
INFO: corpus.c(1062): Will process all remaining utts starting at 708
INFO: main.c(665): Reestimation: Baum-Welch
INFO: cmn.c(133): CMN: 43.44  1.61 -2.13  0.46 -0.78  8.86 -14.41 -9.06 -4.25 -6.25  6.61 -0.66  0.99 
column defns
	<seq>
	<id>
	<n_frame_in>
	<n_frame_del>
	<n_state_shmm>
	<avg_states_alpha>
	<avg_states_beta>
	<avg_states_reest>
	<avg_posterior_prune>
	<frame_log_lik>
	<utt_log_lik>
	... timing info ... 
utt>   708              an388-mmtm-b   90    0    28 7  1 2 1.358420e-12 -1.946012e+02 -1.751411e+04
INFO: cmn.c(133): CMN: 50.71  3.65 -0.82 17.13 -3.25  7.14 -10.59 -0.34  4.59 -13.28 10.07 -6.89 -0.04 
utt>   709              an389-mmtm-b  305    0    84 7  1 2 1.527269e-12 -1.888613e+02 -5.760269e+04
INFO: cmn.c(133): CMN: 41.68  2.38 -1.13 26.49  3.88  5.36 -5.98 -2.98  0.70 -11.05  4.22 -3.67  1.87 
utt>   710              an390-mmtm-b   79    0    28 7  1 3 3.186520e-12 -1.890332e+02 -1.493363e+04
INFO: cmn.c(133): CMN: 54.42  5.87 -1.50 14.76 -7.37  5.86 -17.80  0.53 -0.94 -11.21 16.96 -7.09  1.41 
utt>   711               cen1-mmtm-b  201    0    40 7  1 1 7.826242e-13 -1.910249e+02 -3.839601e+04
INFO: cmn.c(133): CMN: 50.45  1.50 -1.77 29.52 -3.83  2.60 -11.06  4.73 -0.99 -14.04  8.77 -7.47  1.02 
utt>   712               cen2-mmtm-b  290    0    76 7  1 2 1.522894e-12 -1.877645e+02 -5.445171e+04
INFO: cmn.c(133): CMN: 46.70 10.91 -2.20 12.10 -7.68  7.09 -4.96 -3.41 -7.27 -9.60 18.55 -5.05 -3.83 
utt>   713               cen3-mmtm-b  149    0    48 7  1 2 1.489444e-12 -1.897596e+02 -2.827419e+04
INFO: cmn.c(133): CMN: 50.59  7.34 -2.63 25.07 -11.04  8.04 -12.50  2.49 -0.20 -12.38 11.00 -5.08 -0.25 
utt>   714               cen4-mmtm-b  519    0    88 6  1 1 6.832891e-13 -1.856021e+02 -9.632750e+04
INFO: cmn.c(133): CMN: 49.98  6.71 -2.91 21.91 -9.62 10.11 -8.42  0.45  0.75 -9.63 10.69 -2.39 -1.22 
utt>   715               cen5-mmtm-b  239    0    44 8  1 2 1.387802e-12 -1.874717e+02 -4.480575e+04
INFO: cmn.c(133): CMN: 51.60 11.36 -1.94  2.60 -13.63 10.22 -11.46 -0.01 -3.31 -8.37 12.34 -2.25 -3.45 
utt>   716               cen6-mmtm-b  208    0    84 8  1 3 1.630605e-12 -1.924947e+02 -4.003891e+04
INFO: cmn.c(133): CMN: 49.58  9.63 -4.69  9.93 -7.02  8.41 -8.25 -1.56  1.05 -9.49 12.60 -6.04 -3.94 
utt>   717               cen7-mmtm-b  314    0    96 7  1 2 2.017879e-12 -1.897234e+02 -5.957314e+04
INFO: cmn.c(133): CMN: 48.01  2.89 -2.94 10.77 -3.21  9.50 -11.32  0.43  0.98 -8.38  5.06 -4.55 -0.09 
utt>   718               cen8-mmtm-b  279    0   116 6  1 2 1.048459e-12 -1.945362e+02 -5.427561e+04
INFO: cmn.c(133): CMN: 41.62 -2.74  9.59 21.32 -5.44 -5.89  6.33 -5.58 -1.66 -5.08 -3.32 -0.71 -8.76 
utt>   719              an346-mnfe-b  397    0    84 6  1 1 6.963318e-13 -1.896661e+02 -7.529743e+04
INFO: cmn.c(133): CMN: 31.84  2.07  3.23 -2.23 -9.37 -2.82 -2.79 -2.43 -2.50 -1.49 -3.82  0.81 -0.08 
utt>   720              an347-mnfe-b   89    0    24 7  1 2 4.424559e-13 -1.950693e+02 -1.736116e+04
INFO: cmn.c(133): CMN: 40.75  1.01  4.76 12.70 -1.37 -8.27  1.28 -8.79 -0.20 -2.80 -1.23 -4.50 -1.24 
utt>   721              an348-mnfe-b  212    0    68 7  1 2 7.385491e-13 -1.929467e+02 -4.090469e+04
INFO: cmn.c(133): CMN: 42.28  9.17 -1.46  7.25 -7.67 -10.89 -2.56 -6.55  0.15 -4.07  1.78  1.14 -0.58 
utt>   722              an349-mnfe-b  455    0    92 6  1 1 7.899660e-13 -1.890244e+02 -8.600609e+04
INFO: cmn.c(133): CMN: 36.73  5.49  0.53 14.34 -5.39  0.61 -4.98 -8.80  0.40 -1.87 -4.54 -4.64  0.46 
utt>   723              an350-mnfe-b  139    0    32 7  1 2 7.530470e-13 -1.945932e+02 -2.704845e+04
INFO: cmn.c(133): CMN: 40.87  6.94  2.14  5.06 -4.61 -6.49  3.98 -5.66 -3.15 -2.36  1.84 -1.53 -4.11 
utt>   724               cen1-mnfe-b  259    0    40 6  1 1 1.342363e-12 -1.861591e+02 -4.821521e+04
INFO: cmn.c(133): CMN: 43.59  4.52  0.47 11.89 -2.15 -15.27 11.56 -7.56  4.53 -0.86  4.04 -4.04 -7.32 
utt>   725               cen2-mnfe-b  192    0    32 7  1 1 1.105253e-12 -1.884332e+02 -3.617918e+04
INFO: cmn.c(133): CMN: 41.65  5.59  3.36 13.66 -0.18 -14.46  6.45 -7.89  2.42 -4.66 -2.21 -10.30 -0.66 
utt>   726               cen3-mnfe-b  169    0    60 7  1 3 2.550148e-12 -1.904164e+02 -3.218037e+04
INFO: cmn.c(133): CMN: 41.71  6.59  4.43 10.33 -9.84 -5.84  9.66 -5.89 -9.47 -5.42 -0.60  2.16 -4.82 
utt>   727               cen4-mnfe-b  409    0    76 7  1 1 1.450324e-13 -1.871176e+02 -7.653111e+04
INFO: cmn.c(133): CMN: 41.88 -3.15  7.36 21.24 -3.96 -9.02  5.80 -4.34 -3.26 -1.09 -4.27  4.64 -9.28 
utt>   728               cen5-mnfe-b  514    0    84 8  1 2 1.016440e-12 -1.864423e+02 -9.583136e+04
INFO: cmn.c(133): CMN: 42.78 10.44  0.91  9.17 -5.13 -6.62  5.37 -6.45 -1.12 -1.56 -1.99 -4.15 -3.89 
utt>   729               cen6-mnfe-b  289    0    72 8  1 2 2.011370e-12 -1.933811e+02 -5.588712e+04
INFO: cmn.c(133): CMN: 41.09  1.84  0.63 10.59 -2.67 -5.91 -0.73 -5.33 -1.17 -0.87  0.03  0.13 -6.27 
utt>   730               cen7-mnfe-b  398    0    84 7  1 2 1.405275e-12 -1.887397e+02 -7.511839e+04
INFO: cmn.c(133): CMN: 42.02  6.52  7.95 15.54 -8.30 -8.24  2.56 -8.03  3.34 -9.40  2.13 -6.00 -4.20 
utt>   731               cen8-mnfe-b  214    0    88 7  1 2 1.008869e-12 -1.953533e+02 -4.180561e+04
INFO: cmn.c(133): CMN: 47.62  5.74 -2.83 17.20 -3.83 -5.42 -0.29 -1.54 -0.23 -1.78 -2.62 -3.14  6.20 
utt>   732               an81-mnjl-b  218    0    76 8  1 2 1.452523e-12 -1.966316e+02 -4.286570e+04
INFO: cmn.c(133): CMN: 47.22  2.94  1.72 13.85 -8.64 -2.78  0.45 -4.18 -0.18 -5.24 -1.73 -1.72  0.03 
utt>   733               an82-mnjl-b  339    0    76 6  1 2 1.065293e-12 -1.891726e+02 -6.412951e+04
INFO: cmn.c(133): CMN: 47.39 -10.40  5.56 10.23 -4.64  2.26 -13.61  4.86 -1.06  0.03 -2.71 -3.06  6.85 
utt>   734               an83-mnjl-b  126    0    36 7  1 3 1.106934e-12 -1.930465e+02 -2.432386e+04
INFO: cmn.c(133): CMN: 45.70 -0.09 -0.67 15.24 -2.27 -2.67 -6.52 -3.19 -0.78 -1.03 -1.14 -4.76  5.46 
utt>   735               an84-mnjl-b  189    0    64 7  1 3 1.855932e-12 -1.931207e+02 -3.649981e+04
INFO: cmn.c(133): CMN: 47.25  3.74  5.50 17.12 -10.98 -1.98  8.18 -6.43  1.87 -4.27 -2.06 -4.39 -0.70 
utt>   736               an85-mnjl-b  380    0   108 6  1 2 1.110545e-12 -1.934276e+02 -7.350250e+04
INFO: cmn.c(133): CMN: 46.96 11.29 -1.59  6.44 -13.96  0.37  5.30 -4.97 -3.40  1.67 -2.97  4.73 -0.78 
utt>   737               cen1-mnjl-b  409    0   100 6  1 1 7.524029e-13 -1.930416e+02 -7.895401e+04
INFO: cmn.c(133): CMN: 45.64  1.51  0.16 22.50 -5.73 -13.30 -4.13  3.83 -1.22 -2.55  2.17 -1.94  8.40 
utt>   738               cen2-mnjl-b  194    0    48 8  1 2 1.445342e-12 -1.941839e+02 -3.767168e+04
INFO: cmn.c(133): CMN: 43.51  2.42  6.07  0.77 -11.20  4.90  0.28 -7.99 -3.51  4.32  3.58 -6.50  4.60 
utt>   739               cen3-mnjl-b  119    0    44 7  1 3 2.424073e-12 -1.985386e+02 -2.362610e+04
INFO: cmn.c(133): CMN: 44.24 -0.46  4.34 20.22 -3.36 -5.47  3.74 -1.28 -3.69 -3.35 -2.17 -0.52 -2.45 
utt>   740               cen5-mnjl-b  319    0    84 8  1 3 1.401209e-12 -1.942854e+02 -6.197705e+04
INFO: cmn.c(133): CMN: 44.71  7.26  0.48  6.04 -7.78 -1.19  0.88 -4.14 -2.26 -0.60  3.70 -3.18  3.48 
utt>   741               cen6-mnjl-b  195    0    72 8  1 3 3.091036e-12 -1.965466e+02 -3.832658e+04
INFO: cmn.c(133): CMN: 47.19  0.10  4.10  9.50 -9.35 -1.51 -4.00 -0.14 -3.87 -3.15 -2.72 -4.29  4.01 
utt>   742               cen7-mnjl-b  356    0   132 8  1 2 1.865094e-12 -1.953062e+02 -6.952900e+04
INFO: cmn.c(133): CMN: 48.77  0.97  6.84  7.36 -11.10  0.28  1.50 -2.27  0.74 -3.47  5.16 -3.20  6.58 
utt>   743               cen8-mnjl-b  214    0    88 7  1 2 2.094190e-12 -1.975300e+02 -4.227141e+04
INFO: cmn.c(133): CMN: 46.96 -1.64  1.01 28.03 -3.90 -0.93 -3.72 -6.18  2.88 -16.11  7.36 -9.32 -7.50 
utt>   744               an71-mrab-b  286    0   100 7  1 2 1.926699e-12 -1.908350e+02 -5.457880e+04
INFO: cmn.c(133): CMN: 38.80 -2.90 -2.11 -1.07 -15.24  8.63 -7.99  5.21 -2.75 -2.72  6.34  3.48 -5.77 
utt>   745               an72-mrab-b   71    0    24 8  1 2 3.317665e-12 -1.962774e+02 -1.393570e+04
INFO: cmn.c(133): CMN: 43.76  2.58 -5.62 13.55 -5.96  6.46 -12.71 -9.77  6.96 -10.66  4.87 -4.27 -3.83 
utt>   746               an73-mrab-b  149    0    52 7  1 3 1.252583e-12 -1.922557e+02 -2.864610e+04
INFO: cmn.c(133): CMN: 42.67  7.69 -8.72 17.07 -4.71  3.87 -7.78 -7.41  9.92 -14.70  3.08  0.98 -9.70 
utt>   747               an74-mrab-b  289    0   104 7  1 2 2.171505e-12 -1.964307e+02 -5.676848e+04
INFO: cmn.c(133): CMN: 48.42 -1.55 -3.18 25.18 -1.12 -1.68 -15.41  1.00  2.28 -13.24 -0.32 -2.29 -3.65 
utt>   748               an75-mrab-b  301    0    92 6  1 2 5.818930e-13 -1.918691e+02 -5.775260e+04
INFO: cmn.c(133): CMN: 57.17 12.89 -16.47 35.71 -7.69 -2.30 -17.89 -15.85 17.49 -23.54  9.95 -10.77  5.13 
utt>   749               cen1-mrab-b  153    0    56 8  1 2 7.498505e-13 -1.901438e+02 -2.909200e+04
INFO: cmn.c(133): CMN: 46.54  8.42 -8.51 22.87 -8.01  8.90 -11.66 -10.18  6.73 -19.17  4.51  2.32 -3.34 
utt>   750               cen2-mrab-b  179    0    48 6  1 2 5.296703e-13 -1.912251e+02 -3.422929e+04
INFO: cmn.c(133): CMN: 43.15  7.05 -4.80 17.35 -8.28  3.80 -7.87 -4.34  1.68 -14.04 10.16 -5.65 -1.13 
utt>   751               cen3-mrab-b  110    0    52 7  1 3 2.554884e-12 -1.994564e+02 -2.194021e+04
INFO: cmn.c(133): CMN: 49.06 12.03 -10.02 32.38 -10.76  0.05 -11.67 -8.51  3.02 -22.46 10.65 -3.47 -3.17 
utt>   752               cen4-mrab-b  306    0    80 7  1 2 1.071465e-12 -1.856550e+02 -5.681042e+04
INFO: cmn.c(133): CMN: 49.46  6.49 -6.51 25.24 -10.17 -3.17 -4.72 -6.29  1.36 -17.54 11.19 -7.46 -2.58 
utt>   753               cen5-mrab-b  253    0    68 6  1 2 1.000983e-12 -1.913697e+02 -4.841654e+04
INFO: cmn.c(133): CMN: 45.63  1.11 -2.27 10.16 -2.29  7.02 -22.02 -4.99 -0.72 -9.85  2.89 -4.73 -1.20 
utt>   754               cen6-mrab-b  162    0    72 7  1 3 1.094225e-12 -1.957015e+02 -3.170365e+04
INFO: cmn.c(133): CMN: 47.46  9.04 -11.73 17.98 -11.14  2.45 -11.12 -13.31  5.50 -15.72  6.98 -1.51 -8.10 
utt>   755               cen7-mrab-b  200    0    84 7  1 2 1.866604e-12 -1.948432e+02 -3.896865e+04
INFO: cmn.c(133): CMN: 44.74  3.60 -3.60 21.82 -5.76  1.92 -13.16 -2.45  5.37 -14.44  1.19 -3.73 -2.72 
utt>   756               cen8-mrab-b  177    0    88 7  1 3 1.244481e-12 -1.959966e+02 -3.469141e+04
INFO: cmn.c(133): CMN: 47.45  2.78 -7.15 13.56 -9.77  5.15 -9.09 -9.05  3.56 -5.92 -0.70  2.90 -3.46 
utt>   757              an101-mrcb-b  339    0    92 7  1 2 1.922101e-12 -1.905861e+02 -6.460868e+04
INFO: cmn.c(133): CMN: 40.44 13.00 -4.40  8.50 -7.01 -0.71  5.82 -10.11 -4.03 -8.53  4.16  4.86 -4.76 
utt>   758              an102-mrcb-b   71    0    16 6  1 3 1.891418e-12 -1.932671e+02 -1.372196e+04
INFO: cmn.c(133): CMN: 50.52  0.39 -5.87 21.38 -1.29  3.57 -11.46 -10.32  0.36 -9.74 -0.06 -1.75  0.96 
utt>   759              an103-mrcb-b  392    0   136 6  1 2 6.235696e-13 -1.911013e+02 -7.491172e+04
INFO: cmn.c(133): CMN: 42.12  0.28 -3.13  0.23 -6.12  6.73 -9.58 -9.23 -3.90  2.89 -0.11  7.08  1.12 
utt>   760              an104-mrcb-b   99    0    28 7  1 3 2.361615e-12 -1.903279e+02 -1.884246e+04
INFO: cmn.c(133): CMN: 44.88  6.99 -7.19 13.41 -3.18  1.03 -9.26 -17.16  6.07 -4.65 -2.13 -2.10  3.74 
utt>   761              an105-mrcb-b  149    0    40 7  1 2 1.030922e-12 -1.940725e+02 -2.891681e+04
INFO: cmn.c(133): CMN: 47.49  1.08 -7.89 17.59 -7.23 -0.03 -4.25 -13.56  0.62 -12.17  3.59  5.95  1.46 
utt>   762               cen1-mrcb-b  193    0    44 7  1 2 1.103453e-12 -1.954101e+02 -3.771415e+04
INFO: cmn.c(133): CMN: 45.25  9.41 -8.62 12.42 -9.73 -3.83 -2.71 -9.91  8.41 -10.23  4.37  4.18  1.69 
utt>   763               cen2-mrcb-b  187    0    44 7  1 2 8.481014e-13 -1.935994e+02 -3.620309e+04
INFO: cmn.c(133): CMN: 43.14  3.19 -5.67 11.48 -2.71  2.79 -3.56 -9.12  0.91 -8.28  1.29  1.69 -3.50 
utt>   764               cen3-mrcb-b  168    0    52 7  1 3 2.142060e-12 -1.937760e+02 -3.255437e+04
INFO: cmn.c(133): CMN: 41.69  3.22 -2.49 21.34 -5.60 -3.98  4.89 -11.01  3.90 -9.80  3.53  0.32  0.70 
utt>   765               cen4-mrcb-b  279    0    48 8  1 2 1.322286e-12 -1.919192e+02 -5.354545e+04
INFO: cmn.c(133): CMN: 47.67  1.21 -8.34 27.49 -3.32 -2.94 -1.92 -12.91  4.68 -13.19  6.01 -3.99  1.25 
utt>   766               cen5-mrcb-b  333    0    84 7  1 2 1.915075e-12 -1.894824e+02 -6.309764e+04
INFO: cmn.c(133): CMN: 49.27  6.61 -4.02  6.88 -10.15  2.22  0.56 -14.59  2.20 -8.65  6.42  1.35 -6.66 
utt>   767               cen6-mrcb-b  158    0    80 8  2 3 3.767403e-12 -1.949223e+02 -3.079772e+04
INFO: cmn.c(133): CMN: 47.17  4.57 -6.52 16.63 -2.80  4.36 -6.09 -11.81  4.59 -12.77  2.57 -1.87  0.05 
utt>   768               cen7-mrcb-b  433    0   144 7  1 2 1.930474e-12 -1.934304e+02 -8.375535e+04
INFO: cmn.c(133): CMN: 47.87  1.78 -6.18 14.76 -2.33  2.35 -8.23 -10.29  2.80 -8.96 -0.38 -1.28 -2.51 
utt>   769               cen8-mrcb-b  268    0   120 6  1 2 1.534837e-12 -1.988993e+02 -5.330501e+04
INFO: cmn.c(133): CMN: 48.50 -9.59 -0.34 12.98 -10.13  9.00 -13.60  2.25 -5.18 -1.84  0.18 -5.56 -0.66 
utt>   770             an236-mrjc2-b   65    0    20 6  2 3 1.259352e-12 -1.858708e+02 -1.208160e+04
INFO: cmn.c(133): CMN: 50.24 -5.09 -3.35 14.56 -8.28 15.65 -15.34 -0.89 -0.84 -6.38  5.71 -4.11 -1.71 
utt>   771             an237-mrjc2-b  113    0    40 7  1 3 1.296852e-12 -1.913111e+02 -2.161815e+04
INFO: cmn.c(133): CMN: 47.34 -9.99 -4.69  4.51 -19.49  9.46 -7.07  5.73 -6.34 -0.08  5.74 -1.08 -6.71 
utt>   772             an238-mrjc2-b   66    0    24 8  1 2 3.825215e-12 -1.959396e+02 -1.293201e+04
INFO: cmn.c(133): CMN: 49.08  2.21 -5.83 14.48 -13.25 10.93 -18.09  8.56  4.44 -7.30  1.81  1.86 -0.99 
utt>   773             an239-mrjc2-b  279    0    88 6  1 2 1.335821e-12 -1.913901e+02 -5.339782e+04
INFO: cmn.c(133): CMN: 49.95  0.58 -6.63 15.04 -7.47 14.34 -14.42  3.10  1.33 -6.75  2.22 -3.39 -1.29 
utt>   774             an240-mrjc2-b  186    0    64 7  1 2 1.100667e-12 -1.961489e+02 -3.648370e+04
INFO: cmn.c(133): CMN: 47.19  1.00 -1.98 15.52 -18.02 14.04 -13.36  5.89  1.67 -4.33 -5.17  1.13 -1.42 
utt>   775              cen1-mrjc2-b  409    0    60 6  1 1 5.347074e-13 -1.885600e+02 -7.712103e+04
INFO: cmn.c(133): CMN: 49.99 -0.94 -6.72 17.17 -18.62 10.72 -20.23  8.35  5.22 -8.67  1.36  1.10 -0.42 
utt>   776              cen2-mrjc2-b  312    0    56 7  1 2 1.802255e-12 -1.861217e+02 -5.806997e+04
INFO: cmn.c(133): CMN: 47.21 -11.33  1.04 10.18 -5.48 10.03 -13.38  7.83 -4.93 -0.14 -1.38 -3.08 -0.37 
utt>   777              cen3-mrjc2-b  209    0    64 8  1 2 2.438264e-12 -1.910032e+02 -3.991968e+04
INFO: cmn.c(133): CMN: 47.04  3.60 -9.20 22.46 -16.90  6.36 -9.68 10.31  2.18 -5.06 -0.84  1.98 -5.23 
utt>   778              cen4-mrjc2-b  349    0    64 7  1 1 6.312693e-13 -1.886854e+02 -6.585120e+04
INFO: cmn.c(133): CMN: 47.66 -6.44 -2.97 29.45 -14.21  6.21 -14.73  6.66 -1.80 -9.58 -1.16 -0.75 -3.37 
utt>   779              cen5-mrjc2-b  354    0    84 8  1 2 1.800679e-12 -1.882307e+02 -6.663368e+04
INFO: cmn.c(133): CMN: 47.01 -5.23 -0.85 10.99 -14.68 10.81 -10.03  6.41 -7.88 -4.71  0.87 -1.80 -1.46 
utt>   780              cen6-mrjc2-b  229    0    64 7  1 3 1.960867e-12 -1.897619e+02 -4.345547e+04
INFO: cmn.c(133): CMN: 48.16 -5.70 -3.30  5.40 -10.58  7.58 -11.20  5.57 -4.23 -1.53  1.63 -2.47 -3.84 
utt>   781              cen7-mrjc2-b  329    0   108 7  1 2 1.531098e-12 -1.890156e+02 -6.218613e+04
INFO: cmn.c(133): CMN: 45.92  2.34 -13.31  6.02 -16.35  5.72 -8.73  4.05 -2.07 -0.46  1.62  1.56 -6.58 
utt>   782              cen8-mrjc2-b  329    0    64 7  1 2 9.404540e-13 -1.859522e+02 -6.117828e+04
INFO: cmn.c(133): CMN: 41.36  0.21 -3.56 11.85 -0.15  7.00 -11.97 -5.59 -0.32 -6.01 -3.72 -5.55  0.68 
utt>   783              an281-mrmg-b  138    0    28 7  1 2 1.109893e-12 -1.941289e+02 -2.678979e+04
INFO: cmn.c(133): CMN: 46.85  9.16 -11.14  9.20 -11.35 -1.36 -4.63 -6.19 -2.98 -9.71  7.79 -0.29 -5.36 
utt>   784              an282-mrmg-b   71    0    16 5  1 2 2.669453e-14 -1.812923e+02 -1.287175e+04
INFO: cmn.c(133): CMN: 49.10 -1.52 -6.66 17.80 -9.78  2.14 -3.90 -4.61  0.21  0.35  2.56 -1.37 -0.58 
utt>   785              an283-mrmg-b  499    0   120 6  1 2 1.110468e-12 -1.930572e+02 -9.633556e+04
INFO: cmn.c(133): CMN: 43.31 -9.70  1.44  4.91 -1.60  6.59 -11.69 -6.48 -0.57  0.81 -1.57 -4.44  2.56 
utt>   786              an284-mrmg-b  146    0    36 8  1 3 1.165127e-12 -1.961236e+02 -2.863405e+04
INFO: cmn.c(133): CMN: 48.58  3.42 -8.25 19.66 -2.79 -8.32 -6.28 -1.60 -2.92 -2.04  1.77 -4.03 -1.57 
utt>   787              an285-mrmg-b  333    0    80 6  1 1 5.769072e-13 -1.917751e+02 -6.386111e+04
INFO: cmn.c(133): CMN: 46.36 -6.43 -5.31 26.15 -8.58 -0.91  0.56 -3.55  2.24  0.95 -2.68  2.02 -3.77 
utt>   788               cen1-mrmg-b  323    0    40 7  1 1 4.347403e-13 -1.910403e+02 -6.170602e+04
INFO: cmn.c(133): CMN: 51.79  1.71 -8.75 16.64 -9.79 -0.75 -3.49 -7.75  7.38 -4.28  3.05 -3.06  0.12 
utt>   789               cen2-mrmg-b  359    0    56 6  1 2 1.472055e-12 -1.922637e+02 -6.902268e+04
INFO: cmn.c(133): CMN: 49.99  6.41 -1.78 12.20 -9.04  1.92  4.14 -11.04  4.76 -8.34  1.21 -3.89 -7.25 
utt>   790               cen3-mrmg-b  161    0    36 6  1 2 3.614962e-13 -1.930101e+02 -3.107463e+04
INFO: cmn.c(133): CMN: 47.47 -7.38  1.22 37.10 -6.34 -6.31  6.33 -7.66  2.50 -2.99  2.77 -3.98 -1.57 
utt>   791               cen4-mrmg-b  344    0    52 7  1 2 2.368831e-13 -1.863406e+02 -6.410116e+04
INFO: cmn.c(133): CMN: 50.02 -5.08 -1.90 31.08 -9.97 -2.66  6.20 -9.35  1.64 -4.31  4.42 -4.06 -3.24 
utt>   792               cen5-mrmg-b  473    0    84 7  1 2 1.345681e-12 -1.885839e+02 -8.920020e+04
INFO: cmn.c(133): CMN: 49.80  2.51 -6.57 11.61 -10.43  3.88  0.14 -12.33  7.22 -5.09 -0.27  1.15 -2.39 
utt>   793               cen6-mrmg-b  239    0    68 7  1 3 1.473990e-12 -1.967587e+02 -4.702532e+04
INFO: cmn.c(133): CMN: 52.62  1.97 -8.82 18.66 -6.40  2.43  0.49 -14.91  7.97 -10.24 -1.12 -0.59 -6.46 
utt>   794               cen7-mrmg-b  316    0    80 6  1 2 1.670650e-12 -1.914995e+02 -6.051385e+04
INFO: cmn.c(133): CMN: 49.18  2.20 -5.05  6.24 -7.65  7.08 -7.09 -11.12  2.84 -2.41  3.15 -5.96  0.99 
utt>   795               cen8-mrmg-b  219    0    84 8  1 3 1.555797e-12 -1.961899e+02 -4.296559e+04
INFO: cmn.c(133): CMN: 46.38  1.41 -2.34 12.57 -4.59  1.59 -7.17  0.12  6.08 -1.48 -4.73 -4.43 -1.87 
utt>   796             an356-mscg2-b  198    0    52 7  1 2 2.633823e-12 -1.914198e+02 -3.790111e+04
INFO: cmn.c(133): CMN: 44.52 -8.16 14.78 12.02 -0.07 -0.69 -8.42  8.20  0.21 -6.64 -2.05 -3.71  4.88 
utt>   797             an357-mscg2-b   81    0    20 6  1 3 3.065293e-12 -1.925476e+02 -1.559635e+04
INFO: cmn.c(133): CMN: 45.67  3.54  7.12 12.88 -1.49  3.14 -1.87  1.09  1.73 -4.96  0.69 -5.86 -0.65 
utt>   798             an358-mscg2-b  402    0    80 7  1 2 1.297485e-12 -1.939852e+02 -7.798206e+04
INFO: cmn.c(133): CMN: 47.22  7.22  5.57 20.78  2.54 -1.72  2.00 -0.06 -1.62 -7.37  0.77 -3.71 -7.40 
utt>   799             an359-mscg2-b  320    0    56 6  1 2 1.097560e-12 -1.898315e+02 -6.074608e+04
INFO: cmn.c(133): CMN: 37.97  0.43  3.37 22.19  4.74  6.95  1.76  2.71  4.74 -11.36 -1.50  3.69 -3.01 
utt>   800             an360-mscg2-b  102    0    28 6  1 2 4.611676e-13 -1.933078e+02 -1.971740e+04
INFO: cmn.c(133): CMN: 43.66  0.01  6.65 23.50  2.66  3.63  0.21  3.58  0.44 -9.18  2.52 -4.15 -1.54 
utt>   801              cen1-mscg2-b  235    0    44 6  1 2 3.794755e-13 -1.892234e+02 -4.446750e+04
INFO: cmn.c(133): CMN: 39.76 -1.83 11.91 28.66  3.35 -1.54  7.28  2.55 -4.20  1.12 -3.72  0.76 -2.85 
utt>   802              cen2-mscg2-b  279    0    48 8  1 2 9.070005e-13 -1.923575e+02 -5.366774e+04
INFO: cmn.c(133): CMN: 44.41  9.15 -4.70  2.75 -6.65  5.03  0.62 -2.35  1.10  0.85  7.70 -9.25  1.03 
utt>   803              cen3-mscg2-b  229    0    64 8  1 3 1.694826e-12 -1.931564e+02 -4.423282e+04
INFO: cmn.c(133): CMN: 45.62  8.19  2.32 19.05  2.58 -6.98 -2.22  3.84  0.89 -8.89  8.16 -1.83 -3.71 
utt>   804              cen4-mscg2-b  346    0    60 8  1 2 9.470974e-13 -1.917116e+02 -6.633221e+04
INFO: cmn.c(133): CMN: 45.40 -1.98  9.65 26.39 -0.31  1.01 -1.72  2.48  0.34 -11.05 -0.03 -1.85 -4.51 
utt>   805              cen5-mscg2-b  432    0    84 8  1 2 1.694126e-12 -1.909713e+02 -8.249961e+04
INFO: cmn.c(133): CMN: 42.72 -2.39  3.18  9.75  2.45  3.36 -10.76  4.30  1.63 -6.73  3.92 -5.63 -1.51 
utt>   806              cen6-mscg2-b  274    0    68 8  1 3 1.817644e-12 -1.929885e+02 -5.287884e+04
INFO: cmn.c(133): CMN: 41.32 -6.36  6.84  7.52  4.59 -1.68 -9.10  3.89 -0.55 -6.06 -1.33 -6.42  1.12 
utt>   807              cen7-mscg2-b  389    0    96 7  1 2 1.489271e-12 -1.918596e+02 -7.463337e+04
INFO: cmn.c(133): CMN: 41.66  0.50  3.44 16.18  4.03  0.19 -4.41  4.35 -4.41 -2.54  2.63 -9.84 -0.17 
utt>   808              cen8-mscg2-b  293    0    88 8  1 2 1.588902e-12 -1.916139e+02 -5.614289e+04
INFO: cmn.c(133): CMN: 37.08 -4.68  9.68  0.51  0.83 -2.44 -3.61 -2.03 -6.57 -0.32 -1.59 -0.50 -2.78 
utt>   809              an341-msct-b   99    0    20 7  1 2 3.659964e-13 -1.922206e+02 -1.902984e+04
INFO: cmn.c(133): CMN: 44.08 10.53  4.23  1.10 -1.99 -5.76 -10.98  0.89 -5.59 -1.51 -1.97 -3.69  1.21 
utt>   810              an342-msct-b  405    0   112 7  1 2 1.642749e-12 -1.963583e+02 -7.952513e+04
INFO: cmn.c(133): CMN: 41.93  7.52  2.21  7.24  2.55  0.30 -9.73  1.56 -4.87 -0.28 -3.82 -3.58  1.02 
utt>   811              an343-msct-b  189    0    52 7  1 2 1.090031e-12 -1.984958e+02 -3.751571e+04
INFO: cmn.c(133): CMN: 48.15  3.66  8.97 11.32  4.51 -10.36 -7.08  3.81 -11.31 -2.12 -7.28 -3.07 -4.36 
utt>   812              an344-msct-b  399    0    88 6  1 2 1.394062e-12 -1.906250e+02 -7.605936e+04
INFO: cmn.c(133): CMN: 45.46 12.96  2.98  2.46  1.70 -3.03 -11.66  3.41 -8.79 -4.08 -3.85 -1.75 -4.00 
utt>   813              an345-msct-b  569    0   152 7  1 2 1.208775e-12 -1.925389e+02 -1.095547e+05
INFO: cmn.c(133): CMN: 53.98 10.75  7.66  0.80  4.63 -1.81 -8.42  5.89 -15.41 -0.72 -5.00 -0.39 -0.34 
utt>   814               cen1-msct-b  172    0    36 6  1 2 1.228312e-12 -1.956781e+02 -3.365663e+04
INFO: cmn.c(133): CMN: 44.16  0.17 13.10 15.91 10.81 -9.22  3.76  4.42 -14.31  1.62 -4.86 -6.47 -5.91 
utt>   815               cen2-msct-b  249    0    48 8  1 2 1.328673e-12 -1.951406e+02 -4.859001e+04
INFO: cmn.c(133): CMN: 46.57 11.39  1.75  1.79  2.76 -3.11 -15.12  7.02 -8.99  1.81 -4.59 -5.54  1.32 
utt>   816               cen3-msct-b  149    0    48 8  1 3 2.052831e-12 -1.940467e+02 -2.891295e+04
INFO: cmn.c(133): CMN: 44.53  4.32 17.50 12.87  3.71 -11.46  0.23  7.56 -16.76  2.92 -6.28 -5.10 -4.59 
utt>   817               cen4-msct-b  214    0    48 6  1 2 7.709140e-13 -1.941589e+02 -4.155000e+04
INFO: cmn.c(133): CMN: 44.30  3.30 13.40 15.11  4.29 -3.07 -3.59  5.37 -12.32 -3.15 -3.71 -5.12 -5.70 
utt>   818               cen5-msct-b  379    0    84 9  1 2 1.653160e-12 -1.932905e+02 -7.325709e+04
INFO: cmn.c(133): CMN: 41.52  7.43  3.63  3.23  2.61  0.27 -11.00  2.86 -6.27 -2.79 -2.35 -4.41 -3.33 
utt>   819               cen6-msct-b  239    0    72 8  1 3 8.940062e-13 -1.978225e+02 -4.727957e+04
INFO: cmn.c(133): CMN: 46.38  4.88  7.20  9.25 10.14 -3.26 -9.35  7.06 -9.62 -2.74 -3.62 -1.97  0.43 
utt>   820               cen7-msct-b  302    0   100 7  1 2 1.762629e-12 -1.947779e+02 -5.882293e+04
INFO: cmn.c(133): CMN: 45.05  6.80  3.41  5.55  7.40 -3.81 -10.77  7.33 -7.81  2.38 -3.19 -4.51 -0.68 
utt>   821               cen8-msct-b  220    0    72 7  1 2 1.545110e-12 -1.938707e+02 -4.265156e+04
INFO: cmn.c(133): CMN: 40.44  6.21  0.73 14.91  3.67  2.39 -2.28 -0.14 -13.73 -0.54 -8.31  3.71 -3.28 
utt>   822              an226-msjm-b   89    0    28 7  1 2 5.184171e-13 -1.974525e+02 -1.757328e+04
INFO: cmn.c(133): CMN: 49.87 -2.04  0.09  8.80 -7.00  1.38 -14.22  1.08 -6.03 -3.41 -3.64  1.53 -6.12 
utt>   823              an227-msjm-b  251    0    76 6  1 2 1.191442e-12 -1.935624e+02 -4.858415e+04
INFO: cmn.c(133): CMN: 50.90  2.61  2.55 19.28 -1.48 -7.24 -12.43  5.63 -16.52 -0.84 -8.35  3.33 -4.96 
utt>   824              an228-msjm-b  354    0   120 7  1 2 4.131497e-13 -1.945384e+02 -6.886659e+04
INFO: cmn.c(133): CMN: 43.64  4.91  0.03 21.78  3.03 -3.15 -6.64  4.21 -16.29  2.60 -11.82  3.43 -2.72 
utt>   825              an229-msjm-b   74    0    28 7  1 2 3.826506e-13 -1.948634e+02 -1.441989e+04
INFO: cmn.c(133): CMN: 42.40  0.47  3.54 -5.86 -10.93 11.93 -3.18  0.76 -4.33  1.58  1.93  3.17 -4.21 
utt>   826              an230-msjm-b   99    0    24 8  1 2 5.531532e-13 -1.937635e+02 -1.918259e+04
INFO: cmn.c(133): CMN: 48.13 11.27 -2.01  8.50 -0.80 -8.72 -10.17  7.57 -14.11 -2.51 -2.65  2.35 -4.30 
utt>   827               cen1-msjm-b  229    0    52 7  1 2 9.409493e-13 -1.904602e+02 -4.361537e+04
INFO: cmn.c(133): CMN: 47.43  0.91  5.74 20.73 -0.34 -7.05 -5.91  8.37 -17.81  7.01 -14.06  3.34 -1.85 
utt>   828               cen2-msjm-b  239    0    56 7  1 2 1.176924e-12 -1.918544e+02 -4.585321e+04
INFO: cmn.c(133): CMN: 47.42  5.79  2.34 11.93  1.56  1.48 -9.39  3.67 -12.18  0.03 -4.86 -2.22 -2.86 
utt>   829               cen3-msjm-b  158    0    48 7  1 3 1.935562e-12 -1.990749e+02 -3.145383e+04
INFO: cmn.c(133): CMN: 45.16  8.52  0.75 15.53 -3.45 -3.91 -3.80  7.68 -14.74 -2.31 -4.39 -1.55 -2.01 
utt>   830               cen4-msjm-b  189    0    40 7  1 2 5.993051e-13 -1.926290e+02 -3.640687e+04
INFO: cmn.c(133): CMN: 49.77  8.39  0.64 17.74 -1.19 -7.66 -10.91  6.57 -15.19 -1.97 -8.60  0.85 -3.09 
utt>   831               cen5-msjm-b  269    0    84 7  1 2 8.407922e-13 -1.936758e+02 -5.209880e+04
INFO: cmn.c(133): CMN: 46.04  3.30  2.86 -0.01 -4.35 -0.81 -6.55  1.38 -9.37 -1.65  4.05 -1.98  1.90 
utt>   832               cen6-msjm-b  249    0    84 7  1 3 2.595943e-12 -1.942215e+02 -4.836116e+04
INFO: cmn.c(133): CMN: 50.69  9.23  2.13  1.46 -3.45  1.15 -14.35  0.81 -8.77 -3.89 -1.15 -1.01 -4.62 
utt>   833               cen7-msjm-b  241    0    84 7  1 2 9.411997e-13 -1.937598e+02 -4.669611e+04
INFO: cmn.c(133): CMN: 47.85  7.66  1.95  8.82 -8.47 -2.10 -8.87  4.21 -12.04 -8.61 -2.98  0.59 -1.93 
utt>   834               cen8-msjm-b  200    0    92 7  1 2 2.621903e-12 -1.961149e+02 -3.922298e+04
INFO: cmn.c(133): CMN: 35.34  2.99 -5.03 28.34 -5.90  4.76 -10.62 -2.74  1.32 -10.93 -2.76 -1.42 -0.17 
utt>   835              an351-msjr-b  270    0    72 6  1 1 6.539188e-13 -1.937228e+02 -5.230517e+04
INFO: cmn.c(133): CMN: 31.08  6.98 -4.65 14.06 -4.38  5.51 -4.05 -8.40  1.95 -6.37 -5.34  0.17 -1.27 
utt>   836              an352-msjr-b  129    0    28 7  1 2 6.581453e-13 -1.909272e+02 -2.462961e+04
INFO: cmn.c(133): CMN: 29.36 13.13  1.61  9.41 -13.67 -0.40  7.79  1.00 -4.09  2.84 -6.90  7.82 -4.89 
utt>   837              an353-msjr-b   70    0    16 6  2 3 1.096933e-12 -1.888373e+02 -1.321861e+04
INFO: cmn.c(133): CMN: 32.22  3.40 -0.75 24.43 -10.30  4.27 -3.82 -4.49  1.68 -8.74 -0.18  0.63 -5.29 
utt>   838              an354-msjr-b  377    0   112 6  1 2 1.014662e-12 -1.928519e+02 -7.270517e+04
INFO: cmn.c(133): CMN: 35.04  2.59 -2.39  9.02 -5.31  6.21 -13.48 -7.67  3.98 -1.88  0.66 -1.55 -3.61 
utt>   839              an355-msjr-b  182    0    56 7  1 2 1.122767e-12 -1.956987e+02 -3.561717e+04
INFO: cmn.c(133): CMN: 29.61  6.91  1.52 28.62 -15.02  5.48  0.07 -1.55 -1.23 -6.09  4.62 -1.35 -3.92 
utt>   840               cen1-msjr-b  369    0    60 7  1 1 5.501428e-13 -1.913485e+02 -7.060759e+04
INFO: cmn.c(133): CMN: 32.75 -2.20  7.83 45.93 -15.95  5.19  1.62  3.57 -2.97 -5.45  3.44  0.56 -10.18 
utt>   841               cen2-msjr-b  211    0    48 8  1 2 6.053322e-13 -1.953663e+02 -4.122228e+04
INFO: cmn.c(133): CMN: 34.56 10.17  2.53 20.24 -7.54 -5.48 -0.07 -3.79 -2.07 -9.04 -2.94  0.11 -3.43 
utt>   842               cen3-msjr-b  116    0    52 7  1 3 1.943791e-12 -1.965166e+02 -2.279593e+04
INFO: cmn.c(133): CMN: 32.95  3.55 -6.06 16.70 -7.74 -0.67 -8.37 -2.67  1.34 -4.08  2.61  3.09 -7.41 
utt>   843               cen4-msjr-b  218    0    44 6  1 2 9.138988e-13 -1.902514e+02 -4.147481e+04
INFO: cmn.c(133): CMN: 35.39  9.32 -9.80 23.13 -9.86  1.81 -6.33 -4.81  4.67 -1.05 -4.00  7.73 -5.51 
utt>   844               cen5-msjr-b  218    0    44 8  1 2 1.007379e-12 -1.905918e+02 -4.154902e+04
INFO: cmn.c(133): CMN: 36.08 11.25 -3.86  8.96 -14.12  1.13 -4.77 -5.00 -1.05 -5.12  3.96  2.47 -3.83 
utt>   845               cen6-msjr-b  209    0    84 8  1 2 2.422107e-12 -1.974508e+02 -4.126722e+04
INFO: cmn.c(133): CMN: 35.23 -2.08  3.12 21.38 -9.16  9.59 -17.72 -2.31  2.04 -9.61  2.06 -4.84 -1.60 
utt>   846               cen7-msjr-b  257    0    92 7  1 2 2.075248e-12 -1.955799e+02 -5.026405e+04
INFO: cmn.c(133): CMN: 33.30  9.69 -7.57 15.34 -6.57  2.77 -6.94 -2.69  0.09 -6.56 -3.35  0.71 -2.43 
utt>   847               cen8-msjr-b  230    0    92 7  1 2 1.499924e-12 -1.951513e+02 -4.488479e+04
INFO: cmn.c(133): CMN: 36.76 -4.46  3.83 12.66 -8.46  7.03 -3.49 -8.16  6.75 -4.24  0.77 -2.90 -0.27 
utt>   848              an100-mskh-b   64    0    20 7  2 3 4.764962e-12 -1.896477e+02 -1.213745e+04
INFO: cmn.c(133): CMN: 39.11 -3.61 -0.49 12.55 -8.91  8.08 -0.70 -11.40  1.01 -1.15 -1.92  2.28 -3.27 
utt>   849               an96-mskh-b   62    0    20 6  2 3 1.223406e-12 -1.927819e+02 -1.195248e+04
INFO: cmn.c(133): CMN: 42.20  2.11  4.46 14.68 -6.28  6.09  1.72 -14.19  0.09 -8.96 -2.99 -0.57 -3.94 
utt>   850               an97-mskh-b  122    0    60 8  1 3 1.950876e-12 -2.018594e+02 -2.462685e+04
INFO: cmn.c(133): CMN: 38.80 -3.86 -0.80  6.35 -10.18  7.62 -0.13 -12.50  0.35 -0.99  0.77  1.46 -0.21 
utt>   851               an98-mskh-b   71    0    28 6  1 2 8.147969e-13 -1.942018e+02 -1.378833e+04
INFO: cmn.c(133): CMN: 38.31 -2.39  6.78 27.66 -4.26  1.74  6.62 -3.07 -2.52 -12.26  4.64 -3.32 -2.36 
utt>   852               an99-mskh-b  259    0    84 7  1 2 8.915635e-13 -1.938026e+02 -5.019488e+04
INFO: cmn.c(133): CMN: 40.51  1.22  0.84 27.31 -4.77  0.13 -0.54 -12.67  2.83 -11.60  0.41  0.27 -0.50 
utt>   853               cen1-mskh-b  229    0    68 8  1 2 8.401593e-13 -1.979991e+02 -4.534180e+04
INFO: cmn.c(133): CMN: 40.76 -4.12  5.89 25.44 -4.27  5.01  2.91  0.50  4.69 -4.31  1.05 -2.89 -2.74 
utt>   854               cen2-mskh-b  170    0    48 8  1 2 9.362154e-13 -1.917701e+02 -3.260093e+04
INFO: cmn.c(133): CMN: 44.30 -0.52  5.57  9.57 -10.30  6.78 -4.16 -10.48  3.91 -7.17 -2.42 -2.12 -3.73 
utt>   855               cen3-mskh-b  161    0    68 8  1 3 1.859822e-12 -1.960059e+02 -3.155694e+04
INFO: cmn.c(133): CMN: 40.22  1.16  2.06 31.52  2.54  0.30  3.95 -4.17  0.69 -7.63 -2.02 -0.33 -3.76 
utt>   856               cen4-mskh-b  375    0    72 7  1 2 5.659878e-13 -1.902196e+02 -7.133234e+04
INFO: cmn.c(133): CMN: 43.62  1.57  1.36 31.12 -3.43  0.28  3.52 -9.89  2.09 -7.58 -4.55  0.25 -3.30 
utt>   857               cen5-mskh-b  311    0    84 8  1 2 1.946211e-12 -1.955021e+02 -6.080116e+04
INFO: cmn.c(133): CMN: 42.67 -0.25 -1.20 17.43 -1.28 -0.29  1.57 -4.72  2.39 -6.38 -1.70 -0.32 -2.41 
utt>   858               cen6-mskh-b  165    0    64 8  1 3 2.271388e-12 -1.957437e+02 -3.229771e+04
INFO: cmn.c(133): CMN: 40.58 -1.05  2.93 13.30 -4.84  3.17 -0.38 -8.24  2.41 -5.93 -1.72  0.45 -3.37 
utt>   859               cen7-mskh-b  299    0    96 8  1 2 9.436575e-13 -1.959868e+02 -5.860007e+04
INFO: cmn.c(133): CMN: 42.07 -12.08  1.29 14.08 -6.10  8.96 -4.78 -7.54  3.40 -2.50 -0.50 -5.11 -2.90 
utt>   860               cen8-mskh-b  239    0    96 7  1 2 1.315344e-12 -1.975638e+02 -4.721774e+04
INFO: cmn.c(133): CMN: 51.73  4.63  3.01  1.95 -5.42 -2.81 -15.06  3.54 -4.25 -4.20  5.97 -2.33 -0.90 
utt>   861              an276-msmn-b  283    0    92 7  1 2 8.010954e-13 -1.963523e+02 -5.556771e+04
INFO: cmn.c(133): CMN: 42.89  3.07 -1.14 -0.64  0.74  0.64 -10.59 -0.10 -1.89  0.48  7.41  3.30 -6.48 
utt>   862              an277-msmn-b   89    0    16 7  2 3 9.440445e-13 -1.905592e+02 -1.695977e+04
INFO: cmn.c(133): CMN: 50.75  7.45 -0.78  1.29 -0.14  1.40 -18.69  1.42 -4.07 -3.54  4.20  3.24 -3.32 
utt>   863              an278-msmn-b  395    0   108 7  1 2 5.925582e-13 -1.941172e+02 -7.667629e+04
INFO: cmn.c(133): CMN: 48.75 -2.95  1.82 14.21  1.90 -2.14 -12.42  4.62 -6.64 -3.98 -1.09  3.69 -4.55 
utt>   864              an279-msmn-b  288    0    72 6  1 2 3.412036e-13 -1.913342e+02 -5.510426e+04
INFO: cmn.c(133): CMN: 56.59 -2.71 10.60 14.55  2.36  4.99 -19.67 10.55 -0.63 -10.68  0.05  6.11 -7.25 
utt>   865               cen4-msmn-b  412    0    96 7  1 2 1.001106e-12 -1.922615e+02 -7.921172e+04
INFO: cmn.c(133): CMN: 51.57 -5.90  7.74 15.02  3.35  3.88 -19.50  8.48 -7.28 -5.18 -1.50  6.46 -4.02 
utt>   866               cen5-msmn-b  329    0    84 8  1 3 1.872134e-12 -1.940393e+02 -6.383893e+04
INFO: cmn.c(133): CMN: 54.86  0.97  7.50 -1.28 -3.44  9.37 -19.63  4.78 -1.28 -9.02  3.66  7.80 -11.53 
utt>   867               cen6-msmn-b  161    0    80 8  2 3 1.148175e-12 -1.998882e+02 -3.218199e+04
INFO: cmn.c(133): CMN: 52.21 -0.87  2.06  8.98  5.03  2.41 -20.82  2.42 -1.69 -5.65 -6.33  3.80 -8.29 
utt>   868               cen7-msmn-b  389    0   108 8  1 2 2.091093e-12 -1.953241e+02 -7.598108e+04
INFO: cmn.c(133): CMN: 50.44  2.44  5.90  7.89 -0.09  7.67 -20.65  6.64 -2.57 -5.78  3.43  8.41 -8.71 
utt>   869               cen8-msmn-b  587    0   144 7  1 2 1.053888e-12 -1.931439e+02 -1.133755e+05
INFO: cmn.c(133): CMN: 47.00  5.23 -2.11  8.37 -0.20 -5.39  4.72 -2.24  3.60 -1.02 -5.17 -2.19  1.96 
utt>   870              an331-msrb-b  179    0    32 8  1 2 1.762930e-12 -1.936834e+02 -3.466933e+04
INFO: cmn.c(133): CMN: 47.17  3.21  5.18 17.56 -3.89 -3.34  3.64 -7.63 -1.95 -9.12  1.07 -0.27 -5.30 
utt>   871              an332-msrb-b  369    0    88 7  1 2 1.281398e-12 -1.902187e+02 -7.019069e+04
INFO: cmn.c(133): CMN: 37.66 -1.47  6.54  7.13 -4.70 -1.33 -2.07 -2.98  1.22 -8.63  2.84 -1.70  2.96 
utt>   872              an333-msrb-b   99    0    20 6  1 2 2.173531e-12 -1.874799e+02 -1.856051e+04
INFO: cmn.c(133): CMN: 51.01  7.21  2.00 20.18 -2.40 -9.10  3.83 -3.92 -0.17 -2.85 -1.49 -0.68 -3.22 
utt>   873              an334-msrb-b  202    0    52 7  1 2 1.254520e-12 -1.931269e+02 -3.901163e+04
INFO: cmn.c(133): CMN: 49.94  0.81  4.12  8.42  3.31 -3.71 -0.63 -5.38  0.46 -1.85 -2.40 -3.09  2.10 
utt>   874              an335-msrb-b  112    0    40 8  1 3 2.927657e-12 -1.979615e+02 -2.217169e+04
INFO: cmn.c(133): CMN: 51.66 11.56 -0.91 15.12 -2.20 -0.95  0.94 -10.26  0.33 -11.64  1.58 -3.56 -3.43 
utt>   875               cen1-msrb-b  254    0    64 7  1 2 8.658463e-13 -1.939123e+02 -4.925372e+04
INFO: cmn.c(133): CMN: 47.88 -8.29  9.33 26.09 -2.77  1.61  8.71  0.14 -6.51 -2.52 -1.36 -5.00 -2.74 
utt>   876               cen2-msrb-b  239    0    40 8  1 1 1.463662e-12 -1.917408e+02 -4.582605e+04
INFO: cmn.c(133): CMN: 46.95  1.52 -1.60  6.56  1.17  0.96 -3.97 -0.88 -0.50 -3.99 -0.47 -2.06  0.71 
utt>   877               cen3-msrb-b  192    0    52 8  1 3 2.344209e-12 -1.962619e+02 -3.768229e+04
INFO: cmn.c(133): CMN: 53.26  2.69  3.66 18.12 -4.98 -4.24  2.26 -9.22 -1.70 -4.60 -1.55 -0.12 -1.63 
utt>   878               cen4-msrb-b  379    0    68 8  1 2 8.636658e-13 -1.887358e+02 -7.153085e+04
INFO: cmn.c(133): CMN: 53.92  2.67  3.06 20.83 -3.88 -6.21  2.39 -4.72 -3.20 -8.43  1.81 -2.24 -4.41 
utt>   879               cen5-msrb-b  359    0    56 7  1 1 5.496809e-13 -1.887682e+02 -6.776779e+04
INFO: cmn.c(133): CMN: 52.77  3.55 -0.16  5.14 -6.72 -1.80 -1.18 -6.73  4.41  0.80  0.73 -3.24 -0.47 
utt>   880               cen6-msrb-b  211    0    72 8  1 3 2.110336e-12 -1.953333e+02 -4.121532e+04
INFO: cmn.c(133): CMN: 50.65  4.69 -1.07 11.52 -0.41  0.16 -3.14 -2.95  1.96 -4.88 -2.30 -1.84 -0.89 
utt>   881               cen7-msrb-b  346    0    88 7  1 2 2.078574e-12 -1.924970e+02 -6.660397e+04
INFO: cmn.c(133): CMN: 48.43 -5.59  2.24 15.18  1.42 -2.79 -2.93  2.20 -4.02 -7.75 -1.79 -0.12 -1.02 
utt>   882               cen8-msrb-b  219    0    68 9  1 2 1.439277e-12 -1.923574e+02 -4.212626e+04
INFO: cmn.c(133): CMN: 44.28  7.42 -2.23 22.29 -9.79  9.13 -2.29 -0.77 -1.48 -8.44  0.53 -4.54 -2.84 
utt>   883              an301-mtcv-b  362    0    64 6  1 1 4.851433e-13 -1.869074e+02 -6.766049e+04
INFO: cmn.c(133): CMN: 46.14 11.08 -4.02 12.70 -13.81  4.44 -3.43 -0.90 -0.71 -5.65  5.08 -6.02 -1.95 
utt>   884              an302-mtcv-b  387    0    88 6  1 2 9.480466e-14 -1.887683e+02 -7.305335e+04
INFO: cmn.c(133): CMN: 47.51  4.64 -1.52 23.30 -5.47  5.39 -11.57  0.13 -1.54 -2.80  0.04 -8.73 -1.77 
utt>   885              an303-mtcv-b  404    0    96 6  1 1 4.973544e-13 -1.868182e+02 -7.547456e+04
INFO: cmn.c(133): CMN: 41.54 -0.50  0.54 -0.89 -12.11 12.67 -1.57 -3.27 -0.68 -0.44  4.59 -1.30 -2.20 
utt>   886              an304-mtcv-b   75    0    24 7  1 3 3.061533e-14 -1.881905e+02 -1.411429e+04
INFO: cmn.c(133): CMN: 45.33  0.05  0.07 15.04 -5.97 11.45 -10.10  0.64 -1.45 -2.27 -0.06 -5.50  1.36 
utt>   887              an305-mtcv-b  229    0    60 7  1 2 1.065000e-12 -1.915501e+02 -4.386498e+04
INFO: cmn.c(133): CMN: 41.57  5.62 -4.25 22.64 -9.48  6.21 -5.46  2.72 -0.50 -2.40  1.19 -1.69 -0.93 
utt>   888               cen1-mtcv-b  598    0    72 7  1 1 4.987643e-13 -1.876094e+02 -1.121904e+05
INFO: cmn.c(133): CMN: 46.22  4.41 -3.35 20.78 -13.78  6.46  0.33 -5.32  1.57 -10.78  9.27 -4.23 -3.34 
utt>   889               cen2-mtcv-b  139    0    28 6  1 2 1.141369e-12 -1.922263e+02 -2.671946e+04
INFO: cmn.c(133): CMN: 47.16  3.00  2.30  8.00 -3.59  5.16 -11.29 -0.81 -0.93  1.97  1.91 -5.88 -0.94 
utt>   890               cen3-mtcv-b  175    0    64 7  1 2 1.888550e-12 -1.924481e+02 -3.367842e+04
INFO: cmn.c(133): CMN: 44.37 10.44 -1.15 18.72 -16.14  3.89 -1.35  1.14 -3.80 -4.06  6.54 -6.29 -1.81 
utt>   891               cen4-mtcv-b  589    0   108 6  1 1 1.894978e-13 -1.882377e+02 -1.108720e+05
INFO: cmn.c(133): CMN: 46.48 14.98 -10.97 18.98 -7.91  3.61 -3.66 -3.83  2.52 -5.57  3.39 -3.07 -0.16 
utt>   892               cen5-mtcv-b  270    0    68 7  1 2 1.552967e-12 -1.910559e+02 -5.158509e+04
INFO: cmn.c(133): CMN: 44.71 14.07 -1.08  6.57 -10.84 -4.57  1.98 -12.44  0.61 -3.33  0.22 -2.57 -1.21 
utt>   893               cen6-mtcv-b  239    0    64 7  1 2 1.850495e-12 -1.882425e+02 -4.498995e+04
INFO: cmn.c(133): CMN: 45.13  5.55  0.01 10.80 -12.45  5.51 -7.79 -0.79 -2.59 -0.94  4.04 -7.53 -1.26 
utt>   894               cen7-mtcv-b  348    0   100 6  1 2 1.004508e-12 -1.913732e+02 -6.659789e+04
INFO: cmn.c(133): CMN: 47.44  2.79 -1.14 13.79 -8.15  7.99 -11.36  1.01 -2.29 -3.36  4.04 -10.25 -2.11 
utt>   895               cen8-mtcv-b  267    0    80 8  1 2 1.904519e-12 -1.925543e+02 -5.141200e+04
INFO: cmn.c(133): CMN: 52.54  1.01  1.28 13.42 -4.39  3.18 -4.46 -3.26  4.31  0.35  2.21 -0.74 -0.45 
utt>   896               an31-mtje-b  346    0    88 7  1 2 5.661369e-13 -1.887646e+02 -6.531254e+04
INFO: cmn.c(133): CMN: 44.40 -1.08  1.08  7.96 -7.66 -0.40 -6.26 -3.85  2.68 -2.51 -0.99  0.50 -1.90 
utt>   897               an32-mtje-b   99    0    20 7  2 3 1.349101e-12 -1.841587e+02 -1.823171e+04
INFO: cmn.c(133): CMN: 51.85 -1.27  3.36 21.48 -4.80  1.06 -6.09 -3.96  5.16 -4.75  0.94 -0.74  0.75 
utt>   898               an33-mtje-b  399    0   100 6  1 2 1.069948e-12 -1.912289e+02 -7.630032e+04
INFO: cmn.c(133): CMN: 44.69 -2.43  0.28  7.92 -3.97  1.16 -5.95 -4.12  1.35  0.59 -2.65  0.46  1.33 
utt>   899               an34-mtje-b  109    0    20 7  1 3 1.099638e-12 -1.856595e+02 -2.023689e+04
INFO: cmn.c(133): CMN: 51.53  1.54  2.58 25.60 -9.98  5.55 -3.51 -3.73  4.68 -6.17  5.22  0.13 -3.43 
utt>   900               an35-mtje-b  361    0    92 6  1 2 1.225192e-12 -1.888936e+02 -6.819060e+04
INFO: cmn.c(133): CMN: 49.90  2.97  1.85 32.97 -10.65  8.14 -2.56 -1.03  2.02 -0.94  2.52  3.26 -5.32 
utt>   901               cen1-mtje-b  234    0    60 7  1 2 6.413818e-13 -1.892761e+02 -4.429060e+04
INFO: cmn.c(133): CMN: 46.54  3.36 -3.69 19.55 -13.05  2.92 -3.49 -1.10  1.40 -2.17  0.72  2.73 -3.71 
utt>   902               cen2-mtje-b  429    0    56 6  1 1 1.296545e-13 -1.898147e+02 -8.143049e+04
INFO: cmn.c(133): CMN: 44.11 13.19 -4.29  9.22 -11.46 -0.56 -8.73 -2.74  1.45 -2.31 -0.07  4.02  0.51 
utt>   903               cen3-mtje-b  208    0    40 8  1 2 1.578399e-12 -1.876846e+02 -3.903839e+04
INFO: cmn.c(133): CMN: 48.21  0.25  7.56 32.78 -11.25  6.71 -3.75 -0.47  5.49 -8.02  2.91  4.03 -7.01 
utt>   904               cen4-mtje-b  428    0    64 7  1 1 7.744090e-13 -1.900879e+02 -8.135762e+04
INFO: cmn.c(133): CMN: 51.78  1.22  3.13 28.25 -12.22  4.80 -2.14 -4.15  7.83 -6.45  1.33  0.65 -4.33 
utt>   905               cen5-mtje-b  408    0    84 8  1 2 1.807080e-12 -1.918631e+02 -7.828013e+04
INFO: cmn.c(133): CMN: 53.77  6.45  0.37 24.51 -7.77  1.77 -3.48 -3.28  2.66 -6.01  1.57 -3.54 -2.76 
utt>   906               cen6-mtje-b  204    0    64 7  1 3 2.416325e-12 -1.935862e+02 -3.949159e+04
INFO: cmn.c(133): CMN: 51.11  3.45  0.07  9.56 -5.16  3.58 -8.56 -2.12  0.78 -2.90  1.19 -3.13  0.33 
utt>   907               cen7-mtje-b  478    0   136 8  1 2 1.742148e-12 -1.894430e+02 -9.055375e+04
INFO: cmn.c(133): CMN: 51.47  3.29 -0.96 17.62 -10.09  1.12 -5.19  0.16  1.55 -2.99  2.52 -2.08  0.74 
utt>   908               cen8-mtje-b  199    0    84 7  1 2 2.456480e-12 -1.943356e+02 -3.867279e+04
INFO: cmn.c(133): CMN: 47.64 -5.03  4.42 21.61  2.15 -7.40 -5.00 -0.63 -3.46  1.08 -0.94 -2.61 -2.71 
utt>   909              an366-mtos-b  262    0    76 6  1 2 1.008382e-12 -1.938616e+02 -5.079173e+04
INFO: cmn.c(133): CMN: 47.28  2.23  1.64 16.60  3.50 -5.17 -6.76 -1.85 -4.69  4.75 -4.72 -5.83 -2.56 
utt>   910              an367-mtos-b  384    0   164 6  1 1 8.116988e-13 -1.910606e+02 -7.336727e+04
INFO: cmn.c(133): CMN: 43.00 -0.96  5.23 13.61 -1.31 -1.01 -5.41 -2.14 -6.07  0.03 -0.93 -5.25 -1.30 
utt>   911              an368-mtos-b  419    0   156 6  1 2 1.389152e-12 -1.938686e+02 -8.123092e+04
INFO: cmn.c(133): CMN: 41.63 -7.41  6.27  8.57 -6.34  3.91 -2.42 -1.78  0.79 -1.22  0.72 -1.76  2.43 
utt>   912              an369-mtos-b   99    0    20 7  1 3 1.578748e-12 -1.921291e+02 -1.902078e+04
INFO: cmn.c(133): CMN: 36.16 -0.85  4.18 17.86  1.60 -4.02 -3.08 -3.48 -3.16 -0.66 -2.78  0.47 -2.47 
utt>   913              an370-mtos-b  439    0   108 6  1 1 5.372262e-13 -1.910245e+02 -8.385976e+04
INFO: cmn.c(133): CMN: 43.62 -0.22  1.46 16.32  0.70 -5.64 -4.18 -3.03 -7.55  5.49 -0.60 -1.69 -1.03 
utt>   914               cen1-mtos-b  196    0    44 7  1 2 6.659618e-13 -1.936024e+02 -3.794607e+04
INFO: cmn.c(133): CMN: 45.21 -3.07  5.12 21.14 -1.98 -9.56 -2.09 -2.84 -7.68  0.70 -4.96  0.82 -3.20 
utt>   915               cen2-mtos-b  241    0    48 7  1 2 7.980641e-13 -1.923573e+02 -4.635811e+04
INFO: cmn.c(133): CMN: 41.10  3.57  5.84 20.07  5.82 -5.60  7.92 -2.86 -5.05 -4.63 -0.51 -3.91 -3.42 
utt>   916               cen3-mtos-b  228    0    52 6  1 2 1.029379e-12 -1.944097e+02 -4.432541e+04
INFO: cmn.c(133): CMN: 44.84  9.50  6.26 16.53 -3.20 -8.11 10.70  2.46 -10.10 -1.33 -1.59 -7.03  0.30 
utt>   917               cen4-mtos-b  295    0    76 7  1 2 5.978238e-13 -1.954742e+02 -5.766489e+04
INFO: cmn.c(133): CMN: 43.45 -0.95  5.80 25.32  3.60 -6.01  0.48  2.69 -7.69 -1.69  0.43 -2.01 -4.47 
utt>   918               cen5-mtos-b  382    0    84 8  1 2 2.144099e-12 -1.905572e+02 -7.279284e+04
INFO: cmn.c(133): CMN: 44.40  6.43  2.33 10.37  1.38 -4.93  3.31 -2.28 -7.08  5.40 -3.82 -1.51 -2.53 
utt>   919               cen6-mtos-b  189    0    72 8  1 3 1.219803e-12 -1.978198e+02 -3.738794e+04
INFO: cmn.c(133): CMN: 42.90  9.05  0.13 12.13  1.06 -3.34 -0.71 -8.77  0.12 -11.96 -3.28  0.05 -0.65 
utt>   920               cen7-mtos-b  156    0    48 6  1 2 1.429992e-12 -1.995970e+02 -3.113714e+04
INFO: cmn.c(133): CMN: 44.39  1.12  6.83 10.92 -4.13 -3.16 -1.97 -2.73 -6.07  4.20 -6.33 -0.62  3.05 
utt>   921               cen8-mtos-b  190    0    76 7  1 2 3.190048e-12 -1.945059e+02 -3.695611e+04
INFO: cmn.c(133): CMN: 48.16  4.80  4.25 -1.86 -7.61  6.92 -8.65  2.84 -10.23  7.03 -2.01 -0.84 -3.24 
utt>   922              an376-mtxj-b  154    0    52 7  1 3 2.639216e-12 -1.970182e+02 -3.034081e+04
INFO: cmn.c(133): CMN: 47.75  0.42  8.25  9.49 -9.89  7.94 -5.04  0.66 -13.85  5.78 -2.22  1.46 -1.53 
utt>   923              an377-mtxj-b  344    0   104 6  1 1 4.767832e-13 -1.961856e+02 -6.748784e+04
INFO: cmn.c(133): CMN: 43.68 -0.25  4.92  7.15 -9.88  6.93 -6.73  1.85 -11.38  4.06 -2.12 -2.49  0.71 
utt>   924              an378-mtxj-b  128    0    56 7  2 3 2.892856e-13 -1.985141e+02 -2.540981e+04
INFO: cmn.c(133): CMN: 38.81  1.69  6.86 -3.50 -10.96  8.08 -1.64  3.15 -9.28  6.59  3.00 -0.43 -5.47 
utt>   925              an379-mtxj-b   61    0    24 8  1 2 1.041299e-12 -1.910496e+02 -1.165403e+04
INFO: cmn.c(133): CMN: 46.56 -0.86  4.94  9.54 -8.27  8.81 -8.50 -2.11 -16.60  9.53 -2.39 -2.99  1.04 
utt>   926              an380-mtxj-b  168    0    52 6  1 2 9.105287e-13 -1.928127e+02 -3.239253e+04
INFO: cmn.c(133): CMN: 50.82  1.01  8.76 14.00 -7.03 -3.24 -3.38 -4.26 -21.36  5.29 -3.95 -0.64  2.64 
utt>   927               cen1-mtxj-b  233    0    56 6  1 2 1.115708e-12 -1.909987e+02 -4.450270e+04
INFO: cmn.c(133): CMN: 46.05 -7.35 10.98 29.31 -2.40 -8.45  2.52 -0.11 -13.27 -2.00 -1.13 -3.69 -4.67 
utt>   928               cen2-mtxj-b  137    0    36 7  1 2 1.447858e-12 -1.929482e+02 -2.643391e+04
INFO: cmn.c(133): CMN: 44.21  7.83  4.06  3.73 -7.37 15.21 -6.68 -4.40 -13.84 17.38 -3.10 -7.38  3.59 
utt>   929               cen3-mtxj-b   79    0    48 6  1 2 1.108340e-12 -1.973152e+02 -1.558790e+04
INFO: cmn.c(133): CMN: 47.41  7.44  4.81  5.27 -5.86 -2.12  0.42  0.92 -16.52  4.65 -3.80  7.05 -3.47 
utt>   930               cen4-mtxj-b  445    0   100 6  1 1 4.937821e-13 -1.883516e+02 -8.381646e+04
INFO: cmn.c(133): CMN: 46.36  4.76  8.78 15.11 -7.16  1.27 -3.57  4.67 -19.34  2.96 -2.22  2.26 -1.66 
utt>   931               cen5-mtxj-b  404    0   116 7  1 2 1.084047e-12 -1.894854e+02 -7.655210e+04
INFO: cmn.c(133): CMN: 52.49  7.92  3.94 -4.17 -16.65  8.23 -4.23  1.66 -19.07 16.41  0.25  4.23 -5.79 
utt>   932               cen6-mtxj-b  162    0    68 7  1 3 3.293209e-12 -1.931777e+02 -3.129478e+04
INFO: cmn.c(133): CMN: 48.27  1.56  1.06  3.53 -6.44 10.24 -6.04 -0.08 -13.64  9.17 -3.08 -1.71  0.96 
utt>   933               cen7-mtxj-b  236    0    84 6  1 2 1.365099e-12 -1.960040e+02 -4.625695e+04
INFO: cmn.c(133): CMN: 46.65  2.21  2.04  6.71 -5.22 11.01 -6.94 -3.59 -11.12  8.47 -4.95 -4.48  3.19 
utt>   934               cen8-mtxj-b  245    0   132 7  1 2 9.973304e-13 -1.987993e+02 -4.870584e+04
INFO: cmn.c(133): CMN: 43.39  4.71 -2.90 19.85 -12.32  2.72 -15.17  1.45 -3.40 -5.37  2.80 -4.17  4.40 
utt>   935              an151-mwhw-b  309    0    88 6  1 2 1.396011e-12 -1.937035e+02 -5.985438e+04
INFO: cmn.c(133): CMN: 39.33 -3.44 -1.93 -0.52 -11.25 13.53 -14.65 -8.29  5.68 -7.49  5.67 -2.79  2.01 
utt>   936              an152-mwhw-b   74    0    28 7  1 2 1.143970e-12 -1.906682e+02 -1.410945e+04
INFO: cmn.c(133): CMN: 43.32  1.53  4.08 23.90 -4.79  1.86 -4.14  4.73 -2.71 -5.22  5.12 -4.85 -0.64 
utt>   937              an153-mwhw-b  271    0    84 7  1 2 1.921864e-12 -1.890468e+02 -5.123167e+04
INFO: cmn.c(133): CMN: 39.94  8.77 -2.66 17.72 -9.88  2.83 -6.21  1.25 -1.31 -10.68  1.84  0.62 -0.62 
utt>   938              an154-mwhw-b  289    0    60 7  1 1 9.393156e-13 -1.887074e+02 -5.453644e+04
INFO: cmn.c(133): CMN: 41.74 -7.18  1.86 16.44 -1.88 -0.04 -11.53 -0.08  0.21 -5.85  1.99 -0.92 -1.25 
utt>   939              an155-mwhw-b  117    0    44 7  1 3 3.521384e-12 -1.970941e+02 -2.306001e+04
INFO: cmn.c(133): CMN: 44.83  9.50 -8.49 22.31 -6.56  5.42 -10.65 -7.74  4.55 -13.02  3.57 -0.76  3.57 
utt>   940               cen1-mwhw-b  179    0    56 7  1 2 1.448425e-12 -1.900109e+02 -3.401195e+04
INFO: cmn.c(133): CMN: 47.08  7.25 -5.60 29.45 -8.59  2.16 -11.00  0.70  1.48 -12.85  7.28 -2.76 -0.42 
utt>   941               cen2-mwhw-b  207    0    60 7  1 2 1.538174e-12 -1.902492e+02 -3.938159e+04
INFO: cmn.c(133): CMN: 34.51  1.72 -3.17 14.38 -5.31  2.37 -4.10  0.08 -5.11 -2.49  2.50 -2.43  0.89 
utt>   942               cen3-mwhw-b  109    0    44 8  1 3 2.306206e-12 -1.984349e+02 -2.162941e+04
INFO: cmn.c(133): CMN: 42.37 -1.74  1.10 34.10 -1.55  2.15 -3.45 -0.28  3.51 -8.71  1.24  0.39 -1.68 
utt>   943               cen4-mwhw-b  359    0    92 6  1 2 2.737858e-13 -1.850163e+02 -6.642084e+04
INFO: cmn.c(133): CMN: 46.57  2.48 -3.23 20.67 -9.20 -0.97 -9.73  3.60 -3.10 -5.49  4.96 -2.34 -0.91 
utt>   944               cen5-mwhw-b  309    0    56 6  1 1 2.210886e-13 -1.892963e+02 -5.849254e+04
INFO: cmn.c(133): CMN: 40.45 17.32 -2.03  0.91 -14.96  2.86 -10.53  0.26  3.34 -7.03  7.52 -4.96  1.43 
utt>   945               cen6-mwhw-b  199    0    64 7  1 2 2.801026e-12 -1.917919e+02 -3.816660e+04
INFO: cmn.c(133): CMN: 44.32  3.07 -4.43  1.44 -9.27  5.43 -13.52 -0.86  4.11 -5.50  6.12 -4.71  0.16 
utt>   946               cen7-mwhw-b  272    0   100 7  1 2 2.147543e-12 -1.907946e+02 -5.189614e+04
INFO: cmn.c(133): CMN: 41.37  4.92 -0.45 13.60 -7.93  5.74 -4.84 -0.35 -0.66 -9.77 14.09 -6.43 -0.11 
utt>   947               cen8-mwhw-b  206    0   100 7  1 3 1.116308e-12 -1.966338e+02 -4.050655e+04
overall> stats 60464 (-0) -1.919983e+02 -1.160898e+07
WARN: "accum.c", line 628: Over 500 senones never occur in the input data. This is normal for context-dependent untied senone training or for adaptation, but could indicate a serious problem otherwise.
INFO: s3mixw_io.c(233): Wrote /home/rakha/Kuliah/Semester8/nlp/speech-sphinx/train-new-model/an4-master/bwaccumdir/an4_buff_4/mixw_counts [4854x4x64 array]
INFO: s3tmat_io.c(176): Wrote /home/rakha/Kuliah/Semester8/nlp/speech-sphinx/train-new-model/an4-master/bwaccumdir/an4_buff_4/tmat_counts [34x3x4 array]
INFO: s3gau_io.c(485): Wrote /home/rakha/Kuliah/Semester8/nlp/speech-sphinx/train-new-model/an4-master/bwaccumdir/an4_buff_4/gauden_counts with means with vars (2pass) [34x4x64 vector arrays]
INFO: main.c(999): Counts saved to /home/rakha/Kuliah/Semester8/nlp/speech-sphinx/train-new-model/an4-master/bwaccumdir/an4_buff_4
Mon May 23 22:39:40 2022
