        INFO: main.c(229): Compiled on May 22 2022 at 21:52:28
Current configuration:
[NAME]		[DEFLT]		[VALUE]
-2passvar	no		yes
-abeam		1e-100		1.000000e-90
-accumdir			/home/rakha/Kuliah/Semester8/nlp/speech-sphinx/train-new-model/an4-master/bwaccumdir/an4_buff_3
-agc		none		none
-agcthresh	2.0		2.000000e+00
-bbeam		1e-100		1.000000e-10
-cb2mllrfn	.1cls.		.1cls.
-cepdir				/home/rakha/Kuliah/Semester8/nlp/speech-sphinx/train-new-model/an4-master/feat
-cepext		mfc		sph
-ceplen		13		13
-ckptintv			0
-cmn		live		batch
-cmninit	40,3,-1		40,3,-1
-ctlfn				/home/rakha/Kuliah/Semester8/nlp/speech-sphinx/train-new-model/an4-master/etc/an4_train.fileids
-diagfull	no		no
-dictfn				/home/rakha/Kuliah/Semester8/nlp/speech-sphinx/train-new-model/an4-master/etc/an4.dic
-example	no		no
-fdictfn			/home/rakha/Kuliah/Semester8/nlp/speech-sphinx/train-new-model/an4-master/etc/an4.filler
-feat		1s_c_d_dd	s2_4x
-fullvar	no		no
-help		no		no
-hmmdir				
-latdir				
-latext				
-lda				
-ldadim		0		0
-lsnfn				/home/rakha/Kuliah/Semester8/nlp/speech-sphinx/train-new-model/an4-master/etc/an4_train.transcription
-lw		11.5		1.150000e+01
-maxuttlen	0		0
-meanfn				/home/rakha/Kuliah/Semester8/nlp/speech-sphinx/train-new-model/an4-master/model_parameters/an4.cd_ptm_untied/means
-meanreest	yes		yes
-mixwfn				/home/rakha/Kuliah/Semester8/nlp/speech-sphinx/train-new-model/an4-master/model_parameters/an4.cd_ptm_untied/mixture_weights
-mixwreest	yes		yes
-mllrmat			
-mmie		no		no
-mmie_type	rand		rand
-moddeffn			/home/rakha/Kuliah/Semester8/nlp/speech-sphinx/train-new-model/an4-master/model_architecture/an4.untied.mdef
-mwfloor	0.00001		1.000000e-08
-npart				4
-nskip				0
-outphsegdir			
-outputfullpath	no		no
-part				3
-pdumpdir			
-phsegdir			
-phsegext	phseg		phseg
-runlen		-1		-1
-sentdir			
-sentext	sent		sent
-spthresh	0.0		0.000000e+00
-svspec				
-timing		yes		no
-tmatfn				/home/rakha/Kuliah/Semester8/nlp/speech-sphinx/train-new-model/an4-master/model_parameters/an4.cd_ptm_untied/transition_matrices
-tmatreest	yes		yes
-topn		4		1
-tpfloor	0.0001		1.000000e-04
-ts2cbfn			.ptm.
-varfloor	0.00001		1.000000e-04
-varfn				/home/rakha/Kuliah/Semester8/nlp/speech-sphinx/train-new-model/an4-master/model_parameters/an4.cd_ptm_untied/variances
-varnorm	no		no
-varreest	yes		yes
-viterbi	no		no

INFO: feat.c(715): Initializing feature stream to type: 's2_4x', ceplen=13, CMN='batch', VARNORM='no', AGC='none'
INFO: main.c(318): Reading /home/rakha/Kuliah/Semester8/nlp/speech-sphinx/train-new-model/an4-master/model_architecture/an4.untied.mdef
INFO: model_def_io.c(573): Model definition info:
INFO: model_def_io.c(574): 1618 total models defined (34 base, 1584 tri)
INFO: model_def_io.c(575): 6472 total states
INFO: model_def_io.c(576): 4854 total tied states
INFO: model_def_io.c(577): 102 total tied CI states
INFO: model_def_io.c(578): 34 total tied transition matrices
INFO: model_def_io.c(579): 4 max state/model
INFO: model_def_io.c(580): 4 min state/model
INFO: s3mixw_io.c(117): Read /home/rakha/Kuliah/Semester8/nlp/speech-sphinx/train-new-model/an4-master/model_parameters/an4.cd_ptm_untied/mixture_weights [4854x4x64 array]
INFO: s3tmat_io.c(118): Read /home/rakha/Kuliah/Semester8/nlp/speech-sphinx/train-new-model/an4-master/model_parameters/an4.cd_ptm_untied/transition_matrices [34x3x4 array]
INFO: mod_inv.c(301): inserting tprob floor 1.000000e-04 and renormalizing
INFO: s3gau_io.c(169): Read /home/rakha/Kuliah/Semester8/nlp/speech-sphinx/train-new-model/an4-master/model_parameters/an4.cd_ptm_untied/means [34x4x64 array]
INFO: s3gau_io.c(169): Read /home/rakha/Kuliah/Semester8/nlp/speech-sphinx/train-new-model/an4-master/model_parameters/an4.cd_ptm_untied/variances [34x4x64 array]
INFO: gauden.c(176): 34 total mgau
INFO: gauden.c(150): 4 feature streams (|0|=12 |1|=24 |2|=3 |3|=12 )
INFO: gauden.c(187): 64 total densities
INFO: gauden.c(90): min_var=1.000000e-04
INFO: gauden.c(165): compute 1 densities/frame
INFO: main.c(431): Will reestimate mixing weights.
INFO: main.c(433): Will reestimate means.
INFO: main.c(435): Will reestimate variances.
INFO: main.c(443): Will reestimate transition matrices
INFO: main.c(456): Reading main dictionary: /home/rakha/Kuliah/Semester8/nlp/speech-sphinx/train-new-model/an4-master/etc/an4.dic
INFO: lexicon.c(221): 130 entries added from /home/rakha/Kuliah/Semester8/nlp/speech-sphinx/train-new-model/an4-master/etc/an4.dic
INFO: main.c(466): Reading filler dictionary: /home/rakha/Kuliah/Semester8/nlp/speech-sphinx/train-new-model/an4-master/etc/an4.filler
INFO: lexicon.c(221): 3 entries added from /home/rakha/Kuliah/Semester8/nlp/speech-sphinx/train-new-model/an4-master/etc/an4.filler
INFO: corpus.c(403): skipping 472 utts.
INFO: corpus.c(407): Last utt skipped: cen5-mema-b
INFO: corpus.c(1065): Will process 236 utts starting at 472
INFO: main.c(665): Reestimation: Baum-Welch
INFO: cmn.c(133): CMN: 47.73 10.04 -1.86  7.02  0.90 -0.11 -0.22 -2.90 -4.72  2.53 -4.56 -1.79 -4.35 
column defns
	<seq>
	<id>
	<n_frame_in>
	<n_frame_del>
	<n_state_shmm>
	<avg_states_alpha>
	<avg_states_beta>
	<avg_states_reest>
	<avg_posterior_prune>
	<frame_log_lik>
	<utt_log_lik>
	... timing info ... 
utt>   472               cen6-mema-b  162    0    68 8  2 3 2.443452e-12 -1.948862e+02 -3.157156e+04
INFO: cmn.c(133): CMN: 47.87  1.92 -4.61 19.47  8.96 -5.04 -0.55 -2.87  0.13 -5.04 -8.80 -0.06 -4.85 
utt>   473               cen7-mema-b  216    0    76 7  1 2 2.636339e-12 -1.954928e+02 -4.222644e+04
INFO: cmn.c(133): CMN: 44.18  2.42 -1.66 11.85  4.31 -1.77 -1.11 -0.69 -2.41  1.94 -4.39  0.46 -1.21 
utt>   474               cen8-mema-b  349    0   108 7  1 2 1.767114e-12 -1.901275e+02 -6.635451e+04
INFO: cmn.c(133): CMN: 43.39 15.29 -4.20 13.91 -14.24  4.52  2.73 -5.89 -8.56 -4.43 -3.45 -7.87 -1.81 
utt>   475              an256-mewl-b   63    0    16 7  1 3 1.599455e-12 -1.894724e+02 -1.193676e+04
INFO: cmn.c(133): CMN: 47.65  6.28 -1.33 15.39 -10.85  4.20 -5.83 -2.46 -5.57 -4.26 -2.68 -4.66 -2.64 
utt>   476              an257-mewl-b  595    0   192 6  1 1 1.236951e-12 -1.947832e+02 -1.158960e+05
INFO: cmn.c(133): CMN: 44.10  6.86 -2.38 12.79 -2.35  5.47 -8.04 -4.87 -3.70 -8.36 -2.29 -4.42 -3.16 
utt>   477              an258-mewl-b  196    0    44 7  1 2 2.807769e-12 -1.920167e+02 -3.763528e+04
INFO: cmn.c(133): CMN: 37.76 -2.44  0.60 12.33  1.23  5.43 -5.65 -4.31 -1.45 -7.39 -4.00  0.89 -2.81 
utt>   478              an259-mewl-b  139    0    28 7  1 2 4.591507e-13 -1.916159e+02 -2.663461e+04
INFO: cmn.c(133): CMN: 43.79  5.22 -5.38 24.84 -6.45  0.61 -7.50 -5.59 -2.84 -7.74  0.03 -2.17 -7.20 
utt>   479              an260-mewl-b  338    0    72 7  1 1 6.038433e-13 -1.897781e+02 -6.414501e+04
INFO: cmn.c(133): CMN: 40.97  3.22  1.29 24.34 -7.52  2.62  1.80 -4.11 -3.74 -7.99 -2.41 -4.24 -3.80 
utt>   480               cen1-mewl-b  426    0    64 7  1 1 5.635395e-13 -1.924140e+02 -8.196838e+04
INFO: cmn.c(133): CMN: 49.59  2.84 -3.93 23.44 -10.83  4.83 -10.51 -1.79 -2.14 -8.24  1.48 -2.30 -4.51 
utt>   481               cen2-mewl-b  137    0    32 6  1 2 5.003430e-13 -1.931023e+02 -2.645502e+04
INFO: cmn.c(133): CMN: 40.48  0.23  0.51 12.44 -5.58  4.18 -4.33 -8.44 -5.76 -7.32  1.11 -5.32 -4.79 
utt>   482               cen3-mewl-b  319    0    64 7  1 2 1.402839e-12 -1.905300e+02 -6.077909e+04
INFO: cmn.c(133): CMN: 46.38  9.46 -2.41 19.92 -7.04  0.48 -5.26 -6.20  0.49 -5.91  1.58 -1.14 -7.55 
utt>   483               cen4-mewl-b  473    0   116 7  1 2 9.631441e-13 -1.909578e+02 -9.032304e+04
INFO: cmn.c(133): CMN: 45.21  0.81  0.05 28.69 -7.25 -1.24 -2.68 -2.24 -2.97 -6.67 -2.08 -2.78 -6.52 
utt>   484               cen5-mewl-b  349    0    84 8  1 2 1.719133e-12 -1.909062e+02 -6.662625e+04
INFO: cmn.c(133): CMN: 44.95 11.53  0.10 14.58 -4.08  2.91 -1.19 -7.37  0.36 -9.05  0.51 -3.05 -9.49 
utt>   485               cen6-mewl-b  199    0    72 8  1 3 1.610347e-12 -1.966600e+02 -3.913533e+04
INFO: cmn.c(133): CMN: 47.93 -0.57 -1.93 16.49 -5.01  6.35 -15.76 -4.67  4.04 -8.08  3.35 -6.84 -5.42 
utt>   486               cen7-mewl-b  259    0    88 7  1 2 1.796100e-12 -1.965963e+02 -5.091844e+04
INFO: cmn.c(133): CMN: 45.63  7.04 -1.13  9.20 -7.55  2.00 -4.66 -0.78 -2.22 -4.00 -1.30 -4.19 -4.19 
utt>   487               cen8-mewl-b  263    0    84 7  1 2 6.295169e-13 -1.926506e+02 -5.066712e+04
INFO: cmn.c(133): CMN: 42.47 -1.46  1.70 25.69  3.09 -7.28 -2.74 -2.58  2.23 -12.39  1.02 -0.69 -6.09 
utt>   488              an161-mfaa-b  259    0    84 7  1 2 1.310692e-12 -1.953069e+02 -5.058449e+04
INFO: cmn.c(133): CMN: 45.35  4.46 -2.51 19.37  3.09 -9.08 -3.04 -11.15  6.85 -12.00  0.23  2.42 -2.09 
utt>   489              an162-mfaa-b  309    0    84 6  1 2 1.543827e-12 -1.941426e+02 -5.999006e+04
INFO: cmn.c(133): CMN: 42.97  6.23 -3.60 15.69  5.40 -8.76 -5.18 -5.31  3.59 -3.03  0.03  2.46 -1.02 
utt>   490              an163-mfaa-b  239    0    76 8  1 2 8.282230e-13 -1.960254e+02 -4.685007e+04
INFO: cmn.c(133): CMN: 43.49 -0.58  5.90 21.86  6.19 -6.77 -2.75 -1.82 -0.15 -4.79  4.97 -0.71 -6.69 
utt>   491              an164-mfaa-b  218    0    60 7  1 2 1.560346e-12 -1.936535e+02 -4.221645e+04
INFO: cmn.c(133): CMN: 43.20  4.71 -3.17 15.21  2.22 -11.51 -4.13 -9.58  3.96 -8.63  1.31  1.39 -4.59 
utt>   492              an165-mfaa-b  273    0    56 6  1 2 5.315171e-13 -1.900428e+02 -5.188169e+04
INFO: cmn.c(133): CMN: 44.27  8.42  1.59 16.86 -3.17 -9.79 -4.79 -4.77 -3.68 -10.23  4.73 -1.37 -0.95 
utt>   493               cen1-mfaa-b  199    0    44 7  1 2 9.040424e-13 -1.936419e+02 -3.853473e+04
INFO: cmn.c(133): CMN: 46.69 13.05 -4.17 -1.77 -10.86 -6.72 -2.53 -8.35  3.24  0.28  9.51  0.05 -1.74 
utt>   494               cen2-mfaa-b  107    0    28 6  1 2 3.699394e-13 -1.930103e+02 -2.065210e+04
INFO: cmn.c(133): CMN: 46.46  6.52 -2.55  7.31 -5.18 -1.73 -2.46 -8.35  0.88 -1.19  1.97 -2.60 -2.74 
utt>   495               cen3-mfaa-b  141    0    64 7  1 3 1.341122e-12 -1.952934e+02 -2.753637e+04
INFO: cmn.c(133): CMN: 50.52 11.15 -6.44  6.52 -2.64 -11.29 -1.55 -12.94  0.86 -3.34  4.55  1.83 -3.91 
utt>   496               cen4-mfaa-b  243    0    76 7  1 2 3.787204e-13 -1.945466e+02 -4.727482e+04
INFO: cmn.c(133): CMN: 43.80  1.42  2.10 20.37 -0.12 -6.06 -2.88 -3.12 -1.91 -8.96  0.85 -0.22 -5.20 
utt>   497               cen5-mfaa-b  329    0    84 8  1 2 1.689668e-12 -1.921925e+02 -6.323132e+04
INFO: cmn.c(133): CMN: 44.99  5.45  0.81  5.11 -6.79 -3.43  1.64 -6.86 -6.33 -0.09  5.83  0.41 -1.82 
utt>   498               cen6-mfaa-b  174    0    80 8  2 3 1.716415e-12 -1.977017e+02 -3.440010e+04
INFO: cmn.c(133): CMN: 46.25  5.47 -0.49 11.44 -1.86 -3.37 -5.65 -8.98  2.87 -5.93  1.30 -1.20 -4.65 
utt>   499               cen7-mfaa-b  225    0    80 7  1 3 1.416324e-12 -1.961609e+02 -4.413620e+04
INFO: cmn.c(133): CMN: 41.69  5.63  1.11 15.07  2.03 -7.10 -2.76 -6.52  1.10 -3.48 -0.66 -0.90 -1.57 
utt>   500               cen8-mfaa-b  199    0    80 7  1 2 2.224223e-12 -1.962712e+02 -3.905797e+04
INFO: cmn.c(133): CMN: 47.04  4.23 -3.37 19.65 -10.02  7.10 -2.60 -13.03 12.68 -2.55 -2.63 -3.32  0.73 
utt>   501              an196-mgah-b  196    0    60 8  1 3 1.860898e-12 -1.914588e+02 -3.752593e+04
INFO: cmn.c(133): CMN: 46.35 11.88 -6.41 15.46 -12.91  2.84 -0.76 -13.93 11.98 -3.15 -3.27 -2.50  1.20 
utt>   502              an197-mgah-b  188    0    68 7  1 3 1.260904e-12 -1.946518e+02 -3.659454e+04
INFO: cmn.c(133): CMN: 44.79  3.76 -2.28 16.46 -10.21  4.61 -2.84 -8.96 10.25 -1.67 -1.48 -2.19  0.91 
utt>   503              an198-mgah-b  239    0    72 7  1 3 7.550193e-13 -1.901516e+02 -4.544623e+04
INFO: cmn.c(133): CMN: 42.16 14.66 -6.34 17.84 -12.52  6.94  0.92 -8.98  8.15 -5.47  5.43 -3.01  2.70 
utt>   504              an199-mgah-b   87    0    16 6  1 3 1.028021e-12 -1.824662e+02 -1.587456e+04
INFO: cmn.c(133): CMN: 42.47 -1.27 -5.45  8.86 -6.39  8.39 -6.72 -11.74  6.75 -4.24 -0.30  2.71  3.75 
utt>   505              an200-mgah-b   99    0    28 7  1 2 4.499488e-13 -2.007001e+02 -1.986931e+04
INFO: cmn.c(133): CMN: 42.69  2.97 -7.06 21.09 -13.89 -2.27  0.77 -4.10  7.05 -3.73  3.01 -1.60 -2.25 
utt>   506               cen1-mgah-b  234    0    28 6  1 1 7.650363e-13 -1.892089e+02 -4.427488e+04
INFO: cmn.c(133): CMN: 46.52  3.75 -5.85 41.95 -14.67  2.09  2.92 -11.75 14.67 -10.04  6.85 -7.67  5.88 
utt>   507               cen2-mgah-b  242    0    44 7  1 2 1.116084e-12 -1.839161e+02 -4.450770e+04
INFO: cmn.c(133): CMN: 44.98  8.57 -4.70 24.41 -7.43  7.65 -0.08 -17.15 14.36 -5.06  0.50 -6.39 -0.34 
utt>   508               cen3-mgah-b  199    0    48 7  1 2 1.055973e-12 -1.861054e+02 -3.703497e+04
INFO: cmn.c(133): CMN: 43.37  6.64 -8.30 20.50 -13.56  1.92 -4.17 -7.13 12.04 -5.82  3.51 -1.77 -0.73 
utt>   509               cen4-mgah-b  317    0    52 6  1 1 8.747758e-13 -1.813492e+02 -5.748771e+04
INFO: cmn.c(133): CMN: 46.71  3.60 -7.02 30.60 -12.09 -1.46 -0.64 -5.11  8.73 -6.94  1.82 -1.59 -2.40 
utt>   510               cen5-mgah-b  479    0    84 8  1 2 1.408078e-12 -1.834434e+02 -8.786939e+04
INFO: cmn.c(133): CMN: 49.92 12.65 -10.97 20.84 -15.25  1.44  4.63 -12.44 11.45 -4.61  3.07 -4.00 -2.53 
utt>   511               cen6-mgah-b  215    0    72 8  1 3 2.662120e-12 -1.873421e+02 -4.027855e+04
INFO: cmn.c(133): CMN: 46.70  7.26 -5.97 18.72 -11.07  3.97 -2.47 -10.78  8.26 -4.77 -1.26 -1.57 -0.03 
utt>   512               cen7-mgah-b  364    0   100 7  1 2 8.774327e-13 -1.860060e+02 -6.770619e+04
INFO: cmn.c(133): CMN: 45.53  2.90 -2.18 17.80 -11.29  5.40 -1.19 -8.78 11.87 -6.20  2.68 -3.77 -2.21 
utt>   513               cen8-mgah-b  349    0   132 7  1 2 1.456802e-12 -1.929126e+02 -6.732651e+04
INFO: cmn.c(133): CMN: 42.13  7.83 -2.75  1.55 -8.40  1.61 -6.17 -0.26 -3.53 -1.33  0.74  2.42 -3.62 
utt>   514              an246-mjbh-b   70    0    24 6  2 3 5.648025e-13 -1.904776e+02 -1.333344e+04
INFO: cmn.c(133): CMN: 39.33  7.83 -2.80  5.60 -4.74  5.84 -5.37 -1.68 -4.36 -3.90  0.95  6.30 -1.53 
utt>   515              an247-mjbh-b   79    0    16 6  1 2 6.246343e-13 -1.816582e+02 -1.435100e+04
INFO: cmn.c(133): CMN: 52.70  7.51  1.46 12.93 -12.11 -2.13 -12.00  0.44  0.53 -4.27  0.42  3.88 -6.54 
utt>   516              an248-mjbh-b  184    0    64 6  1 2 1.497902e-12 -1.935793e+02 -3.561860e+04
INFO: cmn.c(133): CMN: 42.95 -2.54  0.32  0.69 -7.68  3.98 -4.65 -1.39 -1.88  4.01  1.30  2.39 -4.09 
utt>   517              an249-mjbh-b   89    0    24 8  1 3 1.117916e-12 -1.878848e+02 -1.672175e+04
INFO: cmn.c(133): CMN: 47.09 -5.10  1.96  4.41 -5.41 -1.39 -10.00  1.89 -2.09  2.91  0.55  1.21 -1.29 
utt>   518              an250-mjbh-b   72    0    20 7  1 3 2.497697e-12 -1.923801e+02 -1.385137e+04
INFO: cmn.c(133): CMN: 53.90 -0.43 -6.29 28.72 -8.41 -2.64 -15.88 -0.75 -1.08 -2.56 -2.53  5.08 -3.71 
utt>   519               cen1-mjbh-b  253    0    68 6  1 2 1.070252e-12 -1.907111e+02 -4.824990e+04
INFO: cmn.c(133): CMN: 54.14  1.43 -5.39 23.98 -11.27 -3.20 -17.09  0.09 -0.79 -6.54  0.31  2.51  3.34 
utt>   520               cen2-mjbh-b  125    0    36 6  1 2 1.698763e-12 -1.911767e+02 -2.389708e+04
INFO: cmn.c(133): CMN: 52.63  0.54 -2.39  5.74 -10.38  7.36 -14.51 -3.33  2.49  0.51 -2.48  1.35 -0.23 
utt>   521               cen3-mjbh-b  146    0    64 7  1 2 2.863638e-12 -1.932179e+02 -2.820981e+04
INFO: cmn.c(133): CMN: 47.71  1.13 -3.35 22.16 -7.27  1.99 -10.97 -2.38  5.23 -1.94  0.41 -0.82  1.71 
utt>   522               cen4-mjbh-b  159    0    40 7  1 2 9.552400e-13 -1.947091e+02 -3.095874e+04
INFO: cmn.c(133): CMN: 48.44 -5.52  3.96 24.93 -8.73  0.77 -8.41  0.45 -0.58 -2.81 -1.72  3.01 -4.10 
utt>   523               cen5-mjbh-b  386    0    84 8  1 2 7.460801e-13 -1.896707e+02 -7.321290e+04
INFO: cmn.c(133): CMN: 49.30 -2.16 -1.10  9.60 -3.65  5.84 -15.22  0.35 -1.51  1.85 -3.04  2.08 -0.52 
utt>   524               cen6-mjbh-b  199    0    76 8  2 3 2.831960e-12 -1.906684e+02 -3.794302e+04
INFO: cmn.c(133): CMN: 49.69 -9.93  1.81 12.07 -1.25  1.26 -19.13  2.17 -0.42  0.32 -8.61  2.17 -0.86 
utt>   525               cen7-mjbh-b  239    0   100 7  1 3 2.258049e-12 -1.945765e+02 -4.650379e+04
INFO: cmn.c(133): CMN: 52.00  0.42 -5.03 21.80 -7.39  1.80 -17.96  4.79 -0.18  0.43 -3.64 -4.51  2.69 
utt>   526               cen8-mjbh-b  201    0    88 8  1 3 1.109504e-12 -1.926835e+02 -3.872939e+04
INFO: cmn.c(133): CMN: 48.24  7.44  2.72 10.74  3.63 -3.92 -2.27 -2.77 -4.89  1.59 -1.89  2.09 -4.87 
utt>   527              an171-mjda-b  354    0    84 7  1 1 1.072817e-12 -1.975616e+02 -6.993682e+04
INFO: cmn.c(133): CMN: 51.80  8.19  9.59  4.17  4.27 -0.27 -9.68 -1.57 -7.17 -3.05 -4.07 -1.75 -4.05 
utt>   528              an172-mjda-b  157    0    68 7  1 3 1.265465e-12 -1.996936e+02 -3.135189e+04
INFO: cmn.c(133): CMN: 53.61  3.54  7.89  5.81 -5.61 -0.75 -4.21 -6.70 -9.73 -3.06 -0.50 -3.00 -5.51 
utt>   529              an173-mjda-b  309    0   116 7  1 2 1.320973e-12 -1.984640e+02 -6.132537e+04
INFO: cmn.c(133): CMN: 48.84  7.19 -3.13  1.82  2.35 -2.59 -5.99 -6.12 -4.96  1.05  1.12  3.45 -4.96 
utt>   530              an174-mjda-b  119    0    32 8  1 3 1.021321e-12 -1.960991e+02 -2.333579e+04
INFO: cmn.c(133): CMN: 40.21  9.28  3.42 -3.04 -10.17  2.20  2.48 -5.02 -1.67  5.32  4.08  3.73 -3.49 
utt>   531              an175-mjda-b   63    0    24 7  1 2 1.608815e-13 -1.979576e+02 -1.247133e+04
INFO: cmn.c(133): CMN: 43.90 -2.54  7.67 17.43 10.35 -5.68 -10.27  1.49 -11.37  3.13 -3.69  2.29 -3.70 
utt>   532               cen1-mjda-b  219    0    48 7  1 2 8.449812e-13 -1.928992e+02 -4.224493e+04
INFO: cmn.c(133): CMN: 47.58 -1.89  9.18 20.65  8.72 -8.38 -15.72 10.91 -15.15 -2.81 -1.31 -0.44 -1.85 
utt>   533               cen2-mjda-b  219    0    40 7  1 2 1.405949e-12 -1.916477e+02 -4.197085e+04
INFO: cmn.c(133): CMN: 43.98 -1.06  3.10  9.23  6.41  4.80 -8.51 -1.17 -3.08  3.50 -1.32 -0.70 -1.86 
utt>   534               cen3-mjda-b  139    0    44 7  1 3 2.102943e-12 -1.934687e+02 -2.689215e+04
INFO: cmn.c(133): CMN: 45.05 -0.83 14.55 26.86 11.71 -8.21 -0.54  9.37 -14.35  4.19  0.21 -3.33 -2.71 
utt>   535               cen4-mjda-b  579    0    88 8  1 1 9.544236e-13 -1.913599e+02 -1.107974e+05
INFO: cmn.c(133): CMN: 48.33  2.02  6.85 21.26  5.32 -1.78 -7.51  5.73 -9.51 -2.84  0.67 -1.13 -5.33 
utt>   536               cen5-mjda-b  409    0    84 8  1 2 7.086860e-13 -1.951528e+02 -7.981749e+04
INFO: cmn.c(133): CMN: 46.33  9.58  4.88  6.81  2.03  0.57 -4.25 -0.86 -3.33 -3.10  0.24  1.25 -7.85 
utt>   537               cen6-mjda-b  199    0    68 8  2 4 1.681942e-12 -1.915825e+02 -3.812491e+04
INFO: cmn.c(133): CMN: 47.54  1.89 -0.27  7.88  3.46  1.89 -13.98 -2.61 -1.63 -6.83 -0.27  1.16 -5.16 
utt>   538               cen7-mjda-b  309    0    80 7  1 2 9.913343e-13 -1.949888e+02 -6.025155e+04
INFO: cmn.c(133): CMN: 50.63  0.29  5.62  8.45 -1.64 -1.16 -10.00 -3.40 -3.14 -5.95 -2.36 -2.33 -4.90 
utt>   539               cen8-mjda-b  270    0   128 6  1 2 1.709287e-12 -1.949193e+02 -5.262822e+04
INFO: cmn.c(133): CMN: 49.58 -7.02  7.84 21.19 -2.85  6.24 -17.94  9.49 -3.34 -8.69 -2.68 -3.21 -1.46 
utt>   540               an16-mjdr-b  245    0    76 6  1 2 2.838990e-12 -1.930391e+02 -4.729459e+04
INFO: cmn.c(133): CMN: 44.44  8.66 -5.01  8.79 -5.34  4.79 -11.04  0.24 -1.98 -10.27  1.90 -6.67 -0.46 
utt>   541               an18-mjdr-b  140    0    68 7  1 3 1.160092e-12 -1.974451e+02 -2.764232e+04
INFO: cmn.c(133): CMN: 44.50  4.25  0.67 12.27 -4.35  4.16 -10.26 -0.90 -1.10 -8.99  5.99 -3.80 -1.34 
utt>   542               an19-mjdr-b  409    0   120 7  1 2 1.328167e-12 -1.927417e+02 -7.883135e+04
INFO: cmn.c(133): CMN: 45.32  1.04  3.15 26.78 -9.29  5.27 -12.46  3.55  0.05 -8.33 -3.20  1.57 -2.92 
utt>   543               an20-mjdr-b  265    0    68 6  1 2 4.554083e-13 -1.893119e+02 -5.016764e+04
INFO: cmn.c(133): CMN: 47.16  4.26 -1.03 18.22 -14.14  8.49 -17.66  6.70 -3.17 -7.39  4.88 -2.35  3.39 
utt>   544               cen1-mjdr-b  279    0    68 6  1 2 6.377882e-13 -1.941050e+02 -5.415531e+04
INFO: cmn.c(133): CMN: 44.03 -4.22 -5.08 19.98 -8.72  2.87 -15.19  2.00 -3.09 -4.59  1.96 -3.58 -2.77 
utt>   545               cen2-mjdr-b  180    0    36 6  1 2 8.375535e-13 -1.890336e+02 -3.402605e+04
INFO: cmn.c(133): CMN: 46.00  2.18  1.84  5.50 -4.51  7.38 -11.58 -7.07  3.87 -10.26  2.15 -5.31 -4.06 
utt>   546               cen3-mjdr-b  169    0    64 7  1 3 3.084068e-12 -1.910309e+02 -3.228422e+04
INFO: cmn.c(133): CMN: 44.45  0.44  0.69 31.99 -11.29  8.92 -13.70  8.49 -3.07 -9.76 -2.10  0.35 -6.37 
utt>   547               cen4-mjdr-b  439    0    84 7  1 2 1.190485e-12 -1.904644e+02 -8.361387e+04
INFO: cmn.c(133): CMN: 50.50  1.29 -2.88 28.55 -11.99  6.60 -16.26  4.71 -0.63 -7.32 -0.67 -1.51 -1.40 
utt>   548               cen5-mjdr-b  309    0    84 8  1 2 1.407500e-12 -1.907480e+02 -5.894112e+04
INFO: cmn.c(133): CMN: 42.36  9.05 -2.56  9.27 -5.22  1.47 -6.70 -0.20 -0.60 -10.61  6.60 -6.66 -5.69 
utt>   549               cen6-mjdr-b  169    0    72 8  2 3 2.645158e-12 -1.963844e+02 -3.318897e+04
INFO: cmn.c(133): CMN: 46.78  6.23 -1.43 14.11 -6.82  3.73 -11.48  1.23  3.32 -19.12  4.92 -7.58 -1.70 
utt>   550               cen7-mjdr-b  289    0   128 8  1 3 2.246150e-12 -1.950791e+02 -5.637785e+04
INFO: cmn.c(133): CMN: 47.27 -4.28  3.98  7.72 -6.95 10.20 -16.89 -2.66 -4.79 -8.17  6.54 -8.89 -1.50 
utt>   551               cen8-mjdr-b  229    0    84 6  1 3 1.563283e-12 -1.940001e+02 -4.442603e+04
INFO: cmn.c(133): CMN: 50.08  7.29 -9.93 25.25 -7.35 -5.96 -0.23 -5.33  1.97 -7.77  2.29 -0.14 -1.07 
utt>   552              an156-mjes-b  303    0   120 6  1 2 1.009766e-12 -1.947408e+02 -5.900645e+04
INFO: cmn.c(133): CMN: 45.73  6.31 -9.30 22.75  3.65 -1.66 -0.27 -7.60  3.08 -1.53  0.28 -3.80  2.64 
utt>   553              an157-mjes-b  110    0    56 7  1 3 2.230528e-12 -1.967124e+02 -2.163836e+04
INFO: cmn.c(133): CMN: 47.12  6.58 -6.32 27.73 -6.12 -2.76  4.58 -5.69  4.09 -8.34  3.62 -4.70 -1.44 
utt>   554              an158-mjes-b  339    0   128 8  1 2 1.158673e-12 -1.942562e+02 -6.585286e+04
INFO: cmn.c(133): CMN: 36.72  0.64 -7.69  3.19 -8.11  1.27  1.66 -2.41  2.33 -2.30  0.12  2.10 -3.70 
utt>   555              an159-mjes-b   79    0    24 8  1 2 3.719345e-12 -2.001390e+02 -1.581098e+04
INFO: cmn.c(133): CMN: 48.38  5.47 -10.33 29.05 -7.47 -3.50  2.29 -6.85  2.61 -9.89  3.34 -5.85 -3.59 
utt>   556              an160-mjes-b  379    0   136 6  1 2 1.549825e-12 -1.926007e+02 -7.299566e+04
INFO: cmn.c(133): CMN: 43.66  8.71 -6.97 18.92 -0.59 -4.96 -0.06 -3.14  3.95 -2.43  6.34 -2.76  1.77 
utt>   557               cen1-mjes-b  219    0    72 7  1 2 9.430058e-13 -1.938502e+02 -4.245319e+04
INFO: cmn.c(133): CMN: 48.45 10.08 -14.35 29.10 -10.96 -11.37 -0.22 -3.42 -0.71 -8.01  8.11 -2.59  4.77 
utt>   558               cen2-mjes-b  229    0    60 7  1 2 1.481265e-12 -1.885530e+02 -4.317863e+04
INFO: cmn.c(133): CMN: 38.90 10.04 -8.91 21.11 -0.83 -2.55  0.82 -5.03 -1.17 -1.87 -3.91 -3.64  2.22 
utt>   559               cen3-mjes-b   68    0    24 7  1 3 6.565836e-13 -1.908795e+02 -1.297980e+04
INFO: cmn.c(133): CMN: 42.98  3.00 -6.37 27.73 -8.09 -7.68 -1.78 -2.49 -2.54 -7.53  5.33 -6.39  4.40 
utt>   560               cen4-mjes-b  388    0   100 7  1 2 4.582886e-13 -1.885498e+02 -7.315734e+04
INFO: cmn.c(133): CMN: 47.35 17.00 -18.57 25.50 -16.75 -4.60 -0.01  2.02  2.41 -4.79  8.53 -2.66  1.85 
utt>   561               cen5-mjes-b  213    0    76 6  1 2 1.024446e-12 -1.924909e+02 -4.100057e+04
INFO: cmn.c(133): CMN: 46.09 16.27 -12.54 19.56 -14.75 -2.17 -0.46 -5.44 -10.69 -8.94 13.13 -8.57 11.19 
utt>   562               cen6-mjes-b  130    0    48 7  1 2 2.039043e-12 -1.937089e+02 -2.518216e+04
INFO: cmn.c(133): CMN: 46.36  7.87 -10.55 15.31 -7.36  0.89 -1.12 -4.35  1.83 -7.08  6.12 -5.34  0.51 
utt>   563               cen7-mjes-b  339    0   124 7  1 2 2.107471e-12 -1.949501e+02 -6.608808e+04
INFO: cmn.c(133): CMN: 47.09  3.76 -9.56 16.28 -2.17 -2.99  0.47  1.51  3.29 -6.27  8.56 -8.21  1.17 
utt>   564               cen8-mjes-b  231    0   128 7  1 3 1.847117e-12 -2.020938e+02 -4.668367e+04
INFO: cmn.c(133): CMN: 42.25  9.22 -6.84 33.06 -3.44 -5.27 -6.23 -3.08 -2.41 -5.61  1.84 -1.86 -1.68 
utt>   565              an216-mjgk-b  243    0    84 7  1 2 5.939731e-13 -1.881024e+02 -4.570888e+04
INFO: cmn.c(133): CMN: 41.29  3.91 -3.33 17.48 -3.29  1.38 -13.32 -0.06  0.92 -5.74  1.34 -2.89  1.71 
utt>   566              an217-mjgk-b  149    0    48 8  1 3 2.708217e-12 -1.903928e+02 -2.836852e+04
INFO: cmn.c(133): CMN: 36.18 -1.66 -0.76 -3.41 -3.71 -0.50  0.34  0.48 -4.49  1.90  3.48  2.29  1.42 
utt>   567              an218-mjgk-b   89    0    24 8  1 2 1.685794e-12 -1.932411e+02 -1.719846e+04
INFO: cmn.c(133): CMN: 37.20 12.83 -12.57  8.30 -9.64  4.16 -6.83 -3.53  2.50 -8.14  5.82  1.85  7.05 
utt>   568              an219-mjgk-b   59    0    16 5  1 3 1.194708e-12 -1.769802e+02 -1.044183e+04
INFO: cmn.c(133): CMN: 40.33  1.24 -3.02 19.41  0.37 -1.57 -10.78 -0.81  1.77 -5.76 -1.47 -4.17  0.24 
utt>   569              an220-mjgk-b  169    0    60 7  1 3 1.142468e-12 -1.911208e+02 -3.229942e+04
INFO: cmn.c(133): CMN: 44.24  3.83 -5.30 48.41 -19.51 -12.35 -2.12  0.14 -2.06 -13.36  7.25 -2.46 -3.09 
utt>   570               cen1-mjgk-b  171    0    36 7  1 2 1.161330e-12 -1.851803e+02 -3.166583e+04
INFO: cmn.c(133): CMN: 43.00  1.51 -4.86 27.77 -9.44 -4.18 -7.81 -1.97 -1.38 -5.50  3.10 -0.94  0.78 
utt>   571               cen2-mjgk-b  199    0    48 7  1 2 1.342192e-12 -1.869381e+02 -3.720068e+04
INFO: cmn.c(133): CMN: 44.56  6.36 -3.49 26.94 -9.27 -4.61 -10.35 -1.36 -1.96 -4.52  1.44  0.46  0.14 
utt>   572               cen4-mjgk-b  418    0   108 7  1 2 9.091411e-13 -1.888312e+02 -7.893143e+04
INFO: cmn.c(133): CMN: 44.18  6.89 -7.75 23.68 -9.54 -3.58 -12.33 -0.22 -2.35 -5.07  3.20 -0.23  3.79 
utt>   573               cen5-mjgk-b  209    0    72 6  1 1 1.862211e-12 -1.909983e+02 -3.991865e+04
INFO: cmn.c(133): CMN: 38.74  9.69 -4.92 19.21 -6.88 -2.08 -7.87  0.72  0.47 -6.75  1.51 -0.37 -0.32 
utt>   574               cen6-mjgk-b  165    0    64 8  2 3 2.627334e-12 -1.926544e+02 -3.178798e+04
INFO: cmn.c(133): CMN: 41.11  8.37 -5.74 21.11 -7.55  2.66 -11.65 -6.59  3.91 -11.14  3.65 -1.58  2.08 
utt>   575               cen7-mjgk-b  209    0    68 7  1 2 1.056288e-12 -1.947115e+02 -4.069470e+04
INFO: cmn.c(133): CMN: 39.99  5.57 -3.87 22.15 -1.91 -1.87 -12.71 -3.31  3.32 -6.59 -0.66 -1.35  0.99 
utt>   576               cen8-mjgk-b  209    0   112 7  1 2 2.221715e-12 -2.001608e+02 -4.183360e+04
INFO: cmn.c(133): CMN: 49.82  4.35 -0.23 15.47 -0.91  1.80  1.59 -6.89  5.74 -3.26 -1.66  1.74 -3.06 
utt>   577               an56-mjhp-b  364    0   112 6  1 2 1.341380e-12 -1.957186e+02 -7.124158e+04
INFO: cmn.c(133): CMN: 50.16  8.16 -1.16 16.88 -0.64  2.45 -5.67 -4.22  1.57 -10.33 -5.96  3.66 -6.65 
utt>   578               an57-mjhp-b  222    0    56 6  1 2 6.799011e-13 -1.877520e+02 -4.168095e+04
INFO: cmn.c(133): CMN: 47.71  1.79  2.55  5.94  1.29  0.13 -8.44 -0.36  1.88 -3.94 -1.36  1.15 -2.52 
utt>   579               an58-mjhp-b  319    0    76 6  1 2 1.624829e-12 -1.903893e+02 -6.073417e+04
INFO: cmn.c(133): CMN: 50.07 -1.42  0.26 20.39 -4.58  1.21 -3.15 -6.65  5.73 -7.67 -2.02 -1.01  0.35 
utt>   580               an59-mjhp-b  283    0    80 6  1 2 1.151651e-12 -1.956021e+02 -5.535538e+04
INFO: cmn.c(133): CMN: 42.45 12.22 -2.66  5.82 -9.86  4.04  4.61  1.43  0.53 -4.06  5.93 -0.60  1.73 
utt>   581               an60-mjhp-b   66    0    16 6  1 3 4.032657e-13 -1.934584e+02 -1.276825e+04
INFO: cmn.c(133): CMN: 47.63  8.90 -4.75  5.42 -12.31  7.16 -2.21 -6.81  1.98 -6.10  4.34 -0.58 -0.26 
utt>   582               cen1-mjhp-b  378    0    64 6  1 2 1.037615e-12 -1.946499e+02 -7.357768e+04
INFO: cmn.c(133): CMN: 46.75 -3.06 -1.06 19.32 -8.03  2.64 -9.15 -3.53  2.04 -10.04  0.15 -5.08  0.28 
utt>   583               cen2-mjhp-b  209    0    48 6  1 2 1.553088e-12 -1.933948e+02 -4.041952e+04
INFO: cmn.c(133): CMN: 48.53  4.22  0.39  6.01 -2.69  7.56 -2.11 -5.46  5.90 -9.28  1.93 -1.96 -3.30 
utt>   584               cen3-mjhp-b  143    0    56 7  1 3 1.335406e-12 -1.950397e+02 -2.789068e+04
INFO: cmn.c(133): CMN: 49.33  2.86  2.67 17.79 -9.61 -1.17 -3.86 -2.24  5.58 -13.07  4.26 -0.32 -4.17 
utt>   585               cen4-mjhp-b  329    0    84 6  1 2 8.693832e-13 -1.913971e+02 -6.296964e+04
INFO: cmn.c(133): CMN: 48.97 -1.02  2.23 22.10 -4.15 -2.48 -6.61 -0.58  5.70 -11.27  0.84 -0.43 -5.48 
utt>   586               cen5-mjhp-b  261    0    84 8  1 3 1.971992e-12 -1.922528e+02 -5.017797e+04
INFO: cmn.c(133): CMN: 49.28  3.85  2.23  6.02 -3.00  0.07  1.18 -8.88  3.43 -2.46  4.42 -0.20 -3.24 
utt>   587               cen6-mjhp-b  169    0    80 8  2 3 3.747765e-12 -1.918567e+02 -3.242378e+04
INFO: cmn.c(133): CMN: 50.41  2.75  1.01  7.53 -5.08  2.89 -3.66 -1.71  5.46 -8.84  0.86  1.36 -3.74 
utt>   588               cen7-mjhp-b  329    0   116 7  1 2 1.740846e-12 -1.943062e+02 -6.392675e+04
INFO: cmn.c(133): CMN: 47.50 -3.72  2.90  9.47  3.46  0.48  0.97 -3.85  0.19  0.25  5.70 -1.25 -1.30 
utt>   589               cen8-mjhp-b  229    0   100 8  1 3 2.422051e-12 -1.961181e+02 -4.491105e+04
INFO: cmn.c(133): CMN: 51.58 -9.55  7.74 20.43 -1.31  0.15 -1.46 -2.08 -1.22 -4.78  1.33 -3.76 -2.87 
utt>   590             an176-mjjs2-b  326    0    76 6  1 2 9.306239e-13 -1.934258e+02 -6.305680e+04
INFO: cmn.c(133): CMN: 40.06 -4.93 -4.21  6.18 -0.66  9.38 -9.87 -7.81  2.67 -3.53 -0.13 -0.06  3.29 
utt>   591             an177-mjjs2-b  129    0    28 8  1 2 1.122424e-12 -1.953020e+02 -2.519396e+04
INFO: cmn.c(133): CMN: 38.49 10.63 -6.28  9.58 -0.89  0.46  2.94 -10.31 -2.48 -4.67  7.61 -6.64  1.90 
utt>   592             an178-mjjs2-b   79    0    16 7  1 2 6.412488e-13 -1.956963e+02 -1.546001e+04
INFO: cmn.c(133): CMN: 49.78 -5.75  3.65 30.43  2.98 -4.69  2.33 -5.83  3.70 -12.29  1.10 -2.98 -5.77 
utt>   593             an179-mjjs2-b  492    0   112 6  1 2 8.938245e-13 -1.921989e+02 -9.456187e+04
INFO: cmn.c(133): CMN: 39.11 -8.11  3.91  7.82 -1.67  4.42 -4.64 -5.27 -1.48  0.84  5.11 -0.30 -1.76 
utt>   594             an180-mjjs2-b   99    0    20 7  1 2 2.264812e-12 -1.919003e+02 -1.899813e+04
INFO: cmn.c(133): CMN: 40.42 -7.90  2.56 19.18  2.85 -4.36 -1.15 -0.44  1.44 -8.20  4.83 -1.63 -4.12 
utt>   595              cen1-mjjs2-b  423    0    40 8  1 1 6.003262e-13 -1.896321e+02 -8.021436e+04
INFO: cmn.c(133): CMN: 42.34 -3.48 -2.43 21.20  4.90 -8.07 -2.61 -3.64  7.53 -13.30  7.03 -5.09 -1.69 
utt>   596              cen2-mjjs2-b  405    0    40 7  1 1 2.713114e-13 -1.897277e+02 -7.683973e+04
INFO: cmn.c(133): CMN: 43.68 -2.81 -0.34 23.35  5.78 -9.67  7.45 -4.60  1.84 -7.51  3.57 -0.08 -6.81 
utt>   597              cen4-mjjs2-b  468    0    44 7  1 1 3.207316e-13 -1.899830e+02 -8.891203e+04
INFO: cmn.c(133): CMN: 45.18 -1.37 -0.09 23.59  4.51 -7.45  4.13 -4.77  2.92 -8.22  3.07 -0.17 -6.55 
utt>   598              cen5-mjjs2-b  613    0    84 8  1 2 7.940540e-13 -1.905632e+02 -1.168152e+05
INFO: cmn.c(133): CMN: 46.61  1.83 -5.02 11.93 -2.69  4.43 -4.82 -9.82  2.96 -4.55  5.40 -5.04 -2.38 
utt>   599              cen6-mjjs2-b  323    0    80 8  1 2 2.294672e-12 -1.885352e+02 -6.089686e+04
INFO: cmn.c(133): CMN: 46.71  7.20 -3.87 12.41  1.55 -0.93 -1.08 -4.32 -0.50 -8.19  7.52 -8.70 -1.41 
utt>   600              cen7-mjjs2-b  409    0   100 7  1 2 1.984429e-12 -1.896963e+02 -7.758578e+04
INFO: cmn.c(133): CMN: 45.09  0.95 -5.03 19.23  4.88 -2.50 -3.95 -7.42  5.08 -10.57  1.77 -5.82 -1.57 
utt>   601              cen8-mjjs2-b  419    0   104 6  1 1 9.822793e-13 -1.917543e+02 -8.034507e+04
INFO: cmn.c(133): CMN: 45.94  3.34 -4.11 12.48 -12.49  3.24 -2.93 -0.13 -2.76 -6.70  5.78 -3.24 -3.17 
utt>   602              an316-mkdb-b  309    0    80 7  1 2 4.807792e-13 -1.938287e+02 -5.989307e+04
INFO: cmn.c(133): CMN: 46.19  2.88  0.06 10.66 -1.53  2.79 -16.45  6.24  3.16  2.09  3.41 -4.80  0.95 
utt>   603              an317-mkdb-b  120    0    40 8  1 3 2.974554e-12 -1.971004e+02 -2.365204e+04
INFO: cmn.c(133): CMN: 45.40  9.92 -3.26  0.97 -8.93  6.34 -11.74  1.54  2.29  7.05 -4.31  2.46 -3.92 
utt>   604              an318-mkdb-b  109    0    32 7  1 2 3.074098e-12 -1.942911e+02 -2.117773e+04
INFO: cmn.c(133): CMN: 45.18  6.20 -0.60 17.44 -3.85  1.51 -0.80  4.50 -5.63 -1.87  3.48 -2.49 -3.91 
utt>   605              an319-mkdb-b  330    0    96 7  1 2 6.881118e-13 -1.918851e+02 -6.332208e+04
INFO: cmn.c(133): CMN: 43.98  1.06  0.83 28.17 -10.77 -6.05 -0.53 -3.88 -6.30 -9.15  7.00 -5.23 -2.80 
utt>   606              an320-mkdb-b  223    0    44 6  1 1 7.398850e-13 -1.925847e+02 -4.294639e+04
INFO: cmn.c(133): CMN: 43.67 -1.18  5.51 27.30 -9.18  0.86  1.67  3.41 -6.24 -3.52  3.47 -3.81 -3.59 
utt>   607               cen1-mkdb-b  269    0    56 7  1 2 1.095312e-12 -1.916129e+02 -5.154386e+04
INFO: cmn.c(133): CMN: 53.70 13.29 -10.86 15.89 -23.90  2.47 -17.39 11.14 -4.77 -0.17  9.24 -2.42  1.72 
utt>   608               cen2-mkdb-b  142    0    36 7  1 1 8.952346e-13 -1.928732e+02 -2.738800e+04
INFO: cmn.c(133): CMN: 48.70  1.85 -1.62 20.11 -8.98 -1.66 -5.55  6.62 -3.22 -0.77  5.37 -3.42  0.92 
utt>   609               cen3-mkdb-b  202    0    76 7  1 2 7.008377e-13 -1.924123e+02 -3.886728e+04
INFO: cmn.c(133): CMN: 48.71  2.41  2.96 31.35 -10.09  0.48 -5.24  6.59 -4.09 -1.69  5.18 -5.86 -1.40 
utt>   610               cen4-mkdb-b  207    0    44 7  1 1 7.021755e-13 -1.920121e+02 -3.974650e+04
INFO: cmn.c(133): CMN: 46.39  1.93  0.55 21.72 -8.69  0.83 -1.55 -0.74 -1.70 -7.90  3.11 -4.61 -1.66 
utt>   611               cen5-mkdb-b  359    0    84 8  1 2 1.663843e-12 -1.936086e+02 -6.950547e+04
INFO: cmn.c(133): CMN: 45.74  7.41  1.28  5.31 -6.16  7.00 -8.18  6.43 -1.26  0.01  7.35 -6.25 -2.79 
utt>   612               cen6-mkdb-b  169    0    80 8  2 4 3.451391e-12 -1.964501e+02 -3.320006e+04
INFO: cmn.c(133): CMN: 47.23 11.89 -10.31  3.99 -7.19  6.50 -8.97  5.50  2.12  1.48  5.39 -4.88 -1.18 
utt>   613               cen7-mkdb-b  249    0    92 8  1 3 9.282134e-13 -1.926719e+02 -4.797530e+04
INFO: cmn.c(133): CMN: 45.92  0.25 -4.92 10.85 -1.10  3.13 -7.69  3.66  0.74 -3.62  4.59 -4.09 -0.68 
utt>   614               cen8-mkdb-b  249    0   128 7  1 2 1.630101e-12 -1.994224e+02 -4.965617e+04
INFO: cmn.c(133): CMN: 48.77  2.26 -7.82 12.99 -11.00  0.45 -4.24 -0.29  1.08 -4.71  0.63  3.16 -3.47 
utt>   615              an186-mkem-b  301    0    64 7  1 2 8.916218e-13 -1.911482e+02 -5.753560e+04
INFO: cmn.c(133): CMN: 46.94  9.30 -2.67 12.38 -7.47  8.08 -8.48  2.44  4.00 -2.81 -1.57 -2.33  4.22 
utt>   616              an187-mkem-b  153    0    68 7  1 3 3.001915e-12 -1.967344e+02 -3.010036e+04
INFO: cmn.c(133): CMN: 50.69  3.22 -3.08 12.36 -4.19  4.91 -8.34  3.80 -1.33 -3.65  3.27 -4.29  0.49 
utt>   617              an188-mkem-b  238    0    88 6  1 2 9.012201e-13 -1.934996e+02 -4.605289e+04
INFO: cmn.c(133): CMN: 39.87 -8.78  0.86  0.31 -7.89  7.58 -3.04  2.34  1.53  1.42 -2.04 -0.86 -2.81 
utt>   618              an189-mkem-b   99    0    24 8  1 3 1.329995e-12 -1.887463e+02 -1.868588e+04
INFO: cmn.c(133): CMN: 50.10  3.21 -9.96 23.27 -10.73  4.04 -7.41  6.67 -2.24 -1.69  5.07  0.61 -1.44 
utt>   619              an190-mkem-b  269    0    72 7  1 2 8.265232e-13 -1.917382e+02 -5.157756e+04
INFO: cmn.c(133): CMN: 43.82 -4.48 -1.85 20.88 -7.62  1.56 -9.18  5.96  0.96 -4.94  3.19 -1.98  2.08 
utt>   620               cen1-mkem-b  264    0    64 7  1 2 4.575585e-13 -1.922058e+02 -5.074233e+04
INFO: cmn.c(133): CMN: 43.35 -7.02 -2.09 30.21 -7.65 -1.12 -7.36  4.58 -2.91 -4.42  1.62 -0.18 -2.24 
utt>   621               cen2-mkem-b  136    0    28 7  1 2 1.489585e-12 -1.893701e+02 -2.575434e+04
INFO: cmn.c(133): CMN: 41.48 -9.64  3.45 18.80 -4.41  2.95 -5.27  6.71 -1.89 -3.10  1.18 -2.69  1.95 
utt>   622               cen4-mkem-b  129    0    32 6  1 2 1.104566e-12 -1.875328e+02 -2.419173e+04
INFO: cmn.c(133): CMN: 43.52 -9.33  1.68 23.08 -8.64  0.88 -4.59  1.94 -1.87 -6.01 -0.30 -6.66 -1.40 
utt>   623               cen5-mkem-b  377    0    84 9  1 2 2.967705e-12 -1.883959e+02 -7.102526e+04
INFO: cmn.c(133): CMN: 47.19  2.99 -5.03  7.28 -5.75  4.71 -1.51 -4.33  0.54 -3.89  3.33 -4.30 -1.14 
utt>   624               cen6-mkem-b  185    0    72 8  1 3 2.509583e-12 -1.925095e+02 -3.561427e+04
INFO: cmn.c(133): CMN: 46.53  2.89 -6.25  9.16 -8.03  2.25 -6.44 -4.64 -2.36 -9.37  5.05 -3.40 -3.55 
utt>   625               cen7-mkem-b  151    0    44 8  1 2 5.932713e-13 -1.918783e+02 -2.897363e+04
INFO: cmn.c(133): CMN: 43.00 -12.09  1.76 13.17 -2.39  3.14 -9.82  7.54  0.59 -1.22 -0.42 -3.42  2.35 
utt>   626               cen8-mkem-b  242    0    64 6  1 2 1.393844e-12 -1.910922e+02 -4.624430e+04
INFO: cmn.c(133): CMN: 47.48  2.80 -0.08  8.05 -0.70 -2.53 -3.18 -3.31 -1.43 -3.27 -0.68 -2.80 -2.17 
utt>   627               an51-mmaf-b  349    0    68 6  1 2 9.026630e-13 -1.870366e+02 -6.527579e+04
INFO: cmn.c(133): CMN: 44.04  1.82  1.47  4.09  2.51  3.35 -6.80 -5.85 -2.60 -0.94  1.48 -3.38 -1.40 
utt>   628               an52-mmaf-b  149    0    40 8  1 3 2.369635e-12 -1.875852e+02 -2.795019e+04
INFO: cmn.c(133): CMN: 47.66  0.53  1.90 18.09  6.33  1.72 -3.97 -0.69 -0.33 -5.25 -1.89 -0.72 -4.96 
utt>   629               an53-mmaf-b  335    0    80 6  1 2 7.986400e-13 -1.887913e+02 -6.324508e+04
INFO: cmn.c(133): CMN: 37.95  2.27  0.84 -0.12  0.05  0.31 -4.78 -8.94 -4.21  2.44 -3.43  3.86  1.16 
utt>   630               an54-mmaf-b  109    0    28 8  1 3 8.065655e-13 -1.905293e+02 -2.076769e+04
INFO: cmn.c(133): CMN: 45.84  7.92 -3.90  6.07  2.24  0.58 -6.73 -2.38 -3.38  1.44 -1.88  0.54 -4.01 
utt>   631               an55-mmaf-b  189    0    52 7  1 3 2.691612e-12 -1.895903e+02 -3.583256e+04
INFO: cmn.c(133): CMN: 50.47  5.36 -3.68  8.72  2.57 -1.66 -11.87  0.49 -2.54  4.34 -2.11  1.44 -0.85 
utt>   632               cen1-mmaf-b  313    0    60 6  1 1 1.184706e-12 -1.904604e+02 -5.961412e+04
INFO: cmn.c(133): CMN: 47.67  0.50  1.63 17.14 -0.57 -1.29 -6.36  5.02 -2.49 -3.28  0.94 -1.91 -2.47 
utt>   633               cen2-mmaf-b  259    0    52 7  1 2 1.033331e-12 -1.886257e+02 -4.885405e+04
INFO: cmn.c(133): CMN: 44.50  0.34  2.52 -1.05  2.51  3.24 -9.50 -1.82 -2.50  2.98 -2.50  1.28 -5.79 
utt>   634               cen3-mmaf-b  169    0    48 9  1 3 2.291239e-12 -1.887695e+02 -3.190205e+04
INFO: cmn.c(133): CMN: 51.85  5.33 -0.87 12.54  5.86 -5.23 -6.63 -2.16  0.29 -3.75 -1.73  2.46 -2.58 
utt>   635               cen4-mmaf-b  277    0    68 6  1 2 4.796884e-13 -1.905757e+02 -5.278947e+04
INFO: cmn.c(133): CMN: 46.89 -1.89  1.88 20.50  0.98 -0.77 -2.12 -1.57  0.45 -4.44 -3.73  0.46 -4.56 
utt>   636               cen5-mmaf-b  349    0    84 8  1 3 1.819151e-12 -1.889427e+02 -6.594099e+04
INFO: cmn.c(133): CMN: 47.03  0.64  0.47  7.61  1.01  4.49 -5.90 -2.96 -0.47 -3.25 -4.18 -0.40 -4.02 
utt>   637               cen6-mmaf-b  189    0    64 8  1 3 3.192984e-12 -1.908511e+02 -3.607086e+04
INFO: cmn.c(133): CMN: 46.18  8.37  1.84  0.67 -3.97 -1.03 -0.87 -3.19 -0.31 -0.54 -9.81  1.61 -1.95 
utt>   638               cen7-mmaf-b  289    0   104 8  1 3 1.558527e-12 -1.919052e+02 -5.546059e+04
INFO: cmn.c(133): CMN: 48.52 -3.26  2.91  4.66  5.17 -0.01 -7.75 -0.14 -0.85 -2.17 -2.69 -1.21 -4.79 
utt>   639               cen8-mmaf-b  301    0   128 7  1 2 2.337680e-12 -1.956247e+02 -5.888304e+04
INFO: cmn.c(133): CMN: 44.25 -2.08  1.12 29.86 -9.84  3.19 -2.66 -1.75 -0.95 -3.80  7.07 -3.73  0.99 
utt>   640              an321-mmal-b  299    0    96 7  1 2 2.270754e-12 -1.926482e+02 -5.760180e+04
INFO: cmn.c(133): CMN: 41.29 -4.15  4.61 19.90 -7.67  3.95  0.65 -4.58  0.67 -3.47  4.10 -1.93 -1.47 
utt>   641              an322-mmal-b  329    0    76 7  1 2 1.240996e-12 -1.918707e+02 -6.312546e+04
INFO: cmn.c(133): CMN: 45.38  3.34 -7.47  7.94 -8.85  4.58 -11.46 -2.02  0.34 -4.19  1.96 -3.06 -1.46 
utt>   642              an323-mmal-b  199    0    44 6  1 2 7.422537e-13 -1.914226e+02 -3.809309e+04
INFO: cmn.c(133): CMN: 38.57 -6.00  1.75  6.37 -1.39 -1.38 -10.29 -2.47 -0.53  0.06 -0.85 -2.67  4.18 
utt>   643              an324-mmal-b   99    0    20 7  2 3 1.416095e-12 -1.880902e+02 -1.862093e+04
INFO: cmn.c(133): CMN: 36.65  9.91 -6.18  5.91 -12.70  1.95 -2.34 -2.06 -3.18 -3.26  3.06  1.60  0.28 
utt>   644              an325-mmal-b   89    0    16 6  1 3 1.015693e-12 -1.813080e+02 -1.613642e+04
INFO: cmn.c(133): CMN: 45.19 -0.62  0.76 17.38 -10.52 -2.33 -1.13 -1.46 -2.48 -1.58  4.76 -5.89 -0.28 
utt>   645               cen1-mmal-b  352    0    64 6  1 1 1.064725e-12 -1.910128e+02 -6.723651e+04
INFO: cmn.c(133): CMN: 47.64  3.66 -7.63 20.27 -13.83 -7.83 -5.10 -1.37 -8.93  0.13  9.37 -1.22  1.90 
utt>   646               cen2-mmal-b  176    0    36 6  1 2 7.353781e-13 -1.891941e+02 -3.329815e+04
INFO: cmn.c(133): CMN: 42.47  0.96 -1.14 18.12  0.95  0.99 -5.91  2.03 -6.31 -8.43  4.18 -3.30 -1.09 
utt>   647               cen3-mmal-b  157    0    68 7  1 3 1.649775e-12 -1.964426e+02 -3.084148e+04
INFO: cmn.c(133): CMN: 42.45  1.05  3.59 27.75 -16.07  9.57  0.33 -8.45 -0.39 -0.93  5.23 -4.01 -0.50 
utt>   648               cen4-mmal-b  207    0    44 7  1 2 1.543792e-12 -1.927816e+02 -3.990579e+04
INFO: cmn.c(133): CMN: 44.14 -5.94  2.17 24.85 -10.23  2.48 -2.23 -1.40 -2.83 -4.76  4.85 -5.72 -0.11 
utt>   649               cen5-mmal-b  313    0    84 7  1 2 1.556853e-12 -1.942178e+02 -6.079017e+04
INFO: cmn.c(133): CMN: 44.06  6.94 -4.89  8.67 -7.59  1.13 -9.47  1.23 -4.97 -1.03  8.05 -4.83 -1.27 
utt>   650               cen6-mmal-b  155    0    80 8  2 3 3.030371e-12 -1.943739e+02 -3.012795e+04
INFO: cmn.c(133): CMN: 46.11 -1.07 -0.17  9.46 -5.50 -0.05 -12.04  2.30 -3.86  0.08 -0.76 -3.62  1.93 
utt>   651               cen7-mmal-b  260    0   108 7  1 3 2.140643e-12 -1.968374e+02 -5.117773e+04
INFO: cmn.c(133): CMN: 43.23 -0.10  0.48  8.54 -9.13 -1.58 -7.88  3.71 -3.21 -1.72 -0.17  0.76  3.53 
utt>   652               cen8-mmal-b  179    0    84 7  1 2 1.586400e-12 -1.939743e+02 -3.472140e+04
INFO: cmn.c(133): CMN: 45.34 -4.72  2.22  2.99 -20.85 10.33 -2.04 -5.44  0.21  1.15 -0.15  7.73  1.03 
utt>   653               an46-mmap-b   77    0    24 7  1 2 6.022265e-13 -1.885070e+02 -1.451504e+04
INFO: cmn.c(133): CMN: 46.75 -0.08  1.62 16.23 -7.80 12.80 -12.75 -10.45  4.97 -6.61  1.00 -1.80 -5.14 
utt>   654               an47-mmap-b  225    0    80 7  1 3 1.587825e-12 -1.947842e+02 -4.382644e+04
INFO: cmn.c(133): CMN: 42.91  8.92 -9.73  9.73 -3.15  9.19 -11.36 -5.42  2.10  1.93 -1.59  2.33 -4.67 
utt>   655               an48-mmap-b  218    0    48 7  1 2 1.642366e-12 -1.921807e+02 -4.189539e+04
INFO: cmn.c(133): CMN: 45.41  0.18 -3.46 28.98 -2.50  7.40 -6.92 -4.25  9.78 -12.24  0.26 -1.53 -2.17 
utt>   656               an49-mmap-b  319    0    76 6  1 2 1.390016e-12 -1.919054e+02 -6.121782e+04
INFO: cmn.c(133): CMN: 47.84 -0.70 -1.49 26.23 -6.06  7.90 -8.83 -4.72  7.13 -12.19  2.25 -1.83 -3.42 
utt>   657               an50-mmap-b  200    0    60 6  1 2 9.070550e-13 -1.936543e+02 -3.873086e+04
INFO: cmn.c(133): CMN: 50.55  6.59 -7.17 20.45 -10.08 11.03 -15.46 -6.64  6.82 -8.02  4.28 -0.38 -1.03 
utt>   658               cen1-mmap-b  203    0    52 6  1 2 1.034257e-12 -1.910294e+02 -3.877896e+04
INFO: cmn.c(133): CMN: 46.80  8.75 -9.73 22.19 -4.17  2.41 -15.66 -6.69  6.45 -4.62 -3.90 -2.10 -0.14 
utt>   659               cen2-mmap-b  149    0    36 7  1 2 2.181990e-12 -1.897561e+02 -2.827365e+04
INFO: cmn.c(133): CMN: 48.55 -2.42 -4.21 11.70 -1.01 13.22 -14.55 -10.11 12.11 -1.17 -3.37 -2.51 -7.63 
utt>   660               cen3-mmap-b  107    0    40 7  1 2 5.269226e-13 -1.935518e+02 -2.071004e+04
INFO: cmn.c(133): CMN: 44.50  4.92 -5.88 33.92 -1.14 -1.46 -1.52 -2.98  3.71 -11.99  0.93  3.32 -2.82 
utt>   661               cen4-mmap-b  448    0    88 6  1 2 4.824066e-13 -1.892164e+02 -8.476895e+04
INFO: cmn.c(133): CMN: 48.93  5.28 -7.20 18.81 -3.47  5.88 -15.04 -9.58  3.45 -5.40 -0.18 -1.36  0.19 
utt>   662               cen5-mmap-b  249    0    56 6  1 2 1.470931e-12 -1.892208e+02 -4.711597e+04
INFO: cmn.c(133): CMN: 44.73 10.44 -2.81  9.05 -11.95  5.99 -2.40 -4.07 -1.76  0.48 -2.48  3.13 -2.29 
utt>   663               cen6-mmap-b  189    0    60 7  2 3 2.262566e-12 -1.908171e+02 -3.606444e+04
INFO: cmn.c(133): CMN: 47.57  2.70 -1.89 19.57 -2.43 10.59 -9.14 -9.06  8.71 -6.11 -0.90 -2.81 -3.35 
utt>   664               cen7-mmap-b  273    0    88 7  1 2 1.780035e-12 -1.943826e+02 -5.306644e+04
INFO: cmn.c(133): CMN: 47.08 10.10 -4.00 18.04 -9.92  3.92 -10.37 -0.87  1.99 -7.23  0.04  1.78 -4.72 
utt>   665               cen8-mmap-b  197    0    92 8  1 2 2.434875e-12 -1.969615e+02 -3.880141e+04
INFO: cmn.c(133): CMN: 45.16 -6.67  0.94 27.72 -0.91 -4.10  2.66 -6.56 -0.09 -9.69 -3.16  2.31 -7.80 
utt>   666              an336-mmdg-b  296    0    44 6  1 1 9.270944e-13 -1.886244e+02 -5.583283e+04
INFO: cmn.c(133): CMN: 37.75 -0.51 -4.36  5.67 -5.46 -3.24 -1.03 -2.44  0.50 -7.39  1.61  6.30 -4.85 
utt>   667              an337-mmdg-b  119    0    24 8  1 2 1.870042e-12 -1.906801e+02 -2.269093e+04
INFO: cmn.c(133): CMN: 48.71 -1.58 -4.37  7.97 -2.93  1.38 -6.90 -7.98  3.98 -6.94 -0.16  0.36 -5.65 
utt>   668              an338-mmdg-b  319    0    72 8  1 2 1.951088e-12 -1.984514e+02 -6.330599e+04
INFO: cmn.c(133): CMN: 47.40 -0.91 -1.21  6.27 -3.46  1.75 -4.75 -9.28  4.36 -7.32 -3.23  3.04 -3.63 
utt>   669              an339-mmdg-b  334    0    68 7  1 2 1.168724e-12 -1.970333e+02 -6.580913e+04
INFO: cmn.c(133): CMN: 45.05 -10.18  4.89  9.31 -3.07  1.35 -1.35 -5.51 -0.07 -5.42  0.29  3.25 -3.07 
utt>   670              an340-mmdg-b  113    0    20 7  1 2 9.238016e-13 -1.914256e+02 -2.163109e+04
INFO: cmn.c(133): CMN: 47.68  0.39 -2.59 16.99 -4.52 -2.50 -4.29 -7.17  9.91 -9.75  5.24  1.84 -1.40 
utt>   671               cen1-mmdg-b  407    0    64 7  1 1 5.844798e-13 -1.941769e+02 -7.903001e+04
INFO: cmn.c(133): CMN: 50.02  0.93  2.66 27.56 -3.81 -5.97  0.49 -6.43  9.49 -12.27 -1.95  8.32 -9.45 
utt>   672               cen2-mmdg-b  274    0    52 6  1 2 8.924324e-13 -1.955043e+02 -5.356817e+04
INFO: cmn.c(133): CMN: 46.10 -2.82  6.46 13.12  2.41  2.14 -4.64 -9.96  0.78 -4.01 -9.00 -0.58 -3.05 
utt>   673               cen3-mmdg-b  239    0    56 8  1 2 2.045699e-12 -1.935599e+02 -4.626081e+04
INFO: cmn.c(133): CMN: 45.54 -1.00  6.62 22.09 -3.43 -3.56 -0.08 -0.64 -0.52 -9.96  5.35  2.59 -8.06 
utt>   674               cen4-mmdg-b  397    0    56 6  1 1 9.798029e-13 -1.922109e+02 -7.630772e+04
INFO: cmn.c(133): CMN: 46.23 -3.93  3.00 24.49 -1.85 -2.60  2.20 -3.01  1.23 -4.22 -2.55  5.97 -9.87 
utt>   675               cen5-mmdg-b  535    0    84 8  1 2 1.848908e-12 -1.925012e+02 -1.029882e+05
INFO: cmn.c(133): CMN: 47.57  3.22  2.14  7.13  1.68 -4.25 -2.78 -1.29 -0.91 -1.64 -2.55  2.97 -7.18 
utt>   676               cen6-mmdg-b  309    0    80 8  1 2 1.580229e-12 -1.941118e+02 -5.998053e+04
INFO: cmn.c(133): CMN: 47.59  6.41  0.80 10.66  1.71 -4.27 -2.32 -4.03  2.02 -5.52 -7.16  5.99 -8.56 
utt>   677               cen7-mmdg-b  539    0   128 8  1 2 1.502758e-12 -1.963507e+02 -1.058331e+05
INFO: cmn.c(133): CMN: 48.16  3.58 -0.75 10.43  1.76 -2.20 -0.30 -7.13  1.76 -3.29 -9.10  7.58 -7.95 
utt>   678               cen8-mmdg-b  297    0    80 7  1 2 1.410279e-12 -1.980085e+02 -5.880852e+04
INFO: cmn.c(133): CMN: 39.98  4.18 -3.68  7.49 -1.23 -4.66 -6.93 -2.71 -4.06 -1.32  3.96 -5.01  2.68 
utt>   679              an361-mmkw-b  407    0    76 7  1 1 8.640906e-13 -1.863553e+02 -7.584660e+04
INFO: cmn.c(133): CMN: 39.30 -7.63  6.61 20.63  3.80 -7.96 -6.79  3.48 -4.99 -5.60  0.15 -5.65  2.55 
utt>   680              an362-mmkw-b  418    0    68 6  1 1 1.346895e-12 -1.860889e+02 -7.778515e+04
INFO: cmn.c(133): CMN: 38.73 -5.44  1.43 13.77  1.85 -3.09 -8.98  2.44 -6.35 -3.03  3.61 -8.11  1.50 
utt>   681              an363-mmkw-b  619    0   164 7  1 2 1.159105e-12 -1.923875e+02 -1.190879e+05
INFO: cmn.c(133): CMN: 34.87 -0.73 -1.04  4.25 -12.14  2.66 -6.24  2.47 -4.81 -4.11  3.61 -6.92 10.55 
utt>   682              an364-mmkw-b   79    0    24 7  1 2 1.343415e-13 -1.941708e+02 -1.533949e+04
INFO: cmn.c(133): CMN: 41.08 -5.16 -2.69 20.25  1.60 -9.70 -12.80  4.53 -0.29 -6.06  1.11 -6.39  4.59 
utt>   683              an365-mmkw-b  407    0    76 6  1 1 4.814907e-13 -1.855484e+02 -7.551818e+04
INFO: cmn.c(133): CMN: 39.59 -3.38  1.46 17.46  3.69 -13.19 -6.19  1.11 -1.14 -3.57 -0.20 -5.76  4.26 
utt>   684               an59-mmkw-b  521    0   112 6  1 1 4.174221e-13 -1.901190e+02 -9.905198e+04
INFO: cmn.c(133): CMN: 43.85  4.79 -2.41  1.84 -0.28 -6.59 -1.69 -1.60  1.06 -1.58  3.40 -3.59  2.46 
utt>   685               cen1-mmkw-b  476    0    80 7  1 1 5.477759e-13 -1.913647e+02 -9.108961e+04
INFO: cmn.c(133): CMN: 45.23 -1.91  2.24 21.15  1.72 -6.93 -6.48  3.40 -4.16 -6.01  2.67 -6.56  3.98 
utt>   686               cen2-mmkw-b  439    0    76 8  1 2 8.247746e-13 -1.907639e+02 -8.374534e+04
INFO: cmn.c(133): CMN: 48.20 -3.29 -3.03 14.75  9.99 -5.58 -10.43 -1.28 -3.23 -7.55  0.55 -8.10  0.30 
utt>   687               cen3-mmkw-b  193    0    48 7  1 2 1.621360e-12 -1.930431e+02 -3.725733e+04
INFO: cmn.c(133): CMN: 44.44  0.73  0.21 17.71 -2.94 -5.60 -3.32  0.68 -1.83 -3.83  0.54 -4.56  5.10 
utt>   688               cen4-mmkw-b  502    0    72 7  1 1 6.004469e-13 -1.904180e+02 -9.558984e+04
INFO: cmn.c(133): CMN: 45.83  5.57 -2.27 13.21  6.23 -8.20 -10.17  1.88 -3.03 -3.22  4.24 -8.59  7.06 
utt>   689               cen5-mmkw-b  409    0    56 7  1 1 1.767254e-13 -1.888001e+02 -7.721925e+04
INFO: cmn.c(133): CMN: 46.51 -5.08 -0.27  7.24  7.50 -1.28 -10.73  0.85  2.53 -6.49 -1.82 -6.04  3.25 
utt>   690               cen6-mmkw-b  336    0    68 7  1 2 1.069431e-12 -1.907155e+02 -6.408039e+04
INFO: cmn.c(133): CMN: 40.95  1.53 -6.44 11.33  3.79 -4.15 -7.80 -1.42  0.43 -4.92 -1.12 -4.58  3.18 
utt>   691               cen7-mmkw-b  620    0   116 7  1 1 8.504846e-13 -1.913310e+02 -1.186252e+05
INFO: cmn.c(133): CMN: 43.55 -1.74 -2.48 15.82  5.28 -7.01 -8.20  4.25 -5.18 -9.18 -3.05 -6.97  4.14 
utt>   692               cen8-mmkw-b  356    0   104 7  1 2 7.112747e-13 -1.928472e+02 -6.865361e+04
INFO: cmn.c(133): CMN: 40.71  7.21  4.56  5.77  2.31  4.20 -9.19 -3.10 -3.62 -4.72  1.92 -1.20 -4.70 
utt>   693              an381-mmsh-b  239    0   104 8  1 2 1.479074e-12 -1.974154e+02 -4.718229e+04
INFO: cmn.c(133): CMN: 41.57  2.40  7.06 16.26  5.28 -1.33 -7.41  3.43 -6.83 -3.95  4.86 -4.44 -6.17 
utt>   694              an382-mmsh-b  269    0    80 7  1 2 7.835619e-13 -1.930369e+02 -5.192692e+04
INFO: cmn.c(133): CMN: 38.61 -4.26  9.86 11.04  1.83  3.52 -4.81 -3.79  2.66 -0.41  1.08 -6.43 -4.55 
utt>   695              an383-mmsh-b  125    0    60 8  1 3 2.640333e-12 -1.954244e+02 -2.442805e+04
INFO: cmn.c(133): CMN: 39.75  6.95  7.37  7.96  4.70  2.38 -10.77 -1.33 -3.23 -3.34  1.95 -3.17 -5.08 
utt>   696              an384-mmsh-b  249    0    96 7  1 2 1.245308e-12 -1.953938e+02 -4.865306e+04
INFO: cmn.c(133): CMN: 32.33 10.67  4.55  3.43 -9.64  4.22 -2.48  0.68 -3.00 -5.66  2.11  1.33 -7.59 
utt>   697              an385-mmsh-b   64    0    16 5  1 2 9.786287e-14 -1.823523e+02 -1.167055e+04
INFO: cmn.c(133): CMN: 46.71  0.20  5.07 14.99 -0.84 -1.90 -11.39 -0.79 -1.00 -4.81  6.05 -0.58 -6.11 
utt>   698               cen1-mmsh-b  246    0    84 7  1 2 6.336481e-13 -1.931980e+02 -4.752670e+04
INFO: cmn.c(133): CMN: 40.02  8.23  2.83 11.20  5.50 -1.70 -12.27 -0.47  5.66 -1.42  2.98 -0.04 -1.05 
utt>   699               cen2-mmsh-b  129    0    36 7  1 2 2.274165e-12 -1.906891e+02 -2.459889e+04
INFO: cmn.c(133): CMN: 38.02  7.60  1.38  2.36 -2.39  5.84 -4.65 -3.36  6.03 -8.50 -2.49  1.46  0.34 
utt>   700               cen3-mmsh-b  129    0    44 7  1 3 1.671691e-12 -1.914283e+02 -2.469425e+04
INFO: cmn.c(133): CMN: 39.70  0.07  5.04 24.56  6.28 -3.98 -11.91  1.86 -1.76 -5.14  4.34 -7.19 -8.52 
utt>   701               cen4-mmsh-b  301    0    80 7  1 2 9.946073e-13 -1.917366e+02 -5.771270e+04
INFO: cmn.c(133): CMN: 43.56 18.03  3.44  2.69 -7.58  0.51 -9.44 -0.75 -5.72 -9.99  8.95  5.44 -7.26 
utt>   702               cen5-mmsh-b  201    0    60 7  1 2 1.163769e-12 -1.925143e+02 -3.869537e+04
INFO: cmn.c(133): CMN: 39.99 14.44  6.70  6.39  0.13 -0.04 -11.15  2.92 -5.39 -5.48  4.54 -1.76 -6.38 
utt>   703               cen6-mmsh-b  136    0    52 7  1 2 7.032612e-13 -1.948294e+02 -2.649680e+04
INFO: cmn.c(133): CMN: 39.94  3.84  3.06 11.11  6.74 -2.10 -14.74 -1.35  0.79 -2.66 -1.85 -0.50 -8.63 
utt>   704               cen7-mmsh-b  197    0    92 8  1 2 1.123184e-12 -1.960272e+02 -3.861736e+04
INFO: cmn.c(133): CMN: 38.42  0.90  5.48 16.10  5.68  0.19 -11.62 -5.00  6.21 -4.63 -1.15 -5.88 -3.37 
utt>   705               cen8-mmsh-b  200    0   112 7  1 2 1.257227e-12 -1.957268e+02 -3.914535e+04
INFO: cmn.c(133): CMN: 50.93  6.29  0.28  5.95 -6.82  8.91 -11.15 -7.18  2.33 -10.65  7.66 -2.29 -1.09 
utt>   706              an386-mmtm-b  239    0    76 8  1 3 3.191213e-12 -1.964190e+02 -4.694415e+04
INFO: cmn.c(133): CMN: 53.33  8.16 -5.61 23.51 -4.78  6.03 -14.36 -6.92  6.91 -19.19 15.38 -7.53  2.50 
utt>   707              an387-mmtm-b  252    0    68 7  1 2 1.409941e-13 -1.873701e+02 -4.721728e+04
overall> stats 59439 (-0) -1.920957e+02 -1.141798e+07
WARN: "accum.c", line 628: Over 500 senones never occur in the input data. This is normal for context-dependent untied senone training or for adaptation, but could indicate a serious problem otherwise.
INFO: s3mixw_io.c(233): Wrote /home/rakha/Kuliah/Semester8/nlp/speech-sphinx/train-new-model/an4-master/bwaccumdir/an4_buff_3/mixw_counts [4854x4x64 array]
INFO: s3tmat_io.c(176): Wrote /home/rakha/Kuliah/Semester8/nlp/speech-sphinx/train-new-model/an4-master/bwaccumdir/an4_buff_3/tmat_counts [34x3x4 array]
INFO: s3gau_io.c(485): Wrote /home/rakha/Kuliah/Semester8/nlp/speech-sphinx/train-new-model/an4-master/bwaccumdir/an4_buff_3/gauden_counts with means with vars (2pass) [34x4x64 vector arrays]
INFO: main.c(999): Counts saved to /home/rakha/Kuliah/Semester8/nlp/speech-sphinx/train-new-model/an4-master/bwaccumdir/an4_buff_3
Mon May 23 22:39:40 2022
